
2014-07-04 07:42:52 --> get_areas 1 
2014-07-04 07:42:52 --> buscando areas del cliente 
2014-07-04 07:43:04 --> crear el consumidor 
2014-07-04 07:43:04 --> se creo el consumidor 6703 
2014-07-04 07:43:04 --> la informacion de la sede es array (
  'S_ID' => '3',
  'S_NOMBRE' => 'NORTE',
  'S_DESCRIPCION' => 'Sede para atender los casos de la regional norte',
  'S_C_ID' => '1',
  'S_CANTIDAD_ENCUESTAS' => '10',
  'S_ACTIVO' => '1',
  'S_LOGO' => '7',
  'S_MUESTRA_VIDEO' => '0',
) 
2014-07-04 07:43:04 --> se va a extraer informacion del area  
2014-07-04 07:43:04 --> la informacion del area es array (
  'AR_ID' => '5',
  'AR_NOMBRE' => 'OTROS',
  'AR_DESCRIPCION' => 'Otros',
  'AR_C_ID' => '1',
  'AR_ACTIVO' => '1',
  'AR_ALIAS' => 'Otro',
  'AR_MOSTRAR_NOMBRE_PANTALLA' => '0',
) 
2014-07-04 07:43:04 --> se va a crear el turno 
2014-07-04 07:43:04 --> se creo el turno 1 del area Otro 

2014-07-04 07:51:38 --> get_areas 1 
2014-07-04 07:51:38 --> buscando areas del cliente 
2014-07-04 07:51:44 --> crear el consumidor 
2014-07-04 07:51:44 --> se creo el consumidor 6705 
2014-07-04 07:51:44 --> la informacion de la sede es array (
  'S_ID' => '5',
  'S_NOMBRE' => 'ORIENTE',
  'S_DESCRIPCION' => 'Sede para gestionar los casos de la regional Oriente',
  'S_C_ID' => '1',
  'S_CANTIDAD_ENCUESTAS' => '10',
  'S_ACTIVO' => '1',
  'S_LOGO' => '1',
  'S_MUESTRA_VIDEO' => '0',
) 
2014-07-04 07:51:44 --> se va a extraer informacion del area  
2014-07-04 07:51:44 --> la informacion del area es array (
  'AR_ID' => '1',
  'AR_NOMBRE' => 'GERENCIA_DEL_SERVICIO',
  'AR_DESCRIPCION' => 'Cartas de ingreso al punto de venta',
  'AR_C_ID' => '1',
  'AR_ACTIVO' => '1',
  'AR_ALIAS' => 'GS',
  'AR_MOSTRAR_NOMBRE_PANTALLA' => '0',
) 
2014-07-04 07:51:44 --> se va a crear el turno 
2014-07-04 07:51:44 --> se creo el turno 1 del area GS 

2014-07-04 07:51:57 --> get_areas 1 
2014-07-04 07:51:57 --> buscando areas del cliente 
2014-07-04 07:52:01 --> crear el consumidor 
2014-07-04 07:52:01 --> se creo el consumidor 6706 
2014-07-04 07:52:01 --> la informacion de la sede es array (
  'S_ID' => '5',
  'S_NOMBRE' => 'ORIENTE',
  'S_DESCRIPCION' => 'Sede para gestionar los casos de la regional Oriente',
  'S_C_ID' => '1',
  'S_CANTIDAD_ENCUESTAS' => '10',
  'S_ACTIVO' => '1',
  'S_LOGO' => '1',
  'S_MUESTRA_VIDEO' => '0',
) 
2014-07-04 07:52:01 --> se va a extraer informacion del area  
2014-07-04 07:52:01 --> la informacion del area es array (
  'AR_ID' => '1',
  'AR_NOMBRE' => 'GERENCIA_DEL_SERVICIO',
  'AR_DESCRIPCION' => 'Cartas de ingreso al punto de venta',
  'AR_C_ID' => '1',
  'AR_ACTIVO' => '1',
  'AR_ALIAS' => 'GS',
  'AR_MOSTRAR_NOMBRE_PANTALLA' => '0',
) 
2014-07-04 07:52:01 --> se va a crear el turno 
2014-07-04 07:52:01 --> se creo el turno 2 del area GS 

2014-07-04 07:52:26 --> get_areas 1 
2014-07-04 07:52:26 --> buscando areas del cliente 
2014-07-04 07:52:29 --> crear el consumidor 
2014-07-04 07:52:29 --> se creo el consumidor 6707 
2014-07-04 07:52:29 --> la informacion de la sede es array (
  'S_ID' => '5',
  'S_NOMBRE' => 'ORIENTE',
  'S_DESCRIPCION' => 'Sede para gestionar los casos de la regional Oriente',
  'S_C_ID' => '1',
  'S_CANTIDAD_ENCUESTAS' => '10',
  'S_ACTIVO' => '1',
  'S_LOGO' => '1',
  'S_MUESTRA_VIDEO' => '0',
) 
2014-07-04 07:52:29 --> se va a extraer informacion del area  
2014-07-04 07:52:29 --> la informacion del area es array (
  'AR_ID' => '1',
  'AR_NOMBRE' => 'GERENCIA_DEL_SERVICIO',
  'AR_DESCRIPCION' => 'Cartas de ingreso al punto de venta',
  'AR_C_ID' => '1',
  'AR_ACTIVO' => '1',
  'AR_ALIAS' => 'GS',
  'AR_MOSTRAR_NOMBRE_PANTALLA' => '0',
) 
2014-07-04 07:52:29 --> se va a crear el turno 
2014-07-04 07:52:29 --> se creo el turno 3 del area GS 

2014-07-04 09:47:09 --> get_areas 1 
2014-07-04 09:47:09 --> buscando areas del cliente 
2014-07-04 09:47:13 --> crear el consumidor 
2014-07-04 09:47:13 --> se creo el consumidor 6756 
2014-07-04 09:47:13 --> la informacion de la sede es array (
  'S_ID' => '3',
  'S_NOMBRE' => 'NORTE',
  'S_DESCRIPCION' => 'Sede para atender los casos de la regional norte',
  'S_C_ID' => '1',
  'S_CANTIDAD_ENCUESTAS' => '10',
  'S_ACTIVO' => '1',
  'S_LOGO' => '7',
  'S_MUESTRA_VIDEO' => '0',
) 
2014-07-04 09:47:13 --> se va a extraer informacion del area  
2014-07-04 09:47:13 --> la informacion del area es array (
  'AR_ID' => '5',
  'AR_NOMBRE' => 'OTROS',
  'AR_DESCRIPCION' => 'Otros',
  'AR_C_ID' => '1',
  'AR_ACTIVO' => '1',
  'AR_ALIAS' => 'Otro',
  'AR_MOSTRAR_NOMBRE_PANTALLA' => '0',
) 
2014-07-04 09:47:13 --> se va a crear el turno 
2014-07-04 09:47:13 --> se creo el turno 2 del area Otro 

2014-07-04 10:08:54 --> get_areas 1 
2014-07-04 10:08:54 --> buscando areas del cliente 
2014-07-04 10:09:03 --> crear el consumidor 
2014-07-04 10:09:03 --> se creo el consumidor 6764 
2014-07-04 10:09:03 --> la informacion de la sede es array (
  'S_ID' => '3',
  'S_NOMBRE' => 'NORTE',
  'S_DESCRIPCION' => 'Sede para atender los casos de la regional norte',
  'S_C_ID' => '1',
  'S_CANTIDAD_ENCUESTAS' => '10',
  'S_ACTIVO' => '1',
  'S_LOGO' => '7',
  'S_MUESTRA_VIDEO' => '0',
) 
2014-07-04 10:09:03 --> se va a extraer informacion del area  
2014-07-04 10:09:03 --> la informacion del area es array (
  'AR_ID' => '5',
  'AR_NOMBRE' => 'OTROS',
  'AR_DESCRIPCION' => 'Otros',
  'AR_C_ID' => '1',
  'AR_ACTIVO' => '1',
  'AR_ALIAS' => 'Otro',
  'AR_MOSTRAR_NOMBRE_PANTALLA' => '0',
) 
2014-07-04 10:09:03 --> se va a crear el turno 
2014-07-04 10:09:03 --> se creo el turno 3 del area Otro 

2014-07-04 10:38:21 --> get_areas 1 
2014-07-04 10:38:21 --> buscando areas del cliente 
2014-07-04 10:38:52 --> crear el consumidor 
2014-07-04 10:38:52 --> se creo el consumidor 6783 
2014-07-04 10:38:52 --> la informacion de la sede es array (
  'S_ID' => '3',
  'S_NOMBRE' => 'NORTE',
  'S_DESCRIPCION' => 'Sede para atender los casos de la regional norte',
  'S_C_ID' => '1',
  'S_CANTIDAD_ENCUESTAS' => '10',
  'S_ACTIVO' => '1',
  'S_LOGO' => '7',
  'S_MUESTRA_VIDEO' => '0',
) 
2014-07-04 10:38:52 --> se va a extraer informacion del area  
2014-07-04 10:38:52 --> la informacion del area es array (
  'AR_ID' => '2',
  'AR_NOMBRE' => 'APORTES',
  'AR_DESCRIPCION' => 'Pensiones Incapacidades Cesantias Cartas FNA',
  'AR_C_ID' => '1',
  'AR_ACTIVO' => '1',
  'AR_ALIAS' => 'A',
  'AR_MOSTRAR_NOMBRE_PANTALLA' => '0',
) 
2014-07-04 10:38:52 --> se va a crear el turno 
2014-07-04 10:38:52 --> se creo el turno 8 del area A 

2014-07-04 10:56:19 --> get_areas 1 
2014-07-04 10:56:19 --> buscando areas del cliente 
2014-07-04 10:56:27 --> crear el consumidor 
2014-07-04 10:56:27 --> se creo el consumidor 6789 
2014-07-04 10:56:27 --> la informacion de la sede es array (
  'S_ID' => '3',
  'S_NOMBRE' => 'NORTE',
  'S_DESCRIPCION' => 'Sede para atender los casos de la regional norte',
  'S_C_ID' => '1',
  'S_CANTIDAD_ENCUESTAS' => '10',
  'S_ACTIVO' => '1',
  'S_LOGO' => '7',
  'S_MUESTRA_VIDEO' => '0',
) 
2014-07-04 10:56:27 --> se va a extraer informacion del area  
2014-07-04 10:56:27 --> la informacion del area es array (
  'AR_ID' => '5',
  'AR_NOMBRE' => 'OTROS',
  'AR_DESCRIPCION' => 'Otros',
  'AR_C_ID' => '1',
  'AR_ACTIVO' => '1',
  'AR_ALIAS' => 'Otro',
  'AR_MOSTRAR_NOMBRE_PANTALLA' => '0',
) 
2014-07-04 10:56:27 --> se va a crear el turno 
2014-07-04 10:56:27 --> se creo el turno 4 del area Otro 

2014-07-04 10:58:59 --> get_areas 1 
2014-07-04 10:58:59 --> buscando areas del cliente 
2014-07-04 10:59:15 --> crear el consumidor 
2014-07-04 10:59:15 --> se creo el consumidor 6790 
2014-07-04 10:59:15 --> la informacion de la sede es array (
  'S_ID' => '4',
  'S_NOMBRE' => 'OCCIDENTE',
  'S_DESCRIPCION' => 'Sedle para atender los casos de la regional occidente',
  'S_C_ID' => '1',
  'S_CANTIDAD_ENCUESTAS' => '10',
  'S_ACTIVO' => '1',
  'S_LOGO' => '7',
  'S_MUESTRA_VIDEO' => '0',
) 
2014-07-04 10:59:15 --> se va a extraer informacion del area  
2014-07-04 10:59:15 --> la informacion del area es array (
  'AR_ID' => '8',
  'AR_NOMBRE' => 'COMPENSACION_SALARIAL',
  'AR_DESCRIPCION' => 'Informacion pago nomina y liquidaciones',
  'AR_C_ID' => '1',
  'AR_ACTIVO' => '1',
  'AR_ALIAS' => 'Comp',
  'AR_MOSTRAR_NOMBRE_PANTALLA' => '0',
) 
2014-07-04 10:59:15 --> se va a crear el turno 
2014-07-04 10:59:15 --> se creo el turno 1 del area Comp 

2014-07-04 10:59:58 --> get_areas 1 
2014-07-04 10:59:58 --> buscando areas del cliente 
2014-07-04 11:00:07 --> crear el consumidor 
2014-07-04 11:00:07 --> se creo el consumidor 6792 
2014-07-04 11:00:07 --> la informacion de la sede es array (
  'S_ID' => '4',
  'S_NOMBRE' => 'OCCIDENTE',
  'S_DESCRIPCION' => 'Sedle para atender los casos de la regional occidente',
  'S_C_ID' => '1',
  'S_CANTIDAD_ENCUESTAS' => '10',
  'S_ACTIVO' => '1',
  'S_LOGO' => '7',
  'S_MUESTRA_VIDEO' => '0',
) 
2014-07-04 11:00:07 --> se va a extraer informacion del area  
2014-07-04 11:00:07 --> la informacion del area es array (
  'AR_ID' => '7',
  'AR_NOMBRE' => 'VARIOS_REQUERIMIENTOS',
  'AR_DESCRIPCION' => 'Solicitudes varias',
  'AR_C_ID' => '1',
  'AR_ACTIVO' => '1',
  'AR_ALIAS' => 'Vari',
  'AR_MOSTRAR_NOMBRE_PANTALLA' => '0',
) 
2014-07-04 11:00:07 --> se va a crear el turno 
2014-07-04 11:00:07 --> se creo el turno 1 del area Vari 

2014-07-04 11:01:18 --> get_areas 1 
2014-07-04 11:01:18 --> buscando areas del cliente 
