
2014-10-20 08:26:10 --> get_areas 1 
2014-10-20 08:26:10 --> buscando areas del cliente 
2014-10-20 08:26:25 --> crear el consumidor 
2014-10-20 08:26:25 --> se creo el consumidor 21265 
2014-10-20 08:26:25 --> la informacion de la sede es array (
  'S_ID' => '4',
  'S_NOMBRE' => 'OCCIDENTE',
  'S_DESCRIPCION' => 'Sedle para atender los casos de la regional occidente',
  'S_C_ID' => '1',
  'S_CANTIDAD_ENCUESTAS' => '10',
  'S_ACTIVO' => '1',
  'S_LOGO' => '7',
  'S_MUESTRA_VIDEO' => '0',
) 
2014-10-20 08:26:25 --> se va a extraer informacion del area  
2014-10-20 08:26:25 --> la informacion del area es array (
  'AR_ID' => '1',
  'AR_NOMBRE' => 'GERENCIA_DEL_SERVICIO',
  'AR_DESCRIPCION' => 'Cartas punto de venta Cartas de renuncia',
  'AR_C_ID' => '1',
  'AR_ACTIVO' => '1',
  'AR_ALIAS' => 'GS',
  'AR_MOSTRAR_NOMBRE_PANTALLA' => '0',
) 
2014-10-20 08:26:25 --> se va a crear el turno 
2014-10-20 08:26:25 --> se creo el turno 1 del area GS 

2014-10-20 08:32:22 --> get_areas 1 
2014-10-20 08:32:22 --> buscando areas del cliente 
2014-10-20 08:32:31 --> crear el consumidor 
2014-10-20 08:32:31 --> se creo el consumidor 21266 
2014-10-20 08:32:31 --> la informacion de la sede es array (
  'S_ID' => '4',
  'S_NOMBRE' => 'OCCIDENTE',
  'S_DESCRIPCION' => 'Sedle para atender los casos de la regional occidente',
  'S_C_ID' => '1',
  'S_CANTIDAD_ENCUESTAS' => '10',
  'S_ACTIVO' => '1',
  'S_LOGO' => '7',
  'S_MUESTRA_VIDEO' => '0',
) 
2014-10-20 08:32:31 --> se va a extraer informacion del area  
2014-10-20 08:32:31 --> la informacion del area es array (
  'AR_ID' => '2',
  'AR_NOMBRE' => 'APORTES',
  'AR_DESCRIPCION' => 'Pensiones Incapacidades Cesantias Cartas FNA',
  'AR_C_ID' => '1',
  'AR_ACTIVO' => '1',
  'AR_ALIAS' => 'A',
  'AR_MOSTRAR_NOMBRE_PANTALLA' => '0',
) 
2014-10-20 08:32:31 --> se va a crear el turno 
2014-10-20 08:32:31 --> se creo el turno 1 del area A 

2014-10-20 08:38:45 --> get_areas 1 
2014-10-20 08:38:45 --> buscando areas del cliente 

2014-10-20 08:40:11 --> get_areas 1 
2014-10-20 08:40:11 --> buscando areas del cliente 
2014-10-20 08:41:40 --> crear el consumidor 
2014-10-20 08:41:40 --> se creo el consumidor 21271 
2014-10-20 08:41:40 --> la informacion de la sede es array (
  'S_ID' => '4',
  'S_NOMBRE' => 'OCCIDENTE',
  'S_DESCRIPCION' => 'Sedle para atender los casos de la regional occidente',
  'S_C_ID' => '1',
  'S_CANTIDAD_ENCUESTAS' => '10',
  'S_ACTIVO' => '1',
  'S_LOGO' => '7',
  'S_MUESTRA_VIDEO' => '0',
) 
2014-10-20 08:41:40 --> se va a extraer informacion del area  
2014-10-20 08:41:40 --> la informacion del area es array (
  'AR_ID' => '3',
  'AR_NOMBRE' => 'SEGUIMIENTO_AL_SERVICIO',
  'AR_DESCRIPCION' => 'SQR certificados especiales claves portal web',
  'AR_C_ID' => '1',
  'AR_ACTIVO' => '1',
  'AR_ALIAS' => 'SAS',
  'AR_MOSTRAR_NOMBRE_PANTALLA' => '0',
) 
2014-10-20 08:41:40 --> se va a crear el turno 
2014-10-20 08:41:40 --> se creo el turno 1 del area SAS 

2014-10-20 08:52:19 --> get_areas 1 
2014-10-20 08:52:19 --> buscando areas del cliente 
2014-10-20 08:53:16 --> crear el consumidor 
2014-10-20 08:53:16 --> se creo el consumidor 21272 
2014-10-20 08:53:16 --> la informacion de la sede es array (
  'S_ID' => '4',
  'S_NOMBRE' => 'OCCIDENTE',
  'S_DESCRIPCION' => 'Sedle para atender los casos de la regional occidente',
  'S_C_ID' => '1',
  'S_CANTIDAD_ENCUESTAS' => '10',
  'S_ACTIVO' => '1',
  'S_LOGO' => '7',
  'S_MUESTRA_VIDEO' => '0',
) 
2014-10-20 08:53:16 --> se va a extraer informacion del area  
2014-10-20 08:53:16 --> la informacion del area es array (
  'AR_ID' => '2',
  'AR_NOMBRE' => 'APORTES',
  'AR_DESCRIPCION' => 'Pensiones Incapacidades Cesantias Cartas FNA',
  'AR_C_ID' => '1',
  'AR_ACTIVO' => '1',
  'AR_ALIAS' => 'A',
  'AR_MOSTRAR_NOMBRE_PANTALLA' => '0',
) 
2014-10-20 08:53:16 --> se va a crear el turno 
2014-10-20 08:53:16 --> se creo el turno 2 del area A 

2014-10-20 09:00:17 --> get_areas 1 
2014-10-20 09:00:17 --> buscando areas del cliente 
2014-10-20 09:00:20 --> crear el consumidor 
2014-10-20 09:00:20 --> se creo el consumidor 21276 
2014-10-20 09:00:20 --> la informacion de la sede es array (
  'S_ID' => '3',
  'S_NOMBRE' => 'NORTE',
  'S_DESCRIPCION' => 'Sede para atender los casos de la regional norte',
  'S_C_ID' => '1',
  'S_CANTIDAD_ENCUESTAS' => '10',
  'S_ACTIVO' => '1',
  'S_LOGO' => '7',
  'S_MUESTRA_VIDEO' => '0',
) 
2014-10-20 09:00:20 --> se va a extraer informacion del area  
2014-10-20 09:00:20 --> la informacion del area es array (
  'AR_ID' => '1',
  'AR_NOMBRE' => 'GERENCIA_DEL_SERVICIO',
  'AR_DESCRIPCION' => 'Cartas punto de venta Cartas de renuncia',
  'AR_C_ID' => '1',
  'AR_ACTIVO' => '1',
  'AR_ALIAS' => 'GS',
  'AR_MOSTRAR_NOMBRE_PANTALLA' => '0',
) 
2014-10-20 09:00:20 --> se va a crear el turno 
2014-10-20 09:00:20 --> se creo el turno 1 del area GS 

2014-10-20 09:00:32 --> get_areas 1 
2014-10-20 09:00:32 --> buscando areas del cliente 
2014-10-20 09:00:40 --> crear el consumidor 
2014-10-20 09:00:40 --> se creo el consumidor 21278 
2014-10-20 09:00:40 --> la informacion de la sede es array (
  'S_ID' => '3',
  'S_NOMBRE' => 'NORTE',
  'S_DESCRIPCION' => 'Sede para atender los casos de la regional norte',
  'S_C_ID' => '1',
  'S_CANTIDAD_ENCUESTAS' => '10',
  'S_ACTIVO' => '1',
  'S_LOGO' => '7',
  'S_MUESTRA_VIDEO' => '0',
) 
2014-10-20 09:00:40 --> se va a extraer informacion del area  
2014-10-20 09:00:40 --> la informacion del area es array (
  'AR_ID' => '1',
  'AR_NOMBRE' => 'GERENCIA_DEL_SERVICIO',
  'AR_DESCRIPCION' => 'Cartas punto de venta Cartas de renuncia',
  'AR_C_ID' => '1',
  'AR_ACTIVO' => '1',
  'AR_ALIAS' => 'GS',
  'AR_MOSTRAR_NOMBRE_PANTALLA' => '0',
) 
2014-10-20 09:00:40 --> se va a crear el turno 
2014-10-20 09:00:40 --> se creo el turno 2 del area GS 

2014-10-20 09:15:54 --> get_areas 1 
2014-10-20 09:15:54 --> buscando areas del cliente 
2014-10-20 09:16:02 --> crear el consumidor 
2014-10-20 09:16:02 --> se creo el consumidor 21279 
2014-10-20 09:16:02 --> la informacion de la sede es array (
  'S_ID' => '3',
  'S_NOMBRE' => 'NORTE',
  'S_DESCRIPCION' => 'Sede para atender los casos de la regional norte',
  'S_C_ID' => '1',
  'S_CANTIDAD_ENCUESTAS' => '10',
  'S_ACTIVO' => '1',
  'S_LOGO' => '7',
  'S_MUESTRA_VIDEO' => '0',
) 
2014-10-20 09:16:02 --> se va a extraer informacion del area  
2014-10-20 09:16:02 --> la informacion del area es array (
  'AR_ID' => '5',
  'AR_NOMBRE' => 'OTROS',
  'AR_DESCRIPCION' => 'Otros',
  'AR_C_ID' => '1',
  'AR_ACTIVO' => '1',
  'AR_ALIAS' => 'O',
  'AR_MOSTRAR_NOMBRE_PANTALLA' => '0',
) 
2014-10-20 09:16:02 --> se va a crear el turno 
2014-10-20 09:16:02 --> se creo el turno 1 del area O 

2014-10-20 09:46:57 --> get_areas 1 
2014-10-20 09:46:57 --> buscando areas del cliente 
2014-10-20 09:47:11 --> crear el consumidor 
2014-10-20 09:47:11 --> se creo el consumidor 21287 
2014-10-20 09:47:11 --> la informacion de la sede es array (
  'S_ID' => '3',
  'S_NOMBRE' => 'NORTE',
  'S_DESCRIPCION' => 'Sede para atender los casos de la regional norte',
  'S_C_ID' => '1',
  'S_CANTIDAD_ENCUESTAS' => '10',
  'S_ACTIVO' => '1',
  'S_LOGO' => '7',
  'S_MUESTRA_VIDEO' => '0',
) 
2014-10-20 09:47:11 --> se va a extraer informacion del area  
2014-10-20 09:47:11 --> la informacion del area es array (
  'AR_ID' => '3',
  'AR_NOMBRE' => 'SEGUIMIENTO_AL_SERVICIO',
  'AR_DESCRIPCION' => 'SQR certificados especiales claves portal web',
  'AR_C_ID' => '1',
  'AR_ACTIVO' => '1',
  'AR_ALIAS' => 'SAS',
  'AR_MOSTRAR_NOMBRE_PANTALLA' => '0',
) 
2014-10-20 09:47:11 --> se va a crear el turno 
2014-10-20 09:47:11 --> se creo el turno 1 del area SAS 

2014-10-20 10:04:33 --> get_areas 1 
2014-10-20 10:04:33 --> buscando areas del cliente 
2014-10-20 10:04:52 --> crear el consumidor 
2014-10-20 10:04:52 --> se creo el consumidor 21291 
2014-10-20 10:04:52 --> la informacion de la sede es array (
  'S_ID' => '4',
  'S_NOMBRE' => 'OCCIDENTE',
  'S_DESCRIPCION' => 'Sedle para atender los casos de la regional occidente',
  'S_C_ID' => '1',
  'S_CANTIDAD_ENCUESTAS' => '10',
  'S_ACTIVO' => '1',
  'S_LOGO' => '7',
  'S_MUESTRA_VIDEO' => '0',
) 
2014-10-20 10:04:52 --> se va a extraer informacion del area  
2014-10-20 10:04:52 --> la informacion del area es array (
  'AR_ID' => '3',
  'AR_NOMBRE' => 'SEGUIMIENTO_AL_SERVICIO',
  'AR_DESCRIPCION' => 'SQR certificados especiales claves portal web',
  'AR_C_ID' => '1',
  'AR_ACTIVO' => '1',
  'AR_ALIAS' => 'SAS',
  'AR_MOSTRAR_NOMBRE_PANTALLA' => '0',
) 
2014-10-20 10:04:52 --> se va a crear el turno 
2014-10-20 10:04:52 --> se creo el turno 2 del area SAS 

2014-10-20 10:08:48 --> get_areas 1 
2014-10-20 10:08:48 --> buscando areas del cliente 
2014-10-20 10:09:19 --> crear el consumidor 
2014-10-20 10:09:19 --> se creo el consumidor 21293 
2014-10-20 10:09:19 --> la informacion de la sede es array (
  'S_ID' => '4',
  'S_NOMBRE' => 'OCCIDENTE',
  'S_DESCRIPCION' => 'Sedle para atender los casos de la regional occidente',
  'S_C_ID' => '1',
  'S_CANTIDAD_ENCUESTAS' => '10',
  'S_ACTIVO' => '1',
  'S_LOGO' => '7',
  'S_MUESTRA_VIDEO' => '0',
) 
2014-10-20 10:09:19 --> se va a extraer informacion del area  
2014-10-20 10:09:19 --> la informacion del area es array (
  'AR_ID' => '5',
  'AR_NOMBRE' => 'OTROS',
  'AR_DESCRIPCION' => 'Otros',
  'AR_C_ID' => '1',
  'AR_ACTIVO' => '1',
  'AR_ALIAS' => 'O',
  'AR_MOSTRAR_NOMBRE_PANTALLA' => '0',
) 
2014-10-20 10:09:19 --> se va a crear el turno 
2014-10-20 10:09:19 --> se creo el turno 1 del area O 

2014-10-20 10:10:36 --> get_areas 1 
2014-10-20 10:10:36 --> buscando areas del cliente 
2014-10-20 10:10:52 --> crear el consumidor 
2014-10-20 10:10:52 --> se creo el consumidor 21294 
2014-10-20 10:10:52 --> la informacion de la sede es array (
  'S_ID' => '4',
  'S_NOMBRE' => 'OCCIDENTE',
  'S_DESCRIPCION' => 'Sedle para atender los casos de la regional occidente',
  'S_C_ID' => '1',
  'S_CANTIDAD_ENCUESTAS' => '10',
  'S_ACTIVO' => '1',
  'S_LOGO' => '7',
  'S_MUESTRA_VIDEO' => '0',
) 
2014-10-20 10:10:52 --> se va a extraer informacion del area  
2014-10-20 10:10:52 --> la informacion del area es array (
  'AR_ID' => '5',
  'AR_NOMBRE' => 'OTROS',
  'AR_DESCRIPCION' => 'Otros',
  'AR_C_ID' => '1',
  'AR_ACTIVO' => '1',
  'AR_ALIAS' => 'O',
  'AR_MOSTRAR_NOMBRE_PANTALLA' => '0',
) 
2014-10-20 10:10:52 --> se va a crear el turno 
2014-10-20 10:10:52 --> se creo el turno 2 del area O 

2014-10-20 10:15:20 --> get_areas 1 
2014-10-20 10:15:20 --> buscando areas del cliente 
2014-10-20 10:15:33 --> crear el consumidor 
2014-10-20 10:15:33 --> se creo el consumidor 21297 
2014-10-20 10:15:33 --> la informacion de la sede es array (
  'S_ID' => '4',
  'S_NOMBRE' => 'OCCIDENTE',
  'S_DESCRIPCION' => 'Sedle para atender los casos de la regional occidente',
  'S_C_ID' => '1',
  'S_CANTIDAD_ENCUESTAS' => '10',
  'S_ACTIVO' => '1',
  'S_LOGO' => '7',
  'S_MUESTRA_VIDEO' => '0',
) 
2014-10-20 10:15:33 --> se va a extraer informacion del area  
2014-10-20 10:15:33 --> la informacion del area es array (
  'AR_ID' => '2',
  'AR_NOMBRE' => 'APORTES',
  'AR_DESCRIPCION' => 'Pensiones Incapacidades Cesantias Cartas FNA',
  'AR_C_ID' => '1',
  'AR_ACTIVO' => '1',
  'AR_ALIAS' => 'A',
  'AR_MOSTRAR_NOMBRE_PANTALLA' => '0',
) 
2014-10-20 10:15:33 --> se va a crear el turno 
2014-10-20 10:15:33 --> se creo el turno 3 del area A 

2014-10-20 10:18:48 --> get_areas 1 
2014-10-20 10:18:48 --> buscando areas del cliente 
2014-10-20 10:19:05 --> crear el consumidor 
2014-10-20 10:19:05 --> se creo el consumidor 21298 
2014-10-20 10:19:05 --> la informacion de la sede es array (
  'S_ID' => '4',
  'S_NOMBRE' => 'OCCIDENTE',
  'S_DESCRIPCION' => 'Sedle para atender los casos de la regional occidente',
  'S_C_ID' => '1',
  'S_CANTIDAD_ENCUESTAS' => '10',
  'S_ACTIVO' => '1',
  'S_LOGO' => '7',
  'S_MUESTRA_VIDEO' => '0',
) 
2014-10-20 10:19:05 --> se va a extraer informacion del area  
2014-10-20 10:19:05 --> la informacion del area es array (
  'AR_ID' => '2',
  'AR_NOMBRE' => 'APORTES',
  'AR_DESCRIPCION' => 'Pensiones Incapacidades Cesantias Cartas FNA',
  'AR_C_ID' => '1',
  'AR_ACTIVO' => '1',
  'AR_ALIAS' => 'A',
  'AR_MOSTRAR_NOMBRE_PANTALLA' => '0',
) 
2014-10-20 10:19:05 --> se va a crear el turno 
2014-10-20 10:19:05 --> se creo el turno 4 del area A 

2014-10-20 10:21:21 --> get_areas 1 
2014-10-20 10:21:21 --> buscando areas del cliente 

2014-10-20 10:22:18 --> get_areas 1 
2014-10-20 10:22:18 --> buscando areas del cliente 
2014-10-20 10:22:27 --> crear el consumidor 
2014-10-20 10:22:27 --> se creo el consumidor 21303 
2014-10-20 10:22:27 --> la informacion de la sede es array (
  'S_ID' => '4',
  'S_NOMBRE' => 'OCCIDENTE',
  'S_DESCRIPCION' => 'Sedle para atender los casos de la regional occidente',
  'S_C_ID' => '1',
  'S_CANTIDAD_ENCUESTAS' => '10',
  'S_ACTIVO' => '1',
  'S_LOGO' => '7',
  'S_MUESTRA_VIDEO' => '0',
) 
2014-10-20 10:22:27 --> se va a extraer informacion del area  
2014-10-20 10:22:27 --> la informacion del area es array (
  'AR_ID' => '2',
  'AR_NOMBRE' => 'APORTES',
  'AR_DESCRIPCION' => 'Pensiones Incapacidades Cesantias Cartas FNA',
  'AR_C_ID' => '1',
  'AR_ACTIVO' => '1',
  'AR_ALIAS' => 'A',
  'AR_MOSTRAR_NOMBRE_PANTALLA' => '0',
) 
2014-10-20 10:22:27 --> se va a crear el turno 
2014-10-20 10:22:27 --> se creo el turno 5 del area A 

2014-10-20 10:24:15 --> get_areas 1 
2014-10-20 10:24:15 --> buscando areas del cliente 
2014-10-20 10:24:22 --> crear el consumidor 
2014-10-20 10:24:22 --> se creo el consumidor 21305 
2014-10-20 10:24:22 --> la informacion de la sede es array (
  'S_ID' => '4',
  'S_NOMBRE' => 'OCCIDENTE',
  'S_DESCRIPCION' => 'Sedle para atender los casos de la regional occidente',
  'S_C_ID' => '1',
  'S_CANTIDAD_ENCUESTAS' => '10',
  'S_ACTIVO' => '1',
  'S_LOGO' => '7',
  'S_MUESTRA_VIDEO' => '0',
) 
2014-10-20 10:24:22 --> se va a extraer informacion del area  
2014-10-20 10:24:22 --> la informacion del area es array (
  'AR_ID' => '1',
  'AR_NOMBRE' => 'GERENCIA_DEL_SERVICIO',
  'AR_DESCRIPCION' => 'Cartas punto de venta Cartas de renuncia',
  'AR_C_ID' => '1',
  'AR_ACTIVO' => '1',
  'AR_ALIAS' => 'GS',
  'AR_MOSTRAR_NOMBRE_PANTALLA' => '0',
) 
2014-10-20 10:24:22 --> se va a crear el turno 
2014-10-20 10:24:22 --> se creo el turno 2 del area GS 

2014-10-20 10:24:59 --> get_areas 1 
2014-10-20 10:24:59 --> buscando areas del cliente 
2014-10-20 10:25:09 --> crear el consumidor 
2014-10-20 10:25:09 --> se creo el consumidor 21307 
2014-10-20 10:25:09 --> la informacion de la sede es array (
  'S_ID' => '4',
  'S_NOMBRE' => 'OCCIDENTE',
  'S_DESCRIPCION' => 'Sedle para atender los casos de la regional occidente',
  'S_C_ID' => '1',
  'S_CANTIDAD_ENCUESTAS' => '10',
  'S_ACTIVO' => '1',
  'S_LOGO' => '7',
  'S_MUESTRA_VIDEO' => '0',
) 
2014-10-20 10:25:09 --> se va a extraer informacion del area  
2014-10-20 10:25:09 --> la informacion del area es array (
  'AR_ID' => '2',
  'AR_NOMBRE' => 'APORTES',
  'AR_DESCRIPCION' => 'Pensiones Incapacidades Cesantias Cartas FNA',
  'AR_C_ID' => '1',
  'AR_ACTIVO' => '1',
  'AR_ALIAS' => 'A',
  'AR_MOSTRAR_NOMBRE_PANTALLA' => '0',
) 
2014-10-20 10:25:09 --> se va a crear el turno 
2014-10-20 10:25:09 --> se creo el turno 6 del area A 

2014-10-20 10:29:15 --> get_areas 1 
2014-10-20 10:29:15 --> buscando areas del cliente 
2014-10-20 10:29:30 --> crear el consumidor 
2014-10-20 10:29:30 --> se creo el consumidor 21311 
2014-10-20 10:29:30 --> la informacion de la sede es array (
  'S_ID' => '4',
  'S_NOMBRE' => 'OCCIDENTE',
  'S_DESCRIPCION' => 'Sedle para atender los casos de la regional occidente',
  'S_C_ID' => '1',
  'S_CANTIDAD_ENCUESTAS' => '10',
  'S_ACTIVO' => '1',
  'S_LOGO' => '7',
  'S_MUESTRA_VIDEO' => '0',
) 
2014-10-20 10:29:30 --> se va a extraer informacion del area  
2014-10-20 10:29:30 --> la informacion del area es array (
  'AR_ID' => '5',
  'AR_NOMBRE' => 'OTROS',
  'AR_DESCRIPCION' => 'Otros',
  'AR_C_ID' => '1',
  'AR_ACTIVO' => '1',
  'AR_ALIAS' => 'O',
  'AR_MOSTRAR_NOMBRE_PANTALLA' => '0',
) 
2014-10-20 10:29:30 --> se va a crear el turno 
2014-10-20 10:29:30 --> se creo el turno 3 del area O 

2014-10-20 10:33:18 --> get_areas 1 
2014-10-20 10:33:18 --> buscando areas del cliente 

2014-10-20 10:33:45 --> get_areas 1 
2014-10-20 10:33:45 --> buscando areas del cliente 
2014-10-20 10:33:55 --> crear el consumidor 
2014-10-20 10:33:55 --> se creo el consumidor 21316 
2014-10-20 10:33:55 --> la informacion de la sede es array (
  'S_ID' => '4',
  'S_NOMBRE' => 'OCCIDENTE',
  'S_DESCRIPCION' => 'Sedle para atender los casos de la regional occidente',
  'S_C_ID' => '1',
  'S_CANTIDAD_ENCUESTAS' => '10',
  'S_ACTIVO' => '1',
  'S_LOGO' => '7',
  'S_MUESTRA_VIDEO' => '0',
) 
2014-10-20 10:33:55 --> se va a extraer informacion del area  
2014-10-20 10:33:55 --> la informacion del area es array (
  'AR_ID' => '5',
  'AR_NOMBRE' => 'OTROS',
  'AR_DESCRIPCION' => 'Otros',
  'AR_C_ID' => '1',
  'AR_ACTIVO' => '1',
  'AR_ALIAS' => 'O',
  'AR_MOSTRAR_NOMBRE_PANTALLA' => '0',
) 
2014-10-20 10:33:55 --> se va a crear el turno 
2014-10-20 10:33:55 --> se creo el turno 4 del area O 

2014-10-20 10:41:15 --> get_areas 1 
2014-10-20 10:41:15 --> buscando areas del cliente 
2014-10-20 10:41:29 --> crear el consumidor 
2014-10-20 10:41:29 --> se creo el consumidor 21323 
2014-10-20 10:41:29 --> la informacion de la sede es array (
  'S_ID' => '4',
  'S_NOMBRE' => 'OCCIDENTE',
  'S_DESCRIPCION' => 'Sedle para atender los casos de la regional occidente',
  'S_C_ID' => '1',
  'S_CANTIDAD_ENCUESTAS' => '10',
  'S_ACTIVO' => '1',
  'S_LOGO' => '7',
  'S_MUESTRA_VIDEO' => '0',
) 
2014-10-20 10:41:29 --> se va a extraer informacion del area  
2014-10-20 10:41:29 --> la informacion del area es array (
  'AR_ID' => '8',
  'AR_NOMBRE' => 'COMPENSACION_SALARIAL',
  'AR_DESCRIPCION' => 'Informacion pago nomina y liquidaciones',
  'AR_C_ID' => '1',
  'AR_ACTIVO' => '1',
  'AR_ALIAS' => 'CS',
  'AR_MOSTRAR_NOMBRE_PANTALLA' => '0',
) 
2014-10-20 10:41:29 --> se va a crear el turno 
2014-10-20 10:41:29 --> se creo el turno 1 del area CS 

2014-10-20 10:50:31 --> get_areas 1 
2014-10-20 10:50:31 --> buscando areas del cliente 
2014-10-20 10:50:41 --> crear el consumidor 
2014-10-20 10:50:41 --> se creo el consumidor 21328 
2014-10-20 10:50:41 --> la informacion de la sede es array (
  'S_ID' => '4',
  'S_NOMBRE' => 'OCCIDENTE',
  'S_DESCRIPCION' => 'Sedle para atender los casos de la regional occidente',
  'S_C_ID' => '1',
  'S_CANTIDAD_ENCUESTAS' => '10',
  'S_ACTIVO' => '1',
  'S_LOGO' => '7',
  'S_MUESTRA_VIDEO' => '0',
) 
2014-10-20 10:50:41 --> se va a extraer informacion del area  
2014-10-20 10:50:41 --> la informacion del area es array (
  'AR_ID' => '2',
  'AR_NOMBRE' => 'APORTES',
  'AR_DESCRIPCION' => 'Pensiones Incapacidades Cesantias Cartas FNA',
  'AR_C_ID' => '1',
  'AR_ACTIVO' => '1',
  'AR_ALIAS' => 'A',
  'AR_MOSTRAR_NOMBRE_PANTALLA' => '0',
) 
2014-10-20 10:50:41 --> se va a crear el turno 
2014-10-20 10:50:41 --> se creo el turno 7 del area A 

2014-10-20 11:01:06 --> get_areas 1 
2014-10-20 11:01:06 --> buscando areas del cliente 
2014-10-20 11:01:34 --> crear el consumidor 
2014-10-20 11:01:34 --> se creo el consumidor 21335 
2014-10-20 11:01:34 --> la informacion de la sede es array (
  'S_ID' => '3',
  'S_NOMBRE' => 'NORTE',
  'S_DESCRIPCION' => 'Sede para atender los casos de la regional norte',
  'S_C_ID' => '1',
  'S_CANTIDAD_ENCUESTAS' => '10',
  'S_ACTIVO' => '1',
  'S_LOGO' => '7',
  'S_MUESTRA_VIDEO' => '0',
) 
2014-10-20 11:01:34 --> se va a extraer informacion del area  
2014-10-20 11:01:34 --> la informacion del area es array (
  'AR_ID' => '2',
  'AR_NOMBRE' => 'APORTES',
  'AR_DESCRIPCION' => 'Pensiones Incapacidades Cesantias Cartas FNA',
  'AR_C_ID' => '1',
  'AR_ACTIVO' => '1',
  'AR_ALIAS' => 'A',
  'AR_MOSTRAR_NOMBRE_PANTALLA' => '0',
) 
2014-10-20 11:01:34 --> se va a crear el turno 
2014-10-20 11:01:34 --> se creo el turno 4 del area A 

2014-10-20 11:10:02 --> get_areas 1 
2014-10-20 11:10:02 --> buscando areas del cliente 

2014-10-20 11:10:15 --> get_areas 1 
2014-10-20 11:10:15 --> buscando areas del cliente 
2014-10-20 11:10:18 --> crear el consumidor 
2014-10-20 11:10:18 --> se creo el consumidor 21343 
2014-10-20 11:10:18 --> la informacion de la sede es array (
  'S_ID' => '3',
  'S_NOMBRE' => 'NORTE',
  'S_DESCRIPCION' => 'Sede para atender los casos de la regional norte',
  'S_C_ID' => '1',
  'S_CANTIDAD_ENCUESTAS' => '10',
  'S_ACTIVO' => '1',
  'S_LOGO' => '7',
  'S_MUESTRA_VIDEO' => '0',
) 
2014-10-20 11:10:18 --> se va a extraer informacion del area  
2014-10-20 11:10:18 --> la informacion del area es array (
  'AR_ID' => '5',
  'AR_NOMBRE' => 'OTROS',
  'AR_DESCRIPCION' => 'Otros',
  'AR_C_ID' => '1',
  'AR_ACTIVO' => '1',
  'AR_ALIAS' => 'O',
  'AR_MOSTRAR_NOMBRE_PANTALLA' => '0',
) 
2014-10-20 11:10:18 --> se va a crear el turno 
2014-10-20 11:10:18 --> se creo el turno 2 del area O 
2014-10-20 11:10:28 --> crear el consumidor 
2014-10-20 11:10:28 --> se creo el consumidor 21344 
2014-10-20 11:10:28 --> la informacion de la sede es array (
  'S_ID' => '4',
  'S_NOMBRE' => 'OCCIDENTE',
  'S_DESCRIPCION' => 'Sedle para atender los casos de la regional occidente',
  'S_C_ID' => '1',
  'S_CANTIDAD_ENCUESTAS' => '10',
  'S_ACTIVO' => '1',
  'S_LOGO' => '7',
  'S_MUESTRA_VIDEO' => '0',
) 
2014-10-20 11:10:28 --> se va a extraer informacion del area  
2014-10-20 11:10:28 --> la informacion del area es array (
  'AR_ID' => '1',
  'AR_NOMBRE' => 'GERENCIA_DEL_SERVICIO',
  'AR_DESCRIPCION' => 'Cartas punto de venta Cartas de renuncia',
  'AR_C_ID' => '1',
  'AR_ACTIVO' => '1',
  'AR_ALIAS' => 'GS',
  'AR_MOSTRAR_NOMBRE_PANTALLA' => '0',
) 
2014-10-20 11:10:28 --> se va a crear el turno 
2014-10-20 11:10:28 --> se creo el turno 3 del area GS 

2014-10-20 11:30:33 --> get_areas 1 
2014-10-20 11:30:33 --> buscando areas del cliente 
2014-10-20 11:30:48 --> crear el consumidor 
2014-10-20 11:30:48 --> se creo el consumidor 21352 
2014-10-20 11:30:48 --> la informacion de la sede es array (
  'S_ID' => '4',
  'S_NOMBRE' => 'OCCIDENTE',
  'S_DESCRIPCION' => 'Sedle para atender los casos de la regional occidente',
  'S_C_ID' => '1',
  'S_CANTIDAD_ENCUESTAS' => '10',
  'S_ACTIVO' => '1',
  'S_LOGO' => '7',
  'S_MUESTRA_VIDEO' => '0',
) 
2014-10-20 11:30:48 --> se va a extraer informacion del area  
2014-10-20 11:30:48 --> la informacion del area es array (
  'AR_ID' => '5',
  'AR_NOMBRE' => 'OTROS',
  'AR_DESCRIPCION' => 'Otros',
  'AR_C_ID' => '1',
  'AR_ACTIVO' => '1',
  'AR_ALIAS' => 'O',
  'AR_MOSTRAR_NOMBRE_PANTALLA' => '0',
) 
2014-10-20 11:30:48 --> se va a crear el turno 
2014-10-20 11:30:48 --> se creo el turno 5 del area O 

2014-10-20 11:33:10 --> get_areas 1 
2014-10-20 11:33:10 --> buscando areas del cliente 
2014-10-20 11:33:25 --> crear el consumidor 
2014-10-20 11:33:25 --> se creo el consumidor 21353 
2014-10-20 11:33:25 --> la informacion de la sede es array (
  'S_ID' => '4',
  'S_NOMBRE' => 'OCCIDENTE',
  'S_DESCRIPCION' => 'Sedle para atender los casos de la regional occidente',
  'S_C_ID' => '1',
  'S_CANTIDAD_ENCUESTAS' => '10',
  'S_ACTIVO' => '1',
  'S_LOGO' => '7',
  'S_MUESTRA_VIDEO' => '0',
) 
2014-10-20 11:33:25 --> se va a extraer informacion del area  
2014-10-20 11:33:25 --> la informacion del area es array (
  'AR_ID' => '5',
  'AR_NOMBRE' => 'OTROS',
  'AR_DESCRIPCION' => 'Otros',
  'AR_C_ID' => '1',
  'AR_ACTIVO' => '1',
  'AR_ALIAS' => 'O',
  'AR_MOSTRAR_NOMBRE_PANTALLA' => '0',
) 
2014-10-20 11:33:25 --> se va a crear el turno 
2014-10-20 11:33:25 --> se creo el turno 6 del area O 

2014-10-20 11:35:36 --> get_areas 1 
2014-10-20 11:35:36 --> buscando areas del cliente 
2014-10-20 11:35:41 --> crear el consumidor 
2014-10-20 11:35:41 --> se creo el consumidor 21354 
2014-10-20 11:35:41 --> la informacion de la sede es array (
  'S_ID' => '4',
  'S_NOMBRE' => 'OCCIDENTE',
  'S_DESCRIPCION' => 'Sedle para atender los casos de la regional occidente',
  'S_C_ID' => '1',
  'S_CANTIDAD_ENCUESTAS' => '10',
  'S_ACTIVO' => '1',
  'S_LOGO' => '7',
  'S_MUESTRA_VIDEO' => '0',
) 
2014-10-20 11:35:41 --> se va a extraer informacion del area  
2014-10-20 11:35:41 --> la informacion del area es array (
  'AR_ID' => '5',
  'AR_NOMBRE' => 'OTROS',
  'AR_DESCRIPCION' => 'Otros',
  'AR_C_ID' => '1',
  'AR_ACTIVO' => '1',
  'AR_ALIAS' => 'O',
  'AR_MOSTRAR_NOMBRE_PANTALLA' => '0',
) 
2014-10-20 11:35:41 --> se va a crear el turno 
2014-10-20 11:35:41 --> se creo el turno 7 del area O 

2014-10-20 11:52:01 --> get_areas 1 
2014-10-20 11:52:01 --> buscando areas del cliente 
2014-10-20 11:52:44 --> crear el consumidor 
2014-10-20 11:52:44 --> se creo el consumidor 21357 
2014-10-20 11:52:44 --> la informacion de la sede es array (
  'S_ID' => '4',
  'S_NOMBRE' => 'OCCIDENTE',
  'S_DESCRIPCION' => 'Sedle para atender los casos de la regional occidente',
  'S_C_ID' => '1',
  'S_CANTIDAD_ENCUESTAS' => '10',
  'S_ACTIVO' => '1',
  'S_LOGO' => '7',
  'S_MUESTRA_VIDEO' => '0',
) 
2014-10-20 11:52:44 --> se va a extraer informacion del area  
2014-10-20 11:52:44 --> la informacion del area es array (
  'AR_ID' => '2',
  'AR_NOMBRE' => 'APORTES',
  'AR_DESCRIPCION' => 'Pensiones Incapacidades Cesantias Cartas FNA',
  'AR_C_ID' => '1',
  'AR_ACTIVO' => '1',
  'AR_ALIAS' => 'A',
  'AR_MOSTRAR_NOMBRE_PANTALLA' => '0',
) 
2014-10-20 11:52:44 --> se va a crear el turno 
2014-10-20 11:52:44 --> se creo el turno 8 del area A 

2014-10-20 11:53:52 --> get_areas 1 
2014-10-20 11:53:52 --> buscando areas del cliente 
2014-10-20 11:54:27 --> crear el consumidor 
2014-10-20 11:54:27 --> se creo el consumidor 21358 
2014-10-20 11:54:27 --> la informacion de la sede es array (
  'S_ID' => '4',
  'S_NOMBRE' => 'OCCIDENTE',
  'S_DESCRIPCION' => 'Sedle para atender los casos de la regional occidente',
  'S_C_ID' => '1',
  'S_CANTIDAD_ENCUESTAS' => '10',
  'S_ACTIVO' => '1',
  'S_LOGO' => '7',
  'S_MUESTRA_VIDEO' => '0',
) 
2014-10-20 11:54:27 --> se va a extraer informacion del area  
2014-10-20 11:54:27 --> la informacion del area es array (
  'AR_ID' => '3',
  'AR_NOMBRE' => 'SEGUIMIENTO_AL_SERVICIO',
  'AR_DESCRIPCION' => 'SQR certificados especiales claves portal web',
  'AR_C_ID' => '1',
  'AR_ACTIVO' => '1',
  'AR_ALIAS' => 'SAS',
  'AR_MOSTRAR_NOMBRE_PANTALLA' => '0',
) 
2014-10-20 11:54:27 --> se va a crear el turno 
2014-10-20 11:54:27 --> se creo el turno 3 del area SAS 

2014-10-20 11:55:22 --> get_areas 1 
2014-10-20 11:55:22 --> buscando areas del cliente 
2014-10-20 11:55:32 --> crear el consumidor 
2014-10-20 11:55:32 --> se creo el consumidor 21359 
2014-10-20 11:55:32 --> la informacion de la sede es array (
  'S_ID' => '4',
  'S_NOMBRE' => 'OCCIDENTE',
  'S_DESCRIPCION' => 'Sedle para atender los casos de la regional occidente',
  'S_C_ID' => '1',
  'S_CANTIDAD_ENCUESTAS' => '10',
  'S_ACTIVO' => '1',
  'S_LOGO' => '7',
  'S_MUESTRA_VIDEO' => '0',
) 
2014-10-20 11:55:32 --> se va a extraer informacion del area  
2014-10-20 11:55:32 --> la informacion del area es array (
  'AR_ID' => '8',
  'AR_NOMBRE' => 'COMPENSACION_SALARIAL',
  'AR_DESCRIPCION' => 'Informacion pago nomina y liquidaciones',
  'AR_C_ID' => '1',
  'AR_ACTIVO' => '1',
  'AR_ALIAS' => 'CS',
  'AR_MOSTRAR_NOMBRE_PANTALLA' => '0',
) 
2014-10-20 11:55:32 --> se va a crear el turno 
2014-10-20 11:55:32 --> se creo el turno 2 del area CS 

2014-10-20 11:56:18 --> get_areas 1 
2014-10-20 11:56:18 --> buscando areas del cliente 
2014-10-20 11:56:34 --> crear el consumidor 
2014-10-20 11:56:34 --> se creo el consumidor 21360 
2014-10-20 11:56:34 --> la informacion de la sede es array (
  'S_ID' => '4',
  'S_NOMBRE' => 'OCCIDENTE',
  'S_DESCRIPCION' => 'Sedle para atender los casos de la regional occidente',
  'S_C_ID' => '1',
  'S_CANTIDAD_ENCUESTAS' => '10',
  'S_ACTIVO' => '1',
  'S_LOGO' => '7',
  'S_MUESTRA_VIDEO' => '0',
) 
2014-10-20 11:56:34 --> se va a extraer informacion del area  
2014-10-20 11:56:34 --> la informacion del area es array (
  'AR_ID' => '2',
  'AR_NOMBRE' => 'APORTES',
  'AR_DESCRIPCION' => 'Pensiones Incapacidades Cesantias Cartas FNA',
  'AR_C_ID' => '1',
  'AR_ACTIVO' => '1',
  'AR_ALIAS' => 'A',
  'AR_MOSTRAR_NOMBRE_PANTALLA' => '0',
) 
2014-10-20 11:56:34 --> se va a crear el turno 
2014-10-20 11:56:34 --> se creo el turno 9 del area A 

2014-10-20 11:57:42 --> get_areas 1 
2014-10-20 11:57:42 --> buscando areas del cliente 
2014-10-20 11:57:50 --> crear el consumidor 
2014-10-20 11:57:50 --> se creo el consumidor 21361 
2014-10-20 11:57:50 --> la informacion de la sede es array (
  'S_ID' => '4',
  'S_NOMBRE' => 'OCCIDENTE',
  'S_DESCRIPCION' => 'Sedle para atender los casos de la regional occidente',
  'S_C_ID' => '1',
  'S_CANTIDAD_ENCUESTAS' => '10',
  'S_ACTIVO' => '1',
  'S_LOGO' => '7',
  'S_MUESTRA_VIDEO' => '0',
) 
2014-10-20 11:57:50 --> se va a extraer informacion del area  
2014-10-20 11:57:50 --> la informacion del area es array (
  'AR_ID' => '2',
  'AR_NOMBRE' => 'APORTES',
  'AR_DESCRIPCION' => 'Pensiones Incapacidades Cesantias Cartas FNA',
  'AR_C_ID' => '1',
  'AR_ACTIVO' => '1',
  'AR_ALIAS' => 'A',
  'AR_MOSTRAR_NOMBRE_PANTALLA' => '0',
) 
2014-10-20 11:57:50 --> se va a crear el turno 
2014-10-20 11:57:50 --> se creo el turno 10 del area A 

2014-10-20 12:07:58 --> get_areas 1 
2014-10-20 12:07:58 --> buscando areas del cliente 
2014-10-20 12:08:23 --> crear el consumidor 
2014-10-20 12:08:23 --> se creo el consumidor 21362 
2014-10-20 12:08:23 --> la informacion de la sede es array (
  'S_ID' => '4',
  'S_NOMBRE' => 'OCCIDENTE',
  'S_DESCRIPCION' => 'Sedle para atender los casos de la regional occidente',
  'S_C_ID' => '1',
  'S_CANTIDAD_ENCUESTAS' => '10',
  'S_ACTIVO' => '1',
  'S_LOGO' => '7',
  'S_MUESTRA_VIDEO' => '0',
) 
2014-10-20 12:08:23 --> se va a extraer informacion del area  
2014-10-20 12:08:23 --> la informacion del area es array (
  'AR_ID' => '3',
  'AR_NOMBRE' => 'SEGUIMIENTO_AL_SERVICIO',
  'AR_DESCRIPCION' => 'SQR certificados especiales claves portal web',
  'AR_C_ID' => '1',
  'AR_ACTIVO' => '1',
  'AR_ALIAS' => 'SAS',
  'AR_MOSTRAR_NOMBRE_PANTALLA' => '0',
) 
2014-10-20 12:08:23 --> se va a crear el turno 
2014-10-20 12:08:23 --> se creo el turno 4 del area SAS 

2014-10-20 12:09:57 --> get_areas 1 
2014-10-20 12:09:57 --> buscando areas del cliente 
2014-10-20 12:10:34 --> crear el consumidor 
2014-10-20 12:10:34 --> se creo el consumidor 21363 
2014-10-20 12:10:34 --> la informacion de la sede es array (
  'S_ID' => '4',
  'S_NOMBRE' => 'OCCIDENTE',
  'S_DESCRIPCION' => 'Sedle para atender los casos de la regional occidente',
  'S_C_ID' => '1',
  'S_CANTIDAD_ENCUESTAS' => '10',
  'S_ACTIVO' => '1',
  'S_LOGO' => '7',
  'S_MUESTRA_VIDEO' => '0',
) 
2014-10-20 12:10:34 --> se va a extraer informacion del area  
2014-10-20 12:10:34 --> la informacion del area es array (
  'AR_ID' => '5',
  'AR_NOMBRE' => 'OTROS',
  'AR_DESCRIPCION' => 'Otros',
  'AR_C_ID' => '1',
  'AR_ACTIVO' => '1',
  'AR_ALIAS' => 'O',
  'AR_MOSTRAR_NOMBRE_PANTALLA' => '0',
) 
2014-10-20 12:10:34 --> se va a crear el turno 
2014-10-20 12:10:34 --> se creo el turno 8 del area O 

2014-10-20 12:11:36 --> get_areas 1 
2014-10-20 12:11:36 --> buscando areas del cliente 
2014-10-20 12:11:44 --> crear el consumidor 
2014-10-20 12:11:44 --> se creo el consumidor 21364 
2014-10-20 12:11:44 --> la informacion de la sede es array (
  'S_ID' => '4',
  'S_NOMBRE' => 'OCCIDENTE',
  'S_DESCRIPCION' => 'Sedle para atender los casos de la regional occidente',
  'S_C_ID' => '1',
  'S_CANTIDAD_ENCUESTAS' => '10',
  'S_ACTIVO' => '1',
  'S_LOGO' => '7',
  'S_MUESTRA_VIDEO' => '0',
) 
2014-10-20 12:11:44 --> se va a extraer informacion del area  
2014-10-20 12:11:44 --> la informacion del area es array (
  'AR_ID' => '2',
  'AR_NOMBRE' => 'APORTES',
  'AR_DESCRIPCION' => 'Pensiones Incapacidades Cesantias Cartas FNA',
  'AR_C_ID' => '1',
  'AR_ACTIVO' => '1',
  'AR_ALIAS' => 'A',
  'AR_MOSTRAR_NOMBRE_PANTALLA' => '0',
) 
2014-10-20 12:11:44 --> se va a crear el turno 
2014-10-20 12:11:44 --> se creo el turno 11 del area A 

2014-10-20 12:49:31 --> get_areas 1 
2014-10-20 12:49:31 --> buscando areas del cliente 
2014-10-20 12:49:47 --> crear el consumidor 
2014-10-20 12:49:47 --> se creo el consumidor 21368 
2014-10-20 12:49:47 --> la informacion de la sede es array (
  'S_ID' => '4',
  'S_NOMBRE' => 'OCCIDENTE',
  'S_DESCRIPCION' => 'Sedle para atender los casos de la regional occidente',
  'S_C_ID' => '1',
  'S_CANTIDAD_ENCUESTAS' => '10',
  'S_ACTIVO' => '1',
  'S_LOGO' => '7',
  'S_MUESTRA_VIDEO' => '0',
) 
2014-10-20 12:49:47 --> se va a extraer informacion del area  
2014-10-20 12:49:47 --> la informacion del area es array (
  'AR_ID' => '5',
  'AR_NOMBRE' => 'OTROS',
  'AR_DESCRIPCION' => 'Otros',
  'AR_C_ID' => '1',
  'AR_ACTIVO' => '1',
  'AR_ALIAS' => 'O',
  'AR_MOSTRAR_NOMBRE_PANTALLA' => '0',
) 
2014-10-20 12:49:47 --> se va a crear el turno 
2014-10-20 12:49:47 --> se creo el turno 9 del area O 

2014-10-20 13:11:21 --> get_areas 1 
2014-10-20 13:11:21 --> buscando areas del cliente 
2014-10-20 13:12:18 --> crear el consumidor 
2014-10-20 13:12:18 --> se creo el consumidor 21369 
2014-10-20 13:12:18 --> la informacion de la sede es array (
  'S_ID' => '4',
  'S_NOMBRE' => 'OCCIDENTE',
  'S_DESCRIPCION' => 'Sedle para atender los casos de la regional occidente',
  'S_C_ID' => '1',
  'S_CANTIDAD_ENCUESTAS' => '10',
  'S_ACTIVO' => '1',
  'S_LOGO' => '7',
  'S_MUESTRA_VIDEO' => '0',
) 
2014-10-20 13:12:18 --> se va a extraer informacion del area  
2014-10-20 13:12:18 --> la informacion del area es array (
  'AR_ID' => '2',
  'AR_NOMBRE' => 'APORTES',
  'AR_DESCRIPCION' => 'Pensiones Incapacidades Cesantias Cartas FNA',
  'AR_C_ID' => '1',
  'AR_ACTIVO' => '1',
  'AR_ALIAS' => 'A',
  'AR_MOSTRAR_NOMBRE_PANTALLA' => '0',
) 
2014-10-20 13:12:18 --> se va a crear el turno 
2014-10-20 13:12:18 --> se creo el turno 12 del area A 

2014-10-20 14:32:28 --> get_areas 1 
2014-10-20 14:32:28 --> buscando areas del cliente 
2014-10-20 14:32:48 --> crear el consumidor 
2014-10-20 14:32:48 --> se creo el consumidor 21376 
2014-10-20 14:32:48 --> la informacion de la sede es array (
  'S_ID' => '4',
  'S_NOMBRE' => 'OCCIDENTE',
  'S_DESCRIPCION' => 'Sedle para atender los casos de la regional occidente',
  'S_C_ID' => '1',
  'S_CANTIDAD_ENCUESTAS' => '10',
  'S_ACTIVO' => '1',
  'S_LOGO' => '7',
  'S_MUESTRA_VIDEO' => '0',
) 
2014-10-20 14:32:48 --> se va a extraer informacion del area  
2014-10-20 14:32:48 --> la informacion del area es array (
  'AR_ID' => '2',
  'AR_NOMBRE' => 'APORTES',
  'AR_DESCRIPCION' => 'Pensiones Incapacidades Cesantias Cartas FNA',
  'AR_C_ID' => '1',
  'AR_ACTIVO' => '1',
  'AR_ALIAS' => 'A',
  'AR_MOSTRAR_NOMBRE_PANTALLA' => '0',
) 
2014-10-20 14:32:48 --> se va a crear el turno 
2014-10-20 14:32:48 --> se creo el turno 13 del area A 

2014-10-20 15:07:26 --> get_areas 1 
2014-10-20 15:07:26 --> buscando areas del cliente 
2014-10-20 15:07:40 --> crear el consumidor 
2014-10-20 15:07:40 --> se creo el consumidor 21381 
2014-10-20 15:07:40 --> la informacion de la sede es array (
  'S_ID' => '3',
  'S_NOMBRE' => 'NORTE',
  'S_DESCRIPCION' => 'Sede para atender los casos de la regional norte',
  'S_C_ID' => '1',
  'S_CANTIDAD_ENCUESTAS' => '10',
  'S_ACTIVO' => '1',
  'S_LOGO' => '7',
  'S_MUESTRA_VIDEO' => '0',
) 
2014-10-20 15:07:40 --> se va a extraer informacion del area  
2014-10-20 15:07:40 --> la informacion del area es array (
  'AR_ID' => '2',
  'AR_NOMBRE' => 'APORTES',
  'AR_DESCRIPCION' => 'Pensiones Incapacidades Cesantias Cartas FNA',
  'AR_C_ID' => '1',
  'AR_ACTIVO' => '1',
  'AR_ALIAS' => 'A',
  'AR_MOSTRAR_NOMBRE_PANTALLA' => '0',
) 
2014-10-20 15:07:40 --> se va a crear el turno 
2014-10-20 15:07:40 --> se creo el turno 5 del area A 

2014-10-20 15:36:09 --> get_areas 1 
2014-10-20 15:36:09 --> buscando areas del cliente 
2014-10-20 15:36:27 --> crear el consumidor 
2014-10-20 15:36:27 --> se creo el consumidor 21386 
2014-10-20 15:36:27 --> la informacion de la sede es array (
  'S_ID' => '4',
  'S_NOMBRE' => 'OCCIDENTE',
  'S_DESCRIPCION' => 'Sedle para atender los casos de la regional occidente',
  'S_C_ID' => '1',
  'S_CANTIDAD_ENCUESTAS' => '10',
  'S_ACTIVO' => '1',
  'S_LOGO' => '7',
  'S_MUESTRA_VIDEO' => '0',
) 
2014-10-20 15:36:27 --> se va a extraer informacion del area  
2014-10-20 15:36:27 --> la informacion del area es array (
  'AR_ID' => '5',
  'AR_NOMBRE' => 'OTROS',
  'AR_DESCRIPCION' => 'Otros',
  'AR_C_ID' => '1',
  'AR_ACTIVO' => '1',
  'AR_ALIAS' => 'O',
  'AR_MOSTRAR_NOMBRE_PANTALLA' => '0',
) 
2014-10-20 15:36:27 --> se va a crear el turno 
2014-10-20 15:36:27 --> se creo el turno 10 del area O 

2014-10-20 16:08:30 --> get_areas 1 
2014-10-20 16:08:30 --> buscando areas del cliente 
2014-10-20 16:08:37 --> crear el consumidor 
2014-10-20 16:08:37 --> se creo el consumidor 21394 
2014-10-20 16:08:37 --> la informacion de la sede es array (
  'S_ID' => '3',
  'S_NOMBRE' => 'NORTE',
  'S_DESCRIPCION' => 'Sede para atender los casos de la regional norte',
  'S_C_ID' => '1',
  'S_CANTIDAD_ENCUESTAS' => '10',
  'S_ACTIVO' => '1',
  'S_LOGO' => '7',
  'S_MUESTRA_VIDEO' => '0',
) 
2014-10-20 16:08:37 --> se va a extraer informacion del area  
2014-10-20 16:08:37 --> la informacion del area es array (
  'AR_ID' => '5',
  'AR_NOMBRE' => 'OTROS',
  'AR_DESCRIPCION' => 'Otros',
  'AR_C_ID' => '1',
  'AR_ACTIVO' => '1',
  'AR_ALIAS' => 'O',
  'AR_MOSTRAR_NOMBRE_PANTALLA' => '0',
) 
2014-10-20 16:08:37 --> se va a crear el turno 
2014-10-20 16:08:37 --> se creo el turno 3 del area O 

2014-10-20 16:32:55 --> get_areas 1 
2014-10-20 16:32:55 --> buscando areas del cliente 
2014-10-20 16:33:14 --> crear el consumidor 
2014-10-20 16:33:14 --> se creo el consumidor 21402 
2014-10-20 16:33:14 --> la informacion de la sede es array (
  'S_ID' => '4',
  'S_NOMBRE' => 'OCCIDENTE',
  'S_DESCRIPCION' => 'Sedle para atender los casos de la regional occidente',
  'S_C_ID' => '1',
  'S_CANTIDAD_ENCUESTAS' => '10',
  'S_ACTIVO' => '1',
  'S_LOGO' => '7',
  'S_MUESTRA_VIDEO' => '0',
) 
2014-10-20 16:33:14 --> se va a extraer informacion del area  
2014-10-20 16:33:14 --> la informacion del area es array (
  'AR_ID' => '5',
  'AR_NOMBRE' => 'OTROS',
  'AR_DESCRIPCION' => 'Otros',
  'AR_C_ID' => '1',
  'AR_ACTIVO' => '1',
  'AR_ALIAS' => 'O',
  'AR_MOSTRAR_NOMBRE_PANTALLA' => '0',
) 
2014-10-20 16:33:14 --> se va a crear el turno 
2014-10-20 16:33:14 --> se creo el turno 11 del area O 

2014-10-20 16:47:10 --> get_areas 1 
2014-10-20 16:47:10 --> buscando areas del cliente 
2014-10-20 16:47:24 --> crear el consumidor 
2014-10-20 16:47:24 --> se creo el consumidor 21404 
2014-10-20 16:47:24 --> la informacion de la sede es array (
  'S_ID' => '4',
  'S_NOMBRE' => 'OCCIDENTE',
  'S_DESCRIPCION' => 'Sedle para atender los casos de la regional occidente',
  'S_C_ID' => '1',
  'S_CANTIDAD_ENCUESTAS' => '10',
  'S_ACTIVO' => '1',
  'S_LOGO' => '7',
  'S_MUESTRA_VIDEO' => '0',
) 
2014-10-20 16:47:24 --> se va a extraer informacion del area  
2014-10-20 16:47:24 --> la informacion del area es array (
  'AR_ID' => '1',
  'AR_NOMBRE' => 'GERENCIA_DEL_SERVICIO',
  'AR_DESCRIPCION' => 'Cartas punto de venta Cartas de renuncia',
  'AR_C_ID' => '1',
  'AR_ACTIVO' => '1',
  'AR_ALIAS' => 'GS',
  'AR_MOSTRAR_NOMBRE_PANTALLA' => '0',
) 
2014-10-20 16:47:24 --> se va a crear el turno 
2014-10-20 16:47:24 --> se creo el turno 4 del area GS 

2014-10-20 16:58:23 --> get_areas 1 
2014-10-20 16:58:23 --> buscando areas del cliente 
2014-10-20 16:58:53 --> crear el consumidor 
2014-10-20 16:58:53 --> se creo el consumidor 21405 
2014-10-20 16:58:53 --> la informacion de la sede es array (
  'S_ID' => '4',
  'S_NOMBRE' => 'OCCIDENTE',
  'S_DESCRIPCION' => 'Sedle para atender los casos de la regional occidente',
  'S_C_ID' => '1',
  'S_CANTIDAD_ENCUESTAS' => '10',
  'S_ACTIVO' => '1',
  'S_LOGO' => '7',
  'S_MUESTRA_VIDEO' => '0',
) 
2014-10-20 16:58:53 --> se va a extraer informacion del area  
2014-10-20 16:58:53 --> la informacion del area es array (
  'AR_ID' => '3',
  'AR_NOMBRE' => 'SEGUIMIENTO_AL_SERVICIO',
  'AR_DESCRIPCION' => 'SQR certificados especiales claves portal web',
  'AR_C_ID' => '1',
  'AR_ACTIVO' => '1',
  'AR_ALIAS' => 'SAS',
  'AR_MOSTRAR_NOMBRE_PANTALLA' => '0',
) 
2014-10-20 16:58:53 --> se va a crear el turno 
2014-10-20 16:58:53 --> se creo el turno 5 del area SAS 

2014-10-20 16:59:42 --> get_areas 1 
2014-10-20 16:59:42 --> buscando areas del cliente 
2014-10-20 16:59:57 --> crear el consumidor 
2014-10-20 16:59:57 --> se creo el consumidor 21406 
2014-10-20 16:59:57 --> la informacion de la sede es array (
  'S_ID' => '4',
  'S_NOMBRE' => 'OCCIDENTE',
  'S_DESCRIPCION' => 'Sedle para atender los casos de la regional occidente',
  'S_C_ID' => '1',
  'S_CANTIDAD_ENCUESTAS' => '10',
  'S_ACTIVO' => '1',
  'S_LOGO' => '7',
  'S_MUESTRA_VIDEO' => '0',
) 
2014-10-20 16:59:57 --> se va a extraer informacion del area  
2014-10-20 16:59:57 --> la informacion del area es array (
  'AR_ID' => '2',
  'AR_NOMBRE' => 'APORTES',
  'AR_DESCRIPCION' => 'Pensiones Incapacidades Cesantias Cartas FNA',
  'AR_C_ID' => '1',
  'AR_ACTIVO' => '1',
  'AR_ALIAS' => 'A',
  'AR_MOSTRAR_NOMBRE_PANTALLA' => '0',
) 
2014-10-20 16:59:57 --> se va a crear el turno 
2014-10-20 16:59:57 --> se creo el turno 14 del area A 

2014-10-20 17:10:44 --> get_areas 1 
2014-10-20 17:10:44 --> buscando areas del cliente 
2014-10-20 17:11:05 --> crear el consumidor 
2014-10-20 17:11:05 --> se creo el consumidor 21409 
2014-10-20 17:11:05 --> la informacion de la sede es array (
  'S_ID' => '4',
  'S_NOMBRE' => 'OCCIDENTE',
  'S_DESCRIPCION' => 'Sedle para atender los casos de la regional occidente',
  'S_C_ID' => '1',
  'S_CANTIDAD_ENCUESTAS' => '10',
  'S_ACTIVO' => '1',
  'S_LOGO' => '7',
  'S_MUESTRA_VIDEO' => '0',
) 
2014-10-20 17:11:05 --> se va a extraer informacion del area  
2014-10-20 17:11:05 --> la informacion del area es array (
  'AR_ID' => '5',
  'AR_NOMBRE' => 'OTROS',
  'AR_DESCRIPCION' => 'Otros',
  'AR_C_ID' => '1',
  'AR_ACTIVO' => '1',
  'AR_ALIAS' => 'O',
  'AR_MOSTRAR_NOMBRE_PANTALLA' => '0',
) 
2014-10-20 17:11:05 --> se va a crear el turno 
2014-10-20 17:11:05 --> se creo el turno 12 del area O 

2014-10-20 18:40:20 --> get_areas 1 
2014-10-20 18:40:20 --> buscando areas del cliente 
