
2014-10-27 08:09:23 --> get_areas 1 
2014-10-27 08:09:23 --> buscando areas del cliente 
2014-10-27 08:09:36 --> crear el consumidor 
2014-10-27 08:09:36 --> se creo el consumidor 21959 
2014-10-27 08:09:36 --> la informacion de la sede es array (
  'S_ID' => '4',
  'S_NOMBRE' => 'OCCIDENTE',
  'S_DESCRIPCION' => 'Sedle para atender los casos de la regional occidente',
  'S_C_ID' => '1',
  'S_CANTIDAD_ENCUESTAS' => '10',
  'S_ACTIVO' => '1',
  'S_LOGO' => '7',
  'S_MUESTRA_VIDEO' => '0',
) 
2014-10-27 08:09:36 --> se va a extraer informacion del area  
2014-10-27 08:09:36 --> la informacion del area es array (
  'AR_ID' => '5',
  'AR_NOMBRE' => 'OTROS',
  'AR_DESCRIPCION' => 'Otros',
  'AR_C_ID' => '1',
  'AR_ACTIVO' => '1',
  'AR_ALIAS' => 'O',
  'AR_MOSTRAR_NOMBRE_PANTALLA' => '0',
) 
2014-10-27 08:09:36 --> se va a crear el turno 
2014-10-27 08:09:36 --> se creo el turno 1 del area O 

2014-10-27 08:14:09 --> get_areas 1 
2014-10-27 08:14:09 --> buscando areas del cliente 
2014-10-27 08:14:20 --> crear el consumidor 
2014-10-27 08:14:20 --> se creo el consumidor 21961 
2014-10-27 08:14:20 --> la informacion de la sede es array (
  'S_ID' => '4',
  'S_NOMBRE' => 'OCCIDENTE',
  'S_DESCRIPCION' => 'Sedle para atender los casos de la regional occidente',
  'S_C_ID' => '1',
  'S_CANTIDAD_ENCUESTAS' => '10',
  'S_ACTIVO' => '1',
  'S_LOGO' => '7',
  'S_MUESTRA_VIDEO' => '0',
) 
2014-10-27 08:14:20 --> se va a extraer informacion del area  
2014-10-27 08:14:20 --> la informacion del area es array (
  'AR_ID' => '1',
  'AR_NOMBRE' => 'GERENCIA_DEL_SERVICIO',
  'AR_DESCRIPCION' => 'Cartas punto de venta Cartas de renuncia',
  'AR_C_ID' => '1',
  'AR_ACTIVO' => '1',
  'AR_ALIAS' => 'GS',
  'AR_MOSTRAR_NOMBRE_PANTALLA' => '0',
) 
2014-10-27 08:14:20 --> se va a crear el turno 
2014-10-27 08:14:20 --> se creo el turno 1 del area GS 

2014-10-27 08:16:37 --> get_areas 1 
2014-10-27 08:16:37 --> buscando areas del cliente 
2014-10-27 08:16:54 --> crear el consumidor 
2014-10-27 08:16:54 --> se creo el consumidor 21963 
2014-10-27 08:16:54 --> la informacion de la sede es array (
  'S_ID' => '4',
  'S_NOMBRE' => 'OCCIDENTE',
  'S_DESCRIPCION' => 'Sedle para atender los casos de la regional occidente',
  'S_C_ID' => '1',
  'S_CANTIDAD_ENCUESTAS' => '10',
  'S_ACTIVO' => '1',
  'S_LOGO' => '7',
  'S_MUESTRA_VIDEO' => '0',
) 
2014-10-27 08:16:54 --> se va a extraer informacion del area  
2014-10-27 08:16:54 --> la informacion del area es array (
  'AR_ID' => '2',
  'AR_NOMBRE' => 'APORTES',
  'AR_DESCRIPCION' => 'Pensiones Incapacidades Cesantias Cartas FNA',
  'AR_C_ID' => '1',
  'AR_ACTIVO' => '1',
  'AR_ALIAS' => 'A',
  'AR_MOSTRAR_NOMBRE_PANTALLA' => '0',
) 
2014-10-27 08:16:54 --> se va a crear el turno 
2014-10-27 08:16:54 --> se creo el turno 1 del area A 

2014-10-27 08:24:26 --> get_areas 1 
2014-10-27 08:24:26 --> buscando areas del cliente 
2014-10-27 08:24:38 --> crear el consumidor 
2014-10-27 08:24:38 --> se creo el consumidor 21969 
2014-10-27 08:24:38 --> la informacion de la sede es array (
  'S_ID' => '4',
  'S_NOMBRE' => 'OCCIDENTE',
  'S_DESCRIPCION' => 'Sedle para atender los casos de la regional occidente',
  'S_C_ID' => '1',
  'S_CANTIDAD_ENCUESTAS' => '10',
  'S_ACTIVO' => '1',
  'S_LOGO' => '7',
  'S_MUESTRA_VIDEO' => '0',
) 
2014-10-27 08:24:38 --> se va a extraer informacion del area  
2014-10-27 08:24:38 --> la informacion del area es array (
  'AR_ID' => '1',
  'AR_NOMBRE' => 'GERENCIA_DEL_SERVICIO',
  'AR_DESCRIPCION' => 'Cartas punto de venta Cartas de renuncia',
  'AR_C_ID' => '1',
  'AR_ACTIVO' => '1',
  'AR_ALIAS' => 'GS',
  'AR_MOSTRAR_NOMBRE_PANTALLA' => '0',
) 
2014-10-27 08:24:38 --> se va a crear el turno 
2014-10-27 08:24:38 --> se creo el turno 2 del area GS 

2014-10-27 08:26:23 --> get_areas 1 
2014-10-27 08:26:23 --> buscando areas del cliente 

2014-10-27 08:26:48 --> get_areas 1 
2014-10-27 08:26:48 --> buscando areas del cliente 
2014-10-27 08:26:53 --> crear el consumidor 
2014-10-27 08:26:54 --> se creo el consumidor 21970 
2014-10-27 08:26:54 --> la informacion de la sede es array (
  'S_ID' => '4',
  'S_NOMBRE' => 'OCCIDENTE',
  'S_DESCRIPCION' => 'Sedle para atender los casos de la regional occidente',
  'S_C_ID' => '1',
  'S_CANTIDAD_ENCUESTAS' => '10',
  'S_ACTIVO' => '1',
  'S_LOGO' => '7',
  'S_MUESTRA_VIDEO' => '0',
) 
2014-10-27 08:26:54 --> se va a extraer informacion del area  
2014-10-27 08:26:54 --> la informacion del area es array (
  'AR_ID' => '1',
  'AR_NOMBRE' => 'GERENCIA_DEL_SERVICIO',
  'AR_DESCRIPCION' => 'Cartas punto de venta Cartas de renuncia',
  'AR_C_ID' => '1',
  'AR_ACTIVO' => '1',
  'AR_ALIAS' => 'GS',
  'AR_MOSTRAR_NOMBRE_PANTALLA' => '0',
) 
2014-10-27 08:26:54 --> se va a crear el turno 
2014-10-27 08:26:54 --> se creo el turno 3 del area GS 
2014-10-27 08:26:54 --> crear el consumidor 
2014-10-27 08:26:54 --> se creo el consumidor 21971 
2014-10-27 08:26:54 --> la informacion de la sede es array (
  'S_ID' => '4',
  'S_NOMBRE' => 'OCCIDENTE',
  'S_DESCRIPCION' => 'Sedle para atender los casos de la regional occidente',
  'S_C_ID' => '1',
  'S_CANTIDAD_ENCUESTAS' => '10',
  'S_ACTIVO' => '1',
  'S_LOGO' => '7',
  'S_MUESTRA_VIDEO' => '0',
) 
2014-10-27 08:26:54 --> se va a extraer informacion del area  
2014-10-27 08:26:54 --> la informacion del area es array (
  'AR_ID' => '1',
  'AR_NOMBRE' => 'GERENCIA_DEL_SERVICIO',
  'AR_DESCRIPCION' => 'Cartas punto de venta Cartas de renuncia',
  'AR_C_ID' => '1',
  'AR_ACTIVO' => '1',
  'AR_ALIAS' => 'GS',
  'AR_MOSTRAR_NOMBRE_PANTALLA' => '0',
) 
2014-10-27 08:26:54 --> se va a crear el turno 
2014-10-27 08:26:54 --> se creo el turno 4 del area GS 

2014-10-27 08:44:59 --> get_areas 1 
2014-10-27 08:44:59 --> buscando areas del cliente 
2014-10-27 08:45:19 --> crear el consumidor 
2014-10-27 08:45:19 --> se creo el consumidor 21976 
2014-10-27 08:45:19 --> la informacion de la sede es array (
  'S_ID' => '4',
  'S_NOMBRE' => 'OCCIDENTE',
  'S_DESCRIPCION' => 'Sedle para atender los casos de la regional occidente',
  'S_C_ID' => '1',
  'S_CANTIDAD_ENCUESTAS' => '10',
  'S_ACTIVO' => '1',
  'S_LOGO' => '7',
  'S_MUESTRA_VIDEO' => '0',
) 
2014-10-27 08:45:19 --> se va a extraer informacion del area  
2014-10-27 08:45:19 --> la informacion del area es array (
  'AR_ID' => '1',
  'AR_NOMBRE' => 'GERENCIA_DEL_SERVICIO',
  'AR_DESCRIPCION' => 'Cartas punto de venta Cartas de renuncia',
  'AR_C_ID' => '1',
  'AR_ACTIVO' => '1',
  'AR_ALIAS' => 'GS',
  'AR_MOSTRAR_NOMBRE_PANTALLA' => '0',
) 
2014-10-27 08:45:19 --> se va a crear el turno 
2014-10-27 08:45:19 --> se creo el turno 5 del area GS 

2014-10-27 09:03:03 --> get_areas 1 
2014-10-27 09:03:03 --> buscando areas del cliente 
2014-10-27 09:03:17 --> crear el consumidor 
2014-10-27 09:03:17 --> se creo el consumidor 21979 
2014-10-27 09:03:17 --> la informacion de la sede es array (
  'S_ID' => '4',
  'S_NOMBRE' => 'OCCIDENTE',
  'S_DESCRIPCION' => 'Sedle para atender los casos de la regional occidente',
  'S_C_ID' => '1',
  'S_CANTIDAD_ENCUESTAS' => '10',
  'S_ACTIVO' => '1',
  'S_LOGO' => '7',
  'S_MUESTRA_VIDEO' => '0',
) 
2014-10-27 09:03:17 --> se va a extraer informacion del area  
2014-10-27 09:03:17 --> la informacion del area es array (
  'AR_ID' => '5',
  'AR_NOMBRE' => 'OTROS',
  'AR_DESCRIPCION' => 'Otros',
  'AR_C_ID' => '1',
  'AR_ACTIVO' => '1',
  'AR_ALIAS' => 'O',
  'AR_MOSTRAR_NOMBRE_PANTALLA' => '0',
) 
2014-10-27 09:03:17 --> se va a crear el turno 
2014-10-27 09:03:17 --> se creo el turno 2 del area O 

2014-10-27 09:14:14 --> get_areas 1 
2014-10-27 09:14:14 --> buscando areas del cliente 
2014-10-27 09:14:29 --> crear el consumidor 
2014-10-27 09:14:29 --> se creo el consumidor 21981 
2014-10-27 09:14:29 --> la informacion de la sede es array (
  'S_ID' => '4',
  'S_NOMBRE' => 'OCCIDENTE',
  'S_DESCRIPCION' => 'Sedle para atender los casos de la regional occidente',
  'S_C_ID' => '1',
  'S_CANTIDAD_ENCUESTAS' => '10',
  'S_ACTIVO' => '1',
  'S_LOGO' => '7',
  'S_MUESTRA_VIDEO' => '0',
) 
2014-10-27 09:14:29 --> se va a extraer informacion del area  
2014-10-27 09:14:29 --> la informacion del area es array (
  'AR_ID' => '5',
  'AR_NOMBRE' => 'OTROS',
  'AR_DESCRIPCION' => 'Otros',
  'AR_C_ID' => '1',
  'AR_ACTIVO' => '1',
  'AR_ALIAS' => 'O',
  'AR_MOSTRAR_NOMBRE_PANTALLA' => '0',
) 
2014-10-27 09:14:29 --> se va a crear el turno 
2014-10-27 09:14:29 --> se creo el turno 3 del area O 

2014-10-27 09:46:56 --> get_areas 1 
2014-10-27 09:46:56 --> buscando areas del cliente 
2014-10-27 09:47:05 --> crear el consumidor 
2014-10-27 09:47:05 --> se creo el consumidor 21989 
2014-10-27 09:47:05 --> la informacion de la sede es array (
  'S_ID' => '3',
  'S_NOMBRE' => 'NORTE',
  'S_DESCRIPCION' => 'Sede para atender los casos de la regional norte',
  'S_C_ID' => '1',
  'S_CANTIDAD_ENCUESTAS' => '10',
  'S_ACTIVO' => '1',
  'S_LOGO' => '7',
  'S_MUESTRA_VIDEO' => '0',
) 
2014-10-27 09:47:05 --> se va a extraer informacion del area  
2014-10-27 09:47:05 --> la informacion del area es array (
  'AR_ID' => '2',
  'AR_NOMBRE' => 'APORTES',
  'AR_DESCRIPCION' => 'Pensiones Incapacidades Cesantias Cartas FNA',
  'AR_C_ID' => '1',
  'AR_ACTIVO' => '1',
  'AR_ALIAS' => 'A',
  'AR_MOSTRAR_NOMBRE_PANTALLA' => '0',
) 
2014-10-27 09:47:05 --> se va a crear el turno 
2014-10-27 09:47:05 --> se creo el turno 3 del area A 

2014-10-27 10:00:21 --> get_areas 1 
2014-10-27 10:00:21 --> buscando areas del cliente 

2014-10-27 10:00:35 --> get_areas 1 
2014-10-27 10:00:35 --> buscando areas del cliente 
2014-10-27 10:00:43 --> crear el consumidor 
2014-10-27 10:00:43 --> se creo el consumidor 21993 
2014-10-27 10:00:43 --> la informacion de la sede es array (
  'S_ID' => '4',
  'S_NOMBRE' => 'OCCIDENTE',
  'S_DESCRIPCION' => 'Sedle para atender los casos de la regional occidente',
  'S_C_ID' => '1',
  'S_CANTIDAD_ENCUESTAS' => '10',
  'S_ACTIVO' => '1',
  'S_LOGO' => '7',
  'S_MUESTRA_VIDEO' => '0',
) 
2014-10-27 10:00:43 --> se va a extraer informacion del area  
2014-10-27 10:00:43 --> crear el consumidor 
2014-10-27 10:00:43 --> la informacion del area es array (
  'AR_ID' => '2',
  'AR_NOMBRE' => 'APORTES',
  'AR_DESCRIPCION' => 'Pensiones Incapacidades Cesantias Cartas FNA',
  'AR_C_ID' => '1',
  'AR_ACTIVO' => '1',
  'AR_ALIAS' => 'A',
  'AR_MOSTRAR_NOMBRE_PANTALLA' => '0',
) 
2014-10-27 10:00:43 --> se va a crear el turno 
2014-10-27 10:00:43 --> se creo el consumidor 21994 
2014-10-27 10:00:43 --> se creo el turno 2 del area A 
2014-10-27 10:00:43 --> la informacion de la sede es array (
  'S_ID' => '4',
  'S_NOMBRE' => 'OCCIDENTE',
  'S_DESCRIPCION' => 'Sedle para atender los casos de la regional occidente',
  'S_C_ID' => '1',
  'S_CANTIDAD_ENCUESTAS' => '10',
  'S_ACTIVO' => '1',
  'S_LOGO' => '7',
  'S_MUESTRA_VIDEO' => '0',
) 
2014-10-27 10:00:43 --> se va a extraer informacion del area  
2014-10-27 10:00:43 --> la informacion del area es array (
  'AR_ID' => '2',
  'AR_NOMBRE' => 'APORTES',
  'AR_DESCRIPCION' => 'Pensiones Incapacidades Cesantias Cartas FNA',
  'AR_C_ID' => '1',
  'AR_ACTIVO' => '1',
  'AR_ALIAS' => 'A',
  'AR_MOSTRAR_NOMBRE_PANTALLA' => '0',
) 
2014-10-27 10:00:43 --> se va a crear el turno 
2014-10-27 10:00:43 --> se creo el turno 3 del area A 

2014-10-27 10:02:10 --> get_areas 1 
2014-10-27 10:02:10 --> buscando areas del cliente 
2014-10-27 10:02:14 --> crear el consumidor 
2014-10-27 10:02:14 --> se creo el consumidor 21995 
2014-10-27 10:02:14 --> la informacion de la sede es array (
  'S_ID' => '4',
  'S_NOMBRE' => 'OCCIDENTE',
  'S_DESCRIPCION' => 'Sedle para atender los casos de la regional occidente',
  'S_C_ID' => '1',
  'S_CANTIDAD_ENCUESTAS' => '10',
  'S_ACTIVO' => '1',
  'S_LOGO' => '7',
  'S_MUESTRA_VIDEO' => '0',
) 
2014-10-27 10:02:14 --> se va a extraer informacion del area  
2014-10-27 10:02:14 --> la informacion del area es array (
  'AR_ID' => '2',
  'AR_NOMBRE' => 'APORTES',
  'AR_DESCRIPCION' => 'Pensiones Incapacidades Cesantias Cartas FNA',
  'AR_C_ID' => '1',
  'AR_ACTIVO' => '1',
  'AR_ALIAS' => 'A',
  'AR_MOSTRAR_NOMBRE_PANTALLA' => '0',
) 
2014-10-27 10:02:14 --> se va a crear el turno 
2014-10-27 10:02:14 --> se creo el turno 4 del area A 

2014-10-27 10:11:40 --> get_areas 1 
2014-10-27 10:11:40 --> buscando areas del cliente 
2014-10-27 10:11:46 --> crear el consumidor 
2014-10-27 10:11:46 --> se creo el consumidor 22000 
2014-10-27 10:11:46 --> la informacion de la sede es array (
  'S_ID' => '4',
  'S_NOMBRE' => 'OCCIDENTE',
  'S_DESCRIPCION' => 'Sedle para atender los casos de la regional occidente',
  'S_C_ID' => '1',
  'S_CANTIDAD_ENCUESTAS' => '10',
  'S_ACTIVO' => '1',
  'S_LOGO' => '7',
  'S_MUESTRA_VIDEO' => '0',
) 
2014-10-27 10:11:46 --> se va a extraer informacion del area  
2014-10-27 10:11:46 --> la informacion del area es array (
  'AR_ID' => '2',
  'AR_NOMBRE' => 'APORTES',
  'AR_DESCRIPCION' => 'Pensiones Incapacidades Cesantias Cartas FNA',
  'AR_C_ID' => '1',
  'AR_ACTIVO' => '1',
  'AR_ALIAS' => 'A',
  'AR_MOSTRAR_NOMBRE_PANTALLA' => '0',
) 
2014-10-27 10:11:46 --> se va a crear el turno 
2014-10-27 10:11:46 --> se creo el turno 5 del area A 

2014-10-27 10:18:57 --> get_areas 1 
2014-10-27 10:18:57 --> buscando areas del cliente 
2014-10-27 10:19:20 --> crear el consumidor 
2014-10-27 10:19:20 --> se creo el consumidor 22002 
2014-10-27 10:19:20 --> la informacion de la sede es array (
  'S_ID' => '4',
  'S_NOMBRE' => 'OCCIDENTE',
  'S_DESCRIPCION' => 'Sedle para atender los casos de la regional occidente',
  'S_C_ID' => '1',
  'S_CANTIDAD_ENCUESTAS' => '10',
  'S_ACTIVO' => '1',
  'S_LOGO' => '7',
  'S_MUESTRA_VIDEO' => '0',
) 
2014-10-27 10:19:20 --> se va a extraer informacion del area  
2014-10-27 10:19:20 --> la informacion del area es array (
  'AR_ID' => '5',
  'AR_NOMBRE' => 'OTROS',
  'AR_DESCRIPCION' => 'Otros',
  'AR_C_ID' => '1',
  'AR_ACTIVO' => '1',
  'AR_ALIAS' => 'O',
  'AR_MOSTRAR_NOMBRE_PANTALLA' => '0',
) 
2014-10-27 10:19:20 --> se va a crear el turno 
2014-10-27 10:19:20 --> se creo el turno 4 del area O 

2014-10-27 10:25:12 --> get_areas 1 
2014-10-27 10:25:12 --> buscando areas del cliente 

2014-10-27 10:32:39 --> get_areas 1 
2014-10-27 10:32:39 --> buscando areas del cliente 
2014-10-27 10:32:54 --> crear el consumidor 
2014-10-27 10:32:54 --> se creo el consumidor 22005 
2014-10-27 10:32:54 --> la informacion de la sede es array (
  'S_ID' => '4',
  'S_NOMBRE' => 'OCCIDENTE',
  'S_DESCRIPCION' => 'Sedle para atender los casos de la regional occidente',
  'S_C_ID' => '1',
  'S_CANTIDAD_ENCUESTAS' => '10',
  'S_ACTIVO' => '1',
  'S_LOGO' => '7',
  'S_MUESTRA_VIDEO' => '0',
) 
2014-10-27 10:32:54 --> se va a extraer informacion del area  
2014-10-27 10:32:54 --> la informacion del area es array (
  'AR_ID' => '5',
  'AR_NOMBRE' => 'OTROS',
  'AR_DESCRIPCION' => 'Otros',
  'AR_C_ID' => '1',
  'AR_ACTIVO' => '1',
  'AR_ALIAS' => 'O',
  'AR_MOSTRAR_NOMBRE_PANTALLA' => '0',
) 
2014-10-27 10:32:54 --> se va a crear el turno 
2014-10-27 10:32:54 --> se creo el turno 5 del area O 

2014-10-27 10:38:39 --> get_areas 1 
2014-10-27 10:38:39 --> buscando areas del cliente 
2014-10-27 10:39:01 --> crear el consumidor 
2014-10-27 10:39:01 --> se creo el consumidor 22007 
2014-10-27 10:39:01 --> la informacion de la sede es array (
  'S_ID' => '4',
  'S_NOMBRE' => 'OCCIDENTE',
  'S_DESCRIPCION' => 'Sedle para atender los casos de la regional occidente',
  'S_C_ID' => '1',
  'S_CANTIDAD_ENCUESTAS' => '10',
  'S_ACTIVO' => '1',
  'S_LOGO' => '7',
  'S_MUESTRA_VIDEO' => '0',
) 
2014-10-27 10:39:01 --> se va a extraer informacion del area  
2014-10-27 10:39:01 --> la informacion del area es array (
  'AR_ID' => '1',
  'AR_NOMBRE' => 'GERENCIA_DEL_SERVICIO',
  'AR_DESCRIPCION' => 'Cartas punto de venta Cartas de renuncia',
  'AR_C_ID' => '1',
  'AR_ACTIVO' => '1',
  'AR_ALIAS' => 'GS',
  'AR_MOSTRAR_NOMBRE_PANTALLA' => '0',
) 
2014-10-27 10:39:01 --> se va a crear el turno 
2014-10-27 10:39:01 --> se creo el turno 6 del area GS 

2014-10-27 10:47:05 --> get_areas 1 
2014-10-27 10:47:05 --> buscando areas del cliente 
2014-10-27 10:47:24 --> crear el consumidor 
2014-10-27 10:47:24 --> se creo el consumidor 22011 
2014-10-27 10:47:24 --> la informacion de la sede es array (
  'S_ID' => '4',
  'S_NOMBRE' => 'OCCIDENTE',
  'S_DESCRIPCION' => 'Sedle para atender los casos de la regional occidente',
  'S_C_ID' => '1',
  'S_CANTIDAD_ENCUESTAS' => '10',
  'S_ACTIVO' => '1',
  'S_LOGO' => '7',
  'S_MUESTRA_VIDEO' => '0',
) 
2014-10-27 10:47:24 --> se va a extraer informacion del area  
2014-10-27 10:47:24 --> la informacion del area es array (
  'AR_ID' => '5',
  'AR_NOMBRE' => 'OTROS',
  'AR_DESCRIPCION' => 'Otros',
  'AR_C_ID' => '1',
  'AR_ACTIVO' => '1',
  'AR_ALIAS' => 'O',
  'AR_MOSTRAR_NOMBRE_PANTALLA' => '0',
) 
2014-10-27 10:47:24 --> se va a crear el turno 
2014-10-27 10:47:24 --> se creo el turno 6 del area O 

2014-10-27 10:50:31 --> get_areas 1 
2014-10-27 10:50:31 --> buscando areas del cliente 
2014-10-27 10:50:45 --> crear el consumidor 
2014-10-27 10:50:45 --> se creo el consumidor 22014 
2014-10-27 10:50:45 --> la informacion de la sede es array (
  'S_ID' => '4',
  'S_NOMBRE' => 'OCCIDENTE',
  'S_DESCRIPCION' => 'Sedle para atender los casos de la regional occidente',
  'S_C_ID' => '1',
  'S_CANTIDAD_ENCUESTAS' => '10',
  'S_ACTIVO' => '1',
  'S_LOGO' => '7',
  'S_MUESTRA_VIDEO' => '0',
) 
2014-10-27 10:50:45 --> se va a extraer informacion del area  
2014-10-27 10:50:45 --> la informacion del area es array (
  'AR_ID' => '5',
  'AR_NOMBRE' => 'OTROS',
  'AR_DESCRIPCION' => 'Otros',
  'AR_C_ID' => '1',
  'AR_ACTIVO' => '1',
  'AR_ALIAS' => 'O',
  'AR_MOSTRAR_NOMBRE_PANTALLA' => '0',
) 
2014-10-27 10:50:45 --> se va a crear el turno 
2014-10-27 10:50:45 --> se creo el turno 7 del area O 

2014-10-27 11:00:52 --> get_areas 1 
2014-10-27 11:00:52 --> buscando areas del cliente 
2014-10-27 11:01:05 --> crear el consumidor 
2014-10-27 11:01:05 --> se creo el consumidor 22017 
2014-10-27 11:01:05 --> la informacion de la sede es array (
  'S_ID' => '4',
  'S_NOMBRE' => 'OCCIDENTE',
  'S_DESCRIPCION' => 'Sedle para atender los casos de la regional occidente',
  'S_C_ID' => '1',
  'S_CANTIDAD_ENCUESTAS' => '10',
  'S_ACTIVO' => '1',
  'S_LOGO' => '7',
  'S_MUESTRA_VIDEO' => '0',
) 
2014-10-27 11:01:05 --> se va a extraer informacion del area  
2014-10-27 11:01:05 --> la informacion del area es array (
  'AR_ID' => '5',
  'AR_NOMBRE' => 'OTROS',
  'AR_DESCRIPCION' => 'Otros',
  'AR_C_ID' => '1',
  'AR_ACTIVO' => '1',
  'AR_ALIAS' => 'O',
  'AR_MOSTRAR_NOMBRE_PANTALLA' => '0',
) 
2014-10-27 11:01:05 --> se va a crear el turno 
2014-10-27 11:01:05 --> se creo el turno 8 del area O 

2014-10-27 11:01:46 --> get_areas 1 
2014-10-27 11:01:46 --> buscando areas del cliente 
2014-10-27 11:01:58 --> crear el consumidor 
2014-10-27 11:01:58 --> se creo el consumidor 22018 
2014-10-27 11:01:58 --> la informacion de la sede es array (
  'S_ID' => '4',
  'S_NOMBRE' => 'OCCIDENTE',
  'S_DESCRIPCION' => 'Sedle para atender los casos de la regional occidente',
  'S_C_ID' => '1',
  'S_CANTIDAD_ENCUESTAS' => '10',
  'S_ACTIVO' => '1',
  'S_LOGO' => '7',
  'S_MUESTRA_VIDEO' => '0',
) 
2014-10-27 11:01:58 --> se va a extraer informacion del area  
2014-10-27 11:01:58 --> la informacion del area es array (
  'AR_ID' => '5',
  'AR_NOMBRE' => 'OTROS',
  'AR_DESCRIPCION' => 'Otros',
  'AR_C_ID' => '1',
  'AR_ACTIVO' => '1',
  'AR_ALIAS' => 'O',
  'AR_MOSTRAR_NOMBRE_PANTALLA' => '0',
) 
2014-10-27 11:01:58 --> se va a crear el turno 
2014-10-27 11:01:58 --> se creo el turno 9 del area O 

2014-10-27 11:02:36 --> get_areas 1 
2014-10-27 11:02:36 --> buscando areas del cliente 
2014-10-27 11:02:41 --> crear el consumidor 
2014-10-27 11:02:41 --> se creo el consumidor 22020 
2014-10-27 11:02:41 --> la informacion de la sede es array (
  'S_ID' => '4',
  'S_NOMBRE' => 'OCCIDENTE',
  'S_DESCRIPCION' => 'Sedle para atender los casos de la regional occidente',
  'S_C_ID' => '1',
  'S_CANTIDAD_ENCUESTAS' => '10',
  'S_ACTIVO' => '1',
  'S_LOGO' => '7',
  'S_MUESTRA_VIDEO' => '0',
) 
2014-10-27 11:02:41 --> se va a extraer informacion del area  
2014-10-27 11:02:41 --> la informacion del area es array (
  'AR_ID' => '2',
  'AR_NOMBRE' => 'APORTES',
  'AR_DESCRIPCION' => 'Pensiones Incapacidades Cesantias Cartas FNA',
  'AR_C_ID' => '1',
  'AR_ACTIVO' => '1',
  'AR_ALIAS' => 'A',
  'AR_MOSTRAR_NOMBRE_PANTALLA' => '0',
) 
2014-10-27 11:02:41 --> se va a crear el turno 
2014-10-27 11:02:41 --> se creo el turno 6 del area A 

2014-10-27 11:17:02 --> get_areas 1 
2014-10-27 11:17:02 --> buscando areas del cliente 
2014-10-27 11:17:18 --> crear el consumidor 
2014-10-27 11:17:18 --> se creo el consumidor 22023 
2014-10-27 11:17:18 --> la informacion de la sede es array (
  'S_ID' => '4',
  'S_NOMBRE' => 'OCCIDENTE',
  'S_DESCRIPCION' => 'Sedle para atender los casos de la regional occidente',
  'S_C_ID' => '1',
  'S_CANTIDAD_ENCUESTAS' => '10',
  'S_ACTIVO' => '1',
  'S_LOGO' => '7',
  'S_MUESTRA_VIDEO' => '0',
) 
2014-10-27 11:17:18 --> se va a extraer informacion del area  
2014-10-27 11:17:18 --> la informacion del area es array (
  'AR_ID' => '5',
  'AR_NOMBRE' => 'OTROS',
  'AR_DESCRIPCION' => 'Otros',
  'AR_C_ID' => '1',
  'AR_ACTIVO' => '1',
  'AR_ALIAS' => 'O',
  'AR_MOSTRAR_NOMBRE_PANTALLA' => '0',
) 
2014-10-27 11:17:18 --> se va a crear el turno 
2014-10-27 11:17:18 --> se creo el turno 10 del area O 

2014-10-27 11:19:16 --> get_areas 1 
2014-10-27 11:19:16 --> buscando areas del cliente 
2014-10-27 11:19:20 --> crear el consumidor 
2014-10-27 11:19:20 --> se creo el consumidor 22024 
2014-10-27 11:19:20 --> la informacion de la sede es array (
  'S_ID' => '3',
  'S_NOMBRE' => 'NORTE',
  'S_DESCRIPCION' => 'Sede para atender los casos de la regional norte',
  'S_C_ID' => '1',
  'S_CANTIDAD_ENCUESTAS' => '10',
  'S_ACTIVO' => '1',
  'S_LOGO' => '7',
  'S_MUESTRA_VIDEO' => '0',
) 
2014-10-27 11:19:20 --> se va a extraer informacion del area  
2014-10-27 11:19:20 --> la informacion del area es array (
  'AR_ID' => '2',
  'AR_NOMBRE' => 'APORTES',
  'AR_DESCRIPCION' => 'Pensiones Incapacidades Cesantias Cartas FNA',
  'AR_C_ID' => '1',
  'AR_ACTIVO' => '1',
  'AR_ALIAS' => 'A',
  'AR_MOSTRAR_NOMBRE_PANTALLA' => '0',
) 
2014-10-27 11:19:20 --> se va a crear el turno 
2014-10-27 11:19:20 --> se creo el turno 5 del area A 

2014-10-27 11:25:02 --> get_areas 1 
2014-10-27 11:25:02 --> buscando areas del cliente 
2014-10-27 11:25:18 --> crear el consumidor 
2014-10-27 11:25:18 --> se creo el consumidor 22026 
2014-10-27 11:25:18 --> la informacion de la sede es array (
  'S_ID' => '3',
  'S_NOMBRE' => 'NORTE',
  'S_DESCRIPCION' => 'Sede para atender los casos de la regional norte',
  'S_C_ID' => '1',
  'S_CANTIDAD_ENCUESTAS' => '10',
  'S_ACTIVO' => '1',
  'S_LOGO' => '7',
  'S_MUESTRA_VIDEO' => '0',
) 
2014-10-27 11:25:18 --> se va a extraer informacion del area  
2014-10-27 11:25:18 --> la informacion del area es array (
  'AR_ID' => '5',
  'AR_NOMBRE' => 'OTROS',
  'AR_DESCRIPCION' => 'Otros',
  'AR_C_ID' => '1',
  'AR_ACTIVO' => '1',
  'AR_ALIAS' => 'O',
  'AR_MOSTRAR_NOMBRE_PANTALLA' => '0',
) 
2014-10-27 11:25:18 --> se va a crear el turno 
2014-10-27 11:25:18 --> se creo el turno 1 del area O 

2014-10-27 11:32:25 --> get_areas 1 
2014-10-27 11:32:25 --> buscando areas del cliente 
2014-10-27 11:32:35 --> crear el consumidor 
2014-10-27 11:32:35 --> se creo el consumidor 22030 
2014-10-27 11:32:35 --> la informacion de la sede es array (
  'S_ID' => '4',
  'S_NOMBRE' => 'OCCIDENTE',
  'S_DESCRIPCION' => 'Sedle para atender los casos de la regional occidente',
  'S_C_ID' => '1',
  'S_CANTIDAD_ENCUESTAS' => '10',
  'S_ACTIVO' => '1',
  'S_LOGO' => '7',
  'S_MUESTRA_VIDEO' => '0',
) 
2014-10-27 11:32:35 --> se va a extraer informacion del area  
2014-10-27 11:32:35 --> la informacion del area es array (
  'AR_ID' => '1',
  'AR_NOMBRE' => 'GERENCIA_DEL_SERVICIO',
  'AR_DESCRIPCION' => 'Cartas punto de venta Cartas de renuncia',
  'AR_C_ID' => '1',
  'AR_ACTIVO' => '1',
  'AR_ALIAS' => 'GS',
  'AR_MOSTRAR_NOMBRE_PANTALLA' => '0',
) 
2014-10-27 11:32:35 --> se va a crear el turno 
2014-10-27 11:32:35 --> se creo el turno 7 del area GS 

2014-10-27 11:32:39 --> get_areas 1 
2014-10-27 11:32:39 --> buscando areas del cliente 
2014-10-27 11:32:56 --> crear el consumidor 
2014-10-27 11:32:56 --> se creo el consumidor 22031 
2014-10-27 11:32:56 --> la informacion de la sede es array (
  'S_ID' => '4',
  'S_NOMBRE' => 'OCCIDENTE',
  'S_DESCRIPCION' => 'Sedle para atender los casos de la regional occidente',
  'S_C_ID' => '1',
  'S_CANTIDAD_ENCUESTAS' => '10',
  'S_ACTIVO' => '1',
  'S_LOGO' => '7',
  'S_MUESTRA_VIDEO' => '0',
) 
2014-10-27 11:32:56 --> se va a extraer informacion del area  
2014-10-27 11:32:56 --> la informacion del area es array (
  'AR_ID' => '5',
  'AR_NOMBRE' => 'OTROS',
  'AR_DESCRIPCION' => 'Otros',
  'AR_C_ID' => '1',
  'AR_ACTIVO' => '1',
  'AR_ALIAS' => 'O',
  'AR_MOSTRAR_NOMBRE_PANTALLA' => '0',
) 
2014-10-27 11:32:56 --> se va a crear el turno 
2014-10-27 11:32:56 --> se creo el turno 11 del area O 

2014-10-27 11:36:32 --> get_areas 1 
2014-10-27 11:36:32 --> buscando areas del cliente 
2014-10-27 11:36:49 --> crear el consumidor 
2014-10-27 11:36:49 --> se creo el consumidor 22033 
2014-10-27 11:36:49 --> la informacion de la sede es array (
  'S_ID' => '4',
  'S_NOMBRE' => 'OCCIDENTE',
  'S_DESCRIPCION' => 'Sedle para atender los casos de la regional occidente',
  'S_C_ID' => '1',
  'S_CANTIDAD_ENCUESTAS' => '10',
  'S_ACTIVO' => '1',
  'S_LOGO' => '7',
  'S_MUESTRA_VIDEO' => '0',
) 
2014-10-27 11:36:49 --> se va a extraer informacion del area  
2014-10-27 11:36:49 --> la informacion del area es array (
  'AR_ID' => '1',
  'AR_NOMBRE' => 'GERENCIA_DEL_SERVICIO',
  'AR_DESCRIPCION' => 'Cartas punto de venta Cartas de renuncia',
  'AR_C_ID' => '1',
  'AR_ACTIVO' => '1',
  'AR_ALIAS' => 'GS',
  'AR_MOSTRAR_NOMBRE_PANTALLA' => '0',
) 
2014-10-27 11:36:49 --> se va a crear el turno 
2014-10-27 11:36:49 --> se creo el turno 8 del area GS 

2014-10-27 11:45:55 --> get_areas 1 
2014-10-27 11:45:55 --> buscando areas del cliente 
2014-10-27 11:46:17 --> crear el consumidor 
2014-10-27 11:46:17 --> se creo el consumidor 22039 
2014-10-27 11:46:17 --> la informacion de la sede es array (
  'S_ID' => '4',
  'S_NOMBRE' => 'OCCIDENTE',
  'S_DESCRIPCION' => 'Sedle para atender los casos de la regional occidente',
  'S_C_ID' => '1',
  'S_CANTIDAD_ENCUESTAS' => '10',
  'S_ACTIVO' => '1',
  'S_LOGO' => '7',
  'S_MUESTRA_VIDEO' => '0',
) 
2014-10-27 11:46:17 --> se va a extraer informacion del area  
2014-10-27 11:46:17 --> la informacion del area es array (
  'AR_ID' => '5',
  'AR_NOMBRE' => 'OTROS',
  'AR_DESCRIPCION' => 'Otros',
  'AR_C_ID' => '1',
  'AR_ACTIVO' => '1',
  'AR_ALIAS' => 'O',
  'AR_MOSTRAR_NOMBRE_PANTALLA' => '0',
) 
2014-10-27 11:46:17 --> se va a crear el turno 
2014-10-27 11:46:17 --> se creo el turno 12 del area O 

2014-10-27 12:06:35 --> get_areas 1 
2014-10-27 12:06:35 --> buscando areas del cliente 
2014-10-27 12:06:44 --> crear el consumidor 
2014-10-27 12:06:44 --> se creo el consumidor 22043 
2014-10-27 12:06:44 --> la informacion de la sede es array (
  'S_ID' => '4',
  'S_NOMBRE' => 'OCCIDENTE',
  'S_DESCRIPCION' => 'Sedle para atender los casos de la regional occidente',
  'S_C_ID' => '1',
  'S_CANTIDAD_ENCUESTAS' => '10',
  'S_ACTIVO' => '1',
  'S_LOGO' => '7',
  'S_MUESTRA_VIDEO' => '0',
) 
2014-10-27 12:06:44 --> se va a extraer informacion del area  
2014-10-27 12:06:44 --> la informacion del area es array (
  'AR_ID' => '5',
  'AR_NOMBRE' => 'OTROS',
  'AR_DESCRIPCION' => 'Otros',
  'AR_C_ID' => '1',
  'AR_ACTIVO' => '1',
  'AR_ALIAS' => 'O',
  'AR_MOSTRAR_NOMBRE_PANTALLA' => '0',
) 
2014-10-27 12:06:44 --> se va a crear el turno 
2014-10-27 12:06:44 --> se creo el turno 13 del area O 

2014-10-27 12:26:01 --> get_areas 1 
2014-10-27 12:26:01 --> buscando areas del cliente 
2014-10-27 12:26:18 --> crear el consumidor 
2014-10-27 12:26:18 --> se creo el consumidor 22044 
2014-10-27 12:26:18 --> la informacion de la sede es array (
  'S_ID' => '4',
  'S_NOMBRE' => 'OCCIDENTE',
  'S_DESCRIPCION' => 'Sedle para atender los casos de la regional occidente',
  'S_C_ID' => '1',
  'S_CANTIDAD_ENCUESTAS' => '10',
  'S_ACTIVO' => '1',
  'S_LOGO' => '7',
  'S_MUESTRA_VIDEO' => '0',
) 
2014-10-27 12:26:18 --> se va a extraer informacion del area  
2014-10-27 12:26:18 --> la informacion del area es array (
  'AR_ID' => '5',
  'AR_NOMBRE' => 'OTROS',
  'AR_DESCRIPCION' => 'Otros',
  'AR_C_ID' => '1',
  'AR_ACTIVO' => '1',
  'AR_ALIAS' => 'O',
  'AR_MOSTRAR_NOMBRE_PANTALLA' => '0',
) 
2014-10-27 12:26:18 --> se va a crear el turno 
2014-10-27 12:26:18 --> se creo el turno 14 del area O 

2014-10-27 12:38:38 --> get_areas 1 
2014-10-27 12:38:38 --> buscando areas del cliente 
2014-10-27 12:38:57 --> crear el consumidor 
2014-10-27 12:38:57 --> se creo el consumidor 22046 
2014-10-27 12:38:57 --> la informacion de la sede es array (
  'S_ID' => '4',
  'S_NOMBRE' => 'OCCIDENTE',
  'S_DESCRIPCION' => 'Sedle para atender los casos de la regional occidente',
  'S_C_ID' => '1',
  'S_CANTIDAD_ENCUESTAS' => '10',
  'S_ACTIVO' => '1',
  'S_LOGO' => '7',
  'S_MUESTRA_VIDEO' => '0',
) 
2014-10-27 12:38:57 --> se va a extraer informacion del area  
2014-10-27 12:38:57 --> la informacion del area es array (
  'AR_ID' => '2',
  'AR_NOMBRE' => 'APORTES',
  'AR_DESCRIPCION' => 'Pensiones Incapacidades Cesantias Cartas FNA',
  'AR_C_ID' => '1',
  'AR_ACTIVO' => '1',
  'AR_ALIAS' => 'A',
  'AR_MOSTRAR_NOMBRE_PANTALLA' => '0',
) 
2014-10-27 12:38:57 --> se va a crear el turno 
2014-10-27 12:38:57 --> se creo el turno 7 del area A 

2014-10-27 14:03:07 --> get_areas 1 
2014-10-27 14:03:07 --> buscando areas del cliente 
2014-10-27 14:03:10 --> crear el consumidor 
2014-10-27 14:03:10 --> se creo el consumidor 22048 
2014-10-27 14:03:10 --> la informacion de la sede es array (
  'S_ID' => '3',
  'S_NOMBRE' => 'NORTE',
  'S_DESCRIPCION' => 'Sede para atender los casos de la regional norte',
  'S_C_ID' => '1',
  'S_CANTIDAD_ENCUESTAS' => '10',
  'S_ACTIVO' => '1',
  'S_LOGO' => '7',
  'S_MUESTRA_VIDEO' => '0',
) 
2014-10-27 14:03:10 --> se va a extraer informacion del area  
2014-10-27 14:03:10 --> la informacion del area es array (
  'AR_ID' => '2',
  'AR_NOMBRE' => 'APORTES',
  'AR_DESCRIPCION' => 'Pensiones Incapacidades Cesantias Cartas FNA',
  'AR_C_ID' => '1',
  'AR_ACTIVO' => '1',
  'AR_ALIAS' => 'A',
  'AR_MOSTRAR_NOMBRE_PANTALLA' => '0',
) 
2014-10-27 14:03:10 --> se va a crear el turno 
2014-10-27 14:03:10 --> se creo el turno 6 del area A 

2014-10-27 14:16:15 --> get_areas 1 
2014-10-27 14:16:15 --> buscando areas del cliente 
2014-10-27 14:16:32 --> crear el consumidor 
2014-10-27 14:16:32 --> se creo el consumidor 22049 
2014-10-27 14:16:32 --> la informacion de la sede es array (
  'S_ID' => '4',
  'S_NOMBRE' => 'OCCIDENTE',
  'S_DESCRIPCION' => 'Sedle para atender los casos de la regional occidente',
  'S_C_ID' => '1',
  'S_CANTIDAD_ENCUESTAS' => '10',
  'S_ACTIVO' => '1',
  'S_LOGO' => '7',
  'S_MUESTRA_VIDEO' => '0',
) 
2014-10-27 14:16:32 --> se va a extraer informacion del area  
2014-10-27 14:16:32 --> la informacion del area es array (
  'AR_ID' => '5',
  'AR_NOMBRE' => 'OTROS',
  'AR_DESCRIPCION' => 'Otros',
  'AR_C_ID' => '1',
  'AR_ACTIVO' => '1',
  'AR_ALIAS' => 'O',
  'AR_MOSTRAR_NOMBRE_PANTALLA' => '0',
) 
2014-10-27 14:16:32 --> se va a crear el turno 
2014-10-27 14:16:32 --> se creo el turno 15 del area O 

2014-10-27 14:17:53 --> get_areas 1 
2014-10-27 14:17:53 --> buscando areas del cliente 
2014-10-27 14:18:06 --> crear el consumidor 
2014-10-27 14:18:06 --> se creo el consumidor 22050 
2014-10-27 14:18:06 --> la informacion de la sede es array (
  'S_ID' => '4',
  'S_NOMBRE' => 'OCCIDENTE',
  'S_DESCRIPCION' => 'Sedle para atender los casos de la regional occidente',
  'S_C_ID' => '1',
  'S_CANTIDAD_ENCUESTAS' => '10',
  'S_ACTIVO' => '1',
  'S_LOGO' => '7',
  'S_MUESTRA_VIDEO' => '0',
) 
2014-10-27 14:18:06 --> se va a extraer informacion del area  
2014-10-27 14:18:06 --> la informacion del area es array (
  'AR_ID' => '2',
  'AR_NOMBRE' => 'APORTES',
  'AR_DESCRIPCION' => 'Pensiones Incapacidades Cesantias Cartas FNA',
  'AR_C_ID' => '1',
  'AR_ACTIVO' => '1',
  'AR_ALIAS' => 'A',
  'AR_MOSTRAR_NOMBRE_PANTALLA' => '0',
) 
2014-10-27 14:18:06 --> se va a crear el turno 
2014-10-27 14:18:06 --> se creo el turno 8 del area A 

2014-10-27 14:48:21 --> get_areas 1 
2014-10-27 14:48:21 --> buscando areas del cliente 
2014-10-27 14:48:41 --> crear el consumidor 
2014-10-27 14:48:41 --> se creo el consumidor 22057 
2014-10-27 14:48:41 --> la informacion de la sede es array (
  'S_ID' => '4',
  'S_NOMBRE' => 'OCCIDENTE',
  'S_DESCRIPCION' => 'Sedle para atender los casos de la regional occidente',
  'S_C_ID' => '1',
  'S_CANTIDAD_ENCUESTAS' => '10',
  'S_ACTIVO' => '1',
  'S_LOGO' => '7',
  'S_MUESTRA_VIDEO' => '0',
) 
2014-10-27 14:48:41 --> se va a extraer informacion del area  
2014-10-27 14:48:41 --> la informacion del area es array (
  'AR_ID' => '2',
  'AR_NOMBRE' => 'APORTES',
  'AR_DESCRIPCION' => 'Pensiones Incapacidades Cesantias Cartas FNA',
  'AR_C_ID' => '1',
  'AR_ACTIVO' => '1',
  'AR_ALIAS' => 'A',
  'AR_MOSTRAR_NOMBRE_PANTALLA' => '0',
) 
2014-10-27 14:48:41 --> se va a crear el turno 
2014-10-27 14:48:41 --> se creo el turno 9 del area A 

2014-10-27 14:49:33 --> get_areas 1 
2014-10-27 14:49:33 --> buscando areas del cliente 

2014-10-27 14:49:45 --> get_areas 1 
2014-10-27 14:49:45 --> buscando areas del cliente 
2014-10-27 14:49:51 --> crear el consumidor 
2014-10-27 14:49:51 --> crear el consumidor 
2014-10-27 14:49:51 --> se creo el consumidor 22058 
2014-10-27 14:49:51 --> se creo el consumidor 22059 
2014-10-27 14:49:51 --> la informacion de la sede es array (
  'S_ID' => '4',
  'S_NOMBRE' => 'OCCIDENTE',
  'S_DESCRIPCION' => 'Sedle para atender los casos de la regional occidente',
  'S_C_ID' => '1',
  'S_CANTIDAD_ENCUESTAS' => '10',
  'S_ACTIVO' => '1',
  'S_LOGO' => '7',
  'S_MUESTRA_VIDEO' => '0',
) 
2014-10-27 14:49:51 --> se va a extraer informacion del area  
2014-10-27 14:49:51 --> la informacion de la sede es array (
  'S_ID' => '4',
  'S_NOMBRE' => 'OCCIDENTE',
  'S_DESCRIPCION' => 'Sedle para atender los casos de la regional occidente',
  'S_C_ID' => '1',
  'S_CANTIDAD_ENCUESTAS' => '10',
  'S_ACTIVO' => '1',
  'S_LOGO' => '7',
  'S_MUESTRA_VIDEO' => '0',
) 
2014-10-27 14:49:51 --> se va a extraer informacion del area  
2014-10-27 14:49:51 --> la informacion del area es array (
  'AR_ID' => '2',
  'AR_NOMBRE' => 'APORTES',
  'AR_DESCRIPCION' => 'Pensiones Incapacidades Cesantias Cartas FNA',
  'AR_C_ID' => '1',
  'AR_ACTIVO' => '1',
  'AR_ALIAS' => 'A',
  'AR_MOSTRAR_NOMBRE_PANTALLA' => '0',
) 
2014-10-27 14:49:51 --> se va a crear el turno 
2014-10-27 14:49:51 --> la informacion del area es array (
  'AR_ID' => '2',
  'AR_NOMBRE' => 'APORTES',
  'AR_DESCRIPCION' => 'Pensiones Incapacidades Cesantias Cartas FNA',
  'AR_C_ID' => '1',
  'AR_ACTIVO' => '1',
  'AR_ALIAS' => 'A',
  'AR_MOSTRAR_NOMBRE_PANTALLA' => '0',
) 
2014-10-27 14:49:51 --> se va a crear el turno 
2014-10-27 14:49:51 --> se creo el turno 10 del area A 
2014-10-27 14:49:51 --> se creo el turno 11 del area A 

2014-10-27 15:06:28 --> get_areas 1 
2014-10-27 15:06:28 --> buscando areas del cliente 
2014-10-27 15:06:50 --> crear el consumidor 
2014-10-27 15:06:50 --> se creo el consumidor 22066 
2014-10-27 15:06:50 --> la informacion de la sede es array (
  'S_ID' => '4',
  'S_NOMBRE' => 'OCCIDENTE',
  'S_DESCRIPCION' => 'Sedle para atender los casos de la regional occidente',
  'S_C_ID' => '1',
  'S_CANTIDAD_ENCUESTAS' => '10',
  'S_ACTIVO' => '1',
  'S_LOGO' => '7',
  'S_MUESTRA_VIDEO' => '0',
) 
2014-10-27 15:06:50 --> se va a extraer informacion del area  
2014-10-27 15:06:50 --> la informacion del area es array (
  'AR_ID' => '5',
  'AR_NOMBRE' => 'OTROS',
  'AR_DESCRIPCION' => 'Otros',
  'AR_C_ID' => '1',
  'AR_ACTIVO' => '1',
  'AR_ALIAS' => 'O',
  'AR_MOSTRAR_NOMBRE_PANTALLA' => '0',
) 
2014-10-27 15:06:50 --> se va a crear el turno 
2014-10-27 15:06:50 --> se creo el turno 16 del area O 

2014-10-27 15:07:35 --> get_areas 1 
2014-10-27 15:07:35 --> buscando areas del cliente 
2014-10-27 15:07:42 --> crear el consumidor 
2014-10-27 15:07:42 --> se creo el consumidor 22068 
2014-10-27 15:07:42 --> la informacion de la sede es array (
  'S_ID' => '4',
  'S_NOMBRE' => 'OCCIDENTE',
  'S_DESCRIPCION' => 'Sedle para atender los casos de la regional occidente',
  'S_C_ID' => '1',
  'S_CANTIDAD_ENCUESTAS' => '10',
  'S_ACTIVO' => '1',
  'S_LOGO' => '7',
  'S_MUESTRA_VIDEO' => '0',
) 
2014-10-27 15:07:42 --> se va a extraer informacion del area  
2014-10-27 15:07:42 --> la informacion del area es array (
  'AR_ID' => '5',
  'AR_NOMBRE' => 'OTROS',
  'AR_DESCRIPCION' => 'Otros',
  'AR_C_ID' => '1',
  'AR_ACTIVO' => '1',
  'AR_ALIAS' => 'O',
  'AR_MOSTRAR_NOMBRE_PANTALLA' => '0',
) 
2014-10-27 15:07:42 --> se va a crear el turno 
2014-10-27 15:07:42 --> se creo el turno 17 del area O 

2014-10-27 15:09:46 --> get_areas 1 
2014-10-27 15:09:46 --> buscando areas del cliente 
2014-10-27 15:09:58 --> crear el consumidor 
2014-10-27 15:09:58 --> se creo el consumidor 22070 
2014-10-27 15:09:58 --> la informacion de la sede es array (
  'S_ID' => '4',
  'S_NOMBRE' => 'OCCIDENTE',
  'S_DESCRIPCION' => 'Sedle para atender los casos de la regional occidente',
  'S_C_ID' => '1',
  'S_CANTIDAD_ENCUESTAS' => '10',
  'S_ACTIVO' => '1',
  'S_LOGO' => '7',
  'S_MUESTRA_VIDEO' => '0',
) 
2014-10-27 15:09:58 --> se va a extraer informacion del area  
2014-10-27 15:09:58 --> la informacion del area es array (
  'AR_ID' => '1',
  'AR_NOMBRE' => 'GERENCIA_DEL_SERVICIO',
  'AR_DESCRIPCION' => 'Cartas punto de venta Cartas de renuncia',
  'AR_C_ID' => '1',
  'AR_ACTIVO' => '1',
  'AR_ALIAS' => 'GS',
  'AR_MOSTRAR_NOMBRE_PANTALLA' => '0',
) 
2014-10-27 15:09:58 --> se va a crear el turno 
2014-10-27 15:09:58 --> se creo el turno 9 del area GS 

2014-10-27 15:17:55 --> get_areas 1 
2014-10-27 15:17:55 --> buscando areas del cliente 
2014-10-27 15:18:16 --> crear el consumidor 
2014-10-27 15:18:16 --> se creo el consumidor 22075 
2014-10-27 15:18:16 --> la informacion de la sede es array (
  'S_ID' => '4',
  'S_NOMBRE' => 'OCCIDENTE',
  'S_DESCRIPCION' => 'Sedle para atender los casos de la regional occidente',
  'S_C_ID' => '1',
  'S_CANTIDAD_ENCUESTAS' => '10',
  'S_ACTIVO' => '1',
  'S_LOGO' => '7',
  'S_MUESTRA_VIDEO' => '0',
) 
2014-10-27 15:18:16 --> se va a extraer informacion del area  
2014-10-27 15:18:16 --> la informacion del area es array (
  'AR_ID' => '1',
  'AR_NOMBRE' => 'GERENCIA_DEL_SERVICIO',
  'AR_DESCRIPCION' => 'Cartas punto de venta Cartas de renuncia',
  'AR_C_ID' => '1',
  'AR_ACTIVO' => '1',
  'AR_ALIAS' => 'GS',
  'AR_MOSTRAR_NOMBRE_PANTALLA' => '0',
) 
2014-10-27 15:18:16 --> se va a crear el turno 
2014-10-27 15:18:16 --> se creo el turno 10 del area GS 

2014-10-27 15:23:17 --> get_areas 1 
2014-10-27 15:23:17 --> buscando areas del cliente 
2014-10-27 15:23:20 --> crear el consumidor 
2014-10-27 15:23:20 --> se creo el consumidor 22077 
2014-10-27 15:23:20 --> la informacion de la sede es array (
  'S_ID' => '4',
  'S_NOMBRE' => 'OCCIDENTE',
  'S_DESCRIPCION' => 'Sedle para atender los casos de la regional occidente',
  'S_C_ID' => '1',
  'S_CANTIDAD_ENCUESTAS' => '10',
  'S_ACTIVO' => '1',
  'S_LOGO' => '7',
  'S_MUESTRA_VIDEO' => '0',
) 
2014-10-27 15:23:20 --> se va a extraer informacion del area  
2014-10-27 15:23:20 --> la informacion del area es array (
  'AR_ID' => '2',
  'AR_NOMBRE' => 'APORTES',
  'AR_DESCRIPCION' => 'Pensiones Incapacidades Cesantias Cartas FNA',
  'AR_C_ID' => '1',
  'AR_ACTIVO' => '1',
  'AR_ALIAS' => 'A',
  'AR_MOSTRAR_NOMBRE_PANTALLA' => '0',
) 
2014-10-27 15:23:20 --> se va a crear el turno 
2014-10-27 15:23:20 --> se creo el turno 12 del area A 

2014-10-27 15:36:15 --> get_areas 1 
2014-10-27 15:36:15 --> buscando areas del cliente 
2014-10-27 15:36:28 --> crear el consumidor 
2014-10-27 15:36:28 --> se creo el consumidor 22093 
2014-10-27 15:36:28 --> la informacion de la sede es array (
  'S_ID' => '4',
  'S_NOMBRE' => 'OCCIDENTE',
  'S_DESCRIPCION' => 'Sedle para atender los casos de la regional occidente',
  'S_C_ID' => '1',
  'S_CANTIDAD_ENCUESTAS' => '10',
  'S_ACTIVO' => '1',
  'S_LOGO' => '7',
  'S_MUESTRA_VIDEO' => '0',
) 
2014-10-27 15:36:28 --> se va a extraer informacion del area  
2014-10-27 15:36:28 --> la informacion del area es array (
  'AR_ID' => '2',
  'AR_NOMBRE' => 'APORTES',
  'AR_DESCRIPCION' => 'Pensiones Incapacidades Cesantias Cartas FNA',
  'AR_C_ID' => '1',
  'AR_ACTIVO' => '1',
  'AR_ALIAS' => 'A',
  'AR_MOSTRAR_NOMBRE_PANTALLA' => '0',
) 
2014-10-27 15:36:28 --> se va a crear el turno 
2014-10-27 15:36:28 --> se creo el turno 13 del area A 

2014-10-27 15:45:28 --> get_areas 1 
2014-10-27 15:45:28 --> buscando areas del cliente 
2014-10-27 15:45:35 --> crear el consumidor 
2014-10-27 15:45:35 --> se creo el consumidor 22106 
2014-10-27 15:45:35 --> la informacion de la sede es array (
  'S_ID' => '4',
  'S_NOMBRE' => 'OCCIDENTE',
  'S_DESCRIPCION' => 'Sedle para atender los casos de la regional occidente',
  'S_C_ID' => '1',
  'S_CANTIDAD_ENCUESTAS' => '10',
  'S_ACTIVO' => '1',
  'S_LOGO' => '7',
  'S_MUESTRA_VIDEO' => '0',
) 
2014-10-27 15:45:35 --> se va a extraer informacion del area  
2014-10-27 15:45:35 --> la informacion del area es array (
  'AR_ID' => '2',
  'AR_NOMBRE' => 'APORTES',
  'AR_DESCRIPCION' => 'Pensiones Incapacidades Cesantias Cartas FNA',
  'AR_C_ID' => '1',
  'AR_ACTIVO' => '1',
  'AR_ALIAS' => 'A',
  'AR_MOSTRAR_NOMBRE_PANTALLA' => '0',
) 
2014-10-27 15:45:35 --> se va a crear el turno 
2014-10-27 15:45:35 --> se creo el turno 14 del area A 

2014-10-27 15:50:52 --> get_areas 1 
2014-10-27 15:50:52 --> buscando areas del cliente 
2014-10-27 15:51:27 --> crear el consumidor 
2014-10-27 15:51:27 --> se creo el consumidor 22112 
2014-10-27 15:51:27 --> la informacion de la sede es array (
  'S_ID' => '4',
  'S_NOMBRE' => 'OCCIDENTE',
  'S_DESCRIPCION' => 'Sedle para atender los casos de la regional occidente',
  'S_C_ID' => '1',
  'S_CANTIDAD_ENCUESTAS' => '10',
  'S_ACTIVO' => '1',
  'S_LOGO' => '7',
  'S_MUESTRA_VIDEO' => '0',
) 
2014-10-27 15:51:27 --> se va a extraer informacion del area  
2014-10-27 15:51:27 --> la informacion del area es array (
  'AR_ID' => '8',
  'AR_NOMBRE' => 'COMPENSACION_SALARIAL',
  'AR_DESCRIPCION' => 'Informacion pago nomina y liquidaciones',
  'AR_C_ID' => '1',
  'AR_ACTIVO' => '1',
  'AR_ALIAS' => 'CS',
  'AR_MOSTRAR_NOMBRE_PANTALLA' => '0',
) 
2014-10-27 15:51:27 --> se va a crear el turno 
2014-10-27 15:51:27 --> se creo el turno 1 del area CS 

2014-10-27 15:54:17 --> get_areas 1 
2014-10-27 15:54:17 --> buscando areas del cliente 
2014-10-27 15:54:20 --> crear el consumidor 
2014-10-27 15:54:20 --> se creo el consumidor 22116 
2014-10-27 15:54:20 --> la informacion de la sede es array (
  'S_ID' => '3',
  'S_NOMBRE' => 'NORTE',
  'S_DESCRIPCION' => 'Sede para atender los casos de la regional norte',
  'S_C_ID' => '1',
  'S_CANTIDAD_ENCUESTAS' => '10',
  'S_ACTIVO' => '1',
  'S_LOGO' => '7',
  'S_MUESTRA_VIDEO' => '0',
) 
2014-10-27 15:54:20 --> se va a extraer informacion del area  
2014-10-27 15:54:20 --> la informacion del area es array (
  'AR_ID' => '2',
  'AR_NOMBRE' => 'APORTES',
  'AR_DESCRIPCION' => 'Pensiones Incapacidades Cesantias Cartas FNA',
  'AR_C_ID' => '1',
  'AR_ACTIVO' => '1',
  'AR_ALIAS' => 'A',
  'AR_MOSTRAR_NOMBRE_PANTALLA' => '0',
) 
2014-10-27 15:54:20 --> se va a crear el turno 
2014-10-27 15:54:20 --> se creo el turno 7 del area A 

2014-10-27 16:38:01 --> get_areas 1 
2014-10-27 16:38:01 --> buscando areas del cliente 

2014-10-27 16:40:54 --> get_areas 1 
2014-10-27 16:40:54 --> buscando areas del cliente 
2014-10-27 16:41:01 --> crear el consumidor 
2014-10-27 16:41:01 --> se creo el consumidor 22147 
2014-10-27 16:41:01 --> la informacion de la sede es array (
  'S_ID' => '4',
  'S_NOMBRE' => 'OCCIDENTE',
  'S_DESCRIPCION' => 'Sedle para atender los casos de la regional occidente',
  'S_C_ID' => '1',
  'S_CANTIDAD_ENCUESTAS' => '10',
  'S_ACTIVO' => '1',
  'S_LOGO' => '7',
  'S_MUESTRA_VIDEO' => '0',
) 
2014-10-27 16:41:01 --> se va a extraer informacion del area  
2014-10-27 16:41:01 --> la informacion del area es array (
  'AR_ID' => '5',
  'AR_NOMBRE' => 'OTROS',
  'AR_DESCRIPCION' => 'Otros',
  'AR_C_ID' => '1',
  'AR_ACTIVO' => '1',
  'AR_ALIAS' => 'O',
  'AR_MOSTRAR_NOMBRE_PANTALLA' => '0',
) 
2014-10-27 16:41:01 --> se va a crear el turno 
2014-10-27 16:41:01 --> se creo el turno 18 del area O 

2014-10-27 16:41:58 --> get_areas 1 
2014-10-27 16:41:58 --> buscando areas del cliente 
2014-10-27 16:42:17 --> crear el consumidor 
2014-10-27 16:42:17 --> se creo el consumidor 22148 
2014-10-27 16:42:17 --> la informacion de la sede es array (
  'S_ID' => '4',
  'S_NOMBRE' => 'OCCIDENTE',
  'S_DESCRIPCION' => 'Sedle para atender los casos de la regional occidente',
  'S_C_ID' => '1',
  'S_CANTIDAD_ENCUESTAS' => '10',
  'S_ACTIVO' => '1',
  'S_LOGO' => '7',
  'S_MUESTRA_VIDEO' => '0',
) 
2014-10-27 16:42:17 --> se va a extraer informacion del area  
2014-10-27 16:42:17 --> la informacion del area es array (
  'AR_ID' => '2',
  'AR_NOMBRE' => 'APORTES',
  'AR_DESCRIPCION' => 'Pensiones Incapacidades Cesantias Cartas FNA',
  'AR_C_ID' => '1',
  'AR_ACTIVO' => '1',
  'AR_ALIAS' => 'A',
  'AR_MOSTRAR_NOMBRE_PANTALLA' => '0',
) 
2014-10-27 16:42:17 --> se va a crear el turno 
2014-10-27 16:42:17 --> se creo el turno 15 del area A 

2014-10-27 16:43:45 --> get_areas 1 
2014-10-27 16:43:45 --> buscando areas del cliente 
2014-10-27 16:43:55 --> crear el consumidor 
2014-10-27 16:43:55 --> se creo el consumidor 22149 
2014-10-27 16:43:55 --> la informacion de la sede es array (
  'S_ID' => '4',
  'S_NOMBRE' => 'OCCIDENTE',
  'S_DESCRIPCION' => 'Sedle para atender los casos de la regional occidente',
  'S_C_ID' => '1',
  'S_CANTIDAD_ENCUESTAS' => '10',
  'S_ACTIVO' => '1',
  'S_LOGO' => '7',
  'S_MUESTRA_VIDEO' => '0',
) 
2014-10-27 16:43:55 --> se va a extraer informacion del area  
2014-10-27 16:43:55 --> la informacion del area es array (
  'AR_ID' => '2',
  'AR_NOMBRE' => 'APORTES',
  'AR_DESCRIPCION' => 'Pensiones Incapacidades Cesantias Cartas FNA',
  'AR_C_ID' => '1',
  'AR_ACTIVO' => '1',
  'AR_ALIAS' => 'A',
  'AR_MOSTRAR_NOMBRE_PANTALLA' => '0',
) 
2014-10-27 16:43:55 --> se va a crear el turno 
2014-10-27 16:43:55 --> se creo el turno 16 del area A 

2014-10-27 16:45:38 --> get_areas 1 
2014-10-27 16:45:38 --> buscando areas del cliente 
2014-10-27 16:45:39 --> crear el consumidor 
2014-10-27 16:45:39 --> se creo el consumidor 22150 
2014-10-27 16:45:39 --> la informacion de la sede es array (
  'S_ID' => '4',
  'S_NOMBRE' => 'OCCIDENTE',
  'S_DESCRIPCION' => 'Sedle para atender los casos de la regional occidente',
  'S_C_ID' => '1',
  'S_CANTIDAD_ENCUESTAS' => '10',
  'S_ACTIVO' => '1',
  'S_LOGO' => '7',
  'S_MUESTRA_VIDEO' => '0',
) 
2014-10-27 16:45:39 --> se va a extraer informacion del area  
2014-10-27 16:45:39 --> la informacion del area es array (
  'AR_ID' => '1',
  'AR_NOMBRE' => 'GERENCIA_DEL_SERVICIO',
  'AR_DESCRIPCION' => 'Cartas punto de venta Cartas de renuncia',
  'AR_C_ID' => '1',
  'AR_ACTIVO' => '1',
  'AR_ALIAS' => 'GS',
  'AR_MOSTRAR_NOMBRE_PANTALLA' => '0',
) 
2014-10-27 16:45:39 --> se va a crear el turno 
2014-10-27 16:45:39 --> se creo el turno 11 del area GS 

2014-10-27 16:47:02 --> get_areas 1 
2014-10-27 16:47:02 --> buscando areas del cliente 
2014-10-27 16:47:07 --> crear el consumidor 
2014-10-27 16:47:07 --> se creo el consumidor 22151 
2014-10-27 16:47:07 --> la informacion de la sede es array (
  'S_ID' => '4',
  'S_NOMBRE' => 'OCCIDENTE',
  'S_DESCRIPCION' => 'Sedle para atender los casos de la regional occidente',
  'S_C_ID' => '1',
  'S_CANTIDAD_ENCUESTAS' => '10',
  'S_ACTIVO' => '1',
  'S_LOGO' => '7',
  'S_MUESTRA_VIDEO' => '0',
) 
2014-10-27 16:47:07 --> se va a extraer informacion del area  
2014-10-27 16:47:07 --> la informacion del area es array (
  'AR_ID' => '5',
  'AR_NOMBRE' => 'OTROS',
  'AR_DESCRIPCION' => 'Otros',
  'AR_C_ID' => '1',
  'AR_ACTIVO' => '1',
  'AR_ALIAS' => 'O',
  'AR_MOSTRAR_NOMBRE_PANTALLA' => '0',
) 
2014-10-27 16:47:07 --> se va a crear el turno 
2014-10-27 16:47:07 --> se creo el turno 19 del area O 

2014-10-27 17:21:51 --> get_areas 1 
2014-10-27 17:21:51 --> buscando areas del cliente 
2014-10-27 17:22:05 --> crear el consumidor 
2014-10-27 17:22:05 --> se creo el consumidor 22154 
2014-10-27 17:22:05 --> la informacion de la sede es array (
  'S_ID' => '4',
  'S_NOMBRE' => 'OCCIDENTE',
  'S_DESCRIPCION' => 'Sedle para atender los casos de la regional occidente',
  'S_C_ID' => '1',
  'S_CANTIDAD_ENCUESTAS' => '10',
  'S_ACTIVO' => '1',
  'S_LOGO' => '7',
  'S_MUESTRA_VIDEO' => '0',
) 
2014-10-27 17:22:05 --> se va a extraer informacion del area  
2014-10-27 17:22:05 --> la informacion del area es array (
  'AR_ID' => '8',
  'AR_NOMBRE' => 'COMPENSACION_SALARIAL',
  'AR_DESCRIPCION' => 'Informacion pago nomina y liquidaciones',
  'AR_C_ID' => '1',
  'AR_ACTIVO' => '1',
  'AR_ALIAS' => 'CS',
  'AR_MOSTRAR_NOMBRE_PANTALLA' => '0',
) 
2014-10-27 17:22:05 --> se va a crear el turno 
2014-10-27 17:22:05 --> se creo el turno 2 del area CS 

2014-10-27 17:37:07 --> get_areas 1 
2014-10-27 17:37:07 --> buscando areas del cliente 
2014-10-27 17:37:22 --> crear el consumidor 
2014-10-27 17:37:22 --> se creo el consumidor 22156 
2014-10-27 17:37:22 --> la informacion de la sede es array (
  'S_ID' => '4',
  'S_NOMBRE' => 'OCCIDENTE',
  'S_DESCRIPCION' => 'Sedle para atender los casos de la regional occidente',
  'S_C_ID' => '1',
  'S_CANTIDAD_ENCUESTAS' => '10',
  'S_ACTIVO' => '1',
  'S_LOGO' => '7',
  'S_MUESTRA_VIDEO' => '0',
) 
2014-10-27 17:37:22 --> se va a extraer informacion del area  
2014-10-27 17:37:22 --> la informacion del area es array (
  'AR_ID' => '2',
  'AR_NOMBRE' => 'APORTES',
  'AR_DESCRIPCION' => 'Pensiones Incapacidades Cesantias Cartas FNA',
  'AR_C_ID' => '1',
  'AR_ACTIVO' => '1',
  'AR_ALIAS' => 'A',
  'AR_MOSTRAR_NOMBRE_PANTALLA' => '0',
) 
2014-10-27 17:37:22 --> se va a crear el turno 
2014-10-27 17:37:22 --> se creo el turno 17 del area A 

2014-10-27 17:41:02 --> get_areas 1 
2014-10-27 17:41:02 --> buscando areas del cliente 
2014-10-27 17:41:14 --> crear el consumidor 
2014-10-27 17:41:14 --> se creo el consumidor 22157 
2014-10-27 17:41:14 --> la informacion de la sede es array (
  'S_ID' => '4',
  'S_NOMBRE' => 'OCCIDENTE',
  'S_DESCRIPCION' => 'Sedle para atender los casos de la regional occidente',
  'S_C_ID' => '1',
  'S_CANTIDAD_ENCUESTAS' => '10',
  'S_ACTIVO' => '1',
  'S_LOGO' => '7',
  'S_MUESTRA_VIDEO' => '0',
) 
2014-10-27 17:41:14 --> se va a extraer informacion del area  
2014-10-27 17:41:14 --> la informacion del area es array (
  'AR_ID' => '3',
  'AR_NOMBRE' => 'SEGUIMIENTO_AL_SERVICIO',
  'AR_DESCRIPCION' => 'SQR certificados especiales claves portal web',
  'AR_C_ID' => '1',
  'AR_ACTIVO' => '1',
  'AR_ALIAS' => 'SAS',
  'AR_MOSTRAR_NOMBRE_PANTALLA' => '0',
) 
2014-10-27 17:41:14 --> se va a crear el turno 
2014-10-27 17:41:14 --> se creo el turno 1 del area SAS 

2014-10-27 17:56:02 --> get_areas 1 
2014-10-27 17:56:02 --> buscando areas del cliente 
2014-10-27 17:56:05 --> crear el consumidor 
2014-10-27 17:56:05 --> se creo el consumidor 22158 
2014-10-27 17:56:05 --> la informacion de la sede es array (
  'S_ID' => '4',
  'S_NOMBRE' => 'OCCIDENTE',
  'S_DESCRIPCION' => 'Sedle para atender los casos de la regional occidente',
  'S_C_ID' => '1',
  'S_CANTIDAD_ENCUESTAS' => '10',
  'S_ACTIVO' => '1',
  'S_LOGO' => '7',
  'S_MUESTRA_VIDEO' => '0',
) 
2014-10-27 17:56:05 --> se va a extraer informacion del area  
2014-10-27 17:56:05 --> la informacion del area es array (
  'AR_ID' => '5',
  'AR_NOMBRE' => 'OTROS',
  'AR_DESCRIPCION' => 'Otros',
  'AR_C_ID' => '1',
  'AR_ACTIVO' => '1',
  'AR_ALIAS' => 'O',
  'AR_MOSTRAR_NOMBRE_PANTALLA' => '0',
) 
2014-10-27 17:56:05 --> se va a crear el turno 
2014-10-27 17:56:05 --> se creo el turno 20 del area O 
