
2014-12-16 07:37:46 --> get_areas 1 
2014-12-16 07:37:46 --> buscando areas del cliente 
2014-12-16 07:38:08 --> crear el consumidor 
2014-12-16 07:38:08 --> se creo el consumidor 27357 
2014-12-16 07:38:08 --> la informacion de la sede es array (
  'S_ID' => '4',
  'S_NOMBRE' => 'OCCIDENTE',
  'S_DESCRIPCION' => 'Sedle para atender los casos de la regional occidente',
  'S_C_ID' => '1',
  'S_CANTIDAD_ENCUESTAS' => '10',
  'S_ACTIVO' => '1',
  'S_LOGO' => '7',
  'S_MUESTRA_VIDEO' => '0',
) 
2014-12-16 07:38:08 --> se va a extraer informacion del area  
2014-12-16 07:38:08 --> la informacion del area es array (
  'AR_ID' => '1',
  'AR_NOMBRE' => 'GERENCIA_DEL_SERVICIO',
  'AR_DESCRIPCION' => 'Cartas punto de venta Cartas de renuncia',
  'AR_C_ID' => '1',
  'AR_ACTIVO' => '1',
  'AR_ALIAS' => 'GS',
  'AR_MOSTRAR_NOMBRE_PANTALLA' => '0',
) 
2014-12-16 07:38:08 --> se va a crear el turno 
2014-12-16 07:38:08 --> se creo el turno 1 del area GS 

2014-12-16 07:43:20 --> get_areas 1 
2014-12-16 07:43:20 --> buscando areas del cliente 
2014-12-16 07:43:37 --> crear el consumidor 
2014-12-16 07:43:37 --> se creo el consumidor 27358 
2014-12-16 07:43:37 --> la informacion de la sede es array (
  'S_ID' => '4',
  'S_NOMBRE' => 'OCCIDENTE',
  'S_DESCRIPCION' => 'Sedle para atender los casos de la regional occidente',
  'S_C_ID' => '1',
  'S_CANTIDAD_ENCUESTAS' => '10',
  'S_ACTIVO' => '1',
  'S_LOGO' => '7',
  'S_MUESTRA_VIDEO' => '0',
) 
2014-12-16 07:43:37 --> se va a extraer informacion del area  
2014-12-16 07:43:37 --> la informacion del area es array (
  'AR_ID' => '2',
  'AR_NOMBRE' => 'APORTES',
  'AR_DESCRIPCION' => 'Pensiones Incapacidades Cesantias Cartas FNA',
  'AR_C_ID' => '1',
  'AR_ACTIVO' => '1',
  'AR_ALIAS' => 'A',
  'AR_MOSTRAR_NOMBRE_PANTALLA' => '0',
) 
2014-12-16 07:43:37 --> se va a crear el turno 
2014-12-16 07:43:37 --> se creo el turno 1 del area A 

2014-12-16 07:51:59 --> get_areas 1 
2014-12-16 07:51:59 --> buscando areas del cliente 
2014-12-16 07:52:18 --> crear el consumidor 
2014-12-16 07:52:18 --> se creo el consumidor 27359 
2014-12-16 07:52:18 --> la informacion de la sede es array (
  'S_ID' => '4',
  'S_NOMBRE' => 'OCCIDENTE',
  'S_DESCRIPCION' => 'Sedle para atender los casos de la regional occidente',
  'S_C_ID' => '1',
  'S_CANTIDAD_ENCUESTAS' => '10',
  'S_ACTIVO' => '1',
  'S_LOGO' => '7',
  'S_MUESTRA_VIDEO' => '0',
) 
2014-12-16 07:52:18 --> se va a extraer informacion del area  
2014-12-16 07:52:18 --> la informacion del area es array (
  'AR_ID' => '2',
  'AR_NOMBRE' => 'APORTES',
  'AR_DESCRIPCION' => 'Pensiones Incapacidades Cesantias Cartas FNA',
  'AR_C_ID' => '1',
  'AR_ACTIVO' => '1',
  'AR_ALIAS' => 'A',
  'AR_MOSTRAR_NOMBRE_PANTALLA' => '0',
) 
2014-12-16 07:52:18 --> se va a crear el turno 
2014-12-16 07:52:18 --> se creo el turno 2 del area A 

2014-12-16 08:08:57 --> get_areas 1 
2014-12-16 08:08:57 --> buscando areas del cliente 
2014-12-16 08:09:13 --> crear el consumidor 
2014-12-16 08:09:13 --> se creo el consumidor 27361 
2014-12-16 08:09:13 --> la informacion de la sede es array (
  'S_ID' => '4',
  'S_NOMBRE' => 'OCCIDENTE',
  'S_DESCRIPCION' => 'Sedle para atender los casos de la regional occidente',
  'S_C_ID' => '1',
  'S_CANTIDAD_ENCUESTAS' => '10',
  'S_ACTIVO' => '1',
  'S_LOGO' => '7',
  'S_MUESTRA_VIDEO' => '0',
) 
2014-12-16 08:09:13 --> se va a extraer informacion del area  
2014-12-16 08:09:13 --> la informacion del area es array (
  'AR_ID' => '2',
  'AR_NOMBRE' => 'APORTES',
  'AR_DESCRIPCION' => 'Pensiones Incapacidades Cesantias Cartas FNA',
  'AR_C_ID' => '1',
  'AR_ACTIVO' => '1',
  'AR_ALIAS' => 'A',
  'AR_MOSTRAR_NOMBRE_PANTALLA' => '0',
) 
2014-12-16 08:09:13 --> se va a crear el turno 
2014-12-16 08:09:13 --> se creo el turno 3 del area A 

2014-12-16 08:22:01 --> get_areas 1 
2014-12-16 08:22:01 --> buscando areas del cliente 

2014-12-16 08:22:12 --> get_areas 1 
2014-12-16 08:22:12 --> buscando areas del cliente 
2014-12-16 08:22:15 --> crear el consumidor 
2014-12-16 08:22:15 --> crear el consumidor 
2014-12-16 08:22:15 --> se creo el consumidor 27363 
2014-12-16 08:22:15 --> la informacion de la sede es array (
  'S_ID' => '4',
  'S_NOMBRE' => 'OCCIDENTE',
  'S_DESCRIPCION' => 'Sedle para atender los casos de la regional occidente',
  'S_C_ID' => '1',
  'S_CANTIDAD_ENCUESTAS' => '10',
  'S_ACTIVO' => '1',
  'S_LOGO' => '7',
  'S_MUESTRA_VIDEO' => '0',
) 
2014-12-16 08:22:15 --> se va a extraer informacion del area  
2014-12-16 08:22:15 --> la informacion del area es array (
  'AR_ID' => '1',
  'AR_NOMBRE' => 'GERENCIA_DEL_SERVICIO',
  'AR_DESCRIPCION' => 'Cartas punto de venta Cartas de renuncia',
  'AR_C_ID' => '1',
  'AR_ACTIVO' => '1',
  'AR_ALIAS' => 'GS',
  'AR_MOSTRAR_NOMBRE_PANTALLA' => '0',
) 
2014-12-16 08:22:15 --> se va a crear el turno 
2014-12-16 08:22:15 --> se creo el turno 2 del area GS 
2014-12-16 08:22:15 --> se creo el consumidor 27364 
2014-12-16 08:22:15 --> la informacion de la sede es array (
  'S_ID' => '4',
  'S_NOMBRE' => 'OCCIDENTE',
  'S_DESCRIPCION' => 'Sedle para atender los casos de la regional occidente',
  'S_C_ID' => '1',
  'S_CANTIDAD_ENCUESTAS' => '10',
  'S_ACTIVO' => '1',
  'S_LOGO' => '7',
  'S_MUESTRA_VIDEO' => '0',
) 
2014-12-16 08:22:15 --> se va a extraer informacion del area  
2014-12-16 08:22:15 --> la informacion del area es array (
  'AR_ID' => '1',
  'AR_NOMBRE' => 'GERENCIA_DEL_SERVICIO',
  'AR_DESCRIPCION' => 'Cartas punto de venta Cartas de renuncia',
  'AR_C_ID' => '1',
  'AR_ACTIVO' => '1',
  'AR_ALIAS' => 'GS',
  'AR_MOSTRAR_NOMBRE_PANTALLA' => '0',
) 
2014-12-16 08:22:15 --> se va a crear el turno 
2014-12-16 08:22:15 --> se creo el turno 3 del area GS 

2014-12-16 08:22:51 --> get_areas 1 
2014-12-16 08:22:51 --> buscando areas del cliente 
2014-12-16 08:22:56 --> crear el consumidor 
2014-12-16 08:22:56 --> se creo el consumidor 27365 
2014-12-16 08:22:56 --> la informacion de la sede es array (
  'S_ID' => '4',
  'S_NOMBRE' => 'OCCIDENTE',
  'S_DESCRIPCION' => 'Sedle para atender los casos de la regional occidente',
  'S_C_ID' => '1',
  'S_CANTIDAD_ENCUESTAS' => '10',
  'S_ACTIVO' => '1',
  'S_LOGO' => '7',
  'S_MUESTRA_VIDEO' => '0',
) 
2014-12-16 08:22:56 --> se va a extraer informacion del area  
2014-12-16 08:22:56 --> la informacion del area es array (
  'AR_ID' => '1',
  'AR_NOMBRE' => 'GERENCIA_DEL_SERVICIO',
  'AR_DESCRIPCION' => 'Cartas punto de venta Cartas de renuncia',
  'AR_C_ID' => '1',
  'AR_ACTIVO' => '1',
  'AR_ALIAS' => 'GS',
  'AR_MOSTRAR_NOMBRE_PANTALLA' => '0',
) 
2014-12-16 08:22:56 --> se va a crear el turno 
2014-12-16 08:22:56 --> se creo el turno 4 del area GS 

2014-12-16 08:25:51 --> get_areas 1 
2014-12-16 08:25:51 --> buscando areas del cliente 
2014-12-16 08:26:19 --> crear el consumidor 
2014-12-16 08:26:19 --> se creo el consumidor 27366 
2014-12-16 08:26:19 --> la informacion de la sede es array (
  'S_ID' => '4',
  'S_NOMBRE' => 'OCCIDENTE',
  'S_DESCRIPCION' => 'Sedle para atender los casos de la regional occidente',
  'S_C_ID' => '1',
  'S_CANTIDAD_ENCUESTAS' => '10',
  'S_ACTIVO' => '1',
  'S_LOGO' => '7',
  'S_MUESTRA_VIDEO' => '0',
) 
2014-12-16 08:26:19 --> se va a extraer informacion del area  
2014-12-16 08:26:19 --> la informacion del area es array (
  'AR_ID' => '3',
  'AR_NOMBRE' => 'SEGUIMIENTO_AL_SERVICIO',
  'AR_DESCRIPCION' => 'SQR certificados especiales claves portal web',
  'AR_C_ID' => '1',
  'AR_ACTIVO' => '1',
  'AR_ALIAS' => 'SAS',
  'AR_MOSTRAR_NOMBRE_PANTALLA' => '0',
) 
2014-12-16 08:26:19 --> se va a crear el turno 
2014-12-16 08:26:19 --> se creo el turno 1 del area SAS 

2014-12-16 08:36:41 --> get_areas 1 
2014-12-16 08:36:41 --> buscando areas del cliente 

2014-12-16 08:36:58 --> get_areas 1 
2014-12-16 08:36:58 --> buscando areas del cliente 
2014-12-16 08:37:01 --> crear el consumidor 
2014-12-16 08:37:01 --> se creo el consumidor 27370 
2014-12-16 08:37:01 --> la informacion de la sede es array (
  'S_ID' => '4',
  'S_NOMBRE' => 'OCCIDENTE',
  'S_DESCRIPCION' => 'Sedle para atender los casos de la regional occidente',
  'S_C_ID' => '1',
  'S_CANTIDAD_ENCUESTAS' => '10',
  'S_ACTIVO' => '1',
  'S_LOGO' => '7',
  'S_MUESTRA_VIDEO' => '0',
) 
2014-12-16 08:37:01 --> se va a extraer informacion del area  
2014-12-16 08:37:01 --> la informacion del area es array (
  'AR_ID' => '2',
  'AR_NOMBRE' => 'APORTES',
  'AR_DESCRIPCION' => 'Pensiones Incapacidades Cesantias Cartas FNA',
  'AR_C_ID' => '1',
  'AR_ACTIVO' => '1',
  'AR_ALIAS' => 'A',
  'AR_MOSTRAR_NOMBRE_PANTALLA' => '0',
) 
2014-12-16 08:37:01 --> se va a crear el turno 
2014-12-16 08:37:01 --> se creo el turno 4 del area A 

2014-12-16 08:48:53 --> get_areas 1 
2014-12-16 08:48:53 --> buscando areas del cliente 
2014-12-16 08:49:05 --> crear el consumidor 
2014-12-16 08:49:05 --> se creo el consumidor 27375 
2014-12-16 08:49:05 --> la informacion de la sede es array (
  'S_ID' => '4',
  'S_NOMBRE' => 'OCCIDENTE',
  'S_DESCRIPCION' => 'Sedle para atender los casos de la regional occidente',
  'S_C_ID' => '1',
  'S_CANTIDAD_ENCUESTAS' => '10',
  'S_ACTIVO' => '1',
  'S_LOGO' => '7',
  'S_MUESTRA_VIDEO' => '0',
) 
2014-12-16 08:49:05 --> se va a extraer informacion del area  
2014-12-16 08:49:05 --> la informacion del area es array (
  'AR_ID' => '5',
  'AR_NOMBRE' => 'OTROS',
  'AR_DESCRIPCION' => 'Otros',
  'AR_C_ID' => '1',
  'AR_ACTIVO' => '1',
  'AR_ALIAS' => 'O',
  'AR_MOSTRAR_NOMBRE_PANTALLA' => '0',
) 
2014-12-16 08:49:05 --> se va a crear el turno 
2014-12-16 08:49:05 --> se creo el turno 1 del area O 

2014-12-16 08:52:14 --> get_areas 1 
2014-12-16 08:52:14 --> buscando areas del cliente 

2014-12-16 08:52:48 --> get_areas 1 
2014-12-16 08:52:48 --> buscando areas del cliente 
2014-12-16 08:52:57 --> crear el consumidor 
2014-12-16 08:52:57 --> se creo el consumidor 27377 
2014-12-16 08:52:57 --> la informacion de la sede es array (
  'S_ID' => '4',
  'S_NOMBRE' => 'OCCIDENTE',
  'S_DESCRIPCION' => 'Sedle para atender los casos de la regional occidente',
  'S_C_ID' => '1',
  'S_CANTIDAD_ENCUESTAS' => '10',
  'S_ACTIVO' => '1',
  'S_LOGO' => '7',
  'S_MUESTRA_VIDEO' => '0',
) 
2014-12-16 08:52:57 --> se va a extraer informacion del area  
2014-12-16 08:52:57 --> la informacion del area es array (
  'AR_ID' => '2',
  'AR_NOMBRE' => 'APORTES',
  'AR_DESCRIPCION' => 'Pensiones Incapacidades Cesantias Cartas FNA',
  'AR_C_ID' => '1',
  'AR_ACTIVO' => '1',
  'AR_ALIAS' => 'A',
  'AR_MOSTRAR_NOMBRE_PANTALLA' => '0',
) 
2014-12-16 08:52:57 --> se va a crear el turno 
2014-12-16 08:52:57 --> se creo el turno 5 del area A 

2014-12-16 09:00:05 --> get_areas 1 
2014-12-16 09:00:05 --> buscando areas del cliente 

2014-12-16 09:01:29 --> get_areas 1 
2014-12-16 09:01:29 --> buscando areas del cliente 

2014-12-16 09:02:26 --> get_areas 1 
2014-12-16 09:02:26 --> buscando areas del cliente 

2014-12-16 09:12:20 --> get_areas 1 
2014-12-16 09:12:20 --> buscando areas del cliente 
2014-12-16 09:12:30 --> crear el consumidor 
2014-12-16 09:12:30 --> se creo el consumidor 27384 
2014-12-16 09:12:30 --> la informacion de la sede es array (
  'S_ID' => '2',
  'S_NOMBRE' => 'CENTRO',
  'S_DESCRIPCION' => 'Sede para atender los casos de la regional centro',
  'S_C_ID' => '1',
  'S_CANTIDAD_ENCUESTAS' => '10',
  'S_ACTIVO' => '1',
  'S_LOGO' => '7',
  'S_MUESTRA_VIDEO' => '0',
) 
2014-12-16 09:12:30 --> se va a extraer informacion del area  
2014-12-16 09:12:30 --> la informacion del area es array (
  'AR_ID' => '5',
  'AR_NOMBRE' => 'OTROS',
  'AR_DESCRIPCION' => 'Otros',
  'AR_C_ID' => '1',
  'AR_ACTIVO' => '1',
  'AR_ALIAS' => 'O',
  'AR_MOSTRAR_NOMBRE_PANTALLA' => '0',
) 
2014-12-16 09:12:30 --> se va a crear el turno 
2014-12-16 09:12:30 --> se creo el turno 1 del area O 

2014-12-16 09:23:34 --> get_areas 1 
2014-12-16 09:23:34 --> buscando areas del cliente 
2014-12-16 09:23:48 --> crear el consumidor 
2014-12-16 09:23:48 --> se creo el consumidor 27388 
2014-12-16 09:23:48 --> la informacion de la sede es array (
  'S_ID' => '4',
  'S_NOMBRE' => 'OCCIDENTE',
  'S_DESCRIPCION' => 'Sedle para atender los casos de la regional occidente',
  'S_C_ID' => '1',
  'S_CANTIDAD_ENCUESTAS' => '10',
  'S_ACTIVO' => '1',
  'S_LOGO' => '7',
  'S_MUESTRA_VIDEO' => '0',
) 
2014-12-16 09:23:48 --> se va a extraer informacion del area  
2014-12-16 09:23:48 --> la informacion del area es array (
  'AR_ID' => '5',
  'AR_NOMBRE' => 'OTROS',
  'AR_DESCRIPCION' => 'Otros',
  'AR_C_ID' => '1',
  'AR_ACTIVO' => '1',
  'AR_ALIAS' => 'O',
  'AR_MOSTRAR_NOMBRE_PANTALLA' => '0',
) 
2014-12-16 09:23:48 --> se va a crear el turno 
2014-12-16 09:23:48 --> se creo el turno 2 del area O 

2014-12-16 09:24:33 --> get_areas 1 
2014-12-16 09:24:33 --> buscando areas del cliente 
2014-12-16 09:24:50 --> crear el consumidor 
2014-12-16 09:24:50 --> se creo el consumidor 27389 
2014-12-16 09:24:50 --> la informacion de la sede es array (
  'S_ID' => '4',
  'S_NOMBRE' => 'OCCIDENTE',
  'S_DESCRIPCION' => 'Sedle para atender los casos de la regional occidente',
  'S_C_ID' => '1',
  'S_CANTIDAD_ENCUESTAS' => '10',
  'S_ACTIVO' => '1',
  'S_LOGO' => '7',
  'S_MUESTRA_VIDEO' => '0',
) 
2014-12-16 09:24:50 --> se va a extraer informacion del area  
2014-12-16 09:24:50 --> la informacion del area es array (
  'AR_ID' => '2',
  'AR_NOMBRE' => 'APORTES',
  'AR_DESCRIPCION' => 'Pensiones Incapacidades Cesantias Cartas FNA',
  'AR_C_ID' => '1',
  'AR_ACTIVO' => '1',
  'AR_ALIAS' => 'A',
  'AR_MOSTRAR_NOMBRE_PANTALLA' => '0',
) 
2014-12-16 09:24:50 --> se va a crear el turno 
2014-12-16 09:24:50 --> se creo el turno 7 del area A 

2014-12-16 09:28:14 --> get_areas 1 
2014-12-16 09:28:14 --> buscando areas del cliente 
2014-12-16 09:28:18 --> crear el consumidor 
2014-12-16 09:28:18 --> se creo el consumidor 27391 
2014-12-16 09:28:18 --> la informacion de la sede es array (
  'S_ID' => '4',
  'S_NOMBRE' => 'OCCIDENTE',
  'S_DESCRIPCION' => 'Sedle para atender los casos de la regional occidente',
  'S_C_ID' => '1',
  'S_CANTIDAD_ENCUESTAS' => '10',
  'S_ACTIVO' => '1',
  'S_LOGO' => '7',
  'S_MUESTRA_VIDEO' => '0',
) 
2014-12-16 09:28:18 --> se va a extraer informacion del area  
2014-12-16 09:28:18 --> la informacion del area es array (
  'AR_ID' => '2',
  'AR_NOMBRE' => 'APORTES',
  'AR_DESCRIPCION' => 'Pensiones Incapacidades Cesantias Cartas FNA',
  'AR_C_ID' => '1',
  'AR_ACTIVO' => '1',
  'AR_ALIAS' => 'A',
  'AR_MOSTRAR_NOMBRE_PANTALLA' => '0',
) 
2014-12-16 09:28:18 --> se va a crear el turno 
2014-12-16 09:28:18 --> se creo el turno 8 del area A 

2014-12-16 09:29:09 --> get_areas 1 
2014-12-16 09:29:09 --> buscando areas del cliente 
2014-12-16 09:29:12 --> crear el consumidor 
2014-12-16 09:29:12 --> se creo el consumidor 27392 
2014-12-16 09:29:12 --> la informacion de la sede es array (
  'S_ID' => '2',
  'S_NOMBRE' => 'CENTRO',
  'S_DESCRIPCION' => 'Sede para atender los casos de la regional centro',
  'S_C_ID' => '1',
  'S_CANTIDAD_ENCUESTAS' => '10',
  'S_ACTIVO' => '1',
  'S_LOGO' => '7',
  'S_MUESTRA_VIDEO' => '0',
) 
2014-12-16 09:29:12 --> se va a extraer informacion del area  
2014-12-16 09:29:12 --> la informacion del area es array (
  'AR_ID' => '5',
  'AR_NOMBRE' => 'OTROS',
  'AR_DESCRIPCION' => 'Otros',
  'AR_C_ID' => '1',
  'AR_ACTIVO' => '1',
  'AR_ALIAS' => 'O',
  'AR_MOSTRAR_NOMBRE_PANTALLA' => '0',
) 
2014-12-16 09:29:12 --> se va a crear el turno 
2014-12-16 09:29:12 --> se creo el turno 2 del area O 

2014-12-16 09:34:32 --> get_areas 1 
2014-12-16 09:34:32 --> buscando areas del cliente 
2014-12-16 09:35:01 --> crear el consumidor 
2014-12-16 09:35:01 --> se creo el consumidor 27394 
2014-12-16 09:35:01 --> la informacion de la sede es array (
  'S_ID' => '4',
  'S_NOMBRE' => 'OCCIDENTE',
  'S_DESCRIPCION' => 'Sedle para atender los casos de la regional occidente',
  'S_C_ID' => '1',
  'S_CANTIDAD_ENCUESTAS' => '10',
  'S_ACTIVO' => '1',
  'S_LOGO' => '7',
  'S_MUESTRA_VIDEO' => '0',
) 
2014-12-16 09:35:01 --> se va a extraer informacion del area  
2014-12-16 09:35:01 --> la informacion del area es array (
  'AR_ID' => '8',
  'AR_NOMBRE' => 'COMPENSACION_SALARIAL',
  'AR_DESCRIPCION' => 'Informacion pago nomina y liquidaciones',
  'AR_C_ID' => '1',
  'AR_ACTIVO' => '1',
  'AR_ALIAS' => 'CS',
  'AR_MOSTRAR_NOMBRE_PANTALLA' => '0',
) 
2014-12-16 09:35:01 --> se va a crear el turno 
2014-12-16 09:35:02 --> se creo el turno 1 del area CS 

2014-12-16 09:36:53 --> get_areas 1 
2014-12-16 09:36:53 --> buscando areas del cliente 

2014-12-16 09:43:46 --> get_areas 1 
2014-12-16 09:43:46 --> buscando areas del cliente 
2014-12-16 09:44:02 --> crear el consumidor 
2014-12-16 09:44:02 --> se creo el consumidor 27396 
2014-12-16 09:44:02 --> la informacion de la sede es array (
  'S_ID' => '4',
  'S_NOMBRE' => 'OCCIDENTE',
  'S_DESCRIPCION' => 'Sedle para atender los casos de la regional occidente',
  'S_C_ID' => '1',
  'S_CANTIDAD_ENCUESTAS' => '10',
  'S_ACTIVO' => '1',
  'S_LOGO' => '7',
  'S_MUESTRA_VIDEO' => '0',
) 
2014-12-16 09:44:02 --> se va a extraer informacion del area  
2014-12-16 09:44:02 --> la informacion del area es array (
  'AR_ID' => '5',
  'AR_NOMBRE' => 'OTROS',
  'AR_DESCRIPCION' => 'Otros',
  'AR_C_ID' => '1',
  'AR_ACTIVO' => '1',
  'AR_ALIAS' => 'O',
  'AR_MOSTRAR_NOMBRE_PANTALLA' => '0',
) 
2014-12-16 09:44:02 --> se va a crear el turno 
2014-12-16 09:44:02 --> se creo el turno 3 del area O 

2014-12-16 09:46:22 --> get_areas 1 
2014-12-16 09:46:22 --> buscando areas del cliente 
2014-12-16 09:46:41 --> crear el consumidor 
2014-12-16 09:46:41 --> se creo el consumidor 27397 
2014-12-16 09:46:41 --> la informacion de la sede es array (
  'S_ID' => '4',
  'S_NOMBRE' => 'OCCIDENTE',
  'S_DESCRIPCION' => 'Sedle para atender los casos de la regional occidente',
  'S_C_ID' => '1',
  'S_CANTIDAD_ENCUESTAS' => '10',
  'S_ACTIVO' => '1',
  'S_LOGO' => '7',
  'S_MUESTRA_VIDEO' => '0',
) 
2014-12-16 09:46:41 --> se va a extraer informacion del area  
2014-12-16 09:46:41 --> la informacion del area es array (
  'AR_ID' => '2',
  'AR_NOMBRE' => 'APORTES',
  'AR_DESCRIPCION' => 'Pensiones Incapacidades Cesantias Cartas FNA',
  'AR_C_ID' => '1',
  'AR_ACTIVO' => '1',
  'AR_ALIAS' => 'A',
  'AR_MOSTRAR_NOMBRE_PANTALLA' => '0',
) 
2014-12-16 09:46:41 --> se va a crear el turno 
2014-12-16 09:46:41 --> se creo el turno 9 del area A 

2014-12-16 09:50:18 --> get_areas 1 
2014-12-16 09:50:18 --> buscando areas del cliente 
2014-12-16 09:51:16 --> crear el consumidor 
2014-12-16 09:51:16 --> se creo el consumidor 27398 
2014-12-16 09:51:16 --> la informacion de la sede es array (
  'S_ID' => '4',
  'S_NOMBRE' => 'OCCIDENTE',
  'S_DESCRIPCION' => 'Sedle para atender los casos de la regional occidente',
  'S_C_ID' => '1',
  'S_CANTIDAD_ENCUESTAS' => '10',
  'S_ACTIVO' => '1',
  'S_LOGO' => '7',
  'S_MUESTRA_VIDEO' => '0',
) 
2014-12-16 09:51:16 --> se va a extraer informacion del area  
2014-12-16 09:51:16 --> la informacion del area es array (
  'AR_ID' => '5',
  'AR_NOMBRE' => 'OTROS',
  'AR_DESCRIPCION' => 'Otros',
  'AR_C_ID' => '1',
  'AR_ACTIVO' => '1',
  'AR_ALIAS' => 'O',
  'AR_MOSTRAR_NOMBRE_PANTALLA' => '0',
) 
2014-12-16 09:51:16 --> se va a crear el turno 
2014-12-16 09:51:16 --> se creo el turno 4 del area O 

2014-12-16 09:57:21 --> get_areas 1 
2014-12-16 09:57:21 --> buscando areas del cliente 

2014-12-16 09:58:06 --> get_areas 1 
2014-12-16 09:58:06 --> buscando areas del cliente 

2014-12-16 09:58:46 --> get_areas 1 
2014-12-16 09:58:46 --> buscando areas del cliente 
2014-12-16 09:59:22 --> crear el consumidor 
2014-12-16 09:59:22 --> se creo el consumidor 27399 
2014-12-16 09:59:22 --> la informacion de la sede es array (
  'S_ID' => '4',
  'S_NOMBRE' => 'OCCIDENTE',
  'S_DESCRIPCION' => 'Sedle para atender los casos de la regional occidente',
  'S_C_ID' => '1',
  'S_CANTIDAD_ENCUESTAS' => '10',
  'S_ACTIVO' => '1',
  'S_LOGO' => '7',
  'S_MUESTRA_VIDEO' => '0',
) 
2014-12-16 09:59:22 --> se va a extraer informacion del area  
2014-12-16 09:59:22 --> la informacion del area es array (
  'AR_ID' => '5',
  'AR_NOMBRE' => 'OTROS',
  'AR_DESCRIPCION' => 'Otros',
  'AR_C_ID' => '1',
  'AR_ACTIVO' => '1',
  'AR_ALIAS' => 'O',
  'AR_MOSTRAR_NOMBRE_PANTALLA' => '0',
) 
2014-12-16 09:59:22 --> se va a crear el turno 
2014-12-16 09:59:22 --> se creo el turno 5 del area O 

2014-12-16 10:04:30 --> get_areas 1 
2014-12-16 10:04:30 --> buscando areas del cliente 

2014-12-16 10:05:49 --> get_areas 1 
2014-12-16 10:05:49 --> buscando areas del cliente 

2014-12-16 10:07:21 --> get_areas 1 
2014-12-16 10:07:21 --> buscando areas del cliente 

2014-12-16 10:15:36 --> get_areas 1 
2014-12-16 10:15:36 --> buscando areas del cliente 
2014-12-16 10:15:51 --> crear el consumidor 
2014-12-16 10:15:51 --> se creo el consumidor 27403 
2014-12-16 10:15:51 --> la informacion de la sede es array (
  'S_ID' => '4',
  'S_NOMBRE' => 'OCCIDENTE',
  'S_DESCRIPCION' => 'Sedle para atender los casos de la regional occidente',
  'S_C_ID' => '1',
  'S_CANTIDAD_ENCUESTAS' => '10',
  'S_ACTIVO' => '1',
  'S_LOGO' => '7',
  'S_MUESTRA_VIDEO' => '0',
) 
2014-12-16 10:15:51 --> se va a extraer informacion del area  
2014-12-16 10:15:51 --> la informacion del area es array (
  'AR_ID' => '1',
  'AR_NOMBRE' => 'GERENCIA_DEL_SERVICIO',
  'AR_DESCRIPCION' => 'Cartas punto de venta Cartas de renuncia',
  'AR_C_ID' => '1',
  'AR_ACTIVO' => '1',
  'AR_ALIAS' => 'GS',
  'AR_MOSTRAR_NOMBRE_PANTALLA' => '0',
) 
2014-12-16 10:15:51 --> se va a crear el turno 
2014-12-16 10:15:51 --> se creo el turno 5 del area GS 

2014-12-16 10:17:50 --> get_areas 1 
2014-12-16 10:17:50 --> buscando areas del cliente 
2014-12-16 10:18:13 --> crear el consumidor 
2014-12-16 10:18:13 --> se creo el consumidor 27406 
2014-12-16 10:18:13 --> la informacion de la sede es array (
  'S_ID' => '4',
  'S_NOMBRE' => 'OCCIDENTE',
  'S_DESCRIPCION' => 'Sedle para atender los casos de la regional occidente',
  'S_C_ID' => '1',
  'S_CANTIDAD_ENCUESTAS' => '10',
  'S_ACTIVO' => '1',
  'S_LOGO' => '7',
  'S_MUESTRA_VIDEO' => '0',
) 
2014-12-16 10:18:13 --> se va a extraer informacion del area  
2014-12-16 10:18:13 --> la informacion del area es array (
  'AR_ID' => '2',
  'AR_NOMBRE' => 'APORTES',
  'AR_DESCRIPCION' => 'Pensiones Incapacidades Cesantias Cartas FNA',
  'AR_C_ID' => '1',
  'AR_ACTIVO' => '1',
  'AR_ALIAS' => 'A',
  'AR_MOSTRAR_NOMBRE_PANTALLA' => '0',
) 
2014-12-16 10:18:13 --> se va a crear el turno 
2014-12-16 10:18:13 --> se creo el turno 10 del area A 

2014-12-16 10:21:03 --> get_areas 1 
2014-12-16 10:21:03 --> buscando areas del cliente 

2014-12-16 10:22:07 --> get_areas 1 
2014-12-16 10:22:07 --> buscando areas del cliente 
2014-12-16 10:22:20 --> crear el consumidor 
2014-12-16 10:22:20 --> se creo el consumidor 27408 
2014-12-16 10:22:20 --> la informacion de la sede es array (
  'S_ID' => '3',
  'S_NOMBRE' => 'NORTE',
  'S_DESCRIPCION' => 'Sede para atender los casos de la regional norte',
  'S_C_ID' => '1',
  'S_CANTIDAD_ENCUESTAS' => '10',
  'S_ACTIVO' => '1',
  'S_LOGO' => '7',
  'S_MUESTRA_VIDEO' => '0',
) 
2014-12-16 10:22:20 --> se va a extraer informacion del area  
2014-12-16 10:22:20 --> la informacion del area es array (
  'AR_ID' => '8',
  'AR_NOMBRE' => 'COMPENSACION_SALARIAL',
  'AR_DESCRIPCION' => 'Informacion pago nomina y liquidaciones',
  'AR_C_ID' => '1',
  'AR_ACTIVO' => '1',
  'AR_ALIAS' => 'CS',
  'AR_MOSTRAR_NOMBRE_PANTALLA' => '0',
) 
2014-12-16 10:22:20 --> se va a crear el turno 
2014-12-16 10:22:20 --> se creo el turno 1 del area CS 

2014-12-16 10:31:14 --> get_areas 1 
2014-12-16 10:31:14 --> buscando areas del cliente 
2014-12-16 10:31:30 --> crear el consumidor 
2014-12-16 10:31:30 --> se creo el consumidor 27411 
2014-12-16 10:31:30 --> la informacion de la sede es array (
  'S_ID' => '4',
  'S_NOMBRE' => 'OCCIDENTE',
  'S_DESCRIPCION' => 'Sedle para atender los casos de la regional occidente',
  'S_C_ID' => '1',
  'S_CANTIDAD_ENCUESTAS' => '10',
  'S_ACTIVO' => '1',
  'S_LOGO' => '7',
  'S_MUESTRA_VIDEO' => '0',
) 
2014-12-16 10:31:30 --> se va a extraer informacion del area  
2014-12-16 10:31:30 --> la informacion del area es array (
  'AR_ID' => '2',
  'AR_NOMBRE' => 'APORTES',
  'AR_DESCRIPCION' => 'Pensiones Incapacidades Cesantias Cartas FNA',
  'AR_C_ID' => '1',
  'AR_ACTIVO' => '1',
  'AR_ALIAS' => 'A',
  'AR_MOSTRAR_NOMBRE_PANTALLA' => '0',
) 
2014-12-16 10:31:30 --> se va a crear el turno 
2014-12-16 10:31:30 --> se creo el turno 11 del area A 

2014-12-16 10:34:19 --> get_areas 1 
2014-12-16 10:34:19 --> buscando areas del cliente 

2014-12-16 10:43:57 --> get_areas 1 
2014-12-16 10:43:57 --> buscando areas del cliente 
2014-12-16 10:44:16 --> crear el consumidor 
2014-12-16 10:44:16 --> se creo el consumidor 27418 
2014-12-16 10:44:16 --> la informacion de la sede es array (
  'S_ID' => '4',
  'S_NOMBRE' => 'OCCIDENTE',
  'S_DESCRIPCION' => 'Sedle para atender los casos de la regional occidente',
  'S_C_ID' => '1',
  'S_CANTIDAD_ENCUESTAS' => '10',
  'S_ACTIVO' => '1',
  'S_LOGO' => '7',
  'S_MUESTRA_VIDEO' => '0',
) 
2014-12-16 10:44:16 --> se va a extraer informacion del area  
2014-12-16 10:44:16 --> la informacion del area es array (
  'AR_ID' => '2',
  'AR_NOMBRE' => 'APORTES',
  'AR_DESCRIPCION' => 'Pensiones Incapacidades Cesantias Cartas FNA',
  'AR_C_ID' => '1',
  'AR_ACTIVO' => '1',
  'AR_ALIAS' => 'A',
  'AR_MOSTRAR_NOMBRE_PANTALLA' => '0',
) 
2014-12-16 10:44:16 --> se va a crear el turno 
2014-12-16 10:44:16 --> se creo el turno 12 del area A 

2014-12-16 10:45:00 --> get_areas 1 
2014-12-16 10:45:00 --> buscando areas del cliente 
2014-12-16 10:45:06 --> crear el consumidor 
2014-12-16 10:45:06 --> se creo el consumidor 27419 
2014-12-16 10:45:06 --> la informacion de la sede es array (
  'S_ID' => '4',
  'S_NOMBRE' => 'OCCIDENTE',
  'S_DESCRIPCION' => 'Sedle para atender los casos de la regional occidente',
  'S_C_ID' => '1',
  'S_CANTIDAD_ENCUESTAS' => '10',
  'S_ACTIVO' => '1',
  'S_LOGO' => '7',
  'S_MUESTRA_VIDEO' => '0',
) 
2014-12-16 10:45:06 --> se va a extraer informacion del area  
2014-12-16 10:45:06 --> la informacion del area es array (
  'AR_ID' => '1',
  'AR_NOMBRE' => 'GERENCIA_DEL_SERVICIO',
  'AR_DESCRIPCION' => 'Cartas punto de venta Cartas de renuncia',
  'AR_C_ID' => '1',
  'AR_ACTIVO' => '1',
  'AR_ALIAS' => 'GS',
  'AR_MOSTRAR_NOMBRE_PANTALLA' => '0',
) 
2014-12-16 10:45:06 --> se va a crear el turno 
2014-12-16 10:45:06 --> se creo el turno 6 del area GS 

2014-12-16 10:57:14 --> get_areas 1 
2014-12-16 10:57:14 --> buscando areas del cliente 
2014-12-16 10:57:27 --> crear el consumidor 
2014-12-16 10:57:27 --> se creo el consumidor 27427 
2014-12-16 10:57:27 --> la informacion de la sede es array (
  'S_ID' => '4',
  'S_NOMBRE' => 'OCCIDENTE',
  'S_DESCRIPCION' => 'Sedle para atender los casos de la regional occidente',
  'S_C_ID' => '1',
  'S_CANTIDAD_ENCUESTAS' => '10',
  'S_ACTIVO' => '1',
  'S_LOGO' => '7',
  'S_MUESTRA_VIDEO' => '0',
) 
2014-12-16 10:57:27 --> se va a extraer informacion del area  
2014-12-16 10:57:27 --> la informacion del area es array (
  'AR_ID' => '5',
  'AR_NOMBRE' => 'OTROS',
  'AR_DESCRIPCION' => 'Otros',
  'AR_C_ID' => '1',
  'AR_ACTIVO' => '1',
  'AR_ALIAS' => 'O',
  'AR_MOSTRAR_NOMBRE_PANTALLA' => '0',
) 
2014-12-16 10:57:27 --> se va a crear el turno 
2014-12-16 10:57:27 --> se creo el turno 6 del area O 

2014-12-16 11:02:08 --> get_areas 1 
2014-12-16 11:02:08 --> buscando areas del cliente 
2014-12-16 11:02:27 --> crear el consumidor 
2014-12-16 11:02:27 --> se creo el consumidor 27428 
2014-12-16 11:02:27 --> la informacion de la sede es array (
  'S_ID' => '4',
  'S_NOMBRE' => 'OCCIDENTE',
  'S_DESCRIPCION' => 'Sedle para atender los casos de la regional occidente',
  'S_C_ID' => '1',
  'S_CANTIDAD_ENCUESTAS' => '10',
  'S_ACTIVO' => '1',
  'S_LOGO' => '7',
  'S_MUESTRA_VIDEO' => '0',
) 
2014-12-16 11:02:27 --> se va a extraer informacion del area  
2014-12-16 11:02:27 --> la informacion del area es array (
  'AR_ID' => '1',
  'AR_NOMBRE' => 'GERENCIA_DEL_SERVICIO',
  'AR_DESCRIPCION' => 'Cartas punto de venta Cartas de renuncia',
  'AR_C_ID' => '1',
  'AR_ACTIVO' => '1',
  'AR_ALIAS' => 'GS',
  'AR_MOSTRAR_NOMBRE_PANTALLA' => '0',
) 
2014-12-16 11:02:27 --> se va a crear el turno 
2014-12-16 11:02:27 --> se creo el turno 7 del area GS 

2014-12-16 11:05:16 --> get_areas 1 
2014-12-16 11:05:16 --> buscando areas del cliente 
2014-12-16 11:05:28 --> crear el consumidor 
2014-12-16 11:05:28 --> se creo el consumidor 27429 
2014-12-16 11:05:28 --> la informacion de la sede es array (
  'S_ID' => '4',
  'S_NOMBRE' => 'OCCIDENTE',
  'S_DESCRIPCION' => 'Sedle para atender los casos de la regional occidente',
  'S_C_ID' => '1',
  'S_CANTIDAD_ENCUESTAS' => '10',
  'S_ACTIVO' => '1',
  'S_LOGO' => '7',
  'S_MUESTRA_VIDEO' => '0',
) 
2014-12-16 11:05:28 --> se va a extraer informacion del area  
2014-12-16 11:05:28 --> la informacion del area es array (
  'AR_ID' => '8',
  'AR_NOMBRE' => 'COMPENSACION_SALARIAL',
  'AR_DESCRIPCION' => 'Informacion pago nomina y liquidaciones',
  'AR_C_ID' => '1',
  'AR_ACTIVO' => '1',
  'AR_ALIAS' => 'CS',
  'AR_MOSTRAR_NOMBRE_PANTALLA' => '0',
) 
2014-12-16 11:05:28 --> se va a crear el turno 
2014-12-16 11:05:28 --> se creo el turno 2 del area CS 

2014-12-16 11:07:26 --> get_areas 1 
2014-12-16 11:07:26 --> buscando areas del cliente 
2014-12-16 11:07:37 --> crear el consumidor 
2014-12-16 11:07:37 --> se creo el consumidor 27430 
2014-12-16 11:07:37 --> la informacion de la sede es array (
  'S_ID' => '4',
  'S_NOMBRE' => 'OCCIDENTE',
  'S_DESCRIPCION' => 'Sedle para atender los casos de la regional occidente',
  'S_C_ID' => '1',
  'S_CANTIDAD_ENCUESTAS' => '10',
  'S_ACTIVO' => '1',
  'S_LOGO' => '7',
  'S_MUESTRA_VIDEO' => '0',
) 
2014-12-16 11:07:37 --> se va a extraer informacion del area  
2014-12-16 11:07:37 --> la informacion del area es array (
  'AR_ID' => '5',
  'AR_NOMBRE' => 'OTROS',
  'AR_DESCRIPCION' => 'Otros',
  'AR_C_ID' => '1',
  'AR_ACTIVO' => '1',
  'AR_ALIAS' => 'O',
  'AR_MOSTRAR_NOMBRE_PANTALLA' => '0',
) 
2014-12-16 11:07:37 --> se va a crear el turno 
2014-12-16 11:07:37 --> se creo el turno 7 del area O 

2014-12-16 11:08:16 --> get_areas 1 
2014-12-16 11:08:16 --> buscando areas del cliente 
2014-12-16 11:08:20 --> crear el consumidor 
2014-12-16 11:08:20 --> se creo el consumidor 27431 
2014-12-16 11:08:20 --> la informacion de la sede es array (
  'S_ID' => '4',
  'S_NOMBRE' => 'OCCIDENTE',
  'S_DESCRIPCION' => 'Sedle para atender los casos de la regional occidente',
  'S_C_ID' => '1',
  'S_CANTIDAD_ENCUESTAS' => '10',
  'S_ACTIVO' => '1',
  'S_LOGO' => '7',
  'S_MUESTRA_VIDEO' => '0',
) 
2014-12-16 11:08:20 --> se va a extraer informacion del area  
2014-12-16 11:08:20 --> la informacion del area es array (
  'AR_ID' => '5',
  'AR_NOMBRE' => 'OTROS',
  'AR_DESCRIPCION' => 'Otros',
  'AR_C_ID' => '1',
  'AR_ACTIVO' => '1',
  'AR_ALIAS' => 'O',
  'AR_MOSTRAR_NOMBRE_PANTALLA' => '0',
) 
2014-12-16 11:08:20 --> se va a crear el turno 
2014-12-16 11:08:20 --> se creo el turno 8 del area O 

2014-12-16 11:09:00 --> get_areas 1 
2014-12-16 11:09:00 --> buscando areas del cliente 
2014-12-16 11:09:04 --> crear el consumidor 
2014-12-16 11:09:04 --> se creo el consumidor 27432 
2014-12-16 11:09:04 --> la informacion de la sede es array (
  'S_ID' => '4',
  'S_NOMBRE' => 'OCCIDENTE',
  'S_DESCRIPCION' => 'Sedle para atender los casos de la regional occidente',
  'S_C_ID' => '1',
  'S_CANTIDAD_ENCUESTAS' => '10',
  'S_ACTIVO' => '1',
  'S_LOGO' => '7',
  'S_MUESTRA_VIDEO' => '0',
) 
2014-12-16 11:09:04 --> se va a extraer informacion del area  
2014-12-16 11:09:04 --> la informacion del area es array (
  'AR_ID' => '5',
  'AR_NOMBRE' => 'OTROS',
  'AR_DESCRIPCION' => 'Otros',
  'AR_C_ID' => '1',
  'AR_ACTIVO' => '1',
  'AR_ALIAS' => 'O',
  'AR_MOSTRAR_NOMBRE_PANTALLA' => '0',
) 
2014-12-16 11:09:04 --> se va a crear el turno 
2014-12-16 11:09:04 --> se creo el turno 9 del area O 

2014-12-16 11:10:06 --> get_areas 1 
2014-12-16 11:10:06 --> buscando areas del cliente 
2014-12-16 11:10:15 --> crear el consumidor 
2014-12-16 11:10:15 --> se creo el consumidor 27434 
2014-12-16 11:10:15 --> la informacion de la sede es array (
  'S_ID' => '4',
  'S_NOMBRE' => 'OCCIDENTE',
  'S_DESCRIPCION' => 'Sedle para atender los casos de la regional occidente',
  'S_C_ID' => '1',
  'S_CANTIDAD_ENCUESTAS' => '10',
  'S_ACTIVO' => '1',
  'S_LOGO' => '7',
  'S_MUESTRA_VIDEO' => '0',
) 
2014-12-16 11:10:15 --> se va a extraer informacion del area  
2014-12-16 11:10:15 --> la informacion del area es array (
  'AR_ID' => '1',
  'AR_NOMBRE' => 'GERENCIA_DEL_SERVICIO',
  'AR_DESCRIPCION' => 'Cartas punto de venta Cartas de renuncia',
  'AR_C_ID' => '1',
  'AR_ACTIVO' => '1',
  'AR_ALIAS' => 'GS',
  'AR_MOSTRAR_NOMBRE_PANTALLA' => '0',
) 
2014-12-16 11:10:15 --> se va a crear el turno 
2014-12-16 11:10:15 --> se creo el turno 8 del area GS 

2014-12-16 11:10:54 --> get_areas 1 
2014-12-16 11:10:54 --> buscando areas del cliente 
2014-12-16 11:10:57 --> crear el consumidor 
2014-12-16 11:10:57 --> se creo el consumidor 27435 
2014-12-16 11:10:57 --> la informacion de la sede es array (
  'S_ID' => '4',
  'S_NOMBRE' => 'OCCIDENTE',
  'S_DESCRIPCION' => 'Sedle para atender los casos de la regional occidente',
  'S_C_ID' => '1',
  'S_CANTIDAD_ENCUESTAS' => '10',
  'S_ACTIVO' => '1',
  'S_LOGO' => '7',
  'S_MUESTRA_VIDEO' => '0',
) 
2014-12-16 11:10:57 --> se va a extraer informacion del area  
2014-12-16 11:10:57 --> la informacion del area es array (
  'AR_ID' => '1',
  'AR_NOMBRE' => 'GERENCIA_DEL_SERVICIO',
  'AR_DESCRIPCION' => 'Cartas punto de venta Cartas de renuncia',
  'AR_C_ID' => '1',
  'AR_ACTIVO' => '1',
  'AR_ALIAS' => 'GS',
  'AR_MOSTRAR_NOMBRE_PANTALLA' => '0',
) 
2014-12-16 11:10:57 --> se va a crear el turno 
2014-12-16 11:10:57 --> se creo el turno 9 del area GS 

2014-12-16 11:12:31 --> get_areas 1 
2014-12-16 11:12:31 --> buscando areas del cliente 

2014-12-16 11:12:45 --> get_areas 1 
2014-12-16 11:12:45 --> buscando areas del cliente 
2014-12-16 11:12:48 --> crear el consumidor 
2014-12-16 11:12:48 --> se creo el consumidor 27436 
2014-12-16 11:12:48 --> la informacion de la sede es array (
  'S_ID' => '4',
  'S_NOMBRE' => 'OCCIDENTE',
  'S_DESCRIPCION' => 'Sedle para atender los casos de la regional occidente',
  'S_C_ID' => '1',
  'S_CANTIDAD_ENCUESTAS' => '10',
  'S_ACTIVO' => '1',
  'S_LOGO' => '7',
  'S_MUESTRA_VIDEO' => '0',
) 
2014-12-16 11:12:48 --> se va a extraer informacion del area  
2014-12-16 11:12:48 --> la informacion del area es array (
  'AR_ID' => '1',
  'AR_NOMBRE' => 'GERENCIA_DEL_SERVICIO',
  'AR_DESCRIPCION' => 'Cartas punto de venta Cartas de renuncia',
  'AR_C_ID' => '1',
  'AR_ACTIVO' => '1',
  'AR_ALIAS' => 'GS',
  'AR_MOSTRAR_NOMBRE_PANTALLA' => '0',
) 
2014-12-16 11:12:48 --> se va a crear el turno 
2014-12-16 11:12:48 --> se creo el turno 10 del area GS 

2014-12-16 11:13:41 --> get_areas 1 
2014-12-16 11:13:41 --> buscando areas del cliente 
2014-12-16 11:13:45 --> crear el consumidor 
2014-12-16 11:13:45 --> se creo el consumidor 27437 
2014-12-16 11:13:45 --> la informacion de la sede es array (
  'S_ID' => '4',
  'S_NOMBRE' => 'OCCIDENTE',
  'S_DESCRIPCION' => 'Sedle para atender los casos de la regional occidente',
  'S_C_ID' => '1',
  'S_CANTIDAD_ENCUESTAS' => '10',
  'S_ACTIVO' => '1',
  'S_LOGO' => '7',
  'S_MUESTRA_VIDEO' => '0',
) 
2014-12-16 11:13:45 --> se va a extraer informacion del area  
2014-12-16 11:13:45 --> la informacion del area es array (
  'AR_ID' => '5',
  'AR_NOMBRE' => 'OTROS',
  'AR_DESCRIPCION' => 'Otros',
  'AR_C_ID' => '1',
  'AR_ACTIVO' => '1',
  'AR_ALIAS' => 'O',
  'AR_MOSTRAR_NOMBRE_PANTALLA' => '0',
) 
2014-12-16 11:13:45 --> se va a crear el turno 
2014-12-16 11:13:45 --> se creo el turno 10 del area O 

2014-12-16 11:14:30 --> get_areas 1 
2014-12-16 11:14:30 --> buscando areas del cliente 
2014-12-16 11:14:35 --> crear el consumidor 
2014-12-16 11:14:35 --> se creo el consumidor 27438 
2014-12-16 11:14:35 --> la informacion de la sede es array (
  'S_ID' => '4',
  'S_NOMBRE' => 'OCCIDENTE',
  'S_DESCRIPCION' => 'Sedle para atender los casos de la regional occidente',
  'S_C_ID' => '1',
  'S_CANTIDAD_ENCUESTAS' => '10',
  'S_ACTIVO' => '1',
  'S_LOGO' => '7',
  'S_MUESTRA_VIDEO' => '0',
) 
2014-12-16 11:14:35 --> se va a extraer informacion del area  
2014-12-16 11:14:35 --> la informacion del area es array (
  'AR_ID' => '5',
  'AR_NOMBRE' => 'OTROS',
  'AR_DESCRIPCION' => 'Otros',
  'AR_C_ID' => '1',
  'AR_ACTIVO' => '1',
  'AR_ALIAS' => 'O',
  'AR_MOSTRAR_NOMBRE_PANTALLA' => '0',
) 
2014-12-16 11:14:35 --> se va a crear el turno 
2014-12-16 11:14:35 --> se creo el turno 11 del area O 

2014-12-16 11:16:03 --> get_areas 1 
2014-12-16 11:16:03 --> buscando areas del cliente 

2014-12-16 11:17:38 --> get_areas 1 
2014-12-16 11:17:38 --> buscando areas del cliente 

2014-12-16 11:18:21 --> get_areas 1 
2014-12-16 11:18:21 --> buscando areas del cliente 
2014-12-16 11:18:34 --> crear el consumidor 
2014-12-16 11:18:34 --> se creo el consumidor 27440 
2014-12-16 11:18:34 --> la informacion de la sede es array (
  'S_ID' => '4',
  'S_NOMBRE' => 'OCCIDENTE',
  'S_DESCRIPCION' => 'Sedle para atender los casos de la regional occidente',
  'S_C_ID' => '1',
  'S_CANTIDAD_ENCUESTAS' => '10',
  'S_ACTIVO' => '1',
  'S_LOGO' => '7',
  'S_MUESTRA_VIDEO' => '0',
) 
2014-12-16 11:18:34 --> se va a extraer informacion del area  
2014-12-16 11:18:34 --> la informacion del area es array (
  'AR_ID' => '5',
  'AR_NOMBRE' => 'OTROS',
  'AR_DESCRIPCION' => 'Otros',
  'AR_C_ID' => '1',
  'AR_ACTIVO' => '1',
  'AR_ALIAS' => 'O',
  'AR_MOSTRAR_NOMBRE_PANTALLA' => '0',
) 
2014-12-16 11:18:34 --> se va a crear el turno 
2014-12-16 11:18:34 --> se creo el turno 12 del area O 

2014-12-16 11:20:16 --> get_areas 1 
2014-12-16 11:20:16 --> buscando areas del cliente 
2014-12-16 11:20:21 --> crear el consumidor 
2014-12-16 11:20:21 --> se creo el consumidor 27441 
2014-12-16 11:20:21 --> la informacion de la sede es array (
  'S_ID' => '4',
  'S_NOMBRE' => 'OCCIDENTE',
  'S_DESCRIPCION' => 'Sedle para atender los casos de la regional occidente',
  'S_C_ID' => '1',
  'S_CANTIDAD_ENCUESTAS' => '10',
  'S_ACTIVO' => '1',
  'S_LOGO' => '7',
  'S_MUESTRA_VIDEO' => '0',
) 
2014-12-16 11:20:21 --> se va a extraer informacion del area  
2014-12-16 11:20:21 --> la informacion del area es array (
  'AR_ID' => '1',
  'AR_NOMBRE' => 'GERENCIA_DEL_SERVICIO',
  'AR_DESCRIPCION' => 'Cartas punto de venta Cartas de renuncia',
  'AR_C_ID' => '1',
  'AR_ACTIVO' => '1',
  'AR_ALIAS' => 'GS',
  'AR_MOSTRAR_NOMBRE_PANTALLA' => '0',
) 
2014-12-16 11:20:21 --> se va a crear el turno 
2014-12-16 11:20:21 --> se creo el turno 11 del area GS 

2014-12-16 11:20:28 --> get_areas 1 
2014-12-16 11:20:28 --> buscando areas del cliente 

2014-12-16 11:22:27 --> get_areas 1 
2014-12-16 11:22:27 --> buscando areas del cliente 
2014-12-16 11:22:33 --> crear el consumidor 
2014-12-16 11:22:33 --> se creo el consumidor 27442 
2014-12-16 11:22:33 --> la informacion de la sede es array (
  'S_ID' => '4',
  'S_NOMBRE' => 'OCCIDENTE',
  'S_DESCRIPCION' => 'Sedle para atender los casos de la regional occidente',
  'S_C_ID' => '1',
  'S_CANTIDAD_ENCUESTAS' => '10',
  'S_ACTIVO' => '1',
  'S_LOGO' => '7',
  'S_MUESTRA_VIDEO' => '0',
) 
2014-12-16 11:22:33 --> se va a extraer informacion del area  
2014-12-16 11:22:33 --> la informacion del area es array (
  'AR_ID' => '5',
  'AR_NOMBRE' => 'OTROS',
  'AR_DESCRIPCION' => 'Otros',
  'AR_C_ID' => '1',
  'AR_ACTIVO' => '1',
  'AR_ALIAS' => 'O',
  'AR_MOSTRAR_NOMBRE_PANTALLA' => '0',
) 
2014-12-16 11:22:33 --> se va a crear el turno 
2014-12-16 11:22:33 --> se creo el turno 13 del area O 

2014-12-16 11:24:27 --> get_areas 1 
2014-12-16 11:24:27 --> buscando areas del cliente 
2014-12-16 11:24:37 --> crear el consumidor 
2014-12-16 11:24:37 --> se creo el consumidor 27443 
2014-12-16 11:24:37 --> la informacion de la sede es array (
  'S_ID' => '4',
  'S_NOMBRE' => 'OCCIDENTE',
  'S_DESCRIPCION' => 'Sedle para atender los casos de la regional occidente',
  'S_C_ID' => '1',
  'S_CANTIDAD_ENCUESTAS' => '10',
  'S_ACTIVO' => '1',
  'S_LOGO' => '7',
  'S_MUESTRA_VIDEO' => '0',
) 
2014-12-16 11:24:37 --> se va a extraer informacion del area  
2014-12-16 11:24:37 --> la informacion del area es array (
  'AR_ID' => '5',
  'AR_NOMBRE' => 'OTROS',
  'AR_DESCRIPCION' => 'Otros',
  'AR_C_ID' => '1',
  'AR_ACTIVO' => '1',
  'AR_ALIAS' => 'O',
  'AR_MOSTRAR_NOMBRE_PANTALLA' => '0',
) 
2014-12-16 11:24:37 --> se va a crear el turno 
2014-12-16 11:24:37 --> se creo el turno 14 del area O 

2014-12-16 11:26:41 --> get_areas 1 
2014-12-16 11:26:41 --> buscando areas del cliente 
2014-12-16 11:26:45 --> crear el consumidor 
2014-12-16 11:26:45 --> se creo el consumidor 27444 
2014-12-16 11:26:45 --> la informacion de la sede es array (
  'S_ID' => '4',
  'S_NOMBRE' => 'OCCIDENTE',
  'S_DESCRIPCION' => 'Sedle para atender los casos de la regional occidente',
  'S_C_ID' => '1',
  'S_CANTIDAD_ENCUESTAS' => '10',
  'S_ACTIVO' => '1',
  'S_LOGO' => '7',
  'S_MUESTRA_VIDEO' => '0',
) 
2014-12-16 11:26:45 --> se va a extraer informacion del area  
2014-12-16 11:26:45 --> la informacion del area es array (
  'AR_ID' => '5',
  'AR_NOMBRE' => 'OTROS',
  'AR_DESCRIPCION' => 'Otros',
  'AR_C_ID' => '1',
  'AR_ACTIVO' => '1',
  'AR_ALIAS' => 'O',
  'AR_MOSTRAR_NOMBRE_PANTALLA' => '0',
) 
2014-12-16 11:26:45 --> se va a crear el turno 
2014-12-16 11:26:45 --> se creo el turno 15 del area O 

2014-12-16 11:33:11 --> get_areas 1 
2014-12-16 11:33:11 --> buscando areas del cliente 
2014-12-16 11:33:18 --> crear el consumidor 
2014-12-16 11:33:18 --> se creo el consumidor 27445 
2014-12-16 11:33:18 --> la informacion de la sede es array (
  'S_ID' => '4',
  'S_NOMBRE' => 'OCCIDENTE',
  'S_DESCRIPCION' => 'Sedle para atender los casos de la regional occidente',
  'S_C_ID' => '1',
  'S_CANTIDAD_ENCUESTAS' => '10',
  'S_ACTIVO' => '1',
  'S_LOGO' => '7',
  'S_MUESTRA_VIDEO' => '0',
) 
2014-12-16 11:33:18 --> se va a extraer informacion del area  
2014-12-16 11:33:18 --> la informacion del area es array (
  'AR_ID' => '5',
  'AR_NOMBRE' => 'OTROS',
  'AR_DESCRIPCION' => 'Otros',
  'AR_C_ID' => '1',
  'AR_ACTIVO' => '1',
  'AR_ALIAS' => 'O',
  'AR_MOSTRAR_NOMBRE_PANTALLA' => '0',
) 
2014-12-16 11:33:18 --> se va a crear el turno 
2014-12-16 11:33:18 --> se creo el turno 16 del area O 

2014-12-16 11:38:33 --> get_areas 1 
2014-12-16 11:38:33 --> buscando areas del cliente 
2014-12-16 11:38:36 --> crear el consumidor 
2014-12-16 11:38:36 --> se creo el consumidor 27446 
2014-12-16 11:38:36 --> la informacion de la sede es array (
  'S_ID' => '5',
  'S_NOMBRE' => 'ORIENTE',
  'S_DESCRIPCION' => 'Sede para gestionar los casos de la regional Oriente',
  'S_C_ID' => '1',
  'S_CANTIDAD_ENCUESTAS' => '10',
  'S_ACTIVO' => '1',
  'S_LOGO' => '7',
  'S_MUESTRA_VIDEO' => '0',
) 
2014-12-16 11:38:36 --> se va a extraer informacion del area  
2014-12-16 11:38:36 --> la informacion del area es array (
  'AR_ID' => '1',
  'AR_NOMBRE' => 'GERENCIA_DEL_SERVICIO',
  'AR_DESCRIPCION' => 'Cartas punto de venta Cartas de renuncia',
  'AR_C_ID' => '1',
  'AR_ACTIVO' => '1',
  'AR_ALIAS' => 'GS',
  'AR_MOSTRAR_NOMBRE_PANTALLA' => '0',
) 
2014-12-16 11:38:36 --> se va a crear el turno 
2014-12-16 11:38:36 --> se creo el turno 1 del area GS 

2014-12-16 11:41:41 --> get_areas 1 
2014-12-16 11:41:41 --> buscando areas del cliente 
2014-12-16 11:42:06 --> crear el consumidor 
2014-12-16 11:42:06 --> se creo el consumidor 27448 
2014-12-16 11:42:06 --> la informacion de la sede es array (
  'S_ID' => '4',
  'S_NOMBRE' => 'OCCIDENTE',
  'S_DESCRIPCION' => 'Sedle para atender los casos de la regional occidente',
  'S_C_ID' => '1',
  'S_CANTIDAD_ENCUESTAS' => '10',
  'S_ACTIVO' => '1',
  'S_LOGO' => '7',
  'S_MUESTRA_VIDEO' => '0',
) 
2014-12-16 11:42:06 --> se va a extraer informacion del area  
2014-12-16 11:42:06 --> la informacion del area es array (
  'AR_ID' => '3',
  'AR_NOMBRE' => 'SEGUIMIENTO_AL_SERVICIO',
  'AR_DESCRIPCION' => 'SQR certificados especiales claves portal web',
  'AR_C_ID' => '1',
  'AR_ACTIVO' => '1',
  'AR_ALIAS' => 'SAS',
  'AR_MOSTRAR_NOMBRE_PANTALLA' => '0',
) 
2014-12-16 11:42:06 --> se va a crear el turno 
2014-12-16 11:42:06 --> se creo el turno 3 del area SAS 

2014-12-16 12:24:21 --> get_areas 1 
2014-12-16 12:24:21 --> buscando areas del cliente 
2014-12-16 12:24:38 --> crear el consumidor 
2014-12-16 12:24:38 --> se creo el consumidor 27452 
2014-12-16 12:24:38 --> la informacion de la sede es array (
  'S_ID' => '4',
  'S_NOMBRE' => 'OCCIDENTE',
  'S_DESCRIPCION' => 'Sedle para atender los casos de la regional occidente',
  'S_C_ID' => '1',
  'S_CANTIDAD_ENCUESTAS' => '10',
  'S_ACTIVO' => '1',
  'S_LOGO' => '7',
  'S_MUESTRA_VIDEO' => '0',
) 
2014-12-16 12:24:38 --> se va a extraer informacion del area  
2014-12-16 12:24:38 --> la informacion del area es array (
  'AR_ID' => '5',
  'AR_NOMBRE' => 'OTROS',
  'AR_DESCRIPCION' => 'Otros',
  'AR_C_ID' => '1',
  'AR_ACTIVO' => '1',
  'AR_ALIAS' => 'O',
  'AR_MOSTRAR_NOMBRE_PANTALLA' => '0',
) 
2014-12-16 12:24:38 --> se va a crear el turno 
2014-12-16 12:24:38 --> se creo el turno 17 del area O 

2014-12-16 12:25:16 --> get_areas 1 
2014-12-16 12:25:16 --> buscando areas del cliente 
2014-12-16 12:25:22 --> crear el consumidor 
2014-12-16 12:25:22 --> se creo el consumidor 27453 
2014-12-16 12:25:22 --> la informacion de la sede es array (
  'S_ID' => '4',
  'S_NOMBRE' => 'OCCIDENTE',
  'S_DESCRIPCION' => 'Sedle para atender los casos de la regional occidente',
  'S_C_ID' => '1',
  'S_CANTIDAD_ENCUESTAS' => '10',
  'S_ACTIVO' => '1',
  'S_LOGO' => '7',
  'S_MUESTRA_VIDEO' => '0',
) 
2014-12-16 12:25:22 --> se va a extraer informacion del area  
2014-12-16 12:25:22 --> la informacion del area es array (
  'AR_ID' => '5',
  'AR_NOMBRE' => 'OTROS',
  'AR_DESCRIPCION' => 'Otros',
  'AR_C_ID' => '1',
  'AR_ACTIVO' => '1',
  'AR_ALIAS' => 'O',
  'AR_MOSTRAR_NOMBRE_PANTALLA' => '0',
) 
2014-12-16 12:25:22 --> se va a crear el turno 
2014-12-16 12:25:22 --> se creo el turno 18 del area O 

2014-12-16 12:58:27 --> get_areas 1 
2014-12-16 12:58:27 --> buscando areas del cliente 
2014-12-16 12:58:45 --> crear el consumidor 
2014-12-16 12:58:45 --> se creo el consumidor 27454 
2014-12-16 12:58:45 --> la informacion de la sede es array (
  'S_ID' => '4',
  'S_NOMBRE' => 'OCCIDENTE',
  'S_DESCRIPCION' => 'Sedle para atender los casos de la regional occidente',
  'S_C_ID' => '1',
  'S_CANTIDAD_ENCUESTAS' => '10',
  'S_ACTIVO' => '1',
  'S_LOGO' => '7',
  'S_MUESTRA_VIDEO' => '0',
) 
2014-12-16 12:58:45 --> se va a extraer informacion del area  
2014-12-16 12:58:45 --> la informacion del area es array (
  'AR_ID' => '8',
  'AR_NOMBRE' => 'COMPENSACION_SALARIAL',
  'AR_DESCRIPCION' => 'Informacion pago nomina y liquidaciones',
  'AR_C_ID' => '1',
  'AR_ACTIVO' => '1',
  'AR_ALIAS' => 'CS',
  'AR_MOSTRAR_NOMBRE_PANTALLA' => '0',
) 
2014-12-16 12:58:45 --> se va a crear el turno 
2014-12-16 12:58:45 --> se creo el turno 3 del area CS 

2014-12-16 12:59:52 --> get_areas 1 
2014-12-16 12:59:52 --> buscando areas del cliente 
2014-12-16 12:59:58 --> crear el consumidor 
2014-12-16 12:59:58 --> se creo el consumidor 27455 
2014-12-16 12:59:58 --> la informacion de la sede es array (
  'S_ID' => '4',
  'S_NOMBRE' => 'OCCIDENTE',
  'S_DESCRIPCION' => 'Sedle para atender los casos de la regional occidente',
  'S_C_ID' => '1',
  'S_CANTIDAD_ENCUESTAS' => '10',
  'S_ACTIVO' => '1',
  'S_LOGO' => '7',
  'S_MUESTRA_VIDEO' => '0',
) 
2014-12-16 12:59:58 --> se va a extraer informacion del area  
2014-12-16 12:59:58 --> la informacion del area es array (
  'AR_ID' => '8',
  'AR_NOMBRE' => 'COMPENSACION_SALARIAL',
  'AR_DESCRIPCION' => 'Informacion pago nomina y liquidaciones',
  'AR_C_ID' => '1',
  'AR_ACTIVO' => '1',
  'AR_ALIAS' => 'CS',
  'AR_MOSTRAR_NOMBRE_PANTALLA' => '0',
) 
2014-12-16 12:59:58 --> se va a crear el turno 
2014-12-16 12:59:58 --> se creo el turno 4 del area CS 

2014-12-16 13:01:03 --> get_areas 1 
2014-12-16 13:01:03 --> buscando areas del cliente 
2014-12-16 13:01:09 --> crear el consumidor 
2014-12-16 13:01:09 --> se creo el consumidor 27456 
2014-12-16 13:01:09 --> la informacion de la sede es array (
  'S_ID' => '4',
  'S_NOMBRE' => 'OCCIDENTE',
  'S_DESCRIPCION' => 'Sedle para atender los casos de la regional occidente',
  'S_C_ID' => '1',
  'S_CANTIDAD_ENCUESTAS' => '10',
  'S_ACTIVO' => '1',
  'S_LOGO' => '7',
  'S_MUESTRA_VIDEO' => '0',
) 
2014-12-16 13:01:09 --> se va a extraer informacion del area  
2014-12-16 13:01:09 --> la informacion del area es array (
  'AR_ID' => '8',
  'AR_NOMBRE' => 'COMPENSACION_SALARIAL',
  'AR_DESCRIPCION' => 'Informacion pago nomina y liquidaciones',
  'AR_C_ID' => '1',
  'AR_ACTIVO' => '1',
  'AR_ALIAS' => 'CS',
  'AR_MOSTRAR_NOMBRE_PANTALLA' => '0',
) 
2014-12-16 13:01:09 --> se va a crear el turno 
2014-12-16 13:01:09 --> se creo el turno 5 del area CS 

2014-12-16 13:03:38 --> get_areas 1 
2014-12-16 13:03:38 --> buscando areas del cliente 
2014-12-16 13:03:43 --> crear el consumidor 
2014-12-16 13:03:43 --> se creo el consumidor 27457 
2014-12-16 13:03:43 --> la informacion de la sede es array (
  'S_ID' => '4',
  'S_NOMBRE' => 'OCCIDENTE',
  'S_DESCRIPCION' => 'Sedle para atender los casos de la regional occidente',
  'S_C_ID' => '1',
  'S_CANTIDAD_ENCUESTAS' => '10',
  'S_ACTIVO' => '1',
  'S_LOGO' => '7',
  'S_MUESTRA_VIDEO' => '0',
) 
2014-12-16 13:03:43 --> se va a extraer informacion del area  
2014-12-16 13:03:43 --> la informacion del area es array (
  'AR_ID' => '8',
  'AR_NOMBRE' => 'COMPENSACION_SALARIAL',
  'AR_DESCRIPCION' => 'Informacion pago nomina y liquidaciones',
  'AR_C_ID' => '1',
  'AR_ACTIVO' => '1',
  'AR_ALIAS' => 'CS',
  'AR_MOSTRAR_NOMBRE_PANTALLA' => '0',
) 
2014-12-16 13:03:43 --> se va a crear el turno 
2014-12-16 13:03:43 --> se creo el turno 6 del area CS 

2014-12-16 14:09:07 --> get_areas 1 
2014-12-16 14:09:07 --> buscando areas del cliente 
2014-12-16 14:09:16 --> crear el consumidor 
2014-12-16 14:09:16 --> se creo el consumidor 27465 
2014-12-16 14:09:16 --> la informacion de la sede es array (
  'S_ID' => '4',
  'S_NOMBRE' => 'OCCIDENTE',
  'S_DESCRIPCION' => 'Sedle para atender los casos de la regional occidente',
  'S_C_ID' => '1',
  'S_CANTIDAD_ENCUESTAS' => '10',
  'S_ACTIVO' => '1',
  'S_LOGO' => '7',
  'S_MUESTRA_VIDEO' => '0',
) 
2014-12-16 14:09:16 --> se va a extraer informacion del area  
2014-12-16 14:09:16 --> la informacion del area es array (
  'AR_ID' => '1',
  'AR_NOMBRE' => 'GERENCIA_DEL_SERVICIO',
  'AR_DESCRIPCION' => 'Cartas punto de venta Cartas de renuncia',
  'AR_C_ID' => '1',
  'AR_ACTIVO' => '1',
  'AR_ALIAS' => 'GS',
  'AR_MOSTRAR_NOMBRE_PANTALLA' => '0',
) 
2014-12-16 14:09:16 --> se va a crear el turno 
2014-12-16 14:09:16 --> se creo el turno 12 del area GS 

2014-12-16 14:16:20 --> get_areas 1 
2014-12-16 14:16:20 --> buscando areas del cliente 
2014-12-16 14:16:33 --> crear el consumidor 
2014-12-16 14:16:33 --> se creo el consumidor 27466 
2014-12-16 14:16:33 --> la informacion de la sede es array (
  'S_ID' => '4',
  'S_NOMBRE' => 'OCCIDENTE',
  'S_DESCRIPCION' => 'Sedle para atender los casos de la regional occidente',
  'S_C_ID' => '1',
  'S_CANTIDAD_ENCUESTAS' => '10',
  'S_ACTIVO' => '1',
  'S_LOGO' => '7',
  'S_MUESTRA_VIDEO' => '0',
) 
2014-12-16 14:16:33 --> se va a extraer informacion del area  
2014-12-16 14:16:33 --> la informacion del area es array (
  'AR_ID' => '5',
  'AR_NOMBRE' => 'OTROS',
  'AR_DESCRIPCION' => 'Otros',
  'AR_C_ID' => '1',
  'AR_ACTIVO' => '1',
  'AR_ALIAS' => 'O',
  'AR_MOSTRAR_NOMBRE_PANTALLA' => '0',
) 
2014-12-16 14:16:33 --> se va a crear el turno 
2014-12-16 14:16:33 --> se creo el turno 19 del area O 

2014-12-16 14:17:15 --> get_areas 1 
2014-12-16 14:17:15 --> buscando areas del cliente 
2014-12-16 14:17:23 --> crear el consumidor 
2014-12-16 14:17:23 --> se creo el consumidor 27467 
2014-12-16 14:17:23 --> la informacion de la sede es array (
  'S_ID' => '4',
  'S_NOMBRE' => 'OCCIDENTE',
  'S_DESCRIPCION' => 'Sedle para atender los casos de la regional occidente',
  'S_C_ID' => '1',
  'S_CANTIDAD_ENCUESTAS' => '10',
  'S_ACTIVO' => '1',
  'S_LOGO' => '7',
  'S_MUESTRA_VIDEO' => '0',
) 
2014-12-16 14:17:23 --> se va a extraer informacion del area  
2014-12-16 14:17:23 --> la informacion del area es array (
  'AR_ID' => '5',
  'AR_NOMBRE' => 'OTROS',
  'AR_DESCRIPCION' => 'Otros',
  'AR_C_ID' => '1',
  'AR_ACTIVO' => '1',
  'AR_ALIAS' => 'O',
  'AR_MOSTRAR_NOMBRE_PANTALLA' => '0',
) 
2014-12-16 14:17:23 --> se va a crear el turno 
2014-12-16 14:17:23 --> se creo el turno 20 del area O 

2014-12-16 14:29:17 --> get_areas 1 
2014-12-16 14:29:17 --> buscando areas del cliente 
2014-12-16 14:29:39 --> crear el consumidor 
2014-12-16 14:29:40 --> se creo el consumidor 27468 
2014-12-16 14:29:40 --> la informacion de la sede es array (
  'S_ID' => '4',
  'S_NOMBRE' => 'OCCIDENTE',
  'S_DESCRIPCION' => 'Sedle para atender los casos de la regional occidente',
  'S_C_ID' => '1',
  'S_CANTIDAD_ENCUESTAS' => '10',
  'S_ACTIVO' => '1',
  'S_LOGO' => '7',
  'S_MUESTRA_VIDEO' => '0',
) 
2014-12-16 14:29:40 --> se va a extraer informacion del area  
2014-12-16 14:29:40 --> la informacion del area es array (
  'AR_ID' => '5',
  'AR_NOMBRE' => 'OTROS',
  'AR_DESCRIPCION' => 'Otros',
  'AR_C_ID' => '1',
  'AR_ACTIVO' => '1',
  'AR_ALIAS' => 'O',
  'AR_MOSTRAR_NOMBRE_PANTALLA' => '0',
) 
2014-12-16 14:29:40 --> se va a crear el turno 
2014-12-16 14:29:40 --> se creo el turno 21 del area O 

2014-12-16 14:31:01 --> get_areas 1 
2014-12-16 14:31:01 --> buscando areas del cliente 
2014-12-16 14:31:19 --> crear el consumidor 
2014-12-16 14:31:19 --> se creo el consumidor 27469 
2014-12-16 14:31:19 --> la informacion de la sede es array (
  'S_ID' => '4',
  'S_NOMBRE' => 'OCCIDENTE',
  'S_DESCRIPCION' => 'Sedle para atender los casos de la regional occidente',
  'S_C_ID' => '1',
  'S_CANTIDAD_ENCUESTAS' => '10',
  'S_ACTIVO' => '1',
  'S_LOGO' => '7',
  'S_MUESTRA_VIDEO' => '0',
) 
2014-12-16 14:31:19 --> se va a extraer informacion del area  
2014-12-16 14:31:19 --> la informacion del area es array (
  'AR_ID' => '2',
  'AR_NOMBRE' => 'APORTES',
  'AR_DESCRIPCION' => 'Pensiones Incapacidades Cesantias Cartas FNA',
  'AR_C_ID' => '1',
  'AR_ACTIVO' => '1',
  'AR_ALIAS' => 'A',
  'AR_MOSTRAR_NOMBRE_PANTALLA' => '0',
) 
2014-12-16 14:31:19 --> se va a crear el turno 
2014-12-16 14:31:19 --> se creo el turno 14 del area A 

2014-12-16 14:42:17 --> get_areas 1 
2014-12-16 14:42:17 --> buscando areas del cliente 
2014-12-16 14:42:58 --> crear el consumidor 
2014-12-16 14:42:58 --> se creo el consumidor 27473 
2014-12-16 14:42:58 --> la informacion de la sede es array (
  'S_ID' => '4',
  'S_NOMBRE' => 'OCCIDENTE',
  'S_DESCRIPCION' => 'Sedle para atender los casos de la regional occidente',
  'S_C_ID' => '1',
  'S_CANTIDAD_ENCUESTAS' => '10',
  'S_ACTIVO' => '1',
  'S_LOGO' => '7',
  'S_MUESTRA_VIDEO' => '0',
) 
2014-12-16 14:42:58 --> se va a extraer informacion del area  
2014-12-16 14:42:58 --> la informacion del area es array (
  'AR_ID' => '3',
  'AR_NOMBRE' => 'SEGUIMIENTO_AL_SERVICIO',
  'AR_DESCRIPCION' => 'SQR certificados especiales claves portal web',
  'AR_C_ID' => '1',
  'AR_ACTIVO' => '1',
  'AR_ALIAS' => 'SAS',
  'AR_MOSTRAR_NOMBRE_PANTALLA' => '0',
) 
2014-12-16 14:42:58 --> se va a crear el turno 
2014-12-16 14:42:58 --> se creo el turno 4 del area SAS 

2014-12-16 14:44:17 --> get_areas 1 
2014-12-16 14:44:17 --> buscando areas del cliente 
2014-12-16 14:44:37 --> crear el consumidor 
2014-12-16 14:44:37 --> se creo el consumidor 27475 
2014-12-16 14:44:37 --> la informacion de la sede es array (
  'S_ID' => '4',
  'S_NOMBRE' => 'OCCIDENTE',
  'S_DESCRIPCION' => 'Sedle para atender los casos de la regional occidente',
  'S_C_ID' => '1',
  'S_CANTIDAD_ENCUESTAS' => '10',
  'S_ACTIVO' => '1',
  'S_LOGO' => '7',
  'S_MUESTRA_VIDEO' => '0',
) 
2014-12-16 14:44:37 --> se va a extraer informacion del area  
2014-12-16 14:44:37 --> la informacion del area es array (
  'AR_ID' => '5',
  'AR_NOMBRE' => 'OTROS',
  'AR_DESCRIPCION' => 'Otros',
  'AR_C_ID' => '1',
  'AR_ACTIVO' => '1',
  'AR_ALIAS' => 'O',
  'AR_MOSTRAR_NOMBRE_PANTALLA' => '0',
) 
2014-12-16 14:44:37 --> se va a crear el turno 
2014-12-16 14:44:37 --> se creo el turno 22 del area O 

2014-12-16 14:56:06 --> get_areas 1 
2014-12-16 14:56:06 --> buscando areas del cliente 
2014-12-16 14:56:59 --> crear el consumidor 
2014-12-16 14:56:59 --> se creo el consumidor 27480 
2014-12-16 14:56:59 --> la informacion de la sede es array (
  'S_ID' => '4',
  'S_NOMBRE' => 'OCCIDENTE',
  'S_DESCRIPCION' => 'Sedle para atender los casos de la regional occidente',
  'S_C_ID' => '1',
  'S_CANTIDAD_ENCUESTAS' => '10',
  'S_ACTIVO' => '1',
  'S_LOGO' => '7',
  'S_MUESTRA_VIDEO' => '0',
) 
2014-12-16 14:56:59 --> se va a extraer informacion del area  
2014-12-16 14:56:59 --> la informacion del area es array (
  'AR_ID' => '2',
  'AR_NOMBRE' => 'APORTES',
  'AR_DESCRIPCION' => 'Pensiones Incapacidades Cesantias Cartas FNA',
  'AR_C_ID' => '1',
  'AR_ACTIVO' => '1',
  'AR_ALIAS' => 'A',
  'AR_MOSTRAR_NOMBRE_PANTALLA' => '0',
) 
2014-12-16 14:56:59 --> se va a crear el turno 
2014-12-16 14:56:59 --> se creo el turno 15 del area A 

2014-12-16 14:58:30 --> get_areas 1 
2014-12-16 14:58:30 --> buscando areas del cliente 
2014-12-16 14:58:42 --> crear el consumidor 
2014-12-16 14:58:42 --> se creo el consumidor 27482 
2014-12-16 14:58:42 --> la informacion de la sede es array (
  'S_ID' => '4',
  'S_NOMBRE' => 'OCCIDENTE',
  'S_DESCRIPCION' => 'Sedle para atender los casos de la regional occidente',
  'S_C_ID' => '1',
  'S_CANTIDAD_ENCUESTAS' => '10',
  'S_ACTIVO' => '1',
  'S_LOGO' => '7',
  'S_MUESTRA_VIDEO' => '0',
) 
2014-12-16 14:58:42 --> se va a extraer informacion del area  
2014-12-16 14:58:42 --> la informacion del area es array (
  'AR_ID' => '5',
  'AR_NOMBRE' => 'OTROS',
  'AR_DESCRIPCION' => 'Otros',
  'AR_C_ID' => '1',
  'AR_ACTIVO' => '1',
  'AR_ALIAS' => 'O',
  'AR_MOSTRAR_NOMBRE_PANTALLA' => '0',
) 
2014-12-16 14:58:42 --> se va a crear el turno 
2014-12-16 14:58:42 --> se creo el turno 23 del area O 

2014-12-16 15:06:25 --> get_areas 1 
2014-12-16 15:06:25 --> buscando areas del cliente 

2014-12-16 15:07:18 --> get_areas 1 
2014-12-16 15:07:18 --> buscando areas del cliente 
2014-12-16 15:07:28 --> crear el consumidor 
2014-12-16 15:07:28 --> se creo el consumidor 27487 
2014-12-16 15:07:28 --> la informacion de la sede es array (
  'S_ID' => '4',
  'S_NOMBRE' => 'OCCIDENTE',
  'S_DESCRIPCION' => 'Sedle para atender los casos de la regional occidente',
  'S_C_ID' => '1',
  'S_CANTIDAD_ENCUESTAS' => '10',
  'S_ACTIVO' => '1',
  'S_LOGO' => '7',
  'S_MUESTRA_VIDEO' => '0',
) 
2014-12-16 15:07:28 --> se va a extraer informacion del area  
2014-12-16 15:07:28 --> la informacion del area es array (
  'AR_ID' => '1',
  'AR_NOMBRE' => 'GERENCIA_DEL_SERVICIO',
  'AR_DESCRIPCION' => 'Cartas punto de venta Cartas de renuncia',
  'AR_C_ID' => '1',
  'AR_ACTIVO' => '1',
  'AR_ALIAS' => 'GS',
  'AR_MOSTRAR_NOMBRE_PANTALLA' => '0',
) 
2014-12-16 15:07:28 --> se va a crear el turno 
2014-12-16 15:07:28 --> se creo el turno 13 del area GS 

2014-12-16 15:09:47 --> get_areas 1 
2014-12-16 15:09:47 --> buscando areas del cliente 

2014-12-16 15:11:25 --> get_areas 1 
2014-12-16 15:11:25 --> buscando areas del cliente 
2014-12-16 15:11:42 --> crear el consumidor 
2014-12-16 15:11:42 --> se creo el consumidor 27488 
2014-12-16 15:11:42 --> la informacion de la sede es array (
  'S_ID' => '4',
  'S_NOMBRE' => 'OCCIDENTE',
  'S_DESCRIPCION' => 'Sedle para atender los casos de la regional occidente',
  'S_C_ID' => '1',
  'S_CANTIDAD_ENCUESTAS' => '10',
  'S_ACTIVO' => '1',
  'S_LOGO' => '7',
  'S_MUESTRA_VIDEO' => '0',
) 
2014-12-16 15:11:42 --> se va a extraer informacion del area  
2014-12-16 15:11:42 --> la informacion del area es array (
  'AR_ID' => '1',
  'AR_NOMBRE' => 'GERENCIA_DEL_SERVICIO',
  'AR_DESCRIPCION' => 'Cartas punto de venta Cartas de renuncia',
  'AR_C_ID' => '1',
  'AR_ACTIVO' => '1',
  'AR_ALIAS' => 'GS',
  'AR_MOSTRAR_NOMBRE_PANTALLA' => '0',
) 
2014-12-16 15:11:42 --> se va a crear el turno 
2014-12-16 15:11:42 --> se creo el turno 14 del area GS 

2014-12-16 15:14:26 --> get_areas 1 
2014-12-16 15:14:26 --> buscando areas del cliente 
2014-12-16 15:14:38 --> crear el consumidor 
2014-12-16 15:14:38 --> se creo el consumidor 27489 
2014-12-16 15:14:38 --> la informacion de la sede es array (
  'S_ID' => '5',
  'S_NOMBRE' => 'ORIENTE',
  'S_DESCRIPCION' => 'Sede para gestionar los casos de la regional Oriente',
  'S_C_ID' => '1',
  'S_CANTIDAD_ENCUESTAS' => '10',
  'S_ACTIVO' => '1',
  'S_LOGO' => '7',
  'S_MUESTRA_VIDEO' => '0',
) 
2014-12-16 15:14:38 --> se va a extraer informacion del area  
2014-12-16 15:14:38 --> la informacion del area es array (
  'AR_ID' => '5',
  'AR_NOMBRE' => 'OTROS',
  'AR_DESCRIPCION' => 'Otros',
  'AR_C_ID' => '1',
  'AR_ACTIVO' => '1',
  'AR_ALIAS' => 'O',
  'AR_MOSTRAR_NOMBRE_PANTALLA' => '0',
) 
2014-12-16 15:14:38 --> se va a crear el turno 
2014-12-16 15:14:38 --> se creo el turno 1 del area O 

2014-12-16 15:15:03 --> get_areas 1 
2014-12-16 15:15:03 --> buscando areas del cliente 
2014-12-16 15:15:09 --> crear el consumidor 
2014-12-16 15:15:09 --> se creo el consumidor 27490 
2014-12-16 15:15:09 --> la informacion de la sede es array (
  'S_ID' => '4',
  'S_NOMBRE' => 'OCCIDENTE',
  'S_DESCRIPCION' => 'Sedle para atender los casos de la regional occidente',
  'S_C_ID' => '1',
  'S_CANTIDAD_ENCUESTAS' => '10',
  'S_ACTIVO' => '1',
  'S_LOGO' => '7',
  'S_MUESTRA_VIDEO' => '0',
) 
2014-12-16 15:15:09 --> se va a extraer informacion del area  
2014-12-16 15:15:09 --> la informacion del area es array (
  'AR_ID' => '1',
  'AR_NOMBRE' => 'GERENCIA_DEL_SERVICIO',
  'AR_DESCRIPCION' => 'Cartas punto de venta Cartas de renuncia',
  'AR_C_ID' => '1',
  'AR_ACTIVO' => '1',
  'AR_ALIAS' => 'GS',
  'AR_MOSTRAR_NOMBRE_PANTALLA' => '0',
) 
2014-12-16 15:15:09 --> se va a crear el turno 
2014-12-16 15:15:09 --> se creo el turno 15 del area GS 

2014-12-16 15:15:11 --> get_areas 1 
2014-12-16 15:15:11 --> buscando areas del cliente 

2014-12-16 15:43:42 --> get_areas 1 
2014-12-16 15:43:42 --> buscando areas del cliente 
2014-12-16 15:43:56 --> crear el consumidor 
2014-12-16 15:43:56 --> se creo el consumidor 27496 
2014-12-16 15:43:56 --> la informacion de la sede es array (
  'S_ID' => '4',
  'S_NOMBRE' => 'OCCIDENTE',
  'S_DESCRIPCION' => 'Sedle para atender los casos de la regional occidente',
  'S_C_ID' => '1',
  'S_CANTIDAD_ENCUESTAS' => '10',
  'S_ACTIVO' => '1',
  'S_LOGO' => '7',
  'S_MUESTRA_VIDEO' => '0',
) 
2014-12-16 15:43:56 --> se va a extraer informacion del area  
2014-12-16 15:43:56 --> la informacion del area es array (
  'AR_ID' => '1',
  'AR_NOMBRE' => 'GERENCIA_DEL_SERVICIO',
  'AR_DESCRIPCION' => 'Cartas punto de venta Cartas de renuncia',
  'AR_C_ID' => '1',
  'AR_ACTIVO' => '1',
  'AR_ALIAS' => 'GS',
  'AR_MOSTRAR_NOMBRE_PANTALLA' => '0',
) 
2014-12-16 15:43:56 --> se va a crear el turno 
2014-12-16 15:43:56 --> se creo el turno 16 del area GS 

2014-12-16 15:47:28 --> get_areas 1 
2014-12-16 15:47:28 --> buscando areas del cliente 
2014-12-16 15:47:48 --> crear el consumidor 
2014-12-16 15:47:48 --> se creo el consumidor 27499 
2014-12-16 15:47:48 --> la informacion de la sede es array (
  'S_ID' => '4',
  'S_NOMBRE' => 'OCCIDENTE',
  'S_DESCRIPCION' => 'Sedle para atender los casos de la regional occidente',
  'S_C_ID' => '1',
  'S_CANTIDAD_ENCUESTAS' => '10',
  'S_ACTIVO' => '1',
  'S_LOGO' => '7',
  'S_MUESTRA_VIDEO' => '0',
) 
2014-12-16 15:47:48 --> se va a extraer informacion del area  
2014-12-16 15:47:48 --> la informacion del area es array (
  'AR_ID' => '1',
  'AR_NOMBRE' => 'GERENCIA_DEL_SERVICIO',
  'AR_DESCRIPCION' => 'Cartas punto de venta Cartas de renuncia',
  'AR_C_ID' => '1',
  'AR_ACTIVO' => '1',
  'AR_ALIAS' => 'GS',
  'AR_MOSTRAR_NOMBRE_PANTALLA' => '0',
) 
2014-12-16 15:47:48 --> se va a crear el turno 
2014-12-16 15:47:48 --> se creo el turno 17 del area GS 

2014-12-16 16:03:48 --> get_areas 1 
2014-12-16 16:03:48 --> buscando areas del cliente 
2014-12-16 16:03:57 --> crear el consumidor 
2014-12-16 16:03:57 --> se creo el consumidor 27514 
2014-12-16 16:03:57 --> la informacion de la sede es array (
  'S_ID' => '4',
  'S_NOMBRE' => 'OCCIDENTE',
  'S_DESCRIPCION' => 'Sedle para atender los casos de la regional occidente',
  'S_C_ID' => '1',
  'S_CANTIDAD_ENCUESTAS' => '10',
  'S_ACTIVO' => '1',
  'S_LOGO' => '7',
  'S_MUESTRA_VIDEO' => '0',
) 
2014-12-16 16:03:57 --> se va a extraer informacion del area  
2014-12-16 16:03:57 --> la informacion del area es array (
  'AR_ID' => '2',
  'AR_NOMBRE' => 'APORTES',
  'AR_DESCRIPCION' => 'Pensiones Incapacidades Cesantias Cartas FNA',
  'AR_C_ID' => '1',
  'AR_ACTIVO' => '1',
  'AR_ALIAS' => 'A',
  'AR_MOSTRAR_NOMBRE_PANTALLA' => '0',
) 
2014-12-16 16:03:57 --> se va a crear el turno 
2014-12-16 16:03:57 --> se creo el turno 16 del area A 

2014-12-16 16:05:11 --> get_areas 1 
2014-12-16 16:05:11 --> buscando areas del cliente 
2014-12-16 16:05:17 --> crear el consumidor 
2014-12-16 16:05:17 --> se creo el consumidor 27515 
2014-12-16 16:05:17 --> la informacion de la sede es array (
  'S_ID' => '4',
  'S_NOMBRE' => 'OCCIDENTE',
  'S_DESCRIPCION' => 'Sedle para atender los casos de la regional occidente',
  'S_C_ID' => '1',
  'S_CANTIDAD_ENCUESTAS' => '10',
  'S_ACTIVO' => '1',
  'S_LOGO' => '7',
  'S_MUESTRA_VIDEO' => '0',
) 
2014-12-16 16:05:17 --> se va a extraer informacion del area  
2014-12-16 16:05:17 --> la informacion del area es array (
  'AR_ID' => '2',
  'AR_NOMBRE' => 'APORTES',
  'AR_DESCRIPCION' => 'Pensiones Incapacidades Cesantias Cartas FNA',
  'AR_C_ID' => '1',
  'AR_ACTIVO' => '1',
  'AR_ALIAS' => 'A',
  'AR_MOSTRAR_NOMBRE_PANTALLA' => '0',
) 
2014-12-16 16:05:17 --> se va a crear el turno 
2014-12-16 16:05:17 --> se creo el turno 17 del area A 

2014-12-16 16:24:19 --> get_areas 1 
2014-12-16 16:24:19 --> buscando areas del cliente 
2014-12-16 16:24:40 --> crear el consumidor 
2014-12-16 16:24:40 --> se creo el consumidor 27533 
2014-12-16 16:24:40 --> la informacion de la sede es array (
  'S_ID' => '4',
  'S_NOMBRE' => 'OCCIDENTE',
  'S_DESCRIPCION' => 'Sedle para atender los casos de la regional occidente',
  'S_C_ID' => '1',
  'S_CANTIDAD_ENCUESTAS' => '10',
  'S_ACTIVO' => '1',
  'S_LOGO' => '7',
  'S_MUESTRA_VIDEO' => '0',
) 
2014-12-16 16:24:40 --> se va a extraer informacion del area  
2014-12-16 16:24:40 --> la informacion del area es array (
  'AR_ID' => '5',
  'AR_NOMBRE' => 'OTROS',
  'AR_DESCRIPCION' => 'Otros',
  'AR_C_ID' => '1',
  'AR_ACTIVO' => '1',
  'AR_ALIAS' => 'O',
  'AR_MOSTRAR_NOMBRE_PANTALLA' => '0',
) 
2014-12-16 16:24:40 --> se va a crear el turno 
2014-12-16 16:24:40 --> se creo el turno 24 del area O 

2014-12-16 16:25:56 --> get_areas 1 
2014-12-16 16:25:56 --> buscando areas del cliente 
2014-12-16 16:26:17 --> crear el consumidor 
2014-12-16 16:26:17 --> se creo el consumidor 27536 
2014-12-16 16:26:17 --> la informacion de la sede es array (
  'S_ID' => '4',
  'S_NOMBRE' => 'OCCIDENTE',
  'S_DESCRIPCION' => 'Sedle para atender los casos de la regional occidente',
  'S_C_ID' => '1',
  'S_CANTIDAD_ENCUESTAS' => '10',
  'S_ACTIVO' => '1',
  'S_LOGO' => '7',
  'S_MUESTRA_VIDEO' => '0',
) 
2014-12-16 16:26:17 --> se va a extraer informacion del area  
2014-12-16 16:26:17 --> la informacion del area es array (
  'AR_ID' => '5',
  'AR_NOMBRE' => 'OTROS',
  'AR_DESCRIPCION' => 'Otros',
  'AR_C_ID' => '1',
  'AR_ACTIVO' => '1',
  'AR_ALIAS' => 'O',
  'AR_MOSTRAR_NOMBRE_PANTALLA' => '0',
) 
2014-12-16 16:26:17 --> se va a crear el turno 
2014-12-16 16:26:17 --> se creo el turno 25 del area O 

2014-12-16 16:30:00 --> get_areas 1 
2014-12-16 16:30:00 --> buscando areas del cliente 
2014-12-16 16:30:12 --> crear el consumidor 
2014-12-16 16:30:12 --> se creo el consumidor 27539 
2014-12-16 16:30:12 --> la informacion de la sede es array (
  'S_ID' => '4',
  'S_NOMBRE' => 'OCCIDENTE',
  'S_DESCRIPCION' => 'Sedle para atender los casos de la regional occidente',
  'S_C_ID' => '1',
  'S_CANTIDAD_ENCUESTAS' => '10',
  'S_ACTIVO' => '1',
  'S_LOGO' => '7',
  'S_MUESTRA_VIDEO' => '0',
) 
2014-12-16 16:30:12 --> se va a extraer informacion del area  
2014-12-16 16:30:12 --> la informacion del area es array (
  'AR_ID' => '2',
  'AR_NOMBRE' => 'APORTES',
  'AR_DESCRIPCION' => 'Pensiones Incapacidades Cesantias Cartas FNA',
  'AR_C_ID' => '1',
  'AR_ACTIVO' => '1',
  'AR_ALIAS' => 'A',
  'AR_MOSTRAR_NOMBRE_PANTALLA' => '0',
) 
2014-12-16 16:30:12 --> se va a crear el turno 
2014-12-16 16:30:12 --> se creo el turno 18 del area A 

2014-12-16 16:58:09 --> get_areas 1 
2014-12-16 16:58:09 --> buscando areas del cliente 
2014-12-16 16:58:26 --> crear el consumidor 
2014-12-16 16:58:26 --> se creo el consumidor 27558 
2014-12-16 16:58:26 --> la informacion de la sede es array (
  'S_ID' => '4',
  'S_NOMBRE' => 'OCCIDENTE',
  'S_DESCRIPCION' => 'Sedle para atender los casos de la regional occidente',
  'S_C_ID' => '1',
  'S_CANTIDAD_ENCUESTAS' => '10',
  'S_ACTIVO' => '1',
  'S_LOGO' => '7',
  'S_MUESTRA_VIDEO' => '0',
) 
2014-12-16 16:58:26 --> se va a extraer informacion del area  
2014-12-16 16:58:26 --> la informacion del area es array (
  'AR_ID' => '2',
  'AR_NOMBRE' => 'APORTES',
  'AR_DESCRIPCION' => 'Pensiones Incapacidades Cesantias Cartas FNA',
  'AR_C_ID' => '1',
  'AR_ACTIVO' => '1',
  'AR_ALIAS' => 'A',
  'AR_MOSTRAR_NOMBRE_PANTALLA' => '0',
) 
2014-12-16 16:58:26 --> se va a crear el turno 
2014-12-16 16:58:26 --> se creo el turno 19 del area A 

2014-12-16 17:48:35 --> get_areas 1 
2014-12-16 17:48:35 --> buscando areas del cliente 
2014-12-16 17:48:42 --> crear el consumidor 
2014-12-16 17:48:42 --> se creo el consumidor 27562 
2014-12-16 17:48:42 --> la informacion de la sede es array (
  'S_ID' => '4',
  'S_NOMBRE' => 'OCCIDENTE',
  'S_DESCRIPCION' => 'Sedle para atender los casos de la regional occidente',
  'S_C_ID' => '1',
  'S_CANTIDAD_ENCUESTAS' => '10',
  'S_ACTIVO' => '1',
  'S_LOGO' => '7',
  'S_MUESTRA_VIDEO' => '0',
) 
2014-12-16 17:48:42 --> se va a extraer informacion del area  
2014-12-16 17:48:42 --> la informacion del area es array (
  'AR_ID' => '5',
  'AR_NOMBRE' => 'OTROS',
  'AR_DESCRIPCION' => 'Otros',
  'AR_C_ID' => '1',
  'AR_ACTIVO' => '1',
  'AR_ALIAS' => 'O',
  'AR_MOSTRAR_NOMBRE_PANTALLA' => '0',
) 
2014-12-16 17:48:42 --> se va a crear el turno 
2014-12-16 17:48:42 --> se creo el turno 26 del area O 

2014-12-16 18:49:23 --> get_areas 1 
2014-12-16 18:49:23 --> buscando areas del cliente 
2014-12-16 18:49:42 --> crear el consumidor 
2014-12-16 18:49:42 --> se creo el consumidor 27564 
2014-12-16 18:49:42 --> la informacion de la sede es array (
  'S_ID' => '4',
  'S_NOMBRE' => 'OCCIDENTE',
  'S_DESCRIPCION' => 'Sedle para atender los casos de la regional occidente',
  'S_C_ID' => '1',
  'S_CANTIDAD_ENCUESTAS' => '10',
  'S_ACTIVO' => '1',
  'S_LOGO' => '7',
  'S_MUESTRA_VIDEO' => '0',
) 
2014-12-16 18:49:42 --> se va a extraer informacion del area  
2014-12-16 18:49:42 --> la informacion del area es array (
  'AR_ID' => '5',
  'AR_NOMBRE' => 'OTROS',
  'AR_DESCRIPCION' => 'Otros',
  'AR_C_ID' => '1',
  'AR_ACTIVO' => '1',
  'AR_ALIAS' => 'O',
  'AR_MOSTRAR_NOMBRE_PANTALLA' => '0',
) 
2014-12-16 18:49:42 --> se va a crear el turno 
2014-12-16 18:49:42 --> se creo el turno 27 del area O 
