
2014-10-08 08:18:58 --> get_areas 1 
2014-10-08 08:18:58 --> buscando areas del cliente 
2014-10-08 08:19:19 --> crear el consumidor 
2014-10-08 08:19:19 --> se creo el consumidor 20147 
2014-10-08 08:19:19 --> la informacion de la sede es array (
  'S_ID' => '4',
  'S_NOMBRE' => 'OCCIDENTE',
  'S_DESCRIPCION' => 'Sedle para atender los casos de la regional occidente',
  'S_C_ID' => '1',
  'S_CANTIDAD_ENCUESTAS' => '10',
  'S_ACTIVO' => '1',
  'S_LOGO' => '7',
  'S_MUESTRA_VIDEO' => '0',
) 
2014-10-08 08:19:19 --> se va a extraer informacion del area  
2014-10-08 08:19:19 --> la informacion del area es array (
  'AR_ID' => '8',
  'AR_NOMBRE' => 'COMPENSACION_SALARIAL',
  'AR_DESCRIPCION' => 'Informacion pago nomina y liquidaciones',
  'AR_C_ID' => '1',
  'AR_ACTIVO' => '1',
  'AR_ALIAS' => 'CS',
  'AR_MOSTRAR_NOMBRE_PANTALLA' => '0',
) 
2014-10-08 08:19:19 --> se va a crear el turno 
2014-10-08 08:19:19 --> se creo el turno 1 del area CS 

2014-10-08 08:25:47 --> get_areas 1 
2014-10-08 08:25:47 --> buscando areas del cliente 
2014-10-08 08:26:07 --> crear el consumidor 
2014-10-08 08:26:07 --> se creo el consumidor 20150 
2014-10-08 08:26:07 --> la informacion de la sede es array (
  'S_ID' => '4',
  'S_NOMBRE' => 'OCCIDENTE',
  'S_DESCRIPCION' => 'Sedle para atender los casos de la regional occidente',
  'S_C_ID' => '1',
  'S_CANTIDAD_ENCUESTAS' => '10',
  'S_ACTIVO' => '1',
  'S_LOGO' => '7',
  'S_MUESTRA_VIDEO' => '0',
) 
2014-10-08 08:26:07 --> se va a extraer informacion del area  
2014-10-08 08:26:07 --> la informacion del area es array (
  'AR_ID' => '2',
  'AR_NOMBRE' => 'APORTES',
  'AR_DESCRIPCION' => 'Pensiones Incapacidades Cesantias Cartas FNA',
  'AR_C_ID' => '1',
  'AR_ACTIVO' => '1',
  'AR_ALIAS' => 'A',
  'AR_MOSTRAR_NOMBRE_PANTALLA' => '0',
) 
2014-10-08 08:26:07 --> se va a crear el turno 
2014-10-08 08:26:07 --> se creo el turno 1 del area A 

2014-10-08 08:39:31 --> get_areas 1 
2014-10-08 08:39:31 --> buscando areas del cliente 
2014-10-08 08:39:44 --> crear el consumidor 
2014-10-08 08:39:44 --> se creo el consumidor 20158 
2014-10-08 08:39:44 --> la informacion de la sede es array (
  'S_ID' => '4',
  'S_NOMBRE' => 'OCCIDENTE',
  'S_DESCRIPCION' => 'Sedle para atender los casos de la regional occidente',
  'S_C_ID' => '1',
  'S_CANTIDAD_ENCUESTAS' => '10',
  'S_ACTIVO' => '1',
  'S_LOGO' => '7',
  'S_MUESTRA_VIDEO' => '0',
) 
2014-10-08 08:39:44 --> se va a extraer informacion del area  
2014-10-08 08:39:44 --> la informacion del area es array (
  'AR_ID' => '1',
  'AR_NOMBRE' => 'GERENCIA_DEL_SERVICIO',
  'AR_DESCRIPCION' => 'Cartas punto de venta Cartas de renuncia',
  'AR_C_ID' => '1',
  'AR_ACTIVO' => '1',
  'AR_ALIAS' => 'GS',
  'AR_MOSTRAR_NOMBRE_PANTALLA' => '0',
) 
2014-10-08 08:39:44 --> se va a crear el turno 
2014-10-08 08:39:44 --> se creo el turno 1 del area GS 

2014-10-08 08:44:13 --> get_areas 1 
2014-10-08 08:44:13 --> buscando areas del cliente 
2014-10-08 08:44:29 --> crear el consumidor 
2014-10-08 08:44:29 --> se creo el consumidor 20160 
2014-10-08 08:44:29 --> la informacion de la sede es array (
  'S_ID' => '4',
  'S_NOMBRE' => 'OCCIDENTE',
  'S_DESCRIPCION' => 'Sedle para atender los casos de la regional occidente',
  'S_C_ID' => '1',
  'S_CANTIDAD_ENCUESTAS' => '10',
  'S_ACTIVO' => '1',
  'S_LOGO' => '7',
  'S_MUESTRA_VIDEO' => '0',
) 
2014-10-08 08:44:29 --> se va a extraer informacion del area  
2014-10-08 08:44:29 --> la informacion del area es array (
  'AR_ID' => '1',
  'AR_NOMBRE' => 'GERENCIA_DEL_SERVICIO',
  'AR_DESCRIPCION' => 'Cartas punto de venta Cartas de renuncia',
  'AR_C_ID' => '1',
  'AR_ACTIVO' => '1',
  'AR_ALIAS' => 'GS',
  'AR_MOSTRAR_NOMBRE_PANTALLA' => '0',
) 
2014-10-08 08:44:29 --> se va a crear el turno 
2014-10-08 08:44:29 --> se creo el turno 2 del area GS 

2014-10-08 08:49:18 --> get_areas 1 
2014-10-08 08:49:18 --> buscando areas del cliente 
2014-10-08 08:49:48 --> crear el consumidor 
2014-10-08 08:49:48 --> se creo el consumidor 20163 
2014-10-08 08:49:48 --> la informacion de la sede es array (
  'S_ID' => '3',
  'S_NOMBRE' => 'NORTE',
  'S_DESCRIPCION' => 'Sede para atender los casos de la regional norte',
  'S_C_ID' => '1',
  'S_CANTIDAD_ENCUESTAS' => '10',
  'S_ACTIVO' => '1',
  'S_LOGO' => '7',
  'S_MUESTRA_VIDEO' => '0',
) 
2014-10-08 08:49:48 --> se va a extraer informacion del area  
2014-10-08 08:49:48 --> la informacion del area es array (
  'AR_ID' => '5',
  'AR_NOMBRE' => 'OTROS',
  'AR_DESCRIPCION' => 'Otros',
  'AR_C_ID' => '1',
  'AR_ACTIVO' => '1',
  'AR_ALIAS' => 'O',
  'AR_MOSTRAR_NOMBRE_PANTALLA' => '0',
) 
2014-10-08 08:49:48 --> se va a crear el turno 
2014-10-08 08:49:48 --> se creo el turno 1 del area O 

2014-10-08 09:15:10 --> get_areas 1 
2014-10-08 09:15:10 --> buscando areas del cliente 
2014-10-08 09:15:24 --> crear el consumidor 
2014-10-08 09:15:24 --> se creo el consumidor 20169 
2014-10-08 09:15:24 --> la informacion de la sede es array (
  'S_ID' => '4',
  'S_NOMBRE' => 'OCCIDENTE',
  'S_DESCRIPCION' => 'Sedle para atender los casos de la regional occidente',
  'S_C_ID' => '1',
  'S_CANTIDAD_ENCUESTAS' => '10',
  'S_ACTIVO' => '1',
  'S_LOGO' => '7',
  'S_MUESTRA_VIDEO' => '0',
) 
2014-10-08 09:15:24 --> se va a extraer informacion del area  
2014-10-08 09:15:24 --> la informacion del area es array (
  'AR_ID' => '2',
  'AR_NOMBRE' => 'APORTES',
  'AR_DESCRIPCION' => 'Pensiones Incapacidades Cesantias Cartas FNA',
  'AR_C_ID' => '1',
  'AR_ACTIVO' => '1',
  'AR_ALIAS' => 'A',
  'AR_MOSTRAR_NOMBRE_PANTALLA' => '0',
) 
2014-10-08 09:15:24 --> se va a crear el turno 
2014-10-08 09:15:24 --> se creo el turno 2 del area A 

2014-10-08 09:16:09 --> get_areas 1 
2014-10-08 09:16:09 --> buscando areas del cliente 
2014-10-08 09:16:14 --> crear el consumidor 
2014-10-08 09:16:14 --> se creo el consumidor 20170 
2014-10-08 09:16:14 --> la informacion de la sede es array (
  'S_ID' => '4',
  'S_NOMBRE' => 'OCCIDENTE',
  'S_DESCRIPCION' => 'Sedle para atender los casos de la regional occidente',
  'S_C_ID' => '1',
  'S_CANTIDAD_ENCUESTAS' => '10',
  'S_ACTIVO' => '1',
  'S_LOGO' => '7',
  'S_MUESTRA_VIDEO' => '0',
) 
2014-10-08 09:16:14 --> se va a extraer informacion del area  
2014-10-08 09:16:14 --> la informacion del area es array (
  'AR_ID' => '2',
  'AR_NOMBRE' => 'APORTES',
  'AR_DESCRIPCION' => 'Pensiones Incapacidades Cesantias Cartas FNA',
  'AR_C_ID' => '1',
  'AR_ACTIVO' => '1',
  'AR_ALIAS' => 'A',
  'AR_MOSTRAR_NOMBRE_PANTALLA' => '0',
) 
2014-10-08 09:16:14 --> se va a crear el turno 
2014-10-08 09:16:14 --> se creo el turno 3 del area A 

2014-10-08 09:27:20 --> get_areas 1 
2014-10-08 09:27:20 --> buscando areas del cliente 

2014-10-08 09:28:06 --> get_areas 1 
2014-10-08 09:28:06 --> buscando areas del cliente 
2014-10-08 09:28:25 --> crear el consumidor 
2014-10-08 09:28:25 --> se creo el consumidor 20175 
2014-10-08 09:28:25 --> la informacion de la sede es array (
  'S_ID' => '4',
  'S_NOMBRE' => 'OCCIDENTE',
  'S_DESCRIPCION' => 'Sedle para atender los casos de la regional occidente',
  'S_C_ID' => '1',
  'S_CANTIDAD_ENCUESTAS' => '10',
  'S_ACTIVO' => '1',
  'S_LOGO' => '7',
  'S_MUESTRA_VIDEO' => '0',
) 
2014-10-08 09:28:25 --> se va a extraer informacion del area  
2014-10-08 09:28:25 --> la informacion del area es array (
  'AR_ID' => '3',
  'AR_NOMBRE' => 'SEGUIMIENTO_AL_SERVICIO',
  'AR_DESCRIPCION' => 'SQR certificados especiales claves portal web',
  'AR_C_ID' => '1',
  'AR_ACTIVO' => '1',
  'AR_ALIAS' => 'SAS',
  'AR_MOSTRAR_NOMBRE_PANTALLA' => '0',
) 
2014-10-08 09:28:25 --> se va a crear el turno 
2014-10-08 09:28:25 --> se creo el turno 2 del area SAS 

2014-10-08 09:29:24 --> get_areas 1 
2014-10-08 09:29:24 --> buscando areas del cliente 
2014-10-08 09:29:33 --> crear el consumidor 
2014-10-08 09:29:33 --> se creo el consumidor 20177 
2014-10-08 09:29:33 --> la informacion de la sede es array (
  'S_ID' => '4',
  'S_NOMBRE' => 'OCCIDENTE',
  'S_DESCRIPCION' => 'Sedle para atender los casos de la regional occidente',
  'S_C_ID' => '1',
  'S_CANTIDAD_ENCUESTAS' => '10',
  'S_ACTIVO' => '1',
  'S_LOGO' => '7',
  'S_MUESTRA_VIDEO' => '0',
) 
2014-10-08 09:29:33 --> se va a extraer informacion del area  
2014-10-08 09:29:33 --> la informacion del area es array (
  'AR_ID' => '3',
  'AR_NOMBRE' => 'SEGUIMIENTO_AL_SERVICIO',
  'AR_DESCRIPCION' => 'SQR certificados especiales claves portal web',
  'AR_C_ID' => '1',
  'AR_ACTIVO' => '1',
  'AR_ALIAS' => 'SAS',
  'AR_MOSTRAR_NOMBRE_PANTALLA' => '0',
) 
2014-10-08 09:29:33 --> se va a crear el turno 
2014-10-08 09:29:33 --> se creo el turno 3 del area SAS 

2014-10-08 09:38:34 --> get_areas 1 
2014-10-08 09:38:34 --> buscando areas del cliente 
2014-10-08 09:39:01 --> crear el consumidor 
2014-10-08 09:39:01 --> se creo el consumidor 20182 
2014-10-08 09:39:01 --> la informacion de la sede es array (
  'S_ID' => '4',
  'S_NOMBRE' => 'OCCIDENTE',
  'S_DESCRIPCION' => 'Sedle para atender los casos de la regional occidente',
  'S_C_ID' => '1',
  'S_CANTIDAD_ENCUESTAS' => '10',
  'S_ACTIVO' => '1',
  'S_LOGO' => '7',
  'S_MUESTRA_VIDEO' => '0',
) 
2014-10-08 09:39:01 --> se va a extraer informacion del area  
2014-10-08 09:39:01 --> la informacion del area es array (
  'AR_ID' => '3',
  'AR_NOMBRE' => 'SEGUIMIENTO_AL_SERVICIO',
  'AR_DESCRIPCION' => 'SQR certificados especiales claves portal web',
  'AR_C_ID' => '1',
  'AR_ACTIVO' => '1',
  'AR_ALIAS' => 'SAS',
  'AR_MOSTRAR_NOMBRE_PANTALLA' => '0',
) 
2014-10-08 09:39:01 --> se va a crear el turno 
2014-10-08 09:39:01 --> se creo el turno 4 del area SAS 

2014-10-08 10:02:25 --> get_areas 1 
2014-10-08 10:02:25 --> buscando areas del cliente 
2014-10-08 10:02:41 --> crear el consumidor 
2014-10-08 10:02:41 --> se creo el consumidor 20189 
2014-10-08 10:02:41 --> la informacion de la sede es array (
  'S_ID' => '4',
  'S_NOMBRE' => 'OCCIDENTE',
  'S_DESCRIPCION' => 'Sedle para atender los casos de la regional occidente',
  'S_C_ID' => '1',
  'S_CANTIDAD_ENCUESTAS' => '10',
  'S_ACTIVO' => '1',
  'S_LOGO' => '7',
  'S_MUESTRA_VIDEO' => '0',
) 
2014-10-08 10:02:41 --> se va a extraer informacion del area  
2014-10-08 10:02:41 --> la informacion del area es array (
  'AR_ID' => '2',
  'AR_NOMBRE' => 'APORTES',
  'AR_DESCRIPCION' => 'Pensiones Incapacidades Cesantias Cartas FNA',
  'AR_C_ID' => '1',
  'AR_ACTIVO' => '1',
  'AR_ALIAS' => 'A',
  'AR_MOSTRAR_NOMBRE_PANTALLA' => '0',
) 
2014-10-08 10:02:41 --> se va a crear el turno 
2014-10-08 10:02:41 --> se creo el turno 4 del area A 

2014-10-08 10:24:39 --> get_areas 1 
2014-10-08 10:24:39 --> buscando areas del cliente 
2014-10-08 10:25:10 --> crear el consumidor 
2014-10-08 10:25:10 --> se creo el consumidor 20202 
2014-10-08 10:25:10 --> la informacion de la sede es array (
  'S_ID' => '4',
  'S_NOMBRE' => 'OCCIDENTE',
  'S_DESCRIPCION' => 'Sedle para atender los casos de la regional occidente',
  'S_C_ID' => '1',
  'S_CANTIDAD_ENCUESTAS' => '10',
  'S_ACTIVO' => '1',
  'S_LOGO' => '7',
  'S_MUESTRA_VIDEO' => '0',
) 
2014-10-08 10:25:10 --> se va a extraer informacion del area  
2014-10-08 10:25:10 --> la informacion del area es array (
  'AR_ID' => '5',
  'AR_NOMBRE' => 'OTROS',
  'AR_DESCRIPCION' => 'Otros',
  'AR_C_ID' => '1',
  'AR_ACTIVO' => '1',
  'AR_ALIAS' => 'O',
  'AR_MOSTRAR_NOMBRE_PANTALLA' => '0',
) 
2014-10-08 10:25:10 --> se va a crear el turno 
2014-10-08 10:25:10 --> se creo el turno 1 del area O 

2014-10-08 10:28:05 --> get_areas 1 
2014-10-08 10:28:05 --> buscando areas del cliente 
2014-10-08 10:28:12 --> crear el consumidor 
2014-10-08 10:28:12 --> se creo el consumidor 20204 
2014-10-08 10:28:12 --> la informacion de la sede es array (
  'S_ID' => '3',
  'S_NOMBRE' => 'NORTE',
  'S_DESCRIPCION' => 'Sede para atender los casos de la regional norte',
  'S_C_ID' => '1',
  'S_CANTIDAD_ENCUESTAS' => '10',
  'S_ACTIVO' => '1',
  'S_LOGO' => '7',
  'S_MUESTRA_VIDEO' => '0',
) 
2014-10-08 10:28:12 --> se va a extraer informacion del area  
2014-10-08 10:28:12 --> la informacion del area es array (
  'AR_ID' => '2',
  'AR_NOMBRE' => 'APORTES',
  'AR_DESCRIPCION' => 'Pensiones Incapacidades Cesantias Cartas FNA',
  'AR_C_ID' => '1',
  'AR_ACTIVO' => '1',
  'AR_ALIAS' => 'A',
  'AR_MOSTRAR_NOMBRE_PANTALLA' => '0',
) 
2014-10-08 10:28:12 --> se va a crear el turno 
2014-10-08 10:28:12 --> se creo el turno 3 del area A 

2014-10-08 10:33:07 --> get_areas 1 
2014-10-08 10:33:07 --> buscando areas del cliente 
2014-10-08 10:33:20 --> crear el consumidor 
2014-10-08 10:33:20 --> se creo el consumidor 20205 
2014-10-08 10:33:20 --> la informacion de la sede es array (
  'S_ID' => '3',
  'S_NOMBRE' => 'NORTE',
  'S_DESCRIPCION' => 'Sede para atender los casos de la regional norte',
  'S_C_ID' => '1',
  'S_CANTIDAD_ENCUESTAS' => '10',
  'S_ACTIVO' => '1',
  'S_LOGO' => '7',
  'S_MUESTRA_VIDEO' => '0',
) 
2014-10-08 10:33:20 --> se va a extraer informacion del area  
2014-10-08 10:33:20 --> la informacion del area es array (
  'AR_ID' => '1',
  'AR_NOMBRE' => 'GERENCIA_DEL_SERVICIO',
  'AR_DESCRIPCION' => 'Cartas punto de venta Cartas de renuncia',
  'AR_C_ID' => '1',
  'AR_ACTIVO' => '1',
  'AR_ALIAS' => 'GS',
  'AR_MOSTRAR_NOMBRE_PANTALLA' => '0',
) 
2014-10-08 10:33:20 --> se va a crear el turno 
2014-10-08 10:33:20 --> se creo el turno 2 del area GS 

2014-10-08 10:34:54 --> get_areas 1 
2014-10-08 10:34:54 --> buscando areas del cliente 
2014-10-08 10:35:12 --> crear el consumidor 
2014-10-08 10:35:12 --> se creo el consumidor 20206 
2014-10-08 10:35:12 --> la informacion de la sede es array (
  'S_ID' => '4',
  'S_NOMBRE' => 'OCCIDENTE',
  'S_DESCRIPCION' => 'Sedle para atender los casos de la regional occidente',
  'S_C_ID' => '1',
  'S_CANTIDAD_ENCUESTAS' => '10',
  'S_ACTIVO' => '1',
  'S_LOGO' => '7',
  'S_MUESTRA_VIDEO' => '0',
) 
2014-10-08 10:35:12 --> se va a extraer informacion del area  
2014-10-08 10:35:12 --> la informacion del area es array (
  'AR_ID' => '2',
  'AR_NOMBRE' => 'APORTES',
  'AR_DESCRIPCION' => 'Pensiones Incapacidades Cesantias Cartas FNA',
  'AR_C_ID' => '1',
  'AR_ACTIVO' => '1',
  'AR_ALIAS' => 'A',
  'AR_MOSTRAR_NOMBRE_PANTALLA' => '0',
) 
2014-10-08 10:35:12 --> se va a crear el turno 
2014-10-08 10:35:12 --> se creo el turno 5 del area A 

2014-10-08 10:40:57 --> get_areas 1 
2014-10-08 10:40:57 --> buscando areas del cliente 
2014-10-08 10:41:10 --> crear el consumidor 
2014-10-08 10:41:10 --> se creo el consumidor 20209 
2014-10-08 10:41:10 --> la informacion de la sede es array (
  'S_ID' => '4',
  'S_NOMBRE' => 'OCCIDENTE',
  'S_DESCRIPCION' => 'Sedle para atender los casos de la regional occidente',
  'S_C_ID' => '1',
  'S_CANTIDAD_ENCUESTAS' => '10',
  'S_ACTIVO' => '1',
  'S_LOGO' => '7',
  'S_MUESTRA_VIDEO' => '0',
) 
2014-10-08 10:41:10 --> se va a extraer informacion del area  
2014-10-08 10:41:10 --> la informacion del area es array (
  'AR_ID' => '2',
  'AR_NOMBRE' => 'APORTES',
  'AR_DESCRIPCION' => 'Pensiones Incapacidades Cesantias Cartas FNA',
  'AR_C_ID' => '1',
  'AR_ACTIVO' => '1',
  'AR_ALIAS' => 'A',
  'AR_MOSTRAR_NOMBRE_PANTALLA' => '0',
) 
2014-10-08 10:41:10 --> se va a crear el turno 
2014-10-08 10:41:10 --> se creo el turno 6 del area A 

2014-10-08 11:01:36 --> get_areas 1 
2014-10-08 11:01:36 --> buscando areas del cliente 
2014-10-08 11:01:40 --> crear el consumidor 
2014-10-08 11:01:40 --> se creo el consumidor 20216 
2014-10-08 11:01:40 --> la informacion de la sede es array (
  'S_ID' => '4',
  'S_NOMBRE' => 'OCCIDENTE',
  'S_DESCRIPCION' => 'Sedle para atender los casos de la regional occidente',
  'S_C_ID' => '1',
  'S_CANTIDAD_ENCUESTAS' => '10',
  'S_ACTIVO' => '1',
  'S_LOGO' => '7',
  'S_MUESTRA_VIDEO' => '0',
) 
2014-10-08 11:01:40 --> se va a extraer informacion del area  
2014-10-08 11:01:40 --> la informacion del area es array (
  'AR_ID' => '2',
  'AR_NOMBRE' => 'APORTES',
  'AR_DESCRIPCION' => 'Pensiones Incapacidades Cesantias Cartas FNA',
  'AR_C_ID' => '1',
  'AR_ACTIVO' => '1',
  'AR_ALIAS' => 'A',
  'AR_MOSTRAR_NOMBRE_PANTALLA' => '0',
) 
2014-10-08 11:01:40 --> se va a crear el turno 
2014-10-08 11:01:40 --> se creo el turno 7 del area A 

2014-10-08 11:02:16 --> get_areas 1 
2014-10-08 11:02:16 --> buscando areas del cliente 
2014-10-08 11:02:20 --> crear el consumidor 
2014-10-08 11:02:20 --> se creo el consumidor 20218 
2014-10-08 11:02:20 --> la informacion de la sede es array (
  'S_ID' => '4',
  'S_NOMBRE' => 'OCCIDENTE',
  'S_DESCRIPCION' => 'Sedle para atender los casos de la regional occidente',
  'S_C_ID' => '1',
  'S_CANTIDAD_ENCUESTAS' => '10',
  'S_ACTIVO' => '1',
  'S_LOGO' => '7',
  'S_MUESTRA_VIDEO' => '0',
) 
2014-10-08 11:02:20 --> se va a extraer informacion del area  
2014-10-08 11:02:20 --> la informacion del area es array (
  'AR_ID' => '5',
  'AR_NOMBRE' => 'OTROS',
  'AR_DESCRIPCION' => 'Otros',
  'AR_C_ID' => '1',
  'AR_ACTIVO' => '1',
  'AR_ALIAS' => 'O',
  'AR_MOSTRAR_NOMBRE_PANTALLA' => '0',
) 
2014-10-08 11:02:20 --> se va a crear el turno 
2014-10-08 11:02:20 --> se creo el turno 2 del area O 

2014-10-08 11:21:54 --> get_areas 1 
2014-10-08 11:21:54 --> buscando areas del cliente 
2014-10-08 11:22:07 --> crear el consumidor 
2014-10-08 11:22:07 --> se creo el consumidor 20224 
2014-10-08 11:22:07 --> la informacion de la sede es array (
  'S_ID' => '3',
  'S_NOMBRE' => 'NORTE',
  'S_DESCRIPCION' => 'Sede para atender los casos de la regional norte',
  'S_C_ID' => '1',
  'S_CANTIDAD_ENCUESTAS' => '10',
  'S_ACTIVO' => '1',
  'S_LOGO' => '7',
  'S_MUESTRA_VIDEO' => '0',
) 
2014-10-08 11:22:07 --> se va a extraer informacion del area  
2014-10-08 11:22:07 --> la informacion del area es array (
  'AR_ID' => '2',
  'AR_NOMBRE' => 'APORTES',
  'AR_DESCRIPCION' => 'Pensiones Incapacidades Cesantias Cartas FNA',
  'AR_C_ID' => '1',
  'AR_ACTIVO' => '1',
  'AR_ALIAS' => 'A',
  'AR_MOSTRAR_NOMBRE_PANTALLA' => '0',
) 
2014-10-08 11:22:07 --> se va a crear el turno 
2014-10-08 11:22:07 --> se creo el turno 4 del area A 

2014-10-08 11:22:49 --> get_areas 1 
2014-10-08 11:22:49 --> buscando areas del cliente 
2014-10-08 11:22:59 --> crear el consumidor 
2014-10-08 11:22:59 --> se creo el consumidor 20225 
2014-10-08 11:22:59 --> la informacion de la sede es array (
  'S_ID' => '3',
  'S_NOMBRE' => 'NORTE',
  'S_DESCRIPCION' => 'Sede para atender los casos de la regional norte',
  'S_C_ID' => '1',
  'S_CANTIDAD_ENCUESTAS' => '10',
  'S_ACTIVO' => '1',
  'S_LOGO' => '7',
  'S_MUESTRA_VIDEO' => '0',
) 
2014-10-08 11:22:59 --> se va a extraer informacion del area  
2014-10-08 11:22:59 --> la informacion del area es array (
  'AR_ID' => '2',
  'AR_NOMBRE' => 'APORTES',
  'AR_DESCRIPCION' => 'Pensiones Incapacidades Cesantias Cartas FNA',
  'AR_C_ID' => '1',
  'AR_ACTIVO' => '1',
  'AR_ALIAS' => 'A',
  'AR_MOSTRAR_NOMBRE_PANTALLA' => '0',
) 
2014-10-08 11:22:59 --> se va a crear el turno 
2014-10-08 11:22:59 --> se creo el turno 5 del area A 

2014-10-08 11:32:52 --> get_areas 1 
2014-10-08 11:32:52 --> buscando areas del cliente 
2014-10-08 11:33:10 --> crear el consumidor 
2014-10-08 11:33:10 --> se creo el consumidor 20234 
2014-10-08 11:33:10 --> la informacion de la sede es array (
  'S_ID' => '4',
  'S_NOMBRE' => 'OCCIDENTE',
  'S_DESCRIPCION' => 'Sedle para atender los casos de la regional occidente',
  'S_C_ID' => '1',
  'S_CANTIDAD_ENCUESTAS' => '10',
  'S_ACTIVO' => '1',
  'S_LOGO' => '7',
  'S_MUESTRA_VIDEO' => '0',
) 
2014-10-08 11:33:10 --> se va a extraer informacion del area  
2014-10-08 11:33:10 --> la informacion del area es array (
  'AR_ID' => '2',
  'AR_NOMBRE' => 'APORTES',
  'AR_DESCRIPCION' => 'Pensiones Incapacidades Cesantias Cartas FNA',
  'AR_C_ID' => '1',
  'AR_ACTIVO' => '1',
  'AR_ALIAS' => 'A',
  'AR_MOSTRAR_NOMBRE_PANTALLA' => '0',
) 
2014-10-08 11:33:10 --> se va a crear el turno 
2014-10-08 11:33:10 --> se creo el turno 8 del area A 

2014-10-08 11:33:49 --> get_areas 1 
2014-10-08 11:33:49 --> buscando areas del cliente 
2014-10-08 11:34:01 --> crear el consumidor 
2014-10-08 11:34:01 --> se creo el consumidor 20235 
2014-10-08 11:34:01 --> la informacion de la sede es array (
  'S_ID' => '4',
  'S_NOMBRE' => 'OCCIDENTE',
  'S_DESCRIPCION' => 'Sedle para atender los casos de la regional occidente',
  'S_C_ID' => '1',
  'S_CANTIDAD_ENCUESTAS' => '10',
  'S_ACTIVO' => '1',
  'S_LOGO' => '7',
  'S_MUESTRA_VIDEO' => '0',
) 
2014-10-08 11:34:01 --> se va a extraer informacion del area  
2014-10-08 11:34:01 --> la informacion del area es array (
  'AR_ID' => '5',
  'AR_NOMBRE' => 'OTROS',
  'AR_DESCRIPCION' => 'Otros',
  'AR_C_ID' => '1',
  'AR_ACTIVO' => '1',
  'AR_ALIAS' => 'O',
  'AR_MOSTRAR_NOMBRE_PANTALLA' => '0',
) 
2014-10-08 11:34:01 --> se va a crear el turno 
2014-10-08 11:34:01 --> se creo el turno 3 del area O 

2014-10-08 11:43:46 --> get_areas 1 
2014-10-08 11:43:46 --> buscando areas del cliente 
2014-10-08 11:43:56 --> crear el consumidor 
2014-10-08 11:43:56 --> se creo el consumidor 20241 
2014-10-08 11:43:56 --> la informacion de la sede es array (
  'S_ID' => '4',
  'S_NOMBRE' => 'OCCIDENTE',
  'S_DESCRIPCION' => 'Sedle para atender los casos de la regional occidente',
  'S_C_ID' => '1',
  'S_CANTIDAD_ENCUESTAS' => '10',
  'S_ACTIVO' => '1',
  'S_LOGO' => '7',
  'S_MUESTRA_VIDEO' => '0',
) 
2014-10-08 11:43:56 --> se va a extraer informacion del area  
2014-10-08 11:43:56 --> la informacion del area es array (
  'AR_ID' => '2',
  'AR_NOMBRE' => 'APORTES',
  'AR_DESCRIPCION' => 'Pensiones Incapacidades Cesantias Cartas FNA',
  'AR_C_ID' => '1',
  'AR_ACTIVO' => '1',
  'AR_ALIAS' => 'A',
  'AR_MOSTRAR_NOMBRE_PANTALLA' => '0',
) 
2014-10-08 11:43:56 --> se va a crear el turno 
2014-10-08 11:43:56 --> se creo el turno 9 del area A 

2014-10-08 11:45:09 --> get_areas 1 
2014-10-08 11:45:09 --> buscando areas del cliente 
2014-10-08 11:45:27 --> crear el consumidor 
2014-10-08 11:45:27 --> se creo el consumidor 20242 
2014-10-08 11:45:27 --> la informacion de la sede es array (
  'S_ID' => '4',
  'S_NOMBRE' => 'OCCIDENTE',
  'S_DESCRIPCION' => 'Sedle para atender los casos de la regional occidente',
  'S_C_ID' => '1',
  'S_CANTIDAD_ENCUESTAS' => '10',
  'S_ACTIVO' => '1',
  'S_LOGO' => '7',
  'S_MUESTRA_VIDEO' => '0',
) 
2014-10-08 11:45:27 --> se va a extraer informacion del area  
2014-10-08 11:45:27 --> la informacion del area es array (
  'AR_ID' => '1',
  'AR_NOMBRE' => 'GERENCIA_DEL_SERVICIO',
  'AR_DESCRIPCION' => 'Cartas punto de venta Cartas de renuncia',
  'AR_C_ID' => '1',
  'AR_ACTIVO' => '1',
  'AR_ALIAS' => 'GS',
  'AR_MOSTRAR_NOMBRE_PANTALLA' => '0',
) 
2014-10-08 11:45:27 --> se va a crear el turno 
2014-10-08 11:45:27 --> se creo el turno 3 del area GS 

2014-10-08 11:47:26 --> get_areas 1 
2014-10-08 11:47:26 --> buscando areas del cliente 
2014-10-08 11:47:41 --> crear el consumidor 
2014-10-08 11:47:41 --> se creo el consumidor 20244 
2014-10-08 11:47:41 --> la informacion de la sede es array (
  'S_ID' => '4',
  'S_NOMBRE' => 'OCCIDENTE',
  'S_DESCRIPCION' => 'Sedle para atender los casos de la regional occidente',
  'S_C_ID' => '1',
  'S_CANTIDAD_ENCUESTAS' => '10',
  'S_ACTIVO' => '1',
  'S_LOGO' => '7',
  'S_MUESTRA_VIDEO' => '0',
) 
2014-10-08 11:47:41 --> se va a extraer informacion del area  
2014-10-08 11:47:41 --> la informacion del area es array (
  'AR_ID' => '2',
  'AR_NOMBRE' => 'APORTES',
  'AR_DESCRIPCION' => 'Pensiones Incapacidades Cesantias Cartas FNA',
  'AR_C_ID' => '1',
  'AR_ACTIVO' => '1',
  'AR_ALIAS' => 'A',
  'AR_MOSTRAR_NOMBRE_PANTALLA' => '0',
) 
2014-10-08 11:47:41 --> se va a crear el turno 
2014-10-08 11:47:41 --> se creo el turno 10 del area A 

2014-10-08 12:12:27 --> get_areas 1 
2014-10-08 12:12:27 --> buscando areas del cliente 

2014-10-08 12:14:32 --> get_areas 1 
2014-10-08 12:14:32 --> buscando areas del cliente 
2014-10-08 12:15:06 --> crear el consumidor 
2014-10-08 12:15:06 --> se creo el consumidor 20255 
2014-10-08 12:15:06 --> la informacion de la sede es array (
  'S_ID' => '4',
  'S_NOMBRE' => 'OCCIDENTE',
  'S_DESCRIPCION' => 'Sedle para atender los casos de la regional occidente',
  'S_C_ID' => '1',
  'S_CANTIDAD_ENCUESTAS' => '10',
  'S_ACTIVO' => '1',
  'S_LOGO' => '7',
  'S_MUESTRA_VIDEO' => '0',
) 
2014-10-08 12:15:06 --> se va a extraer informacion del area  
2014-10-08 12:15:06 --> la informacion del area es array (
  'AR_ID' => '5',
  'AR_NOMBRE' => 'OTROS',
  'AR_DESCRIPCION' => 'Otros',
  'AR_C_ID' => '1',
  'AR_ACTIVO' => '1',
  'AR_ALIAS' => 'O',
  'AR_MOSTRAR_NOMBRE_PANTALLA' => '0',
) 
2014-10-08 12:15:06 --> se va a crear el turno 
2014-10-08 12:15:06 --> se creo el turno 4 del area O 

2014-10-08 12:16:43 --> get_areas 1 
2014-10-08 12:16:43 --> buscando areas del cliente 

2014-10-08 12:17:50 --> get_areas 1 
2014-10-08 12:17:50 --> buscando areas del cliente 

2014-10-08 12:34:17 --> get_areas 1 
2014-10-08 12:34:17 --> buscando areas del cliente 
2014-10-08 12:34:43 --> crear el consumidor 
2014-10-08 12:34:43 --> se creo el consumidor 20259 
2014-10-08 12:34:43 --> la informacion de la sede es array (
  'S_ID' => '4',
  'S_NOMBRE' => 'OCCIDENTE',
  'S_DESCRIPCION' => 'Sedle para atender los casos de la regional occidente',
  'S_C_ID' => '1',
  'S_CANTIDAD_ENCUESTAS' => '10',
  'S_ACTIVO' => '1',
  'S_LOGO' => '7',
  'S_MUESTRA_VIDEO' => '0',
) 
2014-10-08 12:34:43 --> se va a extraer informacion del area  
2014-10-08 12:34:43 --> la informacion del area es array (
  'AR_ID' => '5',
  'AR_NOMBRE' => 'OTROS',
  'AR_DESCRIPCION' => 'Otros',
  'AR_C_ID' => '1',
  'AR_ACTIVO' => '1',
  'AR_ALIAS' => 'O',
  'AR_MOSTRAR_NOMBRE_PANTALLA' => '0',
) 
2014-10-08 12:34:43 --> se va a crear el turno 
2014-10-08 12:34:43 --> se creo el turno 5 del area O 

2014-10-08 12:47:33 --> get_areas 1 
2014-10-08 12:47:33 --> buscando areas del cliente 
2014-10-08 12:47:53 --> crear el consumidor 
2014-10-08 12:47:53 --> se creo el consumidor 20263 
2014-10-08 12:47:53 --> la informacion de la sede es array (
  'S_ID' => '4',
  'S_NOMBRE' => 'OCCIDENTE',
  'S_DESCRIPCION' => 'Sedle para atender los casos de la regional occidente',
  'S_C_ID' => '1',
  'S_CANTIDAD_ENCUESTAS' => '10',
  'S_ACTIVO' => '1',
  'S_LOGO' => '7',
  'S_MUESTRA_VIDEO' => '0',
) 
2014-10-08 12:47:53 --> se va a extraer informacion del area  
2014-10-08 12:47:53 --> la informacion del area es array (
  'AR_ID' => '2',
  'AR_NOMBRE' => 'APORTES',
  'AR_DESCRIPCION' => 'Pensiones Incapacidades Cesantias Cartas FNA',
  'AR_C_ID' => '1',
  'AR_ACTIVO' => '1',
  'AR_ALIAS' => 'A',
  'AR_MOSTRAR_NOMBRE_PANTALLA' => '0',
) 
2014-10-08 12:47:53 --> se va a crear el turno 
2014-10-08 12:47:53 --> se creo el turno 11 del area A 

2014-10-08 12:59:28 --> get_areas 1 
2014-10-08 12:59:28 --> buscando areas del cliente 

2014-10-08 13:10:51 --> get_areas 1 
2014-10-08 13:10:51 --> buscando areas del cliente 
2014-10-08 13:11:01 --> crear el consumidor 
2014-10-08 13:11:01 --> se creo el consumidor 20265 
2014-10-08 13:11:01 --> la informacion de la sede es array (
  'S_ID' => '4',
  'S_NOMBRE' => 'OCCIDENTE',
  'S_DESCRIPCION' => 'Sedle para atender los casos de la regional occidente',
  'S_C_ID' => '1',
  'S_CANTIDAD_ENCUESTAS' => '10',
  'S_ACTIVO' => '1',
  'S_LOGO' => '7',
  'S_MUESTRA_VIDEO' => '0',
) 
2014-10-08 13:11:01 --> se va a extraer informacion del area  
2014-10-08 13:11:01 --> la informacion del area es array (
  'AR_ID' => '2',
  'AR_NOMBRE' => 'APORTES',
  'AR_DESCRIPCION' => 'Pensiones Incapacidades Cesantias Cartas FNA',
  'AR_C_ID' => '1',
  'AR_ACTIVO' => '1',
  'AR_ALIAS' => 'A',
  'AR_MOSTRAR_NOMBRE_PANTALLA' => '0',
) 
2014-10-08 13:11:01 --> se va a crear el turno 
2014-10-08 13:11:01 --> se creo el turno 12 del area A 

2014-10-08 13:42:21 --> get_areas 1 
2014-10-08 13:42:21 --> buscando areas del cliente 
2014-10-08 13:42:28 --> crear el consumidor 
2014-10-08 13:42:28 --> se creo el consumidor 20266 
2014-10-08 13:42:28 --> la informacion de la sede es array (
  'S_ID' => '4',
  'S_NOMBRE' => 'OCCIDENTE',
  'S_DESCRIPCION' => 'Sedle para atender los casos de la regional occidente',
  'S_C_ID' => '1',
  'S_CANTIDAD_ENCUESTAS' => '10',
  'S_ACTIVO' => '1',
  'S_LOGO' => '7',
  'S_MUESTRA_VIDEO' => '0',
) 
2014-10-08 13:42:28 --> se va a extraer informacion del area  
2014-10-08 13:42:28 --> la informacion del area es array (
  'AR_ID' => '2',
  'AR_NOMBRE' => 'APORTES',
  'AR_DESCRIPCION' => 'Pensiones Incapacidades Cesantias Cartas FNA',
  'AR_C_ID' => '1',
  'AR_ACTIVO' => '1',
  'AR_ALIAS' => 'A',
  'AR_MOSTRAR_NOMBRE_PANTALLA' => '0',
) 
2014-10-08 13:42:28 --> se va a crear el turno 
2014-10-08 13:42:28 --> se creo el turno 13 del area A 

2014-10-08 13:45:29 --> get_areas 1 
2014-10-08 13:45:29 --> buscando areas del cliente 

2014-10-08 13:53:43 --> get_areas 1 
2014-10-08 13:53:43 --> buscando areas del cliente 

2014-10-08 14:05:35 --> get_areas 1 
2014-10-08 14:05:35 --> buscando areas del cliente 
2014-10-08 14:06:00 --> crear el consumidor 
2014-10-08 14:06:00 --> se creo el consumidor 20270 
2014-10-08 14:06:00 --> la informacion de la sede es array (
  'S_ID' => '4',
  'S_NOMBRE' => 'OCCIDENTE',
  'S_DESCRIPCION' => 'Sedle para atender los casos de la regional occidente',
  'S_C_ID' => '1',
  'S_CANTIDAD_ENCUESTAS' => '10',
  'S_ACTIVO' => '1',
  'S_LOGO' => '7',
  'S_MUESTRA_VIDEO' => '0',
) 
2014-10-08 14:06:00 --> se va a extraer informacion del area  
2014-10-08 14:06:00 --> la informacion del area es array (
  'AR_ID' => '5',
  'AR_NOMBRE' => 'OTROS',
  'AR_DESCRIPCION' => 'Otros',
  'AR_C_ID' => '1',
  'AR_ACTIVO' => '1',
  'AR_ALIAS' => 'O',
  'AR_MOSTRAR_NOMBRE_PANTALLA' => '0',
) 
2014-10-08 14:06:00 --> se va a crear el turno 
2014-10-08 14:06:00 --> se creo el turno 6 del area O 

2014-10-08 14:09:02 --> get_areas 1 
2014-10-08 14:09:02 --> buscando areas del cliente 

2014-10-08 14:14:56 --> get_areas 1 
2014-10-08 14:14:56 --> buscando areas del cliente 
2014-10-08 14:15:04 --> crear el consumidor 
2014-10-08 14:15:04 --> se creo el consumidor 20280 
2014-10-08 14:15:04 --> la informacion de la sede es array (
  'S_ID' => '4',
  'S_NOMBRE' => 'OCCIDENTE',
  'S_DESCRIPCION' => 'Sedle para atender los casos de la regional occidente',
  'S_C_ID' => '1',
  'S_CANTIDAD_ENCUESTAS' => '10',
  'S_ACTIVO' => '1',
  'S_LOGO' => '7',
  'S_MUESTRA_VIDEO' => '0',
) 
2014-10-08 14:15:04 --> se va a extraer informacion del area  
2014-10-08 14:15:04 --> la informacion del area es array (
  'AR_ID' => '2',
  'AR_NOMBRE' => 'APORTES',
  'AR_DESCRIPCION' => 'Pensiones Incapacidades Cesantias Cartas FNA',
  'AR_C_ID' => '1',
  'AR_ACTIVO' => '1',
  'AR_ALIAS' => 'A',
  'AR_MOSTRAR_NOMBRE_PANTALLA' => '0',
) 
2014-10-08 14:15:04 --> se va a crear el turno 
2014-10-08 14:15:04 --> se creo el turno 14 del area A 

2014-10-08 14:17:49 --> get_areas 1 
2014-10-08 14:17:49 --> buscando areas del cliente 
2014-10-08 14:18:05 --> crear el consumidor 
2014-10-08 14:18:05 --> se creo el consumidor 20287 
2014-10-08 14:18:05 --> la informacion de la sede es array (
  'S_ID' => '4',
  'S_NOMBRE' => 'OCCIDENTE',
  'S_DESCRIPCION' => 'Sedle para atender los casos de la regional occidente',
  'S_C_ID' => '1',
  'S_CANTIDAD_ENCUESTAS' => '10',
  'S_ACTIVO' => '1',
  'S_LOGO' => '7',
  'S_MUESTRA_VIDEO' => '0',
) 
2014-10-08 14:18:05 --> se va a extraer informacion del area  
2014-10-08 14:18:05 --> la informacion del area es array (
  'AR_ID' => '5',
  'AR_NOMBRE' => 'OTROS',
  'AR_DESCRIPCION' => 'Otros',
  'AR_C_ID' => '1',
  'AR_ACTIVO' => '1',
  'AR_ALIAS' => 'O',
  'AR_MOSTRAR_NOMBRE_PANTALLA' => '0',
) 
2014-10-08 14:18:05 --> se va a crear el turno 
2014-10-08 14:18:05 --> se creo el turno 7 del area O 

2014-10-08 14:18:53 --> get_areas 1 
2014-10-08 14:18:53 --> buscando areas del cliente 
2014-10-08 14:19:08 --> crear el consumidor 
2014-10-08 14:19:08 --> se creo el consumidor 20289 
2014-10-08 14:19:08 --> la informacion de la sede es array (
  'S_ID' => '4',
  'S_NOMBRE' => 'OCCIDENTE',
  'S_DESCRIPCION' => 'Sedle para atender los casos de la regional occidente',
  'S_C_ID' => '1',
  'S_CANTIDAD_ENCUESTAS' => '10',
  'S_ACTIVO' => '1',
  'S_LOGO' => '7',
  'S_MUESTRA_VIDEO' => '0',
) 
2014-10-08 14:19:08 --> se va a extraer informacion del area  
2014-10-08 14:19:08 --> la informacion del area es array (
  'AR_ID' => '2',
  'AR_NOMBRE' => 'APORTES',
  'AR_DESCRIPCION' => 'Pensiones Incapacidades Cesantias Cartas FNA',
  'AR_C_ID' => '1',
  'AR_ACTIVO' => '1',
  'AR_ALIAS' => 'A',
  'AR_MOSTRAR_NOMBRE_PANTALLA' => '0',
) 
2014-10-08 14:19:08 --> se va a crear el turno 
2014-10-08 14:19:08 --> se creo el turno 15 del area A 

2014-10-08 14:38:47 --> get_areas 1 
2014-10-08 14:38:47 --> buscando areas del cliente 
2014-10-08 14:39:06 --> crear el consumidor 
2014-10-08 14:39:06 --> se creo el consumidor 20294 
2014-10-08 14:39:06 --> la informacion de la sede es array (
  'S_ID' => '4',
  'S_NOMBRE' => 'OCCIDENTE',
  'S_DESCRIPCION' => 'Sedle para atender los casos de la regional occidente',
  'S_C_ID' => '1',
  'S_CANTIDAD_ENCUESTAS' => '10',
  'S_ACTIVO' => '1',
  'S_LOGO' => '7',
  'S_MUESTRA_VIDEO' => '0',
) 
2014-10-08 14:39:06 --> se va a extraer informacion del area  
2014-10-08 14:39:06 --> la informacion del area es array (
  'AR_ID' => '2',
  'AR_NOMBRE' => 'APORTES',
  'AR_DESCRIPCION' => 'Pensiones Incapacidades Cesantias Cartas FNA',
  'AR_C_ID' => '1',
  'AR_ACTIVO' => '1',
  'AR_ALIAS' => 'A',
  'AR_MOSTRAR_NOMBRE_PANTALLA' => '0',
) 
2014-10-08 14:39:06 --> se va a crear el turno 
2014-10-08 14:39:06 --> se creo el turno 16 del area A 

2014-10-08 15:17:00 --> get_areas 1 
2014-10-08 15:17:00 --> buscando areas del cliente 
2014-10-08 15:17:09 --> crear el consumidor 
2014-10-08 15:17:09 --> se creo el consumidor 20301 
2014-10-08 15:17:09 --> la informacion de la sede es array (
  'S_ID' => '4',
  'S_NOMBRE' => 'OCCIDENTE',
  'S_DESCRIPCION' => 'Sedle para atender los casos de la regional occidente',
  'S_C_ID' => '1',
  'S_CANTIDAD_ENCUESTAS' => '10',
  'S_ACTIVO' => '1',
  'S_LOGO' => '7',
  'S_MUESTRA_VIDEO' => '0',
) 
2014-10-08 15:17:09 --> se va a extraer informacion del area  
2014-10-08 15:17:09 --> la informacion del area es array (
  'AR_ID' => '5',
  'AR_NOMBRE' => 'OTROS',
  'AR_DESCRIPCION' => 'Otros',
  'AR_C_ID' => '1',
  'AR_ACTIVO' => '1',
  'AR_ALIAS' => 'O',
  'AR_MOSTRAR_NOMBRE_PANTALLA' => '0',
) 
2014-10-08 15:17:09 --> se va a crear el turno 
2014-10-08 15:17:09 --> se creo el turno 8 del area O 

2014-10-08 15:44:24 --> get_areas 1 
2014-10-08 15:44:24 --> buscando areas del cliente 

2014-10-08 16:15:33 --> get_areas 1 
2014-10-08 16:15:33 --> buscando areas del cliente 

2014-10-08 16:15:43 --> get_areas 1 
2014-10-08 16:15:43 --> buscando areas del cliente 
2014-10-08 16:16:00 --> crear el consumidor 
2014-10-08 16:16:00 --> se creo el consumidor 20317 
2014-10-08 16:16:00 --> la informacion de la sede es array (
  'S_ID' => '4',
  'S_NOMBRE' => 'OCCIDENTE',
  'S_DESCRIPCION' => 'Sedle para atender los casos de la regional occidente',
  'S_C_ID' => '1',
  'S_CANTIDAD_ENCUESTAS' => '10',
  'S_ACTIVO' => '1',
  'S_LOGO' => '7',
  'S_MUESTRA_VIDEO' => '0',
) 
2014-10-08 16:16:00 --> se va a extraer informacion del area  
2014-10-08 16:16:00 --> la informacion del area es array (
  'AR_ID' => '8',
  'AR_NOMBRE' => 'COMPENSACION_SALARIAL',
  'AR_DESCRIPCION' => 'Informacion pago nomina y liquidaciones',
  'AR_C_ID' => '1',
  'AR_ACTIVO' => '1',
  'AR_ALIAS' => 'CS',
  'AR_MOSTRAR_NOMBRE_PANTALLA' => '0',
) 
2014-10-08 16:16:00 --> se va a crear el turno 
2014-10-08 16:16:00 --> se creo el turno 2 del area CS 

2014-10-08 16:42:48 --> get_areas 1 
2014-10-08 16:42:48 --> buscando areas del cliente 
2014-10-08 16:43:13 --> crear el consumidor 
2014-10-08 16:43:13 --> se creo el consumidor 20321 
2014-10-08 16:43:13 --> la informacion de la sede es array (
  'S_ID' => '4',
  'S_NOMBRE' => 'OCCIDENTE',
  'S_DESCRIPCION' => 'Sedle para atender los casos de la regional occidente',
  'S_C_ID' => '1',
  'S_CANTIDAD_ENCUESTAS' => '10',
  'S_ACTIVO' => '1',
  'S_LOGO' => '7',
  'S_MUESTRA_VIDEO' => '0',
) 
2014-10-08 16:43:13 --> se va a extraer informacion del area  
2014-10-08 16:43:13 --> la informacion del area es array (
  'AR_ID' => '5',
  'AR_NOMBRE' => 'OTROS',
  'AR_DESCRIPCION' => 'Otros',
  'AR_C_ID' => '1',
  'AR_ACTIVO' => '1',
  'AR_ALIAS' => 'O',
  'AR_MOSTRAR_NOMBRE_PANTALLA' => '0',
) 
2014-10-08 16:43:13 --> se va a crear el turno 
2014-10-08 16:43:13 --> se creo el turno 9 del area O 

2014-10-08 17:27:43 --> get_areas 1 
2014-10-08 17:27:43 --> buscando areas del cliente 
2014-10-08 17:27:55 --> crear el consumidor 
2014-10-08 17:27:55 --> se creo el consumidor 20330 
2014-10-08 17:27:55 --> la informacion de la sede es array (
  'S_ID' => '4',
  'S_NOMBRE' => 'OCCIDENTE',
  'S_DESCRIPCION' => 'Sedle para atender los casos de la regional occidente',
  'S_C_ID' => '1',
  'S_CANTIDAD_ENCUESTAS' => '10',
  'S_ACTIVO' => '1',
  'S_LOGO' => '7',
  'S_MUESTRA_VIDEO' => '0',
) 
2014-10-08 17:27:55 --> se va a extraer informacion del area  
2014-10-08 17:27:55 --> la informacion del area es array (
  'AR_ID' => '5',
  'AR_NOMBRE' => 'OTROS',
  'AR_DESCRIPCION' => 'Otros',
  'AR_C_ID' => '1',
  'AR_ACTIVO' => '1',
  'AR_ALIAS' => 'O',
  'AR_MOSTRAR_NOMBRE_PANTALLA' => '0',
) 
2014-10-08 17:27:55 --> se va a crear el turno 
2014-10-08 17:27:55 --> se creo el turno 10 del area O 

2014-10-08 19:19:09 --> get_areas 1 
2014-10-08 19:19:09 --> buscando areas del cliente 
