
2014-10-07 08:06:55 --> get_areas 1 
2014-10-07 08:06:55 --> buscando areas del cliente 
2014-10-07 08:07:23 --> crear el consumidor 
2014-10-07 08:07:23 --> se creo el consumidor 19975 
2014-10-07 08:07:23 --> la informacion de la sede es array (
  'S_ID' => '4',
  'S_NOMBRE' => 'OCCIDENTE',
  'S_DESCRIPCION' => 'Sedle para atender los casos de la regional occidente',
  'S_C_ID' => '1',
  'S_CANTIDAD_ENCUESTAS' => '10',
  'S_ACTIVO' => '1',
  'S_LOGO' => '7',
  'S_MUESTRA_VIDEO' => '0',
) 
2014-10-07 08:07:23 --> se va a extraer informacion del area  
2014-10-07 08:07:23 --> la informacion del area es array (
  'AR_ID' => '5',
  'AR_NOMBRE' => 'OTROS',
  'AR_DESCRIPCION' => 'Otros',
  'AR_C_ID' => '1',
  'AR_ACTIVO' => '1',
  'AR_ALIAS' => 'O',
  'AR_MOSTRAR_NOMBRE_PANTALLA' => '0',
) 
2014-10-07 08:07:23 --> se va a crear el turno 
2014-10-07 08:07:23 --> se creo el turno 1 del area O 

2014-10-07 08:56:11 --> get_areas 1 
2014-10-07 08:56:11 --> buscando areas del cliente 

2014-10-07 09:51:54 --> get_areas 1 
2014-10-07 09:51:54 --> buscando areas del cliente 
2014-10-07 09:52:13 --> crear el consumidor 
2014-10-07 09:52:13 --> se creo el consumidor 20005 
2014-10-07 09:52:13 --> la informacion de la sede es array (
  'S_ID' => '4',
  'S_NOMBRE' => 'OCCIDENTE',
  'S_DESCRIPCION' => 'Sedle para atender los casos de la regional occidente',
  'S_C_ID' => '1',
  'S_CANTIDAD_ENCUESTAS' => '10',
  'S_ACTIVO' => '1',
  'S_LOGO' => '7',
  'S_MUESTRA_VIDEO' => '0',
) 
2014-10-07 09:52:13 --> se va a extraer informacion del area  
2014-10-07 09:52:13 --> la informacion del area es array (
  'AR_ID' => '5',
  'AR_NOMBRE' => 'OTROS',
  'AR_DESCRIPCION' => 'Otros',
  'AR_C_ID' => '1',
  'AR_ACTIVO' => '1',
  'AR_ALIAS' => 'O',
  'AR_MOSTRAR_NOMBRE_PANTALLA' => '0',
) 
2014-10-07 09:52:13 --> se va a crear el turno 
2014-10-07 09:52:13 --> se creo el turno 2 del area O 

2014-10-07 09:53:16 --> get_areas 1 
2014-10-07 09:53:16 --> buscando areas del cliente 
2014-10-07 09:53:18 --> crear el consumidor 
2014-10-07 09:53:18 --> se creo el consumidor 20006 
2014-10-07 09:53:18 --> la informacion de la sede es array (
  'S_ID' => '4',
  'S_NOMBRE' => 'OCCIDENTE',
  'S_DESCRIPCION' => 'Sedle para atender los casos de la regional occidente',
  'S_C_ID' => '1',
  'S_CANTIDAD_ENCUESTAS' => '10',
  'S_ACTIVO' => '1',
  'S_LOGO' => '7',
  'S_MUESTRA_VIDEO' => '0',
) 
2014-10-07 09:53:18 --> se va a extraer informacion del area  
2014-10-07 09:53:18 --> la informacion del area es array (
  'AR_ID' => '1',
  'AR_NOMBRE' => 'GERENCIA_DEL_SERVICIO',
  'AR_DESCRIPCION' => 'Cartas punto de venta Cartas de renuncia',
  'AR_C_ID' => '1',
  'AR_ACTIVO' => '1',
  'AR_ALIAS' => 'GS',
  'AR_MOSTRAR_NOMBRE_PANTALLA' => '0',
) 
2014-10-07 09:53:18 --> se va a crear el turno 
2014-10-07 09:53:18 --> se creo el turno 2 del area GS 

2014-10-07 09:57:22 --> get_areas 1 
2014-10-07 09:57:22 --> buscando areas del cliente 

2014-10-07 10:12:32 --> get_areas 1 
2014-10-07 10:12:32 --> buscando areas del cliente 
2014-10-07 10:12:55 --> crear el consumidor 
2014-10-07 10:12:55 --> se creo el consumidor 20011 
2014-10-07 10:12:55 --> la informacion de la sede es array (
  'S_ID' => '4',
  'S_NOMBRE' => 'OCCIDENTE',
  'S_DESCRIPCION' => 'Sedle para atender los casos de la regional occidente',
  'S_C_ID' => '1',
  'S_CANTIDAD_ENCUESTAS' => '10',
  'S_ACTIVO' => '1',
  'S_LOGO' => '7',
  'S_MUESTRA_VIDEO' => '0',
) 
2014-10-07 10:12:55 --> se va a extraer informacion del area  
2014-10-07 10:12:55 --> la informacion del area es array (
  'AR_ID' => '1',
  'AR_NOMBRE' => 'GERENCIA_DEL_SERVICIO',
  'AR_DESCRIPCION' => 'Cartas punto de venta Cartas de renuncia',
  'AR_C_ID' => '1',
  'AR_ACTIVO' => '1',
  'AR_ALIAS' => 'GS',
  'AR_MOSTRAR_NOMBRE_PANTALLA' => '0',
) 
2014-10-07 10:12:55 --> se va a crear el turno 
2014-10-07 10:12:55 --> se creo el turno 3 del area GS 

2014-10-07 10:15:17 --> get_areas 1 
2014-10-07 10:15:17 --> buscando areas del cliente 
2014-10-07 10:15:57 --> crear el consumidor 
2014-10-07 10:15:57 --> se creo el consumidor 20014 
2014-10-07 10:15:57 --> la informacion de la sede es array (
  'S_ID' => '4',
  'S_NOMBRE' => 'OCCIDENTE',
  'S_DESCRIPCION' => 'Sedle para atender los casos de la regional occidente',
  'S_C_ID' => '1',
  'S_CANTIDAD_ENCUESTAS' => '10',
  'S_ACTIVO' => '1',
  'S_LOGO' => '7',
  'S_MUESTRA_VIDEO' => '0',
) 
2014-10-07 10:15:57 --> se va a extraer informacion del area  
2014-10-07 10:15:57 --> la informacion del area es array (
  'AR_ID' => '1',
  'AR_NOMBRE' => 'GERENCIA_DEL_SERVICIO',
  'AR_DESCRIPCION' => 'Cartas punto de venta Cartas de renuncia',
  'AR_C_ID' => '1',
  'AR_ACTIVO' => '1',
  'AR_ALIAS' => 'GS',
  'AR_MOSTRAR_NOMBRE_PANTALLA' => '0',
) 
2014-10-07 10:15:57 --> se va a crear el turno 
2014-10-07 10:15:57 --> se creo el turno 4 del area GS 

2014-10-07 10:22:16 --> get_areas 1 
2014-10-07 10:22:16 --> buscando areas del cliente 
2014-10-07 10:22:33 --> crear el consumidor 
2014-10-07 10:22:33 --> se creo el consumidor 20017 
2014-10-07 10:22:33 --> la informacion de la sede es array (
  'S_ID' => '4',
  'S_NOMBRE' => 'OCCIDENTE',
  'S_DESCRIPCION' => 'Sedle para atender los casos de la regional occidente',
  'S_C_ID' => '1',
  'S_CANTIDAD_ENCUESTAS' => '10',
  'S_ACTIVO' => '1',
  'S_LOGO' => '7',
  'S_MUESTRA_VIDEO' => '0',
) 
2014-10-07 10:22:33 --> se va a extraer informacion del area  
2014-10-07 10:22:33 --> la informacion del area es array (
  'AR_ID' => '2',
  'AR_NOMBRE' => 'APORTES',
  'AR_DESCRIPCION' => 'Pensiones Incapacidades Cesantias Cartas FNA',
  'AR_C_ID' => '1',
  'AR_ACTIVO' => '1',
  'AR_ALIAS' => 'A',
  'AR_MOSTRAR_NOMBRE_PANTALLA' => '0',
) 
2014-10-07 10:22:33 --> se va a crear el turno 
2014-10-07 10:22:33 --> se creo el turno 3 del area A 

2014-10-07 10:24:26 --> get_areas 1 
2014-10-07 10:24:26 --> buscando areas del cliente 
2014-10-07 10:24:50 --> crear el consumidor 
2014-10-07 10:24:50 --> se creo el consumidor 20018 
2014-10-07 10:24:50 --> la informacion de la sede es array (
  'S_ID' => '4',
  'S_NOMBRE' => 'OCCIDENTE',
  'S_DESCRIPCION' => 'Sedle para atender los casos de la regional occidente',
  'S_C_ID' => '1',
  'S_CANTIDAD_ENCUESTAS' => '10',
  'S_ACTIVO' => '1',
  'S_LOGO' => '7',
  'S_MUESTRA_VIDEO' => '0',
) 
2014-10-07 10:24:50 --> se va a extraer informacion del area  
2014-10-07 10:24:50 --> la informacion del area es array (
  'AR_ID' => '3',
  'AR_NOMBRE' => 'SEGUIMIENTO_AL_SERVICIO',
  'AR_DESCRIPCION' => 'SQR certificados especiales claves portal web',
  'AR_C_ID' => '1',
  'AR_ACTIVO' => '1',
  'AR_ALIAS' => 'SAS',
  'AR_MOSTRAR_NOMBRE_PANTALLA' => '0',
) 
2014-10-07 10:24:50 --> se va a crear el turno 
2014-10-07 10:24:50 --> se creo el turno 1 del area SAS 
2014-10-07 10:27:00 --> crear el consumidor 
2014-10-07 10:27:00 --> se creo el consumidor 20020 
2014-10-07 10:27:00 --> la informacion de la sede es array (
  'S_ID' => '3',
  'S_NOMBRE' => 'NORTE',
  'S_DESCRIPCION' => 'Sede para atender los casos de la regional norte',
  'S_C_ID' => '1',
  'S_CANTIDAD_ENCUESTAS' => '10',
  'S_ACTIVO' => '1',
  'S_LOGO' => '7',
  'S_MUESTRA_VIDEO' => '0',
) 
2014-10-07 10:27:00 --> se va a extraer informacion del area  
2014-10-07 10:27:00 --> la informacion del area es array (
  'AR_ID' => '2',
  'AR_NOMBRE' => 'APORTES',
  'AR_DESCRIPCION' => 'Pensiones Incapacidades Cesantias Cartas FNA',
  'AR_C_ID' => '1',
  'AR_ACTIVO' => '1',
  'AR_ALIAS' => 'A',
  'AR_MOSTRAR_NOMBRE_PANTALLA' => '0',
) 
2014-10-07 10:27:00 --> se va a crear el turno 
2014-10-07 10:27:00 --> se creo el turno 6 del area A 

2014-10-07 10:29:47 --> get_areas 1 
2014-10-07 10:29:47 --> buscando areas del cliente 
2014-10-07 10:29:55 --> crear el consumidor 
2014-10-07 10:29:55 --> se creo el consumidor 20021 
2014-10-07 10:29:55 --> la informacion de la sede es array (
  'S_ID' => '3',
  'S_NOMBRE' => 'NORTE',
  'S_DESCRIPCION' => 'Sede para atender los casos de la regional norte',
  'S_C_ID' => '1',
  'S_CANTIDAD_ENCUESTAS' => '10',
  'S_ACTIVO' => '1',
  'S_LOGO' => '7',
  'S_MUESTRA_VIDEO' => '0',
) 
2014-10-07 10:29:55 --> se va a extraer informacion del area  
2014-10-07 10:29:55 --> la informacion del area es array (
  'AR_ID' => '1',
  'AR_NOMBRE' => 'GERENCIA_DEL_SERVICIO',
  'AR_DESCRIPCION' => 'Cartas punto de venta Cartas de renuncia',
  'AR_C_ID' => '1',
  'AR_ACTIVO' => '1',
  'AR_ALIAS' => 'GS',
  'AR_MOSTRAR_NOMBRE_PANTALLA' => '0',
) 
2014-10-07 10:29:55 --> se va a crear el turno 
2014-10-07 10:29:55 --> se creo el turno 1 del area GS 

2014-10-07 10:30:05 --> get_areas 1 
2014-10-07 10:30:05 --> buscando areas del cliente 
2014-10-07 10:30:18 --> crear el consumidor 
2014-10-07 10:30:18 --> se creo el consumidor 20022 
2014-10-07 10:30:18 --> la informacion de la sede es array (
  'S_ID' => '4',
  'S_NOMBRE' => 'OCCIDENTE',
  'S_DESCRIPCION' => 'Sedle para atender los casos de la regional occidente',
  'S_C_ID' => '1',
  'S_CANTIDAD_ENCUESTAS' => '10',
  'S_ACTIVO' => '1',
  'S_LOGO' => '7',
  'S_MUESTRA_VIDEO' => '0',
) 
2014-10-07 10:30:18 --> se va a extraer informacion del area  
2014-10-07 10:30:18 --> la informacion del area es array (
  'AR_ID' => '2',
  'AR_NOMBRE' => 'APORTES',
  'AR_DESCRIPCION' => 'Pensiones Incapacidades Cesantias Cartas FNA',
  'AR_C_ID' => '1',
  'AR_ACTIVO' => '1',
  'AR_ALIAS' => 'A',
  'AR_MOSTRAR_NOMBRE_PANTALLA' => '0',
) 
2014-10-07 10:30:18 --> se va a crear el turno 
2014-10-07 10:30:18 --> se creo el turno 4 del area A 

2014-10-07 10:31:25 --> get_areas 1 
2014-10-07 10:31:25 --> buscando areas del cliente 
2014-10-07 10:31:46 --> crear el consumidor 
2014-10-07 10:31:46 --> se creo el consumidor 20023 
2014-10-07 10:31:46 --> la informacion de la sede es array (
  'S_ID' => '4',
  'S_NOMBRE' => 'OCCIDENTE',
  'S_DESCRIPCION' => 'Sedle para atender los casos de la regional occidente',
  'S_C_ID' => '1',
  'S_CANTIDAD_ENCUESTAS' => '10',
  'S_ACTIVO' => '1',
  'S_LOGO' => '7',
  'S_MUESTRA_VIDEO' => '0',
) 
2014-10-07 10:31:46 --> se va a extraer informacion del area  
2014-10-07 10:31:46 --> la informacion del area es array (
  'AR_ID' => '5',
  'AR_NOMBRE' => 'OTROS',
  'AR_DESCRIPCION' => 'Otros',
  'AR_C_ID' => '1',
  'AR_ACTIVO' => '1',
  'AR_ALIAS' => 'O',
  'AR_MOSTRAR_NOMBRE_PANTALLA' => '0',
) 
2014-10-07 10:31:46 --> se va a crear el turno 
2014-10-07 10:31:46 --> se creo el turno 3 del area O 

2014-10-07 10:42:06 --> get_areas 1 
2014-10-07 10:42:06 --> buscando areas del cliente 
2014-10-07 10:42:36 --> crear el consumidor 
2014-10-07 10:42:36 --> se creo el consumidor 20026 
2014-10-07 10:42:36 --> la informacion de la sede es array (
  'S_ID' => '4',
  'S_NOMBRE' => 'OCCIDENTE',
  'S_DESCRIPCION' => 'Sedle para atender los casos de la regional occidente',
  'S_C_ID' => '1',
  'S_CANTIDAD_ENCUESTAS' => '10',
  'S_ACTIVO' => '1',
  'S_LOGO' => '7',
  'S_MUESTRA_VIDEO' => '0',
) 
2014-10-07 10:42:36 --> se va a extraer informacion del area  
2014-10-07 10:42:36 --> la informacion del area es array (
  'AR_ID' => '2',
  'AR_NOMBRE' => 'APORTES',
  'AR_DESCRIPCION' => 'Pensiones Incapacidades Cesantias Cartas FNA',
  'AR_C_ID' => '1',
  'AR_ACTIVO' => '1',
  'AR_ALIAS' => 'A',
  'AR_MOSTRAR_NOMBRE_PANTALLA' => '0',
) 
2014-10-07 10:42:36 --> se va a crear el turno 
2014-10-07 10:42:36 --> se creo el turno 5 del area A 

2014-10-07 10:43:30 --> get_areas 1 
2014-10-07 10:43:30 --> buscando areas del cliente 
2014-10-07 10:43:54 --> crear el consumidor 
2014-10-07 10:43:54 --> se creo el consumidor 20027 
2014-10-07 10:43:54 --> la informacion de la sede es array (
  'S_ID' => '4',
  'S_NOMBRE' => 'OCCIDENTE',
  'S_DESCRIPCION' => 'Sedle para atender los casos de la regional occidente',
  'S_C_ID' => '1',
  'S_CANTIDAD_ENCUESTAS' => '10',
  'S_ACTIVO' => '1',
  'S_LOGO' => '7',
  'S_MUESTRA_VIDEO' => '0',
) 
2014-10-07 10:43:54 --> se va a extraer informacion del area  
2014-10-07 10:43:54 --> la informacion del area es array (
  'AR_ID' => '5',
  'AR_NOMBRE' => 'OTROS',
  'AR_DESCRIPCION' => 'Otros',
  'AR_C_ID' => '1',
  'AR_ACTIVO' => '1',
  'AR_ALIAS' => 'O',
  'AR_MOSTRAR_NOMBRE_PANTALLA' => '0',
) 
2014-10-07 10:43:54 --> se va a crear el turno 
2014-10-07 10:43:54 --> se creo el turno 4 del area O 

2014-10-07 10:49:34 --> get_areas 1 
2014-10-07 10:49:34 --> buscando areas del cliente 
2014-10-07 10:49:52 --> crear el consumidor 
2014-10-07 10:49:52 --> se creo el consumidor 20031 
2014-10-07 10:49:52 --> la informacion de la sede es array (
  'S_ID' => '4',
  'S_NOMBRE' => 'OCCIDENTE',
  'S_DESCRIPCION' => 'Sedle para atender los casos de la regional occidente',
  'S_C_ID' => '1',
  'S_CANTIDAD_ENCUESTAS' => '10',
  'S_ACTIVO' => '1',
  'S_LOGO' => '7',
  'S_MUESTRA_VIDEO' => '0',
) 
2014-10-07 10:49:52 --> se va a extraer informacion del area  
2014-10-07 10:49:52 --> la informacion del area es array (
  'AR_ID' => '5',
  'AR_NOMBRE' => 'OTROS',
  'AR_DESCRIPCION' => 'Otros',
  'AR_C_ID' => '1',
  'AR_ACTIVO' => '1',
  'AR_ALIAS' => 'O',
  'AR_MOSTRAR_NOMBRE_PANTALLA' => '0',
) 
2014-10-07 10:49:52 --> se va a crear el turno 
2014-10-07 10:49:52 --> se creo el turno 5 del area O 

2014-10-07 10:55:21 --> get_areas 1 
2014-10-07 10:55:21 --> buscando areas del cliente 
2014-10-07 10:55:44 --> crear el consumidor 
2014-10-07 10:55:44 --> se creo el consumidor 20034 
2014-10-07 10:55:44 --> la informacion de la sede es array (
  'S_ID' => '4',
  'S_NOMBRE' => 'OCCIDENTE',
  'S_DESCRIPCION' => 'Sedle para atender los casos de la regional occidente',
  'S_C_ID' => '1',
  'S_CANTIDAD_ENCUESTAS' => '10',
  'S_ACTIVO' => '1',
  'S_LOGO' => '7',
  'S_MUESTRA_VIDEO' => '0',
) 
2014-10-07 10:55:44 --> se va a extraer informacion del area  
2014-10-07 10:55:44 --> la informacion del area es array (
  'AR_ID' => '1',
  'AR_NOMBRE' => 'GERENCIA_DEL_SERVICIO',
  'AR_DESCRIPCION' => 'Cartas punto de venta Cartas de renuncia',
  'AR_C_ID' => '1',
  'AR_ACTIVO' => '1',
  'AR_ALIAS' => 'GS',
  'AR_MOSTRAR_NOMBRE_PANTALLA' => '0',
) 
2014-10-07 10:55:44 --> se va a crear el turno 
2014-10-07 10:55:44 --> se creo el turno 5 del area GS 

2014-10-07 11:21:22 --> get_areas 1 
2014-10-07 11:21:22 --> buscando areas del cliente 
2014-10-07 11:21:32 --> crear el consumidor 
2014-10-07 11:21:32 --> se creo el consumidor 20053 
2014-10-07 11:21:32 --> la informacion de la sede es array (
  'S_ID' => '4',
  'S_NOMBRE' => 'OCCIDENTE',
  'S_DESCRIPCION' => 'Sedle para atender los casos de la regional occidente',
  'S_C_ID' => '1',
  'S_CANTIDAD_ENCUESTAS' => '10',
  'S_ACTIVO' => '1',
  'S_LOGO' => '7',
  'S_MUESTRA_VIDEO' => '0',
) 
2014-10-07 11:21:32 --> se va a extraer informacion del area  
2014-10-07 11:21:32 --> la informacion del area es array (
  'AR_ID' => '2',
  'AR_NOMBRE' => 'APORTES',
  'AR_DESCRIPCION' => 'Pensiones Incapacidades Cesantias Cartas FNA',
  'AR_C_ID' => '1',
  'AR_ACTIVO' => '1',
  'AR_ALIAS' => 'A',
  'AR_MOSTRAR_NOMBRE_PANTALLA' => '0',
) 
2014-10-07 11:21:32 --> se va a crear el turno 
2014-10-07 11:21:32 --> se creo el turno 6 del area A 

2014-10-07 11:28:30 --> get_areas 1 
2014-10-07 11:28:30 --> buscando areas del cliente 

2014-10-07 12:08:12 --> get_areas 1 
2014-10-07 12:08:12 --> buscando areas del cliente 

2014-10-07 12:12:41 --> get_areas 1 
2014-10-07 12:12:41 --> buscando areas del cliente 
2014-10-07 12:12:49 --> crear el consumidor 
2014-10-07 12:12:49 --> se creo el consumidor 20072 
2014-10-07 12:12:49 --> la informacion de la sede es array (
  'S_ID' => '4',
  'S_NOMBRE' => 'OCCIDENTE',
  'S_DESCRIPCION' => 'Sedle para atender los casos de la regional occidente',
  'S_C_ID' => '1',
  'S_CANTIDAD_ENCUESTAS' => '10',
  'S_ACTIVO' => '1',
  'S_LOGO' => '7',
  'S_MUESTRA_VIDEO' => '0',
) 
2014-10-07 12:12:49 --> se va a extraer informacion del area  
2014-10-07 12:12:49 --> la informacion del area es array (
  'AR_ID' => '5',
  'AR_NOMBRE' => 'OTROS',
  'AR_DESCRIPCION' => 'Otros',
  'AR_C_ID' => '1',
  'AR_ACTIVO' => '1',
  'AR_ALIAS' => 'O',
  'AR_MOSTRAR_NOMBRE_PANTALLA' => '0',
) 
2014-10-07 12:12:49 --> se va a crear el turno 
2014-10-07 12:12:49 --> se creo el turno 6 del area O 

2014-10-07 12:37:51 --> get_areas 1 
2014-10-07 12:37:51 --> buscando areas del cliente 
2014-10-07 12:37:58 --> crear el consumidor 
2014-10-07 12:37:58 --> se creo el consumidor 20073 
2014-10-07 12:37:58 --> la informacion de la sede es array (
  'S_ID' => '4',
  'S_NOMBRE' => 'OCCIDENTE',
  'S_DESCRIPCION' => 'Sedle para atender los casos de la regional occidente',
  'S_C_ID' => '1',
  'S_CANTIDAD_ENCUESTAS' => '10',
  'S_ACTIVO' => '1',
  'S_LOGO' => '7',
  'S_MUESTRA_VIDEO' => '0',
) 
2014-10-07 12:37:58 --> se va a extraer informacion del area  
2014-10-07 12:37:58 --> la informacion del area es array (
  'AR_ID' => '2',
  'AR_NOMBRE' => 'APORTES',
  'AR_DESCRIPCION' => 'Pensiones Incapacidades Cesantias Cartas FNA',
  'AR_C_ID' => '1',
  'AR_ACTIVO' => '1',
  'AR_ALIAS' => 'A',
  'AR_MOSTRAR_NOMBRE_PANTALLA' => '0',
) 
2014-10-07 12:37:58 --> se va a crear el turno 
2014-10-07 12:37:58 --> se creo el turno 7 del area A 

2014-10-07 12:46:06 --> get_areas 1 
2014-10-07 12:46:06 --> buscando areas del cliente 
2014-10-07 12:46:17 --> crear el consumidor 
2014-10-07 12:46:17 --> se creo el consumidor 20074 
2014-10-07 12:46:17 --> la informacion de la sede es array (
  'S_ID' => '2',
  'S_NOMBRE' => 'CENTRO',
  'S_DESCRIPCION' => 'Sede para atender los casos de la regional centro',
  'S_C_ID' => '1',
  'S_CANTIDAD_ENCUESTAS' => '10',
  'S_ACTIVO' => '1',
  'S_LOGO' => '7',
  'S_MUESTRA_VIDEO' => '0',
) 
2014-10-07 12:46:17 --> se va a extraer informacion del area  
2014-10-07 12:46:17 --> la informacion del area es array (
  'AR_ID' => '8',
  'AR_NOMBRE' => 'COMPENSACION_SALARIAL',
  'AR_DESCRIPCION' => 'Informacion pago nomina y liquidaciones',
  'AR_C_ID' => '1',
  'AR_ACTIVO' => '1',
  'AR_ALIAS' => 'CS',
  'AR_MOSTRAR_NOMBRE_PANTALLA' => '0',
) 
2014-10-07 12:46:17 --> se va a crear el turno 
2014-10-07 12:46:17 --> se creo el turno 2 del area CS 

2014-10-07 12:47:03 --> get_areas 1 
2014-10-07 12:47:03 --> buscando areas del cliente 
2014-10-07 12:47:09 --> crear el consumidor 
2014-10-07 12:47:09 --> se creo el consumidor 20075 
2014-10-07 12:47:09 --> la informacion de la sede es array (
  'S_ID' => '2',
  'S_NOMBRE' => 'CENTRO',
  'S_DESCRIPCION' => 'Sede para atender los casos de la regional centro',
  'S_C_ID' => '1',
  'S_CANTIDAD_ENCUESTAS' => '10',
  'S_ACTIVO' => '1',
  'S_LOGO' => '7',
  'S_MUESTRA_VIDEO' => '0',
) 
2014-10-07 12:47:09 --> se va a extraer informacion del area  
2014-10-07 12:47:09 --> la informacion del area es array (
  'AR_ID' => '8',
  'AR_NOMBRE' => 'COMPENSACION_SALARIAL',
  'AR_DESCRIPCION' => 'Informacion pago nomina y liquidaciones',
  'AR_C_ID' => '1',
  'AR_ACTIVO' => '1',
  'AR_ALIAS' => 'CS',
  'AR_MOSTRAR_NOMBRE_PANTALLA' => '0',
) 
2014-10-07 12:47:09 --> se va a crear el turno 
2014-10-07 12:47:09 --> se creo el turno 3 del area CS 

2014-10-07 12:50:22 --> get_areas 1 
2014-10-07 12:50:22 --> buscando areas del cliente 
2014-10-07 12:50:54 --> crear el consumidor 
2014-10-07 12:50:54 --> se creo el consumidor 20076 
2014-10-07 12:50:54 --> la informacion de la sede es array (
  'S_ID' => '4',
  'S_NOMBRE' => 'OCCIDENTE',
  'S_DESCRIPCION' => 'Sedle para atender los casos de la regional occidente',
  'S_C_ID' => '1',
  'S_CANTIDAD_ENCUESTAS' => '10',
  'S_ACTIVO' => '1',
  'S_LOGO' => '7',
  'S_MUESTRA_VIDEO' => '0',
) 
2014-10-07 12:50:54 --> se va a extraer informacion del area  
2014-10-07 12:50:54 --> la informacion del area es array (
  'AR_ID' => '5',
  'AR_NOMBRE' => 'OTROS',
  'AR_DESCRIPCION' => 'Otros',
  'AR_C_ID' => '1',
  'AR_ACTIVO' => '1',
  'AR_ALIAS' => 'O',
  'AR_MOSTRAR_NOMBRE_PANTALLA' => '0',
) 
2014-10-07 12:50:54 --> se va a crear el turno 
2014-10-07 12:50:54 --> se creo el turno 7 del area O 

2014-10-07 13:45:12 --> get_areas 1 
2014-10-07 13:45:12 --> buscando areas del cliente 
2014-10-07 13:45:21 --> crear el consumidor 
2014-10-07 13:45:21 --> se creo el consumidor 20077 
2014-10-07 13:45:21 --> la informacion de la sede es array (
  'S_ID' => '2',
  'S_NOMBRE' => 'CENTRO',
  'S_DESCRIPCION' => 'Sede para atender los casos de la regional centro',
  'S_C_ID' => '1',
  'S_CANTIDAD_ENCUESTAS' => '10',
  'S_ACTIVO' => '1',
  'S_LOGO' => '7',
  'S_MUESTRA_VIDEO' => '0',
) 
2014-10-07 13:45:21 --> se va a extraer informacion del area  
2014-10-07 13:45:21 --> la informacion del area es array (
  'AR_ID' => '8',
  'AR_NOMBRE' => 'COMPENSACION_SALARIAL',
  'AR_DESCRIPCION' => 'Informacion pago nomina y liquidaciones',
  'AR_C_ID' => '1',
  'AR_ACTIVO' => '1',
  'AR_ALIAS' => 'CS',
  'AR_MOSTRAR_NOMBRE_PANTALLA' => '0',
) 
2014-10-07 13:45:21 --> se va a crear el turno 
2014-10-07 13:45:21 --> se creo el turno 4 del area CS 

2014-10-07 14:02:05 --> get_areas 1 
2014-10-07 14:02:05 --> buscando areas del cliente 
2014-10-07 14:02:14 --> crear el consumidor 
2014-10-07 14:02:14 --> se creo el consumidor 20079 
2014-10-07 14:02:14 --> la informacion de la sede es array (
  'S_ID' => '4',
  'S_NOMBRE' => 'OCCIDENTE',
  'S_DESCRIPCION' => 'Sedle para atender los casos de la regional occidente',
  'S_C_ID' => '1',
  'S_CANTIDAD_ENCUESTAS' => '10',
  'S_ACTIVO' => '1',
  'S_LOGO' => '7',
  'S_MUESTRA_VIDEO' => '0',
) 
2014-10-07 14:02:14 --> se va a extraer informacion del area  
2014-10-07 14:02:14 --> la informacion del area es array (
  'AR_ID' => '1',
  'AR_NOMBRE' => 'GERENCIA_DEL_SERVICIO',
  'AR_DESCRIPCION' => 'Cartas punto de venta Cartas de renuncia',
  'AR_C_ID' => '1',
  'AR_ACTIVO' => '1',
  'AR_ALIAS' => 'GS',
  'AR_MOSTRAR_NOMBRE_PANTALLA' => '0',
) 
2014-10-07 14:02:14 --> se va a crear el turno 
2014-10-07 14:02:14 --> se creo el turno 6 del area GS 

2014-10-07 14:03:26 --> get_areas 1 
2014-10-07 14:03:26 --> buscando areas del cliente 
2014-10-07 14:04:01 --> crear el consumidor 
2014-10-07 14:04:01 --> se creo el consumidor 20080 
2014-10-07 14:04:01 --> la informacion de la sede es array (
  'S_ID' => '4',
  'S_NOMBRE' => 'OCCIDENTE',
  'S_DESCRIPCION' => 'Sedle para atender los casos de la regional occidente',
  'S_C_ID' => '1',
  'S_CANTIDAD_ENCUESTAS' => '10',
  'S_ACTIVO' => '1',
  'S_LOGO' => '7',
  'S_MUESTRA_VIDEO' => '0',
) 
2014-10-07 14:04:01 --> se va a extraer informacion del area  
2014-10-07 14:04:01 --> la informacion del area es array (
  'AR_ID' => '1',
  'AR_NOMBRE' => 'GERENCIA_DEL_SERVICIO',
  'AR_DESCRIPCION' => 'Cartas punto de venta Cartas de renuncia',
  'AR_C_ID' => '1',
  'AR_ACTIVO' => '1',
  'AR_ALIAS' => 'GS',
  'AR_MOSTRAR_NOMBRE_PANTALLA' => '0',
) 
2014-10-07 14:04:01 --> se va a crear el turno 
2014-10-07 14:04:01 --> se creo el turno 7 del area GS 

2014-10-07 14:05:08 --> get_areas 1 
2014-10-07 14:05:08 --> buscando areas del cliente 
2014-10-07 14:05:16 --> crear el consumidor 
2014-10-07 14:05:16 --> se creo el consumidor 20081 
2014-10-07 14:05:16 --> la informacion de la sede es array (
  'S_ID' => '4',
  'S_NOMBRE' => 'OCCIDENTE',
  'S_DESCRIPCION' => 'Sedle para atender los casos de la regional occidente',
  'S_C_ID' => '1',
  'S_CANTIDAD_ENCUESTAS' => '10',
  'S_ACTIVO' => '1',
  'S_LOGO' => '7',
  'S_MUESTRA_VIDEO' => '0',
) 
2014-10-07 14:05:16 --> se va a extraer informacion del area  
2014-10-07 14:05:16 --> la informacion del area es array (
  'AR_ID' => '2',
  'AR_NOMBRE' => 'APORTES',
  'AR_DESCRIPCION' => 'Pensiones Incapacidades Cesantias Cartas FNA',
  'AR_C_ID' => '1',
  'AR_ACTIVO' => '1',
  'AR_ALIAS' => 'A',
  'AR_MOSTRAR_NOMBRE_PANTALLA' => '0',
) 
2014-10-07 14:05:16 --> se va a crear el turno 
2014-10-07 14:05:16 --> se creo el turno 8 del area A 

2014-10-07 14:11:07 --> get_areas 1 
2014-10-07 14:11:07 --> buscando areas del cliente 
2014-10-07 14:11:19 --> crear el consumidor 
2014-10-07 14:11:19 --> se creo el consumidor 20082 
2014-10-07 14:11:19 --> la informacion de la sede es array (
  'S_ID' => '4',
  'S_NOMBRE' => 'OCCIDENTE',
  'S_DESCRIPCION' => 'Sedle para atender los casos de la regional occidente',
  'S_C_ID' => '1',
  'S_CANTIDAD_ENCUESTAS' => '10',
  'S_ACTIVO' => '1',
  'S_LOGO' => '7',
  'S_MUESTRA_VIDEO' => '0',
) 
2014-10-07 14:11:19 --> se va a extraer informacion del area  
2014-10-07 14:11:19 --> la informacion del area es array (
  'AR_ID' => '5',
  'AR_NOMBRE' => 'OTROS',
  'AR_DESCRIPCION' => 'Otros',
  'AR_C_ID' => '1',
  'AR_ACTIVO' => '1',
  'AR_ALIAS' => 'O',
  'AR_MOSTRAR_NOMBRE_PANTALLA' => '0',
) 
2014-10-07 14:11:19 --> se va a crear el turno 
2014-10-07 14:11:19 --> se creo el turno 8 del area O 

2014-10-07 14:20:26 --> get_areas 1 
2014-10-07 14:20:26 --> buscando areas del cliente 
2014-10-07 14:20:30 --> crear el consumidor 
2014-10-07 14:20:30 --> se creo el consumidor 20084 
2014-10-07 14:20:30 --> la informacion de la sede es array (
  'S_ID' => '4',
  'S_NOMBRE' => 'OCCIDENTE',
  'S_DESCRIPCION' => 'Sedle para atender los casos de la regional occidente',
  'S_C_ID' => '1',
  'S_CANTIDAD_ENCUESTAS' => '10',
  'S_ACTIVO' => '1',
  'S_LOGO' => '7',
  'S_MUESTRA_VIDEO' => '0',
) 
2014-10-07 14:20:30 --> se va a extraer informacion del area  
2014-10-07 14:20:30 --> la informacion del area es array (
  'AR_ID' => '1',
  'AR_NOMBRE' => 'GERENCIA_DEL_SERVICIO',
  'AR_DESCRIPCION' => 'Cartas punto de venta Cartas de renuncia',
  'AR_C_ID' => '1',
  'AR_ACTIVO' => '1',
  'AR_ALIAS' => 'GS',
  'AR_MOSTRAR_NOMBRE_PANTALLA' => '0',
) 
2014-10-07 14:20:30 --> se va a crear el turno 
2014-10-07 14:20:30 --> se creo el turno 8 del area GS 

2014-10-07 14:46:27 --> get_areas 1 
2014-10-07 14:46:27 --> buscando areas del cliente 
2014-10-07 14:46:31 --> crear el consumidor 
2014-10-07 14:46:31 --> se creo el consumidor 20089 
2014-10-07 14:46:31 --> la informacion de la sede es array (
  'S_ID' => '4',
  'S_NOMBRE' => 'OCCIDENTE',
  'S_DESCRIPCION' => 'Sedle para atender los casos de la regional occidente',
  'S_C_ID' => '1',
  'S_CANTIDAD_ENCUESTAS' => '10',
  'S_ACTIVO' => '1',
  'S_LOGO' => '7',
  'S_MUESTRA_VIDEO' => '0',
) 
2014-10-07 14:46:31 --> se va a extraer informacion del area  
2014-10-07 14:46:31 --> la informacion del area es array (
  'AR_ID' => '2',
  'AR_NOMBRE' => 'APORTES',
  'AR_DESCRIPCION' => 'Pensiones Incapacidades Cesantias Cartas FNA',
  'AR_C_ID' => '1',
  'AR_ACTIVO' => '1',
  'AR_ALIAS' => 'A',
  'AR_MOSTRAR_NOMBRE_PANTALLA' => '0',
) 
2014-10-07 14:46:31 --> se va a crear el turno 
2014-10-07 14:46:31 --> se creo el turno 9 del area A 

2014-10-07 15:07:45 --> get_areas 1 
2014-10-07 15:07:45 --> buscando areas del cliente 
2014-10-07 15:08:03 --> crear el consumidor 
2014-10-07 15:08:03 --> se creo el consumidor 20092 
2014-10-07 15:08:03 --> la informacion de la sede es array (
  'S_ID' => '4',
  'S_NOMBRE' => 'OCCIDENTE',
  'S_DESCRIPCION' => 'Sedle para atender los casos de la regional occidente',
  'S_C_ID' => '1',
  'S_CANTIDAD_ENCUESTAS' => '10',
  'S_ACTIVO' => '1',
  'S_LOGO' => '7',
  'S_MUESTRA_VIDEO' => '0',
) 
2014-10-07 15:08:03 --> se va a extraer informacion del area  
2014-10-07 15:08:03 --> la informacion del area es array (
  'AR_ID' => '8',
  'AR_NOMBRE' => 'COMPENSACION_SALARIAL',
  'AR_DESCRIPCION' => 'Informacion pago nomina y liquidaciones',
  'AR_C_ID' => '1',
  'AR_ACTIVO' => '1',
  'AR_ALIAS' => 'CS',
  'AR_MOSTRAR_NOMBRE_PANTALLA' => '0',
) 
2014-10-07 15:08:03 --> se va a crear el turno 
2014-10-07 15:08:03 --> se creo el turno 1 del area CS 

2014-10-07 15:18:23 --> get_areas 1 
2014-10-07 15:18:23 --> buscando areas del cliente 
2014-10-07 15:18:39 --> crear el consumidor 
2014-10-07 15:18:39 --> se creo el consumidor 20096 
2014-10-07 15:18:39 --> la informacion de la sede es array (
  'S_ID' => '4',
  'S_NOMBRE' => 'OCCIDENTE',
  'S_DESCRIPCION' => 'Sedle para atender los casos de la regional occidente',
  'S_C_ID' => '1',
  'S_CANTIDAD_ENCUESTAS' => '10',
  'S_ACTIVO' => '1',
  'S_LOGO' => '7',
  'S_MUESTRA_VIDEO' => '0',
) 
2014-10-07 15:18:39 --> se va a extraer informacion del area  
2014-10-07 15:18:39 --> la informacion del area es array (
  'AR_ID' => '2',
  'AR_NOMBRE' => 'APORTES',
  'AR_DESCRIPCION' => 'Pensiones Incapacidades Cesantias Cartas FNA',
  'AR_C_ID' => '1',
  'AR_ACTIVO' => '1',
  'AR_ALIAS' => 'A',
  'AR_MOSTRAR_NOMBRE_PANTALLA' => '0',
) 
2014-10-07 15:18:39 --> se va a crear el turno 
2014-10-07 15:18:39 --> se creo el turno 10 del area A 

2014-10-07 15:18:54 --> get_areas 1 
2014-10-07 15:18:54 --> buscando areas del cliente 
2014-10-07 15:18:58 --> crear el consumidor 
2014-10-07 15:18:58 --> se creo el consumidor 20097 
2014-10-07 15:18:58 --> la informacion de la sede es array (
  'S_ID' => '4',
  'S_NOMBRE' => 'OCCIDENTE',
  'S_DESCRIPCION' => 'Sedle para atender los casos de la regional occidente',
  'S_C_ID' => '1',
  'S_CANTIDAD_ENCUESTAS' => '10',
  'S_ACTIVO' => '1',
  'S_LOGO' => '7',
  'S_MUESTRA_VIDEO' => '0',
) 
2014-10-07 15:18:58 --> se va a extraer informacion del area  
2014-10-07 15:18:58 --> la informacion del area es array (
  'AR_ID' => '5',
  'AR_NOMBRE' => 'OTROS',
  'AR_DESCRIPCION' => 'Otros',
  'AR_C_ID' => '1',
  'AR_ACTIVO' => '1',
  'AR_ALIAS' => 'O',
  'AR_MOSTRAR_NOMBRE_PANTALLA' => '0',
) 
2014-10-07 15:18:58 --> se va a crear el turno 
2014-10-07 15:18:58 --> se creo el turno 9 del area O 

2014-10-07 15:20:31 --> get_areas 1 
2014-10-07 15:20:31 --> buscando areas del cliente 
2014-10-07 15:20:35 --> crear el consumidor 
2014-10-07 15:20:35 --> se creo el consumidor 20098 
2014-10-07 15:20:35 --> la informacion de la sede es array (
  'S_ID' => '4',
  'S_NOMBRE' => 'OCCIDENTE',
  'S_DESCRIPCION' => 'Sedle para atender los casos de la regional occidente',
  'S_C_ID' => '1',
  'S_CANTIDAD_ENCUESTAS' => '10',
  'S_ACTIVO' => '1',
  'S_LOGO' => '7',
  'S_MUESTRA_VIDEO' => '0',
) 
2014-10-07 15:20:35 --> se va a extraer informacion del area  
2014-10-07 15:20:35 --> la informacion del area es array (
  'AR_ID' => '5',
  'AR_NOMBRE' => 'OTROS',
  'AR_DESCRIPCION' => 'Otros',
  'AR_C_ID' => '1',
  'AR_ACTIVO' => '1',
  'AR_ALIAS' => 'O',
  'AR_MOSTRAR_NOMBRE_PANTALLA' => '0',
) 
2014-10-07 15:20:35 --> se va a crear el turno 
2014-10-07 15:20:35 --> se creo el turno 10 del area O 

2014-10-07 15:27:26 --> get_areas 1 
2014-10-07 15:27:26 --> buscando areas del cliente 
2014-10-07 15:27:46 --> crear el consumidor 
2014-10-07 15:27:46 --> se creo el consumidor 20099 
2014-10-07 15:27:46 --> la informacion de la sede es array (
  'S_ID' => '4',
  'S_NOMBRE' => 'OCCIDENTE',
  'S_DESCRIPCION' => 'Sedle para atender los casos de la regional occidente',
  'S_C_ID' => '1',
  'S_CANTIDAD_ENCUESTAS' => '10',
  'S_ACTIVO' => '1',
  'S_LOGO' => '7',
  'S_MUESTRA_VIDEO' => '0',
) 
2014-10-07 15:27:46 --> se va a extraer informacion del area  
2014-10-07 15:27:46 --> la informacion del area es array (
  'AR_ID' => '8',
  'AR_NOMBRE' => 'COMPENSACION_SALARIAL',
  'AR_DESCRIPCION' => 'Informacion pago nomina y liquidaciones',
  'AR_C_ID' => '1',
  'AR_ACTIVO' => '1',
  'AR_ALIAS' => 'CS',
  'AR_MOSTRAR_NOMBRE_PANTALLA' => '0',
) 
2014-10-07 15:27:46 --> se va a crear el turno 
2014-10-07 15:27:46 --> se creo el turno 2 del area CS 

2014-10-07 15:29:29 --> get_areas 1 
2014-10-07 15:29:29 --> buscando areas del cliente 
2014-10-07 15:29:50 --> crear el consumidor 
2014-10-07 15:29:50 --> se creo el consumidor 20102 
2014-10-07 15:29:50 --> la informacion de la sede es array (
  'S_ID' => '4',
  'S_NOMBRE' => 'OCCIDENTE',
  'S_DESCRIPCION' => 'Sedle para atender los casos de la regional occidente',
  'S_C_ID' => '1',
  'S_CANTIDAD_ENCUESTAS' => '10',
  'S_ACTIVO' => '1',
  'S_LOGO' => '7',
  'S_MUESTRA_VIDEO' => '0',
) 
2014-10-07 15:29:50 --> se va a extraer informacion del area  
2014-10-07 15:29:50 --> la informacion del area es array (
  'AR_ID' => '5',
  'AR_NOMBRE' => 'OTROS',
  'AR_DESCRIPCION' => 'Otros',
  'AR_C_ID' => '1',
  'AR_ACTIVO' => '1',
  'AR_ALIAS' => 'O',
  'AR_MOSTRAR_NOMBRE_PANTALLA' => '0',
) 
2014-10-07 15:29:50 --> se va a crear el turno 
2014-10-07 15:29:50 --> se creo el turno 11 del area O 

2014-10-07 15:38:03 --> get_areas 1 
2014-10-07 15:38:03 --> buscando areas del cliente 
2014-10-07 15:38:22 --> crear el consumidor 
2014-10-07 15:38:22 --> se creo el consumidor 20106 
2014-10-07 15:38:22 --> la informacion de la sede es array (
  'S_ID' => '4',
  'S_NOMBRE' => 'OCCIDENTE',
  'S_DESCRIPCION' => 'Sedle para atender los casos de la regional occidente',
  'S_C_ID' => '1',
  'S_CANTIDAD_ENCUESTAS' => '10',
  'S_ACTIVO' => '1',
  'S_LOGO' => '7',
  'S_MUESTRA_VIDEO' => '0',
) 
2014-10-07 15:38:22 --> se va a extraer informacion del area  
2014-10-07 15:38:22 --> la informacion del area es array (
  'AR_ID' => '5',
  'AR_NOMBRE' => 'OTROS',
  'AR_DESCRIPCION' => 'Otros',
  'AR_C_ID' => '1',
  'AR_ACTIVO' => '1',
  'AR_ALIAS' => 'O',
  'AR_MOSTRAR_NOMBRE_PANTALLA' => '0',
) 
2014-10-07 15:38:22 --> se va a crear el turno 
2014-10-07 15:38:22 --> se creo el turno 12 del area O 

2014-10-07 15:39:44 --> get_areas 1 
2014-10-07 15:39:44 --> buscando areas del cliente 
2014-10-07 15:39:53 --> crear el consumidor 
2014-10-07 15:39:53 --> se creo el consumidor 20107 
2014-10-07 15:39:53 --> la informacion de la sede es array (
  'S_ID' => '4',
  'S_NOMBRE' => 'OCCIDENTE',
  'S_DESCRIPCION' => 'Sedle para atender los casos de la regional occidente',
  'S_C_ID' => '1',
  'S_CANTIDAD_ENCUESTAS' => '10',
  'S_ACTIVO' => '1',
  'S_LOGO' => '7',
  'S_MUESTRA_VIDEO' => '0',
) 
2014-10-07 15:39:53 --> se va a extraer informacion del area  
2014-10-07 15:39:53 --> la informacion del area es array (
  'AR_ID' => '5',
  'AR_NOMBRE' => 'OTROS',
  'AR_DESCRIPCION' => 'Otros',
  'AR_C_ID' => '1',
  'AR_ACTIVO' => '1',
  'AR_ALIAS' => 'O',
  'AR_MOSTRAR_NOMBRE_PANTALLA' => '0',
) 
2014-10-07 15:39:53 --> se va a crear el turno 
2014-10-07 15:39:53 --> se creo el turno 13 del area O 

2014-10-07 15:49:28 --> get_areas 1 
2014-10-07 15:49:28 --> buscando areas del cliente 
2014-10-07 15:49:42 --> crear el consumidor 
2014-10-07 15:49:42 --> se creo el consumidor 20108 
2014-10-07 15:49:42 --> la informacion de la sede es array (
  'S_ID' => '4',
  'S_NOMBRE' => 'OCCIDENTE',
  'S_DESCRIPCION' => 'Sedle para atender los casos de la regional occidente',
  'S_C_ID' => '1',
  'S_CANTIDAD_ENCUESTAS' => '10',
  'S_ACTIVO' => '1',
  'S_LOGO' => '7',
  'S_MUESTRA_VIDEO' => '0',
) 
2014-10-07 15:49:42 --> se va a extraer informacion del area  
2014-10-07 15:49:42 --> la informacion del area es array (
  'AR_ID' => '1',
  'AR_NOMBRE' => 'GERENCIA_DEL_SERVICIO',
  'AR_DESCRIPCION' => 'Cartas punto de venta Cartas de renuncia',
  'AR_C_ID' => '1',
  'AR_ACTIVO' => '1',
  'AR_ALIAS' => 'GS',
  'AR_MOSTRAR_NOMBRE_PANTALLA' => '0',
) 
2014-10-07 15:49:42 --> se va a crear el turno 
2014-10-07 15:49:42 --> se creo el turno 9 del area GS 

2014-10-07 15:57:09 --> get_areas 1 
2014-10-07 15:57:09 --> buscando areas del cliente 
2014-10-07 15:57:20 --> crear el consumidor 
2014-10-07 15:57:20 --> se creo el consumidor 20112 
2014-10-07 15:57:20 --> la informacion de la sede es array (
  'S_ID' => '5',
  'S_NOMBRE' => 'ORIENTE',
  'S_DESCRIPCION' => 'Sede para gestionar los casos de la regional Oriente',
  'S_C_ID' => '1',
  'S_CANTIDAD_ENCUESTAS' => '10',
  'S_ACTIVO' => '1',
  'S_LOGO' => '7',
  'S_MUESTRA_VIDEO' => '0',
) 
2014-10-07 15:57:20 --> se va a extraer informacion del area  
2014-10-07 15:57:20 --> la informacion del area es array (
  'AR_ID' => '1',
  'AR_NOMBRE' => 'GERENCIA_DEL_SERVICIO',
  'AR_DESCRIPCION' => 'Cartas punto de venta Cartas de renuncia',
  'AR_C_ID' => '1',
  'AR_ACTIVO' => '1',
  'AR_ALIAS' => 'GS',
  'AR_MOSTRAR_NOMBRE_PANTALLA' => '0',
) 
2014-10-07 15:57:20 --> se va a crear el turno 
2014-10-07 15:57:20 --> se creo el turno 4 del area GS 

2014-10-07 16:00:55 --> get_areas 1 
2014-10-07 16:00:55 --> buscando areas del cliente 
2014-10-07 16:01:03 --> crear el consumidor 
2014-10-07 16:01:03 --> se creo el consumidor 20115 
2014-10-07 16:01:03 --> la informacion de la sede es array (
  'S_ID' => '4',
  'S_NOMBRE' => 'OCCIDENTE',
  'S_DESCRIPCION' => 'Sedle para atender los casos de la regional occidente',
  'S_C_ID' => '1',
  'S_CANTIDAD_ENCUESTAS' => '10',
  'S_ACTIVO' => '1',
  'S_LOGO' => '7',
  'S_MUESTRA_VIDEO' => '0',
) 
2014-10-07 16:01:03 --> se va a extraer informacion del area  
2014-10-07 16:01:03 --> la informacion del area es array (
  'AR_ID' => '2',
  'AR_NOMBRE' => 'APORTES',
  'AR_DESCRIPCION' => 'Pensiones Incapacidades Cesantias Cartas FNA',
  'AR_C_ID' => '1',
  'AR_ACTIVO' => '1',
  'AR_ALIAS' => 'A',
  'AR_MOSTRAR_NOMBRE_PANTALLA' => '0',
) 
2014-10-07 16:01:03 --> se va a crear el turno 
2014-10-07 16:01:03 --> se creo el turno 11 del area A 

2014-10-07 16:12:52 --> get_areas 1 
2014-10-07 16:12:52 --> buscando areas del cliente 
2014-10-07 16:13:01 --> crear el consumidor 
2014-10-07 16:13:01 --> se creo el consumidor 20124 
2014-10-07 16:13:01 --> la informacion de la sede es array (
  'S_ID' => '4',
  'S_NOMBRE' => 'OCCIDENTE',
  'S_DESCRIPCION' => 'Sedle para atender los casos de la regional occidente',
  'S_C_ID' => '1',
  'S_CANTIDAD_ENCUESTAS' => '10',
  'S_ACTIVO' => '1',
  'S_LOGO' => '7',
  'S_MUESTRA_VIDEO' => '0',
) 
2014-10-07 16:13:01 --> se va a extraer informacion del area  
2014-10-07 16:13:01 --> la informacion del area es array (
  'AR_ID' => '5',
  'AR_NOMBRE' => 'OTROS',
  'AR_DESCRIPCION' => 'Otros',
  'AR_C_ID' => '1',
  'AR_ACTIVO' => '1',
  'AR_ALIAS' => 'O',
  'AR_MOSTRAR_NOMBRE_PANTALLA' => '0',
) 
2014-10-07 16:13:01 --> se va a crear el turno 
2014-10-07 16:13:01 --> se creo el turno 14 del area O 

2014-10-07 16:31:18 --> get_areas 1 
2014-10-07 16:31:18 --> buscando areas del cliente 
2014-10-07 16:31:51 --> crear el consumidor 
2014-10-07 16:31:51 --> se creo el consumidor 20129 
2014-10-07 16:31:51 --> la informacion de la sede es array (
  'S_ID' => '4',
  'S_NOMBRE' => 'OCCIDENTE',
  'S_DESCRIPCION' => 'Sedle para atender los casos de la regional occidente',
  'S_C_ID' => '1',
  'S_CANTIDAD_ENCUESTAS' => '10',
  'S_ACTIVO' => '1',
  'S_LOGO' => '7',
  'S_MUESTRA_VIDEO' => '0',
) 
2014-10-07 16:31:51 --> se va a extraer informacion del area  
2014-10-07 16:31:51 --> la informacion del area es array (
  'AR_ID' => '2',
  'AR_NOMBRE' => 'APORTES',
  'AR_DESCRIPCION' => 'Pensiones Incapacidades Cesantias Cartas FNA',
  'AR_C_ID' => '1',
  'AR_ACTIVO' => '1',
  'AR_ALIAS' => 'A',
  'AR_MOSTRAR_NOMBRE_PANTALLA' => '0',
) 
2014-10-07 16:31:51 --> se va a crear el turno 
2014-10-07 16:31:51 --> se creo el turno 12 del area A 

2014-10-07 16:36:50 --> get_areas 1 
2014-10-07 16:36:50 --> buscando areas del cliente 
2014-10-07 16:36:57 --> crear el consumidor 
2014-10-07 16:36:57 --> se creo el consumidor 20130 
2014-10-07 16:36:57 --> la informacion de la sede es array (
  'S_ID' => '4',
  'S_NOMBRE' => 'OCCIDENTE',
  'S_DESCRIPCION' => 'Sedle para atender los casos de la regional occidente',
  'S_C_ID' => '1',
  'S_CANTIDAD_ENCUESTAS' => '10',
  'S_ACTIVO' => '1',
  'S_LOGO' => '7',
  'S_MUESTRA_VIDEO' => '0',
) 
2014-10-07 16:36:57 --> se va a extraer informacion del area  
2014-10-07 16:36:57 --> la informacion del area es array (
  'AR_ID' => '5',
  'AR_NOMBRE' => 'OTROS',
  'AR_DESCRIPCION' => 'Otros',
  'AR_C_ID' => '1',
  'AR_ACTIVO' => '1',
  'AR_ALIAS' => 'O',
  'AR_MOSTRAR_NOMBRE_PANTALLA' => '0',
) 
2014-10-07 16:36:57 --> se va a crear el turno 
2014-10-07 16:36:57 --> se creo el turno 15 del area O 

2014-10-07 16:49:45 --> get_areas 1 
2014-10-07 16:49:45 --> buscando areas del cliente 
2014-10-07 16:49:53 --> crear el consumidor 
2014-10-07 16:49:53 --> se creo el consumidor 20133 
2014-10-07 16:49:53 --> la informacion de la sede es array (
  'S_ID' => '4',
  'S_NOMBRE' => 'OCCIDENTE',
  'S_DESCRIPCION' => 'Sedle para atender los casos de la regional occidente',
  'S_C_ID' => '1',
  'S_CANTIDAD_ENCUESTAS' => '10',
  'S_ACTIVO' => '1',
  'S_LOGO' => '7',
  'S_MUESTRA_VIDEO' => '0',
) 
2014-10-07 16:49:53 --> se va a extraer informacion del area  
2014-10-07 16:49:53 --> la informacion del area es array (
  'AR_ID' => '1',
  'AR_NOMBRE' => 'GERENCIA_DEL_SERVICIO',
  'AR_DESCRIPCION' => 'Cartas punto de venta Cartas de renuncia',
  'AR_C_ID' => '1',
  'AR_ACTIVO' => '1',
  'AR_ALIAS' => 'GS',
  'AR_MOSTRAR_NOMBRE_PANTALLA' => '0',
) 
2014-10-07 16:49:53 --> se va a crear el turno 
2014-10-07 16:49:53 --> se creo el turno 10 del area GS 

2014-10-07 16:51:25 --> get_areas 1 
2014-10-07 16:51:25 --> buscando areas del cliente 
2014-10-07 16:51:36 --> crear el consumidor 
2014-10-07 16:51:36 --> se creo el consumidor 20134 
2014-10-07 16:51:36 --> la informacion de la sede es array (
  'S_ID' => '4',
  'S_NOMBRE' => 'OCCIDENTE',
  'S_DESCRIPCION' => 'Sedle para atender los casos de la regional occidente',
  'S_C_ID' => '1',
  'S_CANTIDAD_ENCUESTAS' => '10',
  'S_ACTIVO' => '1',
  'S_LOGO' => '7',
  'S_MUESTRA_VIDEO' => '0',
) 
2014-10-07 16:51:36 --> se va a extraer informacion del area  
2014-10-07 16:51:36 --> la informacion del area es array (
  'AR_ID' => '2',
  'AR_NOMBRE' => 'APORTES',
  'AR_DESCRIPCION' => 'Pensiones Incapacidades Cesantias Cartas FNA',
  'AR_C_ID' => '1',
  'AR_ACTIVO' => '1',
  'AR_ALIAS' => 'A',
  'AR_MOSTRAR_NOMBRE_PANTALLA' => '0',
) 
2014-10-07 16:51:36 --> se va a crear el turno 
2014-10-07 16:51:36 --> se creo el turno 13 del area A 

2014-10-07 17:07:11 --> get_areas 1 
2014-10-07 17:07:11 --> buscando areas del cliente 
