
2014-12-26 08:07:20 --> get_areas 1 
2014-12-26 08:07:20 --> buscando areas del cliente 
2014-12-26 08:07:44 --> crear el consumidor 
2014-12-26 08:07:44 --> se creo el consumidor 28361 
2014-12-26 08:07:44 --> la informacion de la sede es array (
  'S_ID' => '4',
  'S_NOMBRE' => 'OCCIDENTE',
  'S_DESCRIPCION' => 'Sedle para atender los casos de la regional occidente',
  'S_C_ID' => '1',
  'S_CANTIDAD_ENCUESTAS' => '10',
  'S_ACTIVO' => '1',
  'S_LOGO' => '7',
  'S_MUESTRA_VIDEO' => '0',
) 
2014-12-26 08:07:44 --> se va a extraer informacion del area  
2014-12-26 08:07:44 --> la informacion del area es array (
  'AR_ID' => '5',
  'AR_NOMBRE' => 'OTROS',
  'AR_DESCRIPCION' => 'Otros',
  'AR_C_ID' => '1',
  'AR_ACTIVO' => '1',
  'AR_ALIAS' => 'O',
  'AR_MOSTRAR_NOMBRE_PANTALLA' => '0',
) 
2014-12-26 08:07:44 --> se va a crear el turno 
2014-12-26 08:07:44 --> se creo el turno 1 del area O 

2014-12-26 08:25:05 --> get_areas 1 
2014-12-26 08:25:05 --> buscando areas del cliente 
2014-12-26 08:25:15 --> crear el consumidor 
2014-12-26 08:25:15 --> se creo el consumidor 28362 
2014-12-26 08:25:15 --> la informacion de la sede es array (
  'S_ID' => '4',
  'S_NOMBRE' => 'OCCIDENTE',
  'S_DESCRIPCION' => 'Sedle para atender los casos de la regional occidente',
  'S_C_ID' => '1',
  'S_CANTIDAD_ENCUESTAS' => '10',
  'S_ACTIVO' => '1',
  'S_LOGO' => '7',
  'S_MUESTRA_VIDEO' => '0',
) 
2014-12-26 08:25:15 --> se va a extraer informacion del area  
2014-12-26 08:25:15 --> la informacion del area es array (
  'AR_ID' => '2',
  'AR_NOMBRE' => 'APORTES',
  'AR_DESCRIPCION' => 'Pensiones Incapacidades Cesantias Cartas FNA',
  'AR_C_ID' => '1',
  'AR_ACTIVO' => '1',
  'AR_ALIAS' => 'A',
  'AR_MOSTRAR_NOMBRE_PANTALLA' => '0',
) 
2014-12-26 08:25:15 --> se va a crear el turno 
2014-12-26 08:25:15 --> se creo el turno 1 del area A 

2014-12-26 08:30:04 --> get_areas 1 
2014-12-26 08:30:04 --> buscando areas del cliente 
2014-12-26 08:30:21 --> crear el consumidor 
2014-12-26 08:30:21 --> se creo el consumidor 28364 
2014-12-26 08:30:21 --> la informacion de la sede es array (
  'S_ID' => '2',
  'S_NOMBRE' => 'CENTRO',
  'S_DESCRIPCION' => 'Sede para atender los casos de la regional centro',
  'S_C_ID' => '1',
  'S_CANTIDAD_ENCUESTAS' => '10',
  'S_ACTIVO' => '1',
  'S_LOGO' => '7',
  'S_MUESTRA_VIDEO' => '0',
) 
2014-12-26 08:30:21 --> se va a extraer informacion del area  
2014-12-26 08:30:21 --> la informacion del area es array (
  'AR_ID' => '8',
  'AR_NOMBRE' => 'COMPENSACION_SALARIAL',
  'AR_DESCRIPCION' => 'Informacion pago nomina y liquidaciones',
  'AR_C_ID' => '1',
  'AR_ACTIVO' => '1',
  'AR_ALIAS' => 'CS',
  'AR_MOSTRAR_NOMBRE_PANTALLA' => '0',
) 
2014-12-26 08:30:21 --> se va a crear el turno 
2014-12-26 08:30:21 --> se creo el turno 1 del area CS 

2014-12-26 08:34:13 --> get_areas 1 
2014-12-26 08:34:13 --> buscando areas del cliente 

2014-12-26 08:39:17 --> get_areas 1 
2014-12-26 08:39:17 --> buscando areas del cliente 
2014-12-26 08:39:28 --> crear el consumidor 
2014-12-26 08:39:28 --> se creo el consumidor 28367 
2014-12-26 08:39:28 --> la informacion de la sede es array (
  'S_ID' => '4',
  'S_NOMBRE' => 'OCCIDENTE',
  'S_DESCRIPCION' => 'Sedle para atender los casos de la regional occidente',
  'S_C_ID' => '1',
  'S_CANTIDAD_ENCUESTAS' => '10',
  'S_ACTIVO' => '1',
  'S_LOGO' => '7',
  'S_MUESTRA_VIDEO' => '0',
) 
2014-12-26 08:39:28 --> se va a extraer informacion del area  
2014-12-26 08:39:28 --> la informacion del area es array (
  'AR_ID' => '2',
  'AR_NOMBRE' => 'APORTES',
  'AR_DESCRIPCION' => 'Pensiones Incapacidades Cesantias Cartas FNA',
  'AR_C_ID' => '1',
  'AR_ACTIVO' => '1',
  'AR_ALIAS' => 'A',
  'AR_MOSTRAR_NOMBRE_PANTALLA' => '0',
) 
2014-12-26 08:39:28 --> se va a crear el turno 
2014-12-26 08:39:28 --> se creo el turno 2 del area A 

2014-12-26 08:56:49 --> get_areas 1 
2014-12-26 08:56:49 --> buscando areas del cliente 
2014-12-26 08:57:05 --> crear el consumidor 
2014-12-26 08:57:05 --> se creo el consumidor 28369 
2014-12-26 08:57:05 --> la informacion de la sede es array (
  'S_ID' => '4',
  'S_NOMBRE' => 'OCCIDENTE',
  'S_DESCRIPCION' => 'Sedle para atender los casos de la regional occidente',
  'S_C_ID' => '1',
  'S_CANTIDAD_ENCUESTAS' => '10',
  'S_ACTIVO' => '1',
  'S_LOGO' => '7',
  'S_MUESTRA_VIDEO' => '0',
) 
2014-12-26 08:57:05 --> se va a extraer informacion del area  
2014-12-26 08:57:05 --> la informacion del area es array (
  'AR_ID' => '5',
  'AR_NOMBRE' => 'OTROS',
  'AR_DESCRIPCION' => 'Otros',
  'AR_C_ID' => '1',
  'AR_ACTIVO' => '1',
  'AR_ALIAS' => 'O',
  'AR_MOSTRAR_NOMBRE_PANTALLA' => '0',
) 
2014-12-26 08:57:05 --> se va a crear el turno 
2014-12-26 08:57:05 --> se creo el turno 2 del area O 

2014-12-26 09:01:56 --> get_areas 1 
2014-12-26 09:01:56 --> buscando areas del cliente 
2014-12-26 09:02:33 --> crear el consumidor 
2014-12-26 09:02:33 --> se creo el consumidor 28370 
2014-12-26 09:02:33 --> la informacion de la sede es array (
  'S_ID' => '4',
  'S_NOMBRE' => 'OCCIDENTE',
  'S_DESCRIPCION' => 'Sedle para atender los casos de la regional occidente',
  'S_C_ID' => '1',
  'S_CANTIDAD_ENCUESTAS' => '10',
  'S_ACTIVO' => '1',
  'S_LOGO' => '7',
  'S_MUESTRA_VIDEO' => '0',
) 
2014-12-26 09:02:33 --> se va a extraer informacion del area  
2014-12-26 09:02:33 --> la informacion del area es array (
  'AR_ID' => '2',
  'AR_NOMBRE' => 'APORTES',
  'AR_DESCRIPCION' => 'Pensiones Incapacidades Cesantias Cartas FNA',
  'AR_C_ID' => '1',
  'AR_ACTIVO' => '1',
  'AR_ALIAS' => 'A',
  'AR_MOSTRAR_NOMBRE_PANTALLA' => '0',
) 
2014-12-26 09:02:33 --> se va a crear el turno 
2014-12-26 09:02:33 --> se creo el turno 3 del area A 

2014-12-26 10:09:57 --> get_areas 1 
2014-12-26 10:09:57 --> buscando areas del cliente 

2014-12-26 10:25:16 --> get_areas 1 
2014-12-26 10:25:16 --> buscando areas del cliente 
2014-12-26 10:25:26 --> crear el consumidor 
2014-12-26 10:25:26 --> se creo el consumidor 28388 
2014-12-26 10:25:26 --> la informacion de la sede es array (
  'S_ID' => '4',
  'S_NOMBRE' => 'OCCIDENTE',
  'S_DESCRIPCION' => 'Sedle para atender los casos de la regional occidente',
  'S_C_ID' => '1',
  'S_CANTIDAD_ENCUESTAS' => '10',
  'S_ACTIVO' => '1',
  'S_LOGO' => '7',
  'S_MUESTRA_VIDEO' => '0',
) 
2014-12-26 10:25:26 --> se va a extraer informacion del area  
2014-12-26 10:25:26 --> la informacion del area es array (
  'AR_ID' => '2',
  'AR_NOMBRE' => 'APORTES',
  'AR_DESCRIPCION' => 'Pensiones Incapacidades Cesantias Cartas FNA',
  'AR_C_ID' => '1',
  'AR_ACTIVO' => '1',
  'AR_ALIAS' => 'A',
  'AR_MOSTRAR_NOMBRE_PANTALLA' => '0',
) 
2014-12-26 10:25:26 --> se va a crear el turno 
2014-12-26 10:25:26 --> se creo el turno 4 del area A 

2014-12-26 10:39:52 --> get_areas 1 
2014-12-26 10:39:52 --> buscando areas del cliente 
2014-12-26 10:40:06 --> crear el consumidor 
2014-12-26 10:40:06 --> se creo el consumidor 28389 
2014-12-26 10:40:06 --> la informacion de la sede es array (
  'S_ID' => '4',
  'S_NOMBRE' => 'OCCIDENTE',
  'S_DESCRIPCION' => 'Sedle para atender los casos de la regional occidente',
  'S_C_ID' => '1',
  'S_CANTIDAD_ENCUESTAS' => '10',
  'S_ACTIVO' => '1',
  'S_LOGO' => '7',
  'S_MUESTRA_VIDEO' => '0',
) 
2014-12-26 10:40:06 --> se va a extraer informacion del area  
2014-12-26 10:40:06 --> la informacion del area es array (
  'AR_ID' => '1',
  'AR_NOMBRE' => 'GERENCIA_DEL_SERVICIO',
  'AR_DESCRIPCION' => 'Cartas punto de venta Cartas de renuncia',
  'AR_C_ID' => '1',
  'AR_ACTIVO' => '1',
  'AR_ALIAS' => 'GS',
  'AR_MOSTRAR_NOMBRE_PANTALLA' => '0',
) 
2014-12-26 10:40:06 --> se va a crear el turno 
2014-12-26 10:40:06 --> se creo el turno 1 del area GS 

2014-12-26 10:40:49 --> get_areas 1 
2014-12-26 10:40:49 --> buscando areas del cliente 
2014-12-26 10:40:58 --> crear el consumidor 
2014-12-26 10:40:58 --> se creo el consumidor 28390 
2014-12-26 10:40:58 --> la informacion de la sede es array (
  'S_ID' => '4',
  'S_NOMBRE' => 'OCCIDENTE',
  'S_DESCRIPCION' => 'Sedle para atender los casos de la regional occidente',
  'S_C_ID' => '1',
  'S_CANTIDAD_ENCUESTAS' => '10',
  'S_ACTIVO' => '1',
  'S_LOGO' => '7',
  'S_MUESTRA_VIDEO' => '0',
) 
2014-12-26 10:40:58 --> se va a extraer informacion del area  
2014-12-26 10:40:58 --> la informacion del area es array (
  'AR_ID' => '2',
  'AR_NOMBRE' => 'APORTES',
  'AR_DESCRIPCION' => 'Pensiones Incapacidades Cesantias Cartas FNA',
  'AR_C_ID' => '1',
  'AR_ACTIVO' => '1',
  'AR_ALIAS' => 'A',
  'AR_MOSTRAR_NOMBRE_PANTALLA' => '0',
) 
2014-12-26 10:40:58 --> se va a crear el turno 
2014-12-26 10:40:58 --> se creo el turno 5 del area A 

2014-12-26 10:42:22 --> get_areas 1 
2014-12-26 10:42:22 --> buscando areas del cliente 
2014-12-26 10:42:32 --> crear el consumidor 
2014-12-26 10:42:32 --> se creo el consumidor 28391 
2014-12-26 10:42:32 --> la informacion de la sede es array (
  'S_ID' => '4',
  'S_NOMBRE' => 'OCCIDENTE',
  'S_DESCRIPCION' => 'Sedle para atender los casos de la regional occidente',
  'S_C_ID' => '1',
  'S_CANTIDAD_ENCUESTAS' => '10',
  'S_ACTIVO' => '1',
  'S_LOGO' => '7',
  'S_MUESTRA_VIDEO' => '0',
) 
2014-12-26 10:42:32 --> se va a extraer informacion del area  
2014-12-26 10:42:32 --> la informacion del area es array (
  'AR_ID' => '1',
  'AR_NOMBRE' => 'GERENCIA_DEL_SERVICIO',
  'AR_DESCRIPCION' => 'Cartas punto de venta Cartas de renuncia',
  'AR_C_ID' => '1',
  'AR_ACTIVO' => '1',
  'AR_ALIAS' => 'GS',
  'AR_MOSTRAR_NOMBRE_PANTALLA' => '0',
) 
2014-12-26 10:42:32 --> se va a crear el turno 
2014-12-26 10:42:32 --> se creo el turno 2 del area GS 

2014-12-26 10:48:01 --> get_areas 1 
2014-12-26 10:48:01 --> buscando areas del cliente 
2014-12-26 10:48:14 --> crear el consumidor 
2014-12-26 10:48:14 --> se creo el consumidor 28392 
2014-12-26 10:48:14 --> la informacion de la sede es array (
  'S_ID' => '4',
  'S_NOMBRE' => 'OCCIDENTE',
  'S_DESCRIPCION' => 'Sedle para atender los casos de la regional occidente',
  'S_C_ID' => '1',
  'S_CANTIDAD_ENCUESTAS' => '10',
  'S_ACTIVO' => '1',
  'S_LOGO' => '7',
  'S_MUESTRA_VIDEO' => '0',
) 
2014-12-26 10:48:14 --> se va a extraer informacion del area  
2014-12-26 10:48:14 --> la informacion del area es array (
  'AR_ID' => '2',
  'AR_NOMBRE' => 'APORTES',
  'AR_DESCRIPCION' => 'Pensiones Incapacidades Cesantias Cartas FNA',
  'AR_C_ID' => '1',
  'AR_ACTIVO' => '1',
  'AR_ALIAS' => 'A',
  'AR_MOSTRAR_NOMBRE_PANTALLA' => '0',
) 
2014-12-26 10:48:14 --> se va a crear el turno 
2014-12-26 10:48:14 --> se creo el turno 6 del area A 

2014-12-26 10:50:43 --> get_areas 1 
2014-12-26 10:50:43 --> buscando areas del cliente 
2014-12-26 10:51:03 --> crear el consumidor 
2014-12-26 10:51:03 --> se creo el consumidor 28393 
2014-12-26 10:51:03 --> la informacion de la sede es array (
  'S_ID' => '4',
  'S_NOMBRE' => 'OCCIDENTE',
  'S_DESCRIPCION' => 'Sedle para atender los casos de la regional occidente',
  'S_C_ID' => '1',
  'S_CANTIDAD_ENCUESTAS' => '10',
  'S_ACTIVO' => '1',
  'S_LOGO' => '7',
  'S_MUESTRA_VIDEO' => '0',
) 
2014-12-26 10:51:03 --> se va a extraer informacion del area  
2014-12-26 10:51:03 --> la informacion del area es array (
  'AR_ID' => '5',
  'AR_NOMBRE' => 'OTROS',
  'AR_DESCRIPCION' => 'Otros',
  'AR_C_ID' => '1',
  'AR_ACTIVO' => '1',
  'AR_ALIAS' => 'O',
  'AR_MOSTRAR_NOMBRE_PANTALLA' => '0',
) 
2014-12-26 10:51:03 --> se va a crear el turno 
2014-12-26 10:51:03 --> se creo el turno 3 del area O 

2014-12-26 10:53:06 --> get_areas 1 
2014-12-26 10:53:06 --> buscando areas del cliente 
2014-12-26 10:53:22 --> crear el consumidor 
2014-12-26 10:53:22 --> se creo el consumidor 28394 
2014-12-26 10:53:22 --> la informacion de la sede es array (
  'S_ID' => '4',
  'S_NOMBRE' => 'OCCIDENTE',
  'S_DESCRIPCION' => 'Sedle para atender los casos de la regional occidente',
  'S_C_ID' => '1',
  'S_CANTIDAD_ENCUESTAS' => '10',
  'S_ACTIVO' => '1',
  'S_LOGO' => '7',
  'S_MUESTRA_VIDEO' => '0',
) 
2014-12-26 10:53:22 --> se va a extraer informacion del area  
2014-12-26 10:53:22 --> la informacion del area es array (
  'AR_ID' => '2',
  'AR_NOMBRE' => 'APORTES',
  'AR_DESCRIPCION' => 'Pensiones Incapacidades Cesantias Cartas FNA',
  'AR_C_ID' => '1',
  'AR_ACTIVO' => '1',
  'AR_ALIAS' => 'A',
  'AR_MOSTRAR_NOMBRE_PANTALLA' => '0',
) 
2014-12-26 10:53:22 --> se va a crear el turno 
2014-12-26 10:53:22 --> se creo el turno 7 del area A 

2014-12-26 10:54:34 --> get_areas 1 
2014-12-26 10:54:34 --> buscando areas del cliente 
2014-12-26 10:54:46 --> crear el consumidor 
2014-12-26 10:54:46 --> se creo el consumidor 28395 
2014-12-26 10:54:46 --> la informacion de la sede es array (
  'S_ID' => '4',
  'S_NOMBRE' => 'OCCIDENTE',
  'S_DESCRIPCION' => 'Sedle para atender los casos de la regional occidente',
  'S_C_ID' => '1',
  'S_CANTIDAD_ENCUESTAS' => '10',
  'S_ACTIVO' => '1',
  'S_LOGO' => '7',
  'S_MUESTRA_VIDEO' => '0',
) 
2014-12-26 10:54:46 --> se va a extraer informacion del area  
2014-12-26 10:54:46 --> la informacion del area es array (
  'AR_ID' => '1',
  'AR_NOMBRE' => 'GERENCIA_DEL_SERVICIO',
  'AR_DESCRIPCION' => 'Cartas punto de venta Cartas de renuncia',
  'AR_C_ID' => '1',
  'AR_ACTIVO' => '1',
  'AR_ALIAS' => 'GS',
  'AR_MOSTRAR_NOMBRE_PANTALLA' => '0',
) 
2014-12-26 10:54:46 --> se va a crear el turno 
2014-12-26 10:54:46 --> se creo el turno 3 del area GS 

2014-12-26 10:54:49 --> get_areas 1 
2014-12-26 10:54:49 --> buscando areas del cliente 
2014-12-26 10:54:52 --> crear el consumidor 
2014-12-26 10:54:52 --> se creo el consumidor 28396 
2014-12-26 10:54:52 --> la informacion de la sede es array (
  'S_ID' => '4',
  'S_NOMBRE' => 'OCCIDENTE',
  'S_DESCRIPCION' => 'Sedle para atender los casos de la regional occidente',
  'S_C_ID' => '1',
  'S_CANTIDAD_ENCUESTAS' => '10',
  'S_ACTIVO' => '1',
  'S_LOGO' => '7',
  'S_MUESTRA_VIDEO' => '0',
) 
2014-12-26 10:54:52 --> se va a extraer informacion del area  
2014-12-26 10:54:52 --> la informacion del area es array (
  'AR_ID' => '2',
  'AR_NOMBRE' => 'APORTES',
  'AR_DESCRIPCION' => 'Pensiones Incapacidades Cesantias Cartas FNA',
  'AR_C_ID' => '1',
  'AR_ACTIVO' => '1',
  'AR_ALIAS' => 'A',
  'AR_MOSTRAR_NOMBRE_PANTALLA' => '0',
) 
2014-12-26 10:54:52 --> se va a crear el turno 
2014-12-26 10:54:52 --> se creo el turno 8 del area A 

2014-12-26 10:56:27 --> get_areas 1 
2014-12-26 10:56:27 --> buscando areas del cliente 
2014-12-26 10:56:32 --> crear el consumidor 
2014-12-26 10:56:32 --> se creo el consumidor 28397 
2014-12-26 10:56:32 --> la informacion de la sede es array (
  'S_ID' => '4',
  'S_NOMBRE' => 'OCCIDENTE',
  'S_DESCRIPCION' => 'Sedle para atender los casos de la regional occidente',
  'S_C_ID' => '1',
  'S_CANTIDAD_ENCUESTAS' => '10',
  'S_ACTIVO' => '1',
  'S_LOGO' => '7',
  'S_MUESTRA_VIDEO' => '0',
) 
2014-12-26 10:56:32 --> se va a extraer informacion del area  
2014-12-26 10:56:32 --> la informacion del area es array (
  'AR_ID' => '1',
  'AR_NOMBRE' => 'GERENCIA_DEL_SERVICIO',
  'AR_DESCRIPCION' => 'Cartas punto de venta Cartas de renuncia',
  'AR_C_ID' => '1',
  'AR_ACTIVO' => '1',
  'AR_ALIAS' => 'GS',
  'AR_MOSTRAR_NOMBRE_PANTALLA' => '0',
) 
2014-12-26 10:56:32 --> se va a crear el turno 
2014-12-26 10:56:32 --> se creo el turno 4 del area GS 

2014-12-26 10:57:11 --> get_areas 1 
2014-12-26 10:57:11 --> buscando areas del cliente 
2014-12-26 10:57:14 --> crear el consumidor 
2014-12-26 10:57:14 --> se creo el consumidor 28399 
2014-12-26 10:57:14 --> la informacion de la sede es array (
  'S_ID' => '4',
  'S_NOMBRE' => 'OCCIDENTE',
  'S_DESCRIPCION' => 'Sedle para atender los casos de la regional occidente',
  'S_C_ID' => '1',
  'S_CANTIDAD_ENCUESTAS' => '10',
  'S_ACTIVO' => '1',
  'S_LOGO' => '7',
  'S_MUESTRA_VIDEO' => '0',
) 
2014-12-26 10:57:14 --> se va a extraer informacion del area  
2014-12-26 10:57:14 --> la informacion del area es array (
  'AR_ID' => '1',
  'AR_NOMBRE' => 'GERENCIA_DEL_SERVICIO',
  'AR_DESCRIPCION' => 'Cartas punto de venta Cartas de renuncia',
  'AR_C_ID' => '1',
  'AR_ACTIVO' => '1',
  'AR_ALIAS' => 'GS',
  'AR_MOSTRAR_NOMBRE_PANTALLA' => '0',
) 
2014-12-26 10:57:14 --> se va a crear el turno 
2014-12-26 10:57:14 --> se creo el turno 5 del area GS 

2014-12-26 11:01:13 --> get_areas 1 
2014-12-26 11:01:13 --> buscando areas del cliente 

2014-12-26 11:01:27 --> get_areas 1 
2014-12-26 11:01:27 --> buscando areas del cliente 
2014-12-26 11:01:29 --> crear el consumidor 
2014-12-26 11:01:29 --> crear el consumidor 
2014-12-26 11:01:29 --> se creo el consumidor 28403 
2014-12-26 11:01:29 --> se creo el consumidor 28404 
2014-12-26 11:01:29 --> la informacion de la sede es array (
  'S_ID' => '4',
  'S_NOMBRE' => 'OCCIDENTE',
  'S_DESCRIPCION' => 'Sedle para atender los casos de la regional occidente',
  'S_C_ID' => '1',
  'S_CANTIDAD_ENCUESTAS' => '10',
  'S_ACTIVO' => '1',
  'S_LOGO' => '7',
  'S_MUESTRA_VIDEO' => '0',
) 
2014-12-26 11:01:29 --> se va a extraer informacion del area  
2014-12-26 11:01:29 --> la informacion de la sede es array (
  'S_ID' => '4',
  'S_NOMBRE' => 'OCCIDENTE',
  'S_DESCRIPCION' => 'Sedle para atender los casos de la regional occidente',
  'S_C_ID' => '1',
  'S_CANTIDAD_ENCUESTAS' => '10',
  'S_ACTIVO' => '1',
  'S_LOGO' => '7',
  'S_MUESTRA_VIDEO' => '0',
) 
2014-12-26 11:01:29 --> se va a extraer informacion del area  
2014-12-26 11:01:29 --> la informacion del area es array (
  'AR_ID' => '1',
  'AR_NOMBRE' => 'GERENCIA_DEL_SERVICIO',
  'AR_DESCRIPCION' => 'Cartas punto de venta Cartas de renuncia',
  'AR_C_ID' => '1',
  'AR_ACTIVO' => '1',
  'AR_ALIAS' => 'GS',
  'AR_MOSTRAR_NOMBRE_PANTALLA' => '0',
) 
2014-12-26 11:01:29 --> se va a crear el turno 
2014-12-26 11:01:29 --> la informacion del area es array (
  'AR_ID' => '1',
  'AR_NOMBRE' => 'GERENCIA_DEL_SERVICIO',
  'AR_DESCRIPCION' => 'Cartas punto de venta Cartas de renuncia',
  'AR_C_ID' => '1',
  'AR_ACTIVO' => '1',
  'AR_ALIAS' => 'GS',
  'AR_MOSTRAR_NOMBRE_PANTALLA' => '0',
) 
2014-12-26 11:01:29 --> se va a crear el turno 
2014-12-26 11:01:29 --> se creo el turno 6 del area GS 
2014-12-26 11:01:29 --> se creo el turno 7 del area GS 

2014-12-26 11:02:30 --> get_areas 1 
2014-12-26 11:02:30 --> buscando areas del cliente 
2014-12-26 11:02:33 --> crear el consumidor 
2014-12-26 11:02:33 --> se creo el consumidor 28405 
2014-12-26 11:02:33 --> la informacion de la sede es array (
  'S_ID' => '4',
  'S_NOMBRE' => 'OCCIDENTE',
  'S_DESCRIPCION' => 'Sedle para atender los casos de la regional occidente',
  'S_C_ID' => '1',
  'S_CANTIDAD_ENCUESTAS' => '10',
  'S_ACTIVO' => '1',
  'S_LOGO' => '7',
  'S_MUESTRA_VIDEO' => '0',
) 
2014-12-26 11:02:33 --> se va a extraer informacion del area  
2014-12-26 11:02:33 --> la informacion del area es array (
  'AR_ID' => '1',
  'AR_NOMBRE' => 'GERENCIA_DEL_SERVICIO',
  'AR_DESCRIPCION' => 'Cartas punto de venta Cartas de renuncia',
  'AR_C_ID' => '1',
  'AR_ACTIVO' => '1',
  'AR_ALIAS' => 'GS',
  'AR_MOSTRAR_NOMBRE_PANTALLA' => '0',
) 
2014-12-26 11:02:33 --> se va a crear el turno 
2014-12-26 11:02:33 --> se creo el turno 8 del area GS 

2014-12-26 11:13:21 --> get_areas 1 
2014-12-26 11:13:21 --> buscando areas del cliente 
2014-12-26 11:13:41 --> crear el consumidor 
2014-12-26 11:13:41 --> se creo el consumidor 28406 
2014-12-26 11:13:41 --> la informacion de la sede es array (
  'S_ID' => '4',
  'S_NOMBRE' => 'OCCIDENTE',
  'S_DESCRIPCION' => 'Sedle para atender los casos de la regional occidente',
  'S_C_ID' => '1',
  'S_CANTIDAD_ENCUESTAS' => '10',
  'S_ACTIVO' => '1',
  'S_LOGO' => '7',
  'S_MUESTRA_VIDEO' => '0',
) 
2014-12-26 11:13:41 --> se va a extraer informacion del area  
2014-12-26 11:13:41 --> la informacion del area es array (
  'AR_ID' => '2',
  'AR_NOMBRE' => 'APORTES',
  'AR_DESCRIPCION' => 'Pensiones Incapacidades Cesantias Cartas FNA',
  'AR_C_ID' => '1',
  'AR_ACTIVO' => '1',
  'AR_ALIAS' => 'A',
  'AR_MOSTRAR_NOMBRE_PANTALLA' => '0',
) 
2014-12-26 11:13:41 --> se va a crear el turno 
2014-12-26 11:13:41 --> se creo el turno 9 del area A 

2014-12-26 11:20:01 --> get_areas 1 
2014-12-26 11:20:01 --> buscando areas del cliente 
2014-12-26 11:20:30 --> crear el consumidor 
2014-12-26 11:20:30 --> se creo el consumidor 28410 
2014-12-26 11:20:30 --> la informacion de la sede es array (
  'S_ID' => '4',
  'S_NOMBRE' => 'OCCIDENTE',
  'S_DESCRIPCION' => 'Sedle para atender los casos de la regional occidente',
  'S_C_ID' => '1',
  'S_CANTIDAD_ENCUESTAS' => '10',
  'S_ACTIVO' => '1',
  'S_LOGO' => '7',
  'S_MUESTRA_VIDEO' => '0',
) 
2014-12-26 11:20:30 --> se va a extraer informacion del area  
2014-12-26 11:20:30 --> la informacion del area es array (
  'AR_ID' => '3',
  'AR_NOMBRE' => 'SEGUIMIENTO_AL_SERVICIO',
  'AR_DESCRIPCION' => 'SQR certificados especiales claves portal web',
  'AR_C_ID' => '1',
  'AR_ACTIVO' => '1',
  'AR_ALIAS' => 'SAS',
  'AR_MOSTRAR_NOMBRE_PANTALLA' => '0',
) 
2014-12-26 11:20:30 --> se va a crear el turno 
2014-12-26 11:20:30 --> se creo el turno 1 del area SAS 

2014-12-26 11:37:47 --> get_areas 1 
2014-12-26 11:37:47 --> buscando areas del cliente 
2014-12-26 11:37:49 --> crear el consumidor 
2014-12-26 11:37:49 --> se creo el consumidor 28415 
2014-12-26 11:37:49 --> la informacion de la sede es array (
  'S_ID' => '4',
  'S_NOMBRE' => 'OCCIDENTE',
  'S_DESCRIPCION' => 'Sedle para atender los casos de la regional occidente',
  'S_C_ID' => '1',
  'S_CANTIDAD_ENCUESTAS' => '10',
  'S_ACTIVO' => '1',
  'S_LOGO' => '7',
  'S_MUESTRA_VIDEO' => '0',
) 
2014-12-26 11:37:49 --> se va a extraer informacion del area  
2014-12-26 11:37:49 --> la informacion del area es array (
  'AR_ID' => '1',
  'AR_NOMBRE' => 'GERENCIA_DEL_SERVICIO',
  'AR_DESCRIPCION' => 'Cartas punto de venta Cartas de renuncia',
  'AR_C_ID' => '1',
  'AR_ACTIVO' => '1',
  'AR_ALIAS' => 'GS',
  'AR_MOSTRAR_NOMBRE_PANTALLA' => '0',
) 
2014-12-26 11:37:49 --> se va a crear el turno 
2014-12-26 11:37:49 --> se creo el turno 9 del area GS 

2014-12-26 11:39:07 --> get_areas 1 
2014-12-26 11:39:07 --> buscando areas del cliente 
2014-12-26 11:39:08 --> crear el consumidor 
2014-12-26 11:39:08 --> se creo el consumidor 28416 
2014-12-26 11:39:08 --> la informacion de la sede es array (
  'S_ID' => '4',
  'S_NOMBRE' => 'OCCIDENTE',
  'S_DESCRIPCION' => 'Sedle para atender los casos de la regional occidente',
  'S_C_ID' => '1',
  'S_CANTIDAD_ENCUESTAS' => '10',
  'S_ACTIVO' => '1',
  'S_LOGO' => '7',
  'S_MUESTRA_VIDEO' => '0',
) 
2014-12-26 11:39:08 --> se va a extraer informacion del area  
2014-12-26 11:39:08 --> la informacion del area es array (
  'AR_ID' => '1',
  'AR_NOMBRE' => 'GERENCIA_DEL_SERVICIO',
  'AR_DESCRIPCION' => 'Cartas punto de venta Cartas de renuncia',
  'AR_C_ID' => '1',
  'AR_ACTIVO' => '1',
  'AR_ALIAS' => 'GS',
  'AR_MOSTRAR_NOMBRE_PANTALLA' => '0',
) 
2014-12-26 11:39:08 --> se va a crear el turno 
2014-12-26 11:39:08 --> se creo el turno 10 del area GS 

2014-12-26 11:41:50 --> get_areas 1 
2014-12-26 11:41:50 --> buscando areas del cliente 
2014-12-26 11:42:02 --> crear el consumidor 
2014-12-26 11:42:02 --> se creo el consumidor 28420 
2014-12-26 11:42:02 --> la informacion de la sede es array (
  'S_ID' => '4',
  'S_NOMBRE' => 'OCCIDENTE',
  'S_DESCRIPCION' => 'Sedle para atender los casos de la regional occidente',
  'S_C_ID' => '1',
  'S_CANTIDAD_ENCUESTAS' => '10',
  'S_ACTIVO' => '1',
  'S_LOGO' => '7',
  'S_MUESTRA_VIDEO' => '0',
) 
2014-12-26 11:42:02 --> se va a extraer informacion del area  
2014-12-26 11:42:02 --> la informacion del area es array (
  'AR_ID' => '2',
  'AR_NOMBRE' => 'APORTES',
  'AR_DESCRIPCION' => 'Pensiones Incapacidades Cesantias Cartas FNA',
  'AR_C_ID' => '1',
  'AR_ACTIVO' => '1',
  'AR_ALIAS' => 'A',
  'AR_MOSTRAR_NOMBRE_PANTALLA' => '0',
) 
2014-12-26 11:42:02 --> se va a crear el turno 
2014-12-26 11:42:02 --> se creo el turno 10 del area A 

2014-12-26 11:47:13 --> get_areas 1 
2014-12-26 11:47:13 --> buscando areas del cliente 
2014-12-26 11:47:24 --> crear el consumidor 
2014-12-26 11:47:24 --> se creo el consumidor 28423 
2014-12-26 11:47:24 --> la informacion de la sede es array (
  'S_ID' => '4',
  'S_NOMBRE' => 'OCCIDENTE',
  'S_DESCRIPCION' => 'Sedle para atender los casos de la regional occidente',
  'S_C_ID' => '1',
  'S_CANTIDAD_ENCUESTAS' => '10',
  'S_ACTIVO' => '1',
  'S_LOGO' => '7',
  'S_MUESTRA_VIDEO' => '0',
) 
2014-12-26 11:47:24 --> se va a extraer informacion del area  
2014-12-26 11:47:24 --> la informacion del area es array (
  'AR_ID' => '5',
  'AR_NOMBRE' => 'OTROS',
  'AR_DESCRIPCION' => 'Otros',
  'AR_C_ID' => '1',
  'AR_ACTIVO' => '1',
  'AR_ALIAS' => 'O',
  'AR_MOSTRAR_NOMBRE_PANTALLA' => '0',
) 
2014-12-26 11:47:24 --> se va a crear el turno 
2014-12-26 11:47:24 --> se creo el turno 4 del area O 

2014-12-26 11:52:31 --> get_areas 1 
2014-12-26 11:52:31 --> buscando areas del cliente 
2014-12-26 11:52:45 --> crear el consumidor 
2014-12-26 11:52:45 --> se creo el consumidor 28428 
2014-12-26 11:52:45 --> la informacion de la sede es array (
  'S_ID' => '4',
  'S_NOMBRE' => 'OCCIDENTE',
  'S_DESCRIPCION' => 'Sedle para atender los casos de la regional occidente',
  'S_C_ID' => '1',
  'S_CANTIDAD_ENCUESTAS' => '10',
  'S_ACTIVO' => '1',
  'S_LOGO' => '7',
  'S_MUESTRA_VIDEO' => '0',
) 
2014-12-26 11:52:45 --> se va a extraer informacion del area  
2014-12-26 11:52:45 --> la informacion del area es array (
  'AR_ID' => '1',
  'AR_NOMBRE' => 'GERENCIA_DEL_SERVICIO',
  'AR_DESCRIPCION' => 'Cartas punto de venta Cartas de renuncia',
  'AR_C_ID' => '1',
  'AR_ACTIVO' => '1',
  'AR_ALIAS' => 'GS',
  'AR_MOSTRAR_NOMBRE_PANTALLA' => '0',
) 
2014-12-26 11:52:45 --> se va a crear el turno 
2014-12-26 11:52:45 --> se creo el turno 11 del area GS 

2014-12-26 12:06:50 --> get_areas 1 
2014-12-26 12:06:50 --> buscando areas del cliente 
2014-12-26 12:07:07 --> crear el consumidor 
2014-12-26 12:07:07 --> se creo el consumidor 28437 
2014-12-26 12:07:07 --> la informacion de la sede es array (
  'S_ID' => '4',
  'S_NOMBRE' => 'OCCIDENTE',
  'S_DESCRIPCION' => 'Sedle para atender los casos de la regional occidente',
  'S_C_ID' => '1',
  'S_CANTIDAD_ENCUESTAS' => '10',
  'S_ACTIVO' => '1',
  'S_LOGO' => '7',
  'S_MUESTRA_VIDEO' => '0',
) 
2014-12-26 12:07:07 --> se va a extraer informacion del area  
2014-12-26 12:07:07 --> la informacion del area es array (
  'AR_ID' => '8',
  'AR_NOMBRE' => 'COMPENSACION_SALARIAL',
  'AR_DESCRIPCION' => 'Informacion pago nomina y liquidaciones',
  'AR_C_ID' => '1',
  'AR_ACTIVO' => '1',
  'AR_ALIAS' => 'CS',
  'AR_MOSTRAR_NOMBRE_PANTALLA' => '0',
) 
2014-12-26 12:07:07 --> se va a crear el turno 
2014-12-26 12:07:07 --> se creo el turno 1 del area CS 

2014-12-26 12:08:55 --> get_areas 1 
2014-12-26 12:08:55 --> buscando areas del cliente 
2014-12-26 12:09:07 --> crear el consumidor 
2014-12-26 12:09:07 --> se creo el consumidor 28439 
2014-12-26 12:09:07 --> la informacion de la sede es array (
  'S_ID' => '4',
  'S_NOMBRE' => 'OCCIDENTE',
  'S_DESCRIPCION' => 'Sedle para atender los casos de la regional occidente',
  'S_C_ID' => '1',
  'S_CANTIDAD_ENCUESTAS' => '10',
  'S_ACTIVO' => '1',
  'S_LOGO' => '7',
  'S_MUESTRA_VIDEO' => '0',
) 
2014-12-26 12:09:07 --> se va a extraer informacion del area  
2014-12-26 12:09:07 --> la informacion del area es array (
  'AR_ID' => '2',
  'AR_NOMBRE' => 'APORTES',
  'AR_DESCRIPCION' => 'Pensiones Incapacidades Cesantias Cartas FNA',
  'AR_C_ID' => '1',
  'AR_ACTIVO' => '1',
  'AR_ALIAS' => 'A',
  'AR_MOSTRAR_NOMBRE_PANTALLA' => '0',
) 
2014-12-26 12:09:07 --> se va a crear el turno 
2014-12-26 12:09:07 --> se creo el turno 11 del area A 

2014-12-26 12:13:51 --> get_areas 1 
2014-12-26 12:13:51 --> buscando areas del cliente 
2014-12-26 12:14:16 --> crear el consumidor 
2014-12-26 12:14:16 --> se creo el consumidor 28441 
2014-12-26 12:14:16 --> la informacion de la sede es array (
  'S_ID' => '4',
  'S_NOMBRE' => 'OCCIDENTE',
  'S_DESCRIPCION' => 'Sedle para atender los casos de la regional occidente',
  'S_C_ID' => '1',
  'S_CANTIDAD_ENCUESTAS' => '10',
  'S_ACTIVO' => '1',
  'S_LOGO' => '7',
  'S_MUESTRA_VIDEO' => '0',
) 
2014-12-26 12:14:16 --> se va a extraer informacion del area  
2014-12-26 12:14:16 --> la informacion del area es array (
  'AR_ID' => '1',
  'AR_NOMBRE' => 'GERENCIA_DEL_SERVICIO',
  'AR_DESCRIPCION' => 'Cartas punto de venta Cartas de renuncia',
  'AR_C_ID' => '1',
  'AR_ACTIVO' => '1',
  'AR_ALIAS' => 'GS',
  'AR_MOSTRAR_NOMBRE_PANTALLA' => '0',
) 
2014-12-26 12:14:16 --> se va a crear el turno 
2014-12-26 12:14:16 --> se creo el turno 12 del area GS 

2014-12-26 12:21:58 --> get_areas 1 
2014-12-26 12:21:58 --> buscando areas del cliente 
2014-12-26 12:22:19 --> crear el consumidor 
2014-12-26 12:22:19 --> se creo el consumidor 28443 
2014-12-26 12:22:19 --> la informacion de la sede es array (
  'S_ID' => '4',
  'S_NOMBRE' => 'OCCIDENTE',
  'S_DESCRIPCION' => 'Sedle para atender los casos de la regional occidente',
  'S_C_ID' => '1',
  'S_CANTIDAD_ENCUESTAS' => '10',
  'S_ACTIVO' => '1',
  'S_LOGO' => '7',
  'S_MUESTRA_VIDEO' => '0',
) 
2014-12-26 12:22:19 --> se va a extraer informacion del area  
2014-12-26 12:22:19 --> la informacion del area es array (
  'AR_ID' => '5',
  'AR_NOMBRE' => 'OTROS',
  'AR_DESCRIPCION' => 'Otros',
  'AR_C_ID' => '1',
  'AR_ACTIVO' => '1',
  'AR_ALIAS' => 'O',
  'AR_MOSTRAR_NOMBRE_PANTALLA' => '0',
) 
2014-12-26 12:22:19 --> se va a crear el turno 
2014-12-26 12:22:19 --> se creo el turno 5 del area O 

2014-12-26 12:28:24 --> get_areas 1 
2014-12-26 12:28:24 --> buscando areas del cliente 
2014-12-26 12:28:32 --> crear el consumidor 
2014-12-26 12:28:32 --> se creo el consumidor 28447 
2014-12-26 12:28:32 --> la informacion de la sede es array (
  'S_ID' => '4',
  'S_NOMBRE' => 'OCCIDENTE',
  'S_DESCRIPCION' => 'Sedle para atender los casos de la regional occidente',
  'S_C_ID' => '1',
  'S_CANTIDAD_ENCUESTAS' => '10',
  'S_ACTIVO' => '1',
  'S_LOGO' => '7',
  'S_MUESTRA_VIDEO' => '0',
) 
2014-12-26 12:28:32 --> se va a extraer informacion del area  
2014-12-26 12:28:32 --> la informacion del area es array (
  'AR_ID' => '5',
  'AR_NOMBRE' => 'OTROS',
  'AR_DESCRIPCION' => 'Otros',
  'AR_C_ID' => '1',
  'AR_ACTIVO' => '1',
  'AR_ALIAS' => 'O',
  'AR_MOSTRAR_NOMBRE_PANTALLA' => '0',
) 
2014-12-26 12:28:32 --> se va a crear el turno 
2014-12-26 12:28:32 --> se creo el turno 6 del area O 

2014-12-26 12:36:34 --> get_areas 1 
2014-12-26 12:36:34 --> buscando areas del cliente 
2014-12-26 12:36:52 --> crear el consumidor 
2014-12-26 12:36:52 --> se creo el consumidor 28450 
2014-12-26 12:36:52 --> la informacion de la sede es array (
  'S_ID' => '4',
  'S_NOMBRE' => 'OCCIDENTE',
  'S_DESCRIPCION' => 'Sedle para atender los casos de la regional occidente',
  'S_C_ID' => '1',
  'S_CANTIDAD_ENCUESTAS' => '10',
  'S_ACTIVO' => '1',
  'S_LOGO' => '7',
  'S_MUESTRA_VIDEO' => '0',
) 
2014-12-26 12:36:52 --> se va a extraer informacion del area  
2014-12-26 12:36:52 --> la informacion del area es array (
  'AR_ID' => '5',
  'AR_NOMBRE' => 'OTROS',
  'AR_DESCRIPCION' => 'Otros',
  'AR_C_ID' => '1',
  'AR_ACTIVO' => '1',
  'AR_ALIAS' => 'O',
  'AR_MOSTRAR_NOMBRE_PANTALLA' => '0',
) 
2014-12-26 12:36:52 --> se va a crear el turno 
2014-12-26 12:36:52 --> se creo el turno 7 del area O 

2014-12-26 12:37:52 --> get_areas 1 
2014-12-26 12:37:52 --> buscando areas del cliente 
2014-12-26 12:38:04 --> crear el consumidor 
2014-12-26 12:38:04 --> se creo el consumidor 28452 
2014-12-26 12:38:04 --> la informacion de la sede es array (
  'S_ID' => '4',
  'S_NOMBRE' => 'OCCIDENTE',
  'S_DESCRIPCION' => 'Sedle para atender los casos de la regional occidente',
  'S_C_ID' => '1',
  'S_CANTIDAD_ENCUESTAS' => '10',
  'S_ACTIVO' => '1',
  'S_LOGO' => '7',
  'S_MUESTRA_VIDEO' => '0',
) 
2014-12-26 12:38:04 --> se va a extraer informacion del area  
2014-12-26 12:38:04 --> la informacion del area es array (
  'AR_ID' => '5',
  'AR_NOMBRE' => 'OTROS',
  'AR_DESCRIPCION' => 'Otros',
  'AR_C_ID' => '1',
  'AR_ACTIVO' => '1',
  'AR_ALIAS' => 'O',
  'AR_MOSTRAR_NOMBRE_PANTALLA' => '0',
) 
2014-12-26 12:38:04 --> se va a crear el turno 
2014-12-26 12:38:04 --> se creo el turno 8 del area O 

2014-12-26 12:38:56 --> get_areas 1 
2014-12-26 12:38:56 --> buscando areas del cliente 

2014-12-26 12:55:02 --> get_areas 1 
2014-12-26 12:55:02 --> buscando areas del cliente 

2014-12-26 13:58:00 --> get_areas 1 
2014-12-26 13:58:00 --> buscando areas del cliente 
2014-12-26 13:58:04 --> crear el consumidor 
2014-12-26 13:58:04 --> se creo el consumidor 28473 
2014-12-26 13:58:04 --> la informacion de la sede es array (
  'S_ID' => '4',
  'S_NOMBRE' => 'OCCIDENTE',
  'S_DESCRIPCION' => 'Sedle para atender los casos de la regional occidente',
  'S_C_ID' => '1',
  'S_CANTIDAD_ENCUESTAS' => '10',
  'S_ACTIVO' => '1',
  'S_LOGO' => '7',
  'S_MUESTRA_VIDEO' => '0',
) 
2014-12-26 13:58:04 --> se va a extraer informacion del area  
2014-12-26 13:58:04 --> la informacion del area es array (
  'AR_ID' => '8',
  'AR_NOMBRE' => 'COMPENSACION_SALARIAL',
  'AR_DESCRIPCION' => 'Informacion pago nomina y liquidaciones',
  'AR_C_ID' => '1',
  'AR_ACTIVO' => '1',
  'AR_ALIAS' => 'CS',
  'AR_MOSTRAR_NOMBRE_PANTALLA' => '0',
) 
2014-12-26 13:58:04 --> se va a crear el turno 
2014-12-26 13:58:04 --> se creo el turno 2 del area CS 

2014-12-26 14:01:54 --> get_areas 1 
2014-12-26 14:01:54 --> buscando areas del cliente 
2014-12-26 14:02:07 --> crear el consumidor 
2014-12-26 14:02:07 --> se creo el consumidor 28476 
2014-12-26 14:02:07 --> la informacion de la sede es array (
  'S_ID' => '4',
  'S_NOMBRE' => 'OCCIDENTE',
  'S_DESCRIPCION' => 'Sedle para atender los casos de la regional occidente',
  'S_C_ID' => '1',
  'S_CANTIDAD_ENCUESTAS' => '10',
  'S_ACTIVO' => '1',
  'S_LOGO' => '7',
  'S_MUESTRA_VIDEO' => '0',
) 
2014-12-26 14:02:07 --> se va a extraer informacion del area  
2014-12-26 14:02:07 --> la informacion del area es array (
  'AR_ID' => '5',
  'AR_NOMBRE' => 'OTROS',
  'AR_DESCRIPCION' => 'Otros',
  'AR_C_ID' => '1',
  'AR_ACTIVO' => '1',
  'AR_ALIAS' => 'O',
  'AR_MOSTRAR_NOMBRE_PANTALLA' => '0',
) 
2014-12-26 14:02:07 --> se va a crear el turno 
2014-12-26 14:02:07 --> se creo el turno 9 del area O 

2014-12-26 14:04:13 --> get_areas 1 
2014-12-26 14:04:13 --> buscando areas del cliente 
2014-12-26 14:04:19 --> crear el consumidor 
2014-12-26 14:04:19 --> se creo el consumidor 28478 
2014-12-26 14:04:19 --> la informacion de la sede es array (
  'S_ID' => '4',
  'S_NOMBRE' => 'OCCIDENTE',
  'S_DESCRIPCION' => 'Sedle para atender los casos de la regional occidente',
  'S_C_ID' => '1',
  'S_CANTIDAD_ENCUESTAS' => '10',
  'S_ACTIVO' => '1',
  'S_LOGO' => '7',
  'S_MUESTRA_VIDEO' => '0',
) 
2014-12-26 14:04:19 --> se va a extraer informacion del area  
2014-12-26 14:04:19 --> la informacion del area es array (
  'AR_ID' => '8',
  'AR_NOMBRE' => 'COMPENSACION_SALARIAL',
  'AR_DESCRIPCION' => 'Informacion pago nomina y liquidaciones',
  'AR_C_ID' => '1',
  'AR_ACTIVO' => '1',
  'AR_ALIAS' => 'CS',
  'AR_MOSTRAR_NOMBRE_PANTALLA' => '0',
) 
2014-12-26 14:04:19 --> se va a crear el turno 
2014-12-26 14:04:19 --> se creo el turno 3 del area CS 

2014-12-26 15:15:23 --> get_areas 1 
2014-12-26 15:15:23 --> buscando areas del cliente 
2014-12-26 15:15:34 --> crear el consumidor 
2014-12-26 15:15:34 --> se creo el consumidor 28503 
2014-12-26 15:15:34 --> la informacion de la sede es array (
  'S_ID' => '4',
  'S_NOMBRE' => 'OCCIDENTE',
  'S_DESCRIPCION' => 'Sedle para atender los casos de la regional occidente',
  'S_C_ID' => '1',
  'S_CANTIDAD_ENCUESTAS' => '10',
  'S_ACTIVO' => '1',
  'S_LOGO' => '7',
  'S_MUESTRA_VIDEO' => '0',
) 
2014-12-26 15:15:34 --> se va a extraer informacion del area  
2014-12-26 15:15:34 --> la informacion del area es array (
  'AR_ID' => '2',
  'AR_NOMBRE' => 'APORTES',
  'AR_DESCRIPCION' => 'Pensiones Incapacidades Cesantias Cartas FNA',
  'AR_C_ID' => '1',
  'AR_ACTIVO' => '1',
  'AR_ALIAS' => 'A',
  'AR_MOSTRAR_NOMBRE_PANTALLA' => '0',
) 
2014-12-26 15:15:34 --> se va a crear el turno 
2014-12-26 15:15:34 --> se creo el turno 12 del area A 

2014-12-26 15:16:27 --> get_areas 1 
2014-12-26 15:16:27 --> buscando areas del cliente 

2014-12-26 15:17:16 --> get_areas 1 
2014-12-26 15:17:16 --> buscando areas del cliente 
2014-12-26 15:17:21 --> crear el consumidor 
2014-12-26 15:17:21 --> se creo el consumidor 28504 
2014-12-26 15:17:21 --> la informacion de la sede es array (
  'S_ID' => '4',
  'S_NOMBRE' => 'OCCIDENTE',
  'S_DESCRIPCION' => 'Sedle para atender los casos de la regional occidente',
  'S_C_ID' => '1',
  'S_CANTIDAD_ENCUESTAS' => '10',
  'S_ACTIVO' => '1',
  'S_LOGO' => '7',
  'S_MUESTRA_VIDEO' => '0',
) 
2014-12-26 15:17:21 --> se va a extraer informacion del area  
2014-12-26 15:17:21 --> la informacion del area es array (
  'AR_ID' => '1',
  'AR_NOMBRE' => 'GERENCIA_DEL_SERVICIO',
  'AR_DESCRIPCION' => 'Cartas punto de venta Cartas de renuncia',
  'AR_C_ID' => '1',
  'AR_ACTIVO' => '1',
  'AR_ALIAS' => 'GS',
  'AR_MOSTRAR_NOMBRE_PANTALLA' => '0',
) 
2014-12-26 15:17:21 --> se va a crear el turno 
2014-12-26 15:17:21 --> se creo el turno 13 del area GS 

2014-12-26 16:30:09 --> get_areas 1 
2014-12-26 16:30:09 --> buscando areas del cliente 
