
 datos de entrada get_movil son user: marian_gonzalez y pass: e10adc3949ba59abbe56e057f20f883e 

 dato de salida get_movil es 21,Mariangelica Gonzalez Castellar,11,1,2 

 datos de entrada get_areas2 son perfil:  

 dato de salida get_areas2 es array (
  0 => 
  array (
    'AR_ID' => '1',
    'AR_NOMBRE' => 'GERENCIAMIENTO_DEL_SERVICIO',
    'AR_DESCRIPCION' => 'Cartas de ingreso al punto de venta',
    'AR_C_ID' => '1',
    'AR_ACTIVO' => '1',
    'AR_ALIAS' => 'GS',
    'AR_MOSTRAR_NOMBRE_PANTALLA' => '0',
  ),
  1 => 
  array (
    'AR_ID' => '2',
    'AR_NOMBRE' => 'APORTES',
    'AR_DESCRIPCION' => 'Pension Incapacidad Const FNA Cesantias',
    'AR_C_ID' => '1',
    'AR_ACTIVO' => '1',
    'AR_ALIAS' => 'A',
    'AR_MOSTRAR_NOMBRE_PANTALLA' => '0',
  ),
  2 => 
  array (
    'AR_ID' => '3',
    'AR_NOMBRE' => 'SEGUIMIENTO_AL_SERVICIO',
    'AR_DESCRIPCION' => 'Certificados laborales Solicitudes Quejas Rec',
    'AR_C_ID' => '1',
    'AR_ACTIVO' => '1',
    'AR_ALIAS' => 'SAS',
    'AR_MOSTRAR_NOMBRE_PANTALLA' => '0',
  ),
  3 => 
  array (
    'AR_ID' => '5',
    'AR_NOMBRE' => 'OTROS',
    'AR_DESCRIPCION' => 'Otros',
    'AR_C_ID' => '1',
    'AR_ACTIVO' => '1',
    'AR_ALIAS' => 'Otro',
    'AR_MOSTRAR_NOMBRE_PANTALLA' => '0',
  ),
  4 => 
  array (
    'AR_ID' => '7',
    'AR_NOMBRE' => 'VARIOS_REQUERIMIENTOS',
    'AR_DESCRIPCION' => 'Solicitudes varias',
    'AR_C_ID' => '1',
    'AR_ACTIVO' => '1',
    'AR_ALIAS' => 'Vari',
    'AR_MOSTRAR_NOMBRE_PANTALLA' => '0',
  ),
  5 => 
  array (
    'AR_ID' => '8',
    'AR_NOMBRE' => 'COMPENSACION_SALARIAL',
    'AR_DESCRIPCION' => 'Pago nomina y liquidaciones',
    'AR_C_ID' => '1',
    'AR_ACTIVO' => '1',
    'AR_ALIAS' => 'Comp',
    'AR_MOSTRAR_NOMBRE_PANTALLA' => '0',
  ),
) 
2014-06-20 07:58:09 --> crear el consumidor 
2014-06-20 07:58:09 --> se creo el consumidor 4374 
2014-06-20 07:58:09 --> la informacion de la sede es array (
  'S_ID' => '2',
  'S_NOMBRE' => 'CENTRO',
  'S_DESCRIPCION' => 'Sede para atender los casos de la regional centro',
  'S_C_ID' => '1',
  'S_CANTIDAD_ENCUESTAS' => '10',
  'S_ACTIVO' => '1',
  'S_LOGO' => '4',
  'S_MUESTRA_VIDEO' => '0',
) 
2014-06-20 07:58:09 --> se va a extraer informacion del area  
2014-06-20 07:58:09 --> la informacion del area es array (
  'AR_ID' => '2',
  'AR_NOMBRE' => 'APORTES',
  'AR_DESCRIPCION' => 'Pension Incapacidad Const FNA Cesantias',
  'AR_C_ID' => '1',
  'AR_ACTIVO' => '1',
  'AR_ALIAS' => 'A',
  'AR_MOSTRAR_NOMBRE_PANTALLA' => '0',
) 
2014-06-20 07:58:09 --> se va a crear el turno 
2014-06-20 07:58:09 --> se creo el turno 1 del area A 
2014-06-20 08:06:32 --> crear el consumidor 
2014-06-20 08:06:32 --> se creo el consumidor 4376 
2014-06-20 08:06:32 --> la informacion de la sede es array (
  'S_ID' => '2',
  'S_NOMBRE' => 'CENTRO',
  'S_DESCRIPCION' => 'Sede para atender los casos de la regional centro',
  'S_C_ID' => '1',
  'S_CANTIDAD_ENCUESTAS' => '10',
  'S_ACTIVO' => '1',
  'S_LOGO' => '4',
  'S_MUESTRA_VIDEO' => '0',
) 
2014-06-20 08:06:32 --> se va a extraer informacion del area  
2014-06-20 08:06:32 --> la informacion del area es array (
  'AR_ID' => '2',
  'AR_NOMBRE' => 'APORTES',
  'AR_DESCRIPCION' => 'Pension Incapacidad Const FNA Cesantias',
  'AR_C_ID' => '1',
  'AR_ACTIVO' => '1',
  'AR_ALIAS' => 'A',
  'AR_MOSTRAR_NOMBRE_PANTALLA' => '0',
) 
2014-06-20 08:06:32 --> se va a crear el turno 
2014-06-20 08:06:32 --> se creo el turno 2 del area A 
2014-06-20 08:15:44 --> crear el consumidor 
2014-06-20 08:15:45 --> se creo el consumidor 4380 
2014-06-20 08:15:45 --> la informacion de la sede es array (
  'S_ID' => '2',
  'S_NOMBRE' => 'CENTRO',
  'S_DESCRIPCION' => 'Sede para atender los casos de la regional centro',
  'S_C_ID' => '1',
  'S_CANTIDAD_ENCUESTAS' => '10',
  'S_ACTIVO' => '1',
  'S_LOGO' => '4',
  'S_MUESTRA_VIDEO' => '0',
) 
2014-06-20 08:15:45 --> se va a extraer informacion del area  
2014-06-20 08:15:45 --> la informacion del area es array (
  'AR_ID' => '3',
  'AR_NOMBRE' => 'SEGUIMIENTO_AL_SERVICIO',
  'AR_DESCRIPCION' => 'Certificados laborales Solicitudes Quejas Rec',
  'AR_C_ID' => '1',
  'AR_ACTIVO' => '1',
  'AR_ALIAS' => 'SAS',
  'AR_MOSTRAR_NOMBRE_PANTALLA' => '0',
) 
2014-06-20 08:15:45 --> se va a crear el turno 
2014-06-20 08:15:45 --> se creo el turno 3 del area SAS 
2014-06-20 08:29:22 --> crear el consumidor 
2014-06-20 08:29:22 --> se creo el consumidor 4385 
2014-06-20 08:29:22 --> la informacion de la sede es array (
  'S_ID' => '2',
  'S_NOMBRE' => 'CENTRO',
  'S_DESCRIPCION' => 'Sede para atender los casos de la regional centro',
  'S_C_ID' => '1',
  'S_CANTIDAD_ENCUESTAS' => '10',
  'S_ACTIVO' => '1',
  'S_LOGO' => '4',
  'S_MUESTRA_VIDEO' => '0',
) 
2014-06-20 08:29:22 --> se va a extraer informacion del area  
2014-06-20 08:29:22 --> la informacion del area es array (
  'AR_ID' => '2',
  'AR_NOMBRE' => 'APORTES',
  'AR_DESCRIPCION' => 'Pension Incapacidad Const FNA Cesantias',
  'AR_C_ID' => '1',
  'AR_ACTIVO' => '1',
  'AR_ALIAS' => 'A',
  'AR_MOSTRAR_NOMBRE_PANTALLA' => '0',
) 
2014-06-20 08:29:22 --> se va a crear el turno 
2014-06-20 08:29:22 --> se creo el turno 6 del area A 
2014-06-20 08:30:17 --> crear el consumidor 
2014-06-20 08:30:17 --> se creo el consumidor 4386 
2014-06-20 08:30:17 --> la informacion de la sede es array (
  'S_ID' => '2',
  'S_NOMBRE' => 'CENTRO',
  'S_DESCRIPCION' => 'Sede para atender los casos de la regional centro',
  'S_C_ID' => '1',
  'S_CANTIDAD_ENCUESTAS' => '10',
  'S_ACTIVO' => '1',
  'S_LOGO' => '4',
  'S_MUESTRA_VIDEO' => '0',
) 
2014-06-20 08:30:17 --> se va a extraer informacion del area  
2014-06-20 08:30:17 --> la informacion del area es array (
  'AR_ID' => '2',
  'AR_NOMBRE' => 'APORTES',
  'AR_DESCRIPCION' => 'Pension Incapacidad Const FNA Cesantias',
  'AR_C_ID' => '1',
  'AR_ACTIVO' => '1',
  'AR_ALIAS' => 'A',
  'AR_MOSTRAR_NOMBRE_PANTALLA' => '0',
) 
2014-06-20 08:30:17 --> se va a crear el turno 
2014-06-20 08:30:17 --> se creo el turno 7 del area A 
2014-06-20 08:34:52 --> crear el consumidor 
2014-06-20 08:34:52 --> se creo el consumidor 4388 
2014-06-20 08:34:52 --> la informacion de la sede es array (
  'S_ID' => '2',
  'S_NOMBRE' => 'CENTRO',
  'S_DESCRIPCION' => 'Sede para atender los casos de la regional centro',
  'S_C_ID' => '1',
  'S_CANTIDAD_ENCUESTAS' => '10',
  'S_ACTIVO' => '1',
  'S_LOGO' => '4',
  'S_MUESTRA_VIDEO' => '0',
) 
2014-06-20 08:34:52 --> se va a extraer informacion del area  
2014-06-20 08:34:52 --> la informacion del area es array (
  'AR_ID' => '3',
  'AR_NOMBRE' => 'SEGUIMIENTO_AL_SERVICIO',
  'AR_DESCRIPCION' => 'Certificados laborales Solicitudes Quejas Rec',
  'AR_C_ID' => '1',
  'AR_ACTIVO' => '1',
  'AR_ALIAS' => 'SAS',
  'AR_MOSTRAR_NOMBRE_PANTALLA' => '0',
) 
2014-06-20 08:34:52 --> se va a crear el turno 
2014-06-20 08:34:52 --> se creo el turno 4 del area SAS 
2014-06-20 08:37:02 --> crear el consumidor 
2014-06-20 08:37:04 --> se creo el consumidor 4389 
2014-06-20 08:37:04 --> la informacion de la sede es array (
  'S_ID' => '2',
  'S_NOMBRE' => 'CENTRO',
  'S_DESCRIPCION' => 'Sede para atender los casos de la regional centro',
  'S_C_ID' => '1',
  'S_CANTIDAD_ENCUESTAS' => '10',
  'S_ACTIVO' => '1',
  'S_LOGO' => '4',
  'S_MUESTRA_VIDEO' => '0',
) 
2014-06-20 08:37:04 --> se va a extraer informacion del area  
2014-06-20 08:37:04 --> la informacion del area es array (
  'AR_ID' => '2',
  'AR_NOMBRE' => 'APORTES',
  'AR_DESCRIPCION' => 'Pension Incapacidad Const FNA Cesantias',
  'AR_C_ID' => '1',
  'AR_ACTIVO' => '1',
  'AR_ALIAS' => 'A',
  'AR_MOSTRAR_NOMBRE_PANTALLA' => '0',
) 
2014-06-20 08:37:04 --> se va a crear el turno 
2014-06-20 08:37:04 --> se creo el turno 8 del area A 
2014-06-20 08:41:27 --> crear el consumidor 
2014-06-20 08:41:27 --> se creo el consumidor 4390 
2014-06-20 08:41:27 --> la informacion de la sede es array (
  'S_ID' => '2',
  'S_NOMBRE' => 'CENTRO',
  'S_DESCRIPCION' => 'Sede para atender los casos de la regional centro',
  'S_C_ID' => '1',
  'S_CANTIDAD_ENCUESTAS' => '10',
  'S_ACTIVO' => '1',
  'S_LOGO' => '4',
  'S_MUESTRA_VIDEO' => '0',
) 
2014-06-20 08:41:27 --> se va a extraer informacion del area  
2014-06-20 08:41:27 --> la informacion del area es array (
  'AR_ID' => '3',
  'AR_NOMBRE' => 'SEGUIMIENTO_AL_SERVICIO',
  'AR_DESCRIPCION' => 'Certificados laborales Solicitudes Quejas Rec',
  'AR_C_ID' => '1',
  'AR_ACTIVO' => '1',
  'AR_ALIAS' => 'SAS',
  'AR_MOSTRAR_NOMBRE_PANTALLA' => '0',
) 
2014-06-20 08:41:27 --> se va a crear el turno 
2014-06-20 08:41:27 --> se creo el turno 5 del area SAS 
2014-06-20 08:54:41 --> crear el consumidor 
2014-06-20 08:54:41 --> se creo el consumidor 4395 
2014-06-20 08:54:41 --> la informacion de la sede es array (
  'S_ID' => '2',
  'S_NOMBRE' => 'CENTRO',
  'S_DESCRIPCION' => 'Sede para atender los casos de la regional centro',
  'S_C_ID' => '1',
  'S_CANTIDAD_ENCUESTAS' => '10',
  'S_ACTIVO' => '1',
  'S_LOGO' => '4',
  'S_MUESTRA_VIDEO' => '0',
) 
2014-06-20 08:54:41 --> se va a extraer informacion del area  
2014-06-20 08:54:41 --> la informacion del area es array (
  'AR_ID' => '3',
  'AR_NOMBRE' => 'SEGUIMIENTO_AL_SERVICIO',
  'AR_DESCRIPCION' => 'Certificados laborales Solicitudes Quejas Rec',
  'AR_C_ID' => '1',
  'AR_ACTIVO' => '1',
  'AR_ALIAS' => 'SAS',
  'AR_MOSTRAR_NOMBRE_PANTALLA' => '0',
) 
2014-06-20 08:54:41 --> se va a crear el turno 
2014-06-20 08:54:41 --> se creo el turno 6 del area SAS 
2014-06-20 08:57:33 --> crear el consumidor 
2014-06-20 08:57:33 --> se creo el consumidor 4397 
2014-06-20 08:57:33 --> la informacion de la sede es array (
  'S_ID' => '2',
  'S_NOMBRE' => 'CENTRO',
  'S_DESCRIPCION' => 'Sede para atender los casos de la regional centro',
  'S_C_ID' => '1',
  'S_CANTIDAD_ENCUESTAS' => '10',
  'S_ACTIVO' => '1',
  'S_LOGO' => '4',
  'S_MUESTRA_VIDEO' => '0',
) 
2014-06-20 08:57:33 --> se va a extraer informacion del area  
2014-06-20 08:57:33 --> la informacion del area es array (
  'AR_ID' => '3',
  'AR_NOMBRE' => 'SEGUIMIENTO_AL_SERVICIO',
  'AR_DESCRIPCION' => 'Certificados laborales Solicitudes Quejas Rec',
  'AR_C_ID' => '1',
  'AR_ACTIVO' => '1',
  'AR_ALIAS' => 'SAS',
  'AR_MOSTRAR_NOMBRE_PANTALLA' => '0',
) 
2014-06-20 08:57:33 --> se va a crear el turno 
2014-06-20 08:57:33 --> se creo el turno 7 del area SAS 
2014-06-20 09:07:52 --> crear el consumidor 
2014-06-20 09:07:52 --> se creo el consumidor 4400 
2014-06-20 09:07:52 --> la informacion de la sede es array (
  'S_ID' => '2',
  'S_NOMBRE' => 'CENTRO',
  'S_DESCRIPCION' => 'Sede para atender los casos de la regional centro',
  'S_C_ID' => '1',
  'S_CANTIDAD_ENCUESTAS' => '10',
  'S_ACTIVO' => '1',
  'S_LOGO' => '4',
  'S_MUESTRA_VIDEO' => '0',
) 
2014-06-20 09:07:52 --> se va a extraer informacion del area  
2014-06-20 09:07:52 --> la informacion del area es array (
  'AR_ID' => '3',
  'AR_NOMBRE' => 'SEGUIMIENTO_AL_SERVICIO',
  'AR_DESCRIPCION' => 'Certificados laborales Solicitudes Quejas Rec',
  'AR_C_ID' => '1',
  'AR_ACTIVO' => '1',
  'AR_ALIAS' => 'SAS',
  'AR_MOSTRAR_NOMBRE_PANTALLA' => '0',
) 
2014-06-20 09:07:52 --> se va a crear el turno 
2014-06-20 09:07:52 --> se creo el turno 8 del area SAS 

2014-06-20 09:16:56 --> get_areas 1 
2014-06-20 09:16:56 --> buscando areas del cliente 
2014-06-20 09:17:01 --> crear el consumidor 
2014-06-20 09:17:01 --> se creo el consumidor 4402 
2014-06-20 09:17:01 --> la informacion de la sede es array (
  'S_ID' => '3',
  'S_NOMBRE' => 'NORTE',
  'S_DESCRIPCION' => 'Sede para atender los casos de la regional norte',
  'S_C_ID' => '1',
  'S_CANTIDAD_ENCUESTAS' => '10',
  'S_ACTIVO' => '1',
  'S_LOGO' => '7',
  'S_MUESTRA_VIDEO' => '0',
) 
2014-06-20 09:17:01 --> se va a extraer informacion del area  
2014-06-20 09:17:01 --> la informacion del area es array (
  'AR_ID' => '5',
  'AR_NOMBRE' => 'OTROS',
  'AR_DESCRIPCION' => 'Otros',
  'AR_C_ID' => '1',
  'AR_ACTIVO' => '1',
  'AR_ALIAS' => 'Otro',
  'AR_MOSTRAR_NOMBRE_PANTALLA' => '0',
) 
2014-06-20 09:17:01 --> se va a crear el turno 
2014-06-20 09:17:01 --> se creo el turno 1 del area Otro 

 datos de entrada get_movil son user: marian_gonzalez y pass: e10adc3949ba59abbe56e057f20f883e 

 dato de salida get_movil es 21,Mariangelica Gonzalez Castellar,11,1,2 

 datos de entrada get_areas2 son perfil:  

 dato de salida get_areas2 es array (
  0 => 
  array (
    'AR_ID' => '1',
    'AR_NOMBRE' => 'GERENCIAMIENTO_DEL_SERVICIO',
    'AR_DESCRIPCION' => 'Cartas de ingreso al punto de venta',
    'AR_C_ID' => '1',
    'AR_ACTIVO' => '1',
    'AR_ALIAS' => 'GS',
    'AR_MOSTRAR_NOMBRE_PANTALLA' => '0',
  ),
  1 => 
  array (
    'AR_ID' => '2',
    'AR_NOMBRE' => 'APORTES',
    'AR_DESCRIPCION' => 'Pension Incapacidad Const FNA Cesantias',
    'AR_C_ID' => '1',
    'AR_ACTIVO' => '1',
    'AR_ALIAS' => 'A',
    'AR_MOSTRAR_NOMBRE_PANTALLA' => '0',
  ),
  2 => 
  array (
    'AR_ID' => '3',
    'AR_NOMBRE' => 'SEGUIMIENTO_AL_SERVICIO',
    'AR_DESCRIPCION' => 'Certificados laborales Solicitudes Quejas Rec',
    'AR_C_ID' => '1',
    'AR_ACTIVO' => '1',
    'AR_ALIAS' => 'SAS',
    'AR_MOSTRAR_NOMBRE_PANTALLA' => '0',
  ),
  3 => 
  array (
    'AR_ID' => '5',
    'AR_NOMBRE' => 'OTROS',
    'AR_DESCRIPCION' => 'Otros',
    'AR_C_ID' => '1',
    'AR_ACTIVO' => '1',
    'AR_ALIAS' => 'Otro',
    'AR_MOSTRAR_NOMBRE_PANTALLA' => '0',
  ),
  4 => 
  array (
    'AR_ID' => '7',
    'AR_NOMBRE' => 'VARIOS_REQUERIMIENTOS',
    'AR_DESCRIPCION' => 'Solicitudes varias',
    'AR_C_ID' => '1',
    'AR_ACTIVO' => '1',
    'AR_ALIAS' => 'Vari',
    'AR_MOSTRAR_NOMBRE_PANTALLA' => '0',
  ),
  5 => 
  array (
    'AR_ID' => '8',
    'AR_NOMBRE' => 'COMPENSACION_SALARIAL',
    'AR_DESCRIPCION' => 'Pago nomina y liquidaciones',
    'AR_C_ID' => '1',
    'AR_ACTIVO' => '1',
    'AR_ALIAS' => 'Comp',
    'AR_MOSTRAR_NOMBRE_PANTALLA' => '0',
  ),
) 
2014-06-20 09:19:44 --> crear el consumidor 
2014-06-20 09:19:44 --> se creo el consumidor 4403 
2014-06-20 09:19:44 --> la informacion de la sede es array (
  'S_ID' => '2',
  'S_NOMBRE' => 'CENTRO',
  'S_DESCRIPCION' => 'Sede para atender los casos de la regional centro',
  'S_C_ID' => '1',
  'S_CANTIDAD_ENCUESTAS' => '10',
  'S_ACTIVO' => '1',
  'S_LOGO' => '4',
  'S_MUESTRA_VIDEO' => '0',
) 
2014-06-20 09:19:44 --> se va a extraer informacion del area  
2014-06-20 09:19:44 --> la informacion del area es array (
  'AR_ID' => '3',
  'AR_NOMBRE' => 'SEGUIMIENTO_AL_SERVICIO',
  'AR_DESCRIPCION' => 'Certificados laborales Solicitudes Quejas Rec',
  'AR_C_ID' => '1',
  'AR_ACTIVO' => '1',
  'AR_ALIAS' => 'SAS',
  'AR_MOSTRAR_NOMBRE_PANTALLA' => '0',
) 
2014-06-20 09:19:44 --> se va a crear el turno 
2014-06-20 09:19:44 --> se creo el turno 10 del area SAS 
2014-06-20 09:24:57 --> crear el consumidor 
2014-06-20 09:24:57 --> se creo el consumidor 4405 
2014-06-20 09:24:57 --> la informacion de la sede es array (
  'S_ID' => '2',
  'S_NOMBRE' => 'CENTRO',
  'S_DESCRIPCION' => 'Sede para atender los casos de la regional centro',
  'S_C_ID' => '1',
  'S_CANTIDAD_ENCUESTAS' => '10',
  'S_ACTIVO' => '1',
  'S_LOGO' => '4',
  'S_MUESTRA_VIDEO' => '0',
) 
2014-06-20 09:24:57 --> se va a extraer informacion del area  
2014-06-20 09:24:57 --> la informacion del area es array (
  'AR_ID' => '2',
  'AR_NOMBRE' => 'APORTES',
  'AR_DESCRIPCION' => 'Pension Incapacidad Const FNA Cesantias',
  'AR_C_ID' => '1',
  'AR_ACTIVO' => '1',
  'AR_ALIAS' => 'A',
  'AR_MOSTRAR_NOMBRE_PANTALLA' => '0',
) 
2014-06-20 09:24:57 --> se va a crear el turno 
2014-06-20 09:24:57 --> se creo el turno 10 del area A 
2014-06-20 09:27:52 --> crear el consumidor 
2014-06-20 09:27:52 --> se creo el consumidor 4407 
2014-06-20 09:27:52 --> la informacion de la sede es array (
  'S_ID' => '2',
  'S_NOMBRE' => 'CENTRO',
  'S_DESCRIPCION' => 'Sede para atender los casos de la regional centro',
  'S_C_ID' => '1',
  'S_CANTIDAD_ENCUESTAS' => '10',
  'S_ACTIVO' => '1',
  'S_LOGO' => '4',
  'S_MUESTRA_VIDEO' => '0',
) 
2014-06-20 09:27:52 --> se va a extraer informacion del area  
2014-06-20 09:27:52 --> la informacion del area es array (
  'AR_ID' => '2',
  'AR_NOMBRE' => 'APORTES',
  'AR_DESCRIPCION' => 'Pension Incapacidad Const FNA Cesantias',
  'AR_C_ID' => '1',
  'AR_ACTIVO' => '1',
  'AR_ALIAS' => 'A',
  'AR_MOSTRAR_NOMBRE_PANTALLA' => '0',
) 
2014-06-20 09:27:52 --> se va a crear el turno 
2014-06-20 09:27:52 --> se creo el turno 11 del area A 
2014-06-20 09:28:31 --> crear el consumidor 
2014-06-20 09:28:31 --> se creo el consumidor 4408 
2014-06-20 09:28:31 --> la informacion de la sede es array (
  'S_ID' => '2',
  'S_NOMBRE' => 'CENTRO',
  'S_DESCRIPCION' => 'Sede para atender los casos de la regional centro',
  'S_C_ID' => '1',
  'S_CANTIDAD_ENCUESTAS' => '10',
  'S_ACTIVO' => '1',
  'S_LOGO' => '4',
  'S_MUESTRA_VIDEO' => '0',
) 
2014-06-20 09:28:31 --> se va a extraer informacion del area  
2014-06-20 09:28:31 --> la informacion del area es array (
  'AR_ID' => '2',
  'AR_NOMBRE' => 'APORTES',
  'AR_DESCRIPCION' => 'Pension Incapacidad Const FNA Cesantias',
  'AR_C_ID' => '1',
  'AR_ACTIVO' => '1',
  'AR_ALIAS' => 'A',
  'AR_MOSTRAR_NOMBRE_PANTALLA' => '0',
) 
2014-06-20 09:28:31 --> se va a crear el turno 
2014-06-20 09:28:31 --> se creo el turno 12 del area A 
2014-06-20 09:29:10 --> crear el consumidor 
2014-06-20 09:29:10 --> se creo el consumidor 4409 
2014-06-20 09:29:10 --> la informacion de la sede es array (
  'S_ID' => '2',
  'S_NOMBRE' => 'CENTRO',
  'S_DESCRIPCION' => 'Sede para atender los casos de la regional centro',
  'S_C_ID' => '1',
  'S_CANTIDAD_ENCUESTAS' => '10',
  'S_ACTIVO' => '1',
  'S_LOGO' => '4',
  'S_MUESTRA_VIDEO' => '0',
) 
2014-06-20 09:29:10 --> se va a extraer informacion del area  
2014-06-20 09:29:10 --> la informacion del area es array (
  'AR_ID' => '2',
  'AR_NOMBRE' => 'APORTES',
  'AR_DESCRIPCION' => 'Pension Incapacidad Const FNA Cesantias',
  'AR_C_ID' => '1',
  'AR_ACTIVO' => '1',
  'AR_ALIAS' => 'A',
  'AR_MOSTRAR_NOMBRE_PANTALLA' => '0',
) 
2014-06-20 09:29:10 --> se va a crear el turno 
2014-06-20 09:29:10 --> se creo el turno 13 del area A 
2014-06-20 09:30:46 --> crear el consumidor 
2014-06-20 09:30:46 --> se creo el consumidor 4410 
2014-06-20 09:30:46 --> la informacion de la sede es array (
  'S_ID' => '2',
  'S_NOMBRE' => 'CENTRO',
  'S_DESCRIPCION' => 'Sede para atender los casos de la regional centro',
  'S_C_ID' => '1',
  'S_CANTIDAD_ENCUESTAS' => '10',
  'S_ACTIVO' => '1',
  'S_LOGO' => '4',
  'S_MUESTRA_VIDEO' => '0',
) 
2014-06-20 09:30:46 --> se va a extraer informacion del area  
2014-06-20 09:30:46 --> la informacion del area es array (
  'AR_ID' => '2',
  'AR_NOMBRE' => 'APORTES',
  'AR_DESCRIPCION' => 'Pension Incapacidad Const FNA Cesantias',
  'AR_C_ID' => '1',
  'AR_ACTIVO' => '1',
  'AR_ALIAS' => 'A',
  'AR_MOSTRAR_NOMBRE_PANTALLA' => '0',
) 
2014-06-20 09:30:46 --> se va a crear el turno 
2014-06-20 09:30:46 --> se creo el turno 14 del area A 
2014-06-20 09:35:36 --> crear el consumidor 
2014-06-20 09:35:36 --> se creo el consumidor 4411 
2014-06-20 09:35:36 --> la informacion de la sede es array (
  'S_ID' => '2',
  'S_NOMBRE' => 'CENTRO',
  'S_DESCRIPCION' => 'Sede para atender los casos de la regional centro',
  'S_C_ID' => '1',
  'S_CANTIDAD_ENCUESTAS' => '10',
  'S_ACTIVO' => '1',
  'S_LOGO' => '4',
  'S_MUESTRA_VIDEO' => '0',
) 
2014-06-20 09:35:36 --> se va a extraer informacion del area  
2014-06-20 09:35:36 --> la informacion del area es array (
  'AR_ID' => '1',
  'AR_NOMBRE' => 'GERENCIAMIENTO_DEL_SERVICIO',
  'AR_DESCRIPCION' => 'Cartas de ingreso al punto de venta',
  'AR_C_ID' => '1',
  'AR_ACTIVO' => '1',
  'AR_ALIAS' => 'GS',
  'AR_MOSTRAR_NOMBRE_PANTALLA' => '0',
) 
2014-06-20 09:35:36 --> se va a crear el turno 
2014-06-20 09:35:36 --> se creo el turno 2 del area GS 
2014-06-20 09:43:14 --> crear el consumidor 
2014-06-20 09:43:14 --> se creo el consumidor 4412 
2014-06-20 09:43:14 --> la informacion de la sede es array (
  'S_ID' => '2',
  'S_NOMBRE' => 'CENTRO',
  'S_DESCRIPCION' => 'Sede para atender los casos de la regional centro',
  'S_C_ID' => '1',
  'S_CANTIDAD_ENCUESTAS' => '10',
  'S_ACTIVO' => '1',
  'S_LOGO' => '4',
  'S_MUESTRA_VIDEO' => '0',
) 
2014-06-20 09:43:14 --> se va a extraer informacion del area  
2014-06-20 09:43:14 --> la informacion del area es array (
  'AR_ID' => '2',
  'AR_NOMBRE' => 'APORTES',
  'AR_DESCRIPCION' => 'Pension Incapacidad Const FNA Cesantias',
  'AR_C_ID' => '1',
  'AR_ACTIVO' => '1',
  'AR_ALIAS' => 'A',
  'AR_MOSTRAR_NOMBRE_PANTALLA' => '0',
) 
2014-06-20 09:43:14 --> se va a crear el turno 
2014-06-20 09:43:14 --> se creo el turno 15 del area A 
2014-06-20 09:59:56 --> crear el consumidor 
2014-06-20 09:59:56 --> se creo el consumidor 4420 
2014-06-20 09:59:56 --> la informacion de la sede es array (
  'S_ID' => '2',
  'S_NOMBRE' => 'CENTRO',
  'S_DESCRIPCION' => 'Sede para atender los casos de la regional centro',
  'S_C_ID' => '1',
  'S_CANTIDAD_ENCUESTAS' => '10',
  'S_ACTIVO' => '1',
  'S_LOGO' => '4',
  'S_MUESTRA_VIDEO' => '0',
) 
2014-06-20 09:59:56 --> se va a extraer informacion del area  
2014-06-20 09:59:56 --> la informacion del area es array (
  'AR_ID' => '2',
  'AR_NOMBRE' => 'APORTES',
  'AR_DESCRIPCION' => 'Pension Incapacidad Const FNA Cesantias',
  'AR_C_ID' => '1',
  'AR_ACTIVO' => '1',
  'AR_ALIAS' => 'A',
  'AR_MOSTRAR_NOMBRE_PANTALLA' => '0',
) 
2014-06-20 09:59:56 --> se va a crear el turno 
2014-06-20 09:59:56 --> se creo el turno 17 del area A 
2014-06-20 10:01:09 --> crear el consumidor 
2014-06-20 10:01:09 --> se creo el consumidor 4421 
2014-06-20 10:01:09 --> la informacion de la sede es array (
  'S_ID' => '2',
  'S_NOMBRE' => 'CENTRO',
  'S_DESCRIPCION' => 'Sede para atender los casos de la regional centro',
  'S_C_ID' => '1',
  'S_CANTIDAD_ENCUESTAS' => '10',
  'S_ACTIVO' => '1',
  'S_LOGO' => '4',
  'S_MUESTRA_VIDEO' => '0',
) 
2014-06-20 10:01:09 --> se va a extraer informacion del area  
2014-06-20 10:01:09 --> la informacion del area es array (
  'AR_ID' => '2',
  'AR_NOMBRE' => 'APORTES',
  'AR_DESCRIPCION' => 'Pension Incapacidad Const FNA Cesantias',
  'AR_C_ID' => '1',
  'AR_ACTIVO' => '1',
  'AR_ALIAS' => 'A',
  'AR_MOSTRAR_NOMBRE_PANTALLA' => '0',
) 
2014-06-20 10:01:09 --> se va a crear el turno 
2014-06-20 10:01:09 --> se creo el turno 18 del area A 
2014-06-20 10:02:35 --> crear el consumidor 
2014-06-20 10:02:35 --> se creo el consumidor 4422 
2014-06-20 10:02:35 --> la informacion de la sede es array (
  'S_ID' => '2',
  'S_NOMBRE' => 'CENTRO',
  'S_DESCRIPCION' => 'Sede para atender los casos de la regional centro',
  'S_C_ID' => '1',
  'S_CANTIDAD_ENCUESTAS' => '10',
  'S_ACTIVO' => '1',
  'S_LOGO' => '4',
  'S_MUESTRA_VIDEO' => '0',
) 
2014-06-20 10:02:35 --> se va a extraer informacion del area  
2014-06-20 10:02:35 --> la informacion del area es array (
  'AR_ID' => '3',
  'AR_NOMBRE' => 'SEGUIMIENTO_AL_SERVICIO',
  'AR_DESCRIPCION' => 'Certificados laborales Solicitudes Quejas Rec',
  'AR_C_ID' => '1',
  'AR_ACTIVO' => '1',
  'AR_ALIAS' => 'SAS',
  'AR_MOSTRAR_NOMBRE_PANTALLA' => '0',
) 
2014-06-20 10:02:35 --> se va a crear el turno 
2014-06-20 10:02:35 --> se creo el turno 11 del area SAS 
2014-06-20 10:03:20 --> crear el consumidor 
2014-06-20 10:03:20 --> se creo el consumidor 4423 
2014-06-20 10:03:20 --> la informacion de la sede es array (
  'S_ID' => '2',
  'S_NOMBRE' => 'CENTRO',
  'S_DESCRIPCION' => 'Sede para atender los casos de la regional centro',
  'S_C_ID' => '1',
  'S_CANTIDAD_ENCUESTAS' => '10',
  'S_ACTIVO' => '1',
  'S_LOGO' => '4',
  'S_MUESTRA_VIDEO' => '0',
) 
2014-06-20 10:03:20 --> se va a extraer informacion del area  
2014-06-20 10:03:20 --> la informacion del area es array (
  'AR_ID' => '2',
  'AR_NOMBRE' => 'APORTES',
  'AR_DESCRIPCION' => 'Pension Incapacidad Const FNA Cesantias',
  'AR_C_ID' => '1',
  'AR_ACTIVO' => '1',
  'AR_ALIAS' => 'A',
  'AR_MOSTRAR_NOMBRE_PANTALLA' => '0',
) 
2014-06-20 10:03:20 --> se va a crear el turno 
2014-06-20 10:03:20 --> se creo el turno 19 del area A 
2014-06-20 10:14:52 --> crear el consumidor 
2014-06-20 10:14:52 --> se creo el consumidor 4424 
2014-06-20 10:14:52 --> la informacion de la sede es array (
  'S_ID' => '2',
  'S_NOMBRE' => 'CENTRO',
  'S_DESCRIPCION' => 'Sede para atender los casos de la regional centro',
  'S_C_ID' => '1',
  'S_CANTIDAD_ENCUESTAS' => '10',
  'S_ACTIVO' => '1',
  'S_LOGO' => '4',
  'S_MUESTRA_VIDEO' => '0',
) 
2014-06-20 10:14:52 --> se va a extraer informacion del area  
2014-06-20 10:14:52 --> la informacion del area es array (
  'AR_ID' => '3',
  'AR_NOMBRE' => 'SEGUIMIENTO_AL_SERVICIO',
  'AR_DESCRIPCION' => 'Certificados laborales Solicitudes Quejas Rec',
  'AR_C_ID' => '1',
  'AR_ACTIVO' => '1',
  'AR_ALIAS' => 'SAS',
  'AR_MOSTRAR_NOMBRE_PANTALLA' => '0',
) 
2014-06-20 10:14:52 --> se va a crear el turno 
2014-06-20 10:14:52 --> se creo el turno 12 del area SAS 
2014-06-20 10:25:56 --> crear el consumidor 
2014-06-20 10:25:56 --> se creo el consumidor 4426 
2014-06-20 10:25:56 --> la informacion de la sede es array (
  'S_ID' => '2',
  'S_NOMBRE' => 'CENTRO',
  'S_DESCRIPCION' => 'Sede para atender los casos de la regional centro',
  'S_C_ID' => '1',
  'S_CANTIDAD_ENCUESTAS' => '10',
  'S_ACTIVO' => '1',
  'S_LOGO' => '4',
  'S_MUESTRA_VIDEO' => '0',
) 
2014-06-20 10:25:56 --> se va a extraer informacion del area  
2014-06-20 10:25:56 --> la informacion del area es array (
  'AR_ID' => '3',
  'AR_NOMBRE' => 'SEGUIMIENTO_AL_SERVICIO',
  'AR_DESCRIPCION' => 'Certificados laborales Solicitudes Quejas Rec',
  'AR_C_ID' => '1',
  'AR_ACTIVO' => '1',
  'AR_ALIAS' => 'SAS',
  'AR_MOSTRAR_NOMBRE_PANTALLA' => '0',
) 
2014-06-20 10:25:56 --> se va a crear el turno 
2014-06-20 10:25:56 --> se creo el turno 14 del area SAS 

2014-06-20 10:28:10 --> get_areas 1 
2014-06-20 10:28:10 --> buscando areas del cliente 

2014-06-20 10:30:56 --> get_areas 1 
2014-06-20 10:30:56 --> buscando areas del cliente 
2014-06-20 10:31:16 --> crear el consumidor 
2014-06-20 10:31:16 --> se creo el consumidor 4427 
2014-06-20 10:31:16 --> la informacion de la sede es array (
  'S_ID' => '2',
  'S_NOMBRE' => 'CENTRO',
  'S_DESCRIPCION' => 'Sede para atender los casos de la regional centro',
  'S_C_ID' => '1',
  'S_CANTIDAD_ENCUESTAS' => '10',
  'S_ACTIVO' => '1',
  'S_LOGO' => '4',
  'S_MUESTRA_VIDEO' => '0',
) 
2014-06-20 10:31:16 --> se va a extraer informacion del area  
2014-06-20 10:31:16 --> la informacion del area es array (
  'AR_ID' => '2',
  'AR_NOMBRE' => 'APORTES',
  'AR_DESCRIPCION' => 'Pension Incapacidad Const FNA Cesantias',
  'AR_C_ID' => '1',
  'AR_ACTIVO' => '1',
  'AR_ALIAS' => 'A',
  'AR_MOSTRAR_NOMBRE_PANTALLA' => '0',
) 
2014-06-20 10:31:16 --> se va a crear el turno 
2014-06-20 10:31:16 --> se creo el turno 20 del area A 
2014-06-20 10:31:58 --> crear el consumidor 
2014-06-20 10:31:58 --> se creo el consumidor 4428 
2014-06-20 10:31:58 --> la informacion de la sede es array (
  'S_ID' => '2',
  'S_NOMBRE' => 'CENTRO',
  'S_DESCRIPCION' => 'Sede para atender los casos de la regional centro',
  'S_C_ID' => '1',
  'S_CANTIDAD_ENCUESTAS' => '10',
  'S_ACTIVO' => '1',
  'S_LOGO' => '4',
  'S_MUESTRA_VIDEO' => '0',
) 
2014-06-20 10:31:58 --> se va a extraer informacion del area  
2014-06-20 10:31:58 --> la informacion del area es array (
  'AR_ID' => '1',
  'AR_NOMBRE' => 'GERENCIAMIENTO_DEL_SERVICIO',
  'AR_DESCRIPCION' => 'Cartas de ingreso al punto de venta',
  'AR_C_ID' => '1',
  'AR_ACTIVO' => '1',
  'AR_ALIAS' => 'GS',
  'AR_MOSTRAR_NOMBRE_PANTALLA' => '0',
) 
2014-06-20 10:31:58 --> se va a crear el turno 
2014-06-20 10:31:58 --> se creo el turno 3 del area GS 
2014-06-20 10:47:01 --> crear el consumidor 
2014-06-20 10:47:01 --> se creo el consumidor 4435 
2014-06-20 10:47:01 --> la informacion de la sede es array (
  'S_ID' => '2',
  'S_NOMBRE' => 'CENTRO',
  'S_DESCRIPCION' => 'Sede para atender los casos de la regional centro',
  'S_C_ID' => '1',
  'S_CANTIDAD_ENCUESTAS' => '10',
  'S_ACTIVO' => '1',
  'S_LOGO' => '4',
  'S_MUESTRA_VIDEO' => '0',
) 
2014-06-20 10:47:01 --> se va a extraer informacion del area  
2014-06-20 10:47:01 --> la informacion del area es array (
  'AR_ID' => '1',
  'AR_NOMBRE' => 'GERENCIAMIENTO_DEL_SERVICIO',
  'AR_DESCRIPCION' => 'Cartas de ingreso al punto de venta',
  'AR_C_ID' => '1',
  'AR_ACTIVO' => '1',
  'AR_ALIAS' => 'GS',
  'AR_MOSTRAR_NOMBRE_PANTALLA' => '0',
) 
2014-06-20 10:47:01 --> se va a crear el turno 
2014-06-20 10:47:01 --> se creo el turno 4 del area GS 
2014-06-20 10:51:56 --> crear el consumidor 
2014-06-20 10:51:56 --> se creo el consumidor 4437 
2014-06-20 10:51:56 --> la informacion de la sede es array (
  'S_ID' => '2',
  'S_NOMBRE' => 'CENTRO',
  'S_DESCRIPCION' => 'Sede para atender los casos de la regional centro',
  'S_C_ID' => '1',
  'S_CANTIDAD_ENCUESTAS' => '10',
  'S_ACTIVO' => '1',
  'S_LOGO' => '4',
  'S_MUESTRA_VIDEO' => '0',
) 
2014-06-20 10:51:56 --> se va a extraer informacion del area  
2014-06-20 10:51:56 --> la informacion del area es array (
  'AR_ID' => '2',
  'AR_NOMBRE' => 'APORTES',
  'AR_DESCRIPCION' => 'Pension Incapacidad Const FNA Cesantias',
  'AR_C_ID' => '1',
  'AR_ACTIVO' => '1',
  'AR_ALIAS' => 'A',
  'AR_MOSTRAR_NOMBRE_PANTALLA' => '0',
) 
2014-06-20 10:51:56 --> se va a crear el turno 
2014-06-20 10:51:56 --> se creo el turno 23 del area A 
2014-06-20 11:01:59 --> crear el consumidor 
2014-06-20 11:01:59 --> se creo el consumidor 4441 
2014-06-20 11:01:59 --> la informacion de la sede es array (
  'S_ID' => '2',
  'S_NOMBRE' => 'CENTRO',
  'S_DESCRIPCION' => 'Sede para atender los casos de la regional centro',
  'S_C_ID' => '1',
  'S_CANTIDAD_ENCUESTAS' => '10',
  'S_ACTIVO' => '1',
  'S_LOGO' => '4',
  'S_MUESTRA_VIDEO' => '0',
) 
2014-06-20 11:01:59 --> se va a extraer informacion del area  
2014-06-20 11:01:59 --> la informacion del area es array (
  'AR_ID' => '3',
  'AR_NOMBRE' => 'SEGUIMIENTO_AL_SERVICIO',
  'AR_DESCRIPCION' => 'Certificados laborales Solicitudes Quejas Rec',
  'AR_C_ID' => '1',
  'AR_ACTIVO' => '1',
  'AR_ALIAS' => 'SAS',
  'AR_MOSTRAR_NOMBRE_PANTALLA' => '0',
) 
2014-06-20 11:01:59 --> se va a crear el turno 
2014-06-20 11:01:59 --> se creo el turno 16 del area SAS 
2014-06-20 11:03:05 --> crear el consumidor 
2014-06-20 11:03:05 --> se creo el consumidor 4442 
2014-06-20 11:03:05 --> la informacion de la sede es array (
  'S_ID' => '2',
  'S_NOMBRE' => 'CENTRO',
  'S_DESCRIPCION' => 'Sede para atender los casos de la regional centro',
  'S_C_ID' => '1',
  'S_CANTIDAD_ENCUESTAS' => '10',
  'S_ACTIVO' => '1',
  'S_LOGO' => '4',
  'S_MUESTRA_VIDEO' => '0',
) 
2014-06-20 11:03:05 --> se va a extraer informacion del area  
2014-06-20 11:03:05 --> la informacion del area es array (
  'AR_ID' => '3',
  'AR_NOMBRE' => 'SEGUIMIENTO_AL_SERVICIO',
  'AR_DESCRIPCION' => 'Certificados laborales Solicitudes Quejas Rec',
  'AR_C_ID' => '1',
  'AR_ACTIVO' => '1',
  'AR_ALIAS' => 'SAS',
  'AR_MOSTRAR_NOMBRE_PANTALLA' => '0',
) 
2014-06-20 11:03:05 --> se va a crear el turno 
2014-06-20 11:03:05 --> se creo el turno 17 del area SAS 
2014-06-20 11:05:45 --> crear el consumidor 
2014-06-20 11:05:45 --> se creo el consumidor 4443 
2014-06-20 11:05:45 --> la informacion de la sede es array (
  'S_ID' => '2',
  'S_NOMBRE' => 'CENTRO',
  'S_DESCRIPCION' => 'Sede para atender los casos de la regional centro',
  'S_C_ID' => '1',
  'S_CANTIDAD_ENCUESTAS' => '10',
  'S_ACTIVO' => '1',
  'S_LOGO' => '4',
  'S_MUESTRA_VIDEO' => '0',
) 
2014-06-20 11:05:45 --> se va a extraer informacion del area  
2014-06-20 11:05:45 --> la informacion del area es array (
  'AR_ID' => '3',
  'AR_NOMBRE' => 'SEGUIMIENTO_AL_SERVICIO',
  'AR_DESCRIPCION' => 'Certificados laborales Solicitudes Quejas Rec',
  'AR_C_ID' => '1',
  'AR_ACTIVO' => '1',
  'AR_ALIAS' => 'SAS',
  'AR_MOSTRAR_NOMBRE_PANTALLA' => '0',
) 
2014-06-20 11:05:45 --> se va a crear el turno 
2014-06-20 11:05:45 --> se creo el turno 18 del area SAS 
2014-06-20 11:07:08 --> crear el consumidor 
2014-06-20 11:07:13 --> se creo el consumidor 4446 
2014-06-20 11:07:13 --> la informacion de la sede es array (
  'S_ID' => '2',
  'S_NOMBRE' => 'CENTRO',
  'S_DESCRIPCION' => 'Sede para atender los casos de la regional centro',
  'S_C_ID' => '1',
  'S_CANTIDAD_ENCUESTAS' => '10',
  'S_ACTIVO' => '1',
  'S_LOGO' => '4',
  'S_MUESTRA_VIDEO' => '0',
) 
2014-06-20 11:07:13 --> se va a extraer informacion del area  
2014-06-20 11:07:13 --> la informacion del area es array (
  'AR_ID' => '3',
  'AR_NOMBRE' => 'SEGUIMIENTO_AL_SERVICIO',
  'AR_DESCRIPCION' => 'Certificados laborales Solicitudes Quejas Rec',
  'AR_C_ID' => '1',
  'AR_ACTIVO' => '1',
  'AR_ALIAS' => 'SAS',
  'AR_MOSTRAR_NOMBRE_PANTALLA' => '0',
) 
2014-06-20 11:07:13 --> se va a crear el turno 
2014-06-20 11:07:13 --> se creo el turno 20 del area SAS 
2014-06-20 11:08:13 --> crear el consumidor 
2014-06-20 11:08:13 --> se creo el consumidor 4448 
2014-06-20 11:08:13 --> la informacion de la sede es array (
  'S_ID' => '2',
  'S_NOMBRE' => 'CENTRO',
  'S_DESCRIPCION' => 'Sede para atender los casos de la regional centro',
  'S_C_ID' => '1',
  'S_CANTIDAD_ENCUESTAS' => '10',
  'S_ACTIVO' => '1',
  'S_LOGO' => '4',
  'S_MUESTRA_VIDEO' => '0',
) 
2014-06-20 11:08:13 --> se va a extraer informacion del area  
2014-06-20 11:08:13 --> la informacion del area es array (
  'AR_ID' => '3',
  'AR_NOMBRE' => 'SEGUIMIENTO_AL_SERVICIO',
  'AR_DESCRIPCION' => 'Certificados laborales Solicitudes Quejas Rec',
  'AR_C_ID' => '1',
  'AR_ACTIVO' => '1',
  'AR_ALIAS' => 'SAS',
  'AR_MOSTRAR_NOMBRE_PANTALLA' => '0',
) 
2014-06-20 11:08:13 --> se va a crear el turno 
2014-06-20 11:08:13 --> se creo el turno 21 del area SAS 
2014-06-20 11:09:08 --> crear el consumidor 
2014-06-20 11:09:08 --> se creo el consumidor 4449 
2014-06-20 11:09:08 --> la informacion de la sede es array (
  'S_ID' => '2',
  'S_NOMBRE' => 'CENTRO',
  'S_DESCRIPCION' => 'Sede para atender los casos de la regional centro',
  'S_C_ID' => '1',
  'S_CANTIDAD_ENCUESTAS' => '10',
  'S_ACTIVO' => '1',
  'S_LOGO' => '4',
  'S_MUESTRA_VIDEO' => '0',
) 
2014-06-20 11:09:08 --> se va a extraer informacion del area  
2014-06-20 11:09:08 --> la informacion del area es array (
  'AR_ID' => '3',
  'AR_NOMBRE' => 'SEGUIMIENTO_AL_SERVICIO',
  'AR_DESCRIPCION' => 'Certificados laborales Solicitudes Quejas Rec',
  'AR_C_ID' => '1',
  'AR_ACTIVO' => '1',
  'AR_ALIAS' => 'SAS',
  'AR_MOSTRAR_NOMBRE_PANTALLA' => '0',
) 
2014-06-20 11:09:08 --> se va a crear el turno 
2014-06-20 11:09:08 --> se creo el turno 22 del area SAS 
2014-06-20 11:20:49 --> crear el consumidor 
2014-06-20 11:20:49 --> se creo el consumidor 4454 
2014-06-20 11:20:49 --> la informacion de la sede es array (
  'S_ID' => '2',
  'S_NOMBRE' => 'CENTRO',
  'S_DESCRIPCION' => 'Sede para atender los casos de la regional centro',
  'S_C_ID' => '1',
  'S_CANTIDAD_ENCUESTAS' => '10',
  'S_ACTIVO' => '1',
  'S_LOGO' => '4',
  'S_MUESTRA_VIDEO' => '0',
) 
2014-06-20 11:20:49 --> se va a extraer informacion del area  
2014-06-20 11:20:49 --> la informacion del area es array (
  'AR_ID' => '1',
  'AR_NOMBRE' => 'GERENCIAMIENTO_DEL_SERVICIO',
  'AR_DESCRIPCION' => 'Cartas de ingreso al punto de venta',
  'AR_C_ID' => '1',
  'AR_ACTIVO' => '1',
  'AR_ALIAS' => 'GS',
  'AR_MOSTRAR_NOMBRE_PANTALLA' => '0',
) 
2014-06-20 11:20:49 --> se va a crear el turno 
2014-06-20 11:20:49 --> se creo el turno 9 del area GS 
2014-06-20 11:22:30 --> crear el consumidor 
2014-06-20 11:22:30 --> se creo el consumidor 4456 
2014-06-20 11:22:30 --> la informacion de la sede es array (
  'S_ID' => '2',
  'S_NOMBRE' => 'CENTRO',
  'S_DESCRIPCION' => 'Sede para atender los casos de la regional centro',
  'S_C_ID' => '1',
  'S_CANTIDAD_ENCUESTAS' => '10',
  'S_ACTIVO' => '1',
  'S_LOGO' => '4',
  'S_MUESTRA_VIDEO' => '0',
) 
2014-06-20 11:22:30 --> se va a extraer informacion del area  
2014-06-20 11:22:30 --> la informacion del area es array (
  'AR_ID' => '3',
  'AR_NOMBRE' => 'SEGUIMIENTO_AL_SERVICIO',
  'AR_DESCRIPCION' => 'Certificados laborales Solicitudes Quejas Rec',
  'AR_C_ID' => '1',
  'AR_ACTIVO' => '1',
  'AR_ALIAS' => 'SAS',
  'AR_MOSTRAR_NOMBRE_PANTALLA' => '0',
) 
2014-06-20 11:22:30 --> se va a crear el turno 
2014-06-20 11:22:30 --> se creo el turno 24 del area SAS 
2014-06-20 11:34:25 --> crear el consumidor 
2014-06-20 11:34:28 --> se creo el consumidor 4465 
2014-06-20 11:34:28 --> la informacion de la sede es array (
  'S_ID' => '2',
  'S_NOMBRE' => 'CENTRO',
  'S_DESCRIPCION' => 'Sede para atender los casos de la regional centro',
  'S_C_ID' => '1',
  'S_CANTIDAD_ENCUESTAS' => '10',
  'S_ACTIVO' => '1',
  'S_LOGO' => '4',
  'S_MUESTRA_VIDEO' => '0',
) 
2014-06-20 11:34:28 --> se va a extraer informacion del area  
2014-06-20 11:34:28 --> la informacion del area es array (
  'AR_ID' => '2',
  'AR_NOMBRE' => 'APORTES',
  'AR_DESCRIPCION' => 'Pensiones Incapacidades Cesantias Cartas FNA',
  'AR_C_ID' => '1',
  'AR_ACTIVO' => '1',
  'AR_ALIAS' => 'A',
  'AR_MOSTRAR_NOMBRE_PANTALLA' => '0',
) 
2014-06-20 11:34:28 --> se va a crear el turno 
2014-06-20 11:34:28 --> se creo el turno 28 del area A 
2014-06-20 11:35:52 --> crear el consumidor 
2014-06-20 11:35:52 --> se creo el consumidor 4467 
2014-06-20 11:35:52 --> la informacion de la sede es array (
  'S_ID' => '2',
  'S_NOMBRE' => 'CENTRO',
  'S_DESCRIPCION' => 'Sede para atender los casos de la regional centro',
  'S_C_ID' => '1',
  'S_CANTIDAD_ENCUESTAS' => '10',
  'S_ACTIVO' => '1',
  'S_LOGO' => '4',
  'S_MUESTRA_VIDEO' => '0',
) 
2014-06-20 11:35:52 --> se va a extraer informacion del area  
2014-06-20 11:35:52 --> la informacion del area es array (
  'AR_ID' => '3',
  'AR_NOMBRE' => 'SEGUIMIENTO_AL_SERVICIO',
  'AR_DESCRIPCION' => 'Certificados laborales Solicitudes Quejas Rec',
  'AR_C_ID' => '1',
  'AR_ACTIVO' => '1',
  'AR_ALIAS' => 'SAS',
  'AR_MOSTRAR_NOMBRE_PANTALLA' => '0',
) 
2014-06-20 11:35:52 --> se va a crear el turno 
2014-06-20 11:35:52 --> se creo el turno 26 del area SAS 
2014-06-20 11:43:11 --> crear el consumidor 
2014-06-20 11:43:11 --> se creo el consumidor 4469 
2014-06-20 11:43:11 --> la informacion de la sede es array (
  'S_ID' => '2',
  'S_NOMBRE' => 'CENTRO',
  'S_DESCRIPCION' => 'Sede para atender los casos de la regional centro',
  'S_C_ID' => '1',
  'S_CANTIDAD_ENCUESTAS' => '10',
  'S_ACTIVO' => '1',
  'S_LOGO' => '4',
  'S_MUESTRA_VIDEO' => '0',
) 
2014-06-20 11:43:11 --> se va a extraer informacion del area  
2014-06-20 11:43:11 --> la informacion del area es array (
  'AR_ID' => '3',
  'AR_NOMBRE' => 'SEGUIMIENTO_AL_SERVICIO',
  'AR_DESCRIPCION' => 'Certificados laborales Solicitudes Quejas Rec',
  'AR_C_ID' => '1',
  'AR_ACTIVO' => '1',
  'AR_ALIAS' => 'SAS',
  'AR_MOSTRAR_NOMBRE_PANTALLA' => '0',
) 
2014-06-20 11:43:11 --> se va a crear el turno 
2014-06-20 11:43:11 --> se creo el turno 27 del area SAS 
2014-06-20 11:45:11 --> crear el consumidor 
2014-06-20 11:45:11 --> se creo el consumidor 4471 
2014-06-20 11:45:11 --> la informacion de la sede es array (
  'S_ID' => '2',
  'S_NOMBRE' => 'CENTRO',
  'S_DESCRIPCION' => 'Sede para atender los casos de la regional centro',
  'S_C_ID' => '1',
  'S_CANTIDAD_ENCUESTAS' => '10',
  'S_ACTIVO' => '1',
  'S_LOGO' => '4',
  'S_MUESTRA_VIDEO' => '0',
) 
2014-06-20 11:45:11 --> se va a extraer informacion del area  
2014-06-20 11:45:11 --> la informacion del area es array (
  'AR_ID' => '3',
  'AR_NOMBRE' => 'SEGUIMIENTO_AL_SERVICIO',
  'AR_DESCRIPCION' => 'Certificados laborales Solicitudes Quejas Rec',
  'AR_C_ID' => '1',
  'AR_ACTIVO' => '1',
  'AR_ALIAS' => 'SAS',
  'AR_MOSTRAR_NOMBRE_PANTALLA' => '0',
) 
2014-06-20 11:45:11 --> se va a crear el turno 
2014-06-20 11:45:11 --> se creo el turno 28 del area SAS 

2014-06-20 11:53:05 --> get_areas 1 
2014-06-20 11:53:05 --> buscando areas del cliente 
2014-06-20 11:53:16 --> crear el consumidor 
2014-06-20 11:53:16 --> se creo el consumidor 4473 
2014-06-20 11:53:16 --> la informacion de la sede es array (
  'S_ID' => '2',
  'S_NOMBRE' => 'CENTRO',
  'S_DESCRIPCION' => 'Sede para atender los casos de la regional centro',
  'S_C_ID' => '1',
  'S_CANTIDAD_ENCUESTAS' => '10',
  'S_ACTIVO' => '1',
  'S_LOGO' => '4',
  'S_MUESTRA_VIDEO' => '0',
) 
2014-06-20 11:53:16 --> se va a extraer informacion del area  
2014-06-20 11:53:16 --> la informacion del area es array (
  'AR_ID' => '2',
  'AR_NOMBRE' => 'APORTES',
  'AR_DESCRIPCION' => 'Pensiones Incapacidades Cesantias Cartas FNA',
  'AR_C_ID' => '1',
  'AR_ACTIVO' => '1',
  'AR_ALIAS' => 'A',
  'AR_MOSTRAR_NOMBRE_PANTALLA' => '0',
) 
2014-06-20 11:53:16 --> se va a crear el turno 
2014-06-20 11:53:16 --> se creo el turno 32 del area A 

 datos de entrada get_areas2 son perfil:  

 dato de salida get_areas2 es array (
  0 => 
  array (
    'AR_ID' => '1',
    'AR_NOMBRE' => 'GERENCIAMIENTO_DEL_SERVICIO',
    'AR_DESCRIPCION' => 'Cartas de ingreso al punto de venta',
    'AR_C_ID' => '1',
    'AR_ACTIVO' => '1',
    'AR_ALIAS' => 'GS',
    'AR_MOSTRAR_NOMBRE_PANTALLA' => '0',
  ),
  1 => 
  array (
    'AR_ID' => '2',
    'AR_NOMBRE' => 'APORTES',
    'AR_DESCRIPCION' => 'Pensiones Incapacidades Cesantias Cartas FNA',
    'AR_C_ID' => '1',
    'AR_ACTIVO' => '1',
    'AR_ALIAS' => 'A',
    'AR_MOSTRAR_NOMBRE_PANTALLA' => '0',
  ),
  2 => 
  array (
    'AR_ID' => '3',
    'AR_NOMBRE' => 'SEGUIMIENTO_AL_SERVICIO',
    'AR_DESCRIPCION' => 'Certificados laborales Solicitudes Quejas Rec',
    'AR_C_ID' => '1',
    'AR_ACTIVO' => '1',
    'AR_ALIAS' => 'SAS',
    'AR_MOSTRAR_NOMBRE_PANTALLA' => '0',
  ),
  3 => 
  array (
    'AR_ID' => '5',
    'AR_NOMBRE' => 'OTROS',
    'AR_DESCRIPCION' => 'Otros',
    'AR_C_ID' => '1',
    'AR_ACTIVO' => '1',
    'AR_ALIAS' => 'Otro',
    'AR_MOSTRAR_NOMBRE_PANTALLA' => '0',
  ),
  4 => 
  array (
    'AR_ID' => '7',
    'AR_NOMBRE' => 'VARIOS_REQUERIMIENTOS',
    'AR_DESCRIPCION' => 'Solicitudes varias',
    'AR_C_ID' => '1',
    'AR_ACTIVO' => '1',
    'AR_ALIAS' => 'Vari',
    'AR_MOSTRAR_NOMBRE_PANTALLA' => '0',
  ),
  5 => 
  array (
    'AR_ID' => '8',
    'AR_NOMBRE' => 'COMPENSACION_SALARIAL',
    'AR_DESCRIPCION' => 'Informacion pago nomina y liquidaciones',
    'AR_C_ID' => '1',
    'AR_ACTIVO' => '1',
    'AR_ALIAS' => 'Comp',
    'AR_MOSTRAR_NOMBRE_PANTALLA' => '0',
  ),
) 

 datos de entrada get_areas2 son perfil:  

 dato de salida get_areas2 es array (
  0 => 
  array (
    'AR_ID' => '1',
    'AR_NOMBRE' => 'GERENCIAMIENTO_DEL_SERVICIO',
    'AR_DESCRIPCION' => 'Cartas de ingreso al punto de venta',
    'AR_C_ID' => '1',
    'AR_ACTIVO' => '1',
    'AR_ALIAS' => 'GS',
    'AR_MOSTRAR_NOMBRE_PANTALLA' => '0',
  ),
  1 => 
  array (
    'AR_ID' => '2',
    'AR_NOMBRE' => 'APORTES',
    'AR_DESCRIPCION' => 'Pensiones Incapacidades Cesantias Cartas FNA',
    'AR_C_ID' => '1',
    'AR_ACTIVO' => '1',
    'AR_ALIAS' => 'A',
    'AR_MOSTRAR_NOMBRE_PANTALLA' => '0',
  ),
  2 => 
  array (
    'AR_ID' => '3',
    'AR_NOMBRE' => 'SEGUIMIENTO_AL_SERVICIO',
    'AR_DESCRIPCION' => 'Certificados laborales Solicitudes Quejas Rec',
    'AR_C_ID' => '1',
    'AR_ACTIVO' => '1',
    'AR_ALIAS' => 'SAS',
    'AR_MOSTRAR_NOMBRE_PANTALLA' => '0',
  ),
  3 => 
  array (
    'AR_ID' => '5',
    'AR_NOMBRE' => 'OTROS',
    'AR_DESCRIPCION' => 'Otros',
    'AR_C_ID' => '1',
    'AR_ACTIVO' => '1',
    'AR_ALIAS' => 'Otro',
    'AR_MOSTRAR_NOMBRE_PANTALLA' => '0',
  ),
  4 => 
  array (
    'AR_ID' => '7',
    'AR_NOMBRE' => 'VARIOS_REQUERIMIENTOS',
    'AR_DESCRIPCION' => 'Solicitudes varias',
    'AR_C_ID' => '1',
    'AR_ACTIVO' => '1',
    'AR_ALIAS' => 'Vari',
    'AR_MOSTRAR_NOMBRE_PANTALLA' => '0',
  ),
  5 => 
  array (
    'AR_ID' => '8',
    'AR_NOMBRE' => 'COMPENSACION_SALARIAL',
    'AR_DESCRIPCION' => 'Informacion pago nomina y liquidaciones',
    'AR_C_ID' => '1',
    'AR_ACTIVO' => '1',
    'AR_ALIAS' => 'Comp',
    'AR_MOSTRAR_NOMBRE_PANTALLA' => '0',
  ),
) 
2014-06-20 12:01:08 --> crear el consumidor 
2014-06-20 12:01:08 --> se creo el consumidor 4475 
2014-06-20 12:01:08 --> la informacion de la sede es array (
  'S_ID' => '2',
  'S_NOMBRE' => 'CENTRO',
  'S_DESCRIPCION' => 'Sede para atender los casos de la regional centro',
  'S_C_ID' => '1',
  'S_CANTIDAD_ENCUESTAS' => '10',
  'S_ACTIVO' => '1',
  'S_LOGO' => '4',
  'S_MUESTRA_VIDEO' => '0',
) 
2014-06-20 12:01:08 --> se va a extraer informacion del area  
2014-06-20 12:01:08 --> la informacion del area es array (
  'AR_ID' => '3',
  'AR_NOMBRE' => 'SEGUIMIENTO_AL_SERVICIO',
  'AR_DESCRIPCION' => 'Certificados laborales Solicitudes Quejas Rec',
  'AR_C_ID' => '1',
  'AR_ACTIVO' => '1',
  'AR_ALIAS' => 'SAS',
  'AR_MOSTRAR_NOMBRE_PANTALLA' => '0',
) 
2014-06-20 12:01:08 --> se va a crear el turno 
2014-06-20 12:01:08 --> se creo el turno 29 del area SAS 
2014-06-20 12:10:32 --> crear el consumidor 
2014-06-20 12:10:32 --> se creo el consumidor 4477 
2014-06-20 12:10:32 --> la informacion de la sede es array (
  'S_ID' => '2',
  'S_NOMBRE' => 'CENTRO',
  'S_DESCRIPCION' => 'Sede para atender los casos de la regional centro',
  'S_C_ID' => '1',
  'S_CANTIDAD_ENCUESTAS' => '10',
  'S_ACTIVO' => '1',
  'S_LOGO' => '4',
  'S_MUESTRA_VIDEO' => '0',
) 
2014-06-20 12:10:32 --> se va a extraer informacion del area  
2014-06-20 12:10:32 --> la informacion del area es array (
  'AR_ID' => '2',
  'AR_NOMBRE' => 'APORTES',
  'AR_DESCRIPCION' => 'Pensiones Incapacidades Cesantias Cartas FNA',
  'AR_C_ID' => '1',
  'AR_ACTIVO' => '1',
  'AR_ALIAS' => 'A',
  'AR_MOSTRAR_NOMBRE_PANTALLA' => '0',
) 
2014-06-20 12:10:32 --> se va a crear el turno 
2014-06-20 12:10:32 --> se creo el turno 35 del area A 
2014-06-20 12:12:02 --> crear el consumidor 
2014-06-20 12:12:02 --> se creo el consumidor 4478 
2014-06-20 12:12:02 --> la informacion de la sede es array (
  'S_ID' => '2',
  'S_NOMBRE' => 'CENTRO',
  'S_DESCRIPCION' => 'Sede para atender los casos de la regional centro',
  'S_C_ID' => '1',
  'S_CANTIDAD_ENCUESTAS' => '10',
  'S_ACTIVO' => '1',
  'S_LOGO' => '4',
  'S_MUESTRA_VIDEO' => '0',
) 
2014-06-20 12:12:02 --> se va a extraer informacion del area  
2014-06-20 12:12:02 --> la informacion del area es array (
  'AR_ID' => '2',
  'AR_NOMBRE' => 'APORTES',
  'AR_DESCRIPCION' => 'Pensiones Incapacidades Cesantias Cartas FNA',
  'AR_C_ID' => '1',
  'AR_ACTIVO' => '1',
  'AR_ALIAS' => 'A',
  'AR_MOSTRAR_NOMBRE_PANTALLA' => '0',
) 
2014-06-20 12:12:02 --> se va a crear el turno 
2014-06-20 12:12:02 --> se creo el turno 36 del area A 
2014-06-20 12:15:51 --> crear el consumidor 
2014-06-20 12:15:53 --> se creo el consumidor 4480 
2014-06-20 12:15:53 --> la informacion de la sede es array (
  'S_ID' => '2',
  'S_NOMBRE' => 'CENTRO',
  'S_DESCRIPCION' => 'Sede para atender los casos de la regional centro',
  'S_C_ID' => '1',
  'S_CANTIDAD_ENCUESTAS' => '10',
  'S_ACTIVO' => '1',
  'S_LOGO' => '4',
  'S_MUESTRA_VIDEO' => '0',
) 
2014-06-20 12:15:53 --> se va a extraer informacion del area  
2014-06-20 12:15:53 --> la informacion del area es array (
  'AR_ID' => '2',
  'AR_NOMBRE' => 'APORTES',
  'AR_DESCRIPCION' => 'Pensiones Incapacidades Cesantias Cartas FNA',
  'AR_C_ID' => '1',
  'AR_ACTIVO' => '1',
  'AR_ALIAS' => 'A',
  'AR_MOSTRAR_NOMBRE_PANTALLA' => '0',
) 
2014-06-20 12:15:53 --> se va a crear el turno 
2014-06-20 12:15:53 --> se creo el turno 37 del area A 
2014-06-20 12:19:36 --> crear el consumidor 
2014-06-20 12:19:36 --> se creo el consumidor 4481 
2014-06-20 12:19:36 --> la informacion de la sede es array (
  'S_ID' => '2',
  'S_NOMBRE' => 'CENTRO',
  'S_DESCRIPCION' => 'Sede para atender los casos de la regional centro',
  'S_C_ID' => '1',
  'S_CANTIDAD_ENCUESTAS' => '10',
  'S_ACTIVO' => '1',
  'S_LOGO' => '4',
  'S_MUESTRA_VIDEO' => '0',
) 
2014-06-20 12:19:36 --> se va a extraer informacion del area  
2014-06-20 12:19:36 --> la informacion del area es array (
  'AR_ID' => '3',
  'AR_NOMBRE' => 'SEGUIMIENTO_AL_SERVICIO',
  'AR_DESCRIPCION' => 'Certificados laborales Solicitudes Quejas Rec',
  'AR_C_ID' => '1',
  'AR_ACTIVO' => '1',
  'AR_ALIAS' => 'SAS',
  'AR_MOSTRAR_NOMBRE_PANTALLA' => '0',
) 
2014-06-20 12:19:36 --> se va a crear el turno 
2014-06-20 12:19:36 --> se creo el turno 30 del area SAS 

2014-06-20 12:22:30 --> get_areas 1 
2014-06-20 12:22:30 --> buscando areas del cliente 
2014-06-20 12:22:49 --> crear el consumidor 
2014-06-20 12:22:49 --> se creo el consumidor 4482 
2014-06-20 12:22:49 --> la informacion de la sede es array (
  'S_ID' => '5',
  'S_NOMBRE' => 'ORIENTE',
  'S_DESCRIPCION' => 'Sede para gestionar los casos de la regional Oriente',
  'S_C_ID' => '1',
  'S_CANTIDAD_ENCUESTAS' => '10',
  'S_ACTIVO' => '1',
  'S_LOGO' => '1',
  'S_MUESTRA_VIDEO' => '0',
) 
2014-06-20 12:22:49 --> se va a extraer informacion del area  
2014-06-20 12:22:49 --> la informacion del area es array (
  'AR_ID' => '3',
  'AR_NOMBRE' => 'SEGUIMIENTO_AL_SERVICIO',
  'AR_DESCRIPCION' => 'Certificados laborales Solicitudes Quejas Rec',
  'AR_C_ID' => '1',
  'AR_ACTIVO' => '1',
  'AR_ALIAS' => 'SAS',
  'AR_MOSTRAR_NOMBRE_PANTALLA' => '0',
) 
2014-06-20 12:22:49 --> se va a crear el turno 
2014-06-20 12:22:49 --> se creo el turno 1 del area SAS 
2014-06-20 12:24:38 --> crear el consumidor 
2014-06-20 12:24:38 --> se creo el consumidor 4483 
2014-06-20 12:24:38 --> la informacion de la sede es array (
  'S_ID' => '2',
  'S_NOMBRE' => 'CENTRO',
  'S_DESCRIPCION' => 'Sede para atender los casos de la regional centro',
  'S_C_ID' => '1',
  'S_CANTIDAD_ENCUESTAS' => '10',
  'S_ACTIVO' => '1',
  'S_LOGO' => '4',
  'S_MUESTRA_VIDEO' => '0',
) 
2014-06-20 12:24:38 --> se va a extraer informacion del area  
2014-06-20 12:24:38 --> la informacion del area es array (
  'AR_ID' => '3',
  'AR_NOMBRE' => 'SEGUIMIENTO_AL_SERVICIO',
  'AR_DESCRIPCION' => 'Certificados laborales Solicitudes Quejas Rec',
  'AR_C_ID' => '1',
  'AR_ACTIVO' => '1',
  'AR_ALIAS' => 'SAS',
  'AR_MOSTRAR_NOMBRE_PANTALLA' => '0',
) 
2014-06-20 12:24:38 --> se va a crear el turno 
2014-06-20 12:24:38 --> se creo el turno 31 del area SAS 
2014-06-20 12:31:26 --> crear el consumidor 
2014-06-20 12:31:26 --> se creo el consumidor 4486 
2014-06-20 12:31:26 --> la informacion de la sede es array (
  'S_ID' => '2',
  'S_NOMBRE' => 'CENTRO',
  'S_DESCRIPCION' => 'Sede para atender los casos de la regional centro',
  'S_C_ID' => '1',
  'S_CANTIDAD_ENCUESTAS' => '10',
  'S_ACTIVO' => '1',
  'S_LOGO' => '4',
  'S_MUESTRA_VIDEO' => '0',
) 
2014-06-20 12:31:26 --> se va a extraer informacion del area  
2014-06-20 12:31:26 --> la informacion del area es array (
  'AR_ID' => '3',
  'AR_NOMBRE' => 'SEGUIMIENTO_AL_SERVICIO',
  'AR_DESCRIPCION' => 'Certificados laborales Solicitudes Quejas Rec',
  'AR_C_ID' => '1',
  'AR_ACTIVO' => '1',
  'AR_ALIAS' => 'SAS',
  'AR_MOSTRAR_NOMBRE_PANTALLA' => '0',
) 
2014-06-20 12:31:26 --> se va a crear el turno 
2014-06-20 12:31:26 --> se creo el turno 32 del area SAS 
2014-06-20 12:38:38 --> crear el consumidor 
2014-06-20 12:38:38 --> se creo el consumidor 4487 
2014-06-20 12:38:38 --> la informacion de la sede es array (
  'S_ID' => '2',
  'S_NOMBRE' => 'CENTRO',
  'S_DESCRIPCION' => 'Sede para atender los casos de la regional centro',
  'S_C_ID' => '1',
  'S_CANTIDAD_ENCUESTAS' => '10',
  'S_ACTIVO' => '1',
  'S_LOGO' => '4',
  'S_MUESTRA_VIDEO' => '0',
) 
2014-06-20 12:38:38 --> se va a extraer informacion del area  
2014-06-20 12:38:38 --> la informacion del area es array (
  'AR_ID' => '2',
  'AR_NOMBRE' => 'APORTES',
  'AR_DESCRIPCION' => 'Pensiones Incapacidades Cesantias Cartas FNA',
  'AR_C_ID' => '1',
  'AR_ACTIVO' => '1',
  'AR_ALIAS' => 'A',
  'AR_MOSTRAR_NOMBRE_PANTALLA' => '0',
) 
2014-06-20 12:38:38 --> se va a crear el turno 
2014-06-20 12:38:38 --> se creo el turno 38 del area A 
2014-06-20 12:42:36 --> crear el consumidor 
2014-06-20 12:42:41 --> se creo el consumidor 4488 
2014-06-20 12:42:41 --> la informacion de la sede es array (
  'S_ID' => '2',
  'S_NOMBRE' => 'CENTRO',
  'S_DESCRIPCION' => 'Sede para atender los casos de la regional centro',
  'S_C_ID' => '1',
  'S_CANTIDAD_ENCUESTAS' => '10',
  'S_ACTIVO' => '1',
  'S_LOGO' => '4',
  'S_MUESTRA_VIDEO' => '0',
) 
2014-06-20 12:42:41 --> se va a extraer informacion del area  
2014-06-20 12:42:41 --> la informacion del area es array (
  'AR_ID' => '2',
  'AR_NOMBRE' => 'APORTES',
  'AR_DESCRIPCION' => 'Pensiones Incapacidades Cesantias Cartas FNA',
  'AR_C_ID' => '1',
  'AR_ACTIVO' => '1',
  'AR_ALIAS' => 'A',
  'AR_MOSTRAR_NOMBRE_PANTALLA' => '0',
) 
2014-06-20 12:42:41 --> se va a crear el turno 
2014-06-20 12:42:41 --> se creo el turno 39 del area A 
2014-06-20 12:48:24 --> crear el consumidor 
2014-06-20 12:48:24 --> se creo el consumidor 4490 
2014-06-20 12:48:24 --> la informacion de la sede es array (
  'S_ID' => '2',
  'S_NOMBRE' => 'CENTRO',
  'S_DESCRIPCION' => 'Sede para atender los casos de la regional centro',
  'S_C_ID' => '1',
  'S_CANTIDAD_ENCUESTAS' => '10',
  'S_ACTIVO' => '1',
  'S_LOGO' => '4',
  'S_MUESTRA_VIDEO' => '0',
) 
2014-06-20 12:48:24 --> se va a extraer informacion del area  
2014-06-20 12:48:24 --> la informacion del area es array (
  'AR_ID' => '2',
  'AR_NOMBRE' => 'APORTES',
  'AR_DESCRIPCION' => 'Pensiones Incapacidades Cesantias Cartas FNA',
  'AR_C_ID' => '1',
  'AR_ACTIVO' => '1',
  'AR_ALIAS' => 'A',
  'AR_MOSTRAR_NOMBRE_PANTALLA' => '0',
) 
2014-06-20 12:48:24 --> se va a crear el turno 
2014-06-20 12:48:24 --> se creo el turno 40 del area A 
2014-06-20 12:55:06 --> crear el consumidor 
2014-06-20 12:55:06 --> se creo el consumidor 4491 
2014-06-20 12:55:06 --> la informacion de la sede es array (
  'S_ID' => '2',
  'S_NOMBRE' => 'CENTRO',
  'S_DESCRIPCION' => 'Sede para atender los casos de la regional centro',
  'S_C_ID' => '1',
  'S_CANTIDAD_ENCUESTAS' => '10',
  'S_ACTIVO' => '1',
  'S_LOGO' => '4',
  'S_MUESTRA_VIDEO' => '0',
) 
2014-06-20 12:55:06 --> se va a extraer informacion del area  
2014-06-20 12:55:06 --> la informacion del area es array (
  'AR_ID' => '2',
  'AR_NOMBRE' => 'APORTES',
  'AR_DESCRIPCION' => 'Pensiones Incapacidades Cesantias Cartas FNA',
  'AR_C_ID' => '1',
  'AR_ACTIVO' => '1',
  'AR_ALIAS' => 'A',
  'AR_MOSTRAR_NOMBRE_PANTALLA' => '0',
) 
2014-06-20 12:55:06 --> se va a crear el turno 
2014-06-20 12:55:06 --> se creo el turno 41 del area A 

2014-06-20 14:00:22 --> get_areas 1 
2014-06-20 14:00:22 --> buscando areas del cliente 

 datos de entrada get_areas2 son perfil:  

 dato de salida get_areas2 es array (
  0 => 
  array (
    'AR_ID' => '1',
    'AR_NOMBRE' => 'GERENCIAMIENTO_DEL_SERVICIO',
    'AR_DESCRIPCION' => 'Cartas de ingreso al punto de venta',
    'AR_C_ID' => '1',
    'AR_ACTIVO' => '1',
    'AR_ALIAS' => 'GS',
    'AR_MOSTRAR_NOMBRE_PANTALLA' => '0',
  ),
  1 => 
  array (
    'AR_ID' => '2',
    'AR_NOMBRE' => 'APORTES',
    'AR_DESCRIPCION' => 'Pensiones Incapacidades Cesantias Cartas FNA',
    'AR_C_ID' => '1',
    'AR_ACTIVO' => '1',
    'AR_ALIAS' => 'A',
    'AR_MOSTRAR_NOMBRE_PANTALLA' => '0',
  ),
  2 => 
  array (
    'AR_ID' => '3',
    'AR_NOMBRE' => 'SEGUIMIENTO_AL_SERVICIO',
    'AR_DESCRIPCION' => 'Certificados laborales Solicitudes Quejas Rec',
    'AR_C_ID' => '1',
    'AR_ACTIVO' => '1',
    'AR_ALIAS' => 'SAS',
    'AR_MOSTRAR_NOMBRE_PANTALLA' => '0',
  ),
  3 => 
  array (
    'AR_ID' => '5',
    'AR_NOMBRE' => 'OTROS',
    'AR_DESCRIPCION' => 'Otros',
    'AR_C_ID' => '1',
    'AR_ACTIVO' => '1',
    'AR_ALIAS' => 'Otro',
    'AR_MOSTRAR_NOMBRE_PANTALLA' => '0',
  ),
  4 => 
  array (
    'AR_ID' => '7',
    'AR_NOMBRE' => 'VARIOS_REQUERIMIENTOS',
    'AR_DESCRIPCION' => 'Solicitudes varias',
    'AR_C_ID' => '1',
    'AR_ACTIVO' => '1',
    'AR_ALIAS' => 'Vari',
    'AR_MOSTRAR_NOMBRE_PANTALLA' => '0',
  ),
  5 => 
  array (
    'AR_ID' => '8',
    'AR_NOMBRE' => 'COMPENSACION_SALARIAL',
    'AR_DESCRIPCION' => 'Informacion pago nomina y liquidaciones',
    'AR_C_ID' => '1',
    'AR_ACTIVO' => '1',
    'AR_ALIAS' => 'Comp',
    'AR_MOSTRAR_NOMBRE_PANTALLA' => '0',
  ),
) 

 datos de entrada get_areas2 son perfil:  

 dato de salida get_areas2 es array (
  0 => 
  array (
    'AR_ID' => '1',
    'AR_NOMBRE' => 'GERENCIAMIENTO_DEL_SERVICIO',
    'AR_DESCRIPCION' => 'Cartas de ingreso al punto de venta',
    'AR_C_ID' => '1',
    'AR_ACTIVO' => '1',
    'AR_ALIAS' => 'GS',
    'AR_MOSTRAR_NOMBRE_PANTALLA' => '0',
  ),
  1 => 
  array (
    'AR_ID' => '2',
    'AR_NOMBRE' => 'APORTES',
    'AR_DESCRIPCION' => 'Pensiones Incapacidades Cesantias Cartas FNA',
    'AR_C_ID' => '1',
    'AR_ACTIVO' => '1',
    'AR_ALIAS' => 'A',
    'AR_MOSTRAR_NOMBRE_PANTALLA' => '0',
  ),
  2 => 
  array (
    'AR_ID' => '3',
    'AR_NOMBRE' => 'SEGUIMIENTO_AL_SERVICIO',
    'AR_DESCRIPCION' => 'Certificados laborales Solicitudes Quejas Rec',
    'AR_C_ID' => '1',
    'AR_ACTIVO' => '1',
    'AR_ALIAS' => 'SAS',
    'AR_MOSTRAR_NOMBRE_PANTALLA' => '0',
  ),
  3 => 
  array (
    'AR_ID' => '5',
    'AR_NOMBRE' => 'OTROS',
    'AR_DESCRIPCION' => 'Otros',
    'AR_C_ID' => '1',
    'AR_ACTIVO' => '1',
    'AR_ALIAS' => 'Otro',
    'AR_MOSTRAR_NOMBRE_PANTALLA' => '0',
  ),
  4 => 
  array (
    'AR_ID' => '7',
    'AR_NOMBRE' => 'VARIOS_REQUERIMIENTOS',
    'AR_DESCRIPCION' => 'Solicitudes varias',
    'AR_C_ID' => '1',
    'AR_ACTIVO' => '1',
    'AR_ALIAS' => 'Vari',
    'AR_MOSTRAR_NOMBRE_PANTALLA' => '0',
  ),
  5 => 
  array (
    'AR_ID' => '8',
    'AR_NOMBRE' => 'COMPENSACION_SALARIAL',
    'AR_DESCRIPCION' => 'Informacion pago nomina y liquidaciones',
    'AR_C_ID' => '1',
    'AR_ACTIVO' => '1',
    'AR_ALIAS' => 'Comp',
    'AR_MOSTRAR_NOMBRE_PANTALLA' => '0',
  ),
) 
2014-06-20 14:11:11 --> crear el consumidor 
2014-06-20 14:11:11 --> se creo el consumidor 4499 
2014-06-20 14:11:11 --> la informacion de la sede es array (
  'S_ID' => '2',
  'S_NOMBRE' => 'CENTRO',
  'S_DESCRIPCION' => 'Sede para atender los casos de la regional centro',
  'S_C_ID' => '1',
  'S_CANTIDAD_ENCUESTAS' => '10',
  'S_ACTIVO' => '1',
  'S_LOGO' => '4',
  'S_MUESTRA_VIDEO' => '0',
) 
2014-06-20 14:11:11 --> se va a extraer informacion del area  
2014-06-20 14:11:11 --> la informacion del area es array (
  'AR_ID' => '1',
  'AR_NOMBRE' => 'GERENCIAMIENTO_DEL_SERVICIO',
  'AR_DESCRIPCION' => 'Cartas de ingreso al punto de venta',
  'AR_C_ID' => '1',
  'AR_ACTIVO' => '1',
  'AR_ALIAS' => 'GS',
  'AR_MOSTRAR_NOMBRE_PANTALLA' => '0',
) 
2014-06-20 14:11:11 --> se va a crear el turno 
2014-06-20 14:11:11 --> se creo el turno 12 del area GS 
2014-06-20 14:18:51 --> crear el consumidor 
2014-06-20 14:18:51 --> se creo el consumidor 4507 
2014-06-20 14:18:51 --> la informacion de la sede es array (
  'S_ID' => '2',
  'S_NOMBRE' => 'CENTRO',
  'S_DESCRIPCION' => 'Sede para atender los casos de la regional centro',
  'S_C_ID' => '1',
  'S_CANTIDAD_ENCUESTAS' => '10',
  'S_ACTIVO' => '1',
  'S_LOGO' => '4',
  'S_MUESTRA_VIDEO' => '0',
) 
2014-06-20 14:18:51 --> se va a extraer informacion del area  
2014-06-20 14:18:51 --> la informacion del area es array (
  'AR_ID' => '1',
  'AR_NOMBRE' => 'GERENCIAMIENTO_DEL_SERVICIO',
  'AR_DESCRIPCION' => 'Cartas de ingreso al punto de venta',
  'AR_C_ID' => '1',
  'AR_ACTIVO' => '1',
  'AR_ALIAS' => 'GS',
  'AR_MOSTRAR_NOMBRE_PANTALLA' => '0',
) 
2014-06-20 14:18:51 --> se va a crear el turno 
2014-06-20 14:18:51 --> se creo el turno 14 del area GS 

2014-06-20 14:25:44 --> get_areas 1 
2014-06-20 14:25:44 --> buscando areas del cliente 
2014-06-20 14:26:03 --> crear el consumidor 
2014-06-20 14:26:03 --> se creo el consumidor 4512 
2014-06-20 14:26:03 --> la informacion de la sede es array (
  'S_ID' => '3',
  'S_NOMBRE' => 'NORTE',
  'S_DESCRIPCION' => 'Sede para atender los casos de la regional norte',
  'S_C_ID' => '1',
  'S_CANTIDAD_ENCUESTAS' => '10',
  'S_ACTIVO' => '1',
  'S_LOGO' => '7',
  'S_MUESTRA_VIDEO' => '0',
) 
2014-06-20 14:26:03 --> se va a extraer informacion del area  
2014-06-20 14:26:03 --> la informacion del area es array (
  'AR_ID' => '5',
  'AR_NOMBRE' => 'OTROS',
  'AR_DESCRIPCION' => 'Otros',
  'AR_C_ID' => '1',
  'AR_ACTIVO' => '1',
  'AR_ALIAS' => 'Otro',
  'AR_MOSTRAR_NOMBRE_PANTALLA' => '0',
) 
2014-06-20 14:26:03 --> se va a crear el turno 
2014-06-20 14:26:03 --> se creo el turno 2 del area Otro 

2014-06-20 14:27:25 --> get_areas 1 
2014-06-20 14:27:25 --> buscando areas del cliente 
2014-06-20 14:27:36 --> crear el consumidor 
2014-06-20 14:27:36 --> se creo el consumidor 4514 
2014-06-20 14:27:36 --> la informacion de la sede es array (
  'S_ID' => '2',
  'S_NOMBRE' => 'CENTRO',
  'S_DESCRIPCION' => 'Sede para atender los casos de la regional centro',
  'S_C_ID' => '1',
  'S_CANTIDAD_ENCUESTAS' => '10',
  'S_ACTIVO' => '1',
  'S_LOGO' => '4',
  'S_MUESTRA_VIDEO' => '0',
) 
2014-06-20 14:27:36 --> se va a extraer informacion del area  
2014-06-20 14:27:36 --> la informacion del area es array (
  'AR_ID' => '1',
  'AR_NOMBRE' => 'GERENCIAMIENTO_DEL_SERVICIO',
  'AR_DESCRIPCION' => 'Cartas de ingreso al punto de venta',
  'AR_C_ID' => '1',
  'AR_ACTIVO' => '1',
  'AR_ALIAS' => 'GS',
  'AR_MOSTRAR_NOMBRE_PANTALLA' => '0',
) 
2014-06-20 14:27:36 --> se va a crear el turno 
2014-06-20 14:27:36 --> se creo el turno 15 del area GS 
2014-06-20 14:52:33 --> crear el consumidor 
2014-06-20 14:52:33 --> se creo el consumidor 4525 
2014-06-20 14:52:33 --> la informacion de la sede es array (
  'S_ID' => '2',
  'S_NOMBRE' => 'CENTRO',
  'S_DESCRIPCION' => 'Sede para atender los casos de la regional centro',
  'S_C_ID' => '1',
  'S_CANTIDAD_ENCUESTAS' => '10',
  'S_ACTIVO' => '1',
  'S_LOGO' => '4',
  'S_MUESTRA_VIDEO' => '0',
) 
2014-06-20 14:52:33 --> se va a extraer informacion del area  
2014-06-20 14:52:33 --> la informacion del area es array (
  'AR_ID' => '3',
  'AR_NOMBRE' => 'SEGUIMIENTO_AL_SERVICIO',
  'AR_DESCRIPCION' => 'Certificados laborales Solicitudes Quejas Rec',
  'AR_C_ID' => '1',
  'AR_ACTIVO' => '1',
  'AR_ALIAS' => 'SAS',
  'AR_MOSTRAR_NOMBRE_PANTALLA' => '0',
) 
2014-06-20 14:52:33 --> se va a crear el turno 
2014-06-20 14:52:33 --> se creo el turno 55 del area SAS 
2014-06-20 15:07:07 --> crear el consumidor 
2014-06-20 15:07:07 --> se creo el consumidor 4527 
2014-06-20 15:07:07 --> la informacion de la sede es array (
  'S_ID' => '2',
  'S_NOMBRE' => 'CENTRO',
  'S_DESCRIPCION' => 'Sede para atender los casos de la regional centro',
  'S_C_ID' => '1',
  'S_CANTIDAD_ENCUESTAS' => '10',
  'S_ACTIVO' => '1',
  'S_LOGO' => '4',
  'S_MUESTRA_VIDEO' => '0',
) 
2014-06-20 15:07:07 --> se va a extraer informacion del area  
2014-06-20 15:07:07 --> la informacion del area es array (
  'AR_ID' => '1',
  'AR_NOMBRE' => 'GERENCIAMIENTO_DEL_SERVICIO',
  'AR_DESCRIPCION' => 'Cartas de ingreso al punto de venta',
  'AR_C_ID' => '1',
  'AR_ACTIVO' => '1',
  'AR_ALIAS' => 'GS',
  'AR_MOSTRAR_NOMBRE_PANTALLA' => '0',
) 
2014-06-20 15:07:07 --> se va a crear el turno 
2014-06-20 15:07:07 --> se creo el turno 16 del area GS 
2014-06-20 15:10:56 --> crear el consumidor 
2014-06-20 15:10:56 --> se creo el consumidor 4530 
2014-06-20 15:10:56 --> la informacion de la sede es array (
  'S_ID' => '2',
  'S_NOMBRE' => 'CENTRO',
  'S_DESCRIPCION' => 'Sede para atender los casos de la regional centro',
  'S_C_ID' => '1',
  'S_CANTIDAD_ENCUESTAS' => '10',
  'S_ACTIVO' => '1',
  'S_LOGO' => '4',
  'S_MUESTRA_VIDEO' => '0',
) 
2014-06-20 15:10:56 --> se va a extraer informacion del area  
2014-06-20 15:10:56 --> la informacion del area es array (
  'AR_ID' => '1',
  'AR_NOMBRE' => 'GERENCIAMIENTO_DEL_SERVICIO',
  'AR_DESCRIPCION' => 'Cartas de ingreso al punto de venta',
  'AR_C_ID' => '1',
  'AR_ACTIVO' => '1',
  'AR_ALIAS' => 'GS',
  'AR_MOSTRAR_NOMBRE_PANTALLA' => '0',
) 
2014-06-20 15:10:56 --> se va a crear el turno 
2014-06-20 15:10:56 --> se creo el turno 17 del area GS 
2014-06-20 15:11:49 --> crear el consumidor 
2014-06-20 15:11:51 --> se creo el consumidor 4532 
2014-06-20 15:11:51 --> la informacion de la sede es array (
  'S_ID' => '2',
  'S_NOMBRE' => 'CENTRO',
  'S_DESCRIPCION' => 'Sede para atender los casos de la regional centro',
  'S_C_ID' => '1',
  'S_CANTIDAD_ENCUESTAS' => '10',
  'S_ACTIVO' => '1',
  'S_LOGO' => '4',
  'S_MUESTRA_VIDEO' => '0',
) 
2014-06-20 15:11:51 --> se va a extraer informacion del area  
2014-06-20 15:11:51 --> la informacion del area es array (
  'AR_ID' => '1',
  'AR_NOMBRE' => 'GERENCIAMIENTO_DEL_SERVICIO',
  'AR_DESCRIPCION' => 'Cartas de ingreso al punto de venta',
  'AR_C_ID' => '1',
  'AR_ACTIVO' => '1',
  'AR_ALIAS' => 'GS',
  'AR_MOSTRAR_NOMBRE_PANTALLA' => '0',
) 
2014-06-20 15:11:51 --> se va a crear el turno 
2014-06-20 15:11:51 --> se creo el turno 18 del area GS 
2014-06-20 15:12:32 --> crear el consumidor 
2014-06-20 15:12:32 --> se creo el consumidor 4533 
2014-06-20 15:12:32 --> la informacion de la sede es array (
  'S_ID' => '2',
  'S_NOMBRE' => 'CENTRO',
  'S_DESCRIPCION' => 'Sede para atender los casos de la regional centro',
  'S_C_ID' => '1',
  'S_CANTIDAD_ENCUESTAS' => '10',
  'S_ACTIVO' => '1',
  'S_LOGO' => '4',
  'S_MUESTRA_VIDEO' => '0',
) 
2014-06-20 15:12:32 --> se va a extraer informacion del area  
2014-06-20 15:12:32 --> la informacion del area es array (
  'AR_ID' => '1',
  'AR_NOMBRE' => 'GERENCIAMIENTO_DEL_SERVICIO',
  'AR_DESCRIPCION' => 'Cartas de ingreso al punto de venta',
  'AR_C_ID' => '1',
  'AR_ACTIVO' => '1',
  'AR_ALIAS' => 'GS',
  'AR_MOSTRAR_NOMBRE_PANTALLA' => '0',
) 
2014-06-20 15:12:32 --> se va a crear el turno 
2014-06-20 15:12:32 --> se creo el turno 19 del area GS 
2014-06-20 15:36:37 --> crear el consumidor 
2014-06-20 15:36:37 --> se creo el consumidor 4538 
2014-06-20 15:36:37 --> la informacion de la sede es array (
  'S_ID' => '2',
  'S_NOMBRE' => 'CENTRO',
  'S_DESCRIPCION' => 'Sede para atender los casos de la regional centro',
  'S_C_ID' => '1',
  'S_CANTIDAD_ENCUESTAS' => '10',
  'S_ACTIVO' => '1',
  'S_LOGO' => '4',
  'S_MUESTRA_VIDEO' => '0',
) 
2014-06-20 15:36:37 --> se va a extraer informacion del area  
2014-06-20 15:36:37 --> la informacion del area es array (
  'AR_ID' => '2',
  'AR_NOMBRE' => 'APORTES',
  'AR_DESCRIPCION' => 'Pensiones Incapacidades Cesantias Cartas FNA',
  'AR_C_ID' => '1',
  'AR_ACTIVO' => '1',
  'AR_ALIAS' => 'A',
  'AR_MOSTRAR_NOMBRE_PANTALLA' => '0',
) 
2014-06-20 15:36:37 --> se va a crear el turno 
2014-06-20 15:36:37 --> se creo el turno 43 del area A 
2014-06-20 15:37:18 --> crear el consumidor 
2014-06-20 15:37:18 --> se creo el consumidor 4539 
2014-06-20 15:37:18 --> la informacion de la sede es array (
  'S_ID' => '2',
  'S_NOMBRE' => 'CENTRO',
  'S_DESCRIPCION' => 'Sede para atender los casos de la regional centro',
  'S_C_ID' => '1',
  'S_CANTIDAD_ENCUESTAS' => '10',
  'S_ACTIVO' => '1',
  'S_LOGO' => '4',
  'S_MUESTRA_VIDEO' => '0',
) 
2014-06-20 15:37:18 --> se va a extraer informacion del area  
2014-06-20 15:37:18 --> la informacion del area es array (
  'AR_ID' => '3',
  'AR_NOMBRE' => 'SEGUIMIENTO_AL_SERVICIO',
  'AR_DESCRIPCION' => 'Certificados laborales Solicitudes Quejas Rec',
  'AR_C_ID' => '1',
  'AR_ACTIVO' => '1',
  'AR_ALIAS' => 'SAS',
  'AR_MOSTRAR_NOMBRE_PANTALLA' => '0',
) 
2014-06-20 15:37:18 --> se va a crear el turno 
2014-06-20 15:37:18 --> se creo el turno 58 del area SAS 
2014-06-20 15:42:34 --> crear el consumidor 
2014-06-20 15:42:35 --> se creo el consumidor 4541 
2014-06-20 15:42:35 --> la informacion de la sede es array (
  'S_ID' => '2',
  'S_NOMBRE' => 'CENTRO',
  'S_DESCRIPCION' => 'Sede para atender los casos de la regional centro',
  'S_C_ID' => '1',
  'S_CANTIDAD_ENCUESTAS' => '10',
  'S_ACTIVO' => '1',
  'S_LOGO' => '4',
  'S_MUESTRA_VIDEO' => '0',
) 
2014-06-20 15:42:35 --> se va a extraer informacion del area  
2014-06-20 15:42:35 --> la informacion del area es array (
  'AR_ID' => '2',
  'AR_NOMBRE' => 'APORTES',
  'AR_DESCRIPCION' => 'Pensiones Incapacidades Cesantias Cartas FNA',
  'AR_C_ID' => '1',
  'AR_ACTIVO' => '1',
  'AR_ALIAS' => 'A',
  'AR_MOSTRAR_NOMBRE_PANTALLA' => '0',
) 
2014-06-20 15:42:35 --> se va a crear el turno 
2014-06-20 15:42:35 --> se creo el turno 45 del area A 
2014-06-20 15:58:07 --> crear el consumidor 
2014-06-20 15:58:07 --> se creo el consumidor 4552 
2014-06-20 15:58:07 --> la informacion de la sede es array (
  'S_ID' => '2',
  'S_NOMBRE' => 'CENTRO',
  'S_DESCRIPCION' => 'Sede para atender los casos de la regional centro',
  'S_C_ID' => '1',
  'S_CANTIDAD_ENCUESTAS' => '10',
  'S_ACTIVO' => '1',
  'S_LOGO' => '4',
  'S_MUESTRA_VIDEO' => '0',
) 
2014-06-20 15:58:07 --> se va a extraer informacion del area  
2014-06-20 15:58:07 --> la informacion del area es array (
  'AR_ID' => '3',
  'AR_NOMBRE' => 'SEGUIMIENTO_AL_SERVICIO',
  'AR_DESCRIPCION' => 'Certificados laborales Solicitudes Quejas Rec',
  'AR_C_ID' => '1',
  'AR_ACTIVO' => '1',
  'AR_ALIAS' => 'SAS',
  'AR_MOSTRAR_NOMBRE_PANTALLA' => '0',
) 
2014-06-20 15:58:07 --> se va a crear el turno 
2014-06-20 15:58:07 --> se creo el turno 60 del area SAS 
2014-06-20 16:01:41 --> crear el consumidor 
2014-06-20 16:01:41 --> se creo el consumidor 4554 
2014-06-20 16:01:41 --> la informacion de la sede es array (
  'S_ID' => '2',
  'S_NOMBRE' => 'CENTRO',
  'S_DESCRIPCION' => 'Sede para atender los casos de la regional centro',
  'S_C_ID' => '1',
  'S_CANTIDAD_ENCUESTAS' => '10',
  'S_ACTIVO' => '1',
  'S_LOGO' => '4',
  'S_MUESTRA_VIDEO' => '0',
) 
2014-06-20 16:01:41 --> se va a extraer informacion del area  
2014-06-20 16:01:41 --> la informacion del area es array (
  'AR_ID' => '2',
  'AR_NOMBRE' => 'APORTES',
  'AR_DESCRIPCION' => 'Pensiones Incapacidades Cesantias Cartas FNA',
  'AR_C_ID' => '1',
  'AR_ACTIVO' => '1',
  'AR_ALIAS' => 'A',
  'AR_MOSTRAR_NOMBRE_PANTALLA' => '0',
) 
2014-06-20 16:01:41 --> se va a crear el turno 
2014-06-20 16:01:41 --> se creo el turno 49 del area A 
2014-06-20 16:09:44 --> crear el consumidor 
2014-06-20 16:09:44 --> se creo el consumidor 4556 
2014-06-20 16:09:44 --> la informacion de la sede es array (
  'S_ID' => '2',
  'S_NOMBRE' => 'CENTRO',
  'S_DESCRIPCION' => 'Sede para atender los casos de la regional centro',
  'S_C_ID' => '1',
  'S_CANTIDAD_ENCUESTAS' => '10',
  'S_ACTIVO' => '1',
  'S_LOGO' => '4',
  'S_MUESTRA_VIDEO' => '0',
) 
2014-06-20 16:09:44 --> se va a extraer informacion del area  
2014-06-20 16:09:44 --> la informacion del area es array (
  'AR_ID' => '3',
  'AR_NOMBRE' => 'SEGUIMIENTO_AL_SERVICIO',
  'AR_DESCRIPCION' => 'Certificados laborales Solicitudes Quejas Rec',
  'AR_C_ID' => '1',
  'AR_ACTIVO' => '1',
  'AR_ALIAS' => 'SAS',
  'AR_MOSTRAR_NOMBRE_PANTALLA' => '0',
) 
2014-06-20 16:09:44 --> se va a crear el turno 
2014-06-20 16:09:44 --> se creo el turno 61 del area SAS 
2014-06-20 16:13:23 --> crear el consumidor 
2014-06-20 16:13:23 --> se creo el consumidor 4557 
2014-06-20 16:13:23 --> la informacion de la sede es array (
  'S_ID' => '2',
  'S_NOMBRE' => 'CENTRO',
  'S_DESCRIPCION' => 'Sede para atender los casos de la regional centro',
  'S_C_ID' => '1',
  'S_CANTIDAD_ENCUESTAS' => '10',
  'S_ACTIVO' => '1',
  'S_LOGO' => '4',
  'S_MUESTRA_VIDEO' => '0',
) 
2014-06-20 16:13:23 --> se va a extraer informacion del area  
2014-06-20 16:13:23 --> la informacion del area es array (
  'AR_ID' => '3',
  'AR_NOMBRE' => 'SEGUIMIENTO_AL_SERVICIO',
  'AR_DESCRIPCION' => 'Certificados laborales Solicitudes Quejas Rec',
  'AR_C_ID' => '1',
  'AR_ACTIVO' => '1',
  'AR_ALIAS' => 'SAS',
  'AR_MOSTRAR_NOMBRE_PANTALLA' => '0',
) 
2014-06-20 16:13:23 --> se va a crear el turno 
2014-06-20 16:13:23 --> se creo el turno 62 del area SAS 
2014-06-20 16:17:23 --> crear el consumidor 
2014-06-20 16:17:23 --> se creo el consumidor 4558 
2014-06-20 16:17:23 --> la informacion de la sede es array (
  'S_ID' => '2',
  'S_NOMBRE' => 'CENTRO',
  'S_DESCRIPCION' => 'Sede para atender los casos de la regional centro',
  'S_C_ID' => '1',
  'S_CANTIDAD_ENCUESTAS' => '10',
  'S_ACTIVO' => '1',
  'S_LOGO' => '4',
  'S_MUESTRA_VIDEO' => '0',
) 
2014-06-20 16:17:23 --> se va a extraer informacion del area  
2014-06-20 16:17:23 --> la informacion del area es array (
  'AR_ID' => '3',
  'AR_NOMBRE' => 'SEGUIMIENTO_AL_SERVICIO',
  'AR_DESCRIPCION' => 'Certificados laborales Solicitudes Quejas Rec',
  'AR_C_ID' => '1',
  'AR_ACTIVO' => '1',
  'AR_ALIAS' => 'SAS',
  'AR_MOSTRAR_NOMBRE_PANTALLA' => '0',
) 
2014-06-20 16:17:23 --> se va a crear el turno 
2014-06-20 16:17:23 --> se creo el turno 63 del area SAS 
2014-06-20 16:23:17 --> crear el consumidor 
2014-06-20 16:23:17 --> se creo el consumidor 4561 
2014-06-20 16:23:17 --> la informacion de la sede es array (
  'S_ID' => '2',
  'S_NOMBRE' => 'CENTRO',
  'S_DESCRIPCION' => 'Sede para atender los casos de la regional centro',
  'S_C_ID' => '1',
  'S_CANTIDAD_ENCUESTAS' => '10',
  'S_ACTIVO' => '1',
  'S_LOGO' => '4',
  'S_MUESTRA_VIDEO' => '0',
) 
2014-06-20 16:23:17 --> se va a extraer informacion del area  
2014-06-20 16:23:17 --> la informacion del area es array (
  'AR_ID' => '2',
  'AR_NOMBRE' => 'APORTES',
  'AR_DESCRIPCION' => 'Pensiones Incapacidades Cesantias Cartas FNA',
  'AR_C_ID' => '1',
  'AR_ACTIVO' => '1',
  'AR_ALIAS' => 'A',
  'AR_MOSTRAR_NOMBRE_PANTALLA' => '0',
) 
2014-06-20 16:23:17 --> se va a crear el turno 
2014-06-20 16:23:17 --> se creo el turno 50 del area A 
2014-06-20 16:38:47 --> crear el consumidor 
2014-06-20 16:38:48 --> se creo el consumidor 4571 
2014-06-20 16:38:48 --> la informacion de la sede es array (
  'S_ID' => '2',
  'S_NOMBRE' => 'CENTRO',
  'S_DESCRIPCION' => 'Sede para atender los casos de la regional centro',
  'S_C_ID' => '1',
  'S_CANTIDAD_ENCUESTAS' => '10',
  'S_ACTIVO' => '1',
  'S_LOGO' => '4',
  'S_MUESTRA_VIDEO' => '0',
) 
2014-06-20 16:38:48 --> se va a extraer informacion del area  
2014-06-20 16:38:48 --> la informacion del area es array (
  'AR_ID' => '3',
  'AR_NOMBRE' => 'SEGUIMIENTO_AL_SERVICIO',
  'AR_DESCRIPCION' => 'Certificados laborales Solicitudes Quejas Rec',
  'AR_C_ID' => '1',
  'AR_ACTIVO' => '1',
  'AR_ALIAS' => 'SAS',
  'AR_MOSTRAR_NOMBRE_PANTALLA' => '0',
) 
2014-06-20 16:38:48 --> se va a crear el turno 
2014-06-20 16:38:48 --> se creo el turno 64 del area SAS 
2014-06-20 16:47:23 --> crear el consumidor 
2014-06-20 16:47:23 --> se creo el consumidor 4578 
2014-06-20 16:47:23 --> la informacion de la sede es array (
  'S_ID' => '2',
  'S_NOMBRE' => 'CENTRO',
  'S_DESCRIPCION' => 'Sede para atender los casos de la regional centro',
  'S_C_ID' => '1',
  'S_CANTIDAD_ENCUESTAS' => '10',
  'S_ACTIVO' => '1',
  'S_LOGO' => '4',
  'S_MUESTRA_VIDEO' => '0',
) 
2014-06-20 16:47:23 --> se va a extraer informacion del area  
2014-06-20 16:47:23 --> la informacion del area es array (
  'AR_ID' => '3',
  'AR_NOMBRE' => 'SEGUIMIENTO_AL_SERVICIO',
  'AR_DESCRIPCION' => 'Certificados laborales Solicitudes Quejas Rec',
  'AR_C_ID' => '1',
  'AR_ACTIVO' => '1',
  'AR_ALIAS' => 'SAS',
  'AR_MOSTRAR_NOMBRE_PANTALLA' => '0',
) 
2014-06-20 16:47:23 --> se va a crear el turno 
2014-06-20 16:47:23 --> se creo el turno 65 del area SAS 
2014-06-20 16:50:06 --> crear el consumidor 
2014-06-20 16:50:06 --> se creo el consumidor 4581 
2014-06-20 16:50:06 --> la informacion de la sede es array (
  'S_ID' => '2',
  'S_NOMBRE' => 'CENTRO',
  'S_DESCRIPCION' => 'Sede para atender los casos de la regional centro',
  'S_C_ID' => '1',
  'S_CANTIDAD_ENCUESTAS' => '10',
  'S_ACTIVO' => '1',
  'S_LOGO' => '4',
  'S_MUESTRA_VIDEO' => '0',
) 
2014-06-20 16:50:06 --> se va a extraer informacion del area  
2014-06-20 16:50:06 --> la informacion del area es array (
  'AR_ID' => '2',
  'AR_NOMBRE' => 'APORTES',
  'AR_DESCRIPCION' => 'Pensiones Incapacidades Cesantias Cartas FNA',
  'AR_C_ID' => '1',
  'AR_ACTIVO' => '1',
  'AR_ALIAS' => 'A',
  'AR_MOSTRAR_NOMBRE_PANTALLA' => '0',
) 
2014-06-20 16:50:06 --> se va a crear el turno 
2014-06-20 16:50:06 --> se creo el turno 51 del area A 
2014-06-20 17:15:54 --> crear el consumidor 
2014-06-20 17:15:54 --> se creo el consumidor 4602 
2014-06-20 17:15:54 --> la informacion de la sede es array (
  'S_ID' => '2',
  'S_NOMBRE' => 'CENTRO',
  'S_DESCRIPCION' => 'Sede para atender los casos de la regional centro',
  'S_C_ID' => '1',
  'S_CANTIDAD_ENCUESTAS' => '10',
  'S_ACTIVO' => '1',
  'S_LOGO' => '4',
  'S_MUESTRA_VIDEO' => '0',
) 
2014-06-20 17:15:54 --> se va a extraer informacion del area  
2014-06-20 17:15:54 --> la informacion del area es array (
  'AR_ID' => '2',
  'AR_NOMBRE' => 'APORTES',
  'AR_DESCRIPCION' => 'Pensiones Incapacidades Cesantias Cartas FNA',
  'AR_C_ID' => '1',
  'AR_ACTIVO' => '1',
  'AR_ALIAS' => 'A',
  'AR_MOSTRAR_NOMBRE_PANTALLA' => '0',
) 
2014-06-20 17:15:54 --> se va a crear el turno 
2014-06-20 17:15:54 --> se creo el turno 54 del area A 
2014-06-20 17:18:53 --> crear el consumidor 
2014-06-20 17:18:53 --> se creo el consumidor 4608 
2014-06-20 17:18:53 --> la informacion de la sede es array (
  'S_ID' => '2',
  'S_NOMBRE' => 'CENTRO',
  'S_DESCRIPCION' => 'Sede para atender los casos de la regional centro',
  'S_C_ID' => '1',
  'S_CANTIDAD_ENCUESTAS' => '10',
  'S_ACTIVO' => '1',
  'S_LOGO' => '4',
  'S_MUESTRA_VIDEO' => '0',
) 
2014-06-20 17:18:53 --> se va a extraer informacion del area  
2014-06-20 17:18:53 --> la informacion del area es array (
  'AR_ID' => '2',
  'AR_NOMBRE' => 'APORTES',
  'AR_DESCRIPCION' => 'Pensiones Incapacidades Cesantias Cartas FNA',
  'AR_C_ID' => '1',
  'AR_ACTIVO' => '1',
  'AR_ALIAS' => 'A',
  'AR_MOSTRAR_NOMBRE_PANTALLA' => '0',
) 
2014-06-20 17:18:53 --> se va a crear el turno 
2014-06-20 17:18:53 --> se creo el turno 57 del area A 
