
2014-05-22 10:43:25 --> get_areas 1 
2014-05-22 10:43:25 --> buscando areas del cliente 
2014-05-22 10:43:25 --> encontro estas areas array (
  0 => 
  array (
    'id_area' => '1',
    'nombre_area' => 'Cartas de ingreso al punto de venta Fondex',
  ),
  1 => 
  array (
    'id_area' => '2',
    'nombre_area' => 'Seguridad social Pensiones Incapacidades',
  ),
  2 => 
  array (
    'id_area' => '3',
    'nombre_area' => 'Cesantias Cert laborales Constancias FNA',
  ),
  3 => 
  array (
    'id_area' => '5',
    'nombre_area' => 'Otros',
  ),
  4 => 
  array (
    'id_area' => '7',
    'nombre_area' => 'Solicitudes varias',
  ),
  5 => 
  array (
    'id_area' => '8',
    'nombre_area' => 'Pago nomina y liquidaciones',
  ),
) 
2014-05-22 10:43:25 --> salida array (
  'status' => 'success',
  'error_descrip' => '',
  'datos' => 
  array (
    0 => 
    array (
      'id_area' => '1',
      'nombre_area' => 'Cartas de ingreso al punto de venta Fondex',
    ),
    1 => 
    array (
      'id_area' => '2',
      'nombre_area' => 'Seguridad social Pensiones Incapacidades',
    ),
    2 => 
    array (
      'id_area' => '3',
      'nombre_area' => 'Cesantias Cert laborales Constancias FNA',
    ),
    3 => 
    array (
      'id_area' => '5',
      'nombre_area' => 'Otros',
    ),
    4 => 
    array (
      'id_area' => '7',
      'nombre_area' => 'Solicitudes varias',
    ),
    5 => 
    array (
      'id_area' => '8',
      'nombre_area' => 'Pago nomina y liquidaciones',
    ),
  ),
) 
2014-05-22 10:43:28 --> crear el consumidor 
2014-05-22 10:43:28 --> se creo el consumidor 1010 
2014-05-22 10:43:28 --> la informacion de la sede es array (
  'S_ID' => '3',
  'S_NOMBRE' => 'NORTE',
  'S_DESCRIPCION' => 'Sede para atender los casos de la regional norte',
  'S_C_ID' => '1',
  'S_CANTIDAD_ENCUESTAS' => '10',
  'S_ACTIVO' => '1',
  'S_LOGO' => '1',
  'S_MUESTRA_VIDEO' => '0',
) 
2014-05-22 10:43:28 --> se va a extraer informacion del area  
2014-05-22 10:43:28 --> la informacion del area es array (
  'AR_ID' => '1',
  'AR_NOMBRE' => 'GERENCIAMIENTO_DEL_SERVICIO',
  'AR_DESCRIPCION' => 'Cartas de ingreso al punto de venta Fondex',
  'AR_C_ID' => '1',
  'AR_ACTIVO' => '1',
  'AR_ALIAS' => 'GS',
  'AR_MOSTRAR_NOMBRE_PANTALLA' => '0',
) 
2014-05-22 10:43:28 --> se va a crear el turno 
2014-05-22 10:43:28 --> se creo el turno 2 del area GS 

2014-05-22 15:31:24 --> get_areas 1 
2014-05-22 15:31:24 --> buscando areas del cliente 
2014-05-22 15:31:24 --> encontro estas areas array (
  0 => 
  array (
    'id_area' => '1',
    'nombre_area' => 'Cartas de ingreso al punto de venta Fondex',
  ),
  1 => 
  array (
    'id_area' => '2',
    'nombre_area' => 'Seguridad social Pensiones Incapacidades',
  ),
  2 => 
  array (
    'id_area' => '3',
    'nombre_area' => 'Cesantias Cert laborales Constancias FNA',
  ),
  3 => 
  array (
    'id_area' => '5',
    'nombre_area' => 'Otros',
  ),
  4 => 
  array (
    'id_area' => '7',
    'nombre_area' => 'Solicitudes varias',
  ),
  5 => 
  array (
    'id_area' => '8',
    'nombre_area' => 'Pago nomina y liquidaciones',
  ),
) 
2014-05-22 15:31:24 --> salida array (
  'status' => 'success',
  'error_descrip' => '',
  'datos' => 
  array (
    0 => 
    array (
      'id_area' => '1',
      'nombre_area' => 'Cartas de ingreso al punto de venta Fondex',
    ),
    1 => 
    array (
      'id_area' => '2',
      'nombre_area' => 'Seguridad social Pensiones Incapacidades',
    ),
    2 => 
    array (
      'id_area' => '3',
      'nombre_area' => 'Cesantias Cert laborales Constancias FNA',
    ),
    3 => 
    array (
      'id_area' => '5',
      'nombre_area' => 'Otros',
    ),
    4 => 
    array (
      'id_area' => '7',
      'nombre_area' => 'Solicitudes varias',
    ),
    5 => 
    array (
      'id_area' => '8',
      'nombre_area' => 'Pago nomina y liquidaciones',
    ),
  ),
) 

2014-05-22 15:31:28 --> get_areas 1 
2014-05-22 15:31:28 --> buscando areas del cliente 
2014-05-22 15:31:28 --> encontro estas areas array (
  0 => 
  array (
    'id_area' => '1',
    'nombre_area' => 'Cartas de ingreso al punto de venta Fondex',
  ),
  1 => 
  array (
    'id_area' => '2',
    'nombre_area' => 'Seguridad social Pensiones Incapacidades',
  ),
  2 => 
  array (
    'id_area' => '3',
    'nombre_area' => 'Cesantias Cert laborales Constancias FNA',
  ),
  3 => 
  array (
    'id_area' => '5',
    'nombre_area' => 'Otros',
  ),
  4 => 
  array (
    'id_area' => '7',
    'nombre_area' => 'Solicitudes varias',
  ),
  5 => 
  array (
    'id_area' => '8',
    'nombre_area' => 'Pago nomina y liquidaciones',
  ),
) 
2014-05-22 15:31:28 --> salida array (
  'status' => 'success',
  'error_descrip' => '',
  'datos' => 
  array (
    0 => 
    array (
      'id_area' => '1',
      'nombre_area' => 'Cartas de ingreso al punto de venta Fondex',
    ),
    1 => 
    array (
      'id_area' => '2',
      'nombre_area' => 'Seguridad social Pensiones Incapacidades',
    ),
    2 => 
    array (
      'id_area' => '3',
      'nombre_area' => 'Cesantias Cert laborales Constancias FNA',
    ),
    3 => 
    array (
      'id_area' => '5',
      'nombre_area' => 'Otros',
    ),
    4 => 
    array (
      'id_area' => '7',
      'nombre_area' => 'Solicitudes varias',
    ),
    5 => 
    array (
      'id_area' => '8',
      'nombre_area' => 'Pago nomina y liquidaciones',
    ),
  ),
) 

2014-05-22 15:32:10 --> get_areas 1 
2014-05-22 15:32:10 --> buscando areas del cliente 
2014-05-22 15:32:10 --> encontro estas areas array (
  0 => 
  array (
    'id_area' => '1',
    'nombre_area' => 'Cartas de ingreso al punto de venta Fondex',
  ),
  1 => 
  array (
    'id_area' => '2',
    'nombre_area' => 'Seguridad social Pensiones Incapacidades',
  ),
  2 => 
  array (
    'id_area' => '3',
    'nombre_area' => 'Cesantias Cert laborales Constancias FNA',
  ),
  3 => 
  array (
    'id_area' => '5',
    'nombre_area' => 'Otros',
  ),
  4 => 
  array (
    'id_area' => '7',
    'nombre_area' => 'Solicitudes varias',
  ),
  5 => 
  array (
    'id_area' => '8',
    'nombre_area' => 'Pago nomina y liquidaciones',
  ),
) 
2014-05-22 15:32:10 --> salida array (
  'status' => 'success',
  'error_descrip' => '',
  'datos' => 
  array (
    0 => 
    array (
      'id_area' => '1',
      'nombre_area' => 'Cartas de ingreso al punto de venta Fondex',
    ),
    1 => 
    array (
      'id_area' => '2',
      'nombre_area' => 'Seguridad social Pensiones Incapacidades',
    ),
    2 => 
    array (
      'id_area' => '3',
      'nombre_area' => 'Cesantias Cert laborales Constancias FNA',
    ),
    3 => 
    array (
      'id_area' => '5',
      'nombre_area' => 'Otros',
    ),
    4 => 
    array (
      'id_area' => '7',
      'nombre_area' => 'Solicitudes varias',
    ),
    5 => 
    array (
      'id_area' => '8',
      'nombre_area' => 'Pago nomina y liquidaciones',
    ),
  ),
) 
2014-05-22 15:32:32 --> crear el consumidor 
2014-05-22 15:32:32 --> crear el consumidor 
2014-05-22 15:32:32 --> crear el consumidor 
2014-05-22 15:32:32 --> se creo el consumidor 0 
2014-05-22 15:32:32 --> se creo el consumidor 0 
2014-05-22 15:32:32 --> la informacion de la sede es array (
) 
2014-05-22 15:32:32 --> se va a extraer informacion del area  
2014-05-22 15:32:32 --> la informacion de la sede es array (
) 
2014-05-22 15:32:32 --> se va a extraer informacion del area  
2014-05-22 15:32:32 --> la informacion del area es array (
) 
2014-05-22 15:32:32 --> se va a crear el turno 
2014-05-22 15:32:32 --> la informacion del area es array (
) 
2014-05-22 15:32:32 --> se va a crear el turno 
2014-05-22 15:32:32 --> se creo el turno 0 del area  
2014-05-22 15:32:32 --> se creo el turno 0 del area  
2014-05-22 15:32:32 --> se creo el consumidor 1033 
2014-05-22 15:32:32 --> la informacion de la sede es array (
  'S_ID' => '3',
  'S_NOMBRE' => 'NORTE',
  'S_DESCRIPCION' => 'Sede para atender los casos de la regional norte',
  'S_C_ID' => '1',
  'S_CANTIDAD_ENCUESTAS' => '10',
  'S_ACTIVO' => '1',
  'S_LOGO' => '7',
  'S_MUESTRA_VIDEO' => '0',
) 
2014-05-22 15:32:32 --> se va a extraer informacion del area  
2014-05-22 15:32:32 --> la informacion del area es array (
  'AR_ID' => '3',
  'AR_NOMBRE' => 'SEGUIMIENTO_AL_SERVICIO',
  'AR_DESCRIPCION' => 'Cesantias Cert laborales Constancias FNA',
  'AR_C_ID' => '1',
  'AR_ACTIVO' => '1',
  'AR_ALIAS' => 'SAS',
  'AR_MOSTRAR_NOMBRE_PANTALLA' => '0',
) 
2014-05-22 15:32:32 --> se va a crear el turno 
2014-05-22 15:32:32 --> se creo el turno 4 del area SAS 

2014-05-22 15:33:21 --> get_areas 1 
2014-05-22 15:33:21 --> buscando areas del cliente 
2014-05-22 15:33:21 --> encontro estas areas array (
  0 => 
  array (
    'id_area' => '1',
    'nombre_area' => 'Cartas de ingreso al punto de venta Fondex',
  ),
  1 => 
  array (
    'id_area' => '2',
    'nombre_area' => 'Seguridad social Pensiones Incapacidades',
  ),
  2 => 
  array (
    'id_area' => '3',
    'nombre_area' => 'Cesantias Cert laborales Constancias FNA',
  ),
  3 => 
  array (
    'id_area' => '5',
    'nombre_area' => 'Otros',
  ),
  4 => 
  array (
    'id_area' => '7',
    'nombre_area' => 'Solicitudes varias',
  ),
  5 => 
  array (
    'id_area' => '8',
    'nombre_area' => 'Pago nomina y liquidaciones',
  ),
) 
2014-05-22 15:33:21 --> salida array (
  'status' => 'success',
  'error_descrip' => '',
  'datos' => 
  array (
    0 => 
    array (
      'id_area' => '1',
      'nombre_area' => 'Cartas de ingreso al punto de venta Fondex',
    ),
    1 => 
    array (
      'id_area' => '2',
      'nombre_area' => 'Seguridad social Pensiones Incapacidades',
    ),
    2 => 
    array (
      'id_area' => '3',
      'nombre_area' => 'Cesantias Cert laborales Constancias FNA',
    ),
    3 => 
    array (
      'id_area' => '5',
      'nombre_area' => 'Otros',
    ),
    4 => 
    array (
      'id_area' => '7',
      'nombre_area' => 'Solicitudes varias',
    ),
    5 => 
    array (
      'id_area' => '8',
      'nombre_area' => 'Pago nomina y liquidaciones',
    ),
  ),
) 
2014-05-22 15:33:27 --> crear el consumidor 
2014-05-22 15:33:27 --> se creo el consumidor 1034 
2014-05-22 15:33:27 --> la informacion de la sede es array (
  'S_ID' => '3',
  'S_NOMBRE' => 'NORTE',
  'S_DESCRIPCION' => 'Sede para atender los casos de la regional norte',
  'S_C_ID' => '1',
  'S_CANTIDAD_ENCUESTAS' => '10',
  'S_ACTIVO' => '1',
  'S_LOGO' => '7',
  'S_MUESTRA_VIDEO' => '0',
) 
2014-05-22 15:33:27 --> se va a extraer informacion del area  
2014-05-22 15:33:27 --> la informacion del area es array (
  'AR_ID' => '3',
  'AR_NOMBRE' => 'SEGUIMIENTO_AL_SERVICIO',
  'AR_DESCRIPCION' => 'Cesantias Cert laborales Constancias FNA',
  'AR_C_ID' => '1',
  'AR_ACTIVO' => '1',
  'AR_ALIAS' => 'SAS',
  'AR_MOSTRAR_NOMBRE_PANTALLA' => '0',
) 
2014-05-22 15:33:27 --> se va a crear el turno 
2014-05-22 15:33:27 --> se creo el turno 5 del area SAS 

2014-05-22 15:36:55 --> get_areas 1 
2014-05-22 15:36:55 --> buscando areas del cliente 
2014-05-22 15:36:55 --> encontro estas areas array (
  0 => 
  array (
    'id_area' => '1',
    'nombre_area' => 'Cartas de ingreso al punto de venta Fondex',
  ),
  1 => 
  array (
    'id_area' => '2',
    'nombre_area' => 'Seguridad social Pensiones Incapacidades',
  ),
  2 => 
  array (
    'id_area' => '3',
    'nombre_area' => 'Cesantias Cert laborales Constancias FNA',
  ),
  3 => 
  array (
    'id_area' => '5',
    'nombre_area' => 'Otros',
  ),
  4 => 
  array (
    'id_area' => '7',
    'nombre_area' => 'Solicitudes varias',
  ),
  5 => 
  array (
    'id_area' => '8',
    'nombre_area' => 'Pago nomina y liquidaciones',
  ),
) 
2014-05-22 15:36:55 --> salida array (
  'status' => 'success',
  'error_descrip' => '',
  'datos' => 
  array (
    0 => 
    array (
      'id_area' => '1',
      'nombre_area' => 'Cartas de ingreso al punto de venta Fondex',
    ),
    1 => 
    array (
      'id_area' => '2',
      'nombre_area' => 'Seguridad social Pensiones Incapacidades',
    ),
    2 => 
    array (
      'id_area' => '3',
      'nombre_area' => 'Cesantias Cert laborales Constancias FNA',
    ),
    3 => 
    array (
      'id_area' => '5',
      'nombre_area' => 'Otros',
    ),
    4 => 
    array (
      'id_area' => '7',
      'nombre_area' => 'Solicitudes varias',
    ),
    5 => 
    array (
      'id_area' => '8',
      'nombre_area' => 'Pago nomina y liquidaciones',
    ),
  ),
) 
2014-05-22 15:37:03 --> crear el consumidor 
2014-05-22 15:37:03 --> se creo el consumidor 1036 
2014-05-22 15:37:03 --> la informacion de la sede es array (
  'S_ID' => '3',
  'S_NOMBRE' => 'NORTE',
  'S_DESCRIPCION' => 'Sede para atender los casos de la regional norte',
  'S_C_ID' => '1',
  'S_CANTIDAD_ENCUESTAS' => '10',
  'S_ACTIVO' => '1',
  'S_LOGO' => '7',
  'S_MUESTRA_VIDEO' => '0',
) 
2014-05-22 15:37:03 --> se va a extraer informacion del area  
2014-05-22 15:37:03 --> la informacion del area es array (
  'AR_ID' => '8',
  'AR_NOMBRE' => 'COMPENSACION_SALARIAL',
  'AR_DESCRIPCION' => 'Pago nomina y liquidaciones',
  'AR_C_ID' => '1',
  'AR_ACTIVO' => '1',
  'AR_ALIAS' => 'Comp',
  'AR_MOSTRAR_NOMBRE_PANTALLA' => '0',
) 
2014-05-22 15:37:03 --> se va a crear el turno 
2014-05-22 15:37:03 --> se creo el turno 2 del area Comp 

2014-05-22 16:08:47 --> get_areas 1 
2014-05-22 16:08:47 --> buscando areas del cliente 
2014-05-22 16:08:47 --> encontro estas areas array (
  0 => 
  array (
    'id_area' => '1',
    'nombre_area' => 'Cartas de ingreso al punto de venta Fondex',
  ),
  1 => 
  array (
    'id_area' => '2',
    'nombre_area' => 'Seguridad social Pensiones Incapacidades',
  ),
  2 => 
  array (
    'id_area' => '3',
    'nombre_area' => 'Cesantias Cert laborales Constancias FNA',
  ),
  3 => 
  array (
    'id_area' => '5',
    'nombre_area' => 'Otros',
  ),
  4 => 
  array (
    'id_area' => '7',
    'nombre_area' => 'Solicitudes varias',
  ),
  5 => 
  array (
    'id_area' => '8',
    'nombre_area' => 'Pago nomina y liquidaciones',
  ),
) 
2014-05-22 16:08:47 --> salida array (
  'status' => 'success',
  'error_descrip' => '',
  'datos' => 
  array (
    0 => 
    array (
      'id_area' => '1',
      'nombre_area' => 'Cartas de ingreso al punto de venta Fondex',
    ),
    1 => 
    array (
      'id_area' => '2',
      'nombre_area' => 'Seguridad social Pensiones Incapacidades',
    ),
    2 => 
    array (
      'id_area' => '3',
      'nombre_area' => 'Cesantias Cert laborales Constancias FNA',
    ),
    3 => 
    array (
      'id_area' => '5',
      'nombre_area' => 'Otros',
    ),
    4 => 
    array (
      'id_area' => '7',
      'nombre_area' => 'Solicitudes varias',
    ),
    5 => 
    array (
      'id_area' => '8',
      'nombre_area' => 'Pago nomina y liquidaciones',
    ),
  ),
) 
2014-05-22 16:08:49 --> crear el consumidor 
2014-05-22 16:08:49 --> se creo el consumidor 1040 
2014-05-22 16:08:49 --> la informacion de la sede es array (
  'S_ID' => '3',
  'S_NOMBRE' => 'NORTE',
  'S_DESCRIPCION' => 'Sede para atender los casos de la regional norte',
  'S_C_ID' => '1',
  'S_CANTIDAD_ENCUESTAS' => '10',
  'S_ACTIVO' => '1',
  'S_LOGO' => '7',
  'S_MUESTRA_VIDEO' => '0',
) 
2014-05-22 16:08:49 --> se va a extraer informacion del area  
2014-05-22 16:08:49 --> la informacion del area es array (
  'AR_ID' => '1',
  'AR_NOMBRE' => 'GERENCIAMIENTO_DEL_SERVICIO',
  'AR_DESCRIPCION' => 'Cartas de ingreso al punto de venta Fondex',
  'AR_C_ID' => '1',
  'AR_ACTIVO' => '1',
  'AR_ALIAS' => 'GS',
  'AR_MOSTRAR_NOMBRE_PANTALLA' => '0',
) 
2014-05-22 16:08:49 --> se va a crear el turno 
2014-05-22 16:08:49 --> se creo el turno 4 del area GS 

2014-05-22 17:03:50 --> get_areas 1 
2014-05-22 17:03:50 --> buscando areas del cliente 
2014-05-22 17:03:50 --> encontro estas areas array (
  0 => 
  array (
    'id_area' => '1',
    'nombre_area' => 'Cartas de ingreso al punto de venta Fondex',
  ),
  1 => 
  array (
    'id_area' => '2',
    'nombre_area' => 'Seguridad social Pensiones Incapacidades',
  ),
  2 => 
  array (
    'id_area' => '3',
    'nombre_area' => 'Cesantias Cert laborales Constancias FNA',
  ),
  3 => 
  array (
    'id_area' => '5',
    'nombre_area' => 'Otros',
  ),
  4 => 
  array (
    'id_area' => '7',
    'nombre_area' => 'Solicitudes varias',
  ),
  5 => 
  array (
    'id_area' => '8',
    'nombre_area' => 'Pago nomina y liquidaciones',
  ),
) 
2014-05-22 17:03:50 --> salida array (
  'status' => 'success',
  'error_descrip' => '',
  'datos' => 
  array (
    0 => 
    array (
      'id_area' => '1',
      'nombre_area' => 'Cartas de ingreso al punto de venta Fondex',
    ),
    1 => 
    array (
      'id_area' => '2',
      'nombre_area' => 'Seguridad social Pensiones Incapacidades',
    ),
    2 => 
    array (
      'id_area' => '3',
      'nombre_area' => 'Cesantias Cert laborales Constancias FNA',
    ),
    3 => 
    array (
      'id_area' => '5',
      'nombre_area' => 'Otros',
    ),
    4 => 
    array (
      'id_area' => '7',
      'nombre_area' => 'Solicitudes varias',
    ),
    5 => 
    array (
      'id_area' => '8',
      'nombre_area' => 'Pago nomina y liquidaciones',
    ),
  ),
) 
2014-05-22 17:04:04 --> crear el consumidor 
2014-05-22 17:04:04 --> se creo el consumidor 1041 
2014-05-22 17:04:04 --> la informacion de la sede es array (
  'S_ID' => '3',
  'S_NOMBRE' => 'NORTE',
  'S_DESCRIPCION' => 'Sede para atender los casos de la regional norte',
  'S_C_ID' => '1',
  'S_CANTIDAD_ENCUESTAS' => '10',
  'S_ACTIVO' => '1',
  'S_LOGO' => '7',
  'S_MUESTRA_VIDEO' => '0',
) 
2014-05-22 17:04:04 --> se va a extraer informacion del area  
2014-05-22 17:04:04 --> la informacion del area es array (
  'AR_ID' => '5',
  'AR_NOMBRE' => 'OTROS',
  'AR_DESCRIPCION' => 'Otros',
  'AR_C_ID' => '1',
  'AR_ACTIVO' => '1',
  'AR_ALIAS' => 'Otro',
  'AR_MOSTRAR_NOMBRE_PANTALLA' => '0',
) 
2014-05-22 17:04:04 --> se va a crear el turno 
2014-05-22 17:04:04 --> se creo el turno 1 del area Otro 

2014-05-22 18:22:16 --> get_areas 1 
2014-05-22 18:22:16 --> buscando areas del cliente 
2014-05-22 18:22:16 --> encontro estas areas array (
  0 => 
  array (
    'id_area' => '1',
    'nombre_area' => 'Cartas de ingreso al punto de venta Fondex',
  ),
  1 => 
  array (
    'id_area' => '2',
    'nombre_area' => 'Seguridad social Pensiones Incapacidades',
  ),
  2 => 
  array (
    'id_area' => '3',
    'nombre_area' => 'Cesantias Cert laborales Constancias FNA',
  ),
  3 => 
  array (
    'id_area' => '5',
    'nombre_area' => 'Otros',
  ),
  4 => 
  array (
    'id_area' => '7',
    'nombre_area' => 'Solicitudes varias',
  ),
  5 => 
  array (
    'id_area' => '8',
    'nombre_area' => 'Pago nomina y liquidaciones',
  ),
) 
2014-05-22 18:22:16 --> salida array (
  'status' => 'success',
  'error_descrip' => '',
  'datos' => 
  array (
    0 => 
    array (
      'id_area' => '1',
      'nombre_area' => 'Cartas de ingreso al punto de venta Fondex',
    ),
    1 => 
    array (
      'id_area' => '2',
      'nombre_area' => 'Seguridad social Pensiones Incapacidades',
    ),
    2 => 
    array (
      'id_area' => '3',
      'nombre_area' => 'Cesantias Cert laborales Constancias FNA',
    ),
    3 => 
    array (
      'id_area' => '5',
      'nombre_area' => 'Otros',
    ),
    4 => 
    array (
      'id_area' => '7',
      'nombre_area' => 'Solicitudes varias',
    ),
    5 => 
    array (
      'id_area' => '8',
      'nombre_area' => 'Pago nomina y liquidaciones',
    ),
  ),
) 
2014-05-22 18:22:22 --> crear el consumidor 
2014-05-22 18:22:22 --> se creo el consumidor 1043 
2014-05-22 18:22:22 --> la informacion de la sede es array (
  'S_ID' => '4',
  'S_NOMBRE' => 'OCCIDENTE',
  'S_DESCRIPCION' => 'Sedle para atender los casos de la regional occidente',
  'S_C_ID' => '1',
  'S_CANTIDAD_ENCUESTAS' => '10',
  'S_ACTIVO' => '1',
  'S_LOGO' => '7',
  'S_MUESTRA_VIDEO' => '0',
) 
2014-05-22 18:22:22 --> se va a extraer informacion del area  
2014-05-22 18:22:22 --> la informacion del area es array (
  'AR_ID' => '3',
  'AR_NOMBRE' => 'SEGUIMIENTO_AL_SERVICIO',
  'AR_DESCRIPCION' => 'Cesantias Cert laborales Constancias FNA',
  'AR_C_ID' => '1',
  'AR_ACTIVO' => '1',
  'AR_ALIAS' => 'SAS',
  'AR_MOSTRAR_NOMBRE_PANTALLA' => '0',
) 
2014-05-22 18:22:22 --> se va a crear el turno 
2014-05-22 18:22:22 --> se creo el turno 11 del area SAS 
