
2014-09-03 08:06:24 --> get_areas 1 
2014-09-03 08:06:24 --> buscando areas del cliente 
2014-09-03 08:07:00 --> crear el consumidor 
2014-09-03 08:07:00 --> se creo el consumidor 15847 
2014-09-03 08:07:00 --> la informacion de la sede es array (
  'S_ID' => '3',
  'S_NOMBRE' => 'NORTE',
  'S_DESCRIPCION' => 'Sede para atender los casos de la regional norte',
  'S_C_ID' => '1',
  'S_CANTIDAD_ENCUESTAS' => '10',
  'S_ACTIVO' => '1',
  'S_LOGO' => '7',
  'S_MUESTRA_VIDEO' => '0',
) 
2014-09-03 08:07:00 --> se va a extraer informacion del area  
2014-09-03 08:07:00 --> la informacion del area es array (
  'AR_ID' => '5',
  'AR_NOMBRE' => 'OTROS',
  'AR_DESCRIPCION' => 'Otros',
  'AR_C_ID' => '1',
  'AR_ACTIVO' => '1',
  'AR_ALIAS' => 'O',
  'AR_MOSTRAR_NOMBRE_PANTALLA' => '0',
) 
2014-09-03 08:07:00 --> se va a crear el turno 
2014-09-03 08:07:00 --> se creo el turno 1 del area O 

2014-09-03 08:21:08 --> get_areas 1 
2014-09-03 08:21:08 --> buscando areas del cliente 
2014-09-03 08:21:34 --> crear el consumidor 
2014-09-03 08:21:34 --> se creo el consumidor 15850 
2014-09-03 08:21:34 --> la informacion de la sede es array (
  'S_ID' => '4',
  'S_NOMBRE' => 'OCCIDENTE',
  'S_DESCRIPCION' => 'Sedle para atender los casos de la regional occidente',
  'S_C_ID' => '1',
  'S_CANTIDAD_ENCUESTAS' => '10',
  'S_ACTIVO' => '1',
  'S_LOGO' => '7',
  'S_MUESTRA_VIDEO' => '0',
) 
2014-09-03 08:21:34 --> se va a extraer informacion del area  
2014-09-03 08:21:34 --> la informacion del area es array (
  'AR_ID' => '5',
  'AR_NOMBRE' => 'OTROS',
  'AR_DESCRIPCION' => 'Otros',
  'AR_C_ID' => '1',
  'AR_ACTIVO' => '1',
  'AR_ALIAS' => 'O',
  'AR_MOSTRAR_NOMBRE_PANTALLA' => '0',
) 
2014-09-03 08:21:34 --> se va a crear el turno 
2014-09-03 08:21:34 --> se creo el turno 1 del area O 

2014-09-03 08:28:25 --> get_areas 1 
2014-09-03 08:28:25 --> buscando areas del cliente 
2014-09-03 08:28:51 --> crear el consumidor 
2014-09-03 08:28:55 --> se creo el consumidor 15851 
2014-09-03 08:28:55 --> la informacion de la sede es array (
  'S_ID' => '3',
  'S_NOMBRE' => 'NORTE',
  'S_DESCRIPCION' => 'Sede para atender los casos de la regional norte',
  'S_C_ID' => '1',
  'S_CANTIDAD_ENCUESTAS' => '10',
  'S_ACTIVO' => '1',
  'S_LOGO' => '7',
  'S_MUESTRA_VIDEO' => '0',
) 
2014-09-03 08:28:55 --> se va a extraer informacion del area  
2014-09-03 08:28:55 --> la informacion del area es array (
  'AR_ID' => '2',
  'AR_NOMBRE' => 'APORTES',
  'AR_DESCRIPCION' => 'Pensiones Incapacidades Cesantias Cartas FNA',
  'AR_C_ID' => '1',
  'AR_ACTIVO' => '1',
  'AR_ALIAS' => 'A',
  'AR_MOSTRAR_NOMBRE_PANTALLA' => '0',
) 
2014-09-03 08:28:55 --> se va a crear el turno 
2014-09-03 08:28:55 --> se creo el turno 1 del area A 

2014-09-03 08:46:47 --> get_areas 1 
2014-09-03 08:46:47 --> buscando areas del cliente 
2014-09-03 08:47:05 --> crear el consumidor 
2014-09-03 08:47:08 --> se creo el consumidor 15857 
2014-09-03 08:47:08 --> la informacion de la sede es array (
  'S_ID' => '4',
  'S_NOMBRE' => 'OCCIDENTE',
  'S_DESCRIPCION' => 'Sedle para atender los casos de la regional occidente',
  'S_C_ID' => '1',
  'S_CANTIDAD_ENCUESTAS' => '10',
  'S_ACTIVO' => '1',
  'S_LOGO' => '7',
  'S_MUESTRA_VIDEO' => '0',
) 
2014-09-03 08:47:08 --> se va a extraer informacion del area  
2014-09-03 08:47:08 --> la informacion del area es array (
  'AR_ID' => '2',
  'AR_NOMBRE' => 'APORTES',
  'AR_DESCRIPCION' => 'Pensiones Incapacidades Cesantias Cartas FNA',
  'AR_C_ID' => '1',
  'AR_ACTIVO' => '1',
  'AR_ALIAS' => 'A',
  'AR_MOSTRAR_NOMBRE_PANTALLA' => '0',
) 
2014-09-03 08:47:08 --> se va a crear el turno 
2014-09-03 08:47:08 --> se creo el turno 1 del area A 

2014-09-03 08:47:57 --> get_areas 1 
2014-09-03 08:47:57 --> buscando areas del cliente 
2014-09-03 08:48:07 --> crear el consumidor 
2014-09-03 08:48:07 --> se creo el consumidor 15858 
2014-09-03 08:48:07 --> la informacion de la sede es array (
  'S_ID' => '3',
  'S_NOMBRE' => 'NORTE',
  'S_DESCRIPCION' => 'Sede para atender los casos de la regional norte',
  'S_C_ID' => '1',
  'S_CANTIDAD_ENCUESTAS' => '10',
  'S_ACTIVO' => '1',
  'S_LOGO' => '7',
  'S_MUESTRA_VIDEO' => '0',
) 
2014-09-03 08:48:07 --> se va a extraer informacion del area  
2014-09-03 08:48:07 --> la informacion del area es array (
  'AR_ID' => '5',
  'AR_NOMBRE' => 'OTROS',
  'AR_DESCRIPCION' => 'Otros',
  'AR_C_ID' => '1',
  'AR_ACTIVO' => '1',
  'AR_ALIAS' => 'O',
  'AR_MOSTRAR_NOMBRE_PANTALLA' => '0',
) 
2014-09-03 08:48:07 --> se va a crear el turno 
2014-09-03 08:48:07 --> se creo el turno 2 del area O 

2014-09-03 08:58:48 --> get_areas 1 
2014-09-03 08:58:48 --> buscando areas del cliente 
2014-09-03 08:58:57 --> crear el consumidor 
2014-09-03 08:59:08 --> se creo el consumidor 15859 
2014-09-03 08:59:08 --> la informacion de la sede es array (
  'S_ID' => '4',
  'S_NOMBRE' => 'OCCIDENTE',
  'S_DESCRIPCION' => 'Sedle para atender los casos de la regional occidente',
  'S_C_ID' => '1',
  'S_CANTIDAD_ENCUESTAS' => '10',
  'S_ACTIVO' => '1',
  'S_LOGO' => '7',
  'S_MUESTRA_VIDEO' => '0',
) 
2014-09-03 08:59:08 --> se va a extraer informacion del area  
2014-09-03 08:59:08 --> la informacion del area es array (
  'AR_ID' => '2',
  'AR_NOMBRE' => 'APORTES',
  'AR_DESCRIPCION' => 'Pensiones Incapacidades Cesantias Cartas FNA',
  'AR_C_ID' => '1',
  'AR_ACTIVO' => '1',
  'AR_ALIAS' => 'A',
  'AR_MOSTRAR_NOMBRE_PANTALLA' => '0',
) 
2014-09-03 08:59:08 --> se va a crear el turno 
2014-09-03 08:59:08 --> se creo el turno 2 del area A 

2014-09-03 09:04:20 --> get_areas 1 
2014-09-03 09:04:20 --> buscando areas del cliente 
2014-09-03 09:04:32 --> crear el consumidor 
2014-09-03 09:04:32 --> se creo el consumidor 15861 
2014-09-03 09:04:32 --> la informacion de la sede es array (
  'S_ID' => '4',
  'S_NOMBRE' => 'OCCIDENTE',
  'S_DESCRIPCION' => 'Sedle para atender los casos de la regional occidente',
  'S_C_ID' => '1',
  'S_CANTIDAD_ENCUESTAS' => '10',
  'S_ACTIVO' => '1',
  'S_LOGO' => '7',
  'S_MUESTRA_VIDEO' => '0',
) 
2014-09-03 09:04:32 --> se va a extraer informacion del area  
2014-09-03 09:04:32 --> la informacion del area es array (
  'AR_ID' => '2',
  'AR_NOMBRE' => 'APORTES',
  'AR_DESCRIPCION' => 'Pensiones Incapacidades Cesantias Cartas FNA',
  'AR_C_ID' => '1',
  'AR_ACTIVO' => '1',
  'AR_ALIAS' => 'A',
  'AR_MOSTRAR_NOMBRE_PANTALLA' => '0',
) 
2014-09-03 09:04:32 --> se va a crear el turno 
2014-09-03 09:04:32 --> se creo el turno 3 del area A 

2014-09-03 09:06:45 --> get_areas 1 
2014-09-03 09:06:45 --> buscando areas del cliente 
2014-09-03 09:07:03 --> crear el consumidor 
2014-09-03 09:07:03 --> se creo el consumidor 15862 
2014-09-03 09:07:03 --> la informacion de la sede es array (
  'S_ID' => '4',
  'S_NOMBRE' => 'OCCIDENTE',
  'S_DESCRIPCION' => 'Sedle para atender los casos de la regional occidente',
  'S_C_ID' => '1',
  'S_CANTIDAD_ENCUESTAS' => '10',
  'S_ACTIVO' => '1',
  'S_LOGO' => '7',
  'S_MUESTRA_VIDEO' => '0',
) 
2014-09-03 09:07:03 --> se va a extraer informacion del area  
2014-09-03 09:07:03 --> la informacion del area es array (
  'AR_ID' => '5',
  'AR_NOMBRE' => 'OTROS',
  'AR_DESCRIPCION' => 'Otros',
  'AR_C_ID' => '1',
  'AR_ACTIVO' => '1',
  'AR_ALIAS' => 'O',
  'AR_MOSTRAR_NOMBRE_PANTALLA' => '0',
) 
2014-09-03 09:07:03 --> se va a crear el turno 
2014-09-03 09:07:03 --> se creo el turno 2 del area O 

2014-09-03 09:11:38 --> get_areas 1 
2014-09-03 09:11:38 --> buscando areas del cliente 
2014-09-03 09:11:48 --> crear el consumidor 
2014-09-03 09:11:54 --> se creo el consumidor 15863 
2014-09-03 09:11:54 --> la informacion de la sede es array (
  'S_ID' => '3',
  'S_NOMBRE' => 'NORTE',
  'S_DESCRIPCION' => 'Sede para atender los casos de la regional norte',
  'S_C_ID' => '1',
  'S_CANTIDAD_ENCUESTAS' => '10',
  'S_ACTIVO' => '1',
  'S_LOGO' => '7',
  'S_MUESTRA_VIDEO' => '0',
) 
2014-09-03 09:11:54 --> se va a extraer informacion del area  
2014-09-03 09:11:54 --> la informacion del area es array (
  'AR_ID' => '2',
  'AR_NOMBRE' => 'APORTES',
  'AR_DESCRIPCION' => 'Pensiones Incapacidades Cesantias Cartas FNA',
  'AR_C_ID' => '1',
  'AR_ACTIVO' => '1',
  'AR_ALIAS' => 'A',
  'AR_MOSTRAR_NOMBRE_PANTALLA' => '0',
) 
2014-09-03 09:11:54 --> se va a crear el turno 
2014-09-03 09:11:54 --> se creo el turno 2 del area A 

2014-09-03 09:17:38 --> get_areas 1 
2014-09-03 09:17:38 --> buscando areas del cliente 

2014-09-03 09:39:08 --> get_areas 1 
2014-09-03 09:39:08 --> buscando areas del cliente 
2014-09-03 09:39:22 --> crear el consumidor 
2014-09-03 09:39:22 --> se creo el consumidor 15866 
2014-09-03 09:39:22 --> la informacion de la sede es array (
  'S_ID' => '4',
  'S_NOMBRE' => 'OCCIDENTE',
  'S_DESCRIPCION' => 'Sedle para atender los casos de la regional occidente',
  'S_C_ID' => '1',
  'S_CANTIDAD_ENCUESTAS' => '10',
  'S_ACTIVO' => '1',
  'S_LOGO' => '7',
  'S_MUESTRA_VIDEO' => '0',
) 
2014-09-03 09:39:22 --> se va a extraer informacion del area  
2014-09-03 09:39:22 --> la informacion del area es array (
  'AR_ID' => '2',
  'AR_NOMBRE' => 'APORTES',
  'AR_DESCRIPCION' => 'Pensiones Incapacidades Cesantias Cartas FNA',
  'AR_C_ID' => '1',
  'AR_ACTIVO' => '1',
  'AR_ALIAS' => 'A',
  'AR_MOSTRAR_NOMBRE_PANTALLA' => '0',
) 
2014-09-03 09:39:22 --> se va a crear el turno 
2014-09-03 09:39:22 --> se creo el turno 4 del area A 

2014-09-03 09:40:13 --> get_areas 1 
2014-09-03 09:40:13 --> buscando areas del cliente 
2014-09-03 09:40:25 --> crear el consumidor 
2014-09-03 09:40:25 --> se creo el consumidor 15868 
2014-09-03 09:40:25 --> la informacion de la sede es array (
  'S_ID' => '4',
  'S_NOMBRE' => 'OCCIDENTE',
  'S_DESCRIPCION' => 'Sedle para atender los casos de la regional occidente',
  'S_C_ID' => '1',
  'S_CANTIDAD_ENCUESTAS' => '10',
  'S_ACTIVO' => '1',
  'S_LOGO' => '7',
  'S_MUESTRA_VIDEO' => '0',
) 
2014-09-03 09:40:25 --> se va a extraer informacion del area  
2014-09-03 09:40:25 --> la informacion del area es array (
  'AR_ID' => '2',
  'AR_NOMBRE' => 'APORTES',
  'AR_DESCRIPCION' => 'Pensiones Incapacidades Cesantias Cartas FNA',
  'AR_C_ID' => '1',
  'AR_ACTIVO' => '1',
  'AR_ALIAS' => 'A',
  'AR_MOSTRAR_NOMBRE_PANTALLA' => '0',
) 
2014-09-03 09:40:25 --> se va a crear el turno 
2014-09-03 09:40:25 --> se creo el turno 5 del area A 

2014-09-03 09:42:41 --> get_areas 1 
2014-09-03 09:42:41 --> buscando areas del cliente 

2014-09-03 09:44:30 --> get_areas 1 
2014-09-03 09:44:30 --> buscando areas del cliente 

2014-09-03 09:45:26 --> get_areas 1 
2014-09-03 09:45:26 --> buscando areas del cliente 

2014-09-03 09:45:28 --> get_areas 1 
2014-09-03 09:45:28 --> buscando areas del cliente 
2014-09-03 09:45:43 --> crear el consumidor 
2014-09-03 09:45:43 --> se creo el consumidor 15869 
2014-09-03 09:45:43 --> la informacion de la sede es array (
  'S_ID' => '3',
  'S_NOMBRE' => 'NORTE',
  'S_DESCRIPCION' => 'Sede para atender los casos de la regional norte',
  'S_C_ID' => '1',
  'S_CANTIDAD_ENCUESTAS' => '10',
  'S_ACTIVO' => '1',
  'S_LOGO' => '7',
  'S_MUESTRA_VIDEO' => '0',
) 
2014-09-03 09:45:43 --> se va a extraer informacion del area  
2014-09-03 09:45:43 --> la informacion del area es array (
  'AR_ID' => '5',
  'AR_NOMBRE' => 'OTROS',
  'AR_DESCRIPCION' => 'Otros',
  'AR_C_ID' => '1',
  'AR_ACTIVO' => '1',
  'AR_ALIAS' => 'O',
  'AR_MOSTRAR_NOMBRE_PANTALLA' => '0',
) 
2014-09-03 09:45:43 --> se va a crear el turno 
2014-09-03 09:45:43 --> se creo el turno 3 del area O 

2014-09-03 09:46:03 --> get_areas 1 
2014-09-03 09:46:03 --> buscando areas del cliente 
2014-09-03 09:46:12 --> crear el consumidor 
2014-09-03 09:46:16 --> se creo el consumidor 15870 
2014-09-03 09:46:16 --> la informacion de la sede es array (
  'S_ID' => '1',
  'S_NOMBRE' => 'ANTIOQUIA',
  'S_DESCRIPCION' => 'Sede para atender los casos de la regional antioquia',
  'S_C_ID' => '1',
  'S_CANTIDAD_ENCUESTAS' => '10',
  'S_ACTIVO' => '1',
  'S_LOGO' => '7',
  'S_MUESTRA_VIDEO' => '0',
) 
2014-09-03 09:46:16 --> se va a extraer informacion del area  
2014-09-03 09:46:16 --> la informacion del area es array (
  'AR_ID' => '8',
  'AR_NOMBRE' => 'COMPENSACION_SALARIAL',
  'AR_DESCRIPCION' => 'Informacion pago nomina y liquidaciones',
  'AR_C_ID' => '1',
  'AR_ACTIVO' => '1',
  'AR_ALIAS' => 'CS',
  'AR_MOSTRAR_NOMBRE_PANTALLA' => '0',
) 
2014-09-03 09:46:16 --> se va a crear el turno 
2014-09-03 09:46:16 --> se creo el turno 1 del area CS 

2014-09-03 09:57:06 --> get_areas 1 
2014-09-03 09:57:06 --> buscando areas del cliente 
2014-09-03 09:57:25 --> crear el consumidor 
2014-09-03 09:57:25 --> se creo el consumidor 15873 
2014-09-03 09:57:25 --> la informacion de la sede es array (
  'S_ID' => '4',
  'S_NOMBRE' => 'OCCIDENTE',
  'S_DESCRIPCION' => 'Sedle para atender los casos de la regional occidente',
  'S_C_ID' => '1',
  'S_CANTIDAD_ENCUESTAS' => '10',
  'S_ACTIVO' => '1',
  'S_LOGO' => '7',
  'S_MUESTRA_VIDEO' => '0',
) 
2014-09-03 09:57:25 --> se va a extraer informacion del area  
2014-09-03 09:57:25 --> la informacion del area es array (
  'AR_ID' => '2',
  'AR_NOMBRE' => 'APORTES',
  'AR_DESCRIPCION' => 'Pensiones Incapacidades Cesantias Cartas FNA',
  'AR_C_ID' => '1',
  'AR_ACTIVO' => '1',
  'AR_ALIAS' => 'A',
  'AR_MOSTRAR_NOMBRE_PANTALLA' => '0',
) 
2014-09-03 09:57:25 --> se va a crear el turno 
2014-09-03 09:57:25 --> se creo el turno 6 del area A 

2014-09-03 10:08:41 --> get_areas 1 
2014-09-03 10:08:41 --> buscando areas del cliente 
2014-09-03 10:08:52 --> crear el consumidor 
2014-09-03 10:08:52 --> se creo el consumidor 15876 
2014-09-03 10:08:52 --> la informacion de la sede es array (
  'S_ID' => '4',
  'S_NOMBRE' => 'OCCIDENTE',
  'S_DESCRIPCION' => 'Sedle para atender los casos de la regional occidente',
  'S_C_ID' => '1',
  'S_CANTIDAD_ENCUESTAS' => '10',
  'S_ACTIVO' => '1',
  'S_LOGO' => '7',
  'S_MUESTRA_VIDEO' => '0',
) 
2014-09-03 10:08:52 --> se va a extraer informacion del area  
2014-09-03 10:08:52 --> la informacion del area es array (
  'AR_ID' => '5',
  'AR_NOMBRE' => 'OTROS',
  'AR_DESCRIPCION' => 'Otros',
  'AR_C_ID' => '1',
  'AR_ACTIVO' => '1',
  'AR_ALIAS' => 'O',
  'AR_MOSTRAR_NOMBRE_PANTALLA' => '0',
) 
2014-09-03 10:08:52 --> se va a crear el turno 
2014-09-03 10:08:52 --> se creo el turno 3 del area O 

2014-09-03 10:13:32 --> get_areas 1 
2014-09-03 10:13:32 --> buscando areas del cliente 

2014-09-03 10:15:20 --> get_areas 1 
2014-09-03 10:15:20 --> buscando areas del cliente 

2014-09-03 10:16:35 --> get_areas 1 
2014-09-03 10:16:35 --> buscando areas del cliente 
2014-09-03 10:16:44 --> crear el consumidor 
2014-09-03 10:16:44 --> se creo el consumidor 15884 
2014-09-03 10:16:44 --> la informacion de la sede es array (
  'S_ID' => '3',
  'S_NOMBRE' => 'NORTE',
  'S_DESCRIPCION' => 'Sede para atender los casos de la regional norte',
  'S_C_ID' => '1',
  'S_CANTIDAD_ENCUESTAS' => '10',
  'S_ACTIVO' => '1',
  'S_LOGO' => '7',
  'S_MUESTRA_VIDEO' => '0',
) 
2014-09-03 10:16:44 --> se va a extraer informacion del area  
2014-09-03 10:16:44 --> la informacion del area es array (
  'AR_ID' => '1',
  'AR_NOMBRE' => 'GERENCIA_DEL_SERVICIO',
  'AR_DESCRIPCION' => 'Cartas punto de venta Cartas de renuncia',
  'AR_C_ID' => '1',
  'AR_ACTIVO' => '1',
  'AR_ALIAS' => 'GS',
  'AR_MOSTRAR_NOMBRE_PANTALLA' => '0',
) 
2014-09-03 10:16:44 --> se va a crear el turno 
2014-09-03 10:16:44 --> se creo el turno 1 del area GS 

2014-09-03 10:17:19 --> get_areas 1 
2014-09-03 10:17:19 --> buscando areas del cliente 
2014-09-03 10:17:37 --> crear el consumidor 
2014-09-03 10:17:37 --> se creo el consumidor 15887 
2014-09-03 10:17:37 --> la informacion de la sede es array (
  'S_ID' => '4',
  'S_NOMBRE' => 'OCCIDENTE',
  'S_DESCRIPCION' => 'Sedle para atender los casos de la regional occidente',
  'S_C_ID' => '1',
  'S_CANTIDAD_ENCUESTAS' => '10',
  'S_ACTIVO' => '1',
  'S_LOGO' => '7',
  'S_MUESTRA_VIDEO' => '0',
) 
2014-09-03 10:17:37 --> se va a extraer informacion del area  
2014-09-03 10:17:37 --> la informacion del area es array (
  'AR_ID' => '5',
  'AR_NOMBRE' => 'OTROS',
  'AR_DESCRIPCION' => 'Otros',
  'AR_C_ID' => '1',
  'AR_ACTIVO' => '1',
  'AR_ALIAS' => 'O',
  'AR_MOSTRAR_NOMBRE_PANTALLA' => '0',
) 
2014-09-03 10:17:37 --> se va a crear el turno 
2014-09-03 10:17:37 --> se creo el turno 4 del area O 

2014-09-03 10:19:57 --> get_areas 1 
2014-09-03 10:19:57 --> buscando areas del cliente 
2014-09-03 10:21:08 --> crear el consumidor 
2014-09-03 10:21:08 --> se creo el consumidor 15891 
2014-09-03 10:21:08 --> la informacion de la sede es array (
  'S_ID' => '2',
  'S_NOMBRE' => 'CENTRO',
  'S_DESCRIPCION' => 'Sede para atender los casos de la regional centro',
  'S_C_ID' => '1',
  'S_CANTIDAD_ENCUESTAS' => '10',
  'S_ACTIVO' => '1',
  'S_LOGO' => '7',
  'S_MUESTRA_VIDEO' => '0',
) 
2014-09-03 10:21:08 --> se va a extraer informacion del area  
2014-09-03 10:21:08 --> la informacion del area es array (
  'AR_ID' => '2',
  'AR_NOMBRE' => 'APORTES',
  'AR_DESCRIPCION' => 'Pensiones Incapacidades Cesantias Cartas FNA',
  'AR_C_ID' => '1',
  'AR_ACTIVO' => '1',
  'AR_ALIAS' => 'A',
  'AR_MOSTRAR_NOMBRE_PANTALLA' => '0',
) 
2014-09-03 10:21:08 --> se va a crear el turno 
2014-09-03 10:21:08 --> se creo el turno 1 del area A 

2014-09-03 10:21:41 --> get_areas 1 
2014-09-03 10:21:41 --> buscando areas del cliente 
2014-09-03 10:21:44 --> crear el consumidor 
2014-09-03 10:21:44 --> se creo el consumidor 15892 
2014-09-03 10:21:44 --> la informacion de la sede es array (
  'S_ID' => '2',
  'S_NOMBRE' => 'CENTRO',
  'S_DESCRIPCION' => 'Sede para atender los casos de la regional centro',
  'S_C_ID' => '1',
  'S_CANTIDAD_ENCUESTAS' => '10',
  'S_ACTIVO' => '1',
  'S_LOGO' => '7',
  'S_MUESTRA_VIDEO' => '0',
) 
2014-09-03 10:21:44 --> se va a extraer informacion del area  
2014-09-03 10:21:44 --> la informacion del area es array (
  'AR_ID' => '2',
  'AR_NOMBRE' => 'APORTES',
  'AR_DESCRIPCION' => 'Pensiones Incapacidades Cesantias Cartas FNA',
  'AR_C_ID' => '1',
  'AR_ACTIVO' => '1',
  'AR_ALIAS' => 'A',
  'AR_MOSTRAR_NOMBRE_PANTALLA' => '0',
) 
2014-09-03 10:21:44 --> se va a crear el turno 
2014-09-03 10:21:44 --> se creo el turno 2 del area A 

2014-09-03 10:26:05 --> get_areas 1 
2014-09-03 10:26:05 --> buscando areas del cliente 

2014-09-03 10:33:31 --> get_areas 1 
2014-09-03 10:33:31 --> buscando areas del cliente 
2014-09-03 10:33:59 --> crear el consumidor 
2014-09-03 10:33:59 --> se creo el consumidor 15899 
2014-09-03 10:33:59 --> la informacion de la sede es array (
  'S_ID' => '4',
  'S_NOMBRE' => 'OCCIDENTE',
  'S_DESCRIPCION' => 'Sedle para atender los casos de la regional occidente',
  'S_C_ID' => '1',
  'S_CANTIDAD_ENCUESTAS' => '10',
  'S_ACTIVO' => '1',
  'S_LOGO' => '7',
  'S_MUESTRA_VIDEO' => '0',
) 
2014-09-03 10:33:59 --> se va a extraer informacion del area  
2014-09-03 10:33:59 --> la informacion del area es array (
  'AR_ID' => '2',
  'AR_NOMBRE' => 'APORTES',
  'AR_DESCRIPCION' => 'Pensiones Incapacidades Cesantias Cartas FNA',
  'AR_C_ID' => '1',
  'AR_ACTIVO' => '1',
  'AR_ALIAS' => 'A',
  'AR_MOSTRAR_NOMBRE_PANTALLA' => '0',
) 
2014-09-03 10:33:59 --> se va a crear el turno 
2014-09-03 10:33:59 --> se creo el turno 7 del area A 

2014-09-03 10:37:51 --> get_areas 1 
2014-09-03 10:37:51 --> buscando areas del cliente 
2014-09-03 10:38:07 --> crear el consumidor 
2014-09-03 10:38:07 --> se creo el consumidor 15901 
2014-09-03 10:38:07 --> la informacion de la sede es array (
  'S_ID' => '4',
  'S_NOMBRE' => 'OCCIDENTE',
  'S_DESCRIPCION' => 'Sedle para atender los casos de la regional occidente',
  'S_C_ID' => '1',
  'S_CANTIDAD_ENCUESTAS' => '10',
  'S_ACTIVO' => '1',
  'S_LOGO' => '7',
  'S_MUESTRA_VIDEO' => '0',
) 
2014-09-03 10:38:07 --> se va a extraer informacion del area  
2014-09-03 10:38:07 --> la informacion del area es array (
  'AR_ID' => '5',
  'AR_NOMBRE' => 'OTROS',
  'AR_DESCRIPCION' => 'Otros',
  'AR_C_ID' => '1',
  'AR_ACTIVO' => '1',
  'AR_ALIAS' => 'O',
  'AR_MOSTRAR_NOMBRE_PANTALLA' => '0',
) 
2014-09-03 10:38:07 --> se va a crear el turno 
2014-09-03 10:38:07 --> se creo el turno 5 del area O 

2014-09-03 10:39:30 --> get_areas 1 
2014-09-03 10:39:30 --> buscando areas del cliente 
2014-09-03 10:39:48 --> crear el consumidor 
2014-09-03 10:39:48 --> se creo el consumidor 15902 
2014-09-03 10:39:48 --> la informacion de la sede es array (
  'S_ID' => '4',
  'S_NOMBRE' => 'OCCIDENTE',
  'S_DESCRIPCION' => 'Sedle para atender los casos de la regional occidente',
  'S_C_ID' => '1',
  'S_CANTIDAD_ENCUESTAS' => '10',
  'S_ACTIVO' => '1',
  'S_LOGO' => '7',
  'S_MUESTRA_VIDEO' => '0',
) 
2014-09-03 10:39:48 --> se va a extraer informacion del area  
2014-09-03 10:39:48 --> la informacion del area es array (
  'AR_ID' => '2',
  'AR_NOMBRE' => 'APORTES',
  'AR_DESCRIPCION' => 'Pensiones Incapacidades Cesantias Cartas FNA',
  'AR_C_ID' => '1',
  'AR_ACTIVO' => '1',
  'AR_ALIAS' => 'A',
  'AR_MOSTRAR_NOMBRE_PANTALLA' => '0',
) 
2014-09-03 10:39:48 --> se va a crear el turno 
2014-09-03 10:39:48 --> se creo el turno 8 del area A 

2014-09-03 10:50:44 --> get_areas 1 
2014-09-03 10:50:44 --> buscando areas del cliente 

2014-09-03 10:52:41 --> get_areas 1 
2014-09-03 10:52:41 --> buscando areas del cliente 
2014-09-03 10:52:50 --> crear el consumidor 
2014-09-03 10:52:50 --> se creo el consumidor 15909 
2014-09-03 10:52:50 --> la informacion de la sede es array (
  'S_ID' => '3',
  'S_NOMBRE' => 'NORTE',
  'S_DESCRIPCION' => 'Sede para atender los casos de la regional norte',
  'S_C_ID' => '1',
  'S_CANTIDAD_ENCUESTAS' => '10',
  'S_ACTIVO' => '1',
  'S_LOGO' => '7',
  'S_MUESTRA_VIDEO' => '0',
) 
2014-09-03 10:52:50 --> se va a extraer informacion del area  
2014-09-03 10:52:50 --> la informacion del area es array (
  'AR_ID' => '3',
  'AR_NOMBRE' => 'SEGUIMIENTO_AL_SERVICIO',
  'AR_DESCRIPCION' => 'SQR certificados especiales claves portal web',
  'AR_C_ID' => '1',
  'AR_ACTIVO' => '1',
  'AR_ALIAS' => 'SAS',
  'AR_MOSTRAR_NOMBRE_PANTALLA' => '0',
) 
2014-09-03 10:52:50 --> se va a crear el turno 
2014-09-03 10:52:50 --> se creo el turno 1 del area SAS 

2014-09-03 11:00:49 --> get_areas 1 
2014-09-03 11:00:49 --> buscando areas del cliente 

2014-09-03 11:02:32 --> get_areas 1 
2014-09-03 11:02:32 --> buscando areas del cliente 

2014-09-03 11:06:22 --> get_areas 1 
2014-09-03 11:06:22 --> buscando areas del cliente 
2014-09-03 11:06:28 --> crear el consumidor 
2014-09-03 11:06:28 --> se creo el consumidor 15912 
2014-09-03 11:06:28 --> la informacion de la sede es array (
  'S_ID' => '4',
  'S_NOMBRE' => 'OCCIDENTE',
  'S_DESCRIPCION' => 'Sedle para atender los casos de la regional occidente',
  'S_C_ID' => '1',
  'S_CANTIDAD_ENCUESTAS' => '10',
  'S_ACTIVO' => '1',
  'S_LOGO' => '7',
  'S_MUESTRA_VIDEO' => '0',
) 
2014-09-03 11:06:28 --> se va a extraer informacion del area  
2014-09-03 11:06:28 --> la informacion del area es array (
  'AR_ID' => '1',
  'AR_NOMBRE' => 'GERENCIA_DEL_SERVICIO',
  'AR_DESCRIPCION' => 'Cartas punto de venta Cartas de renuncia',
  'AR_C_ID' => '1',
  'AR_ACTIVO' => '1',
  'AR_ALIAS' => 'GS',
  'AR_MOSTRAR_NOMBRE_PANTALLA' => '0',
) 
2014-09-03 11:06:28 --> se va a crear el turno 
2014-09-03 11:06:28 --> se creo el turno 1 del area GS 

2014-09-03 11:07:11 --> get_areas 1 
2014-09-03 11:07:11 --> buscando areas del cliente 
2014-09-03 11:07:38 --> crear el consumidor 
2014-09-03 11:07:38 --> se creo el consumidor 15913 
2014-09-03 11:07:38 --> la informacion de la sede es array (
  'S_ID' => '4',
  'S_NOMBRE' => 'OCCIDENTE',
  'S_DESCRIPCION' => 'Sedle para atender los casos de la regional occidente',
  'S_C_ID' => '1',
  'S_CANTIDAD_ENCUESTAS' => '10',
  'S_ACTIVO' => '1',
  'S_LOGO' => '7',
  'S_MUESTRA_VIDEO' => '0',
) 
2014-09-03 11:07:38 --> se va a extraer informacion del area  
2014-09-03 11:07:38 --> la informacion del area es array (
  'AR_ID' => '2',
  'AR_NOMBRE' => 'APORTES',
  'AR_DESCRIPCION' => 'Pensiones Incapacidades Cesantias Cartas FNA',
  'AR_C_ID' => '1',
  'AR_ACTIVO' => '1',
  'AR_ALIAS' => 'A',
  'AR_MOSTRAR_NOMBRE_PANTALLA' => '0',
) 
2014-09-03 11:07:38 --> se va a crear el turno 
2014-09-03 11:07:38 --> se creo el turno 9 del area A 

2014-09-03 11:08:21 --> get_areas 1 
2014-09-03 11:08:21 --> buscando areas del cliente 
2014-09-03 11:08:34 --> crear el consumidor 
2014-09-03 11:08:34 --> se creo el consumidor 15914 
2014-09-03 11:08:34 --> la informacion de la sede es array (
  'S_ID' => '4',
  'S_NOMBRE' => 'OCCIDENTE',
  'S_DESCRIPCION' => 'Sedle para atender los casos de la regional occidente',
  'S_C_ID' => '1',
  'S_CANTIDAD_ENCUESTAS' => '10',
  'S_ACTIVO' => '1',
  'S_LOGO' => '7',
  'S_MUESTRA_VIDEO' => '0',
) 
2014-09-03 11:08:34 --> se va a extraer informacion del area  
2014-09-03 11:08:34 --> la informacion del area es array (
  'AR_ID' => '2',
  'AR_NOMBRE' => 'APORTES',
  'AR_DESCRIPCION' => 'Pensiones Incapacidades Cesantias Cartas FNA',
  'AR_C_ID' => '1',
  'AR_ACTIVO' => '1',
  'AR_ALIAS' => 'A',
  'AR_MOSTRAR_NOMBRE_PANTALLA' => '0',
) 
2014-09-03 11:08:34 --> se va a crear el turno 
2014-09-03 11:08:34 --> se creo el turno 10 del area A 

2014-09-03 11:09:30 --> get_areas 1 
2014-09-03 11:09:30 --> buscando areas del cliente 
2014-09-03 11:09:44 --> crear el consumidor 
2014-09-03 11:09:50 --> se creo el consumidor 15915 
2014-09-03 11:09:50 --> la informacion de la sede es array (
  'S_ID' => '4',
  'S_NOMBRE' => 'OCCIDENTE',
  'S_DESCRIPCION' => 'Sedle para atender los casos de la regional occidente',
  'S_C_ID' => '1',
  'S_CANTIDAD_ENCUESTAS' => '10',
  'S_ACTIVO' => '1',
  'S_LOGO' => '7',
  'S_MUESTRA_VIDEO' => '0',
) 
2014-09-03 11:09:50 --> se va a extraer informacion del area  
2014-09-03 11:09:50 --> la informacion del area es array (
  'AR_ID' => '3',
  'AR_NOMBRE' => 'SEGUIMIENTO_AL_SERVICIO',
  'AR_DESCRIPCION' => 'SQR certificados especiales claves portal web',
  'AR_C_ID' => '1',
  'AR_ACTIVO' => '1',
  'AR_ALIAS' => 'SAS',
  'AR_MOSTRAR_NOMBRE_PANTALLA' => '0',
) 
2014-09-03 11:09:50 --> se va a crear el turno 
2014-09-03 11:09:50 --> se creo el turno 5 del area SAS 

2014-09-03 11:10:37 --> get_areas 1 
2014-09-03 11:10:37 --> buscando areas del cliente 
2014-09-03 11:10:51 --> crear el consumidor 
2014-09-03 11:10:51 --> se creo el consumidor 15916 
2014-09-03 11:10:51 --> la informacion de la sede es array (
  'S_ID' => '4',
  'S_NOMBRE' => 'OCCIDENTE',
  'S_DESCRIPCION' => 'Sedle para atender los casos de la regional occidente',
  'S_C_ID' => '1',
  'S_CANTIDAD_ENCUESTAS' => '10',
  'S_ACTIVO' => '1',
  'S_LOGO' => '7',
  'S_MUESTRA_VIDEO' => '0',
) 
2014-09-03 11:10:51 --> se va a extraer informacion del area  
2014-09-03 11:10:51 --> la informacion del area es array (
  'AR_ID' => '1',
  'AR_NOMBRE' => 'GERENCIA_DEL_SERVICIO',
  'AR_DESCRIPCION' => 'Cartas punto de venta Cartas de renuncia',
  'AR_C_ID' => '1',
  'AR_ACTIVO' => '1',
  'AR_ALIAS' => 'GS',
  'AR_MOSTRAR_NOMBRE_PANTALLA' => '0',
) 
2014-09-03 11:10:51 --> se va a crear el turno 
2014-09-03 11:10:51 --> se creo el turno 2 del area GS 

2014-09-03 11:17:03 --> get_areas 1 
2014-09-03 11:17:03 --> buscando areas del cliente 
2014-09-03 11:17:23 --> crear el consumidor 
2014-09-03 11:17:27 --> se creo el consumidor 15918 
2014-09-03 11:17:27 --> la informacion de la sede es array (
  'S_ID' => '4',
  'S_NOMBRE' => 'OCCIDENTE',
  'S_DESCRIPCION' => 'Sedle para atender los casos de la regional occidente',
  'S_C_ID' => '1',
  'S_CANTIDAD_ENCUESTAS' => '10',
  'S_ACTIVO' => '1',
  'S_LOGO' => '7',
  'S_MUESTRA_VIDEO' => '0',
) 
2014-09-03 11:17:27 --> se va a extraer informacion del area  
2014-09-03 11:17:27 --> la informacion del area es array (
  'AR_ID' => '2',
  'AR_NOMBRE' => 'APORTES',
  'AR_DESCRIPCION' => 'Pensiones Incapacidades Cesantias Cartas FNA',
  'AR_C_ID' => '1',
  'AR_ACTIVO' => '1',
  'AR_ALIAS' => 'A',
  'AR_MOSTRAR_NOMBRE_PANTALLA' => '0',
) 
2014-09-03 11:17:27 --> se va a crear el turno 
2014-09-03 11:17:27 --> se creo el turno 11 del area A 

2014-09-03 11:20:31 --> get_areas 1 
2014-09-03 11:20:31 --> buscando areas del cliente 
2014-09-03 11:20:41 --> crear el consumidor 
2014-09-03 11:20:45 --> se creo el consumidor 15919 
2014-09-03 11:20:45 --> la informacion de la sede es array (
  'S_ID' => '3',
  'S_NOMBRE' => 'NORTE',
  'S_DESCRIPCION' => 'Sede para atender los casos de la regional norte',
  'S_C_ID' => '1',
  'S_CANTIDAD_ENCUESTAS' => '10',
  'S_ACTIVO' => '1',
  'S_LOGO' => '7',
  'S_MUESTRA_VIDEO' => '0',
) 
2014-09-03 11:20:45 --> se va a extraer informacion del area  
2014-09-03 11:20:45 --> la informacion del area es array (
  'AR_ID' => '8',
  'AR_NOMBRE' => 'COMPENSACION_SALARIAL',
  'AR_DESCRIPCION' => 'Informacion pago nomina y liquidaciones',
  'AR_C_ID' => '1',
  'AR_ACTIVO' => '1',
  'AR_ALIAS' => 'CS',
  'AR_MOSTRAR_NOMBRE_PANTALLA' => '0',
) 
2014-09-03 11:20:45 --> se va a crear el turno 
2014-09-03 11:20:45 --> se creo el turno 1 del area CS 

2014-09-03 11:21:54 --> get_areas 1 
2014-09-03 11:21:54 --> buscando areas del cliente 

2014-09-03 11:23:07 --> get_areas 1 
2014-09-03 11:23:07 --> buscando areas del cliente 

2014-09-03 11:23:53 --> get_areas 1 
2014-09-03 11:23:53 --> buscando areas del cliente 

2014-09-03 11:24:39 --> get_areas 1 
2014-09-03 11:24:39 --> buscando areas del cliente 
2014-09-03 11:24:42 --> crear el consumidor 
2014-09-03 11:24:42 --> se creo el consumidor 15920 
2014-09-03 11:24:42 --> la informacion de la sede es array (
  'S_ID' => '3',
  'S_NOMBRE' => 'NORTE',
  'S_DESCRIPCION' => 'Sede para atender los casos de la regional norte',
  'S_C_ID' => '1',
  'S_CANTIDAD_ENCUESTAS' => '10',
  'S_ACTIVO' => '1',
  'S_LOGO' => '7',
  'S_MUESTRA_VIDEO' => '0',
) 
2014-09-03 11:24:42 --> se va a extraer informacion del area  
2014-09-03 11:24:42 --> la informacion del area es array (
  'AR_ID' => '5',
  'AR_NOMBRE' => 'OTROS',
  'AR_DESCRIPCION' => 'Otros',
  'AR_C_ID' => '1',
  'AR_ACTIVO' => '1',
  'AR_ALIAS' => 'O',
  'AR_MOSTRAR_NOMBRE_PANTALLA' => '0',
) 
2014-09-03 11:24:42 --> se va a crear el turno 
2014-09-03 11:24:42 --> se creo el turno 4 del area O 

2014-09-03 11:28:32 --> get_areas 1 
2014-09-03 11:28:32 --> buscando areas del cliente 
2014-09-03 11:28:37 --> crear el consumidor 
2014-09-03 11:28:37 --> se creo el consumidor 15922 
2014-09-03 11:28:37 --> la informacion de la sede es array (
  'S_ID' => '4',
  'S_NOMBRE' => 'OCCIDENTE',
  'S_DESCRIPCION' => 'Sedle para atender los casos de la regional occidente',
  'S_C_ID' => '1',
  'S_CANTIDAD_ENCUESTAS' => '10',
  'S_ACTIVO' => '1',
  'S_LOGO' => '7',
  'S_MUESTRA_VIDEO' => '0',
) 
2014-09-03 11:28:37 --> se va a extraer informacion del area  
2014-09-03 11:28:37 --> la informacion del area es array (
  'AR_ID' => '5',
  'AR_NOMBRE' => 'OTROS',
  'AR_DESCRIPCION' => 'Otros',
  'AR_C_ID' => '1',
  'AR_ACTIVO' => '1',
  'AR_ALIAS' => 'O',
  'AR_MOSTRAR_NOMBRE_PANTALLA' => '0',
) 
2014-09-03 11:28:37 --> se va a crear el turno 
2014-09-03 11:28:37 --> se creo el turno 8 del area O 

2014-09-03 11:43:20 --> get_areas 1 
2014-09-03 11:43:20 --> buscando areas del cliente 
2014-09-03 11:43:26 --> crear el consumidor 
2014-09-03 11:43:27 --> se creo el consumidor 15923 
2014-09-03 11:43:27 --> la informacion de la sede es array (
  'S_ID' => '4',
  'S_NOMBRE' => 'OCCIDENTE',
  'S_DESCRIPCION' => 'Sedle para atender los casos de la regional occidente',
  'S_C_ID' => '1',
  'S_CANTIDAD_ENCUESTAS' => '10',
  'S_ACTIVO' => '1',
  'S_LOGO' => '7',
  'S_MUESTRA_VIDEO' => '0',
) 
2014-09-03 11:43:27 --> se va a extraer informacion del area  
2014-09-03 11:43:27 --> la informacion del area es array (
  'AR_ID' => '1',
  'AR_NOMBRE' => 'GERENCIA_DEL_SERVICIO',
  'AR_DESCRIPCION' => 'Cartas punto de venta Cartas de renuncia',
  'AR_C_ID' => '1',
  'AR_ACTIVO' => '1',
  'AR_ALIAS' => 'GS',
  'AR_MOSTRAR_NOMBRE_PANTALLA' => '0',
) 
2014-09-03 11:43:27 --> se va a crear el turno 
2014-09-03 11:43:27 --> se creo el turno 3 del area GS 

2014-09-03 11:50:44 --> get_areas 1 
2014-09-03 11:50:44 --> buscando areas del cliente 

2014-09-03 11:51:49 --> get_areas 1 
2014-09-03 11:51:49 --> buscando areas del cliente 

2014-09-03 11:52:37 --> get_areas 1 
2014-09-03 11:52:37 --> buscando areas del cliente 
2014-09-03 11:52:41 --> crear el consumidor 
2014-09-03 11:52:41 --> se creo el consumidor 15924 
2014-09-03 11:52:41 --> la informacion de la sede es array (
  'S_ID' => '3',
  'S_NOMBRE' => 'NORTE',
  'S_DESCRIPCION' => 'Sede para atender los casos de la regional norte',
  'S_C_ID' => '1',
  'S_CANTIDAD_ENCUESTAS' => '10',
  'S_ACTIVO' => '1',
  'S_LOGO' => '7',
  'S_MUESTRA_VIDEO' => '0',
) 
2014-09-03 11:52:41 --> se va a extraer informacion del area  
2014-09-03 11:52:41 --> la informacion del area es array (
  'AR_ID' => '5',
  'AR_NOMBRE' => 'OTROS',
  'AR_DESCRIPCION' => 'Otros',
  'AR_C_ID' => '1',
  'AR_ACTIVO' => '1',
  'AR_ALIAS' => 'O',
  'AR_MOSTRAR_NOMBRE_PANTALLA' => '0',
) 
2014-09-03 11:52:41 --> se va a crear el turno 
2014-09-03 11:52:41 --> se creo el turno 5 del area O 

2014-09-03 13:10:07 --> get_areas 1 
2014-09-03 13:10:07 --> buscando areas del cliente 
2014-09-03 13:10:31 --> crear el consumidor 
2014-09-03 13:10:31 --> se creo el consumidor 15929 
2014-09-03 13:10:31 --> la informacion de la sede es array (
  'S_ID' => '2',
  'S_NOMBRE' => 'CENTRO',
  'S_DESCRIPCION' => 'Sede para atender los casos de la regional centro',
  'S_C_ID' => '1',
  'S_CANTIDAD_ENCUESTAS' => '10',
  'S_ACTIVO' => '1',
  'S_LOGO' => '7',
  'S_MUESTRA_VIDEO' => '0',
) 
2014-09-03 13:10:31 --> se va a extraer informacion del area  
2014-09-03 13:10:31 --> la informacion del area es array (
  'AR_ID' => '5',
  'AR_NOMBRE' => 'OTROS',
  'AR_DESCRIPCION' => 'Otros',
  'AR_C_ID' => '1',
  'AR_ACTIVO' => '1',
  'AR_ALIAS' => 'O',
  'AR_MOSTRAR_NOMBRE_PANTALLA' => '0',
) 
2014-09-03 13:10:31 --> se va a crear el turno 
2014-09-03 13:10:31 --> se creo el turno 1 del area O 

2014-09-03 14:05:44 --> get_areas 1 
2014-09-03 14:05:44 --> buscando areas del cliente 

2014-09-03 14:11:30 --> get_areas 1 
2014-09-03 14:11:30 --> buscando areas del cliente 
2014-09-03 14:11:39 --> crear el consumidor 
2014-09-03 14:11:39 --> se creo el consumidor 15970 
2014-09-03 14:11:39 --> la informacion de la sede es array (
  'S_ID' => '4',
  'S_NOMBRE' => 'OCCIDENTE',
  'S_DESCRIPCION' => 'Sedle para atender los casos de la regional occidente',
  'S_C_ID' => '1',
  'S_CANTIDAD_ENCUESTAS' => '10',
  'S_ACTIVO' => '1',
  'S_LOGO' => '7',
  'S_MUESTRA_VIDEO' => '0',
) 
2014-09-03 14:11:39 --> se va a extraer informacion del area  
2014-09-03 14:11:39 --> la informacion del area es array (
  'AR_ID' => '2',
  'AR_NOMBRE' => 'APORTES',
  'AR_DESCRIPCION' => 'Pensiones Incapacidades Cesantias Cartas FNA',
  'AR_C_ID' => '1',
  'AR_ACTIVO' => '1',
  'AR_ALIAS' => 'A',
  'AR_MOSTRAR_NOMBRE_PANTALLA' => '0',
) 
2014-09-03 14:11:39 --> se va a crear el turno 
2014-09-03 14:11:39 --> se creo el turno 12 del area A 

2014-09-03 14:38:25 --> get_areas 1 
2014-09-03 14:38:25 --> buscando areas del cliente 
2014-09-03 14:38:42 --> crear el consumidor 
2014-09-03 14:38:42 --> se creo el consumidor 15977 
2014-09-03 14:38:42 --> la informacion de la sede es array (
  'S_ID' => '4',
  'S_NOMBRE' => 'OCCIDENTE',
  'S_DESCRIPCION' => 'Sedle para atender los casos de la regional occidente',
  'S_C_ID' => '1',
  'S_CANTIDAD_ENCUESTAS' => '10',
  'S_ACTIVO' => '1',
  'S_LOGO' => '7',
  'S_MUESTRA_VIDEO' => '0',
) 
2014-09-03 14:38:42 --> se va a extraer informacion del area  
2014-09-03 14:38:42 --> la informacion del area es array (
  'AR_ID' => '5',
  'AR_NOMBRE' => 'OTROS',
  'AR_DESCRIPCION' => 'Otros',
  'AR_C_ID' => '1',
  'AR_ACTIVO' => '1',
  'AR_ALIAS' => 'O',
  'AR_MOSTRAR_NOMBRE_PANTALLA' => '0',
) 
2014-09-03 14:38:42 --> se va a crear el turno 
2014-09-03 14:38:42 --> se creo el turno 9 del area O 

2014-09-03 14:43:09 --> get_areas 1 
2014-09-03 14:43:09 --> buscando areas del cliente 
2014-09-03 14:43:21 --> crear el consumidor 
2014-09-03 14:43:21 --> se creo el consumidor 15981 
2014-09-03 14:43:21 --> la informacion de la sede es array (
  'S_ID' => '4',
  'S_NOMBRE' => 'OCCIDENTE',
  'S_DESCRIPCION' => 'Sedle para atender los casos de la regional occidente',
  'S_C_ID' => '1',
  'S_CANTIDAD_ENCUESTAS' => '10',
  'S_ACTIVO' => '1',
  'S_LOGO' => '7',
  'S_MUESTRA_VIDEO' => '0',
) 
2014-09-03 14:43:21 --> se va a extraer informacion del area  
2014-09-03 14:43:21 --> la informacion del area es array (
  'AR_ID' => '2',
  'AR_NOMBRE' => 'APORTES',
  'AR_DESCRIPCION' => 'Pensiones Incapacidades Cesantias Cartas FNA',
  'AR_C_ID' => '1',
  'AR_ACTIVO' => '1',
  'AR_ALIAS' => 'A',
  'AR_MOSTRAR_NOMBRE_PANTALLA' => '0',
) 
2014-09-03 14:43:21 --> se va a crear el turno 
2014-09-03 14:43:21 --> se creo el turno 13 del area A 

2014-09-03 14:50:56 --> get_areas 1 
2014-09-03 14:50:56 --> buscando areas del cliente 
2014-09-03 14:51:32 --> crear el consumidor 
2014-09-03 14:51:33 --> se creo el consumidor 15984 
2014-09-03 14:51:33 --> la informacion de la sede es array (
  'S_ID' => '4',
  'S_NOMBRE' => 'OCCIDENTE',
  'S_DESCRIPCION' => 'Sedle para atender los casos de la regional occidente',
  'S_C_ID' => '1',
  'S_CANTIDAD_ENCUESTAS' => '10',
  'S_ACTIVO' => '1',
  'S_LOGO' => '7',
  'S_MUESTRA_VIDEO' => '0',
) 
2014-09-03 14:51:33 --> se va a extraer informacion del area  
2014-09-03 14:51:33 --> la informacion del area es array (
  'AR_ID' => '1',
  'AR_NOMBRE' => 'GERENCIA_DEL_SERVICIO',
  'AR_DESCRIPCION' => 'Cartas punto de venta Cartas de renuncia',
  'AR_C_ID' => '1',
  'AR_ACTIVO' => '1',
  'AR_ALIAS' => 'GS',
  'AR_MOSTRAR_NOMBRE_PANTALLA' => '0',
) 
2014-09-03 14:51:33 --> se va a crear el turno 
2014-09-03 14:51:33 --> se creo el turno 4 del area GS 

2014-09-03 15:05:23 --> get_areas 1 
2014-09-03 15:05:23 --> buscando areas del cliente 
2014-09-03 15:05:44 --> crear el consumidor 
2014-09-03 15:05:44 --> se creo el consumidor 15995 
2014-09-03 15:05:44 --> la informacion de la sede es array (
  'S_ID' => '4',
  'S_NOMBRE' => 'OCCIDENTE',
  'S_DESCRIPCION' => 'Sedle para atender los casos de la regional occidente',
  'S_C_ID' => '1',
  'S_CANTIDAD_ENCUESTAS' => '10',
  'S_ACTIVO' => '1',
  'S_LOGO' => '7',
  'S_MUESTRA_VIDEO' => '0',
) 
2014-09-03 15:05:44 --> se va a extraer informacion del area  
2014-09-03 15:05:44 --> la informacion del area es array (
  'AR_ID' => '2',
  'AR_NOMBRE' => 'APORTES',
  'AR_DESCRIPCION' => 'Pensiones Incapacidades Cesantias Cartas FNA',
  'AR_C_ID' => '1',
  'AR_ACTIVO' => '1',
  'AR_ALIAS' => 'A',
  'AR_MOSTRAR_NOMBRE_PANTALLA' => '0',
) 
2014-09-03 15:05:44 --> se va a crear el turno 
2014-09-03 15:05:44 --> se creo el turno 14 del area A 

2014-09-03 15:06:42 --> get_areas 1 
2014-09-03 15:06:42 --> buscando areas del cliente 
2014-09-03 15:06:58 --> crear el consumidor 
2014-09-03 15:07:00 --> se creo el consumidor 15996 
2014-09-03 15:07:00 --> la informacion de la sede es array (
  'S_ID' => '4',
  'S_NOMBRE' => 'OCCIDENTE',
  'S_DESCRIPCION' => 'Sedle para atender los casos de la regional occidente',
  'S_C_ID' => '1',
  'S_CANTIDAD_ENCUESTAS' => '10',
  'S_ACTIVO' => '1',
  'S_LOGO' => '7',
  'S_MUESTRA_VIDEO' => '0',
) 
2014-09-03 15:07:00 --> se va a extraer informacion del area  
2014-09-03 15:07:00 --> la informacion del area es array (
  'AR_ID' => '8',
  'AR_NOMBRE' => 'COMPENSACION_SALARIAL',
  'AR_DESCRIPCION' => 'Informacion pago nomina y liquidaciones',
  'AR_C_ID' => '1',
  'AR_ACTIVO' => '1',
  'AR_ALIAS' => 'CS',
  'AR_MOSTRAR_NOMBRE_PANTALLA' => '0',
) 
2014-09-03 15:07:00 --> se va a crear el turno 
2014-09-03 15:07:00 --> se creo el turno 1 del area CS 

2014-09-03 15:08:54 --> get_areas 1 
2014-09-03 15:08:54 --> buscando areas del cliente 

2014-09-03 15:21:42 --> get_areas 1 
2014-09-03 15:21:42 --> buscando areas del cliente 
2014-09-03 15:21:58 --> crear el consumidor 
2014-09-03 15:21:58 --> se creo el consumidor 16000 
2014-09-03 15:21:58 --> la informacion de la sede es array (
  'S_ID' => '4',
  'S_NOMBRE' => 'OCCIDENTE',
  'S_DESCRIPCION' => 'Sedle para atender los casos de la regional occidente',
  'S_C_ID' => '1',
  'S_CANTIDAD_ENCUESTAS' => '10',
  'S_ACTIVO' => '1',
  'S_LOGO' => '7',
  'S_MUESTRA_VIDEO' => '0',
) 
2014-09-03 15:21:58 --> se va a extraer informacion del area  
2014-09-03 15:21:58 --> la informacion del area es array (
  'AR_ID' => '5',
  'AR_NOMBRE' => 'OTROS',
  'AR_DESCRIPCION' => 'Otros',
  'AR_C_ID' => '1',
  'AR_ACTIVO' => '1',
  'AR_ALIAS' => 'O',
  'AR_MOSTRAR_NOMBRE_PANTALLA' => '0',
) 
2014-09-03 15:21:58 --> se va a crear el turno 
2014-09-03 15:21:58 --> se creo el turno 10 del area O 

2014-09-03 15:31:00 --> get_areas 1 
2014-09-03 15:31:00 --> buscando areas del cliente 
2014-09-03 15:31:02 --> crear el consumidor 
2014-09-03 15:31:02 --> se creo el consumidor 16003 
2014-09-03 15:31:02 --> la informacion de la sede es array (
  'S_ID' => '4',
  'S_NOMBRE' => 'OCCIDENTE',
  'S_DESCRIPCION' => 'Sedle para atender los casos de la regional occidente',
  'S_C_ID' => '1',
  'S_CANTIDAD_ENCUESTAS' => '10',
  'S_ACTIVO' => '1',
  'S_LOGO' => '7',
  'S_MUESTRA_VIDEO' => '0',
) 
2014-09-03 15:31:02 --> se va a extraer informacion del area  
2014-09-03 15:31:02 --> la informacion del area es array (
  'AR_ID' => '1',
  'AR_NOMBRE' => 'GERENCIA_DEL_SERVICIO',
  'AR_DESCRIPCION' => 'Cartas punto de venta Cartas de renuncia',
  'AR_C_ID' => '1',
  'AR_ACTIVO' => '1',
  'AR_ALIAS' => 'GS',
  'AR_MOSTRAR_NOMBRE_PANTALLA' => '0',
) 
2014-09-03 15:31:02 --> se va a crear el turno 
2014-09-03 15:31:02 --> se creo el turno 5 del area GS 

2014-09-03 15:52:10 --> get_areas 1 
2014-09-03 15:52:10 --> buscando areas del cliente 
2014-09-03 15:52:32 --> crear el consumidor 
2014-09-03 15:52:32 --> se creo el consumidor 16004 
2014-09-03 15:52:32 --> la informacion de la sede es array (
  'S_ID' => '4',
  'S_NOMBRE' => 'OCCIDENTE',
  'S_DESCRIPCION' => 'Sedle para atender los casos de la regional occidente',
  'S_C_ID' => '1',
  'S_CANTIDAD_ENCUESTAS' => '10',
  'S_ACTIVO' => '1',
  'S_LOGO' => '7',
  'S_MUESTRA_VIDEO' => '0',
) 
2014-09-03 15:52:32 --> se va a extraer informacion del area  
2014-09-03 15:52:32 --> la informacion del area es array (
  'AR_ID' => '1',
  'AR_NOMBRE' => 'GERENCIA_DEL_SERVICIO',
  'AR_DESCRIPCION' => 'Cartas punto de venta Cartas de renuncia',
  'AR_C_ID' => '1',
  'AR_ACTIVO' => '1',
  'AR_ALIAS' => 'GS',
  'AR_MOSTRAR_NOMBRE_PANTALLA' => '0',
) 
2014-09-03 15:52:32 --> se va a crear el turno 
2014-09-03 15:52:32 --> se creo el turno 6 del area GS 

2014-09-03 16:01:50 --> get_areas 1 
2014-09-03 16:01:50 --> buscando areas del cliente 
2014-09-03 16:02:16 --> crear el consumidor 
2014-09-03 16:02:16 --> se creo el consumidor 16007 
2014-09-03 16:02:16 --> la informacion de la sede es array (
  'S_ID' => '4',
  'S_NOMBRE' => 'OCCIDENTE',
  'S_DESCRIPCION' => 'Sedle para atender los casos de la regional occidente',
  'S_C_ID' => '1',
  'S_CANTIDAD_ENCUESTAS' => '10',
  'S_ACTIVO' => '1',
  'S_LOGO' => '7',
  'S_MUESTRA_VIDEO' => '0',
) 
2014-09-03 16:02:16 --> se va a extraer informacion del area  
2014-09-03 16:02:16 --> la informacion del area es array (
  'AR_ID' => '2',
  'AR_NOMBRE' => 'APORTES',
  'AR_DESCRIPCION' => 'Pensiones Incapacidades Cesantias Cartas FNA',
  'AR_C_ID' => '1',
  'AR_ACTIVO' => '1',
  'AR_ALIAS' => 'A',
  'AR_MOSTRAR_NOMBRE_PANTALLA' => '0',
) 
2014-09-03 16:02:16 --> se va a crear el turno 
2014-09-03 16:02:16 --> se creo el turno 16 del area A 

2014-09-03 16:15:44 --> get_areas 1 
2014-09-03 16:15:44 --> buscando areas del cliente 
2014-09-03 16:15:51 --> crear el consumidor 
2014-09-03 16:15:51 --> se creo el consumidor 16013 
2014-09-03 16:15:51 --> la informacion de la sede es array (
  'S_ID' => '3',
  'S_NOMBRE' => 'NORTE',
  'S_DESCRIPCION' => 'Sede para atender los casos de la regional norte',
  'S_C_ID' => '1',
  'S_CANTIDAD_ENCUESTAS' => '10',
  'S_ACTIVO' => '1',
  'S_LOGO' => '7',
  'S_MUESTRA_VIDEO' => '0',
) 
2014-09-03 16:15:51 --> se va a extraer informacion del area  
2014-09-03 16:15:51 --> la informacion del area es array (
  'AR_ID' => '2',
  'AR_NOMBRE' => 'APORTES',
  'AR_DESCRIPCION' => 'Pensiones Incapacidades Cesantias Cartas FNA',
  'AR_C_ID' => '1',
  'AR_ACTIVO' => '1',
  'AR_ALIAS' => 'A',
  'AR_MOSTRAR_NOMBRE_PANTALLA' => '0',
) 
2014-09-03 16:15:51 --> se va a crear el turno 
2014-09-03 16:15:51 --> se creo el turno 3 del area A 

2014-09-03 16:26:13 --> get_areas 1 
2014-09-03 16:26:13 --> buscando areas del cliente 
2014-09-03 16:26:31 --> crear el consumidor 
2014-09-03 16:26:32 --> se creo el consumidor 16016 
2014-09-03 16:26:32 --> la informacion de la sede es array (
  'S_ID' => '4',
  'S_NOMBRE' => 'OCCIDENTE',
  'S_DESCRIPCION' => 'Sedle para atender los casos de la regional occidente',
  'S_C_ID' => '1',
  'S_CANTIDAD_ENCUESTAS' => '10',
  'S_ACTIVO' => '1',
  'S_LOGO' => '7',
  'S_MUESTRA_VIDEO' => '0',
) 
2014-09-03 16:26:32 --> se va a extraer informacion del area  
2014-09-03 16:26:32 --> la informacion del area es array (
  'AR_ID' => '3',
  'AR_NOMBRE' => 'SEGUIMIENTO_AL_SERVICIO',
  'AR_DESCRIPCION' => 'SQR certificados especiales claves portal web',
  'AR_C_ID' => '1',
  'AR_ACTIVO' => '1',
  'AR_ALIAS' => 'SAS',
  'AR_MOSTRAR_NOMBRE_PANTALLA' => '0',
) 
2014-09-03 16:26:32 --> se va a crear el turno 
2014-09-03 16:26:32 --> se creo el turno 9 del area SAS 

2014-09-03 16:30:00 --> get_areas 1 
2014-09-03 16:30:00 --> buscando areas del cliente 
2014-09-03 16:30:21 --> crear el consumidor 
2014-09-03 16:30:21 --> se creo el consumidor 16017 
2014-09-03 16:30:21 --> la informacion de la sede es array (
  'S_ID' => '4',
  'S_NOMBRE' => 'OCCIDENTE',
  'S_DESCRIPCION' => 'Sedle para atender los casos de la regional occidente',
  'S_C_ID' => '1',
  'S_CANTIDAD_ENCUESTAS' => '10',
  'S_ACTIVO' => '1',
  'S_LOGO' => '7',
  'S_MUESTRA_VIDEO' => '0',
) 
2014-09-03 16:30:21 --> se va a extraer informacion del area  
2014-09-03 16:30:21 --> la informacion del area es array (
  'AR_ID' => '5',
  'AR_NOMBRE' => 'OTROS',
  'AR_DESCRIPCION' => 'Otros',
  'AR_C_ID' => '1',
  'AR_ACTIVO' => '1',
  'AR_ALIAS' => 'O',
  'AR_MOSTRAR_NOMBRE_PANTALLA' => '0',
) 
2014-09-03 16:30:21 --> se va a crear el turno 
2014-09-03 16:30:21 --> se creo el turno 11 del area O 

2014-09-03 16:32:30 --> get_areas 1 
2014-09-03 16:32:30 --> buscando areas del cliente 
2014-09-03 16:32:45 --> crear el consumidor 
2014-09-03 16:32:48 --> se creo el consumidor 16019 
2014-09-03 16:32:48 --> la informacion de la sede es array (
  'S_ID' => '3',
  'S_NOMBRE' => 'NORTE',
  'S_DESCRIPCION' => 'Sede para atender los casos de la regional norte',
  'S_C_ID' => '1',
  'S_CANTIDAD_ENCUESTAS' => '10',
  'S_ACTIVO' => '1',
  'S_LOGO' => '7',
  'S_MUESTRA_VIDEO' => '0',
) 
2014-09-03 16:32:48 --> se va a extraer informacion del area  
2014-09-03 16:32:48 --> la informacion del area es array (
  'AR_ID' => '1',
  'AR_NOMBRE' => 'GERENCIA_DEL_SERVICIO',
  'AR_DESCRIPCION' => 'Cartas punto de venta Cartas de renuncia',
  'AR_C_ID' => '1',
  'AR_ACTIVO' => '1',
  'AR_ALIAS' => 'GS',
  'AR_MOSTRAR_NOMBRE_PANTALLA' => '0',
) 
2014-09-03 16:32:48 --> se va a crear el turno 
2014-09-03 16:32:48 --> se creo el turno 2 del area GS 

2014-09-03 16:36:53 --> get_areas 1 
2014-09-03 16:36:53 --> buscando areas del cliente 
2014-09-03 16:37:05 --> crear el consumidor 
2014-09-03 16:37:06 --> se creo el consumidor 16020 
2014-09-03 16:37:06 --> la informacion de la sede es array (
  'S_ID' => '4',
  'S_NOMBRE' => 'OCCIDENTE',
  'S_DESCRIPCION' => 'Sedle para atender los casos de la regional occidente',
  'S_C_ID' => '1',
  'S_CANTIDAD_ENCUESTAS' => '10',
  'S_ACTIVO' => '1',
  'S_LOGO' => '7',
  'S_MUESTRA_VIDEO' => '0',
) 
2014-09-03 16:37:06 --> se va a extraer informacion del area  
2014-09-03 16:37:06 --> la informacion del area es array (
  'AR_ID' => '5',
  'AR_NOMBRE' => 'OTROS',
  'AR_DESCRIPCION' => 'Otros',
  'AR_C_ID' => '1',
  'AR_ACTIVO' => '1',
  'AR_ALIAS' => 'O',
  'AR_MOSTRAR_NOMBRE_PANTALLA' => '0',
) 
2014-09-03 16:37:06 --> se va a crear el turno 
2014-09-03 16:37:06 --> se creo el turno 12 del area O 

2014-09-03 16:41:44 --> get_areas 1 
2014-09-03 16:41:44 --> buscando areas del cliente 
2014-09-03 16:42:02 --> crear el consumidor 
2014-09-03 16:42:03 --> se creo el consumidor 16021 
2014-09-03 16:42:03 --> la informacion de la sede es array (
  'S_ID' => '1',
  'S_NOMBRE' => 'ANTIOQUIA',
  'S_DESCRIPCION' => 'Sede para atender los casos de la regional antioquia',
  'S_C_ID' => '1',
  'S_CANTIDAD_ENCUESTAS' => '10',
  'S_ACTIVO' => '1',
  'S_LOGO' => '7',
  'S_MUESTRA_VIDEO' => '0',
) 
2014-09-03 16:42:03 --> se va a extraer informacion del area  
2014-09-03 16:42:03 --> la informacion del area es array (
  'AR_ID' => '3',
  'AR_NOMBRE' => 'SEGUIMIENTO_AL_SERVICIO',
  'AR_DESCRIPCION' => 'SQR certificados especiales claves portal web',
  'AR_C_ID' => '1',
  'AR_ACTIVO' => '1',
  'AR_ALIAS' => 'SAS',
  'AR_MOSTRAR_NOMBRE_PANTALLA' => '0',
) 
2014-09-03 16:42:03 --> se va a crear el turno 
2014-09-03 16:42:03 --> se creo el turno 27 del area SAS 
