
2014-10-15 07:42:57 --> get_areas 1 
2014-10-15 07:42:57 --> buscando areas del cliente 

2014-10-15 08:16:55 --> get_areas 1 
2014-10-15 08:16:55 --> buscando areas del cliente 
2014-10-15 08:17:09 --> crear el consumidor 
2014-10-15 08:17:09 --> se creo el consumidor 20822 
2014-10-15 08:17:09 --> la informacion de la sede es array (
  'S_ID' => '4',
  'S_NOMBRE' => 'OCCIDENTE',
  'S_DESCRIPCION' => 'Sedle para atender los casos de la regional occidente',
  'S_C_ID' => '1',
  'S_CANTIDAD_ENCUESTAS' => '10',
  'S_ACTIVO' => '1',
  'S_LOGO' => '7',
  'S_MUESTRA_VIDEO' => '0',
) 
2014-10-15 08:17:09 --> se va a extraer informacion del area  
2014-10-15 08:17:09 --> la informacion del area es array (
  'AR_ID' => '2',
  'AR_NOMBRE' => 'APORTES',
  'AR_DESCRIPCION' => 'Pensiones Incapacidades Cesantias Cartas FNA',
  'AR_C_ID' => '1',
  'AR_ACTIVO' => '1',
  'AR_ALIAS' => 'A',
  'AR_MOSTRAR_NOMBRE_PANTALLA' => '0',
) 
2014-10-15 08:17:09 --> se va a crear el turno 
2014-10-15 08:17:09 --> se creo el turno 1 del area A 

2014-10-15 08:20:31 --> get_areas 1 
2014-10-15 08:20:31 --> buscando areas del cliente 
2014-10-15 08:20:46 --> crear el consumidor 
2014-10-15 08:20:46 --> se creo el consumidor 20824 
2014-10-15 08:20:46 --> la informacion de la sede es array (
  'S_ID' => '4',
  'S_NOMBRE' => 'OCCIDENTE',
  'S_DESCRIPCION' => 'Sedle para atender los casos de la regional occidente',
  'S_C_ID' => '1',
  'S_CANTIDAD_ENCUESTAS' => '10',
  'S_ACTIVO' => '1',
  'S_LOGO' => '7',
  'S_MUESTRA_VIDEO' => '0',
) 
2014-10-15 08:20:46 --> se va a extraer informacion del area  
2014-10-15 08:20:46 --> la informacion del area es array (
  'AR_ID' => '5',
  'AR_NOMBRE' => 'OTROS',
  'AR_DESCRIPCION' => 'Otros',
  'AR_C_ID' => '1',
  'AR_ACTIVO' => '1',
  'AR_ALIAS' => 'O',
  'AR_MOSTRAR_NOMBRE_PANTALLA' => '0',
) 
2014-10-15 08:20:46 --> se va a crear el turno 
2014-10-15 08:20:46 --> se creo el turno 1 del area O 

2014-10-15 09:12:49 --> get_areas 1 
2014-10-15 09:12:49 --> buscando areas del cliente 
2014-10-15 09:13:01 --> crear el consumidor 
2014-10-15 09:13:01 --> se creo el consumidor 20828 
2014-10-15 09:13:01 --> la informacion de la sede es array (
  'S_ID' => '4',
  'S_NOMBRE' => 'OCCIDENTE',
  'S_DESCRIPCION' => 'Sedle para atender los casos de la regional occidente',
  'S_C_ID' => '1',
  'S_CANTIDAD_ENCUESTAS' => '10',
  'S_ACTIVO' => '1',
  'S_LOGO' => '7',
  'S_MUESTRA_VIDEO' => '0',
) 
2014-10-15 09:13:01 --> se va a extraer informacion del area  
2014-10-15 09:13:01 --> la informacion del area es array (
  'AR_ID' => '1',
  'AR_NOMBRE' => 'GERENCIA_DEL_SERVICIO',
  'AR_DESCRIPCION' => 'Cartas punto de venta Cartas de renuncia',
  'AR_C_ID' => '1',
  'AR_ACTIVO' => '1',
  'AR_ALIAS' => 'GS',
  'AR_MOSTRAR_NOMBRE_PANTALLA' => '0',
) 
2014-10-15 09:13:01 --> se va a crear el turno 
2014-10-15 09:13:01 --> se creo el turno 1 del area GS 

2014-10-15 09:19:58 --> get_areas 1 
2014-10-15 09:19:58 --> buscando areas del cliente 
2014-10-15 09:20:10 --> crear el consumidor 
2014-10-15 09:20:10 --> se creo el consumidor 20829 
2014-10-15 09:20:10 --> la informacion de la sede es array (
  'S_ID' => '4',
  'S_NOMBRE' => 'OCCIDENTE',
  'S_DESCRIPCION' => 'Sedle para atender los casos de la regional occidente',
  'S_C_ID' => '1',
  'S_CANTIDAD_ENCUESTAS' => '10',
  'S_ACTIVO' => '1',
  'S_LOGO' => '7',
  'S_MUESTRA_VIDEO' => '0',
) 
2014-10-15 09:20:10 --> se va a extraer informacion del area  
2014-10-15 09:20:10 --> la informacion del area es array (
  'AR_ID' => '5',
  'AR_NOMBRE' => 'OTROS',
  'AR_DESCRIPCION' => 'Otros',
  'AR_C_ID' => '1',
  'AR_ACTIVO' => '1',
  'AR_ALIAS' => 'O',
  'AR_MOSTRAR_NOMBRE_PANTALLA' => '0',
) 
2014-10-15 09:20:10 --> se va a crear el turno 
2014-10-15 09:20:10 --> se creo el turno 2 del area O 

2014-10-15 09:29:45 --> get_areas 1 
2014-10-15 09:29:45 --> buscando areas del cliente 
2014-10-15 09:30:01 --> crear el consumidor 
2014-10-15 09:30:01 --> se creo el consumidor 20835 
2014-10-15 09:30:01 --> la informacion de la sede es array (
  'S_ID' => '3',
  'S_NOMBRE' => 'NORTE',
  'S_DESCRIPCION' => 'Sede para atender los casos de la regional norte',
  'S_C_ID' => '1',
  'S_CANTIDAD_ENCUESTAS' => '10',
  'S_ACTIVO' => '1',
  'S_LOGO' => '7',
  'S_MUESTRA_VIDEO' => '0',
) 
2014-10-15 09:30:01 --> se va a extraer informacion del area  
2014-10-15 09:30:01 --> la informacion del area es array (
  'AR_ID' => '2',
  'AR_NOMBRE' => 'APORTES',
  'AR_DESCRIPCION' => 'Pensiones Incapacidades Cesantias Cartas FNA',
  'AR_C_ID' => '1',
  'AR_ACTIVO' => '1',
  'AR_ALIAS' => 'A',
  'AR_MOSTRAR_NOMBRE_PANTALLA' => '0',
) 
2014-10-15 09:30:01 --> se va a crear el turno 
2014-10-15 09:30:01 --> se creo el turno 2 del area A 

2014-10-15 09:34:29 --> get_areas 1 
2014-10-15 09:34:29 --> buscando areas del cliente 
2014-10-15 09:34:52 --> crear el consumidor 
2014-10-15 09:34:52 --> se creo el consumidor 20836 
2014-10-15 09:34:52 --> la informacion de la sede es array (
  'S_ID' => '3',
  'S_NOMBRE' => 'NORTE',
  'S_DESCRIPCION' => 'Sede para atender los casos de la regional norte',
  'S_C_ID' => '1',
  'S_CANTIDAD_ENCUESTAS' => '10',
  'S_ACTIVO' => '1',
  'S_LOGO' => '7',
  'S_MUESTRA_VIDEO' => '0',
) 
2014-10-15 09:34:52 --> se va a extraer informacion del area  
2014-10-15 09:34:52 --> la informacion del area es array (
  'AR_ID' => '8',
  'AR_NOMBRE' => 'COMPENSACION_SALARIAL',
  'AR_DESCRIPCION' => 'Informacion pago nomina y liquidaciones',
  'AR_C_ID' => '1',
  'AR_ACTIVO' => '1',
  'AR_ALIAS' => 'CS',
  'AR_MOSTRAR_NOMBRE_PANTALLA' => '0',
) 
2014-10-15 09:34:52 --> se va a crear el turno 
2014-10-15 09:34:52 --> se creo el turno 1 del area CS 

2014-10-15 09:41:38 --> get_areas 1 
2014-10-15 09:41:38 --> buscando areas del cliente 
2014-10-15 09:41:44 --> crear el consumidor 
2014-10-15 09:41:44 --> se creo el consumidor 20841 
2014-10-15 09:41:44 --> la informacion de la sede es array (
  'S_ID' => '4',
  'S_NOMBRE' => 'OCCIDENTE',
  'S_DESCRIPCION' => 'Sedle para atender los casos de la regional occidente',
  'S_C_ID' => '1',
  'S_CANTIDAD_ENCUESTAS' => '10',
  'S_ACTIVO' => '1',
  'S_LOGO' => '7',
  'S_MUESTRA_VIDEO' => '0',
) 
2014-10-15 09:41:44 --> se va a extraer informacion del area  
2014-10-15 09:41:44 --> la informacion del area es array (
  'AR_ID' => '1',
  'AR_NOMBRE' => 'GERENCIA_DEL_SERVICIO',
  'AR_DESCRIPCION' => 'Cartas punto de venta Cartas de renuncia',
  'AR_C_ID' => '1',
  'AR_ACTIVO' => '1',
  'AR_ALIAS' => 'GS',
  'AR_MOSTRAR_NOMBRE_PANTALLA' => '0',
) 
2014-10-15 09:41:44 --> se va a crear el turno 
2014-10-15 09:41:44 --> se creo el turno 2 del area GS 

2014-10-15 09:42:34 --> get_areas 1 
2014-10-15 09:42:34 --> buscando areas del cliente 
2014-10-15 09:42:43 --> crear el consumidor 
2014-10-15 09:42:43 --> se creo el consumidor 20842 
2014-10-15 09:42:43 --> la informacion de la sede es array (
  'S_ID' => '4',
  'S_NOMBRE' => 'OCCIDENTE',
  'S_DESCRIPCION' => 'Sedle para atender los casos de la regional occidente',
  'S_C_ID' => '1',
  'S_CANTIDAD_ENCUESTAS' => '10',
  'S_ACTIVO' => '1',
  'S_LOGO' => '7',
  'S_MUESTRA_VIDEO' => '0',
) 
2014-10-15 09:42:43 --> se va a extraer informacion del area  
2014-10-15 09:42:43 --> la informacion del area es array (
  'AR_ID' => '1',
  'AR_NOMBRE' => 'GERENCIA_DEL_SERVICIO',
  'AR_DESCRIPCION' => 'Cartas punto de venta Cartas de renuncia',
  'AR_C_ID' => '1',
  'AR_ACTIVO' => '1',
  'AR_ALIAS' => 'GS',
  'AR_MOSTRAR_NOMBRE_PANTALLA' => '0',
) 
2014-10-15 09:42:43 --> se va a crear el turno 
2014-10-15 09:42:43 --> se creo el turno 3 del area GS 

2014-10-15 09:45:44 --> get_areas 1 
2014-10-15 09:45:44 --> buscando areas del cliente 
2014-10-15 09:45:56 --> crear el consumidor 
2014-10-15 09:45:56 --> se creo el consumidor 20843 
2014-10-15 09:45:56 --> la informacion de la sede es array (
  'S_ID' => '4',
  'S_NOMBRE' => 'OCCIDENTE',
  'S_DESCRIPCION' => 'Sedle para atender los casos de la regional occidente',
  'S_C_ID' => '1',
  'S_CANTIDAD_ENCUESTAS' => '10',
  'S_ACTIVO' => '1',
  'S_LOGO' => '7',
  'S_MUESTRA_VIDEO' => '0',
) 
2014-10-15 09:45:56 --> se va a extraer informacion del area  
2014-10-15 09:45:56 --> la informacion del area es array (
  'AR_ID' => '8',
  'AR_NOMBRE' => 'COMPENSACION_SALARIAL',
  'AR_DESCRIPCION' => 'Informacion pago nomina y liquidaciones',
  'AR_C_ID' => '1',
  'AR_ACTIVO' => '1',
  'AR_ALIAS' => 'CS',
  'AR_MOSTRAR_NOMBRE_PANTALLA' => '0',
) 
2014-10-15 09:45:56 --> se va a crear el turno 
2014-10-15 09:45:56 --> se creo el turno 1 del area CS 

2014-10-15 09:46:34 --> get_areas 1 
2014-10-15 09:46:34 --> buscando areas del cliente 
2014-10-15 09:46:39 --> crear el consumidor 
2014-10-15 09:46:39 --> se creo el consumidor 20845 
2014-10-15 09:46:39 --> la informacion de la sede es array (
  'S_ID' => '4',
  'S_NOMBRE' => 'OCCIDENTE',
  'S_DESCRIPCION' => 'Sedle para atender los casos de la regional occidente',
  'S_C_ID' => '1',
  'S_CANTIDAD_ENCUESTAS' => '10',
  'S_ACTIVO' => '1',
  'S_LOGO' => '7',
  'S_MUESTRA_VIDEO' => '0',
) 
2014-10-15 09:46:39 --> se va a extraer informacion del area  
2014-10-15 09:46:39 --> la informacion del area es array (
  'AR_ID' => '8',
  'AR_NOMBRE' => 'COMPENSACION_SALARIAL',
  'AR_DESCRIPCION' => 'Informacion pago nomina y liquidaciones',
  'AR_C_ID' => '1',
  'AR_ACTIVO' => '1',
  'AR_ALIAS' => 'CS',
  'AR_MOSTRAR_NOMBRE_PANTALLA' => '0',
) 
2014-10-15 09:46:39 --> se va a crear el turno 
2014-10-15 09:46:39 --> se creo el turno 2 del area CS 

2014-10-15 10:24:08 --> get_areas 1 
2014-10-15 10:24:08 --> buscando areas del cliente 
2014-10-15 10:24:38 --> crear el consumidor 
2014-10-15 10:24:38 --> se creo el consumidor 20851 
2014-10-15 10:24:38 --> la informacion de la sede es array (
  'S_ID' => '4',
  'S_NOMBRE' => 'OCCIDENTE',
  'S_DESCRIPCION' => 'Sedle para atender los casos de la regional occidente',
  'S_C_ID' => '1',
  'S_CANTIDAD_ENCUESTAS' => '10',
  'S_ACTIVO' => '1',
  'S_LOGO' => '7',
  'S_MUESTRA_VIDEO' => '0',
) 
2014-10-15 10:24:38 --> se va a extraer informacion del area  
2014-10-15 10:24:38 --> la informacion del area es array (
  'AR_ID' => '5',
  'AR_NOMBRE' => 'OTROS',
  'AR_DESCRIPCION' => 'Otros',
  'AR_C_ID' => '1',
  'AR_ACTIVO' => '1',
  'AR_ALIAS' => 'O',
  'AR_MOSTRAR_NOMBRE_PANTALLA' => '0',
) 
2014-10-15 10:24:38 --> se va a crear el turno 
2014-10-15 10:24:38 --> se creo el turno 3 del area O 

2014-10-15 10:25:40 --> get_areas 1 
2014-10-15 10:25:40 --> buscando areas del cliente 
2014-10-15 10:25:59 --> crear el consumidor 
2014-10-15 10:25:59 --> se creo el consumidor 20852 
2014-10-15 10:25:59 --> la informacion de la sede es array (
  'S_ID' => '4',
  'S_NOMBRE' => 'OCCIDENTE',
  'S_DESCRIPCION' => 'Sedle para atender los casos de la regional occidente',
  'S_C_ID' => '1',
  'S_CANTIDAD_ENCUESTAS' => '10',
  'S_ACTIVO' => '1',
  'S_LOGO' => '7',
  'S_MUESTRA_VIDEO' => '0',
) 
2014-10-15 10:25:59 --> se va a extraer informacion del area  
2014-10-15 10:25:59 --> la informacion del area es array (
  'AR_ID' => '5',
  'AR_NOMBRE' => 'OTROS',
  'AR_DESCRIPCION' => 'Otros',
  'AR_C_ID' => '1',
  'AR_ACTIVO' => '1',
  'AR_ALIAS' => 'O',
  'AR_MOSTRAR_NOMBRE_PANTALLA' => '0',
) 
2014-10-15 10:25:59 --> se va a crear el turno 
2014-10-15 10:25:59 --> se creo el turno 4 del area O 

2014-10-15 10:29:14 --> get_areas 1 
2014-10-15 10:29:14 --> buscando areas del cliente 

2014-10-15 10:30:07 --> get_areas 1 
2014-10-15 10:30:07 --> buscando areas del cliente 
2014-10-15 10:30:12 --> crear el consumidor 
2014-10-15 10:30:13 --> se creo el consumidor 20854 
2014-10-15 10:30:13 --> la informacion de la sede es array (
  'S_ID' => '3',
  'S_NOMBRE' => 'NORTE',
  'S_DESCRIPCION' => 'Sede para atender los casos de la regional norte',
  'S_C_ID' => '1',
  'S_CANTIDAD_ENCUESTAS' => '10',
  'S_ACTIVO' => '1',
  'S_LOGO' => '7',
  'S_MUESTRA_VIDEO' => '0',
) 
2014-10-15 10:30:13 --> se va a extraer informacion del area  
2014-10-15 10:30:13 --> la informacion del area es array (
  'AR_ID' => '2',
  'AR_NOMBRE' => 'APORTES',
  'AR_DESCRIPCION' => 'Pensiones Incapacidades Cesantias Cartas FNA',
  'AR_C_ID' => '1',
  'AR_ACTIVO' => '1',
  'AR_ALIAS' => 'A',
  'AR_MOSTRAR_NOMBRE_PANTALLA' => '0',
) 
2014-10-15 10:30:13 --> se va a crear el turno 
2014-10-15 10:30:13 --> se creo el turno 3 del area A 

2014-10-15 10:46:42 --> get_areas 1 
2014-10-15 10:46:42 --> buscando areas del cliente 
2014-10-15 10:46:51 --> crear el consumidor 
2014-10-15 10:46:51 --> se creo el consumidor 20864 
2014-10-15 10:46:51 --> la informacion de la sede es array (
  'S_ID' => '3',
  'S_NOMBRE' => 'NORTE',
  'S_DESCRIPCION' => 'Sede para atender los casos de la regional norte',
  'S_C_ID' => '1',
  'S_CANTIDAD_ENCUESTAS' => '10',
  'S_ACTIVO' => '1',
  'S_LOGO' => '7',
  'S_MUESTRA_VIDEO' => '0',
) 
2014-10-15 10:46:51 --> se va a extraer informacion del area  
2014-10-15 10:46:51 --> la informacion del area es array (
  'AR_ID' => '2',
  'AR_NOMBRE' => 'APORTES',
  'AR_DESCRIPCION' => 'Pensiones Incapacidades Cesantias Cartas FNA',
  'AR_C_ID' => '1',
  'AR_ACTIVO' => '1',
  'AR_ALIAS' => 'A',
  'AR_MOSTRAR_NOMBRE_PANTALLA' => '0',
) 
2014-10-15 10:46:51 --> se va a crear el turno 
2014-10-15 10:46:51 --> se creo el turno 4 del area A 

2014-10-15 10:50:35 --> get_areas 1 
2014-10-15 10:50:35 --> buscando areas del cliente 
2014-10-15 10:50:40 --> crear el consumidor 
2014-10-15 10:50:40 --> se creo el consumidor 20867 
2014-10-15 10:50:40 --> la informacion de la sede es array (
  'S_ID' => '4',
  'S_NOMBRE' => 'OCCIDENTE',
  'S_DESCRIPCION' => 'Sedle para atender los casos de la regional occidente',
  'S_C_ID' => '1',
  'S_CANTIDAD_ENCUESTAS' => '10',
  'S_ACTIVO' => '1',
  'S_LOGO' => '7',
  'S_MUESTRA_VIDEO' => '0',
) 
2014-10-15 10:50:40 --> se va a extraer informacion del area  
2014-10-15 10:50:40 --> la informacion del area es array (
  'AR_ID' => '2',
  'AR_NOMBRE' => 'APORTES',
  'AR_DESCRIPCION' => 'Pensiones Incapacidades Cesantias Cartas FNA',
  'AR_C_ID' => '1',
  'AR_ACTIVO' => '1',
  'AR_ALIAS' => 'A',
  'AR_MOSTRAR_NOMBRE_PANTALLA' => '0',
) 
2014-10-15 10:50:40 --> se va a crear el turno 
2014-10-15 10:50:40 --> se creo el turno 2 del area A 

2014-10-15 11:03:16 --> get_areas 1 
2014-10-15 11:03:16 --> buscando areas del cliente 
2014-10-15 11:03:31 --> crear el consumidor 
2014-10-15 11:03:31 --> se creo el consumidor 20872 
2014-10-15 11:03:31 --> la informacion de la sede es array (
  'S_ID' => '4',
  'S_NOMBRE' => 'OCCIDENTE',
  'S_DESCRIPCION' => 'Sedle para atender los casos de la regional occidente',
  'S_C_ID' => '1',
  'S_CANTIDAD_ENCUESTAS' => '10',
  'S_ACTIVO' => '1',
  'S_LOGO' => '7',
  'S_MUESTRA_VIDEO' => '0',
) 
2014-10-15 11:03:31 --> se va a extraer informacion del area  
2014-10-15 11:03:31 --> la informacion del area es array (
  'AR_ID' => '2',
  'AR_NOMBRE' => 'APORTES',
  'AR_DESCRIPCION' => 'Pensiones Incapacidades Cesantias Cartas FNA',
  'AR_C_ID' => '1',
  'AR_ACTIVO' => '1',
  'AR_ALIAS' => 'A',
  'AR_MOSTRAR_NOMBRE_PANTALLA' => '0',
) 
2014-10-15 11:03:31 --> se va a crear el turno 
2014-10-15 11:03:31 --> se creo el turno 3 del area A 

2014-10-15 11:03:49 --> get_areas 1 
2014-10-15 11:03:49 --> buscando areas del cliente 

2014-10-15 11:12:37 --> get_areas 1 
2014-10-15 11:12:37 --> buscando areas del cliente 

2014-10-15 11:21:33 --> get_areas 1 
2014-10-15 11:21:33 --> buscando areas del cliente 
2014-10-15 11:21:49 --> crear el consumidor 
2014-10-15 11:21:49 --> se creo el consumidor 20878 
2014-10-15 11:21:49 --> la informacion de la sede es array (
  'S_ID' => '4',
  'S_NOMBRE' => 'OCCIDENTE',
  'S_DESCRIPCION' => 'Sedle para atender los casos de la regional occidente',
  'S_C_ID' => '1',
  'S_CANTIDAD_ENCUESTAS' => '10',
  'S_ACTIVO' => '1',
  'S_LOGO' => '7',
  'S_MUESTRA_VIDEO' => '0',
) 
2014-10-15 11:21:49 --> se va a extraer informacion del area  
2014-10-15 11:21:49 --> la informacion del area es array (
  'AR_ID' => '2',
  'AR_NOMBRE' => 'APORTES',
  'AR_DESCRIPCION' => 'Pensiones Incapacidades Cesantias Cartas FNA',
  'AR_C_ID' => '1',
  'AR_ACTIVO' => '1',
  'AR_ALIAS' => 'A',
  'AR_MOSTRAR_NOMBRE_PANTALLA' => '0',
) 
2014-10-15 11:21:49 --> se va a crear el turno 
2014-10-15 11:21:49 --> se creo el turno 4 del area A 

2014-10-15 11:22:39 --> get_areas 1 
2014-10-15 11:22:39 --> buscando areas del cliente 
2014-10-15 11:23:28 --> crear el consumidor 
2014-10-15 11:23:28 --> se creo el consumidor 20879 
2014-10-15 11:23:28 --> la informacion de la sede es array (
  'S_ID' => '4',
  'S_NOMBRE' => 'OCCIDENTE',
  'S_DESCRIPCION' => 'Sedle para atender los casos de la regional occidente',
  'S_C_ID' => '1',
  'S_CANTIDAD_ENCUESTAS' => '10',
  'S_ACTIVO' => '1',
  'S_LOGO' => '7',
  'S_MUESTRA_VIDEO' => '0',
) 
2014-10-15 11:23:28 --> se va a extraer informacion del area  
2014-10-15 11:23:28 --> la informacion del area es array (
  'AR_ID' => '2',
  'AR_NOMBRE' => 'APORTES',
  'AR_DESCRIPCION' => 'Pensiones Incapacidades Cesantias Cartas FNA',
  'AR_C_ID' => '1',
  'AR_ACTIVO' => '1',
  'AR_ALIAS' => 'A',
  'AR_MOSTRAR_NOMBRE_PANTALLA' => '0',
) 
2014-10-15 11:23:28 --> se va a crear el turno 
2014-10-15 11:23:28 --> se creo el turno 5 del area A 

2014-10-15 11:24:28 --> get_areas 1 
2014-10-15 11:24:28 --> buscando areas del cliente 
2014-10-15 11:24:56 --> crear el consumidor 
2014-10-15 11:24:56 --> se creo el consumidor 20880 
2014-10-15 11:24:56 --> la informacion de la sede es array (
  'S_ID' => '4',
  'S_NOMBRE' => 'OCCIDENTE',
  'S_DESCRIPCION' => 'Sedle para atender los casos de la regional occidente',
  'S_C_ID' => '1',
  'S_CANTIDAD_ENCUESTAS' => '10',
  'S_ACTIVO' => '1',
  'S_LOGO' => '7',
  'S_MUESTRA_VIDEO' => '0',
) 
2014-10-15 11:24:56 --> se va a extraer informacion del area  
2014-10-15 11:24:56 --> la informacion del area es array (
  'AR_ID' => '2',
  'AR_NOMBRE' => 'APORTES',
  'AR_DESCRIPCION' => 'Pensiones Incapacidades Cesantias Cartas FNA',
  'AR_C_ID' => '1',
  'AR_ACTIVO' => '1',
  'AR_ALIAS' => 'A',
  'AR_MOSTRAR_NOMBRE_PANTALLA' => '0',
) 
2014-10-15 11:24:56 --> se va a crear el turno 
2014-10-15 11:24:56 --> se creo el turno 6 del area A 

2014-10-15 11:46:51 --> get_areas 1 
2014-10-15 11:46:51 --> buscando areas del cliente 
2014-10-15 11:47:01 --> crear el consumidor 
2014-10-15 11:47:01 --> se creo el consumidor 20883 
2014-10-15 11:47:01 --> la informacion de la sede es array (
  'S_ID' => '4',
  'S_NOMBRE' => 'OCCIDENTE',
  'S_DESCRIPCION' => 'Sedle para atender los casos de la regional occidente',
  'S_C_ID' => '1',
  'S_CANTIDAD_ENCUESTAS' => '10',
  'S_ACTIVO' => '1',
  'S_LOGO' => '7',
  'S_MUESTRA_VIDEO' => '0',
) 
2014-10-15 11:47:01 --> se va a extraer informacion del area  
2014-10-15 11:47:01 --> la informacion del area es array (
  'AR_ID' => '2',
  'AR_NOMBRE' => 'APORTES',
  'AR_DESCRIPCION' => 'Pensiones Incapacidades Cesantias Cartas FNA',
  'AR_C_ID' => '1',
  'AR_ACTIVO' => '1',
  'AR_ALIAS' => 'A',
  'AR_MOSTRAR_NOMBRE_PANTALLA' => '0',
) 
2014-10-15 11:47:01 --> se va a crear el turno 
2014-10-15 11:47:01 --> se creo el turno 7 del area A 

2014-10-15 12:00:22 --> get_areas 1 
2014-10-15 12:00:22 --> buscando areas del cliente 

2014-10-15 12:37:34 --> get_areas 1 
2014-10-15 12:37:34 --> buscando areas del cliente 
2014-10-15 12:38:13 --> crear el consumidor 
2014-10-15 12:38:13 --> se creo el consumidor 20888 
2014-10-15 12:38:13 --> la informacion de la sede es array (
  'S_ID' => '4',
  'S_NOMBRE' => 'OCCIDENTE',
  'S_DESCRIPCION' => 'Sedle para atender los casos de la regional occidente',
  'S_C_ID' => '1',
  'S_CANTIDAD_ENCUESTAS' => '10',
  'S_ACTIVO' => '1',
  'S_LOGO' => '7',
  'S_MUESTRA_VIDEO' => '0',
) 
2014-10-15 12:38:13 --> se va a extraer informacion del area  
2014-10-15 12:38:13 --> la informacion del area es array (
  'AR_ID' => '1',
  'AR_NOMBRE' => 'GERENCIA_DEL_SERVICIO',
  'AR_DESCRIPCION' => 'Cartas punto de venta Cartas de renuncia',
  'AR_C_ID' => '1',
  'AR_ACTIVO' => '1',
  'AR_ALIAS' => 'GS',
  'AR_MOSTRAR_NOMBRE_PANTALLA' => '0',
) 
2014-10-15 12:38:13 --> se va a crear el turno 
2014-10-15 12:38:13 --> se creo el turno 4 del area GS 

2014-10-15 12:42:14 --> get_areas 1 
2014-10-15 12:42:14 --> buscando areas del cliente 
2014-10-15 12:43:33 --> crear el consumidor 
2014-10-15 12:43:33 --> se creo el consumidor 20889 
2014-10-15 12:43:33 --> la informacion de la sede es array (
  'S_ID' => '4',
  'S_NOMBRE' => 'OCCIDENTE',
  'S_DESCRIPCION' => 'Sedle para atender los casos de la regional occidente',
  'S_C_ID' => '1',
  'S_CANTIDAD_ENCUESTAS' => '10',
  'S_ACTIVO' => '1',
  'S_LOGO' => '7',
  'S_MUESTRA_VIDEO' => '0',
) 
2014-10-15 12:43:33 --> se va a extraer informacion del area  
2014-10-15 12:43:33 --> la informacion del area es array (
  'AR_ID' => '2',
  'AR_NOMBRE' => 'APORTES',
  'AR_DESCRIPCION' => 'Pensiones Incapacidades Cesantias Cartas FNA',
  'AR_C_ID' => '1',
  'AR_ACTIVO' => '1',
  'AR_ALIAS' => 'A',
  'AR_MOSTRAR_NOMBRE_PANTALLA' => '0',
) 
2014-10-15 12:43:33 --> se va a crear el turno 
2014-10-15 12:43:33 --> se creo el turno 8 del area A 

2014-10-15 12:44:30 --> get_areas 1 
2014-10-15 12:44:30 --> buscando areas del cliente 
2014-10-15 12:44:49 --> crear el consumidor 
2014-10-15 12:44:49 --> se creo el consumidor 20890 
2014-10-15 12:44:49 --> la informacion de la sede es array (
  'S_ID' => '4',
  'S_NOMBRE' => 'OCCIDENTE',
  'S_DESCRIPCION' => 'Sedle para atender los casos de la regional occidente',
  'S_C_ID' => '1',
  'S_CANTIDAD_ENCUESTAS' => '10',
  'S_ACTIVO' => '1',
  'S_LOGO' => '7',
  'S_MUESTRA_VIDEO' => '0',
) 
2014-10-15 12:44:49 --> se va a extraer informacion del area  
2014-10-15 12:44:49 --> la informacion del area es array (
  'AR_ID' => '3',
  'AR_NOMBRE' => 'SEGUIMIENTO_AL_SERVICIO',
  'AR_DESCRIPCION' => 'SQR certificados especiales claves portal web',
  'AR_C_ID' => '1',
  'AR_ACTIVO' => '1',
  'AR_ALIAS' => 'SAS',
  'AR_MOSTRAR_NOMBRE_PANTALLA' => '0',
) 
2014-10-15 12:44:49 --> se va a crear el turno 
2014-10-15 12:44:49 --> se creo el turno 1 del area SAS 

2014-10-15 13:02:25 --> get_areas 1 
2014-10-15 13:02:25 --> buscando areas del cliente 
2014-10-15 13:02:44 --> crear el consumidor 
2014-10-15 13:02:44 --> se creo el consumidor 20891 
2014-10-15 13:02:44 --> la informacion de la sede es array (
  'S_ID' => '4',
  'S_NOMBRE' => 'OCCIDENTE',
  'S_DESCRIPCION' => 'Sedle para atender los casos de la regional occidente',
  'S_C_ID' => '1',
  'S_CANTIDAD_ENCUESTAS' => '10',
  'S_ACTIVO' => '1',
  'S_LOGO' => '7',
  'S_MUESTRA_VIDEO' => '0',
) 
2014-10-15 13:02:44 --> se va a extraer informacion del area  
2014-10-15 13:02:44 --> la informacion del area es array (
  'AR_ID' => '1',
  'AR_NOMBRE' => 'GERENCIA_DEL_SERVICIO',
  'AR_DESCRIPCION' => 'Cartas punto de venta Cartas de renuncia',
  'AR_C_ID' => '1',
  'AR_ACTIVO' => '1',
  'AR_ALIAS' => 'GS',
  'AR_MOSTRAR_NOMBRE_PANTALLA' => '0',
) 
2014-10-15 13:02:44 --> se va a crear el turno 
2014-10-15 13:02:44 --> se creo el turno 5 del area GS 

2014-10-15 13:19:00 --> get_areas 1 
2014-10-15 13:19:00 --> buscando areas del cliente 
2014-10-15 13:19:20 --> crear el consumidor 
2014-10-15 13:19:20 --> se creo el consumidor 20892 
2014-10-15 13:19:20 --> la informacion de la sede es array (
  'S_ID' => '4',
  'S_NOMBRE' => 'OCCIDENTE',
  'S_DESCRIPCION' => 'Sedle para atender los casos de la regional occidente',
  'S_C_ID' => '1',
  'S_CANTIDAD_ENCUESTAS' => '10',
  'S_ACTIVO' => '1',
  'S_LOGO' => '7',
  'S_MUESTRA_VIDEO' => '0',
) 
2014-10-15 13:19:20 --> se va a extraer informacion del area  
2014-10-15 13:19:20 --> la informacion del area es array (
  'AR_ID' => '1',
  'AR_NOMBRE' => 'GERENCIA_DEL_SERVICIO',
  'AR_DESCRIPCION' => 'Cartas punto de venta Cartas de renuncia',
  'AR_C_ID' => '1',
  'AR_ACTIVO' => '1',
  'AR_ALIAS' => 'GS',
  'AR_MOSTRAR_NOMBRE_PANTALLA' => '0',
) 
2014-10-15 13:19:20 --> se va a crear el turno 
2014-10-15 13:19:20 --> se creo el turno 6 del area GS 

2014-10-15 13:32:48 --> get_areas 1 
2014-10-15 13:32:48 --> buscando areas del cliente 
2014-10-15 13:32:57 --> crear el consumidor 
2014-10-15 13:32:57 --> se creo el consumidor 20893 
2014-10-15 13:32:57 --> la informacion de la sede es array (
  'S_ID' => '4',
  'S_NOMBRE' => 'OCCIDENTE',
  'S_DESCRIPCION' => 'Sedle para atender los casos de la regional occidente',
  'S_C_ID' => '1',
  'S_CANTIDAD_ENCUESTAS' => '10',
  'S_ACTIVO' => '1',
  'S_LOGO' => '7',
  'S_MUESTRA_VIDEO' => '0',
) 
2014-10-15 13:32:57 --> se va a extraer informacion del area  
2014-10-15 13:32:57 --> la informacion del area es array (
  'AR_ID' => '1',
  'AR_NOMBRE' => 'GERENCIA_DEL_SERVICIO',
  'AR_DESCRIPCION' => 'Cartas punto de venta Cartas de renuncia',
  'AR_C_ID' => '1',
  'AR_ACTIVO' => '1',
  'AR_ALIAS' => 'GS',
  'AR_MOSTRAR_NOMBRE_PANTALLA' => '0',
) 
2014-10-15 13:32:57 --> se va a crear el turno 
2014-10-15 13:32:57 --> se creo el turno 7 del area GS 

2014-10-15 13:37:06 --> get_areas 1 
2014-10-15 13:37:06 --> buscando areas del cliente 
2014-10-15 13:37:28 --> crear el consumidor 
2014-10-15 13:37:28 --> se creo el consumidor 20894 
2014-10-15 13:37:28 --> la informacion de la sede es array (
  'S_ID' => '4',
  'S_NOMBRE' => 'OCCIDENTE',
  'S_DESCRIPCION' => 'Sedle para atender los casos de la regional occidente',
  'S_C_ID' => '1',
  'S_CANTIDAD_ENCUESTAS' => '10',
  'S_ACTIVO' => '1',
  'S_LOGO' => '7',
  'S_MUESTRA_VIDEO' => '0',
) 
2014-10-15 13:37:28 --> se va a extraer informacion del area  
2014-10-15 13:37:28 --> la informacion del area es array (
  'AR_ID' => '2',
  'AR_NOMBRE' => 'APORTES',
  'AR_DESCRIPCION' => 'Pensiones Incapacidades Cesantias Cartas FNA',
  'AR_C_ID' => '1',
  'AR_ACTIVO' => '1',
  'AR_ALIAS' => 'A',
  'AR_MOSTRAR_NOMBRE_PANTALLA' => '0',
) 
2014-10-15 13:37:28 --> se va a crear el turno 
2014-10-15 13:37:28 --> se creo el turno 9 del area A 

2014-10-15 13:56:26 --> get_areas 1 
2014-10-15 13:56:26 --> buscando areas del cliente 
2014-10-15 13:56:39 --> crear el consumidor 
2014-10-15 13:56:39 --> se creo el consumidor 20896 
2014-10-15 13:56:39 --> la informacion de la sede es array (
  'S_ID' => '4',
  'S_NOMBRE' => 'OCCIDENTE',
  'S_DESCRIPCION' => 'Sedle para atender los casos de la regional occidente',
  'S_C_ID' => '1',
  'S_CANTIDAD_ENCUESTAS' => '10',
  'S_ACTIVO' => '1',
  'S_LOGO' => '7',
  'S_MUESTRA_VIDEO' => '0',
) 
2014-10-15 13:56:39 --> se va a extraer informacion del area  
2014-10-15 13:56:39 --> la informacion del area es array (
  'AR_ID' => '5',
  'AR_NOMBRE' => 'OTROS',
  'AR_DESCRIPCION' => 'Otros',
  'AR_C_ID' => '1',
  'AR_ACTIVO' => '1',
  'AR_ALIAS' => 'O',
  'AR_MOSTRAR_NOMBRE_PANTALLA' => '0',
) 
2014-10-15 13:56:39 --> se va a crear el turno 
2014-10-15 13:56:39 --> se creo el turno 5 del area O 

2014-10-15 14:08:48 --> get_areas 1 
2014-10-15 14:08:48 --> buscando areas del cliente 
2014-10-15 14:08:58 --> crear el consumidor 
2014-10-15 14:08:58 --> se creo el consumidor 20898 
2014-10-15 14:08:58 --> la informacion de la sede es array (
  'S_ID' => '4',
  'S_NOMBRE' => 'OCCIDENTE',
  'S_DESCRIPCION' => 'Sedle para atender los casos de la regional occidente',
  'S_C_ID' => '1',
  'S_CANTIDAD_ENCUESTAS' => '10',
  'S_ACTIVO' => '1',
  'S_LOGO' => '7',
  'S_MUESTRA_VIDEO' => '0',
) 
2014-10-15 14:08:58 --> se va a extraer informacion del area  
2014-10-15 14:08:58 --> la informacion del area es array (
  'AR_ID' => '2',
  'AR_NOMBRE' => 'APORTES',
  'AR_DESCRIPCION' => 'Pensiones Incapacidades Cesantias Cartas FNA',
  'AR_C_ID' => '1',
  'AR_ACTIVO' => '1',
  'AR_ALIAS' => 'A',
  'AR_MOSTRAR_NOMBRE_PANTALLA' => '0',
) 
2014-10-15 14:08:58 --> se va a crear el turno 
2014-10-15 14:08:58 --> se creo el turno 10 del area A 

2014-10-15 14:15:07 --> get_areas 1 
2014-10-15 14:15:07 --> buscando areas del cliente 
2014-10-15 14:15:15 --> crear el consumidor 
2014-10-15 14:15:15 --> se creo el consumidor 20901 
2014-10-15 14:15:15 --> la informacion de la sede es array (
  'S_ID' => '4',
  'S_NOMBRE' => 'OCCIDENTE',
  'S_DESCRIPCION' => 'Sedle para atender los casos de la regional occidente',
  'S_C_ID' => '1',
  'S_CANTIDAD_ENCUESTAS' => '10',
  'S_ACTIVO' => '1',
  'S_LOGO' => '7',
  'S_MUESTRA_VIDEO' => '0',
) 
2014-10-15 14:15:15 --> se va a extraer informacion del area  
2014-10-15 14:15:15 --> la informacion del area es array (
  'AR_ID' => '5',
  'AR_NOMBRE' => 'OTROS',
  'AR_DESCRIPCION' => 'Otros',
  'AR_C_ID' => '1',
  'AR_ACTIVO' => '1',
  'AR_ALIAS' => 'O',
  'AR_MOSTRAR_NOMBRE_PANTALLA' => '0',
) 
2014-10-15 14:15:15 --> se va a crear el turno 
2014-10-15 14:15:15 --> se creo el turno 6 del area O 

2014-10-15 14:31:26 --> get_areas 1 
2014-10-15 14:31:26 --> buscando areas del cliente 
2014-10-15 14:31:46 --> crear el consumidor 
2014-10-15 14:31:46 --> se creo el consumidor 20907 
2014-10-15 14:31:46 --> la informacion de la sede es array (
  'S_ID' => '4',
  'S_NOMBRE' => 'OCCIDENTE',
  'S_DESCRIPCION' => 'Sedle para atender los casos de la regional occidente',
  'S_C_ID' => '1',
  'S_CANTIDAD_ENCUESTAS' => '10',
  'S_ACTIVO' => '1',
  'S_LOGO' => '7',
  'S_MUESTRA_VIDEO' => '0',
) 
2014-10-15 14:31:46 --> se va a extraer informacion del area  
2014-10-15 14:31:46 --> la informacion del area es array (
  'AR_ID' => '5',
  'AR_NOMBRE' => 'OTROS',
  'AR_DESCRIPCION' => 'Otros',
  'AR_C_ID' => '1',
  'AR_ACTIVO' => '1',
  'AR_ALIAS' => 'O',
  'AR_MOSTRAR_NOMBRE_PANTALLA' => '0',
) 
2014-10-15 14:31:46 --> se va a crear el turno 
2014-10-15 14:31:46 --> se creo el turno 7 del area O 

2014-10-15 14:33:10 --> get_areas 1 
2014-10-15 14:33:10 --> buscando areas del cliente 
2014-10-15 14:33:24 --> crear el consumidor 
2014-10-15 14:33:24 --> se creo el consumidor 20908 
2014-10-15 14:33:24 --> la informacion de la sede es array (
  'S_ID' => '4',
  'S_NOMBRE' => 'OCCIDENTE',
  'S_DESCRIPCION' => 'Sedle para atender los casos de la regional occidente',
  'S_C_ID' => '1',
  'S_CANTIDAD_ENCUESTAS' => '10',
  'S_ACTIVO' => '1',
  'S_LOGO' => '7',
  'S_MUESTRA_VIDEO' => '0',
) 
2014-10-15 14:33:24 --> se va a extraer informacion del area  
2014-10-15 14:33:24 --> la informacion del area es array (
  'AR_ID' => '1',
  'AR_NOMBRE' => 'GERENCIA_DEL_SERVICIO',
  'AR_DESCRIPCION' => 'Cartas punto de venta Cartas de renuncia',
  'AR_C_ID' => '1',
  'AR_ACTIVO' => '1',
  'AR_ALIAS' => 'GS',
  'AR_MOSTRAR_NOMBRE_PANTALLA' => '0',
) 
2014-10-15 14:33:24 --> se va a crear el turno 
2014-10-15 14:33:24 --> se creo el turno 8 del area GS 

2014-10-15 14:35:51 --> get_areas 1 
2014-10-15 14:35:51 --> buscando areas del cliente 
2014-10-15 14:36:10 --> crear el consumidor 
2014-10-15 14:36:10 --> se creo el consumidor 20909 
2014-10-15 14:36:10 --> la informacion de la sede es array (
  'S_ID' => '4',
  'S_NOMBRE' => 'OCCIDENTE',
  'S_DESCRIPCION' => 'Sedle para atender los casos de la regional occidente',
  'S_C_ID' => '1',
  'S_CANTIDAD_ENCUESTAS' => '10',
  'S_ACTIVO' => '1',
  'S_LOGO' => '7',
  'S_MUESTRA_VIDEO' => '0',
) 
2014-10-15 14:36:10 --> se va a extraer informacion del area  
2014-10-15 14:36:10 --> la informacion del area es array (
  'AR_ID' => '1',
  'AR_NOMBRE' => 'GERENCIA_DEL_SERVICIO',
  'AR_DESCRIPCION' => 'Cartas punto de venta Cartas de renuncia',
  'AR_C_ID' => '1',
  'AR_ACTIVO' => '1',
  'AR_ALIAS' => 'GS',
  'AR_MOSTRAR_NOMBRE_PANTALLA' => '0',
) 
2014-10-15 14:36:10 --> se va a crear el turno 
2014-10-15 14:36:10 --> se creo el turno 9 del area GS 

2014-10-15 14:43:48 --> get_areas 1 
2014-10-15 14:43:48 --> buscando areas del cliente 
2014-10-15 14:44:00 --> crear el consumidor 
2014-10-15 14:44:00 --> se creo el consumidor 20912 
2014-10-15 14:44:00 --> la informacion de la sede es array (
  'S_ID' => '4',
  'S_NOMBRE' => 'OCCIDENTE',
  'S_DESCRIPCION' => 'Sedle para atender los casos de la regional occidente',
  'S_C_ID' => '1',
  'S_CANTIDAD_ENCUESTAS' => '10',
  'S_ACTIVO' => '1',
  'S_LOGO' => '7',
  'S_MUESTRA_VIDEO' => '0',
) 
2014-10-15 14:44:00 --> se va a extraer informacion del area  
2014-10-15 14:44:00 --> la informacion del area es array (
  'AR_ID' => '2',
  'AR_NOMBRE' => 'APORTES',
  'AR_DESCRIPCION' => 'Pensiones Incapacidades Cesantias Cartas FNA',
  'AR_C_ID' => '1',
  'AR_ACTIVO' => '1',
  'AR_ALIAS' => 'A',
  'AR_MOSTRAR_NOMBRE_PANTALLA' => '0',
) 
2014-10-15 14:44:00 --> se va a crear el turno 
2014-10-15 14:44:00 --> se creo el turno 11 del area A 

2014-10-15 14:48:37 --> get_areas 1 
2014-10-15 14:48:37 --> buscando areas del cliente 
2014-10-15 14:48:46 --> crear el consumidor 
2014-10-15 14:48:46 --> se creo el consumidor 20915 
2014-10-15 14:48:46 --> la informacion de la sede es array (
  'S_ID' => '4',
  'S_NOMBRE' => 'OCCIDENTE',
  'S_DESCRIPCION' => 'Sedle para atender los casos de la regional occidente',
  'S_C_ID' => '1',
  'S_CANTIDAD_ENCUESTAS' => '10',
  'S_ACTIVO' => '1',
  'S_LOGO' => '7',
  'S_MUESTRA_VIDEO' => '0',
) 
2014-10-15 14:48:46 --> se va a extraer informacion del area  
2014-10-15 14:48:46 --> la informacion del area es array (
  'AR_ID' => '8',
  'AR_NOMBRE' => 'COMPENSACION_SALARIAL',
  'AR_DESCRIPCION' => 'Informacion pago nomina y liquidaciones',
  'AR_C_ID' => '1',
  'AR_ACTIVO' => '1',
  'AR_ALIAS' => 'CS',
  'AR_MOSTRAR_NOMBRE_PANTALLA' => '0',
) 
2014-10-15 14:48:46 --> se va a crear el turno 
2014-10-15 14:48:46 --> se creo el turno 3 del area CS 

2014-10-15 14:53:28 --> get_areas 1 
2014-10-15 14:53:28 --> buscando areas del cliente 
2014-10-15 14:53:34 --> crear el consumidor 
2014-10-15 14:53:34 --> se creo el consumidor 20916 
2014-10-15 14:53:34 --> la informacion de la sede es array (
  'S_ID' => '3',
  'S_NOMBRE' => 'NORTE',
  'S_DESCRIPCION' => 'Sede para atender los casos de la regional norte',
  'S_C_ID' => '1',
  'S_CANTIDAD_ENCUESTAS' => '10',
  'S_ACTIVO' => '1',
  'S_LOGO' => '7',
  'S_MUESTRA_VIDEO' => '0',
) 
2014-10-15 14:53:34 --> se va a extraer informacion del area  
2014-10-15 14:53:34 --> la informacion del area es array (
  'AR_ID' => '5',
  'AR_NOMBRE' => 'OTROS',
  'AR_DESCRIPCION' => 'Otros',
  'AR_C_ID' => '1',
  'AR_ACTIVO' => '1',
  'AR_ALIAS' => 'O',
  'AR_MOSTRAR_NOMBRE_PANTALLA' => '0',
) 
2014-10-15 14:53:34 --> se va a crear el turno 
2014-10-15 14:53:34 --> se creo el turno 1 del area O 

2014-10-15 15:07:49 --> get_areas 1 
2014-10-15 15:07:49 --> buscando areas del cliente 
2014-10-15 15:08:11 --> crear el consumidor 
2014-10-15 15:08:11 --> se creo el consumidor 20921 
2014-10-15 15:08:11 --> la informacion de la sede es array (
  'S_ID' => '4',
  'S_NOMBRE' => 'OCCIDENTE',
  'S_DESCRIPCION' => 'Sedle para atender los casos de la regional occidente',
  'S_C_ID' => '1',
  'S_CANTIDAD_ENCUESTAS' => '10',
  'S_ACTIVO' => '1',
  'S_LOGO' => '7',
  'S_MUESTRA_VIDEO' => '0',
) 
2014-10-15 15:08:11 --> se va a extraer informacion del area  
2014-10-15 15:08:11 --> la informacion del area es array (
  'AR_ID' => '8',
  'AR_NOMBRE' => 'COMPENSACION_SALARIAL',
  'AR_DESCRIPCION' => 'Informacion pago nomina y liquidaciones',
  'AR_C_ID' => '1',
  'AR_ACTIVO' => '1',
  'AR_ALIAS' => 'CS',
  'AR_MOSTRAR_NOMBRE_PANTALLA' => '0',
) 
2014-10-15 15:08:11 --> se va a crear el turno 
2014-10-15 15:08:11 --> se creo el turno 4 del area CS 

2014-10-15 15:13:00 --> get_areas 1 
2014-10-15 15:13:00 --> buscando areas del cliente 
2014-10-15 15:13:17 --> crear el consumidor 
2014-10-15 15:13:17 --> se creo el consumidor 20923 
2014-10-15 15:13:17 --> la informacion de la sede es array (
  'S_ID' => '4',
  'S_NOMBRE' => 'OCCIDENTE',
  'S_DESCRIPCION' => 'Sedle para atender los casos de la regional occidente',
  'S_C_ID' => '1',
  'S_CANTIDAD_ENCUESTAS' => '10',
  'S_ACTIVO' => '1',
  'S_LOGO' => '7',
  'S_MUESTRA_VIDEO' => '0',
) 
2014-10-15 15:13:17 --> se va a extraer informacion del area  
2014-10-15 15:13:17 --> la informacion del area es array (
  'AR_ID' => '5',
  'AR_NOMBRE' => 'OTROS',
  'AR_DESCRIPCION' => 'Otros',
  'AR_C_ID' => '1',
  'AR_ACTIVO' => '1',
  'AR_ALIAS' => 'O',
  'AR_MOSTRAR_NOMBRE_PANTALLA' => '0',
) 
2014-10-15 15:13:17 --> se va a crear el turno 
2014-10-15 15:13:17 --> se creo el turno 8 del area O 

2014-10-15 15:18:29 --> get_areas 1 
2014-10-15 15:18:29 --> buscando areas del cliente 
2014-10-15 15:18:50 --> crear el consumidor 
2014-10-15 15:18:50 --> se creo el consumidor 20924 
2014-10-15 15:18:50 --> la informacion de la sede es array (
  'S_ID' => '4',
  'S_NOMBRE' => 'OCCIDENTE',
  'S_DESCRIPCION' => 'Sedle para atender los casos de la regional occidente',
  'S_C_ID' => '1',
  'S_CANTIDAD_ENCUESTAS' => '10',
  'S_ACTIVO' => '1',
  'S_LOGO' => '7',
  'S_MUESTRA_VIDEO' => '0',
) 
2014-10-15 15:18:50 --> se va a extraer informacion del area  
2014-10-15 15:18:50 --> la informacion del area es array (
  'AR_ID' => '1',
  'AR_NOMBRE' => 'GERENCIA_DEL_SERVICIO',
  'AR_DESCRIPCION' => 'Cartas punto de venta Cartas de renuncia',
  'AR_C_ID' => '1',
  'AR_ACTIVO' => '1',
  'AR_ALIAS' => 'GS',
  'AR_MOSTRAR_NOMBRE_PANTALLA' => '0',
) 
2014-10-15 15:18:50 --> se va a crear el turno 
2014-10-15 15:18:50 --> se creo el turno 10 del area GS 

2014-10-15 15:22:33 --> get_areas 1 
2014-10-15 15:22:33 --> buscando areas del cliente 
2014-10-15 15:22:45 --> crear el consumidor 
2014-10-15 15:22:45 --> se creo el consumidor 20925 
2014-10-15 15:22:45 --> la informacion de la sede es array (
  'S_ID' => '4',
  'S_NOMBRE' => 'OCCIDENTE',
  'S_DESCRIPCION' => 'Sedle para atender los casos de la regional occidente',
  'S_C_ID' => '1',
  'S_CANTIDAD_ENCUESTAS' => '10',
  'S_ACTIVO' => '1',
  'S_LOGO' => '7',
  'S_MUESTRA_VIDEO' => '0',
) 
2014-10-15 15:22:45 --> se va a extraer informacion del area  
2014-10-15 15:22:45 --> la informacion del area es array (
  'AR_ID' => '2',
  'AR_NOMBRE' => 'APORTES',
  'AR_DESCRIPCION' => 'Pensiones Incapacidades Cesantias Cartas FNA',
  'AR_C_ID' => '1',
  'AR_ACTIVO' => '1',
  'AR_ALIAS' => 'A',
  'AR_MOSTRAR_NOMBRE_PANTALLA' => '0',
) 
2014-10-15 15:22:45 --> se va a crear el turno 
2014-10-15 15:22:45 --> se creo el turno 12 del area A 

2014-10-15 15:24:17 --> get_areas 1 
2014-10-15 15:24:17 --> buscando areas del cliente 
2014-10-15 15:24:32 --> crear el consumidor 
2014-10-15 15:24:32 --> se creo el consumidor 20926 
2014-10-15 15:24:32 --> la informacion de la sede es array (
  'S_ID' => '4',
  'S_NOMBRE' => 'OCCIDENTE',
  'S_DESCRIPCION' => 'Sedle para atender los casos de la regional occidente',
  'S_C_ID' => '1',
  'S_CANTIDAD_ENCUESTAS' => '10',
  'S_ACTIVO' => '1',
  'S_LOGO' => '7',
  'S_MUESTRA_VIDEO' => '0',
) 
2014-10-15 15:24:32 --> se va a extraer informacion del area  
2014-10-15 15:24:32 --> la informacion del area es array (
  'AR_ID' => '5',
  'AR_NOMBRE' => 'OTROS',
  'AR_DESCRIPCION' => 'Otros',
  'AR_C_ID' => '1',
  'AR_ACTIVO' => '1',
  'AR_ALIAS' => 'O',
  'AR_MOSTRAR_NOMBRE_PANTALLA' => '0',
) 
2014-10-15 15:24:32 --> se va a crear el turno 
2014-10-15 15:24:32 --> se creo el turno 9 del area O 

2014-10-15 15:26:35 --> get_areas 1 
2014-10-15 15:26:35 --> buscando areas del cliente 
2014-10-15 15:26:53 --> crear el consumidor 
2014-10-15 15:26:53 --> se creo el consumidor 20928 
2014-10-15 15:26:53 --> la informacion de la sede es array (
  'S_ID' => '4',
  'S_NOMBRE' => 'OCCIDENTE',
  'S_DESCRIPCION' => 'Sedle para atender los casos de la regional occidente',
  'S_C_ID' => '1',
  'S_CANTIDAD_ENCUESTAS' => '10',
  'S_ACTIVO' => '1',
  'S_LOGO' => '7',
  'S_MUESTRA_VIDEO' => '0',
) 
2014-10-15 15:26:53 --> se va a extraer informacion del area  
2014-10-15 15:26:53 --> la informacion del area es array (
  'AR_ID' => '5',
  'AR_NOMBRE' => 'OTROS',
  'AR_DESCRIPCION' => 'Otros',
  'AR_C_ID' => '1',
  'AR_ACTIVO' => '1',
  'AR_ALIAS' => 'O',
  'AR_MOSTRAR_NOMBRE_PANTALLA' => '0',
) 
2014-10-15 15:26:53 --> se va a crear el turno 
2014-10-15 15:26:53 --> se creo el turno 10 del area O 

2014-10-15 15:35:25 --> get_areas 1 
2014-10-15 15:35:25 --> buscando areas del cliente 
2014-10-15 15:35:36 --> crear el consumidor 
2014-10-15 15:35:36 --> se creo el consumidor 20929 
2014-10-15 15:35:36 --> la informacion de la sede es array (
  'S_ID' => '4',
  'S_NOMBRE' => 'OCCIDENTE',
  'S_DESCRIPCION' => 'Sedle para atender los casos de la regional occidente',
  'S_C_ID' => '1',
  'S_CANTIDAD_ENCUESTAS' => '10',
  'S_ACTIVO' => '1',
  'S_LOGO' => '7',
  'S_MUESTRA_VIDEO' => '0',
) 
2014-10-15 15:35:36 --> se va a extraer informacion del area  
2014-10-15 15:35:36 --> la informacion del area es array (
  'AR_ID' => '8',
  'AR_NOMBRE' => 'COMPENSACION_SALARIAL',
  'AR_DESCRIPCION' => 'Informacion pago nomina y liquidaciones',
  'AR_C_ID' => '1',
  'AR_ACTIVO' => '1',
  'AR_ALIAS' => 'CS',
  'AR_MOSTRAR_NOMBRE_PANTALLA' => '0',
) 
2014-10-15 15:35:36 --> se va a crear el turno 
2014-10-15 15:35:36 --> se creo el turno 5 del area CS 

2014-10-15 15:36:52 --> get_areas 1 
2014-10-15 15:36:52 --> buscando areas del cliente 

2014-10-15 15:37:50 --> get_areas 1 
2014-10-15 15:37:50 --> buscando areas del cliente 
2014-10-15 15:38:20 --> crear el consumidor 
2014-10-15 15:38:20 --> se creo el consumidor 20931 
2014-10-15 15:38:20 --> la informacion de la sede es array (
  'S_ID' => '4',
  'S_NOMBRE' => 'OCCIDENTE',
  'S_DESCRIPCION' => 'Sedle para atender los casos de la regional occidente',
  'S_C_ID' => '1',
  'S_CANTIDAD_ENCUESTAS' => '10',
  'S_ACTIVO' => '1',
  'S_LOGO' => '7',
  'S_MUESTRA_VIDEO' => '0',
) 
2014-10-15 15:38:20 --> se va a extraer informacion del area  
2014-10-15 15:38:20 --> la informacion del area es array (
  'AR_ID' => '3',
  'AR_NOMBRE' => 'SEGUIMIENTO_AL_SERVICIO',
  'AR_DESCRIPCION' => 'SQR certificados especiales claves portal web',
  'AR_C_ID' => '1',
  'AR_ACTIVO' => '1',
  'AR_ALIAS' => 'SAS',
  'AR_MOSTRAR_NOMBRE_PANTALLA' => '0',
) 
2014-10-15 15:38:20 --> se va a crear el turno 
2014-10-15 15:38:20 --> se creo el turno 2 del area SAS 

2014-10-15 15:39:27 --> get_areas 1 
2014-10-15 15:39:27 --> buscando areas del cliente 

2014-10-15 15:40:17 --> get_areas 1 
2014-10-15 15:40:17 --> buscando areas del cliente 

2014-10-15 15:41:28 --> get_areas 1 
2014-10-15 15:41:28 --> buscando areas del cliente 

2014-10-15 15:42:26 --> get_areas 1 
2014-10-15 15:42:26 --> buscando areas del cliente 

2014-10-15 15:49:39 --> get_areas 1 
2014-10-15 15:49:39 --> buscando areas del cliente 
2014-10-15 15:50:06 --> crear el consumidor 
2014-10-15 15:50:06 --> se creo el consumidor 20932 
2014-10-15 15:50:06 --> la informacion de la sede es array (
  'S_ID' => '4',
  'S_NOMBRE' => 'OCCIDENTE',
  'S_DESCRIPCION' => 'Sedle para atender los casos de la regional occidente',
  'S_C_ID' => '1',
  'S_CANTIDAD_ENCUESTAS' => '10',
  'S_ACTIVO' => '1',
  'S_LOGO' => '7',
  'S_MUESTRA_VIDEO' => '0',
) 
2014-10-15 15:50:06 --> se va a extraer informacion del area  
2014-10-15 15:50:06 --> la informacion del area es array (
  'AR_ID' => '5',
  'AR_NOMBRE' => 'OTROS',
  'AR_DESCRIPCION' => 'Otros',
  'AR_C_ID' => '1',
  'AR_ACTIVO' => '1',
  'AR_ALIAS' => 'O',
  'AR_MOSTRAR_NOMBRE_PANTALLA' => '0',
) 
2014-10-15 15:50:06 --> se va a crear el turno 
2014-10-15 15:50:06 --> se creo el turno 11 del area O 

2014-10-15 15:51:24 --> get_areas 1 
2014-10-15 15:51:24 --> buscando areas del cliente 

2014-10-15 15:53:05 --> get_areas 1 
2014-10-15 15:53:05 --> buscando areas del cliente 
2014-10-15 15:53:09 --> crear el consumidor 
2014-10-15 15:53:09 --> se creo el consumidor 20933 
2014-10-15 15:53:09 --> la informacion de la sede es array (
  'S_ID' => '4',
  'S_NOMBRE' => 'OCCIDENTE',
  'S_DESCRIPCION' => 'Sedle para atender los casos de la regional occidente',
  'S_C_ID' => '1',
  'S_CANTIDAD_ENCUESTAS' => '10',
  'S_ACTIVO' => '1',
  'S_LOGO' => '7',
  'S_MUESTRA_VIDEO' => '0',
) 
2014-10-15 15:53:09 --> se va a extraer informacion del area  
2014-10-15 15:53:09 --> la informacion del area es array (
  'AR_ID' => '2',
  'AR_NOMBRE' => 'APORTES',
  'AR_DESCRIPCION' => 'Pensiones Incapacidades Cesantias Cartas FNA',
  'AR_C_ID' => '1',
  'AR_ACTIVO' => '1',
  'AR_ALIAS' => 'A',
  'AR_MOSTRAR_NOMBRE_PANTALLA' => '0',
) 
2014-10-15 15:53:09 --> se va a crear el turno 
2014-10-15 15:53:09 --> se creo el turno 13 del area A 

2014-10-15 16:01:48 --> get_areas 1 
2014-10-15 16:01:48 --> buscando areas del cliente 
2014-10-15 16:02:10 --> crear el consumidor 
2014-10-15 16:02:10 --> se creo el consumidor 20934 
2014-10-15 16:02:10 --> la informacion de la sede es array (
  'S_ID' => '4',
  'S_NOMBRE' => 'OCCIDENTE',
  'S_DESCRIPCION' => 'Sedle para atender los casos de la regional occidente',
  'S_C_ID' => '1',
  'S_CANTIDAD_ENCUESTAS' => '10',
  'S_ACTIVO' => '1',
  'S_LOGO' => '7',
  'S_MUESTRA_VIDEO' => '0',
) 
2014-10-15 16:02:10 --> se va a extraer informacion del area  
2014-10-15 16:02:10 --> la informacion del area es array (
  'AR_ID' => '5',
  'AR_NOMBRE' => 'OTROS',
  'AR_DESCRIPCION' => 'Otros',
  'AR_C_ID' => '1',
  'AR_ACTIVO' => '1',
  'AR_ALIAS' => 'O',
  'AR_MOSTRAR_NOMBRE_PANTALLA' => '0',
) 
2014-10-15 16:02:10 --> se va a crear el turno 
2014-10-15 16:02:10 --> se creo el turno 12 del area O 

2014-10-15 16:17:25 --> get_areas 1 
2014-10-15 16:17:25 --> buscando areas del cliente 
2014-10-15 16:17:54 --> crear el consumidor 
2014-10-15 16:17:54 --> se creo el consumidor 20935 
2014-10-15 16:17:54 --> la informacion de la sede es array (
  'S_ID' => '4',
  'S_NOMBRE' => 'OCCIDENTE',
  'S_DESCRIPCION' => 'Sedle para atender los casos de la regional occidente',
  'S_C_ID' => '1',
  'S_CANTIDAD_ENCUESTAS' => '10',
  'S_ACTIVO' => '1',
  'S_LOGO' => '7',
  'S_MUESTRA_VIDEO' => '0',
) 
2014-10-15 16:17:54 --> se va a extraer informacion del area  
2014-10-15 16:17:54 --> la informacion del area es array (
  'AR_ID' => '2',
  'AR_NOMBRE' => 'APORTES',
  'AR_DESCRIPCION' => 'Pensiones Incapacidades Cesantias Cartas FNA',
  'AR_C_ID' => '1',
  'AR_ACTIVO' => '1',
  'AR_ALIAS' => 'A',
  'AR_MOSTRAR_NOMBRE_PANTALLA' => '0',
) 
2014-10-15 16:17:54 --> se va a crear el turno 
2014-10-15 16:17:54 --> se creo el turno 14 del area A 

2014-10-15 16:27:20 --> get_areas 1 
2014-10-15 16:27:20 --> buscando areas del cliente 
2014-10-15 16:27:31 --> crear el consumidor 
2014-10-15 16:27:31 --> se creo el consumidor 20936 
2014-10-15 16:27:31 --> la informacion de la sede es array (
  'S_ID' => '4',
  'S_NOMBRE' => 'OCCIDENTE',
  'S_DESCRIPCION' => 'Sedle para atender los casos de la regional occidente',
  'S_C_ID' => '1',
  'S_CANTIDAD_ENCUESTAS' => '10',
  'S_ACTIVO' => '1',
  'S_LOGO' => '7',
  'S_MUESTRA_VIDEO' => '0',
) 
2014-10-15 16:27:31 --> se va a extraer informacion del area  
2014-10-15 16:27:31 --> la informacion del area es array (
  'AR_ID' => '2',
  'AR_NOMBRE' => 'APORTES',
  'AR_DESCRIPCION' => 'Pensiones Incapacidades Cesantias Cartas FNA',
  'AR_C_ID' => '1',
  'AR_ACTIVO' => '1',
  'AR_ALIAS' => 'A',
  'AR_MOSTRAR_NOMBRE_PANTALLA' => '0',
) 
2014-10-15 16:27:31 --> se va a crear el turno 
2014-10-15 16:27:31 --> se creo el turno 15 del area A 

2014-10-15 16:30:27 --> get_areas 1 
2014-10-15 16:30:27 --> buscando areas del cliente 
2014-10-15 16:30:37 --> crear el consumidor 
2014-10-15 16:30:37 --> se creo el consumidor 20937 
2014-10-15 16:30:37 --> la informacion de la sede es array (
  'S_ID' => '4',
  'S_NOMBRE' => 'OCCIDENTE',
  'S_DESCRIPCION' => 'Sedle para atender los casos de la regional occidente',
  'S_C_ID' => '1',
  'S_CANTIDAD_ENCUESTAS' => '10',
  'S_ACTIVO' => '1',
  'S_LOGO' => '7',
  'S_MUESTRA_VIDEO' => '0',
) 
2014-10-15 16:30:37 --> se va a extraer informacion del area  
2014-10-15 16:30:37 --> la informacion del area es array (
  'AR_ID' => '8',
  'AR_NOMBRE' => 'COMPENSACION_SALARIAL',
  'AR_DESCRIPCION' => 'Informacion pago nomina y liquidaciones',
  'AR_C_ID' => '1',
  'AR_ACTIVO' => '1',
  'AR_ALIAS' => 'CS',
  'AR_MOSTRAR_NOMBRE_PANTALLA' => '0',
) 
2014-10-15 16:30:37 --> se va a crear el turno 
2014-10-15 16:30:37 --> se creo el turno 6 del area CS 

2014-10-15 16:31:32 --> get_areas 1 
2014-10-15 16:31:32 --> buscando areas del cliente 
2014-10-15 16:31:38 --> crear el consumidor 
2014-10-15 16:31:38 --> se creo el consumidor 20938 
2014-10-15 16:31:38 --> la informacion de la sede es array (
  'S_ID' => '4',
  'S_NOMBRE' => 'OCCIDENTE',
  'S_DESCRIPCION' => 'Sedle para atender los casos de la regional occidente',
  'S_C_ID' => '1',
  'S_CANTIDAD_ENCUESTAS' => '10',
  'S_ACTIVO' => '1',
  'S_LOGO' => '7',
  'S_MUESTRA_VIDEO' => '0',
) 
2014-10-15 16:31:38 --> se va a extraer informacion del area  
2014-10-15 16:31:38 --> la informacion del area es array (
  'AR_ID' => '8',
  'AR_NOMBRE' => 'COMPENSACION_SALARIAL',
  'AR_DESCRIPCION' => 'Informacion pago nomina y liquidaciones',
  'AR_C_ID' => '1',
  'AR_ACTIVO' => '1',
  'AR_ALIAS' => 'CS',
  'AR_MOSTRAR_NOMBRE_PANTALLA' => '0',
) 
2014-10-15 16:31:38 --> se va a crear el turno 
2014-10-15 16:31:38 --> se creo el turno 7 del area CS 

2014-10-15 16:45:39 --> get_areas 1 
2014-10-15 16:45:39 --> buscando areas del cliente 
2014-10-15 16:45:44 --> crear el consumidor 
2014-10-15 16:45:44 --> se creo el consumidor 20940 
2014-10-15 16:45:44 --> la informacion de la sede es array (
  'S_ID' => '4',
  'S_NOMBRE' => 'OCCIDENTE',
  'S_DESCRIPCION' => 'Sedle para atender los casos de la regional occidente',
  'S_C_ID' => '1',
  'S_CANTIDAD_ENCUESTAS' => '10',
  'S_ACTIVO' => '1',
  'S_LOGO' => '7',
  'S_MUESTRA_VIDEO' => '0',
) 
2014-10-15 16:45:44 --> se va a extraer informacion del area  
2014-10-15 16:45:44 --> la informacion del area es array (
  'AR_ID' => '2',
  'AR_NOMBRE' => 'APORTES',
  'AR_DESCRIPCION' => 'Pensiones Incapacidades Cesantias Cartas FNA',
  'AR_C_ID' => '1',
  'AR_ACTIVO' => '1',
  'AR_ALIAS' => 'A',
  'AR_MOSTRAR_NOMBRE_PANTALLA' => '0',
) 
2014-10-15 16:45:44 --> se va a crear el turno 
2014-10-15 16:45:44 --> se creo el turno 16 del area A 

2014-10-15 16:46:56 --> get_areas 1 
2014-10-15 16:46:56 --> buscando areas del cliente 
2014-10-15 16:47:02 --> crear el consumidor 
2014-10-15 16:47:02 --> se creo el consumidor 20941 
2014-10-15 16:47:02 --> la informacion de la sede es array (
  'S_ID' => '3',
  'S_NOMBRE' => 'NORTE',
  'S_DESCRIPCION' => 'Sede para atender los casos de la regional norte',
  'S_C_ID' => '1',
  'S_CANTIDAD_ENCUESTAS' => '10',
  'S_ACTIVO' => '1',
  'S_LOGO' => '7',
  'S_MUESTRA_VIDEO' => '0',
) 
2014-10-15 16:47:02 --> se va a extraer informacion del area  
2014-10-15 16:47:02 --> la informacion del area es array (
  'AR_ID' => '5',
  'AR_NOMBRE' => 'OTROS',
  'AR_DESCRIPCION' => 'Otros',
  'AR_C_ID' => '1',
  'AR_ACTIVO' => '1',
  'AR_ALIAS' => 'O',
  'AR_MOSTRAR_NOMBRE_PANTALLA' => '0',
) 
2014-10-15 16:47:02 --> se va a crear el turno 
2014-10-15 16:47:02 --> se creo el turno 2 del area O 

2014-10-15 16:49:48 --> get_areas 1 
2014-10-15 16:49:48 --> buscando areas del cliente 
2014-10-15 16:49:56 --> crear el consumidor 
2014-10-15 16:49:56 --> se creo el consumidor 20942 
2014-10-15 16:49:56 --> la informacion de la sede es array (
  'S_ID' => '4',
  'S_NOMBRE' => 'OCCIDENTE',
  'S_DESCRIPCION' => 'Sedle para atender los casos de la regional occidente',
  'S_C_ID' => '1',
  'S_CANTIDAD_ENCUESTAS' => '10',
  'S_ACTIVO' => '1',
  'S_LOGO' => '7',
  'S_MUESTRA_VIDEO' => '0',
) 
2014-10-15 16:49:56 --> se va a extraer informacion del area  
2014-10-15 16:49:56 --> la informacion del area es array (
  'AR_ID' => '5',
  'AR_NOMBRE' => 'OTROS',
  'AR_DESCRIPCION' => 'Otros',
  'AR_C_ID' => '1',
  'AR_ACTIVO' => '1',
  'AR_ALIAS' => 'O',
  'AR_MOSTRAR_NOMBRE_PANTALLA' => '0',
) 
2014-10-15 16:49:56 --> se va a crear el turno 
2014-10-15 16:49:56 --> se creo el turno 13 del area O 

2014-10-15 16:53:35 --> get_areas 1 
2014-10-15 16:53:35 --> buscando areas del cliente 
2014-10-15 16:54:02 --> crear el consumidor 
2014-10-15 16:54:02 --> se creo el consumidor 20943 
2014-10-15 16:54:02 --> la informacion de la sede es array (
  'S_ID' => '4',
  'S_NOMBRE' => 'OCCIDENTE',
  'S_DESCRIPCION' => 'Sedle para atender los casos de la regional occidente',
  'S_C_ID' => '1',
  'S_CANTIDAD_ENCUESTAS' => '10',
  'S_ACTIVO' => '1',
  'S_LOGO' => '7',
  'S_MUESTRA_VIDEO' => '0',
) 
2014-10-15 16:54:02 --> se va a extraer informacion del area  
2014-10-15 16:54:02 --> la informacion del area es array (
  'AR_ID' => '5',
  'AR_NOMBRE' => 'OTROS',
  'AR_DESCRIPCION' => 'Otros',
  'AR_C_ID' => '1',
  'AR_ACTIVO' => '1',
  'AR_ALIAS' => 'O',
  'AR_MOSTRAR_NOMBRE_PANTALLA' => '0',
) 
2014-10-15 16:54:02 --> se va a crear el turno 
2014-10-15 16:54:02 --> se creo el turno 14 del area O 
