
2014-08-08 07:52:28 --> get_areas 1 
2014-08-08 07:52:28 --> buscando areas del cliente 
2014-08-08 07:52:38 --> crear el consumidor 
2014-08-08 07:52:44 --> se creo el consumidor 12381 
2014-08-08 07:52:44 --> la informacion de la sede es array (
  'S_ID' => '5',
  'S_NOMBRE' => 'ORIENTE',
  'S_DESCRIPCION' => 'Sede para gestionar los casos de la regional Oriente',
  'S_C_ID' => '1',
  'S_CANTIDAD_ENCUESTAS' => '10',
  'S_ACTIVO' => '1',
  'S_LOGO' => '1',
  'S_MUESTRA_VIDEO' => '0',
) 
2014-08-08 07:52:44 --> se va a extraer informacion del area  
2014-08-08 07:52:44 --> la informacion del area es array (
  'AR_ID' => '1',
  'AR_NOMBRE' => 'GERENCIA_DEL_SERVICIO',
  'AR_DESCRIPCION' => 'Cartas de ingreso al punto de venta',
  'AR_C_ID' => '1',
  'AR_ACTIVO' => '1',
  'AR_ALIAS' => 'GS',
  'AR_MOSTRAR_NOMBRE_PANTALLA' => '0',
) 
2014-08-08 07:52:44 --> se va a crear el turno 
2014-08-08 07:52:44 --> se creo el turno 1 del area GS 

2014-08-08 08:01:35 --> get_areas 1 
2014-08-08 08:01:35 --> buscando areas del cliente 
2014-08-08 08:01:57 --> crear el consumidor 
2014-08-08 08:01:57 --> se creo el consumidor 12382 
2014-08-08 08:01:57 --> la informacion de la sede es array (
  'S_ID' => '3',
  'S_NOMBRE' => 'NORTE',
  'S_DESCRIPCION' => 'Sede para atender los casos de la regional norte',
  'S_C_ID' => '1',
  'S_CANTIDAD_ENCUESTAS' => '10',
  'S_ACTIVO' => '1',
  'S_LOGO' => '7',
  'S_MUESTRA_VIDEO' => '0',
) 
2014-08-08 08:01:57 --> se va a extraer informacion del area  
2014-08-08 08:01:57 --> la informacion del area es array (
  'AR_ID' => '5',
  'AR_NOMBRE' => 'OTROS',
  'AR_DESCRIPCION' => 'Otros',
  'AR_C_ID' => '1',
  'AR_ACTIVO' => '1',
  'AR_ALIAS' => 'O',
  'AR_MOSTRAR_NOMBRE_PANTALLA' => '0',
) 
2014-08-08 08:01:57 --> se va a crear el turno 
2014-08-08 08:01:57 --> se creo el turno 1 del area O 

2014-08-08 08:23:52 --> get_areas 1 
2014-08-08 08:23:52 --> buscando areas del cliente 
2014-08-08 08:24:09 --> crear el consumidor 
2014-08-08 08:24:09 --> se creo el consumidor 12398 
2014-08-08 08:24:09 --> la informacion de la sede es array (
  'S_ID' => '3',
  'S_NOMBRE' => 'NORTE',
  'S_DESCRIPCION' => 'Sede para atender los casos de la regional norte',
  'S_C_ID' => '1',
  'S_CANTIDAD_ENCUESTAS' => '10',
  'S_ACTIVO' => '1',
  'S_LOGO' => '7',
  'S_MUESTRA_VIDEO' => '0',
) 
2014-08-08 08:24:09 --> se va a extraer informacion del area  
2014-08-08 08:24:09 --> la informacion del area es array (
  'AR_ID' => '5',
  'AR_NOMBRE' => 'OTROS',
  'AR_DESCRIPCION' => 'Otros',
  'AR_C_ID' => '1',
  'AR_ACTIVO' => '1',
  'AR_ALIAS' => 'O',
  'AR_MOSTRAR_NOMBRE_PANTALLA' => '0',
) 
2014-08-08 08:24:09 --> se va a crear el turno 
2014-08-08 08:24:09 --> se creo el turno 2 del area O 

2014-08-08 08:42:21 --> get_areas 1 
2014-08-08 08:42:21 --> buscando areas del cliente 

2014-08-08 08:50:39 --> get_areas 1 
2014-08-08 08:50:39 --> buscando areas del cliente 

2014-08-08 08:52:59 --> get_areas 1 
2014-08-08 08:52:59 --> buscando areas del cliente 

2014-08-08 08:54:33 --> get_areas 1 
2014-08-08 08:54:33 --> buscando areas del cliente 
2014-08-08 08:54:50 --> crear el consumidor 
2014-08-08 08:54:50 --> se creo el consumidor 12415 
2014-08-08 08:54:50 --> la informacion de la sede es array (
  'S_ID' => '4',
  'S_NOMBRE' => 'OCCIDENTE',
  'S_DESCRIPCION' => 'Sedle para atender los casos de la regional occidente',
  'S_C_ID' => '1',
  'S_CANTIDAD_ENCUESTAS' => '10',
  'S_ACTIVO' => '1',
  'S_LOGO' => '7',
  'S_MUESTRA_VIDEO' => '0',
) 
2014-08-08 08:54:50 --> se va a extraer informacion del area  
2014-08-08 08:54:50 --> la informacion del area es array (
  'AR_ID' => '2',
  'AR_NOMBRE' => 'APORTES',
  'AR_DESCRIPCION' => 'Pensiones Incapacidades Cesantias Cartas FNA',
  'AR_C_ID' => '1',
  'AR_ACTIVO' => '1',
  'AR_ALIAS' => 'A',
  'AR_MOSTRAR_NOMBRE_PANTALLA' => '0',
) 
2014-08-08 08:54:50 --> se va a crear el turno 
2014-08-08 08:54:50 --> se creo el turno 2 del area A 

2014-08-08 09:12:01 --> get_areas 1 
2014-08-08 09:12:01 --> buscando areas del cliente 
2014-08-08 09:12:28 --> crear el consumidor 
2014-08-08 09:12:28 --> se creo el consumidor 12422 
2014-08-08 09:12:28 --> la informacion de la sede es array (
  'S_ID' => '4',
  'S_NOMBRE' => 'OCCIDENTE',
  'S_DESCRIPCION' => 'Sedle para atender los casos de la regional occidente',
  'S_C_ID' => '1',
  'S_CANTIDAD_ENCUESTAS' => '10',
  'S_ACTIVO' => '1',
  'S_LOGO' => '7',
  'S_MUESTRA_VIDEO' => '0',
) 
2014-08-08 09:12:28 --> se va a extraer informacion del area  
2014-08-08 09:12:28 --> la informacion del area es array (
  'AR_ID' => '2',
  'AR_NOMBRE' => 'APORTES',
  'AR_DESCRIPCION' => 'Pensiones Incapacidades Cesantias Cartas FNA',
  'AR_C_ID' => '1',
  'AR_ACTIVO' => '1',
  'AR_ALIAS' => 'A',
  'AR_MOSTRAR_NOMBRE_PANTALLA' => '0',
) 
2014-08-08 09:12:28 --> se va a crear el turno 
2014-08-08 09:12:28 --> se creo el turno 3 del area A 

2014-08-08 09:16:46 --> get_areas 1 
2014-08-08 09:16:46 --> buscando areas del cliente 

2014-08-08 09:16:57 --> get_areas 1 
2014-08-08 09:16:57 --> buscando areas del cliente 
2014-08-08 09:16:57 --> crear el consumidor 
2014-08-08 09:16:57 --> se creo el consumidor 12426 
2014-08-08 09:16:57 --> la informacion de la sede es array (
  'S_ID' => '2',
  'S_NOMBRE' => 'CENTRO',
  'S_DESCRIPCION' => 'Sede para atender los casos de la regional centro',
  'S_C_ID' => '1',
  'S_CANTIDAD_ENCUESTAS' => '10',
  'S_ACTIVO' => '1',
  'S_LOGO' => '4',
  'S_MUESTRA_VIDEO' => '0',
) 
2014-08-08 09:16:57 --> se va a extraer informacion del area  
2014-08-08 09:16:57 --> la informacion del area es array (
  'AR_ID' => '5',
  'AR_NOMBRE' => 'OTROS',
  'AR_DESCRIPCION' => 'Otros',
  'AR_C_ID' => '1',
  'AR_ACTIVO' => '1',
  'AR_ALIAS' => 'O',
  'AR_MOSTRAR_NOMBRE_PANTALLA' => '0',
) 
2014-08-08 09:16:57 --> se va a crear el turno 
2014-08-08 09:16:57 --> se creo el turno 1 del area O 
2014-08-08 09:17:07 --> crear el consumidor 
2014-08-08 09:17:07 --> se creo el consumidor 12428 
2014-08-08 09:17:07 --> la informacion de la sede es array (
  'S_ID' => '3',
  'S_NOMBRE' => 'NORTE',
  'S_DESCRIPCION' => 'Sede para atender los casos de la regional norte',
  'S_C_ID' => '1',
  'S_CANTIDAD_ENCUESTAS' => '10',
  'S_ACTIVO' => '1',
  'S_LOGO' => '7',
  'S_MUESTRA_VIDEO' => '0',
) 
2014-08-08 09:17:07 --> se va a extraer informacion del area  
2014-08-08 09:17:07 --> la informacion del area es array (
  'AR_ID' => '2',
  'AR_NOMBRE' => 'APORTES',
  'AR_DESCRIPCION' => 'Pensiones Incapacidades Cesantias Cartas FNA',
  'AR_C_ID' => '1',
  'AR_ACTIVO' => '1',
  'AR_ALIAS' => 'A',
  'AR_MOSTRAR_NOMBRE_PANTALLA' => '0',
) 
2014-08-08 09:17:07 --> se va a crear el turno 
2014-08-08 09:17:07 --> se creo el turno 1 del area A 

2014-08-08 09:22:38 --> get_areas 1 
2014-08-08 09:22:38 --> buscando areas del cliente 
2014-08-08 09:22:54 --> crear el consumidor 
2014-08-08 09:22:54 --> se creo el consumidor 12433 
2014-08-08 09:22:54 --> la informacion de la sede es array (
  'S_ID' => '4',
  'S_NOMBRE' => 'OCCIDENTE',
  'S_DESCRIPCION' => 'Sedle para atender los casos de la regional occidente',
  'S_C_ID' => '1',
  'S_CANTIDAD_ENCUESTAS' => '10',
  'S_ACTIVO' => '1',
  'S_LOGO' => '7',
  'S_MUESTRA_VIDEO' => '0',
) 
2014-08-08 09:22:54 --> se va a extraer informacion del area  
2014-08-08 09:22:54 --> la informacion del area es array (
  'AR_ID' => '8',
  'AR_NOMBRE' => 'COMPENSACION_SALARIAL',
  'AR_DESCRIPCION' => 'Informacion pago nomina y liquidaciones',
  'AR_C_ID' => '1',
  'AR_ACTIVO' => '1',
  'AR_ALIAS' => 'CS',
  'AR_MOSTRAR_NOMBRE_PANTALLA' => '0',
) 
2014-08-08 09:22:54 --> se va a crear el turno 
2014-08-08 09:22:54 --> se creo el turno 2 del area CS 

2014-08-08 09:34:48 --> get_areas 1 
2014-08-08 09:34:48 --> buscando areas del cliente 
2014-08-08 09:34:57 --> crear el consumidor 
2014-08-08 09:34:57 --> se creo el consumidor 12439 
2014-08-08 09:34:57 --> la informacion de la sede es array (
  'S_ID' => '1',
  'S_NOMBRE' => 'ANTIOQUIA',
  'S_DESCRIPCION' => 'Sede para atender los casos de la regional antioquia',
  'S_C_ID' => '1',
  'S_CANTIDAD_ENCUESTAS' => '10',
  'S_ACTIVO' => '1',
  'S_LOGO' => '7',
  'S_MUESTRA_VIDEO' => '0',
) 
2014-08-08 09:34:57 --> se va a extraer informacion del area  
2014-08-08 09:34:57 --> la informacion del area es array (
  'AR_ID' => '5',
  'AR_NOMBRE' => 'OTROS',
  'AR_DESCRIPCION' => 'Otros',
  'AR_C_ID' => '1',
  'AR_ACTIVO' => '1',
  'AR_ALIAS' => 'O',
  'AR_MOSTRAR_NOMBRE_PANTALLA' => '0',
) 
2014-08-08 09:34:57 --> se va a crear el turno 
2014-08-08 09:34:57 --> se creo el turno 1 del area O 

2014-08-08 09:51:13 --> get_areas 1 
2014-08-08 09:51:13 --> buscando areas del cliente 

2014-08-08 09:56:47 --> get_areas 1 
2014-08-08 09:56:47 --> buscando areas del cliente 

2014-08-08 10:00:50 --> get_areas 1 
2014-08-08 10:00:50 --> buscando areas del cliente 
2014-08-08 10:01:11 --> crear el consumidor 
2014-08-08 10:01:11 --> se creo el consumidor 12456 
2014-08-08 10:01:11 --> la informacion de la sede es array (
  'S_ID' => '4',
  'S_NOMBRE' => 'OCCIDENTE',
  'S_DESCRIPCION' => 'Sedle para atender los casos de la regional occidente',
  'S_C_ID' => '1',
  'S_CANTIDAD_ENCUESTAS' => '10',
  'S_ACTIVO' => '1',
  'S_LOGO' => '7',
  'S_MUESTRA_VIDEO' => '0',
) 
2014-08-08 10:01:11 --> se va a extraer informacion del area  
2014-08-08 10:01:11 --> la informacion del area es array (
  'AR_ID' => '7',
  'AR_NOMBRE' => 'VARIOS_REQUERIMIENTOS',
  'AR_DESCRIPCION' => 'Solicitudes varias',
  'AR_C_ID' => '1',
  'AR_ACTIVO' => '1',
  'AR_ALIAS' => 'VR',
  'AR_MOSTRAR_NOMBRE_PANTALLA' => '0',
) 
2014-08-08 10:01:11 --> se va a crear el turno 
2014-08-08 10:01:11 --> se creo el turno 1 del area VR 

2014-08-08 10:01:57 --> get_areas 1 
2014-08-08 10:01:57 --> buscando areas del cliente 
2014-08-08 10:02:01 --> crear el consumidor 
2014-08-08 10:02:05 --> se creo el consumidor 12457 
2014-08-08 10:02:05 --> la informacion de la sede es array (
  'S_ID' => '4',
  'S_NOMBRE' => 'OCCIDENTE',
  'S_DESCRIPCION' => 'Sedle para atender los casos de la regional occidente',
  'S_C_ID' => '1',
  'S_CANTIDAD_ENCUESTAS' => '10',
  'S_ACTIVO' => '1',
  'S_LOGO' => '7',
  'S_MUESTRA_VIDEO' => '0',
) 
2014-08-08 10:02:05 --> se va a extraer informacion del area  
2014-08-08 10:02:05 --> la informacion del area es array (
  'AR_ID' => '1',
  'AR_NOMBRE' => 'GERENCIA_DEL_SERVICIO',
  'AR_DESCRIPCION' => 'Cartas de ingreso al punto de venta',
  'AR_C_ID' => '1',
  'AR_ACTIVO' => '1',
  'AR_ALIAS' => 'GS',
  'AR_MOSTRAR_NOMBRE_PANTALLA' => '0',
) 
2014-08-08 10:02:05 --> se va a crear el turno 
2014-08-08 10:02:05 --> se creo el turno 1 del area GS 

2014-08-08 10:13:30 --> get_areas 1 
2014-08-08 10:13:30 --> buscando areas del cliente 

2014-08-08 10:14:17 --> get_areas 1 
2014-08-08 10:14:17 --> buscando areas del cliente 

2014-08-08 10:14:22 --> get_areas 1 
2014-08-08 10:14:22 --> buscando areas del cliente 
2014-08-08 10:14:30 --> crear el consumidor 
2014-08-08 10:14:30 --> se creo el consumidor 12468 
2014-08-08 10:14:30 --> la informacion de la sede es array (
  'S_ID' => '3',
  'S_NOMBRE' => 'NORTE',
  'S_DESCRIPCION' => 'Sede para atender los casos de la regional norte',
  'S_C_ID' => '1',
  'S_CANTIDAD_ENCUESTAS' => '10',
  'S_ACTIVO' => '1',
  'S_LOGO' => '7',
  'S_MUESTRA_VIDEO' => '0',
) 
2014-08-08 10:14:30 --> se va a extraer informacion del area  
2014-08-08 10:14:30 --> la informacion del area es array (
  'AR_ID' => '2',
  'AR_NOMBRE' => 'APORTES',
  'AR_DESCRIPCION' => 'Pensiones Incapacidades Cesantias Cartas FNA',
  'AR_C_ID' => '1',
  'AR_ACTIVO' => '1',
  'AR_ALIAS' => 'A',
  'AR_MOSTRAR_NOMBRE_PANTALLA' => '0',
) 
2014-08-08 10:14:30 --> se va a crear el turno 
2014-08-08 10:14:30 --> se creo el turno 2 del area A 
2014-08-08 10:14:45 --> crear el consumidor 
2014-08-08 10:14:45 --> se creo el consumidor 12469 
2014-08-08 10:14:45 --> la informacion de la sede es array (
  'S_ID' => '4',
  'S_NOMBRE' => 'OCCIDENTE',
  'S_DESCRIPCION' => 'Sedle para atender los casos de la regional occidente',
  'S_C_ID' => '1',
  'S_CANTIDAD_ENCUESTAS' => '10',
  'S_ACTIVO' => '1',
  'S_LOGO' => '7',
  'S_MUESTRA_VIDEO' => '0',
) 
2014-08-08 10:14:45 --> se va a extraer informacion del area  
2014-08-08 10:14:45 --> la informacion del area es array (
  'AR_ID' => '3',
  'AR_NOMBRE' => 'SEGUIMIENTO_AL_SERVICIO',
  'AR_DESCRIPCION' => 'Solicitudes Quejas y Reclamos',
  'AR_C_ID' => '1',
  'AR_ACTIVO' => '1',
  'AR_ALIAS' => 'SAS',
  'AR_MOSTRAR_NOMBRE_PANTALLA' => '0',
) 
2014-08-08 10:14:45 --> se va a crear el turno 
2014-08-08 10:14:45 --> se creo el turno 3 del area SAS 

2014-08-08 10:17:19 --> get_areas 1 
2014-08-08 10:17:19 --> buscando areas del cliente 
2014-08-08 10:17:29 --> crear el consumidor 
2014-08-08 10:17:29 --> se creo el consumidor 12471 
2014-08-08 10:17:29 --> la informacion de la sede es array (
  'S_ID' => '4',
  'S_NOMBRE' => 'OCCIDENTE',
  'S_DESCRIPCION' => 'Sedle para atender los casos de la regional occidente',
  'S_C_ID' => '1',
  'S_CANTIDAD_ENCUESTAS' => '10',
  'S_ACTIVO' => '1',
  'S_LOGO' => '7',
  'S_MUESTRA_VIDEO' => '0',
) 
2014-08-08 10:17:29 --> se va a extraer informacion del area  
2014-08-08 10:17:29 --> la informacion del area es array (
  'AR_ID' => '5',
  'AR_NOMBRE' => 'OTROS',
  'AR_DESCRIPCION' => 'Otros',
  'AR_C_ID' => '1',
  'AR_ACTIVO' => '1',
  'AR_ALIAS' => 'O',
  'AR_MOSTRAR_NOMBRE_PANTALLA' => '0',
) 
2014-08-08 10:17:29 --> se va a crear el turno 
2014-08-08 10:17:29 --> se creo el turno 1 del area O 

2014-08-08 10:31:58 --> get_areas 1 
2014-08-08 10:31:58 --> buscando areas del cliente 
2014-08-08 10:32:08 --> crear el consumidor 
2014-08-08 10:32:08 --> se creo el consumidor 12478 
2014-08-08 10:32:08 --> la informacion de la sede es array (
  'S_ID' => '3',
  'S_NOMBRE' => 'NORTE',
  'S_DESCRIPCION' => 'Sede para atender los casos de la regional norte',
  'S_C_ID' => '1',
  'S_CANTIDAD_ENCUESTAS' => '10',
  'S_ACTIVO' => '1',
  'S_LOGO' => '7',
  'S_MUESTRA_VIDEO' => '0',
) 
2014-08-08 10:32:08 --> se va a extraer informacion del area  
2014-08-08 10:32:08 --> la informacion del area es array (
  'AR_ID' => '8',
  'AR_NOMBRE' => 'COMPENSACION_SALARIAL',
  'AR_DESCRIPCION' => 'Informacion pago nomina y liquidaciones',
  'AR_C_ID' => '1',
  'AR_ACTIVO' => '1',
  'AR_ALIAS' => 'CS',
  'AR_MOSTRAR_NOMBRE_PANTALLA' => '0',
) 
2014-08-08 10:32:08 --> se va a crear el turno 
2014-08-08 10:32:08 --> se creo el turno 1 del area CS 

2014-08-08 10:39:48 --> get_areas 1 
2014-08-08 10:39:48 --> buscando areas del cliente 
2014-08-08 10:40:06 --> crear el consumidor 
2014-08-08 10:40:06 --> se creo el consumidor 12485 
2014-08-08 10:40:06 --> la informacion de la sede es array (
  'S_ID' => '3',
  'S_NOMBRE' => 'NORTE',
  'S_DESCRIPCION' => 'Sede para atender los casos de la regional norte',
  'S_C_ID' => '1',
  'S_CANTIDAD_ENCUESTAS' => '10',
  'S_ACTIVO' => '1',
  'S_LOGO' => '7',
  'S_MUESTRA_VIDEO' => '0',
) 
2014-08-08 10:40:06 --> se va a extraer informacion del area  
2014-08-08 10:40:06 --> la informacion del area es array (
  'AR_ID' => '8',
  'AR_NOMBRE' => 'COMPENSACION_SALARIAL',
  'AR_DESCRIPCION' => 'Informacion pago nomina y liquidaciones',
  'AR_C_ID' => '1',
  'AR_ACTIVO' => '1',
  'AR_ALIAS' => 'CS',
  'AR_MOSTRAR_NOMBRE_PANTALLA' => '0',
) 
2014-08-08 10:40:06 --> se va a crear el turno 
2014-08-08 10:40:06 --> se creo el turno 2 del area CS 

2014-08-08 10:40:40 --> get_areas 1 
2014-08-08 10:40:40 --> buscando areas del cliente 

2014-08-08 11:03:07 --> get_areas 1 
2014-08-08 11:03:07 --> buscando areas del cliente 
2014-08-08 11:03:36 --> crear el consumidor 
2014-08-08 11:03:40 --> se creo el consumidor 12495 
2014-08-08 11:03:40 --> la informacion de la sede es array (
  'S_ID' => '3',
  'S_NOMBRE' => 'NORTE',
  'S_DESCRIPCION' => 'Sede para atender los casos de la regional norte',
  'S_C_ID' => '1',
  'S_CANTIDAD_ENCUESTAS' => '10',
  'S_ACTIVO' => '1',
  'S_LOGO' => '7',
  'S_MUESTRA_VIDEO' => '0',
) 
2014-08-08 11:03:40 --> se va a extraer informacion del area  
2014-08-08 11:03:40 --> la informacion del area es array (
  'AR_ID' => '5',
  'AR_NOMBRE' => 'OTROS',
  'AR_DESCRIPCION' => 'Otros',
  'AR_C_ID' => '1',
  'AR_ACTIVO' => '1',
  'AR_ALIAS' => 'O',
  'AR_MOSTRAR_NOMBRE_PANTALLA' => '0',
) 
2014-08-08 11:03:40 --> se va a crear el turno 
2014-08-08 11:03:40 --> se creo el turno 3 del area O 

2014-08-08 11:12:12 --> get_areas 1 
2014-08-08 11:12:12 --> buscando areas del cliente 
2014-08-08 11:12:39 --> crear el consumidor 
2014-08-08 11:12:41 --> se creo el consumidor 12499 
2014-08-08 11:12:41 --> la informacion de la sede es array (
  'S_ID' => '4',
  'S_NOMBRE' => 'OCCIDENTE',
  'S_DESCRIPCION' => 'Sedle para atender los casos de la regional occidente',
  'S_C_ID' => '1',
  'S_CANTIDAD_ENCUESTAS' => '10',
  'S_ACTIVO' => '1',
  'S_LOGO' => '7',
  'S_MUESTRA_VIDEO' => '0',
) 
2014-08-08 11:12:41 --> se va a extraer informacion del area  
2014-08-08 11:12:41 --> la informacion del area es array (
  'AR_ID' => '8',
  'AR_NOMBRE' => 'COMPENSACION_SALARIAL',
  'AR_DESCRIPCION' => 'Informacion pago nomina y liquidaciones',
  'AR_C_ID' => '1',
  'AR_ACTIVO' => '1',
  'AR_ALIAS' => 'CS',
  'AR_MOSTRAR_NOMBRE_PANTALLA' => '0',
) 
2014-08-08 11:12:41 --> se va a crear el turno 
2014-08-08 11:12:41 --> se creo el turno 3 del area CS 

2014-08-08 11:29:58 --> get_areas 1 
2014-08-08 11:29:58 --> buscando areas del cliente 
2014-08-08 11:30:08 --> crear el consumidor 
2014-08-08 11:30:08 --> se creo el consumidor 12507 
2014-08-08 11:30:08 --> la informacion de la sede es array (
  'S_ID' => '3',
  'S_NOMBRE' => 'NORTE',
  'S_DESCRIPCION' => 'Sede para atender los casos de la regional norte',
  'S_C_ID' => '1',
  'S_CANTIDAD_ENCUESTAS' => '10',
  'S_ACTIVO' => '1',
  'S_LOGO' => '7',
  'S_MUESTRA_VIDEO' => '0',
) 
2014-08-08 11:30:08 --> se va a extraer informacion del area  
2014-08-08 11:30:08 --> la informacion del area es array (
  'AR_ID' => '5',
  'AR_NOMBRE' => 'OTROS',
  'AR_DESCRIPCION' => 'Otros',
  'AR_C_ID' => '1',
  'AR_ACTIVO' => '1',
  'AR_ALIAS' => 'O',
  'AR_MOSTRAR_NOMBRE_PANTALLA' => '0',
) 
2014-08-08 11:30:08 --> se va a crear el turno 
2014-08-08 11:30:08 --> se creo el turno 4 del area O 

2014-08-08 11:42:28 --> get_areas 1 
2014-08-08 11:42:28 --> buscando areas del cliente 

2014-08-08 11:43:43 --> get_areas 1 
2014-08-08 11:43:43 --> buscando areas del cliente 
2014-08-08 11:43:59 --> crear el consumidor 
2014-08-08 11:43:59 --> se creo el consumidor 12511 
2014-08-08 11:43:59 --> la informacion de la sede es array (
  'S_ID' => '4',
  'S_NOMBRE' => 'OCCIDENTE',
  'S_DESCRIPCION' => 'Sedle para atender los casos de la regional occidente',
  'S_C_ID' => '1',
  'S_CANTIDAD_ENCUESTAS' => '10',
  'S_ACTIVO' => '1',
  'S_LOGO' => '7',
  'S_MUESTRA_VIDEO' => '0',
) 
2014-08-08 11:43:59 --> se va a extraer informacion del area  
2014-08-08 11:43:59 --> la informacion del area es array (
  'AR_ID' => '5',
  'AR_NOMBRE' => 'OTROS',
  'AR_DESCRIPCION' => 'Otros',
  'AR_C_ID' => '1',
  'AR_ACTIVO' => '1',
  'AR_ALIAS' => 'O',
  'AR_MOSTRAR_NOMBRE_PANTALLA' => '0',
) 
2014-08-08 11:43:59 --> se va a crear el turno 
2014-08-08 11:43:59 --> se creo el turno 2 del area O 

2014-08-08 11:48:40 --> get_areas 1 
2014-08-08 11:48:40 --> buscando areas del cliente 
2014-08-08 11:48:51 --> crear el consumidor 
2014-08-08 11:48:51 --> se creo el consumidor 12513 
2014-08-08 11:48:51 --> la informacion de la sede es array (
  'S_ID' => '4',
  'S_NOMBRE' => 'OCCIDENTE',
  'S_DESCRIPCION' => 'Sedle para atender los casos de la regional occidente',
  'S_C_ID' => '1',
  'S_CANTIDAD_ENCUESTAS' => '10',
  'S_ACTIVO' => '1',
  'S_LOGO' => '7',
  'S_MUESTRA_VIDEO' => '0',
) 
2014-08-08 11:48:51 --> se va a extraer informacion del area  
2014-08-08 11:48:51 --> la informacion del area es array (
  'AR_ID' => '2',
  'AR_NOMBRE' => 'APORTES',
  'AR_DESCRIPCION' => 'Pensiones Incapacidades Cesantias Cartas FNA',
  'AR_C_ID' => '1',
  'AR_ACTIVO' => '1',
  'AR_ALIAS' => 'A',
  'AR_MOSTRAR_NOMBRE_PANTALLA' => '0',
) 
2014-08-08 11:48:51 --> se va a crear el turno 
2014-08-08 11:48:51 --> se creo el turno 4 del area A 

2014-08-08 11:49:54 --> get_areas 1 
2014-08-08 11:49:54 --> buscando areas del cliente 
2014-08-08 11:50:08 --> crear el consumidor 
2014-08-08 11:50:08 --> se creo el consumidor 12515 
2014-08-08 11:50:08 --> la informacion de la sede es array (
  'S_ID' => '3',
  'S_NOMBRE' => 'NORTE',
  'S_DESCRIPCION' => 'Sede para atender los casos de la regional norte',
  'S_C_ID' => '1',
  'S_CANTIDAD_ENCUESTAS' => '10',
  'S_ACTIVO' => '1',
  'S_LOGO' => '7',
  'S_MUESTRA_VIDEO' => '0',
) 
2014-08-08 11:50:08 --> se va a extraer informacion del area  
2014-08-08 11:50:08 --> la informacion del area es array (
  'AR_ID' => '5',
  'AR_NOMBRE' => 'OTROS',
  'AR_DESCRIPCION' => 'Otros',
  'AR_C_ID' => '1',
  'AR_ACTIVO' => '1',
  'AR_ALIAS' => 'O',
  'AR_MOSTRAR_NOMBRE_PANTALLA' => '0',
) 
2014-08-08 11:50:08 --> se va a crear el turno 
2014-08-08 11:50:08 --> se creo el turno 5 del area O 

2014-08-08 11:52:15 --> get_areas 1 
2014-08-08 11:52:15 --> buscando areas del cliente 
2014-08-08 11:52:28 --> crear el consumidor 
2014-08-08 11:52:28 --> se creo el consumidor 12517 
2014-08-08 11:52:28 --> la informacion de la sede es array (
  'S_ID' => '3',
  'S_NOMBRE' => 'NORTE',
  'S_DESCRIPCION' => 'Sede para atender los casos de la regional norte',
  'S_C_ID' => '1',
  'S_CANTIDAD_ENCUESTAS' => '10',
  'S_ACTIVO' => '1',
  'S_LOGO' => '7',
  'S_MUESTRA_VIDEO' => '0',
) 
2014-08-08 11:52:28 --> se va a extraer informacion del area  
2014-08-08 11:52:28 --> la informacion del area es array (
  'AR_ID' => '2',
  'AR_NOMBRE' => 'APORTES',
  'AR_DESCRIPCION' => 'Pensiones Incapacidades Cesantias Cartas FNA',
  'AR_C_ID' => '1',
  'AR_ACTIVO' => '1',
  'AR_ALIAS' => 'A',
  'AR_MOSTRAR_NOMBRE_PANTALLA' => '0',
) 
2014-08-08 11:52:28 --> se va a crear el turno 
2014-08-08 11:52:28 --> se creo el turno 3 del area A 

2014-08-08 11:53:19 --> get_areas 1 
2014-08-08 11:53:19 --> buscando areas del cliente 
2014-08-08 11:53:26 --> crear el consumidor 
2014-08-08 11:53:26 --> se creo el consumidor 12518 
2014-08-08 11:53:26 --> la informacion de la sede es array (
  'S_ID' => '3',
  'S_NOMBRE' => 'NORTE',
  'S_DESCRIPCION' => 'Sede para atender los casos de la regional norte',
  'S_C_ID' => '1',
  'S_CANTIDAD_ENCUESTAS' => '10',
  'S_ACTIVO' => '1',
  'S_LOGO' => '7',
  'S_MUESTRA_VIDEO' => '0',
) 
2014-08-08 11:53:26 --> se va a extraer informacion del area  
2014-08-08 11:53:26 --> la informacion del area es array (
  'AR_ID' => '2',
  'AR_NOMBRE' => 'APORTES',
  'AR_DESCRIPCION' => 'Pensiones Incapacidades Cesantias Cartas FNA',
  'AR_C_ID' => '1',
  'AR_ACTIVO' => '1',
  'AR_ALIAS' => 'A',
  'AR_MOSTRAR_NOMBRE_PANTALLA' => '0',
) 
2014-08-08 11:53:26 --> se va a crear el turno 
2014-08-08 11:53:26 --> se creo el turno 4 del area A 

2014-08-08 11:54:09 --> get_areas 1 
2014-08-08 11:54:09 --> buscando areas del cliente 
2014-08-08 11:54:15 --> crear el consumidor 
2014-08-08 11:54:15 --> se creo el consumidor 12519 
2014-08-08 11:54:15 --> la informacion de la sede es array (
  'S_ID' => '3',
  'S_NOMBRE' => 'NORTE',
  'S_DESCRIPCION' => 'Sede para atender los casos de la regional norte',
  'S_C_ID' => '1',
  'S_CANTIDAD_ENCUESTAS' => '10',
  'S_ACTIVO' => '1',
  'S_LOGO' => '7',
  'S_MUESTRA_VIDEO' => '0',
) 
2014-08-08 11:54:15 --> se va a extraer informacion del area  
2014-08-08 11:54:15 --> la informacion del area es array (
  'AR_ID' => '2',
  'AR_NOMBRE' => 'APORTES',
  'AR_DESCRIPCION' => 'Pensiones Incapacidades Cesantias Cartas FNA',
  'AR_C_ID' => '1',
  'AR_ACTIVO' => '1',
  'AR_ALIAS' => 'A',
  'AR_MOSTRAR_NOMBRE_PANTALLA' => '0',
) 
2014-08-08 11:54:15 --> se va a crear el turno 
2014-08-08 11:54:15 --> se creo el turno 5 del area A 

2014-08-08 11:54:54 --> get_areas 1 
2014-08-08 11:54:54 --> buscando areas del cliente 
2014-08-08 11:54:58 --> crear el consumidor 
2014-08-08 11:54:58 --> se creo el consumidor 12520 
2014-08-08 11:54:58 --> la informacion de la sede es array (
  'S_ID' => '3',
  'S_NOMBRE' => 'NORTE',
  'S_DESCRIPCION' => 'Sede para atender los casos de la regional norte',
  'S_C_ID' => '1',
  'S_CANTIDAD_ENCUESTAS' => '10',
  'S_ACTIVO' => '1',
  'S_LOGO' => '7',
  'S_MUESTRA_VIDEO' => '0',
) 
2014-08-08 11:54:58 --> se va a extraer informacion del area  
2014-08-08 11:54:58 --> la informacion del area es array (
  'AR_ID' => '2',
  'AR_NOMBRE' => 'APORTES',
  'AR_DESCRIPCION' => 'Pensiones Incapacidades Cesantias Cartas FNA',
  'AR_C_ID' => '1',
  'AR_ACTIVO' => '1',
  'AR_ALIAS' => 'A',
  'AR_MOSTRAR_NOMBRE_PANTALLA' => '0',
) 
2014-08-08 11:54:58 --> se va a crear el turno 
2014-08-08 11:54:58 --> se creo el turno 6 del area A 

2014-08-08 11:55:33 --> get_areas 1 
2014-08-08 11:55:33 --> buscando areas del cliente 
2014-08-08 11:55:37 --> crear el consumidor 
2014-08-08 11:55:41 --> se creo el consumidor 12521 
2014-08-08 11:55:41 --> la informacion de la sede es array (
  'S_ID' => '3',
  'S_NOMBRE' => 'NORTE',
  'S_DESCRIPCION' => 'Sede para atender los casos de la regional norte',
  'S_C_ID' => '1',
  'S_CANTIDAD_ENCUESTAS' => '10',
  'S_ACTIVO' => '1',
  'S_LOGO' => '7',
  'S_MUESTRA_VIDEO' => '0',
) 
2014-08-08 11:55:41 --> se va a extraer informacion del area  
2014-08-08 11:55:41 --> la informacion del area es array (
  'AR_ID' => '2',
  'AR_NOMBRE' => 'APORTES',
  'AR_DESCRIPCION' => 'Pensiones Incapacidades Cesantias Cartas FNA',
  'AR_C_ID' => '1',
  'AR_ACTIVO' => '1',
  'AR_ALIAS' => 'A',
  'AR_MOSTRAR_NOMBRE_PANTALLA' => '0',
) 
2014-08-08 11:55:41 --> se va a crear el turno 
2014-08-08 11:55:41 --> se creo el turno 7 del area A 

2014-08-08 12:07:39 --> get_areas 1 
2014-08-08 12:07:39 --> buscando areas del cliente 
2014-08-08 12:07:43 --> crear el consumidor 
2014-08-08 12:07:43 --> se creo el consumidor 12522 
2014-08-08 12:07:43 --> la informacion de la sede es array (
  'S_ID' => '3',
  'S_NOMBRE' => 'NORTE',
  'S_DESCRIPCION' => 'Sede para atender los casos de la regional norte',
  'S_C_ID' => '1',
  'S_CANTIDAD_ENCUESTAS' => '10',
  'S_ACTIVO' => '1',
  'S_LOGO' => '7',
  'S_MUESTRA_VIDEO' => '0',
) 
2014-08-08 12:07:43 --> se va a extraer informacion del area  
2014-08-08 12:07:43 --> la informacion del area es array (
  'AR_ID' => '2',
  'AR_NOMBRE' => 'APORTES',
  'AR_DESCRIPCION' => 'Pensiones Incapacidades Cesantias Cartas FNA',
  'AR_C_ID' => '1',
  'AR_ACTIVO' => '1',
  'AR_ALIAS' => 'A',
  'AR_MOSTRAR_NOMBRE_PANTALLA' => '0',
) 
2014-08-08 12:07:43 --> se va a crear el turno 
2014-08-08 12:07:43 --> se creo el turno 8 del area A 

2014-08-08 13:32:21 --> get_areas 1 
2014-08-08 13:32:21 --> buscando areas del cliente 
2014-08-08 13:32:44 --> crear el consumidor 
2014-08-08 13:32:44 --> se creo el consumidor 12524 
2014-08-08 13:32:44 --> la informacion de la sede es array (
  'S_ID' => '4',
  'S_NOMBRE' => 'OCCIDENTE',
  'S_DESCRIPCION' => 'Sedle para atender los casos de la regional occidente',
  'S_C_ID' => '1',
  'S_CANTIDAD_ENCUESTAS' => '10',
  'S_ACTIVO' => '1',
  'S_LOGO' => '7',
  'S_MUESTRA_VIDEO' => '0',
) 
2014-08-08 13:32:44 --> se va a extraer informacion del area  
2014-08-08 13:32:44 --> la informacion del area es array (
  'AR_ID' => '7',
  'AR_NOMBRE' => 'VARIOS_REQUERIMIENTOS',
  'AR_DESCRIPCION' => 'Solicitudes varias',
  'AR_C_ID' => '1',
  'AR_ACTIVO' => '1',
  'AR_ALIAS' => 'VR',
  'AR_MOSTRAR_NOMBRE_PANTALLA' => '0',
) 
2014-08-08 13:32:44 --> se va a crear el turno 
2014-08-08 13:32:44 --> se creo el turno 2 del area VR 

2014-08-08 13:33:26 --> get_areas 1 
2014-08-08 13:33:26 --> buscando areas del cliente 

2014-08-08 14:02:35 --> get_areas 1 
2014-08-08 14:02:35 --> buscando areas del cliente 
2014-08-08 14:03:13 --> crear el consumidor 
2014-08-08 14:03:13 --> se creo el consumidor 12525 
2014-08-08 14:03:13 --> la informacion de la sede es array (
  'S_ID' => '3',
  'S_NOMBRE' => 'NORTE',
  'S_DESCRIPCION' => 'Sede para atender los casos de la regional norte',
  'S_C_ID' => '1',
  'S_CANTIDAD_ENCUESTAS' => '10',
  'S_ACTIVO' => '1',
  'S_LOGO' => '7',
  'S_MUESTRA_VIDEO' => '0',
) 
2014-08-08 14:03:13 --> se va a extraer informacion del area  
2014-08-08 14:03:13 --> la informacion del area es array (
  'AR_ID' => '7',
  'AR_NOMBRE' => 'VARIOS_REQUERIMIENTOS',
  'AR_DESCRIPCION' => 'Solicitudes varias',
  'AR_C_ID' => '1',
  'AR_ACTIVO' => '1',
  'AR_ALIAS' => 'VR',
  'AR_MOSTRAR_NOMBRE_PANTALLA' => '0',
) 
2014-08-08 14:03:13 --> se va a crear el turno 
2014-08-08 14:03:13 --> se creo el turno 1 del area VR 

2014-08-08 14:04:15 --> get_areas 1 
2014-08-08 14:04:15 --> buscando areas del cliente 
2014-08-08 14:04:29 --> crear el consumidor 
2014-08-08 14:04:29 --> se creo el consumidor 12526 
2014-08-08 14:04:29 --> la informacion de la sede es array (
  'S_ID' => '3',
  'S_NOMBRE' => 'NORTE',
  'S_DESCRIPCION' => 'Sede para atender los casos de la regional norte',
  'S_C_ID' => '1',
  'S_CANTIDAD_ENCUESTAS' => '10',
  'S_ACTIVO' => '1',
  'S_LOGO' => '7',
  'S_MUESTRA_VIDEO' => '0',
) 
2014-08-08 14:04:29 --> se va a extraer informacion del area  
2014-08-08 14:04:29 --> la informacion del area es array (
  'AR_ID' => '7',
  'AR_NOMBRE' => 'VARIOS_REQUERIMIENTOS',
  'AR_DESCRIPCION' => 'Solicitudes varias',
  'AR_C_ID' => '1',
  'AR_ACTIVO' => '1',
  'AR_ALIAS' => 'VR',
  'AR_MOSTRAR_NOMBRE_PANTALLA' => '0',
) 
2014-08-08 14:04:29 --> se va a crear el turno 
2014-08-08 14:04:29 --> se creo el turno 2 del area VR 

2014-08-08 14:22:16 --> get_areas 1 
2014-08-08 14:22:16 --> buscando areas del cliente 
2014-08-08 14:22:31 --> crear el consumidor 
2014-08-08 14:22:31 --> se creo el consumidor 12532 
2014-08-08 14:22:31 --> la informacion de la sede es array (
  'S_ID' => '1',
  'S_NOMBRE' => 'ANTIOQUIA',
  'S_DESCRIPCION' => 'Sede para atender los casos de la regional antioquia',
  'S_C_ID' => '1',
  'S_CANTIDAD_ENCUESTAS' => '10',
  'S_ACTIVO' => '1',
  'S_LOGO' => '7',
  'S_MUESTRA_VIDEO' => '0',
) 
2014-08-08 14:22:31 --> se va a extraer informacion del area  
2014-08-08 14:22:31 --> la informacion del area es array (
  'AR_ID' => '5',
  'AR_NOMBRE' => 'OTROS',
  'AR_DESCRIPCION' => 'Otros',
  'AR_C_ID' => '1',
  'AR_ACTIVO' => '1',
  'AR_ALIAS' => 'O',
  'AR_MOSTRAR_NOMBRE_PANTALLA' => '0',
) 
2014-08-08 14:22:31 --> se va a crear el turno 
2014-08-08 14:22:31 --> se creo el turno 2 del area O 

2014-08-08 14:39:07 --> get_areas 1 
2014-08-08 14:39:07 --> buscando areas del cliente 

2014-08-08 14:40:55 --> get_areas 1 
2014-08-08 14:40:55 --> buscando areas del cliente 
2014-08-08 14:41:07 --> crear el consumidor 
2014-08-08 14:41:07 --> se creo el consumidor 12538 
2014-08-08 14:41:07 --> la informacion de la sede es array (
  'S_ID' => '3',
  'S_NOMBRE' => 'NORTE',
  'S_DESCRIPCION' => 'Sede para atender los casos de la regional norte',
  'S_C_ID' => '1',
  'S_CANTIDAD_ENCUESTAS' => '10',
  'S_ACTIVO' => '1',
  'S_LOGO' => '7',
  'S_MUESTRA_VIDEO' => '0',
) 
2014-08-08 14:41:07 --> se va a extraer informacion del area  
2014-08-08 14:41:07 --> la informacion del area es array (
  'AR_ID' => '1',
  'AR_NOMBRE' => 'GERENCIA_DEL_SERVICIO',
  'AR_DESCRIPCION' => 'Cartas de ingreso al punto de venta',
  'AR_C_ID' => '1',
  'AR_ACTIVO' => '1',
  'AR_ALIAS' => 'GS',
  'AR_MOSTRAR_NOMBRE_PANTALLA' => '0',
) 
2014-08-08 14:41:07 --> se va a crear el turno 
2014-08-08 14:41:07 --> se creo el turno 1 del area GS 

2014-08-08 14:54:54 --> get_areas 1 
2014-08-08 14:54:54 --> buscando areas del cliente 
2014-08-08 14:55:22 --> crear el consumidor 
2014-08-08 14:55:22 --> se creo el consumidor 12543 
2014-08-08 14:55:22 --> la informacion de la sede es array (
  'S_ID' => '4',
  'S_NOMBRE' => 'OCCIDENTE',
  'S_DESCRIPCION' => 'Sedle para atender los casos de la regional occidente',
  'S_C_ID' => '1',
  'S_CANTIDAD_ENCUESTAS' => '10',
  'S_ACTIVO' => '1',
  'S_LOGO' => '7',
  'S_MUESTRA_VIDEO' => '0',
) 
2014-08-08 14:55:22 --> se va a extraer informacion del area  
2014-08-08 14:55:22 --> la informacion del area es array (
  'AR_ID' => '8',
  'AR_NOMBRE' => 'COMPENSACION_SALARIAL',
  'AR_DESCRIPCION' => 'Informacion pago nomina y liquidaciones',
  'AR_C_ID' => '1',
  'AR_ACTIVO' => '1',
  'AR_ALIAS' => 'CS',
  'AR_MOSTRAR_NOMBRE_PANTALLA' => '0',
) 
2014-08-08 14:55:22 --> se va a crear el turno 
2014-08-08 14:55:22 --> se creo el turno 4 del area CS 

2014-08-08 14:55:54 --> get_areas 1 
2014-08-08 14:55:54 --> buscando areas del cliente 
2014-08-08 14:56:08 --> crear el consumidor 
2014-08-08 14:56:08 --> se creo el consumidor 12544 
2014-08-08 14:56:08 --> la informacion de la sede es array (
  'S_ID' => '3',
  'S_NOMBRE' => 'NORTE',
  'S_DESCRIPCION' => 'Sede para atender los casos de la regional norte',
  'S_C_ID' => '1',
  'S_CANTIDAD_ENCUESTAS' => '10',
  'S_ACTIVO' => '1',
  'S_LOGO' => '7',
  'S_MUESTRA_VIDEO' => '0',
) 
2014-08-08 14:56:08 --> se va a extraer informacion del area  
2014-08-08 14:56:08 --> la informacion del area es array (
  'AR_ID' => '2',
  'AR_NOMBRE' => 'APORTES',
  'AR_DESCRIPCION' => 'Pensiones Incapacidades Cesantias Cartas FNA',
  'AR_C_ID' => '1',
  'AR_ACTIVO' => '1',
  'AR_ALIAS' => 'A',
  'AR_MOSTRAR_NOMBRE_PANTALLA' => '0',
) 
2014-08-08 14:56:08 --> se va a crear el turno 
2014-08-08 14:56:08 --> se creo el turno 9 del area A 

2014-08-08 14:56:10 --> get_areas 1 
2014-08-08 14:56:10 --> buscando areas del cliente 
2014-08-08 14:56:29 --> crear el consumidor 
2014-08-08 14:56:29 --> se creo el consumidor 12545 
2014-08-08 14:56:29 --> la informacion de la sede es array (
  'S_ID' => '4',
  'S_NOMBRE' => 'OCCIDENTE',
  'S_DESCRIPCION' => 'Sedle para atender los casos de la regional occidente',
  'S_C_ID' => '1',
  'S_CANTIDAD_ENCUESTAS' => '10',
  'S_ACTIVO' => '1',
  'S_LOGO' => '7',
  'S_MUESTRA_VIDEO' => '0',
) 
2014-08-08 14:56:29 --> se va a extraer informacion del area  
2014-08-08 14:56:29 --> la informacion del area es array (
  'AR_ID' => '2',
  'AR_NOMBRE' => 'APORTES',
  'AR_DESCRIPCION' => 'Pensiones Incapacidades Cesantias Cartas FNA',
  'AR_C_ID' => '1',
  'AR_ACTIVO' => '1',
  'AR_ALIAS' => 'A',
  'AR_MOSTRAR_NOMBRE_PANTALLA' => '0',
) 
2014-08-08 14:56:29 --> se va a crear el turno 
2014-08-08 14:56:29 --> se creo el turno 5 del area A 

2014-08-08 15:02:21 --> get_areas 1 
2014-08-08 15:02:21 --> buscando areas del cliente 
2014-08-08 15:03:24 --> crear el consumidor 
2014-08-08 15:03:24 --> se creo el consumidor 12548 
2014-08-08 15:03:24 --> la informacion de la sede es array (
  'S_ID' => '4',
  'S_NOMBRE' => 'OCCIDENTE',
  'S_DESCRIPCION' => 'Sedle para atender los casos de la regional occidente',
  'S_C_ID' => '1',
  'S_CANTIDAD_ENCUESTAS' => '10',
  'S_ACTIVO' => '1',
  'S_LOGO' => '7',
  'S_MUESTRA_VIDEO' => '0',
) 
2014-08-08 15:03:24 --> se va a extraer informacion del area  
2014-08-08 15:03:24 --> la informacion del area es array (
  'AR_ID' => '5',
  'AR_NOMBRE' => 'OTROS',
  'AR_DESCRIPCION' => 'Otros',
  'AR_C_ID' => '1',
  'AR_ACTIVO' => '1',
  'AR_ALIAS' => 'O',
  'AR_MOSTRAR_NOMBRE_PANTALLA' => '0',
) 
2014-08-08 15:03:24 --> se va a crear el turno 
2014-08-08 15:03:24 --> se creo el turno 3 del area O 

2014-08-08 15:13:54 --> get_areas 1 
2014-08-08 15:13:54 --> buscando areas del cliente 
2014-08-08 15:13:58 --> crear el consumidor 
2014-08-08 15:13:58 --> se creo el consumidor 12554 
2014-08-08 15:13:58 --> la informacion de la sede es array (
  'S_ID' => '1',
  'S_NOMBRE' => 'ANTIOQUIA',
  'S_DESCRIPCION' => 'Sede para atender los casos de la regional antioquia',
  'S_C_ID' => '1',
  'S_CANTIDAD_ENCUESTAS' => '10',
  'S_ACTIVO' => '1',
  'S_LOGO' => '7',
  'S_MUESTRA_VIDEO' => '0',
) 
2014-08-08 15:13:58 --> se va a extraer informacion del area  
2014-08-08 15:13:58 --> la informacion del area es array (
  'AR_ID' => '1',
  'AR_NOMBRE' => 'GERENCIA_DEL_SERVICIO',
  'AR_DESCRIPCION' => 'Cartas de ingreso al punto de venta',
  'AR_C_ID' => '1',
  'AR_ACTIVO' => '1',
  'AR_ALIAS' => 'GS',
  'AR_MOSTRAR_NOMBRE_PANTALLA' => '0',
) 
2014-08-08 15:13:58 --> se va a crear el turno 
2014-08-08 15:13:58 --> se creo el turno 8 del area GS 

2014-08-08 15:19:10 --> get_areas 1 
2014-08-08 15:19:10 --> buscando areas del cliente 
2014-08-08 15:19:27 --> crear el consumidor 
2014-08-08 15:19:27 --> se creo el consumidor 12556 
2014-08-08 15:19:27 --> la informacion de la sede es array (
  'S_ID' => '4',
  'S_NOMBRE' => 'OCCIDENTE',
  'S_DESCRIPCION' => 'Sedle para atender los casos de la regional occidente',
  'S_C_ID' => '1',
  'S_CANTIDAD_ENCUESTAS' => '10',
  'S_ACTIVO' => '1',
  'S_LOGO' => '7',
  'S_MUESTRA_VIDEO' => '0',
) 
2014-08-08 15:19:27 --> se va a extraer informacion del area  
2014-08-08 15:19:27 --> la informacion del area es array (
  'AR_ID' => '5',
  'AR_NOMBRE' => 'OTROS',
  'AR_DESCRIPCION' => 'Otros',
  'AR_C_ID' => '1',
  'AR_ACTIVO' => '1',
  'AR_ALIAS' => 'O',
  'AR_MOSTRAR_NOMBRE_PANTALLA' => '0',
) 
2014-08-08 15:19:27 --> se va a crear el turno 
2014-08-08 15:19:27 --> se creo el turno 4 del area O 

2014-08-08 15:26:56 --> get_areas 1 
2014-08-08 15:26:56 --> buscando areas del cliente 
2014-08-08 15:27:08 --> crear el consumidor 
2014-08-08 15:27:08 --> se creo el consumidor 12559 
2014-08-08 15:27:08 --> la informacion de la sede es array (
  'S_ID' => '4',
  'S_NOMBRE' => 'OCCIDENTE',
  'S_DESCRIPCION' => 'Sedle para atender los casos de la regional occidente',
  'S_C_ID' => '1',
  'S_CANTIDAD_ENCUESTAS' => '10',
  'S_ACTIVO' => '1',
  'S_LOGO' => '7',
  'S_MUESTRA_VIDEO' => '0',
) 
2014-08-08 15:27:08 --> se va a extraer informacion del area  
2014-08-08 15:27:08 --> la informacion del area es array (
  'AR_ID' => '5',
  'AR_NOMBRE' => 'OTROS',
  'AR_DESCRIPCION' => 'Otros',
  'AR_C_ID' => '1',
  'AR_ACTIVO' => '1',
  'AR_ALIAS' => 'O',
  'AR_MOSTRAR_NOMBRE_PANTALLA' => '0',
) 
2014-08-08 15:27:08 --> se va a crear el turno 
2014-08-08 15:27:08 --> se creo el turno 5 del area O 

2014-08-08 15:34:36 --> get_areas 1 
2014-08-08 15:34:36 --> buscando areas del cliente 
2014-08-08 15:34:54 --> crear el consumidor 
2014-08-08 15:34:54 --> se creo el consumidor 12563 
2014-08-08 15:34:54 --> la informacion de la sede es array (
  'S_ID' => '4',
  'S_NOMBRE' => 'OCCIDENTE',
  'S_DESCRIPCION' => 'Sedle para atender los casos de la regional occidente',
  'S_C_ID' => '1',
  'S_CANTIDAD_ENCUESTAS' => '10',
  'S_ACTIVO' => '1',
  'S_LOGO' => '7',
  'S_MUESTRA_VIDEO' => '0',
) 
2014-08-08 15:34:54 --> se va a extraer informacion del area  
2014-08-08 15:34:54 --> la informacion del area es array (
  'AR_ID' => '2',
  'AR_NOMBRE' => 'APORTES',
  'AR_DESCRIPCION' => 'Pensiones Incapacidades Cesantias Cartas FNA',
  'AR_C_ID' => '1',
  'AR_ACTIVO' => '1',
  'AR_ALIAS' => 'A',
  'AR_MOSTRAR_NOMBRE_PANTALLA' => '0',
) 
2014-08-08 15:34:54 --> se va a crear el turno 
2014-08-08 15:34:54 --> se creo el turno 6 del area A 

2014-08-08 15:50:39 --> get_areas 1 
2014-08-08 15:50:39 --> buscando areas del cliente 
2014-08-08 15:50:52 --> crear el consumidor 
2014-08-08 15:50:52 --> se creo el consumidor 12568 
2014-08-08 15:50:52 --> la informacion de la sede es array (
  'S_ID' => '4',
  'S_NOMBRE' => 'OCCIDENTE',
  'S_DESCRIPCION' => 'Sedle para atender los casos de la regional occidente',
  'S_C_ID' => '1',
  'S_CANTIDAD_ENCUESTAS' => '10',
  'S_ACTIVO' => '1',
  'S_LOGO' => '7',
  'S_MUESTRA_VIDEO' => '0',
) 
2014-08-08 15:50:52 --> se va a extraer informacion del area  
2014-08-08 15:50:52 --> la informacion del area es array (
  'AR_ID' => '5',
  'AR_NOMBRE' => 'OTROS',
  'AR_DESCRIPCION' => 'Otros',
  'AR_C_ID' => '1',
  'AR_ACTIVO' => '1',
  'AR_ALIAS' => 'O',
  'AR_MOSTRAR_NOMBRE_PANTALLA' => '0',
) 
2014-08-08 15:50:52 --> se va a crear el turno 
2014-08-08 15:50:52 --> se creo el turno 6 del area O 

2014-08-08 15:54:34 --> get_areas 1 
2014-08-08 15:54:34 --> buscando areas del cliente 
2014-08-08 15:54:47 --> crear el consumidor 
2014-08-08 15:54:47 --> se creo el consumidor 12569 
2014-08-08 15:54:47 --> la informacion de la sede es array (
  'S_ID' => '4',
  'S_NOMBRE' => 'OCCIDENTE',
  'S_DESCRIPCION' => 'Sedle para atender los casos de la regional occidente',
  'S_C_ID' => '1',
  'S_CANTIDAD_ENCUESTAS' => '10',
  'S_ACTIVO' => '1',
  'S_LOGO' => '7',
  'S_MUESTRA_VIDEO' => '0',
) 
2014-08-08 15:54:47 --> se va a extraer informacion del area  
2014-08-08 15:54:47 --> la informacion del area es array (
  'AR_ID' => '5',
  'AR_NOMBRE' => 'OTROS',
  'AR_DESCRIPCION' => 'Otros',
  'AR_C_ID' => '1',
  'AR_ACTIVO' => '1',
  'AR_ALIAS' => 'O',
  'AR_MOSTRAR_NOMBRE_PANTALLA' => '0',
) 
2014-08-08 15:54:47 --> se va a crear el turno 
2014-08-08 15:54:47 --> se creo el turno 7 del area O 

2014-08-08 15:55:52 --> get_areas 1 
2014-08-08 15:55:52 --> buscando areas del cliente 

2014-08-08 15:56:34 --> get_areas 1 
2014-08-08 15:56:34 --> buscando areas del cliente 

2014-08-08 16:01:20 --> get_areas 1 
2014-08-08 16:01:20 --> buscando areas del cliente 

2014-08-08 16:15:56 --> get_areas 1 
2014-08-08 16:15:56 --> buscando areas del cliente 
2014-08-08 16:16:02 --> crear el consumidor 
2014-08-08 16:16:02 --> se creo el consumidor 12576 
2014-08-08 16:16:02 --> la informacion de la sede es array (
  'S_ID' => '4',
  'S_NOMBRE' => 'OCCIDENTE',
  'S_DESCRIPCION' => 'Sedle para atender los casos de la regional occidente',
  'S_C_ID' => '1',
  'S_CANTIDAD_ENCUESTAS' => '10',
  'S_ACTIVO' => '1',
  'S_LOGO' => '7',
  'S_MUESTRA_VIDEO' => '0',
) 
2014-08-08 16:16:02 --> se va a extraer informacion del area  
2014-08-08 16:16:02 --> la informacion del area es array (
  'AR_ID' => '2',
  'AR_NOMBRE' => 'APORTES',
  'AR_DESCRIPCION' => 'Pensiones Incapacidades Cesantias Cartas FNA',
  'AR_C_ID' => '1',
  'AR_ACTIVO' => '1',
  'AR_ALIAS' => 'A',
  'AR_MOSTRAR_NOMBRE_PANTALLA' => '0',
) 
2014-08-08 16:16:02 --> se va a crear el turno 
2014-08-08 16:16:02 --> se creo el turno 7 del area A 

2014-08-08 16:25:50 --> get_areas 1 
2014-08-08 16:25:50 --> buscando areas del cliente 
2014-08-08 16:26:02 --> crear el consumidor 
2014-08-08 16:26:02 --> se creo el consumidor 12578 
2014-08-08 16:26:02 --> la informacion de la sede es array (
  'S_ID' => '3',
  'S_NOMBRE' => 'NORTE',
  'S_DESCRIPCION' => 'Sede para atender los casos de la regional norte',
  'S_C_ID' => '1',
  'S_CANTIDAD_ENCUESTAS' => '10',
  'S_ACTIVO' => '1',
  'S_LOGO' => '7',
  'S_MUESTRA_VIDEO' => '0',
) 
2014-08-08 16:26:02 --> se va a extraer informacion del area  
2014-08-08 16:26:02 --> la informacion del area es array (
  'AR_ID' => '5',
  'AR_NOMBRE' => 'OTROS',
  'AR_DESCRIPCION' => 'Otros',
  'AR_C_ID' => '1',
  'AR_ACTIVO' => '1',
  'AR_ALIAS' => 'O',
  'AR_MOSTRAR_NOMBRE_PANTALLA' => '0',
) 
2014-08-08 16:26:02 --> se va a crear el turno 
2014-08-08 16:26:02 --> se creo el turno 6 del area O 

2014-08-08 17:09:07 --> get_areas 1 
2014-08-08 17:09:07 --> buscando areas del cliente 
2014-08-08 17:09:23 --> crear el consumidor 
2014-08-08 17:09:23 --> se creo el consumidor 12583 
2014-08-08 17:09:23 --> la informacion de la sede es array (
  'S_ID' => '3',
  'S_NOMBRE' => 'NORTE',
  'S_DESCRIPCION' => 'Sede para atender los casos de la regional norte',
  'S_C_ID' => '1',
  'S_CANTIDAD_ENCUESTAS' => '10',
  'S_ACTIVO' => '1',
  'S_LOGO' => '7',
  'S_MUESTRA_VIDEO' => '0',
) 
2014-08-08 17:09:23 --> se va a extraer informacion del area  
2014-08-08 17:09:23 --> la informacion del area es array (
  'AR_ID' => '1',
  'AR_NOMBRE' => 'GERENCIA_DEL_SERVICIO',
  'AR_DESCRIPCION' => 'Cartas de ingreso al punto de venta',
  'AR_C_ID' => '1',
  'AR_ACTIVO' => '1',
  'AR_ALIAS' => 'GS',
  'AR_MOSTRAR_NOMBRE_PANTALLA' => '0',
) 
2014-08-08 17:09:23 --> se va a crear el turno 
2014-08-08 17:09:23 --> se creo el turno 2 del area GS 

2014-08-08 17:10:18 --> get_areas 1 
2014-08-08 17:10:18 --> buscando areas del cliente 
2014-08-08 17:10:24 --> crear el consumidor 
2014-08-08 17:10:24 --> se creo el consumidor 12584 
2014-08-08 17:10:24 --> la informacion de la sede es array (
  'S_ID' => '3',
  'S_NOMBRE' => 'NORTE',
  'S_DESCRIPCION' => 'Sede para atender los casos de la regional norte',
  'S_C_ID' => '1',
  'S_CANTIDAD_ENCUESTAS' => '10',
  'S_ACTIVO' => '1',
  'S_LOGO' => '7',
  'S_MUESTRA_VIDEO' => '0',
) 
2014-08-08 17:10:24 --> se va a extraer informacion del area  
2014-08-08 17:10:24 --> la informacion del area es array (
  'AR_ID' => '1',
  'AR_NOMBRE' => 'GERENCIA_DEL_SERVICIO',
  'AR_DESCRIPCION' => 'Cartas de ingreso al punto de venta',
  'AR_C_ID' => '1',
  'AR_ACTIVO' => '1',
  'AR_ALIAS' => 'GS',
  'AR_MOSTRAR_NOMBRE_PANTALLA' => '0',
) 
2014-08-08 17:10:24 --> se va a crear el turno 
2014-08-08 17:10:24 --> se creo el turno 3 del area GS 

2014-08-08 17:15:37 --> get_areas 1 
2014-08-08 17:15:37 --> buscando areas del cliente 
2014-08-08 17:15:50 --> crear el consumidor 
2014-08-08 17:15:50 --> se creo el consumidor 12585 
2014-08-08 17:15:50 --> la informacion de la sede es array (
  'S_ID' => '3',
  'S_NOMBRE' => 'NORTE',
  'S_DESCRIPCION' => 'Sede para atender los casos de la regional norte',
  'S_C_ID' => '1',
  'S_CANTIDAD_ENCUESTAS' => '10',
  'S_ACTIVO' => '1',
  'S_LOGO' => '7',
  'S_MUESTRA_VIDEO' => '0',
) 
2014-08-08 17:15:50 --> se va a extraer informacion del area  
2014-08-08 17:15:50 --> la informacion del area es array (
  'AR_ID' => '2',
  'AR_NOMBRE' => 'APORTES',
  'AR_DESCRIPCION' => 'Pensiones Incapacidades Cesantias Cartas FNA',
  'AR_C_ID' => '1',
  'AR_ACTIVO' => '1',
  'AR_ALIAS' => 'A',
  'AR_MOSTRAR_NOMBRE_PANTALLA' => '0',
) 
2014-08-08 17:15:50 --> se va a crear el turno 
2014-08-08 17:15:50 --> se creo el turno 10 del area A 

2014-08-08 17:21:49 --> get_areas 1 
2014-08-08 17:21:49 --> buscando areas del cliente 
2014-08-08 17:21:59 --> crear el consumidor 
2014-08-08 17:21:59 --> se creo el consumidor 12589 
2014-08-08 17:21:59 --> la informacion de la sede es array (
  'S_ID' => '3',
  'S_NOMBRE' => 'NORTE',
  'S_DESCRIPCION' => 'Sede para atender los casos de la regional norte',
  'S_C_ID' => '1',
  'S_CANTIDAD_ENCUESTAS' => '10',
  'S_ACTIVO' => '1',
  'S_LOGO' => '7',
  'S_MUESTRA_VIDEO' => '0',
) 
2014-08-08 17:21:59 --> se va a extraer informacion del area  
2014-08-08 17:21:59 --> la informacion del area es array (
  'AR_ID' => '2',
  'AR_NOMBRE' => 'APORTES',
  'AR_DESCRIPCION' => 'Pensiones Incapacidades Cesantias Cartas FNA',
  'AR_C_ID' => '1',
  'AR_ACTIVO' => '1',
  'AR_ALIAS' => 'A',
  'AR_MOSTRAR_NOMBRE_PANTALLA' => '0',
) 
2014-08-08 17:21:59 --> se va a crear el turno 
2014-08-08 17:21:59 --> se creo el turno 11 del area A 

2014-08-08 17:23:45 --> get_areas 1 
2014-08-08 17:23:45 --> buscando areas del cliente 
2014-08-08 17:23:57 --> crear el consumidor 
2014-08-08 17:23:57 --> se creo el consumidor 12590 
2014-08-08 17:23:57 --> la informacion de la sede es array (
  'S_ID' => '3',
  'S_NOMBRE' => 'NORTE',
  'S_DESCRIPCION' => 'Sede para atender los casos de la regional norte',
  'S_C_ID' => '1',
  'S_CANTIDAD_ENCUESTAS' => '10',
  'S_ACTIVO' => '1',
  'S_LOGO' => '7',
  'S_MUESTRA_VIDEO' => '0',
) 
2014-08-08 17:23:57 --> se va a extraer informacion del area  
2014-08-08 17:23:57 --> la informacion del area es array (
  'AR_ID' => '8',
  'AR_NOMBRE' => 'COMPENSACION_SALARIAL',
  'AR_DESCRIPCION' => 'Informacion pago nomina y liquidaciones',
  'AR_C_ID' => '1',
  'AR_ACTIVO' => '1',
  'AR_ALIAS' => 'CS',
  'AR_MOSTRAR_NOMBRE_PANTALLA' => '0',
) 
2014-08-08 17:23:57 --> se va a crear el turno 
2014-08-08 17:23:57 --> se creo el turno 3 del area CS 

2014-08-08 17:34:04 --> get_areas 1 
2014-08-08 17:34:04 --> buscando areas del cliente 
2014-08-08 17:34:18 --> crear el consumidor 
2014-08-08 17:34:18 --> se creo el consumidor 12592 
2014-08-08 17:34:18 --> la informacion de la sede es array (
  'S_ID' => '4',
  'S_NOMBRE' => 'OCCIDENTE',
  'S_DESCRIPCION' => 'Sedle para atender los casos de la regional occidente',
  'S_C_ID' => '1',
  'S_CANTIDAD_ENCUESTAS' => '10',
  'S_ACTIVO' => '1',
  'S_LOGO' => '7',
  'S_MUESTRA_VIDEO' => '0',
) 
2014-08-08 17:34:18 --> se va a extraer informacion del area  
2014-08-08 17:34:18 --> la informacion del area es array (
  'AR_ID' => '7',
  'AR_NOMBRE' => 'VARIOS_REQUERIMIENTOS',
  'AR_DESCRIPCION' => 'Solicitudes varias',
  'AR_C_ID' => '1',
  'AR_ACTIVO' => '1',
  'AR_ALIAS' => 'VR',
  'AR_MOSTRAR_NOMBRE_PANTALLA' => '0',
) 
2014-08-08 17:34:18 --> se va a crear el turno 
2014-08-08 17:34:18 --> se creo el turno 3 del area VR 

2014-08-08 21:22:48 --> get_areas 1 
2014-08-08 21:22:48 --> buscando areas del cliente 
