
2014-07-31 07:55:37 --> get_areas 1 
2014-07-31 07:55:37 --> buscando areas del cliente 
2014-07-31 07:55:41 --> crear el consumidor 
2014-07-31 07:55:41 --> se creo el consumidor 10932 
2014-07-31 07:55:41 --> la informacion de la sede es array (
  'S_ID' => '5',
  'S_NOMBRE' => 'ORIENTE',
  'S_DESCRIPCION' => 'Sede para gestionar los casos de la regional Oriente',
  'S_C_ID' => '1',
  'S_CANTIDAD_ENCUESTAS' => '10',
  'S_ACTIVO' => '1',
  'S_LOGO' => '1',
  'S_MUESTRA_VIDEO' => '0',
) 
2014-07-31 07:55:41 --> se va a extraer informacion del area  
2014-07-31 07:55:41 --> la informacion del area es array (
  'AR_ID' => '1',
  'AR_NOMBRE' => 'GERENCIA_DEL_SERVICIO',
  'AR_DESCRIPCION' => 'Cartas de ingreso al punto de venta',
  'AR_C_ID' => '1',
  'AR_ACTIVO' => '1',
  'AR_ALIAS' => 'GS',
  'AR_MOSTRAR_NOMBRE_PANTALLA' => '0',
) 
2014-07-31 07:55:41 --> se va a crear el turno 
2014-07-31 07:55:41 --> se creo el turno 1 del area GS 

2014-07-31 07:56:47 --> get_areas 1 
2014-07-31 07:56:47 --> buscando areas del cliente 
2014-07-31 07:56:49 --> crear el consumidor 
2014-07-31 07:56:49 --> se creo el consumidor 10933 
2014-07-31 07:56:49 --> la informacion de la sede es array (
  'S_ID' => '5',
  'S_NOMBRE' => 'ORIENTE',
  'S_DESCRIPCION' => 'Sede para gestionar los casos de la regional Oriente',
  'S_C_ID' => '1',
  'S_CANTIDAD_ENCUESTAS' => '10',
  'S_ACTIVO' => '1',
  'S_LOGO' => '1',
  'S_MUESTRA_VIDEO' => '0',
) 
2014-07-31 07:56:49 --> se va a extraer informacion del area  
2014-07-31 07:56:49 --> la informacion del area es array (
  'AR_ID' => '1',
  'AR_NOMBRE' => 'GERENCIA_DEL_SERVICIO',
  'AR_DESCRIPCION' => 'Cartas de ingreso al punto de venta',
  'AR_C_ID' => '1',
  'AR_ACTIVO' => '1',
  'AR_ALIAS' => 'GS',
  'AR_MOSTRAR_NOMBRE_PANTALLA' => '0',
) 
2014-07-31 07:56:49 --> se va a crear el turno 
2014-07-31 07:56:49 --> se creo el turno 2 del area GS 

2014-07-31 08:19:24 --> get_areas 1 
2014-07-31 08:19:24 --> buscando areas del cliente 
2014-07-31 08:19:31 --> crear el consumidor 
2014-07-31 08:19:31 --> se creo el consumidor 10938 
2014-07-31 08:19:31 --> la informacion de la sede es array (
  'S_ID' => '4',
  'S_NOMBRE' => 'OCCIDENTE',
  'S_DESCRIPCION' => 'Sedle para atender los casos de la regional occidente',
  'S_C_ID' => '1',
  'S_CANTIDAD_ENCUESTAS' => '10',
  'S_ACTIVO' => '1',
  'S_LOGO' => '7',
  'S_MUESTRA_VIDEO' => '0',
) 
2014-07-31 08:19:31 --> se va a extraer informacion del area  
2014-07-31 08:19:31 --> la informacion del area es array (
  'AR_ID' => '2',
  'AR_NOMBRE' => 'APORTES',
  'AR_DESCRIPCION' => 'Pensiones Incapacidades Cesantias Cartas FNA',
  'AR_C_ID' => '1',
  'AR_ACTIVO' => '1',
  'AR_ALIAS' => 'A',
  'AR_MOSTRAR_NOMBRE_PANTALLA' => '0',
) 
2014-07-31 08:19:31 --> se va a crear el turno 
2014-07-31 08:19:31 --> se creo el turno 1 del area A 

2014-07-31 08:20:37 --> get_areas 1 
2014-07-31 08:20:37 --> buscando areas del cliente 
2014-07-31 08:20:48 --> crear el consumidor 
2014-07-31 08:20:48 --> se creo el consumidor 10939 
2014-07-31 08:20:48 --> la informacion de la sede es array (
  'S_ID' => '4',
  'S_NOMBRE' => 'OCCIDENTE',
  'S_DESCRIPCION' => 'Sedle para atender los casos de la regional occidente',
  'S_C_ID' => '1',
  'S_CANTIDAD_ENCUESTAS' => '10',
  'S_ACTIVO' => '1',
  'S_LOGO' => '7',
  'S_MUESTRA_VIDEO' => '0',
) 
2014-07-31 08:20:48 --> se va a extraer informacion del area  
2014-07-31 08:20:48 --> la informacion del area es array (
  'AR_ID' => '2',
  'AR_NOMBRE' => 'APORTES',
  'AR_DESCRIPCION' => 'Pensiones Incapacidades Cesantias Cartas FNA',
  'AR_C_ID' => '1',
  'AR_ACTIVO' => '1',
  'AR_ALIAS' => 'A',
  'AR_MOSTRAR_NOMBRE_PANTALLA' => '0',
) 
2014-07-31 08:20:48 --> se va a crear el turno 
2014-07-31 08:20:48 --> se creo el turno 2 del area A 

2014-07-31 08:32:15 --> get_areas 1 
2014-07-31 08:32:15 --> buscando areas del cliente 
2014-07-31 08:32:20 --> crear el consumidor 
2014-07-31 08:32:20 --> se creo el consumidor 10944 
2014-07-31 08:32:20 --> la informacion de la sede es array (
  'S_ID' => '4',
  'S_NOMBRE' => 'OCCIDENTE',
  'S_DESCRIPCION' => 'Sedle para atender los casos de la regional occidente',
  'S_C_ID' => '1',
  'S_CANTIDAD_ENCUESTAS' => '10',
  'S_ACTIVO' => '1',
  'S_LOGO' => '7',
  'S_MUESTRA_VIDEO' => '0',
) 
2014-07-31 08:32:20 --> se va a extraer informacion del area  
2014-07-31 08:32:20 --> la informacion del area es array (
  'AR_ID' => '2',
  'AR_NOMBRE' => 'APORTES',
  'AR_DESCRIPCION' => 'Pensiones Incapacidades Cesantias Cartas FNA',
  'AR_C_ID' => '1',
  'AR_ACTIVO' => '1',
  'AR_ALIAS' => 'A',
  'AR_MOSTRAR_NOMBRE_PANTALLA' => '0',
) 
2014-07-31 08:32:20 --> se va a crear el turno 
2014-07-31 08:32:20 --> se creo el turno 3 del area A 

2014-07-31 09:03:43 --> get_areas 1 
2014-07-31 09:03:43 --> buscando areas del cliente 

2014-07-31 09:24:21 --> get_areas 1 
2014-07-31 09:24:21 --> buscando areas del cliente 
2014-07-31 09:24:57 --> crear el consumidor 
2014-07-31 09:24:57 --> se creo el consumidor 10971 
2014-07-31 09:24:57 --> la informacion de la sede es array (
  'S_ID' => '4',
  'S_NOMBRE' => 'OCCIDENTE',
  'S_DESCRIPCION' => 'Sedle para atender los casos de la regional occidente',
  'S_C_ID' => '1',
  'S_CANTIDAD_ENCUESTAS' => '10',
  'S_ACTIVO' => '1',
  'S_LOGO' => '7',
  'S_MUESTRA_VIDEO' => '0',
) 
2014-07-31 09:24:57 --> se va a extraer informacion del area  
2014-07-31 09:24:57 --> la informacion del area es array (
  'AR_ID' => '5',
  'AR_NOMBRE' => 'OTROS',
  'AR_DESCRIPCION' => 'Otros',
  'AR_C_ID' => '1',
  'AR_ACTIVO' => '1',
  'AR_ALIAS' => 'Otro',
  'AR_MOSTRAR_NOMBRE_PANTALLA' => '0',
) 
2014-07-31 09:24:57 --> se va a crear el turno 
2014-07-31 09:24:57 --> se creo el turno 1 del area Otro 

2014-07-31 09:36:57 --> get_areas 1 
2014-07-31 09:36:57 --> buscando areas del cliente 
2014-07-31 09:37:09 --> crear el consumidor 
2014-07-31 09:37:09 --> se creo el consumidor 10976 
2014-07-31 09:37:09 --> la informacion de la sede es array (
  'S_ID' => '4',
  'S_NOMBRE' => 'OCCIDENTE',
  'S_DESCRIPCION' => 'Sedle para atender los casos de la regional occidente',
  'S_C_ID' => '1',
  'S_CANTIDAD_ENCUESTAS' => '10',
  'S_ACTIVO' => '1',
  'S_LOGO' => '7',
  'S_MUESTRA_VIDEO' => '0',
) 
2014-07-31 09:37:09 --> se va a extraer informacion del area  
2014-07-31 09:37:09 --> la informacion del area es array (
  'AR_ID' => '5',
  'AR_NOMBRE' => 'OTROS',
  'AR_DESCRIPCION' => 'Otros',
  'AR_C_ID' => '1',
  'AR_ACTIVO' => '1',
  'AR_ALIAS' => 'Otro',
  'AR_MOSTRAR_NOMBRE_PANTALLA' => '0',
) 
2014-07-31 09:37:09 --> se va a crear el turno 
2014-07-31 09:37:09 --> se creo el turno 2 del area Otro 

2014-07-31 09:47:10 --> get_areas 1 
2014-07-31 09:47:10 --> buscando areas del cliente 
2014-07-31 09:47:18 --> crear el consumidor 
2014-07-31 09:47:19 --> se creo el consumidor 10982 
2014-07-31 09:47:19 --> la informacion de la sede es array (
  'S_ID' => '3',
  'S_NOMBRE' => 'NORTE',
  'S_DESCRIPCION' => 'Sede para atender los casos de la regional norte',
  'S_C_ID' => '1',
  'S_CANTIDAD_ENCUESTAS' => '10',
  'S_ACTIVO' => '1',
  'S_LOGO' => '7',
  'S_MUESTRA_VIDEO' => '0',
) 
2014-07-31 09:47:19 --> se va a extraer informacion del area  
2014-07-31 09:47:19 --> la informacion del area es array (
  'AR_ID' => '2',
  'AR_NOMBRE' => 'APORTES',
  'AR_DESCRIPCION' => 'Pensiones Incapacidades Cesantias Cartas FNA',
  'AR_C_ID' => '1',
  'AR_ACTIVO' => '1',
  'AR_ALIAS' => 'A',
  'AR_MOSTRAR_NOMBRE_PANTALLA' => '0',
) 
2014-07-31 09:47:19 --> se va a crear el turno 
2014-07-31 09:47:19 --> se creo el turno 1 del area A 

2014-07-31 09:52:15 --> get_areas 1 
2014-07-31 09:52:15 --> buscando areas del cliente 
2014-07-31 09:52:27 --> crear el consumidor 
2014-07-31 09:52:27 --> se creo el consumidor 10986 
2014-07-31 09:52:27 --> la informacion de la sede es array (
  'S_ID' => '4',
  'S_NOMBRE' => 'OCCIDENTE',
  'S_DESCRIPCION' => 'Sedle para atender los casos de la regional occidente',
  'S_C_ID' => '1',
  'S_CANTIDAD_ENCUESTAS' => '10',
  'S_ACTIVO' => '1',
  'S_LOGO' => '7',
  'S_MUESTRA_VIDEO' => '0',
) 
2014-07-31 09:52:27 --> se va a extraer informacion del area  
2014-07-31 09:52:27 --> la informacion del area es array (
  'AR_ID' => '1',
  'AR_NOMBRE' => 'GERENCIA_DEL_SERVICIO',
  'AR_DESCRIPCION' => 'Cartas de ingreso al punto de venta',
  'AR_C_ID' => '1',
  'AR_ACTIVO' => '1',
  'AR_ALIAS' => 'GS',
  'AR_MOSTRAR_NOMBRE_PANTALLA' => '0',
) 
2014-07-31 09:52:27 --> se va a crear el turno 
2014-07-31 09:52:27 --> se creo el turno 1 del area GS 

2014-07-31 09:55:13 --> get_areas 1 
2014-07-31 09:55:13 --> buscando areas del cliente 

2014-07-31 09:55:18 --> get_areas 1 
2014-07-31 09:55:18 --> buscando areas del cliente 
2014-07-31 09:55:34 --> crear el consumidor 
2014-07-31 09:55:34 --> se creo el consumidor 10988 
2014-07-31 09:55:34 --> la informacion de la sede es array (
  'S_ID' => '4',
  'S_NOMBRE' => 'OCCIDENTE',
  'S_DESCRIPCION' => 'Sedle para atender los casos de la regional occidente',
  'S_C_ID' => '1',
  'S_CANTIDAD_ENCUESTAS' => '10',
  'S_ACTIVO' => '1',
  'S_LOGO' => '7',
  'S_MUESTRA_VIDEO' => '0',
) 
2014-07-31 09:55:34 --> se va a extraer informacion del area  
2014-07-31 09:55:34 --> la informacion del area es array (
  'AR_ID' => '7',
  'AR_NOMBRE' => 'VARIOS_REQUERIMIENTOS',
  'AR_DESCRIPCION' => 'Solicitudes varias',
  'AR_C_ID' => '1',
  'AR_ACTIVO' => '1',
  'AR_ALIAS' => 'Vari',
  'AR_MOSTRAR_NOMBRE_PANTALLA' => '0',
) 
2014-07-31 09:55:34 --> se va a crear el turno 
2014-07-31 09:55:34 --> se creo el turno 1 del area Vari 
2014-07-31 09:55:42 --> crear el consumidor 
2014-07-31 09:55:42 --> se creo el consumidor 10989 
2014-07-31 09:55:42 --> la informacion de la sede es array (
  'S_ID' => '3',
  'S_NOMBRE' => 'NORTE',
  'S_DESCRIPCION' => 'Sede para atender los casos de la regional norte',
  'S_C_ID' => '1',
  'S_CANTIDAD_ENCUESTAS' => '10',
  'S_ACTIVO' => '1',
  'S_LOGO' => '7',
  'S_MUESTRA_VIDEO' => '0',
) 
2014-07-31 09:55:42 --> se va a extraer informacion del area  
2014-07-31 09:55:42 --> la informacion del area es array (
  'AR_ID' => '3',
  'AR_NOMBRE' => 'SEGUIMIENTO_AL_SERVICIO',
  'AR_DESCRIPCION' => 'Solicitudes Quejas y Reclamos',
  'AR_C_ID' => '1',
  'AR_ACTIVO' => '1',
  'AR_ALIAS' => 'SAS',
  'AR_MOSTRAR_NOMBRE_PANTALLA' => '0',
) 
2014-07-31 09:55:42 --> se va a crear el turno 
2014-07-31 09:55:42 --> se creo el turno 1 del area SAS 

2014-07-31 10:01:31 --> get_areas 1 
2014-07-31 10:01:31 --> buscando areas del cliente 
2014-07-31 10:01:41 --> crear el consumidor 
2014-07-31 10:01:41 --> se creo el consumidor 10990 
2014-07-31 10:01:41 --> la informacion de la sede es array (
  'S_ID' => '4',
  'S_NOMBRE' => 'OCCIDENTE',
  'S_DESCRIPCION' => 'Sedle para atender los casos de la regional occidente',
  'S_C_ID' => '1',
  'S_CANTIDAD_ENCUESTAS' => '10',
  'S_ACTIVO' => '1',
  'S_LOGO' => '7',
  'S_MUESTRA_VIDEO' => '0',
) 
2014-07-31 10:01:41 --> se va a extraer informacion del area  
2014-07-31 10:01:41 --> la informacion del area es array (
  'AR_ID' => '8',
  'AR_NOMBRE' => 'COMPENSACION_SALARIAL',
  'AR_DESCRIPCION' => 'Informacion pago nomina y liquidaciones',
  'AR_C_ID' => '1',
  'AR_ACTIVO' => '1',
  'AR_ALIAS' => 'Comp',
  'AR_MOSTRAR_NOMBRE_PANTALLA' => '0',
) 
2014-07-31 10:01:41 --> se va a crear el turno 
2014-07-31 10:01:41 --> se creo el turno 1 del area Comp 

2014-07-31 10:30:27 --> get_areas 1 
2014-07-31 10:30:27 --> buscando areas del cliente 
2014-07-31 10:30:39 --> crear el consumidor 
2014-07-31 10:30:39 --> se creo el consumidor 11026 
2014-07-31 10:30:39 --> la informacion de la sede es array (
  'S_ID' => '4',
  'S_NOMBRE' => 'OCCIDENTE',
  'S_DESCRIPCION' => 'Sedle para atender los casos de la regional occidente',
  'S_C_ID' => '1',
  'S_CANTIDAD_ENCUESTAS' => '10',
  'S_ACTIVO' => '1',
  'S_LOGO' => '7',
  'S_MUESTRA_VIDEO' => '0',
) 
2014-07-31 10:30:39 --> se va a extraer informacion del area  
2014-07-31 10:30:39 --> la informacion del area es array (
  'AR_ID' => '1',
  'AR_NOMBRE' => 'GERENCIA_DEL_SERVICIO',
  'AR_DESCRIPCION' => 'Cartas de ingreso al punto de venta',
  'AR_C_ID' => '1',
  'AR_ACTIVO' => '1',
  'AR_ALIAS' => 'GS',
  'AR_MOSTRAR_NOMBRE_PANTALLA' => '0',
) 
2014-07-31 10:30:39 --> se va a crear el turno 
2014-07-31 10:30:39 --> se creo el turno 2 del area GS 

2014-07-31 10:41:09 --> get_areas 1 
2014-07-31 10:41:09 --> buscando areas del cliente 
2014-07-31 10:41:15 --> crear el consumidor 
2014-07-31 10:41:15 --> se creo el consumidor 11036 
2014-07-31 10:41:15 --> la informacion de la sede es array (
  'S_ID' => '3',
  'S_NOMBRE' => 'NORTE',
  'S_DESCRIPCION' => 'Sede para atender los casos de la regional norte',
  'S_C_ID' => '1',
  'S_CANTIDAD_ENCUESTAS' => '10',
  'S_ACTIVO' => '1',
  'S_LOGO' => '7',
  'S_MUESTRA_VIDEO' => '0',
) 
2014-07-31 10:41:15 --> se va a extraer informacion del area  
2014-07-31 10:41:15 --> la informacion del area es array (
  'AR_ID' => '2',
  'AR_NOMBRE' => 'APORTES',
  'AR_DESCRIPCION' => 'Pensiones Incapacidades Cesantias Cartas FNA',
  'AR_C_ID' => '1',
  'AR_ACTIVO' => '1',
  'AR_ALIAS' => 'A',
  'AR_MOSTRAR_NOMBRE_PANTALLA' => '0',
) 
2014-07-31 10:41:15 --> se va a crear el turno 
2014-07-31 10:41:15 --> se creo el turno 2 del area A 

2014-07-31 10:44:41 --> get_areas 1 
2014-07-31 10:44:41 --> buscando areas del cliente 
2014-07-31 10:44:46 --> crear el consumidor 
2014-07-31 10:44:46 --> se creo el consumidor 11041 
2014-07-31 10:44:46 --> la informacion de la sede es array (
  'S_ID' => '4',
  'S_NOMBRE' => 'OCCIDENTE',
  'S_DESCRIPCION' => 'Sedle para atender los casos de la regional occidente',
  'S_C_ID' => '1',
  'S_CANTIDAD_ENCUESTAS' => '10',
  'S_ACTIVO' => '1',
  'S_LOGO' => '7',
  'S_MUESTRA_VIDEO' => '0',
) 
2014-07-31 10:44:46 --> se va a extraer informacion del area  
2014-07-31 10:44:46 --> la informacion del area es array (
  'AR_ID' => '2',
  'AR_NOMBRE' => 'APORTES',
  'AR_DESCRIPCION' => 'Pensiones Incapacidades Cesantias Cartas FNA',
  'AR_C_ID' => '1',
  'AR_ACTIVO' => '1',
  'AR_ALIAS' => 'A',
  'AR_MOSTRAR_NOMBRE_PANTALLA' => '0',
) 
2014-07-31 10:44:46 --> se va a crear el turno 
2014-07-31 10:44:46 --> se creo el turno 5 del area A 

2014-07-31 10:56:53 --> get_areas 1 
2014-07-31 10:56:53 --> buscando areas del cliente 
2014-07-31 10:57:26 --> crear el consumidor 
2014-07-31 10:57:26 --> se creo el consumidor 11050 
2014-07-31 10:57:26 --> la informacion de la sede es array (
  'S_ID' => '3',
  'S_NOMBRE' => 'NORTE',
  'S_DESCRIPCION' => 'Sede para atender los casos de la regional norte',
  'S_C_ID' => '1',
  'S_CANTIDAD_ENCUESTAS' => '10',
  'S_ACTIVO' => '1',
  'S_LOGO' => '7',
  'S_MUESTRA_VIDEO' => '0',
) 
2014-07-31 10:57:26 --> se va a extraer informacion del area  
2014-07-31 10:57:26 --> la informacion del area es array (
  'AR_ID' => '2',
  'AR_NOMBRE' => 'APORTES',
  'AR_DESCRIPCION' => 'Pensiones Incapacidades Cesantias Cartas FNA',
  'AR_C_ID' => '1',
  'AR_ACTIVO' => '1',
  'AR_ALIAS' => 'A',
  'AR_MOSTRAR_NOMBRE_PANTALLA' => '0',
) 
2014-07-31 10:57:26 --> se va a crear el turno 
2014-07-31 10:57:26 --> se creo el turno 3 del area A 

2014-07-31 11:10:17 --> get_areas 1 
2014-07-31 11:10:17 --> buscando areas del cliente 
2014-07-31 11:10:27 --> crear el consumidor 
2014-07-31 11:10:27 --> se creo el consumidor 11055 
2014-07-31 11:10:27 --> la informacion de la sede es array (
  'S_ID' => '4',
  'S_NOMBRE' => 'OCCIDENTE',
  'S_DESCRIPCION' => 'Sedle para atender los casos de la regional occidente',
  'S_C_ID' => '1',
  'S_CANTIDAD_ENCUESTAS' => '10',
  'S_ACTIVO' => '1',
  'S_LOGO' => '7',
  'S_MUESTRA_VIDEO' => '0',
) 
2014-07-31 11:10:27 --> se va a extraer informacion del area  
2014-07-31 11:10:27 --> la informacion del area es array (
  'AR_ID' => '7',
  'AR_NOMBRE' => 'VARIOS_REQUERIMIENTOS',
  'AR_DESCRIPCION' => 'Solicitudes varias',
  'AR_C_ID' => '1',
  'AR_ACTIVO' => '1',
  'AR_ALIAS' => 'Vari',
  'AR_MOSTRAR_NOMBRE_PANTALLA' => '0',
) 
2014-07-31 11:10:27 --> se va a crear el turno 
2014-07-31 11:10:27 --> se creo el turno 2 del area Vari 

2014-07-31 11:14:28 --> get_areas 1 
2014-07-31 11:14:28 --> buscando areas del cliente 
2014-07-31 11:14:39 --> crear el consumidor 
2014-07-31 11:14:39 --> se creo el consumidor 11057 
2014-07-31 11:14:39 --> la informacion de la sede es array (
  'S_ID' => '4',
  'S_NOMBRE' => 'OCCIDENTE',
  'S_DESCRIPCION' => 'Sedle para atender los casos de la regional occidente',
  'S_C_ID' => '1',
  'S_CANTIDAD_ENCUESTAS' => '10',
  'S_ACTIVO' => '1',
  'S_LOGO' => '7',
  'S_MUESTRA_VIDEO' => '0',
) 
2014-07-31 11:14:39 --> se va a extraer informacion del area  
2014-07-31 11:14:39 --> la informacion del area es array (
  'AR_ID' => '2',
  'AR_NOMBRE' => 'APORTES',
  'AR_DESCRIPCION' => 'Pensiones Incapacidades Cesantias Cartas FNA',
  'AR_C_ID' => '1',
  'AR_ACTIVO' => '1',
  'AR_ALIAS' => 'A',
  'AR_MOSTRAR_NOMBRE_PANTALLA' => '0',
) 
2014-07-31 11:14:39 --> se va a crear el turno 
2014-07-31 11:14:39 --> se creo el turno 6 del area A 

 datos de entrada get_movil son user: ana_garzon y pass: e10adc3949ba59abbe56e057f20f883e 

 dato de salida get_movil es 7,ANA GARZON,11,1,2 

 datos de entrada get_areas2 son perfil:  

 dato de salida get_areas2 es array (
  0 => 
  array (
    'AR_ID' => '1',
    'AR_NOMBRE' => 'GERENCIA_DEL_SERVICIO',
    'AR_DESCRIPCION' => 'Cartas de ingreso al punto de venta',
    'AR_C_ID' => '1',
    'AR_ACTIVO' => '1',
    'AR_ALIAS' => 'GS',
    'AR_MOSTRAR_NOMBRE_PANTALLA' => '0',
  ),
  1 => 
  array (
    'AR_ID' => '2',
    'AR_NOMBRE' => 'APORTES',
    'AR_DESCRIPCION' => 'Pensiones Incapacidades Cesantias Cartas FNA',
    'AR_C_ID' => '1',
    'AR_ACTIVO' => '1',
    'AR_ALIAS' => 'A',
    'AR_MOSTRAR_NOMBRE_PANTALLA' => '0',
  ),
  2 => 
  array (
    'AR_ID' => '3',
    'AR_NOMBRE' => 'SEGUIMIENTO_AL_SERVICIO',
    'AR_DESCRIPCION' => 'Solicitudes Quejas y Reclamos',
    'AR_C_ID' => '1',
    'AR_ACTIVO' => '1',
    'AR_ALIAS' => 'SAS',
    'AR_MOSTRAR_NOMBRE_PANTALLA' => '0',
  ),
  3 => 
  array (
    'AR_ID' => '5',
    'AR_NOMBRE' => 'OTROS',
    'AR_DESCRIPCION' => 'Otros',
    'AR_C_ID' => '1',
    'AR_ACTIVO' => '1',
    'AR_ALIAS' => 'Otro',
    'AR_MOSTRAR_NOMBRE_PANTALLA' => '0',
  ),
  4 => 
  array (
    'AR_ID' => '7',
    'AR_NOMBRE' => 'VARIOS_REQUERIMIENTOS',
    'AR_DESCRIPCION' => 'Solicitudes varias',
    'AR_C_ID' => '1',
    'AR_ACTIVO' => '1',
    'AR_ALIAS' => 'Vari',
    'AR_MOSTRAR_NOMBRE_PANTALLA' => '0',
  ),
  5 => 
  array (
    'AR_ID' => '8',
    'AR_NOMBRE' => 'COMPENSACION_SALARIAL',
    'AR_DESCRIPCION' => 'Informacion pago nomina y liquidaciones',
    'AR_C_ID' => '1',
    'AR_ACTIVO' => '1',
    'AR_ALIAS' => 'Comp',
    'AR_MOSTRAR_NOMBRE_PANTALLA' => '0',
  ),
) 
2014-07-31 11:22:38 --> crear el consumidor 
2014-07-31 11:22:38 --> se creo el consumidor 11066 
2014-07-31 11:22:38 --> la informacion de la sede es array (
  'S_ID' => '2',
  'S_NOMBRE' => 'CENTRO',
  'S_DESCRIPCION' => 'Sede para atender los casos de la regional centro',
  'S_C_ID' => '1',
  'S_CANTIDAD_ENCUESTAS' => '10',
  'S_ACTIVO' => '1',
  'S_LOGO' => '4',
  'S_MUESTRA_VIDEO' => '0',
) 
2014-07-31 11:22:38 --> se va a extraer informacion del area  
2014-07-31 11:22:38 --> la informacion del area es array (
  'AR_ID' => '2',
  'AR_NOMBRE' => 'APORTES',
  'AR_DESCRIPCION' => 'Pensiones Incapacidades Cesantias Cartas FNA',
  'AR_C_ID' => '1',
  'AR_ACTIVO' => '1',
  'AR_ALIAS' => 'A',
  'AR_MOSTRAR_NOMBRE_PANTALLA' => '0',
) 
2014-07-31 11:22:38 --> se va a crear el turno 
2014-07-31 11:22:38 --> se creo el turno 26 del area A 
2014-07-31 11:23:22 --> crear el consumidor 
2014-07-31 11:23:22 --> se creo el consumidor 11067 
2014-07-31 11:23:22 --> la informacion de la sede es array (
  'S_ID' => '2',
  'S_NOMBRE' => 'CENTRO',
  'S_DESCRIPCION' => 'Sede para atender los casos de la regional centro',
  'S_C_ID' => '1',
  'S_CANTIDAD_ENCUESTAS' => '10',
  'S_ACTIVO' => '1',
  'S_LOGO' => '4',
  'S_MUESTRA_VIDEO' => '0',
) 
2014-07-31 11:23:22 --> se va a extraer informacion del area  
2014-07-31 11:23:22 --> la informacion del area es array (
  'AR_ID' => '3',
  'AR_NOMBRE' => 'SEGUIMIENTO_AL_SERVICIO',
  'AR_DESCRIPCION' => 'Solicitudes Quejas y Reclamos',
  'AR_C_ID' => '1',
  'AR_ACTIVO' => '1',
  'AR_ALIAS' => 'SAS',
  'AR_MOSTRAR_NOMBRE_PANTALLA' => '0',
) 
2014-07-31 11:23:22 --> se va a crear el turno 
2014-07-31 11:23:22 --> se creo el turno 29 del area SAS 
2014-07-31 11:24:02 --> crear el consumidor 
2014-07-31 11:24:02 --> se creo el consumidor 11068 
2014-07-31 11:24:02 --> la informacion de la sede es array (
  'S_ID' => '2',
  'S_NOMBRE' => 'CENTRO',
  'S_DESCRIPCION' => 'Sede para atender los casos de la regional centro',
  'S_C_ID' => '1',
  'S_CANTIDAD_ENCUESTAS' => '10',
  'S_ACTIVO' => '1',
  'S_LOGO' => '4',
  'S_MUESTRA_VIDEO' => '0',
) 
2014-07-31 11:24:02 --> se va a extraer informacion del area  
2014-07-31 11:24:02 --> la informacion del area es array (
  'AR_ID' => '3',
  'AR_NOMBRE' => 'SEGUIMIENTO_AL_SERVICIO',
  'AR_DESCRIPCION' => 'Solicitudes Quejas y Reclamos',
  'AR_C_ID' => '1',
  'AR_ACTIVO' => '1',
  'AR_ALIAS' => 'SAS',
  'AR_MOSTRAR_NOMBRE_PANTALLA' => '0',
) 
2014-07-31 11:24:02 --> se va a crear el turno 
2014-07-31 11:24:02 --> se creo el turno 30 del area SAS 

2014-07-31 11:24:33 --> get_areas 1 
2014-07-31 11:24:33 --> buscando areas del cliente 
2014-07-31 11:24:51 --> crear el consumidor 
2014-07-31 11:24:52 --> crear el consumidor 
2014-07-31 11:24:53 --> se creo el consumidor 11069 
2014-07-31 11:24:53 --> se creo el consumidor 11070 
2014-07-31 11:24:53 --> la informacion de la sede es array (
  'S_ID' => '4',
  'S_NOMBRE' => 'OCCIDENTE',
  'S_DESCRIPCION' => 'Sedle para atender los casos de la regional occidente',
  'S_C_ID' => '1',
  'S_CANTIDAD_ENCUESTAS' => '10',
  'S_ACTIVO' => '1',
  'S_LOGO' => '7',
  'S_MUESTRA_VIDEO' => '0',
) 
2014-07-31 11:24:53 --> se va a extraer informacion del area  
2014-07-31 11:24:53 --> la informacion del area es array (
  'AR_ID' => '2',
  'AR_NOMBRE' => 'APORTES',
  'AR_DESCRIPCION' => 'Pensiones Incapacidades Cesantias Cartas FNA',
  'AR_C_ID' => '1',
  'AR_ACTIVO' => '1',
  'AR_ALIAS' => 'A',
  'AR_MOSTRAR_NOMBRE_PANTALLA' => '0',
) 
2014-07-31 11:24:53 --> se va a crear el turno 
2014-07-31 11:24:53 --> se creo el turno 7 del area A 
2014-07-31 11:24:53 --> la informacion de la sede es array (
  'S_ID' => '2',
  'S_NOMBRE' => 'CENTRO',
  'S_DESCRIPCION' => 'Sede para atender los casos de la regional centro',
  'S_C_ID' => '1',
  'S_CANTIDAD_ENCUESTAS' => '10',
  'S_ACTIVO' => '1',
  'S_LOGO' => '4',
  'S_MUESTRA_VIDEO' => '0',
) 
2014-07-31 11:24:53 --> se va a extraer informacion del area  
2014-07-31 11:24:53 --> la informacion del area es array (
  'AR_ID' => '3',
  'AR_NOMBRE' => 'SEGUIMIENTO_AL_SERVICIO',
  'AR_DESCRIPCION' => 'Solicitudes Quejas y Reclamos',
  'AR_C_ID' => '1',
  'AR_ACTIVO' => '1',
  'AR_ALIAS' => 'SAS',
  'AR_MOSTRAR_NOMBRE_PANTALLA' => '0',
) 
2014-07-31 11:24:53 --> se va a crear el turno 
2014-07-31 11:24:53 --> se creo el turno 31 del area SAS 
2014-07-31 11:26:22 --> crear el consumidor 
2014-07-31 11:26:22 --> se creo el consumidor 11071 
2014-07-31 11:26:22 --> la informacion de la sede es array (
  'S_ID' => '2',
  'S_NOMBRE' => 'CENTRO',
  'S_DESCRIPCION' => 'Sede para atender los casos de la regional centro',
  'S_C_ID' => '1',
  'S_CANTIDAD_ENCUESTAS' => '10',
  'S_ACTIVO' => '1',
  'S_LOGO' => '4',
  'S_MUESTRA_VIDEO' => '0',
) 
2014-07-31 11:26:22 --> se va a extraer informacion del area  
2014-07-31 11:26:22 --> la informacion del area es array (
  'AR_ID' => '3',
  'AR_NOMBRE' => 'SEGUIMIENTO_AL_SERVICIO',
  'AR_DESCRIPCION' => 'Solicitudes Quejas y Reclamos',
  'AR_C_ID' => '1',
  'AR_ACTIVO' => '1',
  'AR_ALIAS' => 'SAS',
  'AR_MOSTRAR_NOMBRE_PANTALLA' => '0',
) 
2014-07-31 11:26:22 --> se va a crear el turno 
2014-07-31 11:26:22 --> se creo el turno 32 del area SAS 
2014-07-31 11:26:57 --> crear el consumidor 
2014-07-31 11:27:00 --> se creo el consumidor 11072 
2014-07-31 11:27:00 --> la informacion de la sede es array (
  'S_ID' => '2',
  'S_NOMBRE' => 'CENTRO',
  'S_DESCRIPCION' => 'Sede para atender los casos de la regional centro',
  'S_C_ID' => '1',
  'S_CANTIDAD_ENCUESTAS' => '10',
  'S_ACTIVO' => '1',
  'S_LOGO' => '4',
  'S_MUESTRA_VIDEO' => '0',
) 
2014-07-31 11:27:00 --> se va a extraer informacion del area  
2014-07-31 11:27:00 --> la informacion del area es array (
  'AR_ID' => '3',
  'AR_NOMBRE' => 'SEGUIMIENTO_AL_SERVICIO',
  'AR_DESCRIPCION' => 'Solicitudes Quejas y Reclamos',
  'AR_C_ID' => '1',
  'AR_ACTIVO' => '1',
  'AR_ALIAS' => 'SAS',
  'AR_MOSTRAR_NOMBRE_PANTALLA' => '0',
) 
2014-07-31 11:27:00 --> se va a crear el turno 
2014-07-31 11:27:00 --> se creo el turno 33 del area SAS 

2014-07-31 11:29:48 --> get_areas 1 
2014-07-31 11:29:48 --> buscando areas del cliente 
2014-07-31 11:30:03 --> crear el consumidor 
2014-07-31 11:30:03 --> se creo el consumidor 11077 
2014-07-31 11:30:03 --> la informacion de la sede es array (
  'S_ID' => '4',
  'S_NOMBRE' => 'OCCIDENTE',
  'S_DESCRIPCION' => 'Sedle para atender los casos de la regional occidente',
  'S_C_ID' => '1',
  'S_CANTIDAD_ENCUESTAS' => '10',
  'S_ACTIVO' => '1',
  'S_LOGO' => '7',
  'S_MUESTRA_VIDEO' => '0',
) 
2014-07-31 11:30:03 --> se va a extraer informacion del area  
2014-07-31 11:30:03 --> la informacion del area es array (
  'AR_ID' => '7',
  'AR_NOMBRE' => 'VARIOS_REQUERIMIENTOS',
  'AR_DESCRIPCION' => 'Solicitudes varias',
  'AR_C_ID' => '1',
  'AR_ACTIVO' => '1',
  'AR_ALIAS' => 'Vari',
  'AR_MOSTRAR_NOMBRE_PANTALLA' => '0',
) 
2014-07-31 11:30:03 --> se va a crear el turno 
2014-07-31 11:30:03 --> se creo el turno 3 del area Vari 
2014-07-31 11:32:24 --> crear el consumidor 
2014-07-31 11:32:24 --> se creo el consumidor 11078 
2014-07-31 11:32:24 --> la informacion de la sede es array (
  'S_ID' => '2',
  'S_NOMBRE' => 'CENTRO',
  'S_DESCRIPCION' => 'Sede para atender los casos de la regional centro',
  'S_C_ID' => '1',
  'S_CANTIDAD_ENCUESTAS' => '10',
  'S_ACTIVO' => '1',
  'S_LOGO' => '4',
  'S_MUESTRA_VIDEO' => '0',
) 
2014-07-31 11:32:24 --> se va a extraer informacion del area  
2014-07-31 11:32:24 --> la informacion del area es array (
  'AR_ID' => '2',
  'AR_NOMBRE' => 'APORTES',
  'AR_DESCRIPCION' => 'Pensiones Incapacidades Cesantias Cartas FNA',
  'AR_C_ID' => '1',
  'AR_ACTIVO' => '1',
  'AR_ALIAS' => 'A',
  'AR_MOSTRAR_NOMBRE_PANTALLA' => '0',
) 
2014-07-31 11:32:24 --> se va a crear el turno 
2014-07-31 11:32:24 --> se creo el turno 28 del area A 

 datos de entrada get_movil son user: adriana_castro y pass: e10adc3949ba59abbe56e057f20f883e 

 dato de salida get_movil es 6,ADRIANA CASTRO,11,1,2 

 datos de entrada get_areas2 son perfil:  

 dato de salida get_areas2 es array (
  0 => 
  array (
    'AR_ID' => '1',
    'AR_NOMBRE' => 'GERENCIA_DEL_SERVICIO',
    'AR_DESCRIPCION' => 'Cartas de ingreso al punto de venta',
    'AR_C_ID' => '1',
    'AR_ACTIVO' => '1',
    'AR_ALIAS' => 'GS',
    'AR_MOSTRAR_NOMBRE_PANTALLA' => '0',
  ),
  1 => 
  array (
    'AR_ID' => '2',
    'AR_NOMBRE' => 'APORTES',
    'AR_DESCRIPCION' => 'Pensiones Incapacidades Cesantias Cartas FNA',
    'AR_C_ID' => '1',
    'AR_ACTIVO' => '1',
    'AR_ALIAS' => 'A',
    'AR_MOSTRAR_NOMBRE_PANTALLA' => '0',
  ),
  2 => 
  array (
    'AR_ID' => '3',
    'AR_NOMBRE' => 'SEGUIMIENTO_AL_SERVICIO',
    'AR_DESCRIPCION' => 'Solicitudes Quejas y Reclamos',
    'AR_C_ID' => '1',
    'AR_ACTIVO' => '1',
    'AR_ALIAS' => 'SAS',
    'AR_MOSTRAR_NOMBRE_PANTALLA' => '0',
  ),
  3 => 
  array (
    'AR_ID' => '5',
    'AR_NOMBRE' => 'OTROS',
    'AR_DESCRIPCION' => 'Otros',
    'AR_C_ID' => '1',
    'AR_ACTIVO' => '1',
    'AR_ALIAS' => 'Otro',
    'AR_MOSTRAR_NOMBRE_PANTALLA' => '0',
  ),
  4 => 
  array (
    'AR_ID' => '7',
    'AR_NOMBRE' => 'VARIOS_REQUERIMIENTOS',
    'AR_DESCRIPCION' => 'Solicitudes varias',
    'AR_C_ID' => '1',
    'AR_ACTIVO' => '1',
    'AR_ALIAS' => 'Vari',
    'AR_MOSTRAR_NOMBRE_PANTALLA' => '0',
  ),
  5 => 
  array (
    'AR_ID' => '8',
    'AR_NOMBRE' => 'COMPENSACION_SALARIAL',
    'AR_DESCRIPCION' => 'Informacion pago nomina y liquidaciones',
    'AR_C_ID' => '1',
    'AR_ACTIVO' => '1',
    'AR_ALIAS' => 'Comp',
    'AR_MOSTRAR_NOMBRE_PANTALLA' => '0',
  ),
) 
2014-07-31 11:42:15 --> crear el consumidor 
2014-07-31 11:42:15 --> se creo el consumidor 11082 
2014-07-31 11:42:15 --> la informacion de la sede es array (
  'S_ID' => '2',
  'S_NOMBRE' => 'CENTRO',
  'S_DESCRIPCION' => 'Sede para atender los casos de la regional centro',
  'S_C_ID' => '1',
  'S_CANTIDAD_ENCUESTAS' => '10',
  'S_ACTIVO' => '1',
  'S_LOGO' => '4',
  'S_MUESTRA_VIDEO' => '0',
) 
2014-07-31 11:42:15 --> se va a extraer informacion del area  
2014-07-31 11:42:16 --> la informacion del area es array (
  'AR_ID' => '2',
  'AR_NOMBRE' => 'APORTES',
  'AR_DESCRIPCION' => 'Pensiones Incapacidades Cesantias Cartas FNA',
  'AR_C_ID' => '1',
  'AR_ACTIVO' => '1',
  'AR_ALIAS' => 'A',
  'AR_MOSTRAR_NOMBRE_PANTALLA' => '0',
) 
2014-07-31 11:42:16 --> se va a crear el turno 
2014-07-31 11:42:16 --> se creo el turno 29 del area A 
2014-07-31 11:42:55 --> crear el consumidor 
2014-07-31 11:42:55 --> se creo el consumidor 11083 
2014-07-31 11:42:55 --> la informacion de la sede es array (
  'S_ID' => '2',
  'S_NOMBRE' => 'CENTRO',
  'S_DESCRIPCION' => 'Sede para atender los casos de la regional centro',
  'S_C_ID' => '1',
  'S_CANTIDAD_ENCUESTAS' => '10',
  'S_ACTIVO' => '1',
  'S_LOGO' => '4',
  'S_MUESTRA_VIDEO' => '0',
) 
2014-07-31 11:42:55 --> se va a extraer informacion del area  
2014-07-31 11:42:55 --> la informacion del area es array (
  'AR_ID' => '2',
  'AR_NOMBRE' => 'APORTES',
  'AR_DESCRIPCION' => 'Pensiones Incapacidades Cesantias Cartas FNA',
  'AR_C_ID' => '1',
  'AR_ACTIVO' => '1',
  'AR_ALIAS' => 'A',
  'AR_MOSTRAR_NOMBRE_PANTALLA' => '0',
) 
2014-07-31 11:42:55 --> se va a crear el turno 
2014-07-31 11:42:55 --> se creo el turno 30 del area A 
2014-07-31 11:44:10 --> crear el consumidor 
2014-07-31 11:44:10 --> se creo el consumidor 11084 
2014-07-31 11:44:10 --> la informacion de la sede es array (
  'S_ID' => '2',
  'S_NOMBRE' => 'CENTRO',
  'S_DESCRIPCION' => 'Sede para atender los casos de la regional centro',
  'S_C_ID' => '1',
  'S_CANTIDAD_ENCUESTAS' => '10',
  'S_ACTIVO' => '1',
  'S_LOGO' => '4',
  'S_MUESTRA_VIDEO' => '0',
) 
2014-07-31 11:44:10 --> se va a extraer informacion del area  
2014-07-31 11:44:10 --> la informacion del area es array (
  'AR_ID' => '3',
  'AR_NOMBRE' => 'SEGUIMIENTO_AL_SERVICIO',
  'AR_DESCRIPCION' => 'Solicitudes Quejas y Reclamos',
  'AR_C_ID' => '1',
  'AR_ACTIVO' => '1',
  'AR_ALIAS' => 'SAS',
  'AR_MOSTRAR_NOMBRE_PANTALLA' => '0',
) 
2014-07-31 11:44:10 --> se va a crear el turno 
2014-07-31 11:44:10 --> se creo el turno 35 del area SAS 
2014-07-31 11:45:16 --> crear el consumidor 
2014-07-31 11:45:16 --> se creo el consumidor 11085 
2014-07-31 11:45:16 --> la informacion de la sede es array (
  'S_ID' => '2',
  'S_NOMBRE' => 'CENTRO',
  'S_DESCRIPCION' => 'Sede para atender los casos de la regional centro',
  'S_C_ID' => '1',
  'S_CANTIDAD_ENCUESTAS' => '10',
  'S_ACTIVO' => '1',
  'S_LOGO' => '4',
  'S_MUESTRA_VIDEO' => '0',
) 
2014-07-31 11:45:16 --> se va a extraer informacion del area  
2014-07-31 11:45:16 --> la informacion del area es array (
  'AR_ID' => '3',
  'AR_NOMBRE' => 'SEGUIMIENTO_AL_SERVICIO',
  'AR_DESCRIPCION' => 'Solicitudes Quejas y Reclamos',
  'AR_C_ID' => '1',
  'AR_ACTIVO' => '1',
  'AR_ALIAS' => 'SAS',
  'AR_MOSTRAR_NOMBRE_PANTALLA' => '0',
) 
2014-07-31 11:45:16 --> se va a crear el turno 
2014-07-31 11:45:16 --> se creo el turno 36 del area SAS 
2014-07-31 11:46:47 --> crear el consumidor 
2014-07-31 11:46:47 --> se creo el consumidor 11089 
2014-07-31 11:46:47 --> la informacion de la sede es array (
  'S_ID' => '2',
  'S_NOMBRE' => 'CENTRO',
  'S_DESCRIPCION' => 'Sede para atender los casos de la regional centro',
  'S_C_ID' => '1',
  'S_CANTIDAD_ENCUESTAS' => '10',
  'S_ACTIVO' => '1',
  'S_LOGO' => '4',
  'S_MUESTRA_VIDEO' => '0',
) 
2014-07-31 11:46:47 --> se va a extraer informacion del area  
2014-07-31 11:46:47 --> la informacion del area es array (
  'AR_ID' => '3',
  'AR_NOMBRE' => 'SEGUIMIENTO_AL_SERVICIO',
  'AR_DESCRIPCION' => 'Solicitudes Quejas y Reclamos',
  'AR_C_ID' => '1',
  'AR_ACTIVO' => '1',
  'AR_ALIAS' => 'SAS',
  'AR_MOSTRAR_NOMBRE_PANTALLA' => '0',
) 
2014-07-31 11:46:47 --> se va a crear el turno 
2014-07-31 11:46:47 --> se creo el turno 37 del area SAS 

2014-07-31 11:48:51 --> get_areas 1 
2014-07-31 11:48:51 --> buscando areas del cliente 
2014-07-31 11:49:04 --> crear el consumidor 
2014-07-31 11:49:04 --> se creo el consumidor 11091 
2014-07-31 11:49:04 --> la informacion de la sede es array (
  'S_ID' => '3',
  'S_NOMBRE' => 'NORTE',
  'S_DESCRIPCION' => 'Sede para atender los casos de la regional norte',
  'S_C_ID' => '1',
  'S_CANTIDAD_ENCUESTAS' => '10',
  'S_ACTIVO' => '1',
  'S_LOGO' => '7',
  'S_MUESTRA_VIDEO' => '0',
) 
2014-07-31 11:49:04 --> se va a extraer informacion del area  
2014-07-31 11:49:04 --> la informacion del area es array (
  'AR_ID' => '8',
  'AR_NOMBRE' => 'COMPENSACION_SALARIAL',
  'AR_DESCRIPCION' => 'Informacion pago nomina y liquidaciones',
  'AR_C_ID' => '1',
  'AR_ACTIVO' => '1',
  'AR_ALIAS' => 'Comp',
  'AR_MOSTRAR_NOMBRE_PANTALLA' => '0',
) 
2014-07-31 11:49:04 --> se va a crear el turno 
2014-07-31 11:49:04 --> se creo el turno 1 del area Comp 
2014-07-31 11:51:32 --> crear el consumidor 
2014-07-31 11:51:32 --> se creo el consumidor 11092 
2014-07-31 11:51:32 --> la informacion de la sede es array (
  'S_ID' => '2',
  'S_NOMBRE' => 'CENTRO',
  'S_DESCRIPCION' => 'Sede para atender los casos de la regional centro',
  'S_C_ID' => '1',
  'S_CANTIDAD_ENCUESTAS' => '10',
  'S_ACTIVO' => '1',
  'S_LOGO' => '4',
  'S_MUESTRA_VIDEO' => '0',
) 
2014-07-31 11:51:32 --> se va a extraer informacion del area  
2014-07-31 11:51:32 --> la informacion del area es array (
  'AR_ID' => '3',
  'AR_NOMBRE' => 'SEGUIMIENTO_AL_SERVICIO',
  'AR_DESCRIPCION' => 'Solicitudes Quejas y Reclamos',
  'AR_C_ID' => '1',
  'AR_ACTIVO' => '1',
  'AR_ALIAS' => 'SAS',
  'AR_MOSTRAR_NOMBRE_PANTALLA' => '0',
) 
2014-07-31 11:51:32 --> se va a crear el turno 
2014-07-31 11:51:32 --> se creo el turno 38 del area SAS 
2014-07-31 11:52:11 --> crear el consumidor 
2014-07-31 11:52:11 --> se creo el consumidor 11093 
2014-07-31 11:52:11 --> la informacion de la sede es array (
  'S_ID' => '2',
  'S_NOMBRE' => 'CENTRO',
  'S_DESCRIPCION' => 'Sede para atender los casos de la regional centro',
  'S_C_ID' => '1',
  'S_CANTIDAD_ENCUESTAS' => '10',
  'S_ACTIVO' => '1',
  'S_LOGO' => '4',
  'S_MUESTRA_VIDEO' => '0',
) 
2014-07-31 11:52:11 --> se va a extraer informacion del area  
2014-07-31 11:52:11 --> la informacion del area es array (
  'AR_ID' => '2',
  'AR_NOMBRE' => 'APORTES',
  'AR_DESCRIPCION' => 'Pensiones Incapacidades Cesantias Cartas FNA',
  'AR_C_ID' => '1',
  'AR_ACTIVO' => '1',
  'AR_ALIAS' => 'A',
  'AR_MOSTRAR_NOMBRE_PANTALLA' => '0',
) 
2014-07-31 11:52:11 --> se va a crear el turno 
2014-07-31 11:52:11 --> se creo el turno 33 del area A 
2014-07-31 11:56:06 --> crear el consumidor 
2014-07-31 11:56:06 --> se creo el consumidor 11095 
2014-07-31 11:56:06 --> la informacion de la sede es array (
  'S_ID' => '2',
  'S_NOMBRE' => 'CENTRO',
  'S_DESCRIPCION' => 'Sede para atender los casos de la regional centro',
  'S_C_ID' => '1',
  'S_CANTIDAD_ENCUESTAS' => '10',
  'S_ACTIVO' => '1',
  'S_LOGO' => '4',
  'S_MUESTRA_VIDEO' => '0',
) 
2014-07-31 11:56:06 --> se va a extraer informacion del area  
2014-07-31 11:56:06 --> la informacion del area es array (
  'AR_ID' => '2',
  'AR_NOMBRE' => 'APORTES',
  'AR_DESCRIPCION' => 'Pensiones Incapacidades Cesantias Cartas FNA',
  'AR_C_ID' => '1',
  'AR_ACTIVO' => '1',
  'AR_ALIAS' => 'A',
  'AR_MOSTRAR_NOMBRE_PANTALLA' => '0',
) 
2014-07-31 11:56:06 --> se va a crear el turno 
2014-07-31 11:56:06 --> se creo el turno 34 del area A 
2014-07-31 11:56:28 --> crear el consumidor 
2014-07-31 11:56:28 --> se creo el consumidor 11096 
2014-07-31 11:56:28 --> la informacion de la sede es array (
  'S_ID' => '2',
  'S_NOMBRE' => 'CENTRO',
  'S_DESCRIPCION' => 'Sede para atender los casos de la regional centro',
  'S_C_ID' => '1',
  'S_CANTIDAD_ENCUESTAS' => '10',
  'S_ACTIVO' => '1',
  'S_LOGO' => '4',
  'S_MUESTRA_VIDEO' => '0',
) 
2014-07-31 11:56:28 --> se va a extraer informacion del area  
2014-07-31 11:56:28 --> la informacion del area es array (
  'AR_ID' => '3',
  'AR_NOMBRE' => 'SEGUIMIENTO_AL_SERVICIO',
  'AR_DESCRIPCION' => 'Solicitudes Quejas y Reclamos',
  'AR_C_ID' => '1',
  'AR_ACTIVO' => '1',
  'AR_ALIAS' => 'SAS',
  'AR_MOSTRAR_NOMBRE_PANTALLA' => '0',
) 
2014-07-31 11:56:28 --> se va a crear el turno 
2014-07-31 11:56:28 --> se creo el turno 39 del area SAS 
2014-07-31 11:57:40 --> crear el consumidor 
2014-07-31 11:57:40 --> se creo el consumidor 11098 
2014-07-31 11:57:40 --> la informacion de la sede es array (
  'S_ID' => '2',
  'S_NOMBRE' => 'CENTRO',
  'S_DESCRIPCION' => 'Sede para atender los casos de la regional centro',
  'S_C_ID' => '1',
  'S_CANTIDAD_ENCUESTAS' => '10',
  'S_ACTIVO' => '1',
  'S_LOGO' => '4',
  'S_MUESTRA_VIDEO' => '0',
) 
2014-07-31 11:57:40 --> se va a extraer informacion del area  
2014-07-31 11:57:40 --> la informacion del area es array (
  'AR_ID' => '2',
  'AR_NOMBRE' => 'APORTES',
  'AR_DESCRIPCION' => 'Pensiones Incapacidades Cesantias Cartas FNA',
  'AR_C_ID' => '1',
  'AR_ACTIVO' => '1',
  'AR_ALIAS' => 'A',
  'AR_MOSTRAR_NOMBRE_PANTALLA' => '0',
) 
2014-07-31 11:57:40 --> se va a crear el turno 
2014-07-31 11:57:40 --> se creo el turno 35 del area A 
2014-07-31 12:04:13 --> crear el consumidor 
2014-07-31 12:04:13 --> se creo el consumidor 11101 
2014-07-31 12:04:13 --> la informacion de la sede es array (
  'S_ID' => '2',
  'S_NOMBRE' => 'CENTRO',
  'S_DESCRIPCION' => 'Sede para atender los casos de la regional centro',
  'S_C_ID' => '1',
  'S_CANTIDAD_ENCUESTAS' => '10',
  'S_ACTIVO' => '1',
  'S_LOGO' => '4',
  'S_MUESTRA_VIDEO' => '0',
) 
2014-07-31 12:04:13 --> se va a extraer informacion del area  
2014-07-31 12:04:13 --> la informacion del area es array (
  'AR_ID' => '2',
  'AR_NOMBRE' => 'APORTES',
  'AR_DESCRIPCION' => 'Pensiones Incapacidades Cesantias Cartas FNA',
  'AR_C_ID' => '1',
  'AR_ACTIVO' => '1',
  'AR_ALIAS' => 'A',
  'AR_MOSTRAR_NOMBRE_PANTALLA' => '0',
) 
2014-07-31 12:04:13 --> se va a crear el turno 
2014-07-31 12:04:13 --> se creo el turno 36 del area A 

2014-07-31 12:04:35 --> get_areas 1 
2014-07-31 12:04:35 --> buscando areas del cliente 
2014-07-31 12:04:50 --> crear el consumidor 
2014-07-31 12:04:50 --> se creo el consumidor 11102 
2014-07-31 12:04:50 --> la informacion de la sede es array (
  'S_ID' => '4',
  'S_NOMBRE' => 'OCCIDENTE',
  'S_DESCRIPCION' => 'Sedle para atender los casos de la regional occidente',
  'S_C_ID' => '1',
  'S_CANTIDAD_ENCUESTAS' => '10',
  'S_ACTIVO' => '1',
  'S_LOGO' => '7',
  'S_MUESTRA_VIDEO' => '0',
) 
2014-07-31 12:04:50 --> se va a extraer informacion del area  
2014-07-31 12:04:50 --> la informacion del area es array (
  'AR_ID' => '5',
  'AR_NOMBRE' => 'OTROS',
  'AR_DESCRIPCION' => 'Otros',
  'AR_C_ID' => '1',
  'AR_ACTIVO' => '1',
  'AR_ALIAS' => 'Otro',
  'AR_MOSTRAR_NOMBRE_PANTALLA' => '0',
) 
2014-07-31 12:04:50 --> se va a crear el turno 
2014-07-31 12:04:50 --> se creo el turno 3 del area Otro 
2014-07-31 13:26:33 --> crear el consumidor 
2014-07-31 13:26:33 --> se creo el consumidor 11130 
2014-07-31 13:26:33 --> la informacion de la sede es array (
  'S_ID' => '2',
  'S_NOMBRE' => 'CENTRO',
  'S_DESCRIPCION' => 'Sede para atender los casos de la regional centro',
  'S_C_ID' => '1',
  'S_CANTIDAD_ENCUESTAS' => '10',
  'S_ACTIVO' => '1',
  'S_LOGO' => '4',
  'S_MUESTRA_VIDEO' => '0',
) 
2014-07-31 13:26:33 --> se va a extraer informacion del area  
2014-07-31 13:26:33 --> la informacion del area es array (
  'AR_ID' => '3',
  'AR_NOMBRE' => 'SEGUIMIENTO_AL_SERVICIO',
  'AR_DESCRIPCION' => 'Solicitudes Quejas y Reclamos',
  'AR_C_ID' => '1',
  'AR_ACTIVO' => '1',
  'AR_ALIAS' => 'SAS',
  'AR_MOSTRAR_NOMBRE_PANTALLA' => '0',
) 
2014-07-31 13:26:33 --> se va a crear el turno 
2014-07-31 13:26:33 --> se creo el turno 50 del area SAS 
2014-07-31 13:27:14 --> crear el consumidor 
2014-07-31 13:27:14 --> se creo el consumidor 11131 
2014-07-31 13:27:14 --> la informacion de la sede es array (
  'S_ID' => '2',
  'S_NOMBRE' => 'CENTRO',
  'S_DESCRIPCION' => 'Sede para atender los casos de la regional centro',
  'S_C_ID' => '1',
  'S_CANTIDAD_ENCUESTAS' => '10',
  'S_ACTIVO' => '1',
  'S_LOGO' => '4',
  'S_MUESTRA_VIDEO' => '0',
) 
2014-07-31 13:27:14 --> se va a extraer informacion del area  
2014-07-31 13:27:14 --> la informacion del area es array (
  'AR_ID' => '3',
  'AR_NOMBRE' => 'SEGUIMIENTO_AL_SERVICIO',
  'AR_DESCRIPCION' => 'Solicitudes Quejas y Reclamos',
  'AR_C_ID' => '1',
  'AR_ACTIVO' => '1',
  'AR_ALIAS' => 'SAS',
  'AR_MOSTRAR_NOMBRE_PANTALLA' => '0',
) 
2014-07-31 13:27:14 --> se va a crear el turno 
2014-07-31 13:27:14 --> se creo el turno 51 del area SAS 
2014-07-31 13:28:17 --> crear el consumidor 
2014-07-31 13:28:17 --> se creo el consumidor 11132 
2014-07-31 13:28:17 --> la informacion de la sede es array (
  'S_ID' => '2',
  'S_NOMBRE' => 'CENTRO',
  'S_DESCRIPCION' => 'Sede para atender los casos de la regional centro',
  'S_C_ID' => '1',
  'S_CANTIDAD_ENCUESTAS' => '10',
  'S_ACTIVO' => '1',
  'S_LOGO' => '4',
  'S_MUESTRA_VIDEO' => '0',
) 
2014-07-31 13:28:17 --> se va a extraer informacion del area  
2014-07-31 13:28:17 --> la informacion del area es array (
  'AR_ID' => '3',
  'AR_NOMBRE' => 'SEGUIMIENTO_AL_SERVICIO',
  'AR_DESCRIPCION' => 'Solicitudes Quejas y Reclamos',
  'AR_C_ID' => '1',
  'AR_ACTIVO' => '1',
  'AR_ALIAS' => 'SAS',
  'AR_MOSTRAR_NOMBRE_PANTALLA' => '0',
) 
2014-07-31 13:28:17 --> se va a crear el turno 
2014-07-31 13:28:17 --> se creo el turno 52 del area SAS 
2014-07-31 13:30:56 --> crear el consumidor 
2014-07-31 13:30:56 --> se creo el consumidor 11133 
2014-07-31 13:30:56 --> la informacion de la sede es array (
  'S_ID' => '2',
  'S_NOMBRE' => 'CENTRO',
  'S_DESCRIPCION' => 'Sede para atender los casos de la regional centro',
  'S_C_ID' => '1',
  'S_CANTIDAD_ENCUESTAS' => '10',
  'S_ACTIVO' => '1',
  'S_LOGO' => '4',
  'S_MUESTRA_VIDEO' => '0',
) 
2014-07-31 13:30:56 --> se va a extraer informacion del area  
2014-07-31 13:30:56 --> la informacion del area es array (
  'AR_ID' => '3',
  'AR_NOMBRE' => 'SEGUIMIENTO_AL_SERVICIO',
  'AR_DESCRIPCION' => 'Solicitudes Quejas y Reclamos',
  'AR_C_ID' => '1',
  'AR_ACTIVO' => '1',
  'AR_ALIAS' => 'SAS',
  'AR_MOSTRAR_NOMBRE_PANTALLA' => '0',
) 
2014-07-31 13:30:56 --> se va a crear el turno 
2014-07-31 13:30:56 --> se creo el turno 53 del area SAS 
2014-07-31 13:35:16 --> crear el consumidor 
2014-07-31 13:35:19 --> se creo el consumidor 11135 
2014-07-31 13:35:19 --> la informacion de la sede es array (
  'S_ID' => '2',
  'S_NOMBRE' => 'CENTRO',
  'S_DESCRIPCION' => 'Sede para atender los casos de la regional centro',
  'S_C_ID' => '1',
  'S_CANTIDAD_ENCUESTAS' => '10',
  'S_ACTIVO' => '1',
  'S_LOGO' => '4',
  'S_MUESTRA_VIDEO' => '0',
) 
2014-07-31 13:35:19 --> se va a extraer informacion del area  
2014-07-31 13:35:19 --> la informacion del area es array (
  'AR_ID' => '3',
  'AR_NOMBRE' => 'SEGUIMIENTO_AL_SERVICIO',
  'AR_DESCRIPCION' => 'Solicitudes Quejas y Reclamos',
  'AR_C_ID' => '1',
  'AR_ACTIVO' => '1',
  'AR_ALIAS' => 'SAS',
  'AR_MOSTRAR_NOMBRE_PANTALLA' => '0',
) 
2014-07-31 13:35:19 --> se va a crear el turno 
2014-07-31 13:35:19 --> se creo el turno 55 del area SAS 
2014-07-31 13:44:50 --> crear el consumidor 
2014-07-31 13:44:50 --> se creo el consumidor 11138 
2014-07-31 13:44:50 --> la informacion de la sede es array (
  'S_ID' => '2',
  'S_NOMBRE' => 'CENTRO',
  'S_DESCRIPCION' => 'Sede para atender los casos de la regional centro',
  'S_C_ID' => '1',
  'S_CANTIDAD_ENCUESTAS' => '10',
  'S_ACTIVO' => '1',
  'S_LOGO' => '4',
  'S_MUESTRA_VIDEO' => '0',
) 
2014-07-31 13:44:50 --> se va a extraer informacion del area  
2014-07-31 13:44:50 --> la informacion del area es array (
  'AR_ID' => '3',
  'AR_NOMBRE' => 'SEGUIMIENTO_AL_SERVICIO',
  'AR_DESCRIPCION' => 'Solicitudes Quejas y Reclamos',
  'AR_C_ID' => '1',
  'AR_ACTIVO' => '1',
  'AR_ALIAS' => 'SAS',
  'AR_MOSTRAR_NOMBRE_PANTALLA' => '0',
) 
2014-07-31 13:44:50 --> se va a crear el turno 
2014-07-31 13:44:50 --> se creo el turno 57 del area SAS 
2014-07-31 13:51:57 --> crear el consumidor 
2014-07-31 13:51:57 --> se creo el consumidor 11139 
2014-07-31 13:51:57 --> la informacion de la sede es array (
  'S_ID' => '2',
  'S_NOMBRE' => 'CENTRO',
  'S_DESCRIPCION' => 'Sede para atender los casos de la regional centro',
  'S_C_ID' => '1',
  'S_CANTIDAD_ENCUESTAS' => '10',
  'S_ACTIVO' => '1',
  'S_LOGO' => '4',
  'S_MUESTRA_VIDEO' => '0',
) 
2014-07-31 13:51:57 --> se va a extraer informacion del area  
2014-07-31 13:51:57 --> la informacion del area es array (
  'AR_ID' => '3',
  'AR_NOMBRE' => 'SEGUIMIENTO_AL_SERVICIO',
  'AR_DESCRIPCION' => 'Solicitudes Quejas y Reclamos',
  'AR_C_ID' => '1',
  'AR_ACTIVO' => '1',
  'AR_ALIAS' => 'SAS',
  'AR_MOSTRAR_NOMBRE_PANTALLA' => '0',
) 
2014-07-31 13:51:57 --> se va a crear el turno 
2014-07-31 13:51:57 --> se creo el turno 58 del area SAS 

2014-07-31 14:25:41 --> get_areas 1 
2014-07-31 14:25:41 --> buscando areas del cliente 
2014-07-31 14:25:58 --> crear el consumidor 
2014-07-31 14:25:58 --> se creo el consumidor 11145 
2014-07-31 14:25:58 --> la informacion de la sede es array (
  'S_ID' => '3',
  'S_NOMBRE' => 'NORTE',
  'S_DESCRIPCION' => 'Sede para atender los casos de la regional norte',
  'S_C_ID' => '1',
  'S_CANTIDAD_ENCUESTAS' => '10',
  'S_ACTIVO' => '1',
  'S_LOGO' => '7',
  'S_MUESTRA_VIDEO' => '0',
) 
2014-07-31 14:25:58 --> se va a extraer informacion del area  
2014-07-31 14:25:58 --> la informacion del area es array (
  'AR_ID' => '8',
  'AR_NOMBRE' => 'COMPENSACION_SALARIAL',
  'AR_DESCRIPCION' => 'Informacion pago nomina y liquidaciones',
  'AR_C_ID' => '1',
  'AR_ACTIVO' => '1',
  'AR_ALIAS' => 'Comp',
  'AR_MOSTRAR_NOMBRE_PANTALLA' => '0',
) 
2014-07-31 14:25:58 --> se va a crear el turno 
2014-07-31 14:25:58 --> se creo el turno 3 del area Comp 

2014-07-31 14:30:19 --> get_areas 1 
2014-07-31 14:30:19 --> buscando areas del cliente 
2014-07-31 14:30:39 --> crear el consumidor 
2014-07-31 14:30:39 --> se creo el consumidor 11147 
2014-07-31 14:30:39 --> la informacion de la sede es array (
  'S_ID' => '4',
  'S_NOMBRE' => 'OCCIDENTE',
  'S_DESCRIPCION' => 'Sedle para atender los casos de la regional occidente',
  'S_C_ID' => '1',
  'S_CANTIDAD_ENCUESTAS' => '10',
  'S_ACTIVO' => '1',
  'S_LOGO' => '7',
  'S_MUESTRA_VIDEO' => '0',
) 
2014-07-31 14:30:39 --> se va a extraer informacion del area  
2014-07-31 14:30:39 --> la informacion del area es array (
  'AR_ID' => '5',
  'AR_NOMBRE' => 'OTROS',
  'AR_DESCRIPCION' => 'Otros',
  'AR_C_ID' => '1',
  'AR_ACTIVO' => '1',
  'AR_ALIAS' => 'Otro',
  'AR_MOSTRAR_NOMBRE_PANTALLA' => '0',
) 
2014-07-31 14:30:39 --> se va a crear el turno 
2014-07-31 14:30:39 --> se creo el turno 4 del area Otro 

2014-07-31 14:39:29 --> get_areas 1 
2014-07-31 14:39:29 --> buscando areas del cliente 

2014-07-31 15:28:45 --> get_areas 1 
2014-07-31 15:28:45 --> buscando areas del cliente 
2014-07-31 15:28:53 --> crear el consumidor 
2014-07-31 15:28:53 --> se creo el consumidor 11194 
2014-07-31 15:28:53 --> la informacion de la sede es array (
  'S_ID' => '4',
  'S_NOMBRE' => 'OCCIDENTE',
  'S_DESCRIPCION' => 'Sedle para atender los casos de la regional occidente',
  'S_C_ID' => '1',
  'S_CANTIDAD_ENCUESTAS' => '10',
  'S_ACTIVO' => '1',
  'S_LOGO' => '7',
  'S_MUESTRA_VIDEO' => '0',
) 
2014-07-31 15:28:53 --> se va a extraer informacion del area  
2014-07-31 15:28:53 --> la informacion del area es array (
  'AR_ID' => '2',
  'AR_NOMBRE' => 'APORTES',
  'AR_DESCRIPCION' => 'Pensiones Incapacidades Cesantias Cartas FNA',
  'AR_C_ID' => '1',
  'AR_ACTIVO' => '1',
  'AR_ALIAS' => 'A',
  'AR_MOSTRAR_NOMBRE_PANTALLA' => '0',
) 
2014-07-31 15:28:53 --> se va a crear el turno 
2014-07-31 15:28:53 --> se creo el turno 8 del area A 

2014-07-31 15:36:49 --> get_areas 1 
2014-07-31 15:36:49 --> buscando areas del cliente 
2014-07-31 15:37:02 --> crear el consumidor 
2014-07-31 15:37:02 --> se creo el consumidor 11198 
2014-07-31 15:37:02 --> la informacion de la sede es array (
  'S_ID' => '3',
  'S_NOMBRE' => 'NORTE',
  'S_DESCRIPCION' => 'Sede para atender los casos de la regional norte',
  'S_C_ID' => '1',
  'S_CANTIDAD_ENCUESTAS' => '10',
  'S_ACTIVO' => '1',
  'S_LOGO' => '7',
  'S_MUESTRA_VIDEO' => '0',
) 
2014-07-31 15:37:02 --> se va a extraer informacion del area  
2014-07-31 15:37:02 --> la informacion del area es array (
  'AR_ID' => '5',
  'AR_NOMBRE' => 'OTROS',
  'AR_DESCRIPCION' => 'Otros',
  'AR_C_ID' => '1',
  'AR_ACTIVO' => '1',
  'AR_ALIAS' => 'Otro',
  'AR_MOSTRAR_NOMBRE_PANTALLA' => '0',
) 
2014-07-31 15:37:02 --> se va a crear el turno 
2014-07-31 15:37:02 --> se creo el turno 1 del area Otro 

2014-07-31 15:50:07 --> get_areas 1 
2014-07-31 15:50:07 --> buscando areas del cliente 
2014-07-31 15:50:26 --> crear el consumidor 
2014-07-31 15:50:26 --> se creo el consumidor 11203 
2014-07-31 15:50:26 --> la informacion de la sede es array (
  'S_ID' => '4',
  'S_NOMBRE' => 'OCCIDENTE',
  'S_DESCRIPCION' => 'Sedle para atender los casos de la regional occidente',
  'S_C_ID' => '1',
  'S_CANTIDAD_ENCUESTAS' => '10',
  'S_ACTIVO' => '1',
  'S_LOGO' => '7',
  'S_MUESTRA_VIDEO' => '0',
) 
2014-07-31 15:50:26 --> se va a extraer informacion del area  
2014-07-31 15:50:26 --> la informacion del area es array (
  'AR_ID' => '7',
  'AR_NOMBRE' => 'VARIOS_REQUERIMIENTOS',
  'AR_DESCRIPCION' => 'Solicitudes varias',
  'AR_C_ID' => '1',
  'AR_ACTIVO' => '1',
  'AR_ALIAS' => 'Vari',
  'AR_MOSTRAR_NOMBRE_PANTALLA' => '0',
) 
2014-07-31 15:50:26 --> se va a crear el turno 
2014-07-31 15:50:26 --> se creo el turno 4 del area Vari 

2014-07-31 15:54:26 --> get_areas 1 
2014-07-31 15:54:26 --> buscando areas del cliente 
2014-07-31 15:54:32 --> crear el consumidor 
2014-07-31 15:54:32 --> se creo el consumidor 11204 
2014-07-31 15:54:32 --> la informacion de la sede es array (
  'S_ID' => '4',
  'S_NOMBRE' => 'OCCIDENTE',
  'S_DESCRIPCION' => 'Sedle para atender los casos de la regional occidente',
  'S_C_ID' => '1',
  'S_CANTIDAD_ENCUESTAS' => '10',
  'S_ACTIVO' => '1',
  'S_LOGO' => '7',
  'S_MUESTRA_VIDEO' => '0',
) 
2014-07-31 15:54:32 --> se va a extraer informacion del area  
2014-07-31 15:54:32 --> la informacion del area es array (
  'AR_ID' => '5',
  'AR_NOMBRE' => 'OTROS',
  'AR_DESCRIPCION' => 'Otros',
  'AR_C_ID' => '1',
  'AR_ACTIVO' => '1',
  'AR_ALIAS' => 'Otro',
  'AR_MOSTRAR_NOMBRE_PANTALLA' => '0',
) 
2014-07-31 15:54:32 --> se va a crear el turno 
2014-07-31 15:54:32 --> se creo el turno 5 del area Otro 

2014-07-31 15:56:31 --> get_areas 1 
2014-07-31 15:56:31 --> buscando areas del cliente 
2014-07-31 15:57:12 --> crear el consumidor 
2014-07-31 15:57:12 --> se creo el consumidor 11206 
2014-07-31 15:57:12 --> la informacion de la sede es array (
  'S_ID' => '4',
  'S_NOMBRE' => 'OCCIDENTE',
  'S_DESCRIPCION' => 'Sedle para atender los casos de la regional occidente',
  'S_C_ID' => '1',
  'S_CANTIDAD_ENCUESTAS' => '10',
  'S_ACTIVO' => '1',
  'S_LOGO' => '7',
  'S_MUESTRA_VIDEO' => '0',
) 
2014-07-31 15:57:12 --> se va a extraer informacion del area  
2014-07-31 15:57:12 --> la informacion del area es array (
  'AR_ID' => '2',
  'AR_NOMBRE' => 'APORTES',
  'AR_DESCRIPCION' => 'Pensiones Incapacidades Cesantias Cartas FNA',
  'AR_C_ID' => '1',
  'AR_ACTIVO' => '1',
  'AR_ALIAS' => 'A',
  'AR_MOSTRAR_NOMBRE_PANTALLA' => '0',
) 
2014-07-31 15:57:12 --> se va a crear el turno 
2014-07-31 15:57:12 --> se creo el turno 9 del area A 

2014-07-31 15:57:57 --> get_areas 1 
2014-07-31 15:57:57 --> buscando areas del cliente 
2014-07-31 15:58:02 --> crear el consumidor 
2014-07-31 15:58:02 --> se creo el consumidor 11207 
2014-07-31 15:58:02 --> la informacion de la sede es array (
  'S_ID' => '4',
  'S_NOMBRE' => 'OCCIDENTE',
  'S_DESCRIPCION' => 'Sedle para atender los casos de la regional occidente',
  'S_C_ID' => '1',
  'S_CANTIDAD_ENCUESTAS' => '10',
  'S_ACTIVO' => '1',
  'S_LOGO' => '7',
  'S_MUESTRA_VIDEO' => '0',
) 
2014-07-31 15:58:02 --> se va a extraer informacion del area  
2014-07-31 15:58:02 --> la informacion del area es array (
  'AR_ID' => '1',
  'AR_NOMBRE' => 'GERENCIA_DEL_SERVICIO',
  'AR_DESCRIPCION' => 'Cartas de ingreso al punto de venta',
  'AR_C_ID' => '1',
  'AR_ACTIVO' => '1',
  'AR_ALIAS' => 'GS',
  'AR_MOSTRAR_NOMBRE_PANTALLA' => '0',
) 
2014-07-31 15:58:02 --> se va a crear el turno 
2014-07-31 15:58:02 --> se creo el turno 3 del area GS 

2014-07-31 15:58:50 --> get_areas 1 
2014-07-31 15:58:50 --> buscando areas del cliente 
2014-07-31 15:59:01 --> crear el consumidor 
2014-07-31 15:59:01 --> se creo el consumidor 11208 
2014-07-31 15:59:01 --> la informacion de la sede es array (
  'S_ID' => '4',
  'S_NOMBRE' => 'OCCIDENTE',
  'S_DESCRIPCION' => 'Sedle para atender los casos de la regional occidente',
  'S_C_ID' => '1',
  'S_CANTIDAD_ENCUESTAS' => '10',
  'S_ACTIVO' => '1',
  'S_LOGO' => '7',
  'S_MUESTRA_VIDEO' => '0',
) 
2014-07-31 15:59:01 --> se va a extraer informacion del area  
2014-07-31 15:59:01 --> la informacion del area es array (
  'AR_ID' => '1',
  'AR_NOMBRE' => 'GERENCIA_DEL_SERVICIO',
  'AR_DESCRIPCION' => 'Cartas de ingreso al punto de venta',
  'AR_C_ID' => '1',
  'AR_ACTIVO' => '1',
  'AR_ALIAS' => 'GS',
  'AR_MOSTRAR_NOMBRE_PANTALLA' => '0',
) 
2014-07-31 15:59:01 --> se va a crear el turno 
2014-07-31 15:59:01 --> se creo el turno 4 del area GS 

2014-07-31 15:59:46 --> get_areas 1 
2014-07-31 15:59:46 --> buscando areas del cliente 
2014-07-31 16:00:02 --> crear el consumidor 
2014-07-31 16:00:02 --> se creo el consumidor 11209 
2014-07-31 16:00:02 --> la informacion de la sede es array (
  'S_ID' => '4',
  'S_NOMBRE' => 'OCCIDENTE',
  'S_DESCRIPCION' => 'Sedle para atender los casos de la regional occidente',
  'S_C_ID' => '1',
  'S_CANTIDAD_ENCUESTAS' => '10',
  'S_ACTIVO' => '1',
  'S_LOGO' => '7',
  'S_MUESTRA_VIDEO' => '0',
) 
2014-07-31 16:00:02 --> se va a extraer informacion del area  
2014-07-31 16:00:02 --> la informacion del area es array (
  'AR_ID' => '2',
  'AR_NOMBRE' => 'APORTES',
  'AR_DESCRIPCION' => 'Pensiones Incapacidades Cesantias Cartas FNA',
  'AR_C_ID' => '1',
  'AR_ACTIVO' => '1',
  'AR_ALIAS' => 'A',
  'AR_MOSTRAR_NOMBRE_PANTALLA' => '0',
) 
2014-07-31 16:00:02 --> se va a crear el turno 
2014-07-31 16:00:02 --> se creo el turno 10 del area A 

2014-07-31 16:00:41 --> get_areas 1 
2014-07-31 16:00:41 --> buscando areas del cliente 
2014-07-31 16:00:44 --> crear el consumidor 
2014-07-31 16:00:49 --> se creo el consumidor 11211 
2014-07-31 16:00:49 --> la informacion de la sede es array (
  'S_ID' => '4',
  'S_NOMBRE' => 'OCCIDENTE',
  'S_DESCRIPCION' => 'Sedle para atender los casos de la regional occidente',
  'S_C_ID' => '1',
  'S_CANTIDAD_ENCUESTAS' => '10',
  'S_ACTIVO' => '1',
  'S_LOGO' => '7',
  'S_MUESTRA_VIDEO' => '0',
) 
2014-07-31 16:00:49 --> se va a extraer informacion del area  
2014-07-31 16:00:49 --> la informacion del area es array (
  'AR_ID' => '2',
  'AR_NOMBRE' => 'APORTES',
  'AR_DESCRIPCION' => 'Pensiones Incapacidades Cesantias Cartas FNA',
  'AR_C_ID' => '1',
  'AR_ACTIVO' => '1',
  'AR_ALIAS' => 'A',
  'AR_MOSTRAR_NOMBRE_PANTALLA' => '0',
) 
2014-07-31 16:00:49 --> se va a crear el turno 
2014-07-31 16:00:49 --> se creo el turno 11 del area A 

2014-07-31 16:07:00 --> get_areas 1 
2014-07-31 16:07:00 --> buscando areas del cliente 
2014-07-31 16:07:06 --> crear el consumidor 
2014-07-31 16:07:06 --> se creo el consumidor 11213 
2014-07-31 16:07:06 --> la informacion de la sede es array (
  'S_ID' => '4',
  'S_NOMBRE' => 'OCCIDENTE',
  'S_DESCRIPCION' => 'Sedle para atender los casos de la regional occidente',
  'S_C_ID' => '1',
  'S_CANTIDAD_ENCUESTAS' => '10',
  'S_ACTIVO' => '1',
  'S_LOGO' => '7',
  'S_MUESTRA_VIDEO' => '0',
) 
2014-07-31 16:07:06 --> se va a extraer informacion del area  
2014-07-31 16:07:06 --> la informacion del area es array (
  'AR_ID' => '2',
  'AR_NOMBRE' => 'APORTES',
  'AR_DESCRIPCION' => 'Pensiones Incapacidades Cesantias Cartas FNA',
  'AR_C_ID' => '1',
  'AR_ACTIVO' => '1',
  'AR_ALIAS' => 'A',
  'AR_MOSTRAR_NOMBRE_PANTALLA' => '0',
) 
2014-07-31 16:07:06 --> se va a crear el turno 
2014-07-31 16:07:06 --> se creo el turno 12 del area A 

2014-07-31 16:16:11 --> get_areas 1 
2014-07-31 16:16:11 --> buscando areas del cliente 
2014-07-31 16:16:22 --> crear el consumidor 
2014-07-31 16:16:22 --> se creo el consumidor 11215 
2014-07-31 16:16:22 --> la informacion de la sede es array (
  'S_ID' => '4',
  'S_NOMBRE' => 'OCCIDENTE',
  'S_DESCRIPCION' => 'Sedle para atender los casos de la regional occidente',
  'S_C_ID' => '1',
  'S_CANTIDAD_ENCUESTAS' => '10',
  'S_ACTIVO' => '1',
  'S_LOGO' => '7',
  'S_MUESTRA_VIDEO' => '0',
) 
2014-07-31 16:16:22 --> se va a extraer informacion del area  
2014-07-31 16:16:22 --> la informacion del area es array (
  'AR_ID' => '1',
  'AR_NOMBRE' => 'GERENCIA_DEL_SERVICIO',
  'AR_DESCRIPCION' => 'Cartas de ingreso al punto de venta',
  'AR_C_ID' => '1',
  'AR_ACTIVO' => '1',
  'AR_ALIAS' => 'GS',
  'AR_MOSTRAR_NOMBRE_PANTALLA' => '0',
) 
2014-07-31 16:16:22 --> se va a crear el turno 
2014-07-31 16:16:22 --> se creo el turno 5 del area GS 

2014-07-31 16:17:30 --> get_areas 1 
2014-07-31 16:17:30 --> buscando areas del cliente 
2014-07-31 16:17:41 --> crear el consumidor 
2014-07-31 16:17:41 --> se creo el consumidor 11217 
2014-07-31 16:17:41 --> la informacion de la sede es array (
  'S_ID' => '4',
  'S_NOMBRE' => 'OCCIDENTE',
  'S_DESCRIPCION' => 'Sedle para atender los casos de la regional occidente',
  'S_C_ID' => '1',
  'S_CANTIDAD_ENCUESTAS' => '10',
  'S_ACTIVO' => '1',
  'S_LOGO' => '7',
  'S_MUESTRA_VIDEO' => '0',
) 
2014-07-31 16:17:41 --> se va a extraer informacion del area  
2014-07-31 16:17:41 --> la informacion del area es array (
  'AR_ID' => '2',
  'AR_NOMBRE' => 'APORTES',
  'AR_DESCRIPCION' => 'Pensiones Incapacidades Cesantias Cartas FNA',
  'AR_C_ID' => '1',
  'AR_ACTIVO' => '1',
  'AR_ALIAS' => 'A',
  'AR_MOSTRAR_NOMBRE_PANTALLA' => '0',
) 
2014-07-31 16:17:41 --> se va a crear el turno 
2014-07-31 16:17:41 --> se creo el turno 13 del area A 

2014-07-31 16:41:12 --> get_areas 1 
2014-07-31 16:41:12 --> buscando areas del cliente 
2014-07-31 16:41:31 --> crear el consumidor 
2014-07-31 16:41:31 --> se creo el consumidor 11225 
2014-07-31 16:41:31 --> la informacion de la sede es array (
  'S_ID' => '4',
  'S_NOMBRE' => 'OCCIDENTE',
  'S_DESCRIPCION' => 'Sedle para atender los casos de la regional occidente',
  'S_C_ID' => '1',
  'S_CANTIDAD_ENCUESTAS' => '10',
  'S_ACTIVO' => '1',
  'S_LOGO' => '7',
  'S_MUESTRA_VIDEO' => '0',
) 
2014-07-31 16:41:31 --> se va a extraer informacion del area  
2014-07-31 16:41:31 --> la informacion del area es array (
  'AR_ID' => '5',
  'AR_NOMBRE' => 'OTROS',
  'AR_DESCRIPCION' => 'Otros',
  'AR_C_ID' => '1',
  'AR_ACTIVO' => '1',
  'AR_ALIAS' => 'Otro',
  'AR_MOSTRAR_NOMBRE_PANTALLA' => '0',
) 
2014-07-31 16:41:31 --> se va a crear el turno 
2014-07-31 16:41:31 --> se creo el turno 6 del area Otro 

2014-07-31 18:42:49 --> get_areas 1 
2014-07-31 18:42:49 --> buscando areas del cliente 

2014-07-31 18:51:24 --> get_areas 1 
2014-07-31 18:51:24 --> buscando areas del cliente 
2014-07-31 18:51:34 --> crear el consumidor 
2014-07-31 18:51:34 --> se creo el consumidor 11232 
2014-07-31 18:51:34 --> la informacion de la sede es array (
  'S_ID' => '2',
  'S_NOMBRE' => 'CENTRO',
  'S_DESCRIPCION' => 'Sede para atender los casos de la regional centro',
  'S_C_ID' => '1',
  'S_CANTIDAD_ENCUESTAS' => '10',
  'S_ACTIVO' => '1',
  'S_LOGO' => '4',
  'S_MUESTRA_VIDEO' => '0',
) 
2014-07-31 18:51:34 --> se va a extraer informacion del area  
2014-07-31 18:51:34 --> la informacion del area es array (
  'AR_ID' => '5',
  'AR_NOMBRE' => 'OTROS',
  'AR_DESCRIPCION' => 'Otros',
  'AR_C_ID' => '1',
  'AR_ACTIVO' => '1',
  'AR_ALIAS' => 'Otro',
  'AR_MOSTRAR_NOMBRE_PANTALLA' => '0',
) 
2014-07-31 18:51:34 --> se va a crear el turno 
2014-07-31 18:51:34 --> se creo el turno 1 del area Otro 

2014-07-31 19:45:21 --> get_areas 1 
2014-07-31 19:45:21 --> buscando areas del cliente 
2014-07-31 19:45:39 --> crear el consumidor 
2014-07-31 19:45:39 --> se creo el consumidor 11233 
2014-07-31 19:45:39 --> la informacion de la sede es array (
  'S_ID' => '2',
  'S_NOMBRE' => 'CENTRO',
  'S_DESCRIPCION' => 'Sede para atender los casos de la regional centro',
  'S_C_ID' => '1',
  'S_CANTIDAD_ENCUESTAS' => '10',
  'S_ACTIVO' => '1',
  'S_LOGO' => '4',
  'S_MUESTRA_VIDEO' => '0',
) 
2014-07-31 19:45:39 --> se va a extraer informacion del area  
2014-07-31 19:45:39 --> la informacion del area es array (
  'AR_ID' => '8',
  'AR_NOMBRE' => 'COMPENSACION_SALARIAL',
  'AR_DESCRIPCION' => 'Informacion pago nomina y liquidaciones',
  'AR_C_ID' => '1',
  'AR_ACTIVO' => '1',
  'AR_ALIAS' => 'Comp',
  'AR_MOSTRAR_NOMBRE_PANTALLA' => '0',
) 
2014-07-31 19:45:39 --> se va a crear el turno 
2014-07-31 19:45:39 --> se creo el turno 12 del area Comp 

2014-07-31 21:56:43 --> get_areas 1 
2014-07-31 21:56:43 --> buscando areas del cliente 
2014-07-31 21:57:03 --> crear el consumidor 
2014-07-31 21:57:05 --> se creo el consumidor 11234 
2014-07-31 21:57:05 --> la informacion de la sede es array (
  'S_ID' => '2',
  'S_NOMBRE' => 'CENTRO',
  'S_DESCRIPCION' => 'Sede para atender los casos de la regional centro',
  'S_C_ID' => '1',
  'S_CANTIDAD_ENCUESTAS' => '10',
  'S_ACTIVO' => '1',
  'S_LOGO' => '4',
  'S_MUESTRA_VIDEO' => '0',
) 
2014-07-31 21:57:05 --> se va a extraer informacion del area  
2014-07-31 21:57:05 --> la informacion del area es array (
  'AR_ID' => '1',
  'AR_NOMBRE' => 'GERENCIA_DEL_SERVICIO',
  'AR_DESCRIPCION' => 'Cartas de ingreso al punto de venta',
  'AR_C_ID' => '1',
  'AR_ACTIVO' => '1',
  'AR_ALIAS' => 'GS',
  'AR_MOSTRAR_NOMBRE_PANTALLA' => '0',
) 
2014-07-31 21:57:05 --> se va a crear el turno 
2014-07-31 21:57:05 --> se creo el turno 33 del area GS 
