
2014-08-04 08:33:50 --> get_areas 1 
2014-08-04 08:33:50 --> buscando areas del cliente 
2014-08-04 08:33:56 --> crear el consumidor 
2014-08-04 08:33:56 --> se creo el consumidor 11569 
2014-08-04 08:33:56 --> la informacion de la sede es array (
  'S_ID' => '4',
  'S_NOMBRE' => 'OCCIDENTE',
  'S_DESCRIPCION' => 'Sedle para atender los casos de la regional occidente',
  'S_C_ID' => '1',
  'S_CANTIDAD_ENCUESTAS' => '10',
  'S_ACTIVO' => '1',
  'S_LOGO' => '7',
  'S_MUESTRA_VIDEO' => '0',
) 
2014-08-04 08:33:56 --> se va a extraer informacion del area  
2014-08-04 08:33:56 --> la informacion del area es array (
  'AR_ID' => '2',
  'AR_NOMBRE' => 'APORTES',
  'AR_DESCRIPCION' => 'Pensiones Incapacidades Cesantias Cartas FNA',
  'AR_C_ID' => '1',
  'AR_ACTIVO' => '1',
  'AR_ALIAS' => 'A',
  'AR_MOSTRAR_NOMBRE_PANTALLA' => '0',
) 
2014-08-04 08:33:56 --> se va a crear el turno 
2014-08-04 08:33:56 --> se creo el turno 2 del area A 

2014-08-04 08:34:37 --> get_areas 1 
2014-08-04 08:34:37 --> buscando areas del cliente 
2014-08-04 08:34:43 --> crear el consumidor 
2014-08-04 08:34:43 --> se creo el consumidor 11570 
2014-08-04 08:34:43 --> la informacion de la sede es array (
  'S_ID' => '4',
  'S_NOMBRE' => 'OCCIDENTE',
  'S_DESCRIPCION' => 'Sedle para atender los casos de la regional occidente',
  'S_C_ID' => '1',
  'S_CANTIDAD_ENCUESTAS' => '10',
  'S_ACTIVO' => '1',
  'S_LOGO' => '7',
  'S_MUESTRA_VIDEO' => '0',
) 
2014-08-04 08:34:43 --> se va a extraer informacion del area  
2014-08-04 08:34:43 --> la informacion del area es array (
  'AR_ID' => '2',
  'AR_NOMBRE' => 'APORTES',
  'AR_DESCRIPCION' => 'Pensiones Incapacidades Cesantias Cartas FNA',
  'AR_C_ID' => '1',
  'AR_ACTIVO' => '1',
  'AR_ALIAS' => 'A',
  'AR_MOSTRAR_NOMBRE_PANTALLA' => '0',
) 
2014-08-04 08:34:43 --> se va a crear el turno 
2014-08-04 08:34:43 --> se creo el turno 3 del area A 

2014-08-04 09:02:14 --> get_areas 1 
2014-08-04 09:02:14 --> buscando areas del cliente 
2014-08-04 09:02:50 --> crear el consumidor 
2014-08-04 09:02:50 --> se creo el consumidor 11586 
2014-08-04 09:02:50 --> la informacion de la sede es array (
  'S_ID' => '4',
  'S_NOMBRE' => 'OCCIDENTE',
  'S_DESCRIPCION' => 'Sedle para atender los casos de la regional occidente',
  'S_C_ID' => '1',
  'S_CANTIDAD_ENCUESTAS' => '10',
  'S_ACTIVO' => '1',
  'S_LOGO' => '7',
  'S_MUESTRA_VIDEO' => '0',
) 
2014-08-04 09:02:50 --> se va a extraer informacion del area  
2014-08-04 09:02:50 --> la informacion del area es array (
  'AR_ID' => '1',
  'AR_NOMBRE' => 'GERENCIA_DEL_SERVICIO',
  'AR_DESCRIPCION' => 'Cartas de ingreso al punto de venta',
  'AR_C_ID' => '1',
  'AR_ACTIVO' => '1',
  'AR_ALIAS' => 'GS',
  'AR_MOSTRAR_NOMBRE_PANTALLA' => '0',
) 
2014-08-04 09:02:50 --> se va a crear el turno 
2014-08-04 09:02:50 --> se creo el turno 1 del area GS 

2014-08-04 09:04:23 --> get_areas 1 
2014-08-04 09:04:23 --> buscando areas del cliente 
2014-08-04 09:04:31 --> crear el consumidor 
2014-08-04 09:04:31 --> se creo el consumidor 11590 
2014-08-04 09:04:31 --> la informacion de la sede es array (
  'S_ID' => '3',
  'S_NOMBRE' => 'NORTE',
  'S_DESCRIPCION' => 'Sede para atender los casos de la regional norte',
  'S_C_ID' => '1',
  'S_CANTIDAD_ENCUESTAS' => '10',
  'S_ACTIVO' => '1',
  'S_LOGO' => '7',
  'S_MUESTRA_VIDEO' => '0',
) 
2014-08-04 09:04:31 --> se va a extraer informacion del area  
2014-08-04 09:04:31 --> la informacion del area es array (
  'AR_ID' => '2',
  'AR_NOMBRE' => 'APORTES',
  'AR_DESCRIPCION' => 'Pensiones Incapacidades Cesantias Cartas FNA',
  'AR_C_ID' => '1',
  'AR_ACTIVO' => '1',
  'AR_ALIAS' => 'A',
  'AR_MOSTRAR_NOMBRE_PANTALLA' => '0',
) 
2014-08-04 09:04:31 --> se va a crear el turno 
2014-08-04 09:04:31 --> se creo el turno 1 del area A 

2014-08-04 09:05:33 --> get_areas 1 
2014-08-04 09:05:33 --> buscando areas del cliente 
2014-08-04 09:05:36 --> crear el consumidor 

2014-08-04 09:05:38 --> get_areas 1 
2014-08-04 09:05:38 --> buscando areas del cliente 
2014-08-04 09:05:40 --> se creo el consumidor 11592 
2014-08-04 09:05:40 --> la informacion de la sede es array (
  'S_ID' => '3',
  'S_NOMBRE' => 'NORTE',
  'S_DESCRIPCION' => 'Sede para atender los casos de la regional norte',
  'S_C_ID' => '1',
  'S_CANTIDAD_ENCUESTAS' => '10',
  'S_ACTIVO' => '1',
  'S_LOGO' => '7',
  'S_MUESTRA_VIDEO' => '0',
) 
2014-08-04 09:05:40 --> se va a extraer informacion del area  
2014-08-04 09:05:40 --> la informacion del area es array (
  'AR_ID' => '2',
  'AR_NOMBRE' => 'APORTES',
  'AR_DESCRIPCION' => 'Pensiones Incapacidades Cesantias Cartas FNA',
  'AR_C_ID' => '1',
  'AR_ACTIVO' => '1',
  'AR_ALIAS' => 'A',
  'AR_MOSTRAR_NOMBRE_PANTALLA' => '0',
) 
2014-08-04 09:05:40 --> se va a crear el turno 
2014-08-04 09:05:40 --> se creo el turno 2 del area A 
2014-08-04 09:05:53 --> crear el consumidor 
2014-08-04 09:05:53 --> se creo el consumidor 11593 
2014-08-04 09:05:53 --> la informacion de la sede es array (
  'S_ID' => '4',
  'S_NOMBRE' => 'OCCIDENTE',
  'S_DESCRIPCION' => 'Sedle para atender los casos de la regional occidente',
  'S_C_ID' => '1',
  'S_CANTIDAD_ENCUESTAS' => '10',
  'S_ACTIVO' => '1',
  'S_LOGO' => '7',
  'S_MUESTRA_VIDEO' => '0',
) 
2014-08-04 09:05:53 --> se va a extraer informacion del area  
2014-08-04 09:05:53 --> la informacion del area es array (
  'AR_ID' => '8',
  'AR_NOMBRE' => 'COMPENSACION_SALARIAL',
  'AR_DESCRIPCION' => 'Informacion pago nomina y liquidaciones',
  'AR_C_ID' => '1',
  'AR_ACTIVO' => '1',
  'AR_ALIAS' => 'Comp',
  'AR_MOSTRAR_NOMBRE_PANTALLA' => '0',
) 
2014-08-04 09:05:53 --> se va a crear el turno 
2014-08-04 09:05:53 --> se creo el turno 1 del area Comp 

2014-08-04 09:09:26 --> get_areas 1 
2014-08-04 09:09:26 --> buscando areas del cliente 
2014-08-04 09:09:37 --> crear el consumidor 
2014-08-04 09:09:37 --> se creo el consumidor 11598 
2014-08-04 09:09:37 --> la informacion de la sede es array (
  'S_ID' => '4',
  'S_NOMBRE' => 'OCCIDENTE',
  'S_DESCRIPCION' => 'Sedle para atender los casos de la regional occidente',
  'S_C_ID' => '1',
  'S_CANTIDAD_ENCUESTAS' => '10',
  'S_ACTIVO' => '1',
  'S_LOGO' => '7',
  'S_MUESTRA_VIDEO' => '0',
) 
2014-08-04 09:09:37 --> se va a extraer informacion del area  
2014-08-04 09:09:37 --> la informacion del area es array (
  'AR_ID' => '5',
  'AR_NOMBRE' => 'OTROS',
  'AR_DESCRIPCION' => 'Otros',
  'AR_C_ID' => '1',
  'AR_ACTIVO' => '1',
  'AR_ALIAS' => 'Otro',
  'AR_MOSTRAR_NOMBRE_PANTALLA' => '0',
) 
2014-08-04 09:09:37 --> se va a crear el turno 
2014-08-04 09:09:37 --> se creo el turno 1 del area Otro 

2014-08-04 09:10:31 --> get_areas 1 
2014-08-04 09:10:31 --> buscando areas del cliente 
2014-08-04 09:10:35 --> crear el consumidor 
2014-08-04 09:10:35 --> se creo el consumidor 11600 
2014-08-04 09:10:35 --> la informacion de la sede es array (
  'S_ID' => '4',
  'S_NOMBRE' => 'OCCIDENTE',
  'S_DESCRIPCION' => 'Sedle para atender los casos de la regional occidente',
  'S_C_ID' => '1',
  'S_CANTIDAD_ENCUESTAS' => '10',
  'S_ACTIVO' => '1',
  'S_LOGO' => '7',
  'S_MUESTRA_VIDEO' => '0',
) 
2014-08-04 09:10:35 --> se va a extraer informacion del area  
2014-08-04 09:10:35 --> la informacion del area es array (
  'AR_ID' => '5',
  'AR_NOMBRE' => 'OTROS',
  'AR_DESCRIPCION' => 'Otros',
  'AR_C_ID' => '1',
  'AR_ACTIVO' => '1',
  'AR_ALIAS' => 'Otro',
  'AR_MOSTRAR_NOMBRE_PANTALLA' => '0',
) 
2014-08-04 09:10:35 --> se va a crear el turno 
2014-08-04 09:10:35 --> se creo el turno 2 del area Otro 

2014-08-04 09:16:01 --> get_areas 1 
2014-08-04 09:16:01 --> buscando areas del cliente 
2014-08-04 09:16:23 --> crear el consumidor 
2014-08-04 09:16:23 --> se creo el consumidor 11605 
2014-08-04 09:16:23 --> la informacion de la sede es array (
  'S_ID' => '4',
  'S_NOMBRE' => 'OCCIDENTE',
  'S_DESCRIPCION' => 'Sedle para atender los casos de la regional occidente',
  'S_C_ID' => '1',
  'S_CANTIDAD_ENCUESTAS' => '10',
  'S_ACTIVO' => '1',
  'S_LOGO' => '7',
  'S_MUESTRA_VIDEO' => '0',
) 
2014-08-04 09:16:23 --> se va a extraer informacion del area  
2014-08-04 09:16:23 --> la informacion del area es array (
  'AR_ID' => '2',
  'AR_NOMBRE' => 'APORTES',
  'AR_DESCRIPCION' => 'Pensiones Incapacidades Cesantias Cartas FNA',
  'AR_C_ID' => '1',
  'AR_ACTIVO' => '1',
  'AR_ALIAS' => 'A',
  'AR_MOSTRAR_NOMBRE_PANTALLA' => '0',
) 
2014-08-04 09:16:23 --> se va a crear el turno 
2014-08-04 09:16:23 --> se creo el turno 5 del area A 

2014-08-04 09:17:15 --> get_areas 1 
2014-08-04 09:17:15 --> buscando areas del cliente 
2014-08-04 09:17:40 --> crear el consumidor 
2014-08-04 09:17:40 --> se creo el consumidor 11610 
2014-08-04 09:17:40 --> la informacion de la sede es array (
  'S_ID' => '4',
  'S_NOMBRE' => 'OCCIDENTE',
  'S_DESCRIPCION' => 'Sedle para atender los casos de la regional occidente',
  'S_C_ID' => '1',
  'S_CANTIDAD_ENCUESTAS' => '10',
  'S_ACTIVO' => '1',
  'S_LOGO' => '7',
  'S_MUESTRA_VIDEO' => '0',
) 
2014-08-04 09:17:40 --> se va a extraer informacion del area  
2014-08-04 09:17:40 --> la informacion del area es array (
  'AR_ID' => '8',
  'AR_NOMBRE' => 'COMPENSACION_SALARIAL',
  'AR_DESCRIPCION' => 'Informacion pago nomina y liquidaciones',
  'AR_C_ID' => '1',
  'AR_ACTIVO' => '1',
  'AR_ALIAS' => 'Comp',
  'AR_MOSTRAR_NOMBRE_PANTALLA' => '0',
) 
2014-08-04 09:17:40 --> se va a crear el turno 
2014-08-04 09:17:40 --> se creo el turno 2 del area Comp 

2014-08-04 09:24:08 --> get_areas 1 
2014-08-04 09:24:08 --> buscando areas del cliente 
2014-08-04 09:24:13 --> crear el consumidor 
2014-08-04 09:24:13 --> se creo el consumidor 11612 
2014-08-04 09:24:13 --> la informacion de la sede es array (
  'S_ID' => '4',
  'S_NOMBRE' => 'OCCIDENTE',
  'S_DESCRIPCION' => 'Sedle para atender los casos de la regional occidente',
  'S_C_ID' => '1',
  'S_CANTIDAD_ENCUESTAS' => '10',
  'S_ACTIVO' => '1',
  'S_LOGO' => '7',
  'S_MUESTRA_VIDEO' => '0',
) 
2014-08-04 09:24:13 --> se va a extraer informacion del area  
2014-08-04 09:24:13 --> la informacion del area es array (
  'AR_ID' => '5',
  'AR_NOMBRE' => 'OTROS',
  'AR_DESCRIPCION' => 'Otros',
  'AR_C_ID' => '1',
  'AR_ACTIVO' => '1',
  'AR_ALIAS' => 'Otro',
  'AR_MOSTRAR_NOMBRE_PANTALLA' => '0',
) 
2014-08-04 09:24:13 --> se va a crear el turno 
2014-08-04 09:24:13 --> se creo el turno 3 del area Otro 

2014-08-04 09:26:53 --> get_areas 1 
2014-08-04 09:26:53 --> buscando areas del cliente 
2014-08-04 09:27:04 --> crear el consumidor 
2014-08-04 09:27:04 --> se creo el consumidor 11613 
2014-08-04 09:27:04 --> la informacion de la sede es array (
  'S_ID' => '3',
  'S_NOMBRE' => 'NORTE',
  'S_DESCRIPCION' => 'Sede para atender los casos de la regional norte',
  'S_C_ID' => '1',
  'S_CANTIDAD_ENCUESTAS' => '10',
  'S_ACTIVO' => '1',
  'S_LOGO' => '7',
  'S_MUESTRA_VIDEO' => '0',
) 
2014-08-04 09:27:04 --> se va a extraer informacion del area  
2014-08-04 09:27:04 --> la informacion del area es array (
  'AR_ID' => '2',
  'AR_NOMBRE' => 'APORTES',
  'AR_DESCRIPCION' => 'Pensiones Incapacidades Cesantias Cartas FNA',
  'AR_C_ID' => '1',
  'AR_ACTIVO' => '1',
  'AR_ALIAS' => 'A',
  'AR_MOSTRAR_NOMBRE_PANTALLA' => '0',
) 
2014-08-04 09:27:04 --> se va a crear el turno 
2014-08-04 09:27:04 --> se creo el turno 3 del area A 

2014-08-04 09:33:00 --> get_areas 1 
2014-08-04 09:33:00 --> buscando areas del cliente 
2014-08-04 09:33:29 --> crear el consumidor 
2014-08-04 09:33:29 --> se creo el consumidor 11619 
2014-08-04 09:33:29 --> la informacion de la sede es array (
  'S_ID' => '4',
  'S_NOMBRE' => 'OCCIDENTE',
  'S_DESCRIPCION' => 'Sedle para atender los casos de la regional occidente',
  'S_C_ID' => '1',
  'S_CANTIDAD_ENCUESTAS' => '10',
  'S_ACTIVO' => '1',
  'S_LOGO' => '7',
  'S_MUESTRA_VIDEO' => '0',
) 
2014-08-04 09:33:29 --> se va a extraer informacion del area  
2014-08-04 09:33:29 --> la informacion del area es array (
  'AR_ID' => '5',
  'AR_NOMBRE' => 'OTROS',
  'AR_DESCRIPCION' => 'Otros',
  'AR_C_ID' => '1',
  'AR_ACTIVO' => '1',
  'AR_ALIAS' => 'Otro',
  'AR_MOSTRAR_NOMBRE_PANTALLA' => '0',
) 
2014-08-04 09:33:29 --> se va a crear el turno 
2014-08-04 09:33:29 --> se creo el turno 4 del area Otro 

2014-08-04 09:35:26 --> get_areas 1 
2014-08-04 09:35:26 --> buscando areas del cliente 
2014-08-04 09:35:30 --> crear el consumidor 
2014-08-04 09:35:30 --> se creo el consumidor 11621 
2014-08-04 09:35:30 --> la informacion de la sede es array (
  'S_ID' => '4',
  'S_NOMBRE' => 'OCCIDENTE',
  'S_DESCRIPCION' => 'Sedle para atender los casos de la regional occidente',
  'S_C_ID' => '1',
  'S_CANTIDAD_ENCUESTAS' => '10',
  'S_ACTIVO' => '1',
  'S_LOGO' => '7',
  'S_MUESTRA_VIDEO' => '0',
) 
2014-08-04 09:35:30 --> se va a extraer informacion del area  
2014-08-04 09:35:30 --> la informacion del area es array (
  'AR_ID' => '2',
  'AR_NOMBRE' => 'APORTES',
  'AR_DESCRIPCION' => 'Pensiones Incapacidades Cesantias Cartas FNA',
  'AR_C_ID' => '1',
  'AR_ACTIVO' => '1',
  'AR_ALIAS' => 'A',
  'AR_MOSTRAR_NOMBRE_PANTALLA' => '0',
) 
2014-08-04 09:35:30 --> se va a crear el turno 
2014-08-04 09:35:30 --> se creo el turno 6 del area A 

2014-08-04 09:36:19 --> get_areas 1 
2014-08-04 09:36:19 --> buscando areas del cliente 
2014-08-04 09:36:24 --> crear el consumidor 
2014-08-04 09:36:24 --> se creo el consumidor 11622 
2014-08-04 09:36:24 --> la informacion de la sede es array (
  'S_ID' => '4',
  'S_NOMBRE' => 'OCCIDENTE',
  'S_DESCRIPCION' => 'Sedle para atender los casos de la regional occidente',
  'S_C_ID' => '1',
  'S_CANTIDAD_ENCUESTAS' => '10',
  'S_ACTIVO' => '1',
  'S_LOGO' => '7',
  'S_MUESTRA_VIDEO' => '0',
) 
2014-08-04 09:36:24 --> se va a extraer informacion del area  
2014-08-04 09:36:24 --> la informacion del area es array (
  'AR_ID' => '2',
  'AR_NOMBRE' => 'APORTES',
  'AR_DESCRIPCION' => 'Pensiones Incapacidades Cesantias Cartas FNA',
  'AR_C_ID' => '1',
  'AR_ACTIVO' => '1',
  'AR_ALIAS' => 'A',
  'AR_MOSTRAR_NOMBRE_PANTALLA' => '0',
) 
2014-08-04 09:36:24 --> se va a crear el turno 
2014-08-04 09:36:24 --> se creo el turno 7 del area A 

2014-08-04 09:40:00 --> get_areas 1 
2014-08-04 09:40:00 --> buscando areas del cliente 
2014-08-04 09:40:15 --> crear el consumidor 
2014-08-04 09:40:15 --> se creo el consumidor 11625 
2014-08-04 09:40:15 --> la informacion de la sede es array (
  'S_ID' => '3',
  'S_NOMBRE' => 'NORTE',
  'S_DESCRIPCION' => 'Sede para atender los casos de la regional norte',
  'S_C_ID' => '1',
  'S_CANTIDAD_ENCUESTAS' => '10',
  'S_ACTIVO' => '1',
  'S_LOGO' => '7',
  'S_MUESTRA_VIDEO' => '0',
) 
2014-08-04 09:40:15 --> se va a extraer informacion del area  
2014-08-04 09:40:15 --> la informacion del area es array (
  'AR_ID' => '1',
  'AR_NOMBRE' => 'GERENCIA_DEL_SERVICIO',
  'AR_DESCRIPCION' => 'Cartas de ingreso al punto de venta',
  'AR_C_ID' => '1',
  'AR_ACTIVO' => '1',
  'AR_ALIAS' => 'GS',
  'AR_MOSTRAR_NOMBRE_PANTALLA' => '0',
) 
2014-08-04 09:40:15 --> se va a crear el turno 
2014-08-04 09:40:15 --> se creo el turno 1 del area GS 

2014-08-04 09:48:45 --> get_areas 1 
2014-08-04 09:48:45 --> buscando areas del cliente 
2014-08-04 09:49:02 --> crear el consumidor 
2014-08-04 09:49:02 --> se creo el consumidor 11632 
2014-08-04 09:49:02 --> la informacion de la sede es array (
  'S_ID' => '3',
  'S_NOMBRE' => 'NORTE',
  'S_DESCRIPCION' => 'Sede para atender los casos de la regional norte',
  'S_C_ID' => '1',
  'S_CANTIDAD_ENCUESTAS' => '10',
  'S_ACTIVO' => '1',
  'S_LOGO' => '7',
  'S_MUESTRA_VIDEO' => '0',
) 
2014-08-04 09:49:02 --> se va a extraer informacion del area  
2014-08-04 09:49:02 --> la informacion del area es array (
  'AR_ID' => '5',
  'AR_NOMBRE' => 'OTROS',
  'AR_DESCRIPCION' => 'Otros',
  'AR_C_ID' => '1',
  'AR_ACTIVO' => '1',
  'AR_ALIAS' => 'Otro',
  'AR_MOSTRAR_NOMBRE_PANTALLA' => '0',
) 
2014-08-04 09:49:02 --> se va a crear el turno 
2014-08-04 09:49:02 --> se creo el turno 1 del area Otro 

2014-08-04 09:52:19 --> get_areas 1 
2014-08-04 09:52:19 --> buscando areas del cliente 
2014-08-04 09:52:35 --> crear el consumidor 
2014-08-04 09:52:35 --> se creo el consumidor 11634 
2014-08-04 09:52:35 --> la informacion de la sede es array (
  'S_ID' => '2',
  'S_NOMBRE' => 'CENTRO',
  'S_DESCRIPCION' => 'Sede para atender los casos de la regional centro',
  'S_C_ID' => '1',
  'S_CANTIDAD_ENCUESTAS' => '10',
  'S_ACTIVO' => '1',
  'S_LOGO' => '4',
  'S_MUESTRA_VIDEO' => '0',
) 
2014-08-04 09:52:35 --> se va a extraer informacion del area  
2014-08-04 09:52:35 --> la informacion del area es array (
  'AR_ID' => '2',
  'AR_NOMBRE' => 'APORTES',
  'AR_DESCRIPCION' => 'Pensiones Incapacidades Cesantias Cartas FNA',
  'AR_C_ID' => '1',
  'AR_ACTIVO' => '1',
  'AR_ALIAS' => 'A',
  'AR_MOSTRAR_NOMBRE_PANTALLA' => '0',
) 
2014-08-04 09:52:35 --> se va a crear el turno 
2014-08-04 09:52:35 --> se creo el turno 16 del area A 

2014-08-04 09:56:48 --> get_areas 1 
2014-08-04 09:56:48 --> buscando areas del cliente 
2014-08-04 09:57:20 --> crear el consumidor 
2014-08-04 09:57:25 --> se creo el consumidor 11637 
2014-08-04 09:57:25 --> la informacion de la sede es array (
  'S_ID' => '3',
  'S_NOMBRE' => 'NORTE',
  'S_DESCRIPCION' => 'Sede para atender los casos de la regional norte',
  'S_C_ID' => '1',
  'S_CANTIDAD_ENCUESTAS' => '10',
  'S_ACTIVO' => '1',
  'S_LOGO' => '7',
  'S_MUESTRA_VIDEO' => '0',
) 
2014-08-04 09:57:25 --> se va a extraer informacion del area  
2014-08-04 09:57:25 --> la informacion del area es array (
  'AR_ID' => '2',
  'AR_NOMBRE' => 'APORTES',
  'AR_DESCRIPCION' => 'Pensiones Incapacidades Cesantias Cartas FNA',
  'AR_C_ID' => '1',
  'AR_ACTIVO' => '1',
  'AR_ALIAS' => 'A',
  'AR_MOSTRAR_NOMBRE_PANTALLA' => '0',
) 
2014-08-04 09:57:25 --> se va a crear el turno 
2014-08-04 09:57:25 --> se creo el turno 4 del area A 

2014-08-04 09:58:36 --> get_areas 1 
2014-08-04 09:58:36 --> buscando areas del cliente 

2014-08-04 10:02:07 --> get_areas 1 
2014-08-04 10:02:07 --> buscando areas del cliente 
2014-08-04 10:02:10 --> crear el consumidor 
2014-08-04 10:02:10 --> se creo el consumidor 11641 
2014-08-04 10:02:10 --> la informacion de la sede es array (
  'S_ID' => '3',
  'S_NOMBRE' => 'NORTE',
  'S_DESCRIPCION' => 'Sede para atender los casos de la regional norte',
  'S_C_ID' => '1',
  'S_CANTIDAD_ENCUESTAS' => '10',
  'S_ACTIVO' => '1',
  'S_LOGO' => '7',
  'S_MUESTRA_VIDEO' => '0',
) 
2014-08-04 10:02:10 --> se va a extraer informacion del area  
2014-08-04 10:02:10 --> la informacion del area es array (
  'AR_ID' => '1',
  'AR_NOMBRE' => 'GERENCIA_DEL_SERVICIO',
  'AR_DESCRIPCION' => 'Cartas de ingreso al punto de venta',
  'AR_C_ID' => '1',
  'AR_ACTIVO' => '1',
  'AR_ALIAS' => 'GS',
  'AR_MOSTRAR_NOMBRE_PANTALLA' => '0',
) 
2014-08-04 10:02:10 --> se va a crear el turno 
2014-08-04 10:02:10 --> se creo el turno 2 del area GS 

2014-08-04 10:02:47 --> get_areas 1 
2014-08-04 10:02:47 --> buscando areas del cliente 

2014-08-04 10:04:17 --> get_areas 1 
2014-08-04 10:04:17 --> buscando areas del cliente 
2014-08-04 10:04:35 --> crear el consumidor 
2014-08-04 10:04:35 --> se creo el consumidor 11644 
2014-08-04 10:04:35 --> la informacion de la sede es array (
  'S_ID' => '3',
  'S_NOMBRE' => 'NORTE',
  'S_DESCRIPCION' => 'Sede para atender los casos de la regional norte',
  'S_C_ID' => '1',
  'S_CANTIDAD_ENCUESTAS' => '10',
  'S_ACTIVO' => '1',
  'S_LOGO' => '7',
  'S_MUESTRA_VIDEO' => '0',
) 
2014-08-04 10:04:35 --> se va a extraer informacion del area  
2014-08-04 10:04:35 --> la informacion del area es array (
  'AR_ID' => '2',
  'AR_NOMBRE' => 'APORTES',
  'AR_DESCRIPCION' => 'Pensiones Incapacidades Cesantias Cartas FNA',
  'AR_C_ID' => '1',
  'AR_ACTIVO' => '1',
  'AR_ALIAS' => 'A',
  'AR_MOSTRAR_NOMBRE_PANTALLA' => '0',
) 
2014-08-04 10:04:35 --> se va a crear el turno 
2014-08-04 10:04:35 --> se creo el turno 5 del area A 

2014-08-04 10:09:25 --> get_areas 1 
2014-08-04 10:09:25 --> buscando areas del cliente 
2014-08-04 10:09:50 --> crear el consumidor 
2014-08-04 10:09:50 --> se creo el consumidor 11647 
2014-08-04 10:09:50 --> la informacion de la sede es array (
  'S_ID' => '4',
  'S_NOMBRE' => 'OCCIDENTE',
  'S_DESCRIPCION' => 'Sedle para atender los casos de la regional occidente',
  'S_C_ID' => '1',
  'S_CANTIDAD_ENCUESTAS' => '10',
  'S_ACTIVO' => '1',
  'S_LOGO' => '7',
  'S_MUESTRA_VIDEO' => '0',
) 
2014-08-04 10:09:50 --> se va a extraer informacion del area  
2014-08-04 10:09:50 --> la informacion del area es array (
  'AR_ID' => '5',
  'AR_NOMBRE' => 'OTROS',
  'AR_DESCRIPCION' => 'Otros',
  'AR_C_ID' => '1',
  'AR_ACTIVO' => '1',
  'AR_ALIAS' => 'Otro',
  'AR_MOSTRAR_NOMBRE_PANTALLA' => '0',
) 
2014-08-04 10:09:50 --> se va a crear el turno 
2014-08-04 10:09:50 --> se creo el turno 5 del area Otro 

2014-08-04 10:14:22 --> get_areas 1 
2014-08-04 10:14:22 --> buscando areas del cliente 
2014-08-04 10:14:28 --> crear el consumidor 
2014-08-04 10:14:28 --> se creo el consumidor 11653 
2014-08-04 10:14:28 --> la informacion de la sede es array (
  'S_ID' => '4',
  'S_NOMBRE' => 'OCCIDENTE',
  'S_DESCRIPCION' => 'Sedle para atender los casos de la regional occidente',
  'S_C_ID' => '1',
  'S_CANTIDAD_ENCUESTAS' => '10',
  'S_ACTIVO' => '1',
  'S_LOGO' => '7',
  'S_MUESTRA_VIDEO' => '0',
) 
2014-08-04 10:14:28 --> se va a extraer informacion del area  
2014-08-04 10:14:28 --> la informacion del area es array (
  'AR_ID' => '1',
  'AR_NOMBRE' => 'GERENCIA_DEL_SERVICIO',
  'AR_DESCRIPCION' => 'Cartas de ingreso al punto de venta',
  'AR_C_ID' => '1',
  'AR_ACTIVO' => '1',
  'AR_ALIAS' => 'GS',
  'AR_MOSTRAR_NOMBRE_PANTALLA' => '0',
) 
2014-08-04 10:14:28 --> se va a crear el turno 
2014-08-04 10:14:28 --> se creo el turno 2 del area GS 

2014-08-04 10:15:30 --> get_areas 1 
2014-08-04 10:15:30 --> buscando areas del cliente 
2014-08-04 10:15:47 --> crear el consumidor 
2014-08-04 10:15:47 --> se creo el consumidor 11654 
2014-08-04 10:15:47 --> la informacion de la sede es array (
  'S_ID' => '4',
  'S_NOMBRE' => 'OCCIDENTE',
  'S_DESCRIPCION' => 'Sedle para atender los casos de la regional occidente',
  'S_C_ID' => '1',
  'S_CANTIDAD_ENCUESTAS' => '10',
  'S_ACTIVO' => '1',
  'S_LOGO' => '7',
  'S_MUESTRA_VIDEO' => '0',
) 
2014-08-04 10:15:47 --> se va a extraer informacion del area  
2014-08-04 10:15:47 --> la informacion del area es array (
  'AR_ID' => '5',
  'AR_NOMBRE' => 'OTROS',
  'AR_DESCRIPCION' => 'Otros',
  'AR_C_ID' => '1',
  'AR_ACTIVO' => '1',
  'AR_ALIAS' => 'Otro',
  'AR_MOSTRAR_NOMBRE_PANTALLA' => '0',
) 
2014-08-04 10:15:47 --> se va a crear el turno 
2014-08-04 10:15:47 --> se creo el turno 6 del area Otro 

2014-08-04 10:19:19 --> get_areas 1 
2014-08-04 10:19:19 --> buscando areas del cliente 
2014-08-04 10:19:23 --> crear el consumidor 
2014-08-04 10:19:23 --> se creo el consumidor 11656 
2014-08-04 10:19:23 --> la informacion de la sede es array (
  'S_ID' => '4',
  'S_NOMBRE' => 'OCCIDENTE',
  'S_DESCRIPCION' => 'Sedle para atender los casos de la regional occidente',
  'S_C_ID' => '1',
  'S_CANTIDAD_ENCUESTAS' => '10',
  'S_ACTIVO' => '1',
  'S_LOGO' => '7',
  'S_MUESTRA_VIDEO' => '0',
) 
2014-08-04 10:19:23 --> se va a extraer informacion del area  
2014-08-04 10:19:23 --> la informacion del area es array (
  'AR_ID' => '1',
  'AR_NOMBRE' => 'GERENCIA_DEL_SERVICIO',
  'AR_DESCRIPCION' => 'Cartas de ingreso al punto de venta',
  'AR_C_ID' => '1',
  'AR_ACTIVO' => '1',
  'AR_ALIAS' => 'GS',
  'AR_MOSTRAR_NOMBRE_PANTALLA' => '0',
) 
2014-08-04 10:19:23 --> se va a crear el turno 
2014-08-04 10:19:23 --> se creo el turno 3 del area GS 

2014-08-04 10:23:30 --> get_areas 1 
2014-08-04 10:23:30 --> buscando areas del cliente 
2014-08-04 10:23:42 --> crear el consumidor 
2014-08-04 10:23:44 --> se creo el consumidor 11660 
2014-08-04 10:23:44 --> la informacion de la sede es array (
  'S_ID' => '3',
  'S_NOMBRE' => 'NORTE',
  'S_DESCRIPCION' => 'Sede para atender los casos de la regional norte',
  'S_C_ID' => '1',
  'S_CANTIDAD_ENCUESTAS' => '10',
  'S_ACTIVO' => '1',
  'S_LOGO' => '7',
  'S_MUESTRA_VIDEO' => '0',
) 
2014-08-04 10:23:44 --> se va a extraer informacion del area  
2014-08-04 10:23:44 --> la informacion del area es array (
  'AR_ID' => '2',
  'AR_NOMBRE' => 'APORTES',
  'AR_DESCRIPCION' => 'Pensiones Incapacidades Cesantias Cartas FNA',
  'AR_C_ID' => '1',
  'AR_ACTIVO' => '1',
  'AR_ALIAS' => 'A',
  'AR_MOSTRAR_NOMBRE_PANTALLA' => '0',
) 
2014-08-04 10:23:44 --> se va a crear el turno 
2014-08-04 10:23:44 --> se creo el turno 6 del area A 

2014-08-04 10:24:44 --> get_areas 1 
2014-08-04 10:24:44 --> buscando areas del cliente 
2014-08-04 10:25:05 --> crear el consumidor 
2014-08-04 10:25:05 --> se creo el consumidor 11661 
2014-08-04 10:25:05 --> la informacion de la sede es array (
  'S_ID' => '4',
  'S_NOMBRE' => 'OCCIDENTE',
  'S_DESCRIPCION' => 'Sedle para atender los casos de la regional occidente',
  'S_C_ID' => '1',
  'S_CANTIDAD_ENCUESTAS' => '10',
  'S_ACTIVO' => '1',
  'S_LOGO' => '7',
  'S_MUESTRA_VIDEO' => '0',
) 
2014-08-04 10:25:05 --> se va a extraer informacion del area  
2014-08-04 10:25:05 --> la informacion del area es array (
  'AR_ID' => '5',
  'AR_NOMBRE' => 'OTROS',
  'AR_DESCRIPCION' => 'Otros',
  'AR_C_ID' => '1',
  'AR_ACTIVO' => '1',
  'AR_ALIAS' => 'Otro',
  'AR_MOSTRAR_NOMBRE_PANTALLA' => '0',
) 
2014-08-04 10:25:05 --> se va a crear el turno 
2014-08-04 10:25:05 --> se creo el turno 7 del area Otro 

2014-08-04 10:26:27 --> get_areas 1 
2014-08-04 10:26:27 --> buscando areas del cliente 

2014-08-04 10:35:34 --> get_areas 1 
2014-08-04 10:35:34 --> buscando areas del cliente 
2014-08-04 10:35:50 --> crear el consumidor 
2014-08-04 10:35:50 --> se creo el consumidor 11667 
2014-08-04 10:35:50 --> la informacion de la sede es array (
  'S_ID' => '4',
  'S_NOMBRE' => 'OCCIDENTE',
  'S_DESCRIPCION' => 'Sedle para atender los casos de la regional occidente',
  'S_C_ID' => '1',
  'S_CANTIDAD_ENCUESTAS' => '10',
  'S_ACTIVO' => '1',
  'S_LOGO' => '7',
  'S_MUESTRA_VIDEO' => '0',
) 
2014-08-04 10:35:50 --> se va a extraer informacion del area  
2014-08-04 10:35:50 --> la informacion del area es array (
  'AR_ID' => '5',
  'AR_NOMBRE' => 'OTROS',
  'AR_DESCRIPCION' => 'Otros',
  'AR_C_ID' => '1',
  'AR_ACTIVO' => '1',
  'AR_ALIAS' => 'Otro',
  'AR_MOSTRAR_NOMBRE_PANTALLA' => '0',
) 
2014-08-04 10:35:50 --> se va a crear el turno 
2014-08-04 10:35:50 --> se creo el turno 8 del area Otro 

2014-08-04 10:39:10 --> get_areas 1 
2014-08-04 10:39:10 --> buscando areas del cliente 

2014-08-04 10:40:10 --> get_areas 1 
2014-08-04 10:40:10 --> buscando areas del cliente 

2014-08-04 10:42:27 --> get_areas 1 
2014-08-04 10:42:27 --> buscando areas del cliente 
2014-08-04 10:42:33 --> crear el consumidor 
2014-08-04 10:42:33 --> se creo el consumidor 11671 
2014-08-04 10:42:33 --> la informacion de la sede es array (
  'S_ID' => '2',
  'S_NOMBRE' => 'CENTRO',
  'S_DESCRIPCION' => 'Sede para atender los casos de la regional centro',
  'S_C_ID' => '1',
  'S_CANTIDAD_ENCUESTAS' => '10',
  'S_ACTIVO' => '1',
  'S_LOGO' => '4',
  'S_MUESTRA_VIDEO' => '0',
) 
2014-08-04 10:42:33 --> se va a extraer informacion del area  
2014-08-04 10:42:33 --> la informacion del area es array (
  'AR_ID' => '1',
  'AR_NOMBRE' => 'GERENCIA_DEL_SERVICIO',
  'AR_DESCRIPCION' => 'Cartas de ingreso al punto de venta',
  'AR_C_ID' => '1',
  'AR_ACTIVO' => '1',
  'AR_ALIAS' => 'GS',
  'AR_MOSTRAR_NOMBRE_PANTALLA' => '0',
) 
2014-08-04 10:42:33 --> se va a crear el turno 
2014-08-04 10:42:33 --> se creo el turno 21 del area GS 

2014-08-04 10:43:28 --> get_areas 1 
2014-08-04 10:43:28 --> buscando areas del cliente 
2014-08-04 10:43:33 --> crear el consumidor 
2014-08-04 10:43:33 --> se creo el consumidor 11672 
2014-08-04 10:43:33 --> la informacion de la sede es array (
  'S_ID' => '2',
  'S_NOMBRE' => 'CENTRO',
  'S_DESCRIPCION' => 'Sede para atender los casos de la regional centro',
  'S_C_ID' => '1',
  'S_CANTIDAD_ENCUESTAS' => '10',
  'S_ACTIVO' => '1',
  'S_LOGO' => '4',
  'S_MUESTRA_VIDEO' => '0',
) 
2014-08-04 10:43:33 --> se va a extraer informacion del area  
2014-08-04 10:43:33 --> la informacion del area es array (
  'AR_ID' => '1',
  'AR_NOMBRE' => 'GERENCIA_DEL_SERVICIO',
  'AR_DESCRIPCION' => 'Cartas de ingreso al punto de venta',
  'AR_C_ID' => '1',
  'AR_ACTIVO' => '1',
  'AR_ALIAS' => 'GS',
  'AR_MOSTRAR_NOMBRE_PANTALLA' => '0',
) 
2014-08-04 10:43:33 --> se va a crear el turno 
2014-08-04 10:43:33 --> se creo el turno 22 del area GS 

2014-08-04 10:44:33 --> get_areas 1 
2014-08-04 10:44:33 --> buscando areas del cliente 
2014-08-04 10:44:40 --> crear el consumidor 
2014-08-04 10:44:40 --> se creo el consumidor 11674 
2014-08-04 10:44:40 --> la informacion de la sede es array (
  'S_ID' => '2',
  'S_NOMBRE' => 'CENTRO',
  'S_DESCRIPCION' => 'Sede para atender los casos de la regional centro',
  'S_C_ID' => '1',
  'S_CANTIDAD_ENCUESTAS' => '10',
  'S_ACTIVO' => '1',
  'S_LOGO' => '4',
  'S_MUESTRA_VIDEO' => '0',
) 
2014-08-04 10:44:40 --> se va a extraer informacion del area  
2014-08-04 10:44:40 --> la informacion del area es array (
  'AR_ID' => '8',
  'AR_NOMBRE' => 'COMPENSACION_SALARIAL',
  'AR_DESCRIPCION' => 'Informacion pago nomina y liquidaciones',
  'AR_C_ID' => '1',
  'AR_ACTIVO' => '1',
  'AR_ALIAS' => 'Comp',
  'AR_MOSTRAR_NOMBRE_PANTALLA' => '0',
) 
2014-08-04 10:44:40 --> se va a crear el turno 
2014-08-04 10:44:40 --> se creo el turno 4 del area Comp 

2014-08-04 10:45:27 --> get_areas 1 
2014-08-04 10:45:27 --> buscando areas del cliente 
2014-08-04 10:45:35 --> crear el consumidor 
2014-08-04 10:45:35 --> se creo el consumidor 11675 
2014-08-04 10:45:35 --> la informacion de la sede es array (
  'S_ID' => '2',
  'S_NOMBRE' => 'CENTRO',
  'S_DESCRIPCION' => 'Sede para atender los casos de la regional centro',
  'S_C_ID' => '1',
  'S_CANTIDAD_ENCUESTAS' => '10',
  'S_ACTIVO' => '1',
  'S_LOGO' => '4',
  'S_MUESTRA_VIDEO' => '0',
) 
2014-08-04 10:45:35 --> se va a extraer informacion del area  
2014-08-04 10:45:35 --> la informacion del area es array (
  'AR_ID' => '1',
  'AR_NOMBRE' => 'GERENCIA_DEL_SERVICIO',
  'AR_DESCRIPCION' => 'Cartas de ingreso al punto de venta',
  'AR_C_ID' => '1',
  'AR_ACTIVO' => '1',
  'AR_ALIAS' => 'GS',
  'AR_MOSTRAR_NOMBRE_PANTALLA' => '0',
) 
2014-08-04 10:45:35 --> se va a crear el turno 
2014-08-04 10:45:35 --> se creo el turno 23 del area GS 

2014-08-04 10:46:22 --> get_areas 1 
2014-08-04 10:46:22 --> buscando areas del cliente 
2014-08-04 10:46:25 --> crear el consumidor 
2014-08-04 10:46:25 --> se creo el consumidor 11676 
2014-08-04 10:46:25 --> la informacion de la sede es array (
  'S_ID' => '2',
  'S_NOMBRE' => 'CENTRO',
  'S_DESCRIPCION' => 'Sede para atender los casos de la regional centro',
  'S_C_ID' => '1',
  'S_CANTIDAD_ENCUESTAS' => '10',
  'S_ACTIVO' => '1',
  'S_LOGO' => '4',
  'S_MUESTRA_VIDEO' => '0',
) 
2014-08-04 10:46:25 --> se va a extraer informacion del area  
2014-08-04 10:46:25 --> la informacion del area es array (
  'AR_ID' => '1',
  'AR_NOMBRE' => 'GERENCIA_DEL_SERVICIO',
  'AR_DESCRIPCION' => 'Cartas de ingreso al punto de venta',
  'AR_C_ID' => '1',
  'AR_ACTIVO' => '1',
  'AR_ALIAS' => 'GS',
  'AR_MOSTRAR_NOMBRE_PANTALLA' => '0',
) 
2014-08-04 10:46:25 --> se va a crear el turno 
2014-08-04 10:46:25 --> se creo el turno 24 del area GS 

2014-08-04 10:47:36 --> get_areas 1 
2014-08-04 10:47:36 --> buscando areas del cliente 
2014-08-04 10:47:39 --> crear el consumidor 
2014-08-04 10:47:40 --> se creo el consumidor 11677 
2014-08-04 10:47:40 --> la informacion de la sede es array (
  'S_ID' => '2',
  'S_NOMBRE' => 'CENTRO',
  'S_DESCRIPCION' => 'Sede para atender los casos de la regional centro',
  'S_C_ID' => '1',
  'S_CANTIDAD_ENCUESTAS' => '10',
  'S_ACTIVO' => '1',
  'S_LOGO' => '4',
  'S_MUESTRA_VIDEO' => '0',
) 
2014-08-04 10:47:40 --> se va a extraer informacion del area  
2014-08-04 10:47:40 --> la informacion del area es array (
  'AR_ID' => '1',
  'AR_NOMBRE' => 'GERENCIA_DEL_SERVICIO',
  'AR_DESCRIPCION' => 'Cartas de ingreso al punto de venta',
  'AR_C_ID' => '1',
  'AR_ACTIVO' => '1',
  'AR_ALIAS' => 'GS',
  'AR_MOSTRAR_NOMBRE_PANTALLA' => '0',
) 
2014-08-04 10:47:40 --> se va a crear el turno 
2014-08-04 10:47:40 --> se creo el turno 25 del area GS 

2014-08-04 10:48:42 --> get_areas 1 
2014-08-04 10:48:42 --> buscando areas del cliente 
2014-08-04 10:48:47 --> crear el consumidor 
2014-08-04 10:48:47 --> se creo el consumidor 11678 
2014-08-04 10:48:47 --> la informacion de la sede es array (
  'S_ID' => '2',
  'S_NOMBRE' => 'CENTRO',
  'S_DESCRIPCION' => 'Sede para atender los casos de la regional centro',
  'S_C_ID' => '1',
  'S_CANTIDAD_ENCUESTAS' => '10',
  'S_ACTIVO' => '1',
  'S_LOGO' => '4',
  'S_MUESTRA_VIDEO' => '0',
) 
2014-08-04 10:48:47 --> se va a extraer informacion del area  
2014-08-04 10:48:47 --> la informacion del area es array (
  'AR_ID' => '1',
  'AR_NOMBRE' => 'GERENCIA_DEL_SERVICIO',
  'AR_DESCRIPCION' => 'Cartas de ingreso al punto de venta',
  'AR_C_ID' => '1',
  'AR_ACTIVO' => '1',
  'AR_ALIAS' => 'GS',
  'AR_MOSTRAR_NOMBRE_PANTALLA' => '0',
) 
2014-08-04 10:48:47 --> se va a crear el turno 
2014-08-04 10:48:47 --> se creo el turno 26 del area GS 

2014-08-04 10:49:33 --> get_areas 1 
2014-08-04 10:49:33 --> buscando areas del cliente 
2014-08-04 10:49:35 --> crear el consumidor 
2014-08-04 10:49:35 --> se creo el consumidor 11679 
2014-08-04 10:49:35 --> la informacion de la sede es array (
  'S_ID' => '2',
  'S_NOMBRE' => 'CENTRO',
  'S_DESCRIPCION' => 'Sede para atender los casos de la regional centro',
  'S_C_ID' => '1',
  'S_CANTIDAD_ENCUESTAS' => '10',
  'S_ACTIVO' => '1',
  'S_LOGO' => '4',
  'S_MUESTRA_VIDEO' => '0',
) 
2014-08-04 10:49:35 --> se va a extraer informacion del area  
2014-08-04 10:49:35 --> la informacion del area es array (
  'AR_ID' => '1',
  'AR_NOMBRE' => 'GERENCIA_DEL_SERVICIO',
  'AR_DESCRIPCION' => 'Cartas de ingreso al punto de venta',
  'AR_C_ID' => '1',
  'AR_ACTIVO' => '1',
  'AR_ALIAS' => 'GS',
  'AR_MOSTRAR_NOMBRE_PANTALLA' => '0',
) 
2014-08-04 10:49:35 --> se va a crear el turno 
2014-08-04 10:49:35 --> se creo el turno 27 del area GS 

2014-08-04 10:50:22 --> get_areas 1 
2014-08-04 10:50:22 --> buscando areas del cliente 
2014-08-04 10:50:29 --> crear el consumidor 
2014-08-04 10:50:29 --> se creo el consumidor 11680 
2014-08-04 10:50:29 --> la informacion de la sede es array (
  'S_ID' => '2',
  'S_NOMBRE' => 'CENTRO',
  'S_DESCRIPCION' => 'Sede para atender los casos de la regional centro',
  'S_C_ID' => '1',
  'S_CANTIDAD_ENCUESTAS' => '10',
  'S_ACTIVO' => '1',
  'S_LOGO' => '4',
  'S_MUESTRA_VIDEO' => '0',
) 
2014-08-04 10:50:29 --> se va a extraer informacion del area  
2014-08-04 10:50:29 --> la informacion del area es array (
  'AR_ID' => '1',
  'AR_NOMBRE' => 'GERENCIA_DEL_SERVICIO',
  'AR_DESCRIPCION' => 'Cartas de ingreso al punto de venta',
  'AR_C_ID' => '1',
  'AR_ACTIVO' => '1',
  'AR_ALIAS' => 'GS',
  'AR_MOSTRAR_NOMBRE_PANTALLA' => '0',
) 
2014-08-04 10:50:29 --> se va a crear el turno 
2014-08-04 10:50:29 --> se creo el turno 28 del area GS 

2014-08-04 10:50:33 --> get_areas 1 
2014-08-04 10:50:33 --> buscando areas del cliente 
2014-08-04 10:50:51 --> crear el consumidor 
2014-08-04 10:50:51 --> se creo el consumidor 11681 
2014-08-04 10:50:51 --> la informacion de la sede es array (
  'S_ID' => '4',
  'S_NOMBRE' => 'OCCIDENTE',
  'S_DESCRIPCION' => 'Sedle para atender los casos de la regional occidente',
  'S_C_ID' => '1',
  'S_CANTIDAD_ENCUESTAS' => '10',
  'S_ACTIVO' => '1',
  'S_LOGO' => '7',
  'S_MUESTRA_VIDEO' => '0',
) 
2014-08-04 10:50:51 --> se va a extraer informacion del area  
2014-08-04 10:50:51 --> la informacion del area es array (
  'AR_ID' => '2',
  'AR_NOMBRE' => 'APORTES',
  'AR_DESCRIPCION' => 'Pensiones Incapacidades Cesantias Cartas FNA',
  'AR_C_ID' => '1',
  'AR_ACTIVO' => '1',
  'AR_ALIAS' => 'A',
  'AR_MOSTRAR_NOMBRE_PANTALLA' => '0',
) 
2014-08-04 10:50:51 --> se va a crear el turno 
2014-08-04 10:50:51 --> se creo el turno 8 del area A 

2014-08-04 10:54:48 --> get_areas 1 
2014-08-04 10:54:48 --> buscando areas del cliente 
2014-08-04 10:54:59 --> crear el consumidor 
2014-08-04 10:54:59 --> se creo el consumidor 11683 
2014-08-04 10:54:59 --> la informacion de la sede es array (
  'S_ID' => '3',
  'S_NOMBRE' => 'NORTE',
  'S_DESCRIPCION' => 'Sede para atender los casos de la regional norte',
  'S_C_ID' => '1',
  'S_CANTIDAD_ENCUESTAS' => '10',
  'S_ACTIVO' => '1',
  'S_LOGO' => '7',
  'S_MUESTRA_VIDEO' => '0',
) 
2014-08-04 10:54:59 --> se va a extraer informacion del area  
2014-08-04 10:54:59 --> la informacion del area es array (
  'AR_ID' => '5',
  'AR_NOMBRE' => 'OTROS',
  'AR_DESCRIPCION' => 'Otros',
  'AR_C_ID' => '1',
  'AR_ACTIVO' => '1',
  'AR_ALIAS' => 'Otro',
  'AR_MOSTRAR_NOMBRE_PANTALLA' => '0',
) 
2014-08-04 10:54:59 --> se va a crear el turno 
2014-08-04 10:54:59 --> se creo el turno 2 del area Otro 

2014-08-04 11:00:22 --> get_areas 1 
2014-08-04 11:00:22 --> buscando areas del cliente 
2014-08-04 11:00:48 --> crear el consumidor 
2014-08-04 11:00:48 --> se creo el consumidor 11687 
2014-08-04 11:00:48 --> la informacion de la sede es array (
  'S_ID' => '2',
  'S_NOMBRE' => 'CENTRO',
  'S_DESCRIPCION' => 'Sede para atender los casos de la regional centro',
  'S_C_ID' => '1',
  'S_CANTIDAD_ENCUESTAS' => '10',
  'S_ACTIVO' => '1',
  'S_LOGO' => '4',
  'S_MUESTRA_VIDEO' => '0',
) 
2014-08-04 11:00:48 --> se va a extraer informacion del area  
2014-08-04 11:00:48 --> la informacion del area es array (
  'AR_ID' => '5',
  'AR_NOMBRE' => 'OTROS',
  'AR_DESCRIPCION' => 'Otros',
  'AR_C_ID' => '1',
  'AR_ACTIVO' => '1',
  'AR_ALIAS' => 'Otro',
  'AR_MOSTRAR_NOMBRE_PANTALLA' => '0',
) 
2014-08-04 11:00:48 --> se va a crear el turno 
2014-08-04 11:00:48 --> se creo el turno 1 del area Otro 

2014-08-04 11:02:15 --> get_areas 1 
2014-08-04 11:02:15 --> buscando areas del cliente 
2014-08-04 11:02:21 --> crear el consumidor 

2014-08-04 11:02:22 --> get_areas 1 
2014-08-04 11:02:22 --> buscando areas del cliente 
2014-08-04 11:02:24 --> se creo el consumidor 11689 
2014-08-04 11:02:24 --> la informacion de la sede es array (
  'S_ID' => '2',
  'S_NOMBRE' => 'CENTRO',
  'S_DESCRIPCION' => 'Sede para atender los casos de la regional centro',
  'S_C_ID' => '1',
  'S_CANTIDAD_ENCUESTAS' => '10',
  'S_ACTIVO' => '1',
  'S_LOGO' => '4',
  'S_MUESTRA_VIDEO' => '0',
) 
2014-08-04 11:02:24 --> se va a extraer informacion del area  
2014-08-04 11:02:24 --> la informacion del area es array (
  'AR_ID' => '1',
  'AR_NOMBRE' => 'GERENCIA_DEL_SERVICIO',
  'AR_DESCRIPCION' => 'Cartas de ingreso al punto de venta',
  'AR_C_ID' => '1',
  'AR_ACTIVO' => '1',
  'AR_ALIAS' => 'GS',
  'AR_MOSTRAR_NOMBRE_PANTALLA' => '0',
) 
2014-08-04 11:02:24 --> se va a crear el turno 
2014-08-04 11:02:24 --> se creo el turno 29 del area GS 
2014-08-04 11:02:29 --> crear el consumidor 
2014-08-04 11:02:29 --> se creo el consumidor 11690 
2014-08-04 11:02:29 --> la informacion de la sede es array (
  'S_ID' => '3',
  'S_NOMBRE' => 'NORTE',
  'S_DESCRIPCION' => 'Sede para atender los casos de la regional norte',
  'S_C_ID' => '1',
  'S_CANTIDAD_ENCUESTAS' => '10',
  'S_ACTIVO' => '1',
  'S_LOGO' => '7',
  'S_MUESTRA_VIDEO' => '0',
) 
2014-08-04 11:02:29 --> se va a extraer informacion del area  
2014-08-04 11:02:29 --> la informacion del area es array (
  'AR_ID' => '1',
  'AR_NOMBRE' => 'GERENCIA_DEL_SERVICIO',
  'AR_DESCRIPCION' => 'Cartas de ingreso al punto de venta',
  'AR_C_ID' => '1',
  'AR_ACTIVO' => '1',
  'AR_ALIAS' => 'GS',
  'AR_MOSTRAR_NOMBRE_PANTALLA' => '0',
) 
2014-08-04 11:02:29 --> se va a crear el turno 
2014-08-04 11:02:29 --> se creo el turno 3 del area GS 

2014-08-04 11:02:36 --> get_areas 1 
2014-08-04 11:02:36 --> buscando areas del cliente 
2014-08-04 11:02:38 --> crear el consumidor 
2014-08-04 11:02:41 --> se creo el consumidor 11691 
2014-08-04 11:02:41 --> la informacion de la sede es array (
  'S_ID' => '2',
  'S_NOMBRE' => 'CENTRO',
  'S_DESCRIPCION' => 'Sede para atender los casos de la regional centro',
  'S_C_ID' => '1',
  'S_CANTIDAD_ENCUESTAS' => '10',
  'S_ACTIVO' => '1',
  'S_LOGO' => '4',
  'S_MUESTRA_VIDEO' => '0',
) 
2014-08-04 11:02:41 --> se va a extraer informacion del area  
2014-08-04 11:02:41 --> la informacion del area es array (
  'AR_ID' => '1',
  'AR_NOMBRE' => 'GERENCIA_DEL_SERVICIO',
  'AR_DESCRIPCION' => 'Cartas de ingreso al punto de venta',
  'AR_C_ID' => '1',
  'AR_ACTIVO' => '1',
  'AR_ALIAS' => 'GS',
  'AR_MOSTRAR_NOMBRE_PANTALLA' => '0',
) 
2014-08-04 11:02:41 --> se va a crear el turno 
2014-08-04 11:02:41 --> se creo el turno 30 del area GS 

2014-08-04 11:08:45 --> get_areas 1 
2014-08-04 11:08:45 --> buscando areas del cliente 
2014-08-04 11:09:01 --> crear el consumidor 
2014-08-04 11:09:01 --> se creo el consumidor 11693 
2014-08-04 11:09:01 --> la informacion de la sede es array (
  'S_ID' => '4',
  'S_NOMBRE' => 'OCCIDENTE',
  'S_DESCRIPCION' => 'Sedle para atender los casos de la regional occidente',
  'S_C_ID' => '1',
  'S_CANTIDAD_ENCUESTAS' => '10',
  'S_ACTIVO' => '1',
  'S_LOGO' => '7',
  'S_MUESTRA_VIDEO' => '0',
) 
2014-08-04 11:09:01 --> se va a extraer informacion del area  
2014-08-04 11:09:01 --> la informacion del area es array (
  'AR_ID' => '2',
  'AR_NOMBRE' => 'APORTES',
  'AR_DESCRIPCION' => 'Pensiones Incapacidades Cesantias Cartas FNA',
  'AR_C_ID' => '1',
  'AR_ACTIVO' => '1',
  'AR_ALIAS' => 'A',
  'AR_MOSTRAR_NOMBRE_PANTALLA' => '0',
) 
2014-08-04 11:09:01 --> se va a crear el turno 
2014-08-04 11:09:01 --> se creo el turno 9 del area A 

2014-08-04 11:28:25 --> get_areas 1 
2014-08-04 11:28:25 --> buscando areas del cliente 
2014-08-04 11:28:37 --> crear el consumidor 
2014-08-04 11:28:37 --> se creo el consumidor 11709 
2014-08-04 11:28:37 --> la informacion de la sede es array (
  'S_ID' => '3',
  'S_NOMBRE' => 'NORTE',
  'S_DESCRIPCION' => 'Sede para atender los casos de la regional norte',
  'S_C_ID' => '1',
  'S_CANTIDAD_ENCUESTAS' => '10',
  'S_ACTIVO' => '1',
  'S_LOGO' => '7',
  'S_MUESTRA_VIDEO' => '0',
) 
2014-08-04 11:28:37 --> se va a extraer informacion del area  
2014-08-04 11:28:37 --> la informacion del area es array (
  'AR_ID' => '2',
  'AR_NOMBRE' => 'APORTES',
  'AR_DESCRIPCION' => 'Pensiones Incapacidades Cesantias Cartas FNA',
  'AR_C_ID' => '1',
  'AR_ACTIVO' => '1',
  'AR_ALIAS' => 'A',
  'AR_MOSTRAR_NOMBRE_PANTALLA' => '0',
) 
2014-08-04 11:28:37 --> se va a crear el turno 
2014-08-04 11:28:37 --> se creo el turno 7 del area A 

2014-08-04 11:32:49 --> get_areas 1 
2014-08-04 11:32:49 --> buscando areas del cliente 
2014-08-04 11:32:57 --> crear el consumidor 
2014-08-04 11:32:57 --> se creo el consumidor 11712 
2014-08-04 11:32:57 --> la informacion de la sede es array (
  'S_ID' => '3',
  'S_NOMBRE' => 'NORTE',
  'S_DESCRIPCION' => 'Sede para atender los casos de la regional norte',
  'S_C_ID' => '1',
  'S_CANTIDAD_ENCUESTAS' => '10',
  'S_ACTIVO' => '1',
  'S_LOGO' => '7',
  'S_MUESTRA_VIDEO' => '0',
) 
2014-08-04 11:32:57 --> se va a extraer informacion del area  
2014-08-04 11:32:57 --> la informacion del area es array (
  'AR_ID' => '5',
  'AR_NOMBRE' => 'OTROS',
  'AR_DESCRIPCION' => 'Otros',
  'AR_C_ID' => '1',
  'AR_ACTIVO' => '1',
  'AR_ALIAS' => 'Otro',
  'AR_MOSTRAR_NOMBRE_PANTALLA' => '0',
) 
2014-08-04 11:32:57 --> se va a crear el turno 
2014-08-04 11:32:57 --> se creo el turno 3 del area Otro 

2014-08-04 11:51:28 --> get_areas 1 
2014-08-04 11:51:28 --> buscando areas del cliente 
2014-08-04 11:51:49 --> crear el consumidor 
2014-08-04 11:51:49 --> se creo el consumidor 11729 
2014-08-04 11:51:49 --> la informacion de la sede es array (
  'S_ID' => '3',
  'S_NOMBRE' => 'NORTE',
  'S_DESCRIPCION' => 'Sede para atender los casos de la regional norte',
  'S_C_ID' => '1',
  'S_CANTIDAD_ENCUESTAS' => '10',
  'S_ACTIVO' => '1',
  'S_LOGO' => '7',
  'S_MUESTRA_VIDEO' => '0',
) 
2014-08-04 11:51:49 --> se va a extraer informacion del area  
2014-08-04 11:51:49 --> la informacion del area es array (
  'AR_ID' => '2',
  'AR_NOMBRE' => 'APORTES',
  'AR_DESCRIPCION' => 'Pensiones Incapacidades Cesantias Cartas FNA',
  'AR_C_ID' => '1',
  'AR_ACTIVO' => '1',
  'AR_ALIAS' => 'A',
  'AR_MOSTRAR_NOMBRE_PANTALLA' => '0',
) 
2014-08-04 11:51:49 --> se va a crear el turno 
2014-08-04 11:51:49 --> se creo el turno 8 del area A 

2014-08-04 11:55:25 --> get_areas 1 
2014-08-04 11:55:25 --> buscando areas del cliente 
2014-08-04 11:55:57 --> crear el consumidor 
2014-08-04 11:55:57 --> se creo el consumidor 11736 
2014-08-04 11:55:57 --> la informacion de la sede es array (
  'S_ID' => '3',
  'S_NOMBRE' => 'NORTE',
  'S_DESCRIPCION' => 'Sede para atender los casos de la regional norte',
  'S_C_ID' => '1',
  'S_CANTIDAD_ENCUESTAS' => '10',
  'S_ACTIVO' => '1',
  'S_LOGO' => '7',
  'S_MUESTRA_VIDEO' => '0',
) 
2014-08-04 11:55:57 --> se va a extraer informacion del area  
2014-08-04 11:55:57 --> la informacion del area es array (
  'AR_ID' => '1',
  'AR_NOMBRE' => 'GERENCIA_DEL_SERVICIO',
  'AR_DESCRIPCION' => 'Cartas de ingreso al punto de venta',
  'AR_C_ID' => '1',
  'AR_ACTIVO' => '1',
  'AR_ALIAS' => 'GS',
  'AR_MOSTRAR_NOMBRE_PANTALLA' => '0',
) 
2014-08-04 11:55:57 --> se va a crear el turno 
2014-08-04 11:55:57 --> se creo el turno 4 del area GS 

2014-08-04 12:18:45 --> get_areas 1 
2014-08-04 12:18:45 --> buscando areas del cliente 

2014-08-04 12:19:17 --> get_areas 1 
2014-08-04 12:19:17 --> buscando areas del cliente 
2014-08-04 12:19:30 --> crear el consumidor 
2014-08-04 12:19:35 --> se creo el consumidor 11738 
2014-08-04 12:19:35 --> la informacion de la sede es array (
  'S_ID' => '4',
  'S_NOMBRE' => 'OCCIDENTE',
  'S_DESCRIPCION' => 'Sedle para atender los casos de la regional occidente',
  'S_C_ID' => '1',
  'S_CANTIDAD_ENCUESTAS' => '10',
  'S_ACTIVO' => '1',
  'S_LOGO' => '7',
  'S_MUESTRA_VIDEO' => '0',
) 
2014-08-04 12:19:35 --> se va a extraer informacion del area  
2014-08-04 12:19:35 --> la informacion del area es array (
  'AR_ID' => '2',
  'AR_NOMBRE' => 'APORTES',
  'AR_DESCRIPCION' => 'Pensiones Incapacidades Cesantias Cartas FNA',
  'AR_C_ID' => '1',
  'AR_ACTIVO' => '1',
  'AR_ALIAS' => 'A',
  'AR_MOSTRAR_NOMBRE_PANTALLA' => '0',
) 
2014-08-04 12:19:35 --> se va a crear el turno 
2014-08-04 12:19:35 --> se creo el turno 10 del area A 

2014-08-04 12:54:43 --> get_areas 1 
2014-08-04 12:54:43 --> buscando areas del cliente 

2014-08-04 13:42:47 --> get_areas 1 
2014-08-04 13:42:47 --> buscando areas del cliente 

2014-08-04 13:43:56 --> get_areas 1 
2014-08-04 13:43:56 --> buscando areas del cliente 

2014-08-04 13:59:24 --> get_areas 1 
2014-08-04 13:59:24 --> buscando areas del cliente 

2014-08-04 14:03:42 --> get_areas 1 
2014-08-04 14:03:42 --> buscando areas del cliente 
2014-08-04 14:03:58 --> crear el consumidor 
2014-08-04 14:04:01 --> se creo el consumidor 11743 
2014-08-04 14:04:01 --> la informacion de la sede es array (
  'S_ID' => '1',
  'S_NOMBRE' => 'ANTIOQUIA',
  'S_DESCRIPCION' => 'Sede para atender los casos de la regional antioquia',
  'S_C_ID' => '1',
  'S_CANTIDAD_ENCUESTAS' => '10',
  'S_ACTIVO' => '1',
  'S_LOGO' => '7',
  'S_MUESTRA_VIDEO' => '0',
) 
2014-08-04 14:04:01 --> se va a extraer informacion del area  
2014-08-04 14:04:01 --> la informacion del area es array (
  'AR_ID' => '7',
  'AR_NOMBRE' => 'VARIOS_REQUERIMIENTOS',
  'AR_DESCRIPCION' => 'Solicitudes varias',
  'AR_C_ID' => '1',
  'AR_ACTIVO' => '1',
  'AR_ALIAS' => 'Vari',
  'AR_MOSTRAR_NOMBRE_PANTALLA' => '0',
) 
2014-08-04 14:04:01 --> se va a crear el turno 
2014-08-04 14:04:01 --> se creo el turno 3 del area Vari 

2014-08-04 14:05:44 --> get_areas 1 
2014-08-04 14:05:44 --> buscando areas del cliente 
2014-08-04 14:06:21 --> crear el consumidor 
2014-08-04 14:06:21 --> se creo el consumidor 0 
2014-08-04 14:06:21 --> la informacion de la sede es array (
  'S_ID' => '4',
  'S_NOMBRE' => 'OCCIDENTE',
  'S_DESCRIPCION' => 'Sedle para atender los casos de la regional occidente',
  'S_C_ID' => '1',
  'S_CANTIDAD_ENCUESTAS' => '10',
  'S_ACTIVO' => '1',
  'S_LOGO' => '7',
  'S_MUESTRA_VIDEO' => '0',
) 
2014-08-04 14:06:21 --> se va a extraer informacion del area  
2014-08-04 14:06:21 --> la informacion del area es array (
  'AR_ID' => '5',
  'AR_NOMBRE' => 'OTROS',
  'AR_DESCRIPCION' => 'Otros',
  'AR_C_ID' => '1',
  'AR_ACTIVO' => '1',
  'AR_ALIAS' => 'Otro',
  'AR_MOSTRAR_NOMBRE_PANTALLA' => '0',
) 
2014-08-04 14:06:21 --> se va a crear el turno 
2014-08-04 14:06:21 --> se creo el turno 9 del area Otro 

2014-08-04 14:18:18 --> get_areas 1 
2014-08-04 14:18:18 --> buscando areas del cliente 
2014-08-04 14:18:34 --> crear el consumidor 
2014-08-04 14:18:34 --> se creo el consumidor 11752 
2014-08-04 14:18:34 --> la informacion de la sede es array (
  'S_ID' => '4',
  'S_NOMBRE' => 'OCCIDENTE',
  'S_DESCRIPCION' => 'Sedle para atender los casos de la regional occidente',
  'S_C_ID' => '1',
  'S_CANTIDAD_ENCUESTAS' => '10',
  'S_ACTIVO' => '1',
  'S_LOGO' => '7',
  'S_MUESTRA_VIDEO' => '0',
) 
2014-08-04 14:18:34 --> se va a extraer informacion del area  
2014-08-04 14:18:34 --> la informacion del area es array (
  'AR_ID' => '2',
  'AR_NOMBRE' => 'APORTES',
  'AR_DESCRIPCION' => 'Pensiones Incapacidades Cesantias Cartas FNA',
  'AR_C_ID' => '1',
  'AR_ACTIVO' => '1',
  'AR_ALIAS' => 'A',
  'AR_MOSTRAR_NOMBRE_PANTALLA' => '0',
) 
2014-08-04 14:18:34 --> se va a crear el turno 
2014-08-04 14:18:34 --> se creo el turno 11 del area A 

2014-08-04 14:25:06 --> get_areas 1 
2014-08-04 14:25:06 --> buscando areas del cliente 
2014-08-04 14:25:31 --> crear el consumidor 
2014-08-04 14:25:33 --> se creo el consumidor 11754 
2014-08-04 14:25:33 --> la informacion de la sede es array (
  'S_ID' => '3',
  'S_NOMBRE' => 'NORTE',
  'S_DESCRIPCION' => 'Sede para atender los casos de la regional norte',
  'S_C_ID' => '1',
  'S_CANTIDAD_ENCUESTAS' => '10',
  'S_ACTIVO' => '1',
  'S_LOGO' => '7',
  'S_MUESTRA_VIDEO' => '0',
) 
2014-08-04 14:25:33 --> se va a extraer informacion del area  
2014-08-04 14:25:33 --> la informacion del area es array (
  'AR_ID' => '8',
  'AR_NOMBRE' => 'COMPENSACION_SALARIAL',
  'AR_DESCRIPCION' => 'Informacion pago nomina y liquidaciones',
  'AR_C_ID' => '1',
  'AR_ACTIVO' => '1',
  'AR_ALIAS' => 'Comp',
  'AR_MOSTRAR_NOMBRE_PANTALLA' => '0',
) 
2014-08-04 14:25:33 --> se va a crear el turno 
2014-08-04 14:25:33 --> se creo el turno 1 del area Comp 

2014-08-04 14:34:27 --> get_areas 1 
2014-08-04 14:34:27 --> buscando areas del cliente 
2014-08-04 14:34:34 --> crear el consumidor 
2014-08-04 14:34:42 --> se creo el consumidor 11757 
2014-08-04 14:34:42 --> la informacion de la sede es array (
  'S_ID' => '4',
  'S_NOMBRE' => 'OCCIDENTE',
  'S_DESCRIPCION' => 'Sedle para atender los casos de la regional occidente',
  'S_C_ID' => '1',
  'S_CANTIDAD_ENCUESTAS' => '10',
  'S_ACTIVO' => '1',
  'S_LOGO' => '7',
  'S_MUESTRA_VIDEO' => '0',
) 
2014-08-04 14:34:42 --> se va a extraer informacion del area  
2014-08-04 14:34:42 --> la informacion del area es array (
  'AR_ID' => '2',
  'AR_NOMBRE' => 'APORTES',
  'AR_DESCRIPCION' => 'Pensiones Incapacidades Cesantias Cartas FNA',
  'AR_C_ID' => '1',
  'AR_ACTIVO' => '1',
  'AR_ALIAS' => 'A',
  'AR_MOSTRAR_NOMBRE_PANTALLA' => '0',
) 
2014-08-04 14:34:42 --> se va a crear el turno 
2014-08-04 14:34:42 --> se creo el turno 12 del area A 

2014-08-04 14:38:05 --> get_areas 1 
2014-08-04 14:38:05 --> buscando areas del cliente 

2014-08-04 15:07:07 --> get_areas 1 
2014-08-04 15:07:07 --> buscando areas del cliente 
2014-08-04 15:07:17 --> crear el consumidor 
2014-08-04 15:07:25 --> se creo el consumidor 11776 
2014-08-04 15:07:25 --> la informacion de la sede es array (
  'S_ID' => '3',
  'S_NOMBRE' => 'NORTE',
  'S_DESCRIPCION' => 'Sede para atender los casos de la regional norte',
  'S_C_ID' => '1',
  'S_CANTIDAD_ENCUESTAS' => '10',
  'S_ACTIVO' => '1',
  'S_LOGO' => '7',
  'S_MUESTRA_VIDEO' => '0',
) 
2014-08-04 15:07:25 --> se va a extraer informacion del area  
2014-08-04 15:07:25 --> la informacion del area es array (
  'AR_ID' => '2',
  'AR_NOMBRE' => 'APORTES',
  'AR_DESCRIPCION' => 'Pensiones Incapacidades Cesantias Cartas FNA',
  'AR_C_ID' => '1',
  'AR_ACTIVO' => '1',
  'AR_ALIAS' => 'A',
  'AR_MOSTRAR_NOMBRE_PANTALLA' => '0',
) 
2014-08-04 15:07:25 --> se va a crear el turno 
2014-08-04 15:07:25 --> se creo el turno 9 del area A 

2014-08-04 15:14:10 --> get_areas 1 
2014-08-04 15:14:10 --> buscando areas del cliente 

2014-08-04 15:14:31 --> get_areas 1 
2014-08-04 15:14:31 --> buscando areas del cliente 
2014-08-04 15:14:38 --> crear el consumidor 
2014-08-04 15:14:39 --> se creo el consumidor 11783 
2014-08-04 15:14:39 --> la informacion de la sede es array (
  'S_ID' => '3',
  'S_NOMBRE' => 'NORTE',
  'S_DESCRIPCION' => 'Sede para atender los casos de la regional norte',
  'S_C_ID' => '1',
  'S_CANTIDAD_ENCUESTAS' => '10',
  'S_ACTIVO' => '1',
  'S_LOGO' => '7',
  'S_MUESTRA_VIDEO' => '0',
) 
2014-08-04 15:14:39 --> se va a extraer informacion del area  
2014-08-04 15:14:39 --> la informacion del area es array (
  'AR_ID' => '5',
  'AR_NOMBRE' => 'OTROS',
  'AR_DESCRIPCION' => 'Otros',
  'AR_C_ID' => '1',
  'AR_ACTIVO' => '1',
  'AR_ALIAS' => 'Otro',
  'AR_MOSTRAR_NOMBRE_PANTALLA' => '0',
) 
2014-08-04 15:14:39 --> se va a crear el turno 
2014-08-04 15:14:39 --> se creo el turno 4 del area Otro 
2014-08-04 15:14:46 --> crear el consumidor 
2014-08-04 15:14:46 --> se creo el consumidor 11784 
2014-08-04 15:14:46 --> la informacion de la sede es array (
  'S_ID' => '4',
  'S_NOMBRE' => 'OCCIDENTE',
  'S_DESCRIPCION' => 'Sedle para atender los casos de la regional occidente',
  'S_C_ID' => '1',
  'S_CANTIDAD_ENCUESTAS' => '10',
  'S_ACTIVO' => '1',
  'S_LOGO' => '7',
  'S_MUESTRA_VIDEO' => '0',
) 
2014-08-04 15:14:46 --> se va a extraer informacion del area  
2014-08-04 15:14:46 --> la informacion del area es array (
  'AR_ID' => '5',
  'AR_NOMBRE' => 'OTROS',
  'AR_DESCRIPCION' => 'Otros',
  'AR_C_ID' => '1',
  'AR_ACTIVO' => '1',
  'AR_ALIAS' => 'Otro',
  'AR_MOSTRAR_NOMBRE_PANTALLA' => '0',
) 
2014-08-04 15:14:46 --> se va a crear el turno 
2014-08-04 15:14:46 --> se creo el turno 10 del area Otro 

2014-08-04 15:17:08 --> get_areas 1 
2014-08-04 15:17:08 --> buscando areas del cliente 

2014-08-04 15:23:34 --> get_areas 1 
2014-08-04 15:23:34 --> buscando areas del cliente 
2014-08-04 15:23:43 --> crear el consumidor 
2014-08-04 15:23:44 --> se creo el consumidor 11796 
2014-08-04 15:23:44 --> la informacion de la sede es array (
  'S_ID' => '3',
  'S_NOMBRE' => 'NORTE',
  'S_DESCRIPCION' => 'Sede para atender los casos de la regional norte',
  'S_C_ID' => '1',
  'S_CANTIDAD_ENCUESTAS' => '10',
  'S_ACTIVO' => '1',
  'S_LOGO' => '7',
  'S_MUESTRA_VIDEO' => '0',
) 
2014-08-04 15:23:44 --> se va a extraer informacion del area  
2014-08-04 15:23:44 --> la informacion del area es array (
  'AR_ID' => '2',
  'AR_NOMBRE' => 'APORTES',
  'AR_DESCRIPCION' => 'Pensiones Incapacidades Cesantias Cartas FNA',
  'AR_C_ID' => '1',
  'AR_ACTIVO' => '1',
  'AR_ALIAS' => 'A',
  'AR_MOSTRAR_NOMBRE_PANTALLA' => '0',
) 
2014-08-04 15:23:44 --> se va a crear el turno 
2014-08-04 15:23:44 --> se creo el turno 10 del area A 

2014-08-04 15:28:14 --> get_areas 1 
2014-08-04 15:28:14 --> buscando areas del cliente 
2014-08-04 15:28:22 --> crear el consumidor 
2014-08-04 15:28:22 --> se creo el consumidor 11797 
2014-08-04 15:28:22 --> la informacion de la sede es array (
  'S_ID' => '4',
  'S_NOMBRE' => 'OCCIDENTE',
  'S_DESCRIPCION' => 'Sedle para atender los casos de la regional occidente',
  'S_C_ID' => '1',
  'S_CANTIDAD_ENCUESTAS' => '10',
  'S_ACTIVO' => '1',
  'S_LOGO' => '7',
  'S_MUESTRA_VIDEO' => '0',
) 
2014-08-04 15:28:22 --> se va a extraer informacion del area  
2014-08-04 15:28:22 --> la informacion del area es array (
  'AR_ID' => '2',
  'AR_NOMBRE' => 'APORTES',
  'AR_DESCRIPCION' => 'Pensiones Incapacidades Cesantias Cartas FNA',
  'AR_C_ID' => '1',
  'AR_ACTIVO' => '1',
  'AR_ALIAS' => 'A',
  'AR_MOSTRAR_NOMBRE_PANTALLA' => '0',
) 
2014-08-04 15:28:22 --> se va a crear el turno 
2014-08-04 15:28:22 --> se creo el turno 13 del area A 

2014-08-04 15:32:33 --> get_areas 1 
2014-08-04 15:32:33 --> buscando areas del cliente 
2014-08-04 15:32:46 --> crear el consumidor 
2014-08-04 15:32:46 --> se creo el consumidor 11798 
2014-08-04 15:32:46 --> la informacion de la sede es array (
  'S_ID' => '4',
  'S_NOMBRE' => 'OCCIDENTE',
  'S_DESCRIPCION' => 'Sedle para atender los casos de la regional occidente',
  'S_C_ID' => '1',
  'S_CANTIDAD_ENCUESTAS' => '10',
  'S_ACTIVO' => '1',
  'S_LOGO' => '7',
  'S_MUESTRA_VIDEO' => '0',
) 
2014-08-04 15:32:46 --> se va a extraer informacion del area  
2014-08-04 15:32:46 --> la informacion del area es array (
  'AR_ID' => '5',
  'AR_NOMBRE' => 'OTROS',
  'AR_DESCRIPCION' => 'Otros',
  'AR_C_ID' => '1',
  'AR_ACTIVO' => '1',
  'AR_ALIAS' => 'Otro',
  'AR_MOSTRAR_NOMBRE_PANTALLA' => '0',
) 
2014-08-04 15:32:46 --> se va a crear el turno 
2014-08-04 15:32:46 --> se creo el turno 11 del area Otro 

2014-08-04 15:40:42 --> get_areas 1 
2014-08-04 15:40:42 --> buscando areas del cliente 

2014-08-04 15:41:51 --> get_areas 1 
2014-08-04 15:41:51 --> buscando areas del cliente 
2014-08-04 15:42:02 --> crear el consumidor 
2014-08-04 15:42:02 --> se creo el consumidor 11805 
2014-08-04 15:42:02 --> la informacion de la sede es array (
  'S_ID' => '4',
  'S_NOMBRE' => 'OCCIDENTE',
  'S_DESCRIPCION' => 'Sedle para atender los casos de la regional occidente',
  'S_C_ID' => '1',
  'S_CANTIDAD_ENCUESTAS' => '10',
  'S_ACTIVO' => '1',
  'S_LOGO' => '7',
  'S_MUESTRA_VIDEO' => '0',
) 
2014-08-04 15:42:02 --> se va a extraer informacion del area  
2014-08-04 15:42:02 --> la informacion del area es array (
  'AR_ID' => '2',
  'AR_NOMBRE' => 'APORTES',
  'AR_DESCRIPCION' => 'Pensiones Incapacidades Cesantias Cartas FNA',
  'AR_C_ID' => '1',
  'AR_ACTIVO' => '1',
  'AR_ALIAS' => 'A',
  'AR_MOSTRAR_NOMBRE_PANTALLA' => '0',
) 
2014-08-04 15:42:02 --> se va a crear el turno 
2014-08-04 15:42:02 --> se creo el turno 14 del area A 

2014-08-04 15:47:13 --> get_areas 1 
2014-08-04 15:47:13 --> buscando areas del cliente 
2014-08-04 15:47:38 --> crear el consumidor 
2014-08-04 15:47:38 --> se creo el consumidor 11810 
2014-08-04 15:47:38 --> la informacion de la sede es array (
  'S_ID' => '4',
  'S_NOMBRE' => 'OCCIDENTE',
  'S_DESCRIPCION' => 'Sedle para atender los casos de la regional occidente',
  'S_C_ID' => '1',
  'S_CANTIDAD_ENCUESTAS' => '10',
  'S_ACTIVO' => '1',
  'S_LOGO' => '7',
  'S_MUESTRA_VIDEO' => '0',
) 
2014-08-04 15:47:38 --> se va a extraer informacion del area  
2014-08-04 15:47:38 --> la informacion del area es array (
  'AR_ID' => '1',
  'AR_NOMBRE' => 'GERENCIA_DEL_SERVICIO',
  'AR_DESCRIPCION' => 'Cartas de ingreso al punto de venta',
  'AR_C_ID' => '1',
  'AR_ACTIVO' => '1',
  'AR_ALIAS' => 'GS',
  'AR_MOSTRAR_NOMBRE_PANTALLA' => '0',
) 
2014-08-04 15:47:38 --> se va a crear el turno 
2014-08-04 15:47:38 --> se creo el turno 4 del area GS 

2014-08-04 15:48:42 --> get_areas 1 
2014-08-04 15:48:42 --> buscando areas del cliente 
2014-08-04 15:48:55 --> crear el consumidor 
2014-08-04 15:48:55 --> se creo el consumidor 11811 
2014-08-04 15:48:55 --> la informacion de la sede es array (
  'S_ID' => '4',
  'S_NOMBRE' => 'OCCIDENTE',
  'S_DESCRIPCION' => 'Sedle para atender los casos de la regional occidente',
  'S_C_ID' => '1',
  'S_CANTIDAD_ENCUESTAS' => '10',
  'S_ACTIVO' => '1',
  'S_LOGO' => '7',
  'S_MUESTRA_VIDEO' => '0',
) 
2014-08-04 15:48:55 --> se va a extraer informacion del area  
2014-08-04 15:48:55 --> la informacion del area es array (
  'AR_ID' => '2',
  'AR_NOMBRE' => 'APORTES',
  'AR_DESCRIPCION' => 'Pensiones Incapacidades Cesantias Cartas FNA',
  'AR_C_ID' => '1',
  'AR_ACTIVO' => '1',
  'AR_ALIAS' => 'A',
  'AR_MOSTRAR_NOMBRE_PANTALLA' => '0',
) 
2014-08-04 15:48:55 --> se va a crear el turno 
2014-08-04 15:48:55 --> se creo el turno 15 del area A 

2014-08-04 15:51:21 --> get_areas 1 
2014-08-04 15:51:21 --> buscando areas del cliente 
2014-08-04 15:51:27 --> crear el consumidor 
2014-08-04 15:51:28 --> se creo el consumidor 11812 
2014-08-04 15:51:28 --> la informacion de la sede es array (
  'S_ID' => '4',
  'S_NOMBRE' => 'OCCIDENTE',
  'S_DESCRIPCION' => 'Sedle para atender los casos de la regional occidente',
  'S_C_ID' => '1',
  'S_CANTIDAD_ENCUESTAS' => '10',
  'S_ACTIVO' => '1',
  'S_LOGO' => '7',
  'S_MUESTRA_VIDEO' => '0',
) 
2014-08-04 15:51:28 --> se va a extraer informacion del area  
2014-08-04 15:51:28 --> la informacion del area es array (
  'AR_ID' => '1',
  'AR_NOMBRE' => 'GERENCIA_DEL_SERVICIO',
  'AR_DESCRIPCION' => 'Cartas de ingreso al punto de venta',
  'AR_C_ID' => '1',
  'AR_ACTIVO' => '1',
  'AR_ALIAS' => 'GS',
  'AR_MOSTRAR_NOMBRE_PANTALLA' => '0',
) 
2014-08-04 15:51:28 --> se va a crear el turno 
2014-08-04 15:51:28 --> se creo el turno 5 del area GS 

2014-08-04 15:52:53 --> get_areas 1 
2014-08-04 15:52:53 --> buscando areas del cliente 
2014-08-04 15:52:56 --> crear el consumidor 
2014-08-04 15:52:58 --> se creo el consumidor 11814 
2014-08-04 15:52:58 --> la informacion de la sede es array (
  'S_ID' => '4',
  'S_NOMBRE' => 'OCCIDENTE',
  'S_DESCRIPCION' => 'Sedle para atender los casos de la regional occidente',
  'S_C_ID' => '1',
  'S_CANTIDAD_ENCUESTAS' => '10',
  'S_ACTIVO' => '1',
  'S_LOGO' => '7',
  'S_MUESTRA_VIDEO' => '0',
) 
2014-08-04 15:52:58 --> se va a extraer informacion del area  
2014-08-04 15:52:58 --> la informacion del area es array (
  'AR_ID' => '1',
  'AR_NOMBRE' => 'GERENCIA_DEL_SERVICIO',
  'AR_DESCRIPCION' => 'Cartas de ingreso al punto de venta',
  'AR_C_ID' => '1',
  'AR_ACTIVO' => '1',
  'AR_ALIAS' => 'GS',
  'AR_MOSTRAR_NOMBRE_PANTALLA' => '0',
) 
2014-08-04 15:52:58 --> se va a crear el turno 
2014-08-04 15:52:58 --> se creo el turno 6 del area GS 

2014-08-04 15:53:49 --> get_areas 1 
2014-08-04 15:53:49 --> buscando areas del cliente 

2014-08-04 15:55:02 --> get_areas 1 
2014-08-04 15:55:02 --> buscando areas del cliente 
2014-08-04 15:55:08 --> crear el consumidor 
2014-08-04 15:55:10 --> se creo el consumidor 11816 
2014-08-04 15:55:10 --> la informacion de la sede es array (
  'S_ID' => '4',
  'S_NOMBRE' => 'OCCIDENTE',
  'S_DESCRIPCION' => 'Sedle para atender los casos de la regional occidente',
  'S_C_ID' => '1',
  'S_CANTIDAD_ENCUESTAS' => '10',
  'S_ACTIVO' => '1',
  'S_LOGO' => '7',
  'S_MUESTRA_VIDEO' => '0',
) 
2014-08-04 15:55:10 --> se va a extraer informacion del area  
2014-08-04 15:55:10 --> la informacion del area es array (
  'AR_ID' => '5',
  'AR_NOMBRE' => 'OTROS',
  'AR_DESCRIPCION' => 'Otros',
  'AR_C_ID' => '1',
  'AR_ACTIVO' => '1',
  'AR_ALIAS' => 'Otro',
  'AR_MOSTRAR_NOMBRE_PANTALLA' => '0',
) 
2014-08-04 15:55:10 --> se va a crear el turno 
2014-08-04 15:55:10 --> se creo el turno 12 del area Otro 

2014-08-04 15:58:58 --> get_areas 1 
2014-08-04 15:58:58 --> buscando areas del cliente 
2014-08-04 15:59:06 --> crear el consumidor 
2014-08-04 15:59:06 --> se creo el consumidor 11818 
2014-08-04 15:59:06 --> la informacion de la sede es array (
  'S_ID' => '4',
  'S_NOMBRE' => 'OCCIDENTE',
  'S_DESCRIPCION' => 'Sedle para atender los casos de la regional occidente',
  'S_C_ID' => '1',
  'S_CANTIDAD_ENCUESTAS' => '10',
  'S_ACTIVO' => '1',
  'S_LOGO' => '7',
  'S_MUESTRA_VIDEO' => '0',
) 
2014-08-04 15:59:06 --> se va a extraer informacion del area  
2014-08-04 15:59:06 --> la informacion del area es array (
  'AR_ID' => '1',
  'AR_NOMBRE' => 'GERENCIA_DEL_SERVICIO',
  'AR_DESCRIPCION' => 'Cartas de ingreso al punto de venta',
  'AR_C_ID' => '1',
  'AR_ACTIVO' => '1',
  'AR_ALIAS' => 'GS',
  'AR_MOSTRAR_NOMBRE_PANTALLA' => '0',
) 
2014-08-04 15:59:06 --> se va a crear el turno 
2014-08-04 15:59:06 --> se creo el turno 7 del area GS 

2014-08-04 16:00:26 --> get_areas 1 
2014-08-04 16:00:26 --> buscando areas del cliente 
2014-08-04 16:00:48 --> crear el consumidor 
2014-08-04 16:00:48 --> se creo el consumidor 11820 
2014-08-04 16:00:48 --> la informacion de la sede es array (
  'S_ID' => '4',
  'S_NOMBRE' => 'OCCIDENTE',
  'S_DESCRIPCION' => 'Sedle para atender los casos de la regional occidente',
  'S_C_ID' => '1',
  'S_CANTIDAD_ENCUESTAS' => '10',
  'S_ACTIVO' => '1',
  'S_LOGO' => '7',
  'S_MUESTRA_VIDEO' => '0',
) 
2014-08-04 16:00:48 --> se va a extraer informacion del area  
2014-08-04 16:00:48 --> la informacion del area es array (
  'AR_ID' => '2',
  'AR_NOMBRE' => 'APORTES',
  'AR_DESCRIPCION' => 'Pensiones Incapacidades Cesantias Cartas FNA',
  'AR_C_ID' => '1',
  'AR_ACTIVO' => '1',
  'AR_ALIAS' => 'A',
  'AR_MOSTRAR_NOMBRE_PANTALLA' => '0',
) 
2014-08-04 16:00:48 --> se va a crear el turno 
2014-08-04 16:00:48 --> se creo el turno 16 del area A 

2014-08-04 16:01:33 --> get_areas 1 
2014-08-04 16:01:33 --> buscando areas del cliente 
2014-08-04 16:01:39 --> crear el consumidor 
2014-08-04 16:01:46 --> se creo el consumidor 11821 
2014-08-04 16:01:46 --> la informacion de la sede es array (
  'S_ID' => '4',
  'S_NOMBRE' => 'OCCIDENTE',
  'S_DESCRIPCION' => 'Sedle para atender los casos de la regional occidente',
  'S_C_ID' => '1',
  'S_CANTIDAD_ENCUESTAS' => '10',
  'S_ACTIVO' => '1',
  'S_LOGO' => '7',
  'S_MUESTRA_VIDEO' => '0',
) 
2014-08-04 16:01:46 --> se va a extraer informacion del area  
2014-08-04 16:01:46 --> la informacion del area es array (
  'AR_ID' => '2',
  'AR_NOMBRE' => 'APORTES',
  'AR_DESCRIPCION' => 'Pensiones Incapacidades Cesantias Cartas FNA',
  'AR_C_ID' => '1',
  'AR_ACTIVO' => '1',
  'AR_ALIAS' => 'A',
  'AR_MOSTRAR_NOMBRE_PANTALLA' => '0',
) 
2014-08-04 16:01:46 --> se va a crear el turno 
2014-08-04 16:01:46 --> se creo el turno 17 del area A 

2014-08-04 16:12:42 --> get_areas 1 
2014-08-04 16:12:42 --> buscando areas del cliente 
2014-08-04 16:13:08 --> crear el consumidor 
2014-08-04 16:13:08 --> se creo el consumidor 11825 
2014-08-04 16:13:08 --> la informacion de la sede es array (
  'S_ID' => '4',
  'S_NOMBRE' => 'OCCIDENTE',
  'S_DESCRIPCION' => 'Sedle para atender los casos de la regional occidente',
  'S_C_ID' => '1',
  'S_CANTIDAD_ENCUESTAS' => '10',
  'S_ACTIVO' => '1',
  'S_LOGO' => '7',
  'S_MUESTRA_VIDEO' => '0',
) 
2014-08-04 16:13:08 --> se va a extraer informacion del area  
2014-08-04 16:13:08 --> la informacion del area es array (
  'AR_ID' => '8',
  'AR_NOMBRE' => 'COMPENSACION_SALARIAL',
  'AR_DESCRIPCION' => 'Informacion pago nomina y liquidaciones',
  'AR_C_ID' => '1',
  'AR_ACTIVO' => '1',
  'AR_ALIAS' => 'Comp',
  'AR_MOSTRAR_NOMBRE_PANTALLA' => '0',
) 
2014-08-04 16:13:08 --> se va a crear el turno 
2014-08-04 16:13:08 --> se creo el turno 3 del area Comp 

2014-08-04 16:24:18 --> get_areas 1 
2014-08-04 16:24:18 --> buscando areas del cliente 

2014-08-04 16:25:00 --> get_areas 1 
2014-08-04 16:25:00 --> buscando areas del cliente 

2014-08-04 16:32:32 --> get_areas 1 
2014-08-04 16:32:32 --> buscando areas del cliente 
2014-08-04 16:32:39 --> crear el consumidor 
2014-08-04 16:32:41 --> se creo el consumidor 11850 
2014-08-04 16:32:41 --> la informacion de la sede es array (
  'S_ID' => '4',
  'S_NOMBRE' => 'OCCIDENTE',
  'S_DESCRIPCION' => 'Sedle para atender los casos de la regional occidente',
  'S_C_ID' => '1',
  'S_CANTIDAD_ENCUESTAS' => '10',
  'S_ACTIVO' => '1',
  'S_LOGO' => '7',
  'S_MUESTRA_VIDEO' => '0',
) 
2014-08-04 16:32:41 --> se va a extraer informacion del area  
2014-08-04 16:32:41 --> la informacion del area es array (
  'AR_ID' => '2',
  'AR_NOMBRE' => 'APORTES',
  'AR_DESCRIPCION' => 'Pensiones Incapacidades Cesantias Cartas FNA',
  'AR_C_ID' => '1',
  'AR_ACTIVO' => '1',
  'AR_ALIAS' => 'A',
  'AR_MOSTRAR_NOMBRE_PANTALLA' => '0',
) 
2014-08-04 16:32:41 --> se va a crear el turno 
2014-08-04 16:32:41 --> se creo el turno 18 del area A 

2014-08-04 17:10:19 --> get_areas 1 
2014-08-04 17:10:19 --> buscando areas del cliente 
2014-08-04 17:10:41 --> crear el consumidor 
2014-08-04 17:10:41 --> se creo el consumidor 11864 
2014-08-04 17:10:41 --> la informacion de la sede es array (
  'S_ID' => '4',
  'S_NOMBRE' => 'OCCIDENTE',
  'S_DESCRIPCION' => 'Sedle para atender los casos de la regional occidente',
  'S_C_ID' => '1',
  'S_CANTIDAD_ENCUESTAS' => '10',
  'S_ACTIVO' => '1',
  'S_LOGO' => '7',
  'S_MUESTRA_VIDEO' => '0',
) 
2014-08-04 17:10:41 --> se va a extraer informacion del area  
2014-08-04 17:10:41 --> la informacion del area es array (
  'AR_ID' => '5',
  'AR_NOMBRE' => 'OTROS',
  'AR_DESCRIPCION' => 'Otros',
  'AR_C_ID' => '1',
  'AR_ACTIVO' => '1',
  'AR_ALIAS' => 'Otro',
  'AR_MOSTRAR_NOMBRE_PANTALLA' => '0',
) 
2014-08-04 17:10:41 --> se va a crear el turno 
2014-08-04 17:10:41 --> se creo el turno 13 del area Otro 

2014-08-04 17:18:40 --> get_areas 1 
2014-08-04 17:18:40 --> buscando areas del cliente 
2014-08-04 17:18:58 --> crear el consumidor 
2014-08-04 17:18:58 --> se creo el consumidor 11867 
2014-08-04 17:18:58 --> la informacion de la sede es array (
  'S_ID' => '4',
  'S_NOMBRE' => 'OCCIDENTE',
  'S_DESCRIPCION' => 'Sedle para atender los casos de la regional occidente',
  'S_C_ID' => '1',
  'S_CANTIDAD_ENCUESTAS' => '10',
  'S_ACTIVO' => '1',
  'S_LOGO' => '7',
  'S_MUESTRA_VIDEO' => '0',
) 
2014-08-04 17:18:58 --> se va a extraer informacion del area  
2014-08-04 17:18:58 --> la informacion del area es array (
  'AR_ID' => '5',
  'AR_NOMBRE' => 'OTROS',
  'AR_DESCRIPCION' => 'Otros',
  'AR_C_ID' => '1',
  'AR_ACTIVO' => '1',
  'AR_ALIAS' => 'Otro',
  'AR_MOSTRAR_NOMBRE_PANTALLA' => '0',
) 
2014-08-04 17:18:58 --> se va a crear el turno 
2014-08-04 17:18:58 --> se creo el turno 14 del area Otro 

2014-08-04 17:23:30 --> get_areas 1 
2014-08-04 17:23:30 --> buscando areas del cliente 
2014-08-04 17:23:49 --> crear el consumidor 
2014-08-04 17:23:49 --> se creo el consumidor 11872 
2014-08-04 17:23:49 --> la informacion de la sede es array (
  'S_ID' => '4',
  'S_NOMBRE' => 'OCCIDENTE',
  'S_DESCRIPCION' => 'Sedle para atender los casos de la regional occidente',
  'S_C_ID' => '1',
  'S_CANTIDAD_ENCUESTAS' => '10',
  'S_ACTIVO' => '1',
  'S_LOGO' => '7',
  'S_MUESTRA_VIDEO' => '0',
) 
2014-08-04 17:23:49 --> se va a extraer informacion del area  
2014-08-04 17:23:49 --> la informacion del area es array (
  'AR_ID' => '8',
  'AR_NOMBRE' => 'COMPENSACION_SALARIAL',
  'AR_DESCRIPCION' => 'Informacion pago nomina y liquidaciones',
  'AR_C_ID' => '1',
  'AR_ACTIVO' => '1',
  'AR_ALIAS' => 'Comp',
  'AR_MOSTRAR_NOMBRE_PANTALLA' => '0',
) 
2014-08-04 17:23:49 --> se va a crear el turno 
2014-08-04 17:23:49 --> se creo el turno 4 del area Comp 

2014-08-04 17:25:47 --> get_areas 1 
2014-08-04 17:25:47 --> buscando areas del cliente 
2014-08-04 17:25:58 --> crear el consumidor 
2014-08-04 17:25:59 --> se creo el consumidor 11873 
2014-08-04 17:25:59 --> la informacion de la sede es array (
  'S_ID' => '4',
  'S_NOMBRE' => 'OCCIDENTE',
  'S_DESCRIPCION' => 'Sedle para atender los casos de la regional occidente',
  'S_C_ID' => '1',
  'S_CANTIDAD_ENCUESTAS' => '10',
  'S_ACTIVO' => '1',
  'S_LOGO' => '7',
  'S_MUESTRA_VIDEO' => '0',
) 
2014-08-04 17:25:59 --> se va a extraer informacion del area  
2014-08-04 17:25:59 --> la informacion del area es array (
  'AR_ID' => '2',
  'AR_NOMBRE' => 'APORTES',
  'AR_DESCRIPCION' => 'Pensiones Incapacidades Cesantias Cartas FNA',
  'AR_C_ID' => '1',
  'AR_ACTIVO' => '1',
  'AR_ALIAS' => 'A',
  'AR_MOSTRAR_NOMBRE_PANTALLA' => '0',
) 
2014-08-04 17:25:59 --> se va a crear el turno 
2014-08-04 17:25:59 --> se creo el turno 19 del area A 

2014-08-04 17:26:09 --> get_areas 1 
2014-08-04 17:26:09 --> buscando areas del cliente 

2014-08-04 17:27:05 --> get_areas 1 
2014-08-04 17:27:05 --> buscando areas del cliente 
2014-08-04 17:27:30 --> crear el consumidor 
2014-08-04 17:27:30 --> se creo el consumidor 11876 
2014-08-04 17:27:30 --> la informacion de la sede es array (
  'S_ID' => '4',
  'S_NOMBRE' => 'OCCIDENTE',
  'S_DESCRIPCION' => 'Sedle para atender los casos de la regional occidente',
  'S_C_ID' => '1',
  'S_CANTIDAD_ENCUESTAS' => '10',
  'S_ACTIVO' => '1',
  'S_LOGO' => '7',
  'S_MUESTRA_VIDEO' => '0',
) 
2014-08-04 17:27:30 --> se va a extraer informacion del area  
2014-08-04 17:27:30 --> la informacion del area es array (
  'AR_ID' => '5',
  'AR_NOMBRE' => 'OTROS',
  'AR_DESCRIPCION' => 'Otros',
  'AR_C_ID' => '1',
  'AR_ACTIVO' => '1',
  'AR_ALIAS' => 'Otro',
  'AR_MOSTRAR_NOMBRE_PANTALLA' => '0',
) 
2014-08-04 17:27:30 --> se va a crear el turno 
2014-08-04 17:27:30 --> se creo el turno 15 del area Otro 

2014-08-04 17:28:28 --> get_areas 1 
2014-08-04 17:28:28 --> buscando areas del cliente 

2014-08-04 17:39:40 --> get_areas 1 
2014-08-04 17:39:40 --> buscando areas del cliente 
2014-08-04 17:40:01 --> crear el consumidor 
2014-08-04 17:40:01 --> se creo el consumidor 11877 
2014-08-04 17:40:01 --> la informacion de la sede es array (
  'S_ID' => '4',
  'S_NOMBRE' => 'OCCIDENTE',
  'S_DESCRIPCION' => 'Sedle para atender los casos de la regional occidente',
  'S_C_ID' => '1',
  'S_CANTIDAD_ENCUESTAS' => '10',
  'S_ACTIVO' => '1',
  'S_LOGO' => '7',
  'S_MUESTRA_VIDEO' => '0',
) 
2014-08-04 17:40:01 --> se va a extraer informacion del area  
2014-08-04 17:40:01 --> la informacion del area es array (
  'AR_ID' => '1',
  'AR_NOMBRE' => 'GERENCIA_DEL_SERVICIO',
  'AR_DESCRIPCION' => 'Cartas de ingreso al punto de venta',
  'AR_C_ID' => '1',
  'AR_ACTIVO' => '1',
  'AR_ALIAS' => 'GS',
  'AR_MOSTRAR_NOMBRE_PANTALLA' => '0',
) 
2014-08-04 17:40:01 --> se va a crear el turno 
2014-08-04 17:40:01 --> se creo el turno 8 del area GS 
