
2014-06-06 07:54:08 --> get_areas 1 
2014-06-06 07:54:08 --> buscando areas del cliente 
2014-06-06 07:54:08 --> encontro estas areas array (
  0 => 
  array (
    'id_area' => '1',
    'nombre_area' => 'Cartas de ingreso al punto de venta Fondex',
  ),
  1 => 
  array (
    'id_area' => '2',
    'nombre_area' => 'Seguridad social Pensiones Incapacidades',
  ),
  2 => 
  array (
    'id_area' => '3',
    'nombre_area' => 'Cesantias Cert laborales Constancias FNA',
  ),
  3 => 
  array (
    'id_area' => '5',
    'nombre_area' => 'Otros',
  ),
  4 => 
  array (
    'id_area' => '7',
    'nombre_area' => 'Solicitudes varias',
  ),
  5 => 
  array (
    'id_area' => '8',
    'nombre_area' => 'Pago nomina y liquidaciones',
  ),
) 
2014-06-06 07:54:08 --> salida array (
  'status' => 'success',
  'error_descrip' => '',
  'datos' => 
  array (
    0 => 
    array (
      'id_area' => '1',
      'nombre_area' => 'Cartas de ingreso al punto de venta Fondex',
    ),
    1 => 
    array (
      'id_area' => '2',
      'nombre_area' => 'Seguridad social Pensiones Incapacidades',
    ),
    2 => 
    array (
      'id_area' => '3',
      'nombre_area' => 'Cesantias Cert laborales Constancias FNA',
    ),
    3 => 
    array (
      'id_area' => '5',
      'nombre_area' => 'Otros',
    ),
    4 => 
    array (
      'id_area' => '7',
      'nombre_area' => 'Solicitudes varias',
    ),
    5 => 
    array (
      'id_area' => '8',
      'nombre_area' => 'Pago nomina y liquidaciones',
    ),
  ),
) 
2014-06-06 07:54:21 --> crear el consumidor 
2014-06-06 07:54:21 --> se creo el consumidor 2199 
2014-06-06 07:54:21 --> la informacion de la sede es array (
  'S_ID' => '5',
  'S_NOMBRE' => 'ORIENTE',
  'S_DESCRIPCION' => 'Sede para gestionar los casos de la regional Oriente',
  'S_C_ID' => '1',
  'S_CANTIDAD_ENCUESTAS' => '10',
  'S_ACTIVO' => '1',
  'S_LOGO' => '1',
  'S_MUESTRA_VIDEO' => '0',
) 
2014-06-06 07:54:21 --> se va a extraer informacion del area  
2014-06-06 07:54:21 --> la informacion del area es array (
  'AR_ID' => '8',
  'AR_NOMBRE' => 'COMPENSACION_SALARIAL',
  'AR_DESCRIPCION' => 'Pago nomina y liquidaciones',
  'AR_C_ID' => '1',
  'AR_ACTIVO' => '1',
  'AR_ALIAS' => 'Comp',
  'AR_MOSTRAR_NOMBRE_PANTALLA' => '0',
) 
2014-06-06 07:54:21 --> se va a crear el turno 
2014-06-06 07:54:21 --> se creo el turno 1 del area Comp 

2014-06-06 08:19:24 --> get_areas 1 
2014-06-06 08:19:24 --> buscando areas del cliente 
2014-06-06 08:19:24 --> encontro estas areas array (
  0 => 
  array (
    'id_area' => '1',
    'nombre_area' => 'Cartas de ingreso al punto de venta Fondex',
  ),
  1 => 
  array (
    'id_area' => '2',
    'nombre_area' => 'Seguridad social Pensiones Incapacidades',
  ),
  2 => 
  array (
    'id_area' => '3',
    'nombre_area' => 'Cesantias Cert laborales Constancias FNA',
  ),
  3 => 
  array (
    'id_area' => '5',
    'nombre_area' => 'Otros',
  ),
  4 => 
  array (
    'id_area' => '7',
    'nombre_area' => 'Solicitudes varias',
  ),
  5 => 
  array (
    'id_area' => '8',
    'nombre_area' => 'Pago nomina y liquidaciones',
  ),
) 
2014-06-06 08:19:24 --> salida array (
  'status' => 'success',
  'error_descrip' => '',
  'datos' => 
  array (
    0 => 
    array (
      'id_area' => '1',
      'nombre_area' => 'Cartas de ingreso al punto de venta Fondex',
    ),
    1 => 
    array (
      'id_area' => '2',
      'nombre_area' => 'Seguridad social Pensiones Incapacidades',
    ),
    2 => 
    array (
      'id_area' => '3',
      'nombre_area' => 'Cesantias Cert laborales Constancias FNA',
    ),
    3 => 
    array (
      'id_area' => '5',
      'nombre_area' => 'Otros',
    ),
    4 => 
    array (
      'id_area' => '7',
      'nombre_area' => 'Solicitudes varias',
    ),
    5 => 
    array (
      'id_area' => '8',
      'nombre_area' => 'Pago nomina y liquidaciones',
    ),
  ),
) 
2014-06-06 08:19:38 --> crear el consumidor 
2014-06-06 08:19:38 --> se creo el consumidor 2202 
2014-06-06 08:19:38 --> la informacion de la sede es array (
  'S_ID' => '5',
  'S_NOMBRE' => 'ORIENTE',
  'S_DESCRIPCION' => 'Sede para gestionar los casos de la regional Oriente',
  'S_C_ID' => '1',
  'S_CANTIDAD_ENCUESTAS' => '10',
  'S_ACTIVO' => '1',
  'S_LOGO' => '1',
  'S_MUESTRA_VIDEO' => '0',
) 
2014-06-06 08:19:38 --> se va a extraer informacion del area  
2014-06-06 08:19:38 --> la informacion del area es array (
  'AR_ID' => '5',
  'AR_NOMBRE' => 'OTROS',
  'AR_DESCRIPCION' => 'Otros',
  'AR_C_ID' => '1',
  'AR_ACTIVO' => '1',
  'AR_ALIAS' => 'Otro',
  'AR_MOSTRAR_NOMBRE_PANTALLA' => '0',
) 
2014-06-06 08:19:38 --> se va a crear el turno 
2014-06-06 08:19:38 --> se creo el turno 1 del area Otro 

2014-06-06 08:37:19 --> get_areas 1 
2014-06-06 08:37:19 --> buscando areas del cliente 
2014-06-06 08:37:19 --> encontro estas areas array (
  0 => 
  array (
    'id_area' => '1',
    'nombre_area' => 'Cartas de ingreso al punto de venta Fondex',
  ),
  1 => 
  array (
    'id_area' => '2',
    'nombre_area' => 'Seguridad social Pensiones Incapacidades',
  ),
  2 => 
  array (
    'id_area' => '3',
    'nombre_area' => 'Cesantias Cert laborales Constancias FNA',
  ),
  3 => 
  array (
    'id_area' => '5',
    'nombre_area' => 'Otros',
  ),
  4 => 
  array (
    'id_area' => '7',
    'nombre_area' => 'Solicitudes varias',
  ),
  5 => 
  array (
    'id_area' => '8',
    'nombre_area' => 'Pago nomina y liquidaciones',
  ),
) 
2014-06-06 08:37:19 --> salida array (
  'status' => 'success',
  'error_descrip' => '',
  'datos' => 
  array (
    0 => 
    array (
      'id_area' => '1',
      'nombre_area' => 'Cartas de ingreso al punto de venta Fondex',
    ),
    1 => 
    array (
      'id_area' => '2',
      'nombre_area' => 'Seguridad social Pensiones Incapacidades',
    ),
    2 => 
    array (
      'id_area' => '3',
      'nombre_area' => 'Cesantias Cert laborales Constancias FNA',
    ),
    3 => 
    array (
      'id_area' => '5',
      'nombre_area' => 'Otros',
    ),
    4 => 
    array (
      'id_area' => '7',
      'nombre_area' => 'Solicitudes varias',
    ),
    5 => 
    array (
      'id_area' => '8',
      'nombre_area' => 'Pago nomina y liquidaciones',
    ),
  ),
) 
2014-06-06 08:37:31 --> crear el consumidor 
2014-06-06 08:37:31 --> se creo el consumidor 2208 
2014-06-06 08:37:31 --> la informacion de la sede es array (
  'S_ID' => '3',
  'S_NOMBRE' => 'NORTE',
  'S_DESCRIPCION' => 'Sede para atender los casos de la regional norte',
  'S_C_ID' => '1',
  'S_CANTIDAD_ENCUESTAS' => '10',
  'S_ACTIVO' => '1',
  'S_LOGO' => '7',
  'S_MUESTRA_VIDEO' => '0',
) 
2014-06-06 08:37:31 --> se va a extraer informacion del area  
2014-06-06 08:37:31 --> la informacion del area es array (
  'AR_ID' => '3',
  'AR_NOMBRE' => 'SEGUIMIENTO_AL_SERVICIO',
  'AR_DESCRIPCION' => 'Cesantias Cert laborales Constancias FNA',
  'AR_C_ID' => '1',
  'AR_ACTIVO' => '1',
  'AR_ALIAS' => 'SAS',
  'AR_MOSTRAR_NOMBRE_PANTALLA' => '0',
) 
2014-06-06 08:37:31 --> se va a crear el turno 
2014-06-06 08:37:31 --> se creo el turno 2 del area SAS 

2014-06-06 08:37:44 --> get_areas 1 
2014-06-06 08:37:44 --> buscando areas del cliente 
2014-06-06 08:37:44 --> encontro estas areas array (
  0 => 
  array (
    'id_area' => '1',
    'nombre_area' => 'Cartas de ingreso al punto de venta Fondex',
  ),
  1 => 
  array (
    'id_area' => '2',
    'nombre_area' => 'Seguridad social Pensiones Incapacidades',
  ),
  2 => 
  array (
    'id_area' => '3',
    'nombre_area' => 'Cesantias Cert laborales Constancias FNA',
  ),
  3 => 
  array (
    'id_area' => '5',
    'nombre_area' => 'Otros',
  ),
  4 => 
  array (
    'id_area' => '7',
    'nombre_area' => 'Solicitudes varias',
  ),
  5 => 
  array (
    'id_area' => '8',
    'nombre_area' => 'Pago nomina y liquidaciones',
  ),
) 
2014-06-06 08:37:44 --> salida array (
  'status' => 'success',
  'error_descrip' => '',
  'datos' => 
  array (
    0 => 
    array (
      'id_area' => '1',
      'nombre_area' => 'Cartas de ingreso al punto de venta Fondex',
    ),
    1 => 
    array (
      'id_area' => '2',
      'nombre_area' => 'Seguridad social Pensiones Incapacidades',
    ),
    2 => 
    array (
      'id_area' => '3',
      'nombre_area' => 'Cesantias Cert laborales Constancias FNA',
    ),
    3 => 
    array (
      'id_area' => '5',
      'nombre_area' => 'Otros',
    ),
    4 => 
    array (
      'id_area' => '7',
      'nombre_area' => 'Solicitudes varias',
    ),
    5 => 
    array (
      'id_area' => '8',
      'nombre_area' => 'Pago nomina y liquidaciones',
    ),
  ),
) 
2014-06-06 08:38:08 --> crear el consumidor 
2014-06-06 08:38:08 --> se creo el consumidor 2209 
2014-06-06 08:38:08 --> la informacion de la sede es array (
  'S_ID' => '3',
  'S_NOMBRE' => 'NORTE',
  'S_DESCRIPCION' => 'Sede para atender los casos de la regional norte',
  'S_C_ID' => '1',
  'S_CANTIDAD_ENCUESTAS' => '10',
  'S_ACTIVO' => '1',
  'S_LOGO' => '7',
  'S_MUESTRA_VIDEO' => '0',
) 
2014-06-06 08:38:08 --> se va a extraer informacion del area  
2014-06-06 08:38:08 --> la informacion del area es array (
  'AR_ID' => '3',
  'AR_NOMBRE' => 'SEGUIMIENTO_AL_SERVICIO',
  'AR_DESCRIPCION' => 'Cesantias Cert laborales Constancias FNA',
  'AR_C_ID' => '1',
  'AR_ACTIVO' => '1',
  'AR_ALIAS' => 'SAS',
  'AR_MOSTRAR_NOMBRE_PANTALLA' => '0',
) 
2014-06-06 08:38:08 --> se va a crear el turno 
2014-06-06 08:38:08 --> se creo el turno 3 del area SAS 

2014-06-06 09:22:24 --> get_areas 1 
2014-06-06 09:22:24 --> buscando areas del cliente 
2014-06-06 09:22:24 --> encontro estas areas array (
  0 => 
  array (
    'id_area' => '1',
    'nombre_area' => 'Cartas de ingreso al punto de venta Fondex',
  ),
  1 => 
  array (
    'id_area' => '2',
    'nombre_area' => 'Seguridad social Pensiones Incapacidades',
  ),
  2 => 
  array (
    'id_area' => '3',
    'nombre_area' => 'Cesantias Cert laborales Constancias FNA',
  ),
  3 => 
  array (
    'id_area' => '5',
    'nombre_area' => 'Otros',
  ),
  4 => 
  array (
    'id_area' => '7',
    'nombre_area' => 'Solicitudes varias',
  ),
  5 => 
  array (
    'id_area' => '8',
    'nombre_area' => 'Pago nomina y liquidaciones',
  ),
) 
2014-06-06 09:22:24 --> salida array (
  'status' => 'success',
  'error_descrip' => '',
  'datos' => 
  array (
    0 => 
    array (
      'id_area' => '1',
      'nombre_area' => 'Cartas de ingreso al punto de venta Fondex',
    ),
    1 => 
    array (
      'id_area' => '2',
      'nombre_area' => 'Seguridad social Pensiones Incapacidades',
    ),
    2 => 
    array (
      'id_area' => '3',
      'nombre_area' => 'Cesantias Cert laborales Constancias FNA',
    ),
    3 => 
    array (
      'id_area' => '5',
      'nombre_area' => 'Otros',
    ),
    4 => 
    array (
      'id_area' => '7',
      'nombre_area' => 'Solicitudes varias',
    ),
    5 => 
    array (
      'id_area' => '8',
      'nombre_area' => 'Pago nomina y liquidaciones',
    ),
  ),
) 
2014-06-06 09:22:36 --> crear el consumidor 
2014-06-06 09:22:36 --> se creo el consumidor 2219 
2014-06-06 09:22:36 --> la informacion de la sede es array (
  'S_ID' => '3',
  'S_NOMBRE' => 'NORTE',
  'S_DESCRIPCION' => 'Sede para atender los casos de la regional norte',
  'S_C_ID' => '1',
  'S_CANTIDAD_ENCUESTAS' => '10',
  'S_ACTIVO' => '1',
  'S_LOGO' => '7',
  'S_MUESTRA_VIDEO' => '0',
) 
2014-06-06 09:22:36 --> se va a extraer informacion del area  
2014-06-06 09:22:36 --> la informacion del area es array (
  'AR_ID' => '1',
  'AR_NOMBRE' => 'GERENCIAMIENTO_DEL_SERVICIO',
  'AR_DESCRIPCION' => 'Cartas de ingreso al punto de venta Fondex',
  'AR_C_ID' => '1',
  'AR_ACTIVO' => '1',
  'AR_ALIAS' => 'GS',
  'AR_MOSTRAR_NOMBRE_PANTALLA' => '0',
) 
2014-06-06 09:22:36 --> se va a crear el turno 
2014-06-06 09:22:36 --> se creo el turno 1 del area GS 

2014-06-06 09:33:17 --> get_areas 1 
2014-06-06 09:33:17 --> buscando areas del cliente 
2014-06-06 09:33:17 --> encontro estas areas array (
  0 => 
  array (
    'id_area' => '1',
    'nombre_area' => 'Cartas de ingreso al punto de venta Fondex',
  ),
  1 => 
  array (
    'id_area' => '2',
    'nombre_area' => 'Seguridad social Pensiones Incapacidades',
  ),
  2 => 
  array (
    'id_area' => '3',
    'nombre_area' => 'Cesantias Cert laborales Constancias FNA',
  ),
  3 => 
  array (
    'id_area' => '5',
    'nombre_area' => 'Otros',
  ),
  4 => 
  array (
    'id_area' => '7',
    'nombre_area' => 'Solicitudes varias',
  ),
  5 => 
  array (
    'id_area' => '8',
    'nombre_area' => 'Pago nomina y liquidaciones',
  ),
) 
2014-06-06 09:33:17 --> salida array (
  'status' => 'success',
  'error_descrip' => '',
  'datos' => 
  array (
    0 => 
    array (
      'id_area' => '1',
      'nombre_area' => 'Cartas de ingreso al punto de venta Fondex',
    ),
    1 => 
    array (
      'id_area' => '2',
      'nombre_area' => 'Seguridad social Pensiones Incapacidades',
    ),
    2 => 
    array (
      'id_area' => '3',
      'nombre_area' => 'Cesantias Cert laborales Constancias FNA',
    ),
    3 => 
    array (
      'id_area' => '5',
      'nombre_area' => 'Otros',
    ),
    4 => 
    array (
      'id_area' => '7',
      'nombre_area' => 'Solicitudes varias',
    ),
    5 => 
    array (
      'id_area' => '8',
      'nombre_area' => 'Pago nomina y liquidaciones',
    ),
  ),
) 
2014-06-06 09:33:27 --> crear el consumidor 
2014-06-06 09:33:27 --> se creo el consumidor 2225 
2014-06-06 09:33:27 --> la informacion de la sede es array (
  'S_ID' => '3',
  'S_NOMBRE' => 'NORTE',
  'S_DESCRIPCION' => 'Sede para atender los casos de la regional norte',
  'S_C_ID' => '1',
  'S_CANTIDAD_ENCUESTAS' => '10',
  'S_ACTIVO' => '1',
  'S_LOGO' => '7',
  'S_MUESTRA_VIDEO' => '0',
) 
2014-06-06 09:33:27 --> se va a extraer informacion del area  
2014-06-06 09:33:27 --> la informacion del area es array (
  'AR_ID' => '3',
  'AR_NOMBRE' => 'SEGUIMIENTO_AL_SERVICIO',
  'AR_DESCRIPCION' => 'Cesantias Cert laborales Constancias FNA',
  'AR_C_ID' => '1',
  'AR_ACTIVO' => '1',
  'AR_ALIAS' => 'SAS',
  'AR_MOSTRAR_NOMBRE_PANTALLA' => '0',
) 
2014-06-06 09:33:27 --> se va a crear el turno 
2014-06-06 09:33:27 --> se creo el turno 4 del area SAS 

2014-06-06 09:59:41 --> get_areas 1 
2014-06-06 09:59:41 --> buscando areas del cliente 
2014-06-06 09:59:41 --> encontro estas areas array (
  0 => 
  array (
    'id_area' => '1',
    'nombre_area' => 'Cartas de ingreso al punto de venta Fondex',
  ),
  1 => 
  array (
    'id_area' => '2',
    'nombre_area' => 'Seguridad social Pensiones Incapacidades',
  ),
  2 => 
  array (
    'id_area' => '3',
    'nombre_area' => 'Cesantias Cert laborales Constancias FNA',
  ),
  3 => 
  array (
    'id_area' => '5',
    'nombre_area' => 'Otros',
  ),
  4 => 
  array (
    'id_area' => '7',
    'nombre_area' => 'Solicitudes varias',
  ),
  5 => 
  array (
    'id_area' => '8',
    'nombre_area' => 'Pago nomina y liquidaciones',
  ),
) 
2014-06-06 09:59:41 --> salida array (
  'status' => 'success',
  'error_descrip' => '',
  'datos' => 
  array (
    0 => 
    array (
      'id_area' => '1',
      'nombre_area' => 'Cartas de ingreso al punto de venta Fondex',
    ),
    1 => 
    array (
      'id_area' => '2',
      'nombre_area' => 'Seguridad social Pensiones Incapacidades',
    ),
    2 => 
    array (
      'id_area' => '3',
      'nombre_area' => 'Cesantias Cert laborales Constancias FNA',
    ),
    3 => 
    array (
      'id_area' => '5',
      'nombre_area' => 'Otros',
    ),
    4 => 
    array (
      'id_area' => '7',
      'nombre_area' => 'Solicitudes varias',
    ),
    5 => 
    array (
      'id_area' => '8',
      'nombre_area' => 'Pago nomina y liquidaciones',
    ),
  ),
) 
2014-06-06 09:59:49 --> crear el consumidor 
2014-06-06 09:59:49 --> se creo el consumidor 2234 
2014-06-06 09:59:49 --> la informacion de la sede es array (
  'S_ID' => '3',
  'S_NOMBRE' => 'NORTE',
  'S_DESCRIPCION' => 'Sede para atender los casos de la regional norte',
  'S_C_ID' => '1',
  'S_CANTIDAD_ENCUESTAS' => '10',
  'S_ACTIVO' => '1',
  'S_LOGO' => '7',
  'S_MUESTRA_VIDEO' => '0',
) 
2014-06-06 09:59:49 --> se va a extraer informacion del area  
2014-06-06 09:59:49 --> la informacion del area es array (
  'AR_ID' => '3',
  'AR_NOMBRE' => 'SEGUIMIENTO_AL_SERVICIO',
  'AR_DESCRIPCION' => 'Cesantias Cert laborales Constancias FNA',
  'AR_C_ID' => '1',
  'AR_ACTIVO' => '1',
  'AR_ALIAS' => 'SAS',
  'AR_MOSTRAR_NOMBRE_PANTALLA' => '0',
) 
2014-06-06 09:59:49 --> se va a crear el turno 
2014-06-06 09:59:49 --> se creo el turno 6 del area SAS 

2014-06-06 10:10:11 --> get_areas 1 
2014-06-06 10:10:11 --> buscando areas del cliente 
2014-06-06 10:10:11 --> encontro estas areas array (
  0 => 
  array (
    'id_area' => '1',
    'nombre_area' => 'Cartas de ingreso al punto de venta Fondex',
  ),
  1 => 
  array (
    'id_area' => '2',
    'nombre_area' => 'Seguridad social Pensiones Incapacidades',
  ),
  2 => 
  array (
    'id_area' => '3',
    'nombre_area' => 'Cesantias Cert laborales Constancias FNA',
  ),
  3 => 
  array (
    'id_area' => '5',
    'nombre_area' => 'Otros',
  ),
  4 => 
  array (
    'id_area' => '7',
    'nombre_area' => 'Solicitudes varias',
  ),
  5 => 
  array (
    'id_area' => '8',
    'nombre_area' => 'Pago nomina y liquidaciones',
  ),
) 
2014-06-06 10:10:11 --> salida array (
  'status' => 'success',
  'error_descrip' => '',
  'datos' => 
  array (
    0 => 
    array (
      'id_area' => '1',
      'nombre_area' => 'Cartas de ingreso al punto de venta Fondex',
    ),
    1 => 
    array (
      'id_area' => '2',
      'nombre_area' => 'Seguridad social Pensiones Incapacidades',
    ),
    2 => 
    array (
      'id_area' => '3',
      'nombre_area' => 'Cesantias Cert laborales Constancias FNA',
    ),
    3 => 
    array (
      'id_area' => '5',
      'nombre_area' => 'Otros',
    ),
    4 => 
    array (
      'id_area' => '7',
      'nombre_area' => 'Solicitudes varias',
    ),
    5 => 
    array (
      'id_area' => '8',
      'nombre_area' => 'Pago nomina y liquidaciones',
    ),
  ),
) 
2014-06-06 10:10:20 --> crear el consumidor 
2014-06-06 10:10:20 --> se creo el consumidor 2237 
2014-06-06 10:10:20 --> la informacion de la sede es array (
  'S_ID' => '3',
  'S_NOMBRE' => 'NORTE',
  'S_DESCRIPCION' => 'Sede para atender los casos de la regional norte',
  'S_C_ID' => '1',
  'S_CANTIDAD_ENCUESTAS' => '10',
  'S_ACTIVO' => '1',
  'S_LOGO' => '7',
  'S_MUESTRA_VIDEO' => '0',
) 
2014-06-06 10:10:20 --> se va a extraer informacion del area  
2014-06-06 10:10:20 --> la informacion del area es array (
  'AR_ID' => '3',
  'AR_NOMBRE' => 'SEGUIMIENTO_AL_SERVICIO',
  'AR_DESCRIPCION' => 'Cesantias Cert laborales Constancias FNA',
  'AR_C_ID' => '1',
  'AR_ACTIVO' => '1',
  'AR_ALIAS' => 'SAS',
  'AR_MOSTRAR_NOMBRE_PANTALLA' => '0',
) 
2014-06-06 10:10:20 --> se va a crear el turno 
2014-06-06 10:10:20 --> se creo el turno 7 del area SAS 

2014-06-06 10:20:24 --> get_areas 1 
2014-06-06 10:20:24 --> buscando areas del cliente 
2014-06-06 10:20:24 --> encontro estas areas array (
  0 => 
  array (
    'id_area' => '1',
    'nombre_area' => 'Cartas de ingreso al punto de venta Fondex',
  ),
  1 => 
  array (
    'id_area' => '2',
    'nombre_area' => 'Seguridad social Pensiones Incapacidades',
  ),
  2 => 
  array (
    'id_area' => '3',
    'nombre_area' => 'Cesantias Cert laborales Constancias FNA',
  ),
  3 => 
  array (
    'id_area' => '5',
    'nombre_area' => 'Otros',
  ),
  4 => 
  array (
    'id_area' => '7',
    'nombre_area' => 'Solicitudes varias',
  ),
  5 => 
  array (
    'id_area' => '8',
    'nombre_area' => 'Pago nomina y liquidaciones',
  ),
) 
2014-06-06 10:20:24 --> salida array (
  'status' => 'success',
  'error_descrip' => '',
  'datos' => 
  array (
    0 => 
    array (
      'id_area' => '1',
      'nombre_area' => 'Cartas de ingreso al punto de venta Fondex',
    ),
    1 => 
    array (
      'id_area' => '2',
      'nombre_area' => 'Seguridad social Pensiones Incapacidades',
    ),
    2 => 
    array (
      'id_area' => '3',
      'nombre_area' => 'Cesantias Cert laborales Constancias FNA',
    ),
    3 => 
    array (
      'id_area' => '5',
      'nombre_area' => 'Otros',
    ),
    4 => 
    array (
      'id_area' => '7',
      'nombre_area' => 'Solicitudes varias',
    ),
    5 => 
    array (
      'id_area' => '8',
      'nombre_area' => 'Pago nomina y liquidaciones',
    ),
  ),
) 
2014-06-06 10:20:32 --> crear el consumidor 
2014-06-06 10:20:32 --> se creo el consumidor 2246 
2014-06-06 10:20:32 --> la informacion de la sede es array (
  'S_ID' => '3',
  'S_NOMBRE' => 'NORTE',
  'S_DESCRIPCION' => 'Sede para atender los casos de la regional norte',
  'S_C_ID' => '1',
  'S_CANTIDAD_ENCUESTAS' => '10',
  'S_ACTIVO' => '1',
  'S_LOGO' => '7',
  'S_MUESTRA_VIDEO' => '0',
) 
2014-06-06 10:20:32 --> se va a extraer informacion del area  
2014-06-06 10:20:32 --> la informacion del area es array (
  'AR_ID' => '3',
  'AR_NOMBRE' => 'SEGUIMIENTO_AL_SERVICIO',
  'AR_DESCRIPCION' => 'Cesantias Cert laborales Constancias FNA',
  'AR_C_ID' => '1',
  'AR_ACTIVO' => '1',
  'AR_ALIAS' => 'SAS',
  'AR_MOSTRAR_NOMBRE_PANTALLA' => '0',
) 
2014-06-06 10:20:32 --> se va a crear el turno 
2014-06-06 10:20:32 --> se creo el turno 8 del area SAS 

2014-06-06 10:26:47 --> get_areas 1 
2014-06-06 10:26:47 --> buscando areas del cliente 
2014-06-06 10:26:47 --> encontro estas areas array (
  0 => 
  array (
    'id_area' => '1',
    'nombre_area' => 'Cartas de ingreso al punto de venta Fondex',
  ),
  1 => 
  array (
    'id_area' => '2',
    'nombre_area' => 'Seguridad social Pensiones Incapacidades',
  ),
  2 => 
  array (
    'id_area' => '3',
    'nombre_area' => 'Cesantias Cert laborales Constancias FNA',
  ),
  3 => 
  array (
    'id_area' => '5',
    'nombre_area' => 'Otros',
  ),
  4 => 
  array (
    'id_area' => '7',
    'nombre_area' => 'Solicitudes varias',
  ),
  5 => 
  array (
    'id_area' => '8',
    'nombre_area' => 'Pago nomina y liquidaciones',
  ),
) 
2014-06-06 10:26:47 --> salida array (
  'status' => 'success',
  'error_descrip' => '',
  'datos' => 
  array (
    0 => 
    array (
      'id_area' => '1',
      'nombre_area' => 'Cartas de ingreso al punto de venta Fondex',
    ),
    1 => 
    array (
      'id_area' => '2',
      'nombre_area' => 'Seguridad social Pensiones Incapacidades',
    ),
    2 => 
    array (
      'id_area' => '3',
      'nombre_area' => 'Cesantias Cert laborales Constancias FNA',
    ),
    3 => 
    array (
      'id_area' => '5',
      'nombre_area' => 'Otros',
    ),
    4 => 
    array (
      'id_area' => '7',
      'nombre_area' => 'Solicitudes varias',
    ),
    5 => 
    array (
      'id_area' => '8',
      'nombre_area' => 'Pago nomina y liquidaciones',
    ),
  ),
) 
2014-06-06 10:27:01 --> crear el consumidor 
2014-06-06 10:27:01 --> se creo el consumidor 2247 
2014-06-06 10:27:01 --> la informacion de la sede es array (
  'S_ID' => '3',
  'S_NOMBRE' => 'NORTE',
  'S_DESCRIPCION' => 'Sede para atender los casos de la regional norte',
  'S_C_ID' => '1',
  'S_CANTIDAD_ENCUESTAS' => '10',
  'S_ACTIVO' => '1',
  'S_LOGO' => '7',
  'S_MUESTRA_VIDEO' => '0',
) 
2014-06-06 10:27:01 --> se va a extraer informacion del area  
2014-06-06 10:27:01 --> la informacion del area es array (
  'AR_ID' => '3',
  'AR_NOMBRE' => 'SEGUIMIENTO_AL_SERVICIO',
  'AR_DESCRIPCION' => 'Cesantias Cert laborales Constancias FNA',
  'AR_C_ID' => '1',
  'AR_ACTIVO' => '1',
  'AR_ALIAS' => 'SAS',
  'AR_MOSTRAR_NOMBRE_PANTALLA' => '0',
) 
2014-06-06 10:27:01 --> se va a crear el turno 
2014-06-06 10:27:01 --> se creo el turno 9 del area SAS 

2014-06-06 10:27:36 --> get_areas 1 
2014-06-06 10:27:36 --> buscando areas del cliente 
2014-06-06 10:27:36 --> encontro estas areas array (
  0 => 
  array (
    'id_area' => '1',
    'nombre_area' => 'Cartas de ingreso al punto de venta Fondex',
  ),
  1 => 
  array (
    'id_area' => '2',
    'nombre_area' => 'Seguridad social Pensiones Incapacidades',
  ),
  2 => 
  array (
    'id_area' => '3',
    'nombre_area' => 'Cesantias Cert laborales Constancias FNA',
  ),
  3 => 
  array (
    'id_area' => '5',
    'nombre_area' => 'Otros',
  ),
  4 => 
  array (
    'id_area' => '7',
    'nombre_area' => 'Solicitudes varias',
  ),
  5 => 
  array (
    'id_area' => '8',
    'nombre_area' => 'Pago nomina y liquidaciones',
  ),
) 
2014-06-06 10:27:36 --> salida array (
  'status' => 'success',
  'error_descrip' => '',
  'datos' => 
  array (
    0 => 
    array (
      'id_area' => '1',
      'nombre_area' => 'Cartas de ingreso al punto de venta Fondex',
    ),
    1 => 
    array (
      'id_area' => '2',
      'nombre_area' => 'Seguridad social Pensiones Incapacidades',
    ),
    2 => 
    array (
      'id_area' => '3',
      'nombre_area' => 'Cesantias Cert laborales Constancias FNA',
    ),
    3 => 
    array (
      'id_area' => '5',
      'nombre_area' => 'Otros',
    ),
    4 => 
    array (
      'id_area' => '7',
      'nombre_area' => 'Solicitudes varias',
    ),
    5 => 
    array (
      'id_area' => '8',
      'nombre_area' => 'Pago nomina y liquidaciones',
    ),
  ),
) 
2014-06-06 10:27:48 --> crear el consumidor 
2014-06-06 10:27:48 --> se creo el consumidor 2249 
2014-06-06 10:27:48 --> la informacion de la sede es array (
  'S_ID' => '3',
  'S_NOMBRE' => 'NORTE',
  'S_DESCRIPCION' => 'Sede para atender los casos de la regional norte',
  'S_C_ID' => '1',
  'S_CANTIDAD_ENCUESTAS' => '10',
  'S_ACTIVO' => '1',
  'S_LOGO' => '7',
  'S_MUESTRA_VIDEO' => '0',
) 
2014-06-06 10:27:48 --> se va a extraer informacion del area  
2014-06-06 10:27:48 --> la informacion del area es array (
  'AR_ID' => '3',
  'AR_NOMBRE' => 'SEGUIMIENTO_AL_SERVICIO',
  'AR_DESCRIPCION' => 'Cesantias Cert laborales Constancias FNA',
  'AR_C_ID' => '1',
  'AR_ACTIVO' => '1',
  'AR_ALIAS' => 'SAS',
  'AR_MOSTRAR_NOMBRE_PANTALLA' => '0',
) 
2014-06-06 10:27:48 --> se va a crear el turno 
2014-06-06 10:27:48 --> se creo el turno 10 del area SAS 

2014-06-06 11:17:52 --> get_areas 1 
2014-06-06 11:17:52 --> buscando areas del cliente 
2014-06-06 11:17:52 --> encontro estas areas array (
  0 => 
  array (
    'id_area' => '1',
    'nombre_area' => 'Cartas de ingreso al punto de venta Fondex',
  ),
  1 => 
  array (
    'id_area' => '2',
    'nombre_area' => 'Seguridad social Pensiones Incapacidades',
  ),
  2 => 
  array (
    'id_area' => '3',
    'nombre_area' => 'Cesantias Cert laborales Constancias FNA',
  ),
  3 => 
  array (
    'id_area' => '5',
    'nombre_area' => 'Otros',
  ),
  4 => 
  array (
    'id_area' => '7',
    'nombre_area' => 'Solicitudes varias',
  ),
  5 => 
  array (
    'id_area' => '8',
    'nombre_area' => 'Pago nomina y liquidaciones',
  ),
) 
2014-06-06 11:17:52 --> salida array (
  'status' => 'success',
  'error_descrip' => '',
  'datos' => 
  array (
    0 => 
    array (
      'id_area' => '1',
      'nombre_area' => 'Cartas de ingreso al punto de venta Fondex',
    ),
    1 => 
    array (
      'id_area' => '2',
      'nombre_area' => 'Seguridad social Pensiones Incapacidades',
    ),
    2 => 
    array (
      'id_area' => '3',
      'nombre_area' => 'Cesantias Cert laborales Constancias FNA',
    ),
    3 => 
    array (
      'id_area' => '5',
      'nombre_area' => 'Otros',
    ),
    4 => 
    array (
      'id_area' => '7',
      'nombre_area' => 'Solicitudes varias',
    ),
    5 => 
    array (
      'id_area' => '8',
      'nombre_area' => 'Pago nomina y liquidaciones',
    ),
  ),
) 
2014-06-06 11:18:04 --> crear el consumidor 
2014-06-06 11:18:04 --> se creo el consumidor 2271 
2014-06-06 11:18:04 --> la informacion de la sede es array (
  'S_ID' => '5',
  'S_NOMBRE' => 'ORIENTE',
  'S_DESCRIPCION' => 'Sede para gestionar los casos de la regional Oriente',
  'S_C_ID' => '1',
  'S_CANTIDAD_ENCUESTAS' => '10',
  'S_ACTIVO' => '1',
  'S_LOGO' => '1',
  'S_MUESTRA_VIDEO' => '0',
) 
2014-06-06 11:18:04 --> se va a extraer informacion del area  
2014-06-06 11:18:04 --> la informacion del area es array (
  'AR_ID' => '1',
  'AR_NOMBRE' => 'GERENCIAMIENTO_DEL_SERVICIO',
  'AR_DESCRIPCION' => 'Cartas de ingreso al punto de venta Fondex',
  'AR_C_ID' => '1',
  'AR_ACTIVO' => '1',
  'AR_ALIAS' => 'GS',
  'AR_MOSTRAR_NOMBRE_PANTALLA' => '0',
) 
2014-06-06 11:18:04 --> se va a crear el turno 
2014-06-06 11:18:04 --> se creo el turno 12 del area GS 

2014-06-06 11:19:26 --> get_areas 1 
2014-06-06 11:19:26 --> buscando areas del cliente 
2014-06-06 11:19:26 --> encontro estas areas array (
  0 => 
  array (
    'id_area' => '1',
    'nombre_area' => 'Cartas de ingreso al punto de venta Fondex',
  ),
  1 => 
  array (
    'id_area' => '2',
    'nombre_area' => 'Seguridad social Pensiones Incapacidades',
  ),
  2 => 
  array (
    'id_area' => '3',
    'nombre_area' => 'Cesantias Cert laborales Constancias FNA',
  ),
  3 => 
  array (
    'id_area' => '5',
    'nombre_area' => 'Otros',
  ),
  4 => 
  array (
    'id_area' => '7',
    'nombre_area' => 'Solicitudes varias',
  ),
  5 => 
  array (
    'id_area' => '8',
    'nombre_area' => 'Pago nomina y liquidaciones',
  ),
) 
2014-06-06 11:19:26 --> salida array (
  'status' => 'success',
  'error_descrip' => '',
  'datos' => 
  array (
    0 => 
    array (
      'id_area' => '1',
      'nombre_area' => 'Cartas de ingreso al punto de venta Fondex',
    ),
    1 => 
    array (
      'id_area' => '2',
      'nombre_area' => 'Seguridad social Pensiones Incapacidades',
    ),
    2 => 
    array (
      'id_area' => '3',
      'nombre_area' => 'Cesantias Cert laborales Constancias FNA',
    ),
    3 => 
    array (
      'id_area' => '5',
      'nombre_area' => 'Otros',
    ),
    4 => 
    array (
      'id_area' => '7',
      'nombre_area' => 'Solicitudes varias',
    ),
    5 => 
    array (
      'id_area' => '8',
      'nombre_area' => 'Pago nomina y liquidaciones',
    ),
  ),
) 
2014-06-06 11:19:29 --> crear el consumidor 
2014-06-06 11:19:29 --> se creo el consumidor 2272 
2014-06-06 11:19:29 --> la informacion de la sede es array (
  'S_ID' => '5',
  'S_NOMBRE' => 'ORIENTE',
  'S_DESCRIPCION' => 'Sede para gestionar los casos de la regional Oriente',
  'S_C_ID' => '1',
  'S_CANTIDAD_ENCUESTAS' => '10',
  'S_ACTIVO' => '1',
  'S_LOGO' => '1',
  'S_MUESTRA_VIDEO' => '0',
) 
2014-06-06 11:19:29 --> se va a extraer informacion del area  
2014-06-06 11:19:29 --> la informacion del area es array (
  'AR_ID' => '1',
  'AR_NOMBRE' => 'GERENCIAMIENTO_DEL_SERVICIO',
  'AR_DESCRIPCION' => 'Cartas de ingreso al punto de venta Fondex',
  'AR_C_ID' => '1',
  'AR_ACTIVO' => '1',
  'AR_ALIAS' => 'GS',
  'AR_MOSTRAR_NOMBRE_PANTALLA' => '0',
) 
2014-06-06 11:19:29 --> se va a crear el turno 
2014-06-06 11:19:29 --> se creo el turno 13 del area GS 

2014-06-06 11:20:42 --> get_areas 1 
2014-06-06 11:20:42 --> buscando areas del cliente 
2014-06-06 11:20:42 --> encontro estas areas array (
  0 => 
  array (
    'id_area' => '1',
    'nombre_area' => 'Cartas de ingreso al punto de venta Fondex',
  ),
  1 => 
  array (
    'id_area' => '2',
    'nombre_area' => 'Seguridad social Pensiones Incapacidades',
  ),
  2 => 
  array (
    'id_area' => '3',
    'nombre_area' => 'Cesantias Cert laborales Constancias FNA',
  ),
  3 => 
  array (
    'id_area' => '5',
    'nombre_area' => 'Otros',
  ),
  4 => 
  array (
    'id_area' => '7',
    'nombre_area' => 'Solicitudes varias',
  ),
  5 => 
  array (
    'id_area' => '8',
    'nombre_area' => 'Pago nomina y liquidaciones',
  ),
) 
2014-06-06 11:20:42 --> salida array (
  'status' => 'success',
  'error_descrip' => '',
  'datos' => 
  array (
    0 => 
    array (
      'id_area' => '1',
      'nombre_area' => 'Cartas de ingreso al punto de venta Fondex',
    ),
    1 => 
    array (
      'id_area' => '2',
      'nombre_area' => 'Seguridad social Pensiones Incapacidades',
    ),
    2 => 
    array (
      'id_area' => '3',
      'nombre_area' => 'Cesantias Cert laborales Constancias FNA',
    ),
    3 => 
    array (
      'id_area' => '5',
      'nombre_area' => 'Otros',
    ),
    4 => 
    array (
      'id_area' => '7',
      'nombre_area' => 'Solicitudes varias',
    ),
    5 => 
    array (
      'id_area' => '8',
      'nombre_area' => 'Pago nomina y liquidaciones',
    ),
  ),
) 
2014-06-06 11:20:46 --> crear el consumidor 
2014-06-06 11:20:46 --> se creo el consumidor 2273 
2014-06-06 11:20:46 --> la informacion de la sede es array (
  'S_ID' => '5',
  'S_NOMBRE' => 'ORIENTE',
  'S_DESCRIPCION' => 'Sede para gestionar los casos de la regional Oriente',
  'S_C_ID' => '1',
  'S_CANTIDAD_ENCUESTAS' => '10',
  'S_ACTIVO' => '1',
  'S_LOGO' => '1',
  'S_MUESTRA_VIDEO' => '0',
) 
2014-06-06 11:20:46 --> se va a extraer informacion del area  
2014-06-06 11:20:46 --> la informacion del area es array (
  'AR_ID' => '1',
  'AR_NOMBRE' => 'GERENCIAMIENTO_DEL_SERVICIO',
  'AR_DESCRIPCION' => 'Cartas de ingreso al punto de venta Fondex',
  'AR_C_ID' => '1',
  'AR_ACTIVO' => '1',
  'AR_ALIAS' => 'GS',
  'AR_MOSTRAR_NOMBRE_PANTALLA' => '0',
) 
2014-06-06 11:20:46 --> se va a crear el turno 
2014-06-06 11:20:46 --> se creo el turno 14 del area GS 

2014-06-06 14:54:14 --> get_areas 1 
2014-06-06 14:54:14 --> buscando areas del cliente 
2014-06-06 14:54:14 --> encontro estas areas array (
  0 => 
  array (
    'id_area' => '1',
    'nombre_area' => 'Cartas de ingreso al punto de venta Fondex',
  ),
  1 => 
  array (
    'id_area' => '2',
    'nombre_area' => 'Seguridad social Pensiones Incapacidades',
  ),
  2 => 
  array (
    'id_area' => '3',
    'nombre_area' => 'Cesantias Cert laborales Constancias FNA',
  ),
  3 => 
  array (
    'id_area' => '5',
    'nombre_area' => 'Otros',
  ),
  4 => 
  array (
    'id_area' => '7',
    'nombre_area' => 'Solicitudes varias',
  ),
  5 => 
  array (
    'id_area' => '8',
    'nombre_area' => 'Pago nomina y liquidaciones',
  ),
) 
2014-06-06 14:54:14 --> salida array (
  'status' => 'success',
  'error_descrip' => '',
  'datos' => 
  array (
    0 => 
    array (
      'id_area' => '1',
      'nombre_area' => 'Cartas de ingreso al punto de venta Fondex',
    ),
    1 => 
    array (
      'id_area' => '2',
      'nombre_area' => 'Seguridad social Pensiones Incapacidades',
    ),
    2 => 
    array (
      'id_area' => '3',
      'nombre_area' => 'Cesantias Cert laborales Constancias FNA',
    ),
    3 => 
    array (
      'id_area' => '5',
      'nombre_area' => 'Otros',
    ),
    4 => 
    array (
      'id_area' => '7',
      'nombre_area' => 'Solicitudes varias',
    ),
    5 => 
    array (
      'id_area' => '8',
      'nombre_area' => 'Pago nomina y liquidaciones',
    ),
  ),
) 
2014-06-06 14:54:26 --> crear el consumidor 
2014-06-06 14:54:26 --> se creo el consumidor 2298 
2014-06-06 14:54:26 --> la informacion de la sede es array (
  'S_ID' => '5',
  'S_NOMBRE' => 'ORIENTE',
  'S_DESCRIPCION' => 'Sede para gestionar los casos de la regional Oriente',
  'S_C_ID' => '1',
  'S_CANTIDAD_ENCUESTAS' => '10',
  'S_ACTIVO' => '1',
  'S_LOGO' => '1',
  'S_MUESTRA_VIDEO' => '0',
) 
2014-06-06 14:54:26 --> se va a extraer informacion del area  
2014-06-06 14:54:26 --> la informacion del area es array (
  'AR_ID' => '5',
  'AR_NOMBRE' => 'OTROS',
  'AR_DESCRIPCION' => 'Otros',
  'AR_C_ID' => '1',
  'AR_ACTIVO' => '1',
  'AR_ALIAS' => 'Otro',
  'AR_MOSTRAR_NOMBRE_PANTALLA' => '0',
) 
2014-06-06 14:54:26 --> se va a crear el turno 
2014-06-06 14:54:26 --> se creo el turno 2 del area Otro 
