
2014-08-15 07:57:54 --> get_areas 1 
2014-08-15 07:57:54 --> buscando areas del cliente 
2014-08-15 07:58:08 --> crear el consumidor 
2014-08-15 07:58:11 --> se creo el consumidor 13515 
2014-08-15 07:58:11 --> la informacion de la sede es array (
  'S_ID' => '4',
  'S_NOMBRE' => 'OCCIDENTE',
  'S_DESCRIPCION' => 'Sedle para atender los casos de la regional occidente',
  'S_C_ID' => '1',
  'S_CANTIDAD_ENCUESTAS' => '10',
  'S_ACTIVO' => '1',
  'S_LOGO' => '7',
  'S_MUESTRA_VIDEO' => '1',
) 
2014-08-15 07:58:11 --> se va a extraer informacion del area  
2014-08-15 07:58:11 --> la informacion del area es array (
  'AR_ID' => '7',
  'AR_NOMBRE' => 'VARIOS_REQUERIMIENTOS',
  'AR_DESCRIPCION' => 'Solicitudes varias',
  'AR_C_ID' => '1',
  'AR_ACTIVO' => '1',
  'AR_ALIAS' => 'VR',
  'AR_MOSTRAR_NOMBRE_PANTALLA' => '0',
) 
2014-08-15 07:58:11 --> se va a crear el turno 
2014-08-15 07:58:11 --> se creo el turno 1 del area VR 

2014-08-15 08:14:56 --> get_areas 1 
2014-08-15 08:14:56 --> buscando areas del cliente 
2014-08-15 08:15:14 --> crear el consumidor 
2014-08-15 08:15:14 --> se creo el consumidor 13523 
2014-08-15 08:15:14 --> la informacion de la sede es array (
  'S_ID' => '4',
  'S_NOMBRE' => 'OCCIDENTE',
  'S_DESCRIPCION' => 'Sedle para atender los casos de la regional occidente',
  'S_C_ID' => '1',
  'S_CANTIDAD_ENCUESTAS' => '10',
  'S_ACTIVO' => '1',
  'S_LOGO' => '7',
  'S_MUESTRA_VIDEO' => '1',
) 
2014-08-15 08:15:14 --> se va a extraer informacion del area  
2014-08-15 08:15:14 --> la informacion del area es array (
  'AR_ID' => '5',
  'AR_NOMBRE' => 'OTROS',
  'AR_DESCRIPCION' => 'Otros',
  'AR_C_ID' => '1',
  'AR_ACTIVO' => '1',
  'AR_ALIAS' => 'O',
  'AR_MOSTRAR_NOMBRE_PANTALLA' => '0',
) 
2014-08-15 08:15:14 --> se va a crear el turno 
2014-08-15 08:15:14 --> se creo el turno 1 del area O 

2014-08-15 08:17:04 --> get_areas 1 
2014-08-15 08:17:04 --> buscando areas del cliente 
2014-08-15 08:17:18 --> crear el consumidor 
2014-08-15 08:17:18 --> se creo el consumidor 13525 
2014-08-15 08:17:18 --> la informacion de la sede es array (
  'S_ID' => '4',
  'S_NOMBRE' => 'OCCIDENTE',
  'S_DESCRIPCION' => 'Sedle para atender los casos de la regional occidente',
  'S_C_ID' => '1',
  'S_CANTIDAD_ENCUESTAS' => '10',
  'S_ACTIVO' => '1',
  'S_LOGO' => '7',
  'S_MUESTRA_VIDEO' => '1',
) 
2014-08-15 08:17:18 --> se va a extraer informacion del area  
2014-08-15 08:17:18 --> la informacion del area es array (
  'AR_ID' => '2',
  'AR_NOMBRE' => 'APORTES',
  'AR_DESCRIPCION' => 'Pensiones Incapacidades Cesantias Cartas FNA',
  'AR_C_ID' => '1',
  'AR_ACTIVO' => '1',
  'AR_ALIAS' => 'A',
  'AR_MOSTRAR_NOMBRE_PANTALLA' => '0',
) 
2014-08-15 08:17:18 --> se va a crear el turno 
2014-08-15 08:17:18 --> se creo el turno 1 del area A 

2014-08-15 08:26:22 --> get_areas 1 
2014-08-15 08:26:22 --> buscando areas del cliente 
2014-08-15 08:26:28 --> crear el consumidor 
2014-08-15 08:26:28 --> se creo el consumidor 13530 
2014-08-15 08:26:28 --> la informacion de la sede es array (
  'S_ID' => '4',
  'S_NOMBRE' => 'OCCIDENTE',
  'S_DESCRIPCION' => 'Sedle para atender los casos de la regional occidente',
  'S_C_ID' => '1',
  'S_CANTIDAD_ENCUESTAS' => '10',
  'S_ACTIVO' => '1',
  'S_LOGO' => '7',
  'S_MUESTRA_VIDEO' => '1',
) 
2014-08-15 08:26:28 --> se va a extraer informacion del area  
2014-08-15 08:26:28 --> la informacion del area es array (
  'AR_ID' => '5',
  'AR_NOMBRE' => 'OTROS',
  'AR_DESCRIPCION' => 'Otros',
  'AR_C_ID' => '1',
  'AR_ACTIVO' => '1',
  'AR_ALIAS' => 'O',
  'AR_MOSTRAR_NOMBRE_PANTALLA' => '0',
) 
2014-08-15 08:26:28 --> se va a crear el turno 
2014-08-15 08:26:28 --> se creo el turno 2 del area O 

2014-08-15 08:38:30 --> get_areas 1 
2014-08-15 08:38:30 --> buscando areas del cliente 
2014-08-15 08:38:47 --> crear el consumidor 
2014-08-15 08:38:47 --> se creo el consumidor 13535 
2014-08-15 08:38:47 --> la informacion de la sede es array (
  'S_ID' => '4',
  'S_NOMBRE' => 'OCCIDENTE',
  'S_DESCRIPCION' => 'Sedle para atender los casos de la regional occidente',
  'S_C_ID' => '1',
  'S_CANTIDAD_ENCUESTAS' => '10',
  'S_ACTIVO' => '1',
  'S_LOGO' => '7',
  'S_MUESTRA_VIDEO' => '1',
) 
2014-08-15 08:38:47 --> se va a extraer informacion del area  
2014-08-15 08:38:47 --> la informacion del area es array (
  'AR_ID' => '8',
  'AR_NOMBRE' => 'COMPENSACION_SALARIAL',
  'AR_DESCRIPCION' => 'Informacion pago nomina y liquidaciones',
  'AR_C_ID' => '1',
  'AR_ACTIVO' => '1',
  'AR_ALIAS' => 'CS',
  'AR_MOSTRAR_NOMBRE_PANTALLA' => '0',
) 
2014-08-15 08:38:47 --> se va a crear el turno 
2014-08-15 08:38:47 --> se creo el turno 1 del area CS 

2014-08-15 09:08:25 --> get_areas 1 
2014-08-15 09:08:25 --> buscando areas del cliente 
2014-08-15 09:08:37 --> crear el consumidor 
2014-08-15 09:08:45 --> se creo el consumidor 13546 
2014-08-15 09:08:45 --> la informacion de la sede es array (
  'S_ID' => '1',
  'S_NOMBRE' => 'ANTIOQUIA',
  'S_DESCRIPCION' => 'Sede para atender los casos de la regional antioquia',
  'S_C_ID' => '1',
  'S_CANTIDAD_ENCUESTAS' => '10',
  'S_ACTIVO' => '1',
  'S_LOGO' => '7',
  'S_MUESTRA_VIDEO' => '1',
) 
2014-08-15 09:08:45 --> se va a extraer informacion del area  
2014-08-15 09:08:45 --> la informacion del area es array (
  'AR_ID' => '2',
  'AR_NOMBRE' => 'APORTES',
  'AR_DESCRIPCION' => 'Pensiones Incapacidades Cesantias Cartas FNA',
  'AR_C_ID' => '1',
  'AR_ACTIVO' => '1',
  'AR_ALIAS' => 'A',
  'AR_MOSTRAR_NOMBRE_PANTALLA' => '0',
) 
2014-08-15 09:08:45 --> se va a crear el turno 
2014-08-15 09:08:45 --> se creo el turno 1 del area A 

2014-08-15 09:11:37 --> get_areas 1 
2014-08-15 09:11:37 --> buscando areas del cliente 
2014-08-15 09:11:52 --> crear el consumidor 
2014-08-15 09:11:52 --> se creo el consumidor 13549 
2014-08-15 09:11:52 --> la informacion de la sede es array (
  'S_ID' => '4',
  'S_NOMBRE' => 'OCCIDENTE',
  'S_DESCRIPCION' => 'Sedle para atender los casos de la regional occidente',
  'S_C_ID' => '1',
  'S_CANTIDAD_ENCUESTAS' => '10',
  'S_ACTIVO' => '1',
  'S_LOGO' => '7',
  'S_MUESTRA_VIDEO' => '1',
) 
2014-08-15 09:11:52 --> se va a extraer informacion del area  
2014-08-15 09:11:52 --> la informacion del area es array (
  'AR_ID' => '5',
  'AR_NOMBRE' => 'OTROS',
  'AR_DESCRIPCION' => 'Otros',
  'AR_C_ID' => '1',
  'AR_ACTIVO' => '1',
  'AR_ALIAS' => 'O',
  'AR_MOSTRAR_NOMBRE_PANTALLA' => '0',
) 
2014-08-15 09:11:52 --> se va a crear el turno 
2014-08-15 09:11:52 --> se creo el turno 3 del area O 

 datos de entrada get_movil son user: ana_garzon y pass: e10adc3949ba59abbe56e057f20f883e 

 dato de salida get_movil es 7,ANA GARZON,11,1,2 

 datos de entrada get_areas2 son perfil:  

 dato de salida get_areas2 es array (
  0 => 
  array (
    'AR_ID' => '1',
    'AR_NOMBRE' => 'GERENCIA_DEL_SERVICIO',
    'AR_DESCRIPCION' => 'Cartas de ingreso al punto de venta',
    'AR_C_ID' => '1',
    'AR_ACTIVO' => '1',
    'AR_ALIAS' => 'GS',
    'AR_MOSTRAR_NOMBRE_PANTALLA' => '0',
  ),
  1 => 
  array (
    'AR_ID' => '2',
    'AR_NOMBRE' => 'APORTES',
    'AR_DESCRIPCION' => 'Pensiones Incapacidades Cesantias Cartas FNA',
    'AR_C_ID' => '1',
    'AR_ACTIVO' => '1',
    'AR_ALIAS' => 'A',
    'AR_MOSTRAR_NOMBRE_PANTALLA' => '0',
  ),
  2 => 
  array (
    'AR_ID' => '3',
    'AR_NOMBRE' => 'SEGUIMIENTO_AL_SERVICIO',
    'AR_DESCRIPCION' => 'Solicitudes Quejas y Reclamos',
    'AR_C_ID' => '1',
    'AR_ACTIVO' => '1',
    'AR_ALIAS' => 'SAS',
    'AR_MOSTRAR_NOMBRE_PANTALLA' => '0',
  ),
  3 => 
  array (
    'AR_ID' => '5',
    'AR_NOMBRE' => 'OTROS',
    'AR_DESCRIPCION' => 'Otros',
    'AR_C_ID' => '1',
    'AR_ACTIVO' => '1',
    'AR_ALIAS' => 'O',
    'AR_MOSTRAR_NOMBRE_PANTALLA' => '0',
  ),
  4 => 
  array (
    'AR_ID' => '7',
    'AR_NOMBRE' => 'VARIOS_REQUERIMIENTOS',
    'AR_DESCRIPCION' => 'Solicitudes varias',
    'AR_C_ID' => '1',
    'AR_ACTIVO' => '1',
    'AR_ALIAS' => 'VR',
    'AR_MOSTRAR_NOMBRE_PANTALLA' => '0',
  ),
  5 => 
  array (
    'AR_ID' => '8',
    'AR_NOMBRE' => 'COMPENSACION_SALARIAL',
    'AR_DESCRIPCION' => 'Informacion pago nomina y liquidaciones',
    'AR_C_ID' => '1',
    'AR_ACTIVO' => '1',
    'AR_ALIAS' => 'CS',
    'AR_MOSTRAR_NOMBRE_PANTALLA' => '0',
  ),
) 
2014-08-15 09:32:38 --> crear el consumidor 
2014-08-15 09:32:50 --> se creo el consumidor 13562 
2014-08-15 09:32:50 --> la informacion de la sede es array (
  'S_ID' => '2',
  'S_NOMBRE' => 'CENTRO',
  'S_DESCRIPCION' => 'Sede para atender los casos de la regional centro',
  'S_C_ID' => '1',
  'S_CANTIDAD_ENCUESTAS' => '10',
  'S_ACTIVO' => '1',
  'S_LOGO' => '7',
  'S_MUESTRA_VIDEO' => '1',
) 
2014-08-15 09:32:50 --> se va a extraer informacion del area  
2014-08-15 09:32:50 --> la informacion del area es array (
  'AR_ID' => '3',
  'AR_NOMBRE' => 'SEGUIMIENTO_AL_SERVICIO',
  'AR_DESCRIPCION' => 'Solicitudes Quejas y Reclamos',
  'AR_C_ID' => '1',
  'AR_ACTIVO' => '1',
  'AR_ALIAS' => 'SAS',
  'AR_MOSTRAR_NOMBRE_PANTALLA' => '0',
) 
2014-08-15 09:32:50 --> se va a crear el turno 
2014-08-15 09:32:50 --> se creo el turno 20 del area SAS 
2014-08-15 09:33:17 --> crear el consumidor 
2014-08-15 09:33:17 --> se creo el consumidor 13563 
2014-08-15 09:33:17 --> la informacion de la sede es array (
  'S_ID' => '2',
  'S_NOMBRE' => 'CENTRO',
  'S_DESCRIPCION' => 'Sede para atender los casos de la regional centro',
  'S_C_ID' => '1',
  'S_CANTIDAD_ENCUESTAS' => '10',
  'S_ACTIVO' => '1',
  'S_LOGO' => '7',
  'S_MUESTRA_VIDEO' => '1',
) 
2014-08-15 09:33:17 --> se va a extraer informacion del area  
2014-08-15 09:33:17 --> la informacion del area es array (
  'AR_ID' => '3',
  'AR_NOMBRE' => 'SEGUIMIENTO_AL_SERVICIO',
  'AR_DESCRIPCION' => 'Solicitudes Quejas y Reclamos',
  'AR_C_ID' => '1',
  'AR_ACTIVO' => '1',
  'AR_ALIAS' => 'SAS',
  'AR_MOSTRAR_NOMBRE_PANTALLA' => '0',
) 
2014-08-15 09:33:17 --> se va a crear el turno 
2014-08-15 09:33:17 --> se creo el turno 21 del area SAS 

2014-08-15 09:33:39 --> get_areas 1 
2014-08-15 09:33:39 --> buscando areas del cliente 
2014-08-15 09:33:40 --> crear el consumidor 
2014-08-15 09:33:40 --> se creo el consumidor 13564 
2014-08-15 09:33:40 --> la informacion de la sede es array (
  'S_ID' => '2',
  'S_NOMBRE' => 'CENTRO',
  'S_DESCRIPCION' => 'Sede para atender los casos de la regional centro',
  'S_C_ID' => '1',
  'S_CANTIDAD_ENCUESTAS' => '10',
  'S_ACTIVO' => '1',
  'S_LOGO' => '7',
  'S_MUESTRA_VIDEO' => '1',
) 
2014-08-15 09:33:40 --> se va a extraer informacion del area  
2014-08-15 09:33:40 --> la informacion del area es array (
  'AR_ID' => '3',
  'AR_NOMBRE' => 'SEGUIMIENTO_AL_SERVICIO',
  'AR_DESCRIPCION' => 'Solicitudes Quejas y Reclamos',
  'AR_C_ID' => '1',
  'AR_ACTIVO' => '1',
  'AR_ALIAS' => 'SAS',
  'AR_MOSTRAR_NOMBRE_PANTALLA' => '0',
) 
2014-08-15 09:33:40 --> se va a crear el turno 
2014-08-15 09:33:40 --> se creo el turno 22 del area SAS 
2014-08-15 09:34:00 --> crear el consumidor 
2014-08-15 09:34:00 --> se creo el consumidor 13565 
2014-08-15 09:34:00 --> la informacion de la sede es array (
  'S_ID' => '4',
  'S_NOMBRE' => 'OCCIDENTE',
  'S_DESCRIPCION' => 'Sedle para atender los casos de la regional occidente',
  'S_C_ID' => '1',
  'S_CANTIDAD_ENCUESTAS' => '10',
  'S_ACTIVO' => '1',
  'S_LOGO' => '7',
  'S_MUESTRA_VIDEO' => '1',
) 
2014-08-15 09:34:00 --> se va a extraer informacion del area  
2014-08-15 09:34:00 --> la informacion del area es array (
  'AR_ID' => '7',
  'AR_NOMBRE' => 'VARIOS_REQUERIMIENTOS',
  'AR_DESCRIPCION' => 'Solicitudes varias',
  'AR_C_ID' => '1',
  'AR_ACTIVO' => '1',
  'AR_ALIAS' => 'VR',
  'AR_MOSTRAR_NOMBRE_PANTALLA' => '0',
) 
2014-08-15 09:34:00 --> se va a crear el turno 
2014-08-15 09:34:00 --> se creo el turno 2 del area VR 
2014-08-15 09:48:36 --> crear el consumidor 
2014-08-15 09:48:36 --> se creo el consumidor 13568 
2014-08-15 09:48:36 --> la informacion de la sede es array (
  'S_ID' => '2',
  'S_NOMBRE' => 'CENTRO',
  'S_DESCRIPCION' => 'Sede para atender los casos de la regional centro',
  'S_C_ID' => '1',
  'S_CANTIDAD_ENCUESTAS' => '10',
  'S_ACTIVO' => '1',
  'S_LOGO' => '7',
  'S_MUESTRA_VIDEO' => '1',
) 
2014-08-15 09:48:36 --> se va a extraer informacion del area  
2014-08-15 09:48:36 --> la informacion del area es array (
  'AR_ID' => '3',
  'AR_NOMBRE' => 'SEGUIMIENTO_AL_SERVICIO',
  'AR_DESCRIPCION' => 'Solicitudes Quejas y Reclamos',
  'AR_C_ID' => '1',
  'AR_ACTIVO' => '1',
  'AR_ALIAS' => 'SAS',
  'AR_MOSTRAR_NOMBRE_PANTALLA' => '0',
) 
2014-08-15 09:48:36 --> se va a crear el turno 
2014-08-15 09:48:36 --> se creo el turno 24 del area SAS 
2014-08-15 09:49:27 --> crear el consumidor 
2014-08-15 09:49:27 --> se creo el consumidor 13569 
2014-08-15 09:49:27 --> la informacion de la sede es array (
  'S_ID' => '2',
  'S_NOMBRE' => 'CENTRO',
  'S_DESCRIPCION' => 'Sede para atender los casos de la regional centro',
  'S_C_ID' => '1',
  'S_CANTIDAD_ENCUESTAS' => '10',
  'S_ACTIVO' => '1',
  'S_LOGO' => '7',
  'S_MUESTRA_VIDEO' => '1',
) 
2014-08-15 09:49:27 --> se va a extraer informacion del area  
2014-08-15 09:49:27 --> la informacion del area es array (
  'AR_ID' => '3',
  'AR_NOMBRE' => 'SEGUIMIENTO_AL_SERVICIO',
  'AR_DESCRIPCION' => 'Solicitudes Quejas y Reclamos',
  'AR_C_ID' => '1',
  'AR_ACTIVO' => '1',
  'AR_ALIAS' => 'SAS',
  'AR_MOSTRAR_NOMBRE_PANTALLA' => '0',
) 
2014-08-15 09:49:27 --> se va a crear el turno 
2014-08-15 09:49:27 --> se creo el turno 25 del area SAS 

2014-08-15 09:49:34 --> get_areas 1 
2014-08-15 09:49:34 --> buscando areas del cliente 
2014-08-15 09:49:57 --> crear el consumidor 
2014-08-15 09:50:04 --> se creo el consumidor 13570 
2014-08-15 09:50:04 --> la informacion de la sede es array (
  'S_ID' => '2',
  'S_NOMBRE' => 'CENTRO',
  'S_DESCRIPCION' => 'Sede para atender los casos de la regional centro',
  'S_C_ID' => '1',
  'S_CANTIDAD_ENCUESTAS' => '10',
  'S_ACTIVO' => '1',
  'S_LOGO' => '7',
  'S_MUESTRA_VIDEO' => '1',
) 
2014-08-15 09:50:04 --> se va a extraer informacion del area  
2014-08-15 09:50:04 --> la informacion del area es array (
  'AR_ID' => '3',
  'AR_NOMBRE' => 'SEGUIMIENTO_AL_SERVICIO',
  'AR_DESCRIPCION' => 'Solicitudes Quejas y Reclamos',
  'AR_C_ID' => '1',
  'AR_ACTIVO' => '1',
  'AR_ALIAS' => 'SAS',
  'AR_MOSTRAR_NOMBRE_PANTALLA' => '0',
) 
2014-08-15 09:50:04 --> se va a crear el turno 
2014-08-15 09:50:04 --> se creo el turno 26 del area SAS 
2014-08-15 09:50:35 --> crear el consumidor 
2014-08-15 09:50:35 --> se creo el consumidor 13571 
2014-08-15 09:50:35 --> la informacion de la sede es array (
  'S_ID' => '2',
  'S_NOMBRE' => 'CENTRO',
  'S_DESCRIPCION' => 'Sede para atender los casos de la regional centro',
  'S_C_ID' => '1',
  'S_CANTIDAD_ENCUESTAS' => '10',
  'S_ACTIVO' => '1',
  'S_LOGO' => '7',
  'S_MUESTRA_VIDEO' => '1',
) 
2014-08-15 09:50:35 --> se va a extraer informacion del area  
2014-08-15 09:50:35 --> la informacion del area es array (
  'AR_ID' => '3',
  'AR_NOMBRE' => 'SEGUIMIENTO_AL_SERVICIO',
  'AR_DESCRIPCION' => 'Solicitudes Quejas y Reclamos',
  'AR_C_ID' => '1',
  'AR_ACTIVO' => '1',
  'AR_ALIAS' => 'SAS',
  'AR_MOSTRAR_NOMBRE_PANTALLA' => '0',
) 
2014-08-15 09:50:35 --> se va a crear el turno 
2014-08-15 09:50:35 --> se creo el turno 27 del area SAS 

2014-08-15 09:55:44 --> get_areas 1 
2014-08-15 09:55:44 --> buscando areas del cliente 
2014-08-15 09:56:00 --> crear el consumidor 
2014-08-15 09:56:00 --> se creo el consumidor 13575 
2014-08-15 09:56:00 --> la informacion de la sede es array (
  'S_ID' => '4',
  'S_NOMBRE' => 'OCCIDENTE',
  'S_DESCRIPCION' => 'Sedle para atender los casos de la regional occidente',
  'S_C_ID' => '1',
  'S_CANTIDAD_ENCUESTAS' => '10',
  'S_ACTIVO' => '1',
  'S_LOGO' => '7',
  'S_MUESTRA_VIDEO' => '1',
) 
2014-08-15 09:56:00 --> se va a extraer informacion del area  
2014-08-15 09:56:00 --> la informacion del area es array (
  'AR_ID' => '2',
  'AR_NOMBRE' => 'APORTES',
  'AR_DESCRIPCION' => 'Pensiones Incapacidades Cesantias Cartas FNA',
  'AR_C_ID' => '1',
  'AR_ACTIVO' => '1',
  'AR_ALIAS' => 'A',
  'AR_MOSTRAR_NOMBRE_PANTALLA' => '0',
) 
2014-08-15 09:56:00 --> se va a crear el turno 
2014-08-15 09:56:00 --> se creo el turno 2 del area A 

2014-08-15 10:03:45 --> get_areas 1 
2014-08-15 10:03:45 --> buscando areas del cliente 

2014-08-15 10:04:22 --> get_areas 1 
2014-08-15 10:04:22 --> buscando areas del cliente 
2014-08-15 10:04:28 --> crear el consumidor 
2014-08-15 10:04:28 --> se creo el consumidor 13579 
2014-08-15 10:04:28 --> la informacion de la sede es array (
  'S_ID' => '4',
  'S_NOMBRE' => 'OCCIDENTE',
  'S_DESCRIPCION' => 'Sedle para atender los casos de la regional occidente',
  'S_C_ID' => '1',
  'S_CANTIDAD_ENCUESTAS' => '10',
  'S_ACTIVO' => '1',
  'S_LOGO' => '7',
  'S_MUESTRA_VIDEO' => '1',
) 
2014-08-15 10:04:28 --> se va a extraer informacion del area  
2014-08-15 10:04:28 --> la informacion del area es array (
  'AR_ID' => '5',
  'AR_NOMBRE' => 'OTROS',
  'AR_DESCRIPCION' => 'Otros',
  'AR_C_ID' => '1',
  'AR_ACTIVO' => '1',
  'AR_ALIAS' => 'O',
  'AR_MOSTRAR_NOMBRE_PANTALLA' => '0',
) 
2014-08-15 10:04:28 --> se va a crear el turno 
2014-08-15 10:04:28 --> se creo el turno 4 del area O 

2014-08-15 10:19:54 --> get_areas 1 
2014-08-15 10:19:54 --> buscando areas del cliente 
2014-08-15 10:20:13 --> crear el consumidor 
2014-08-15 10:20:13 --> se creo el consumidor 13581 
2014-08-15 10:20:13 --> la informacion de la sede es array (
  'S_ID' => '4',
  'S_NOMBRE' => 'OCCIDENTE',
  'S_DESCRIPCION' => 'Sedle para atender los casos de la regional occidente',
  'S_C_ID' => '1',
  'S_CANTIDAD_ENCUESTAS' => '10',
  'S_ACTIVO' => '1',
  'S_LOGO' => '7',
  'S_MUESTRA_VIDEO' => '1',
) 
2014-08-15 10:20:13 --> se va a extraer informacion del area  
2014-08-15 10:20:13 --> la informacion del area es array (
  'AR_ID' => '5',
  'AR_NOMBRE' => 'OTROS',
  'AR_DESCRIPCION' => 'Otros',
  'AR_C_ID' => '1',
  'AR_ACTIVO' => '1',
  'AR_ALIAS' => 'O',
  'AR_MOSTRAR_NOMBRE_PANTALLA' => '0',
) 
2014-08-15 10:20:13 --> se va a crear el turno 
2014-08-15 10:20:13 --> se creo el turno 5 del area O 

 datos de entrada get_areas2 son perfil:  

 dato de salida get_areas2 es array (
  0 => 
  array (
    'AR_ID' => '1',
    'AR_NOMBRE' => 'GERENCIA_DEL_SERVICIO',
    'AR_DESCRIPCION' => 'Cartas de ingreso al punto de venta',
    'AR_C_ID' => '1',
    'AR_ACTIVO' => '1',
    'AR_ALIAS' => 'GS',
    'AR_MOSTRAR_NOMBRE_PANTALLA' => '0',
  ),
  1 => 
  array (
    'AR_ID' => '2',
    'AR_NOMBRE' => 'APORTES',
    'AR_DESCRIPCION' => 'Pensiones Incapacidades Cesantias Cartas FNA',
    'AR_C_ID' => '1',
    'AR_ACTIVO' => '1',
    'AR_ALIAS' => 'A',
    'AR_MOSTRAR_NOMBRE_PANTALLA' => '0',
  ),
  2 => 
  array (
    'AR_ID' => '3',
    'AR_NOMBRE' => 'SEGUIMIENTO_AL_SERVICIO',
    'AR_DESCRIPCION' => 'Solicitudes Quejas y Reclamos',
    'AR_C_ID' => '1',
    'AR_ACTIVO' => '1',
    'AR_ALIAS' => 'SAS',
    'AR_MOSTRAR_NOMBRE_PANTALLA' => '0',
  ),
  3 => 
  array (
    'AR_ID' => '5',
    'AR_NOMBRE' => 'OTROS',
    'AR_DESCRIPCION' => 'Otros',
    'AR_C_ID' => '1',
    'AR_ACTIVO' => '1',
    'AR_ALIAS' => 'O',
    'AR_MOSTRAR_NOMBRE_PANTALLA' => '0',
  ),
  4 => 
  array (
    'AR_ID' => '7',
    'AR_NOMBRE' => 'VARIOS_REQUERIMIENTOS',
    'AR_DESCRIPCION' => 'Solicitudes varias',
    'AR_C_ID' => '1',
    'AR_ACTIVO' => '1',
    'AR_ALIAS' => 'VR',
    'AR_MOSTRAR_NOMBRE_PANTALLA' => '0',
  ),
  5 => 
  array (
    'AR_ID' => '8',
    'AR_NOMBRE' => 'COMPENSACION_SALARIAL',
    'AR_DESCRIPCION' => 'Informacion pago nomina y liquidaciones',
    'AR_C_ID' => '1',
    'AR_ACTIVO' => '1',
    'AR_ALIAS' => 'CS',
    'AR_MOSTRAR_NOMBRE_PANTALLA' => '0',
  ),
) 

2014-08-15 10:21:29 --> get_areas 1 
2014-08-15 10:21:29 --> buscando areas del cliente 
2014-08-15 10:21:41 --> crear el consumidor 
2014-08-15 10:21:46 --> se creo el consumidor 13582 
2014-08-15 10:21:46 --> la informacion de la sede es array (
  'S_ID' => '2',
  'S_NOMBRE' => 'CENTRO',
  'S_DESCRIPCION' => 'Sede para atender los casos de la regional centro',
  'S_C_ID' => '1',
  'S_CANTIDAD_ENCUESTAS' => '10',
  'S_ACTIVO' => '1',
  'S_LOGO' => '7',
  'S_MUESTRA_VIDEO' => '1',
) 
2014-08-15 10:21:46 --> se va a extraer informacion del area  
2014-08-15 10:21:46 --> la informacion del area es array (
  'AR_ID' => '3',
  'AR_NOMBRE' => 'SEGUIMIENTO_AL_SERVICIO',
  'AR_DESCRIPCION' => 'Solicitudes Quejas y Reclamos',
  'AR_C_ID' => '1',
  'AR_ACTIVO' => '1',
  'AR_ALIAS' => 'SAS',
  'AR_MOSTRAR_NOMBRE_PANTALLA' => '0',
) 
2014-08-15 10:21:46 --> se va a crear el turno 
2014-08-15 10:21:46 --> se creo el turno 28 del area SAS 
2014-08-15 10:21:49 --> crear el consumidor 
2014-08-15 10:21:54 --> se creo el consumidor 13583 
2014-08-15 10:21:54 --> la informacion de la sede es array (
  'S_ID' => '4',
  'S_NOMBRE' => 'OCCIDENTE',
  'S_DESCRIPCION' => 'Sedle para atender los casos de la regional occidente',
  'S_C_ID' => '1',
  'S_CANTIDAD_ENCUESTAS' => '10',
  'S_ACTIVO' => '1',
  'S_LOGO' => '7',
  'S_MUESTRA_VIDEO' => '1',
) 
2014-08-15 10:21:54 --> se va a extraer informacion del area  
2014-08-15 10:21:54 --> la informacion del area es array (
  'AR_ID' => '1',
  'AR_NOMBRE' => 'GERENCIA_DEL_SERVICIO',
  'AR_DESCRIPCION' => 'Cartas de ingreso al punto de venta',
  'AR_C_ID' => '1',
  'AR_ACTIVO' => '1',
  'AR_ALIAS' => 'GS',
  'AR_MOSTRAR_NOMBRE_PANTALLA' => '0',
) 
2014-08-15 10:21:54 --> se va a crear el turno 
2014-08-15 10:21:54 --> se creo el turno 1 del area GS 
2014-08-15 10:22:13 --> crear el consumidor 
2014-08-15 10:22:13 --> se creo el consumidor 13584 
2014-08-15 10:22:13 --> la informacion de la sede es array (
  'S_ID' => '2',
  'S_NOMBRE' => 'CENTRO',
  'S_DESCRIPCION' => 'Sede para atender los casos de la regional centro',
  'S_C_ID' => '1',
  'S_CANTIDAD_ENCUESTAS' => '10',
  'S_ACTIVO' => '1',
  'S_LOGO' => '7',
  'S_MUESTRA_VIDEO' => '1',
) 
2014-08-15 10:22:13 --> se va a extraer informacion del area  
2014-08-15 10:22:13 --> la informacion del area es array (
  'AR_ID' => '3',
  'AR_NOMBRE' => 'SEGUIMIENTO_AL_SERVICIO',
  'AR_DESCRIPCION' => 'Solicitudes Quejas y Reclamos',
  'AR_C_ID' => '1',
  'AR_ACTIVO' => '1',
  'AR_ALIAS' => 'SAS',
  'AR_MOSTRAR_NOMBRE_PANTALLA' => '0',
) 
2014-08-15 10:22:13 --> se va a crear el turno 
2014-08-15 10:22:13 --> se creo el turno 29 del area SAS 
2014-08-15 10:22:39 --> crear el consumidor 
2014-08-15 10:22:39 --> se creo el consumidor 13585 
2014-08-15 10:22:39 --> la informacion de la sede es array (
  'S_ID' => '2',
  'S_NOMBRE' => 'CENTRO',
  'S_DESCRIPCION' => 'Sede para atender los casos de la regional centro',
  'S_C_ID' => '1',
  'S_CANTIDAD_ENCUESTAS' => '10',
  'S_ACTIVO' => '1',
  'S_LOGO' => '7',
  'S_MUESTRA_VIDEO' => '1',
) 
2014-08-15 10:22:39 --> se va a extraer informacion del area  
2014-08-15 10:22:39 --> la informacion del area es array (
  'AR_ID' => '3',
  'AR_NOMBRE' => 'SEGUIMIENTO_AL_SERVICIO',
  'AR_DESCRIPCION' => 'Solicitudes Quejas y Reclamos',
  'AR_C_ID' => '1',
  'AR_ACTIVO' => '1',
  'AR_ALIAS' => 'SAS',
  'AR_MOSTRAR_NOMBRE_PANTALLA' => '0',
) 
2014-08-15 10:22:39 --> se va a crear el turno 
2014-08-15 10:22:39 --> se creo el turno 30 del area SAS 
2014-08-15 10:23:04 --> crear el consumidor 
2014-08-15 10:23:04 --> se creo el consumidor 13586 
2014-08-15 10:23:04 --> la informacion de la sede es array (
  'S_ID' => '2',
  'S_NOMBRE' => 'CENTRO',
  'S_DESCRIPCION' => 'Sede para atender los casos de la regional centro',
  'S_C_ID' => '1',
  'S_CANTIDAD_ENCUESTAS' => '10',
  'S_ACTIVO' => '1',
  'S_LOGO' => '7',
  'S_MUESTRA_VIDEO' => '1',
) 
2014-08-15 10:23:04 --> se va a extraer informacion del area  
2014-08-15 10:23:04 --> la informacion del area es array (
  'AR_ID' => '1',
  'AR_NOMBRE' => 'GERENCIA_DEL_SERVICIO',
  'AR_DESCRIPCION' => 'Cartas de ingreso al punto de venta',
  'AR_C_ID' => '1',
  'AR_ACTIVO' => '1',
  'AR_ALIAS' => 'GS',
  'AR_MOSTRAR_NOMBRE_PANTALLA' => '0',
) 
2014-08-15 10:23:04 --> se va a crear el turno 
2014-08-15 10:23:04 --> se creo el turno 15 del area GS 
2014-08-15 10:24:05 --> crear el consumidor 
2014-08-15 10:24:05 --> se creo el consumidor 13587 
2014-08-15 10:24:05 --> la informacion de la sede es array (
  'S_ID' => '2',
  'S_NOMBRE' => 'CENTRO',
  'S_DESCRIPCION' => 'Sede para atender los casos de la regional centro',
  'S_C_ID' => '1',
  'S_CANTIDAD_ENCUESTAS' => '10',
  'S_ACTIVO' => '1',
  'S_LOGO' => '7',
  'S_MUESTRA_VIDEO' => '1',
) 
2014-08-15 10:24:05 --> se va a extraer informacion del area  
2014-08-15 10:24:05 --> la informacion del area es array (
  'AR_ID' => '1',
  'AR_NOMBRE' => 'GERENCIA_DEL_SERVICIO',
  'AR_DESCRIPCION' => 'Cartas de ingreso al punto de venta',
  'AR_C_ID' => '1',
  'AR_ACTIVO' => '1',
  'AR_ALIAS' => 'GS',
  'AR_MOSTRAR_NOMBRE_PANTALLA' => '0',
) 
2014-08-15 10:24:05 --> se va a crear el turno 
2014-08-15 10:24:05 --> se creo el turno 16 del area GS 

2014-08-15 10:24:51 --> get_areas 1 
2014-08-15 10:24:51 --> buscando areas del cliente 
2014-08-15 10:28:36 --> crear el consumidor 
2014-08-15 10:28:44 --> se creo el consumidor 13589 
2014-08-15 10:28:44 --> la informacion de la sede es array (
  'S_ID' => '2',
  'S_NOMBRE' => 'CENTRO',
  'S_DESCRIPCION' => 'Sede para atender los casos de la regional centro',
  'S_C_ID' => '1',
  'S_CANTIDAD_ENCUESTAS' => '10',
  'S_ACTIVO' => '1',
  'S_LOGO' => '7',
  'S_MUESTRA_VIDEO' => '1',
) 
2014-08-15 10:28:44 --> se va a extraer informacion del area  
2014-08-15 10:28:44 --> la informacion del area es array (
  'AR_ID' => '3',
  'AR_NOMBRE' => 'SEGUIMIENTO_AL_SERVICIO',
  'AR_DESCRIPCION' => 'Solicitudes Quejas y Reclamos',
  'AR_C_ID' => '1',
  'AR_ACTIVO' => '1',
  'AR_ALIAS' => 'SAS',
  'AR_MOSTRAR_NOMBRE_PANTALLA' => '0',
) 
2014-08-15 10:28:44 --> se va a crear el turno 
2014-08-15 10:28:44 --> se creo el turno 31 del area SAS 
2014-08-15 10:29:04 --> crear el consumidor 
2014-08-15 10:29:04 --> se creo el consumidor 13590 
2014-08-15 10:29:04 --> la informacion de la sede es array (
  'S_ID' => '2',
  'S_NOMBRE' => 'CENTRO',
  'S_DESCRIPCION' => 'Sede para atender los casos de la regional centro',
  'S_C_ID' => '1',
  'S_CANTIDAD_ENCUESTAS' => '10',
  'S_ACTIVO' => '1',
  'S_LOGO' => '7',
  'S_MUESTRA_VIDEO' => '1',
) 
2014-08-15 10:29:04 --> se va a extraer informacion del area  
2014-08-15 10:29:04 --> la informacion del area es array (
  'AR_ID' => '3',
  'AR_NOMBRE' => 'SEGUIMIENTO_AL_SERVICIO',
  'AR_DESCRIPCION' => 'Solicitudes Quejas y Reclamos',
  'AR_C_ID' => '1',
  'AR_ACTIVO' => '1',
  'AR_ALIAS' => 'SAS',
  'AR_MOSTRAR_NOMBRE_PANTALLA' => '0',
) 
2014-08-15 10:29:04 --> se va a crear el turno 
2014-08-15 10:29:04 --> se creo el turno 32 del area SAS 
2014-08-15 10:29:28 --> crear el consumidor 
2014-08-15 10:29:28 --> se creo el consumidor 13591 
2014-08-15 10:29:28 --> la informacion de la sede es array (
  'S_ID' => '2',
  'S_NOMBRE' => 'CENTRO',
  'S_DESCRIPCION' => 'Sede para atender los casos de la regional centro',
  'S_C_ID' => '1',
  'S_CANTIDAD_ENCUESTAS' => '10',
  'S_ACTIVO' => '1',
  'S_LOGO' => '7',
  'S_MUESTRA_VIDEO' => '1',
) 
2014-08-15 10:29:28 --> se va a extraer informacion del area  
2014-08-15 10:29:28 --> la informacion del area es array (
  'AR_ID' => '3',
  'AR_NOMBRE' => 'SEGUIMIENTO_AL_SERVICIO',
  'AR_DESCRIPCION' => 'Solicitudes Quejas y Reclamos',
  'AR_C_ID' => '1',
  'AR_ACTIVO' => '1',
  'AR_ALIAS' => 'SAS',
  'AR_MOSTRAR_NOMBRE_PANTALLA' => '0',
) 
2014-08-15 10:29:28 --> se va a crear el turno 
2014-08-15 10:29:28 --> se creo el turno 33 del area SAS 
2014-08-15 10:39:20 --> crear el consumidor 
2014-08-15 10:39:29 --> se creo el consumidor 13594 
2014-08-15 10:39:29 --> la informacion de la sede es array (
  'S_ID' => '2',
  'S_NOMBRE' => 'CENTRO',
  'S_DESCRIPCION' => 'Sede para atender los casos de la regional centro',
  'S_C_ID' => '1',
  'S_CANTIDAD_ENCUESTAS' => '10',
  'S_ACTIVO' => '1',
  'S_LOGO' => '7',
  'S_MUESTRA_VIDEO' => '1',
) 
2014-08-15 10:39:29 --> se va a extraer informacion del area  
2014-08-15 10:39:29 --> la informacion del area es array (
  'AR_ID' => '3',
  'AR_NOMBRE' => 'SEGUIMIENTO_AL_SERVICIO',
  'AR_DESCRIPCION' => 'Solicitudes Quejas y Reclamos',
  'AR_C_ID' => '1',
  'AR_ACTIVO' => '1',
  'AR_ALIAS' => 'SAS',
  'AR_MOSTRAR_NOMBRE_PANTALLA' => '0',
) 
2014-08-15 10:39:29 --> se va a crear el turno 
2014-08-15 10:39:29 --> se creo el turno 34 del area SAS 
2014-08-15 10:40:26 --> crear el consumidor 
2014-08-15 10:40:27 --> se creo el consumidor 13596 
2014-08-15 10:40:27 --> la informacion de la sede es array (
  'S_ID' => '2',
  'S_NOMBRE' => 'CENTRO',
  'S_DESCRIPCION' => 'Sede para atender los casos de la regional centro',
  'S_C_ID' => '1',
  'S_CANTIDAD_ENCUESTAS' => '10',
  'S_ACTIVO' => '1',
  'S_LOGO' => '7',
  'S_MUESTRA_VIDEO' => '1',
) 
2014-08-15 10:40:27 --> se va a extraer informacion del area  
2014-08-15 10:40:27 --> la informacion del area es array (
  'AR_ID' => '3',
  'AR_NOMBRE' => 'SEGUIMIENTO_AL_SERVICIO',
  'AR_DESCRIPCION' => 'Solicitudes Quejas y Reclamos',
  'AR_C_ID' => '1',
  'AR_ACTIVO' => '1',
  'AR_ALIAS' => 'SAS',
  'AR_MOSTRAR_NOMBRE_PANTALLA' => '0',
) 
2014-08-15 10:40:27 --> se va a crear el turno 
2014-08-15 10:40:27 --> se creo el turno 35 del area SAS 

2014-08-15 10:42:02 --> get_areas 1 
2014-08-15 10:42:02 --> buscando areas del cliente 
2014-08-15 10:42:19 --> crear el consumidor 
2014-08-15 10:42:23 --> se creo el consumidor 13598 
2014-08-15 10:42:23 --> la informacion de la sede es array (
  'S_ID' => '2',
  'S_NOMBRE' => 'CENTRO',
  'S_DESCRIPCION' => 'Sede para atender los casos de la regional centro',
  'S_C_ID' => '1',
  'S_CANTIDAD_ENCUESTAS' => '10',
  'S_ACTIVO' => '1',
  'S_LOGO' => '7',
  'S_MUESTRA_VIDEO' => '1',
) 
2014-08-15 10:42:23 --> se va a extraer informacion del area  
2014-08-15 10:42:23 --> la informacion del area es array (
  'AR_ID' => '3',
  'AR_NOMBRE' => 'SEGUIMIENTO_AL_SERVICIO',
  'AR_DESCRIPCION' => 'Solicitudes Quejas y Reclamos',
  'AR_C_ID' => '1',
  'AR_ACTIVO' => '1',
  'AR_ALIAS' => 'SAS',
  'AR_MOSTRAR_NOMBRE_PANTALLA' => '0',
) 
2014-08-15 10:42:23 --> se va a crear el turno 
2014-08-15 10:42:23 --> se creo el turno 36 del area SAS 
2014-08-15 10:51:39 --> crear el consumidor 
2014-08-15 10:51:39 --> se creo el consumidor 13601 
2014-08-15 10:51:39 --> la informacion de la sede es array (
  'S_ID' => '2',
  'S_NOMBRE' => 'CENTRO',
  'S_DESCRIPCION' => 'Sede para atender los casos de la regional centro',
  'S_C_ID' => '1',
  'S_CANTIDAD_ENCUESTAS' => '10',
  'S_ACTIVO' => '1',
  'S_LOGO' => '7',
  'S_MUESTRA_VIDEO' => '1',
) 
2014-08-15 10:51:39 --> se va a extraer informacion del area  
2014-08-15 10:51:39 --> la informacion del area es array (
  'AR_ID' => '3',
  'AR_NOMBRE' => 'SEGUIMIENTO_AL_SERVICIO',
  'AR_DESCRIPCION' => 'Solicitudes Quejas y Reclamos',
  'AR_C_ID' => '1',
  'AR_ACTIVO' => '1',
  'AR_ALIAS' => 'SAS',
  'AR_MOSTRAR_NOMBRE_PANTALLA' => '0',
) 
2014-08-15 10:51:39 --> se va a crear el turno 
2014-08-15 10:51:39 --> se creo el turno 37 del area SAS 

2014-08-15 11:47:00 --> get_areas 1 
2014-08-15 11:47:00 --> buscando areas del cliente 
2014-08-15 11:47:08 --> crear el consumidor 
2014-08-15 11:47:15 --> se creo el consumidor 13620 
2014-08-15 11:47:15 --> la informacion de la sede es array (
  'S_ID' => '4',
  'S_NOMBRE' => 'OCCIDENTE',
  'S_DESCRIPCION' => 'Sedle para atender los casos de la regional occidente',
  'S_C_ID' => '1',
  'S_CANTIDAD_ENCUESTAS' => '10',
  'S_ACTIVO' => '1',
  'S_LOGO' => '7',
  'S_MUESTRA_VIDEO' => '1',
) 
2014-08-15 11:47:15 --> se va a extraer informacion del area  
2014-08-15 11:47:15 --> la informacion del area es array (
  'AR_ID' => '2',
  'AR_NOMBRE' => 'APORTES',
  'AR_DESCRIPCION' => 'Pensiones Incapacidades Cesantias Cartas FNA',
  'AR_C_ID' => '1',
  'AR_ACTIVO' => '1',
  'AR_ALIAS' => 'A',
  'AR_MOSTRAR_NOMBRE_PANTALLA' => '0',
) 
2014-08-15 11:47:15 --> se va a crear el turno 
2014-08-15 11:47:15 --> se creo el turno 3 del area A 

2014-08-15 11:55:37 --> get_areas 1 
2014-08-15 11:55:37 --> buscando areas del cliente 

2014-08-15 11:55:37 --> get_areas 1 
2014-08-15 11:55:37 --> buscando areas del cliente 
2014-08-15 11:55:53 --> crear el consumidor 
2014-08-15 11:55:53 --> se creo el consumidor 13623 
2014-08-15 11:55:53 --> la informacion de la sede es array (
  'S_ID' => '4',
  'S_NOMBRE' => 'OCCIDENTE',
  'S_DESCRIPCION' => 'Sedle para atender los casos de la regional occidente',
  'S_C_ID' => '1',
  'S_CANTIDAD_ENCUESTAS' => '10',
  'S_ACTIVO' => '1',
  'S_LOGO' => '7',
  'S_MUESTRA_VIDEO' => '1',
) 
2014-08-15 11:55:53 --> se va a extraer informacion del area  
2014-08-15 11:55:53 --> la informacion del area es array (
  'AR_ID' => '7',
  'AR_NOMBRE' => 'VARIOS_REQUERIMIENTOS',
  'AR_DESCRIPCION' => 'Solicitudes varias',
  'AR_C_ID' => '1',
  'AR_ACTIVO' => '1',
  'AR_ALIAS' => 'VR',
  'AR_MOSTRAR_NOMBRE_PANTALLA' => '0',
) 
2014-08-15 11:55:53 --> se va a crear el turno 
2014-08-15 11:55:53 --> se creo el turno 3 del area VR 
2014-08-15 11:56:00 --> crear el consumidor 
2014-08-15 11:56:01 --> se creo el consumidor 13624 
2014-08-15 11:56:01 --> la informacion de la sede es array (
  'S_ID' => '3',
  'S_NOMBRE' => 'NORTE',
  'S_DESCRIPCION' => 'Sede para atender los casos de la regional norte',
  'S_C_ID' => '1',
  'S_CANTIDAD_ENCUESTAS' => '10',
  'S_ACTIVO' => '1',
  'S_LOGO' => '7',
  'S_MUESTRA_VIDEO' => '1',
) 
2014-08-15 11:56:01 --> se va a extraer informacion del area  
2014-08-15 11:56:01 --> la informacion del area es array (
  'AR_ID' => '8',
  'AR_NOMBRE' => 'COMPENSACION_SALARIAL',
  'AR_DESCRIPCION' => 'Informacion pago nomina y liquidaciones',
  'AR_C_ID' => '1',
  'AR_ACTIVO' => '1',
  'AR_ALIAS' => 'CS',
  'AR_MOSTRAR_NOMBRE_PANTALLA' => '0',
) 
2014-08-15 11:56:01 --> se va a crear el turno 
2014-08-15 11:56:01 --> se creo el turno 1 del area CS 

2014-08-15 12:03:05 --> get_areas 1 
2014-08-15 12:03:05 --> buscando areas del cliente 
2014-08-15 12:03:36 --> crear el consumidor 
2014-08-15 12:03:36 --> se creo el consumidor 13625 
2014-08-15 12:03:36 --> la informacion de la sede es array (
  'S_ID' => '4',
  'S_NOMBRE' => 'OCCIDENTE',
  'S_DESCRIPCION' => 'Sedle para atender los casos de la regional occidente',
  'S_C_ID' => '1',
  'S_CANTIDAD_ENCUESTAS' => '10',
  'S_ACTIVO' => '1',
  'S_LOGO' => '7',
  'S_MUESTRA_VIDEO' => '1',
) 
2014-08-15 12:03:36 --> se va a extraer informacion del area  
2014-08-15 12:03:36 --> la informacion del area es array (
  'AR_ID' => '2',
  'AR_NOMBRE' => 'APORTES',
  'AR_DESCRIPCION' => 'Pensiones Incapacidades Cesantias Cartas FNA',
  'AR_C_ID' => '1',
  'AR_ACTIVO' => '1',
  'AR_ALIAS' => 'A',
  'AR_MOSTRAR_NOMBRE_PANTALLA' => '0',
) 
2014-08-15 12:03:36 --> se va a crear el turno 
2014-08-15 12:03:36 --> se creo el turno 4 del area A 

2014-08-15 12:05:43 --> get_areas 1 
2014-08-15 12:05:43 --> buscando areas del cliente 

2014-08-15 12:05:43 --> get_areas 1 
2014-08-15 12:05:43 --> buscando areas del cliente 

2014-08-15 12:05:43 --> get_areas 1 
2014-08-15 12:05:43 --> buscando areas del cliente 
2014-08-15 12:05:48 --> crear el consumidor 
2014-08-15 12:05:48 --> crear el consumidor 
2014-08-15 12:05:48 --> crear el consumidor 
2014-08-15 12:05:48 --> se creo el consumidor 13626 
2014-08-15 12:05:48 --> se creo el consumidor 13627 
2014-08-15 12:05:48 --> se creo el consumidor 13628 
2014-08-15 12:05:48 --> la informacion de la sede es array (
  'S_ID' => '4',
  'S_NOMBRE' => 'OCCIDENTE',
  'S_DESCRIPCION' => 'Sedle para atender los casos de la regional occidente',
  'S_C_ID' => '1',
  'S_CANTIDAD_ENCUESTAS' => '10',
  'S_ACTIVO' => '1',
  'S_LOGO' => '7',
  'S_MUESTRA_VIDEO' => '1',
) 
2014-08-15 12:05:48 --> se va a extraer informacion del area  
2014-08-15 12:05:48 --> la informacion de la sede es array (
  'S_ID' => '4',
  'S_NOMBRE' => 'OCCIDENTE',
  'S_DESCRIPCION' => 'Sedle para atender los casos de la regional occidente',
  'S_C_ID' => '1',
  'S_CANTIDAD_ENCUESTAS' => '10',
  'S_ACTIVO' => '1',
  'S_LOGO' => '7',
  'S_MUESTRA_VIDEO' => '1',
) 
2014-08-15 12:05:48 --> se va a extraer informacion del area  
2014-08-15 12:05:48 --> la informacion del area es array (
  'AR_ID' => '2',
  'AR_NOMBRE' => 'APORTES',
  'AR_DESCRIPCION' => 'Pensiones Incapacidades Cesantias Cartas FNA',
  'AR_C_ID' => '1',
  'AR_ACTIVO' => '1',
  'AR_ALIAS' => 'A',
  'AR_MOSTRAR_NOMBRE_PANTALLA' => '0',
) 
2014-08-15 12:05:48 --> se va a crear el turno 
2014-08-15 12:05:48 --> la informacion del area es array (
  'AR_ID' => '2',
  'AR_NOMBRE' => 'APORTES',
  'AR_DESCRIPCION' => 'Pensiones Incapacidades Cesantias Cartas FNA',
  'AR_C_ID' => '1',
  'AR_ACTIVO' => '1',
  'AR_ALIAS' => 'A',
  'AR_MOSTRAR_NOMBRE_PANTALLA' => '0',
) 
2014-08-15 12:05:48 --> se va a crear el turno 
2014-08-15 12:05:48 --> se creo el turno 5 del area A 
2014-08-15 12:05:48 --> la informacion de la sede es array (
  'S_ID' => '4',
  'S_NOMBRE' => 'OCCIDENTE',
  'S_DESCRIPCION' => 'Sedle para atender los casos de la regional occidente',
  'S_C_ID' => '1',
  'S_CANTIDAD_ENCUESTAS' => '10',
  'S_ACTIVO' => '1',
  'S_LOGO' => '7',
  'S_MUESTRA_VIDEO' => '1',
) 
2014-08-15 12:05:48 --> se va a extraer informacion del area  
2014-08-15 12:05:48 --> se creo el turno 6 del area A 
2014-08-15 12:05:48 --> la informacion del area es array (
  'AR_ID' => '2',
  'AR_NOMBRE' => 'APORTES',
  'AR_DESCRIPCION' => 'Pensiones Incapacidades Cesantias Cartas FNA',
  'AR_C_ID' => '1',
  'AR_ACTIVO' => '1',
  'AR_ALIAS' => 'A',
  'AR_MOSTRAR_NOMBRE_PANTALLA' => '0',
) 
2014-08-15 12:05:48 --> se va a crear el turno 
2014-08-15 12:05:48 --> se creo el turno 7 del area A 

2014-08-15 12:09:59 --> get_areas 1 
2014-08-15 12:09:59 --> buscando areas del cliente 
2014-08-15 12:10:09 --> crear el consumidor 
2014-08-15 12:10:09 --> se creo el consumidor 13630 
2014-08-15 12:10:09 --> la informacion de la sede es array (
  'S_ID' => '4',
  'S_NOMBRE' => 'OCCIDENTE',
  'S_DESCRIPCION' => 'Sedle para atender los casos de la regional occidente',
  'S_C_ID' => '1',
  'S_CANTIDAD_ENCUESTAS' => '10',
  'S_ACTIVO' => '1',
  'S_LOGO' => '7',
  'S_MUESTRA_VIDEO' => '1',
) 
2014-08-15 12:10:09 --> se va a extraer informacion del area  
2014-08-15 12:10:09 --> la informacion del area es array (
  'AR_ID' => '5',
  'AR_NOMBRE' => 'OTROS',
  'AR_DESCRIPCION' => 'Otros',
  'AR_C_ID' => '1',
  'AR_ACTIVO' => '1',
  'AR_ALIAS' => 'O',
  'AR_MOSTRAR_NOMBRE_PANTALLA' => '0',
) 
2014-08-15 12:10:09 --> se va a crear el turno 
2014-08-15 12:10:09 --> se creo el turno 6 del area O 

2014-08-15 12:43:21 --> get_areas 1 
2014-08-15 12:43:21 --> buscando areas del cliente 
2014-08-15 12:43:32 --> crear el consumidor 
2014-08-15 12:43:32 --> se creo el consumidor 13631 
2014-08-15 12:43:32 --> la informacion de la sede es array (
  'S_ID' => '4',
  'S_NOMBRE' => 'OCCIDENTE',
  'S_DESCRIPCION' => 'Sedle para atender los casos de la regional occidente',
  'S_C_ID' => '1',
  'S_CANTIDAD_ENCUESTAS' => '10',
  'S_ACTIVO' => '1',
  'S_LOGO' => '7',
  'S_MUESTRA_VIDEO' => '1',
) 
2014-08-15 12:43:32 --> se va a extraer informacion del area  
2014-08-15 12:43:32 --> la informacion del area es array (
  'AR_ID' => '3',
  'AR_NOMBRE' => 'SEGUIMIENTO_AL_SERVICIO',
  'AR_DESCRIPCION' => 'Solicitudes Quejas y Reclamos',
  'AR_C_ID' => '1',
  'AR_ACTIVO' => '1',
  'AR_ALIAS' => 'SAS',
  'AR_MOSTRAR_NOMBRE_PANTALLA' => '0',
) 
2014-08-15 12:43:32 --> se va a crear el turno 
2014-08-15 12:43:32 --> se creo el turno 5 del area SAS 

2014-08-15 14:04:08 --> get_areas 1 
2014-08-15 14:04:08 --> buscando areas del cliente 
2014-08-15 14:04:20 --> crear el consumidor 
2014-08-15 14:04:20 --> se creo el consumidor 13636 
2014-08-15 14:04:20 --> la informacion de la sede es array (
  'S_ID' => '4',
  'S_NOMBRE' => 'OCCIDENTE',
  'S_DESCRIPCION' => 'Sedle para atender los casos de la regional occidente',
  'S_C_ID' => '1',
  'S_CANTIDAD_ENCUESTAS' => '10',
  'S_ACTIVO' => '1',
  'S_LOGO' => '7',
  'S_MUESTRA_VIDEO' => '1',
) 
2014-08-15 14:04:20 --> se va a extraer informacion del area  
2014-08-15 14:04:20 --> la informacion del area es array (
  'AR_ID' => '5',
  'AR_NOMBRE' => 'OTROS',
  'AR_DESCRIPCION' => 'Otros',
  'AR_C_ID' => '1',
  'AR_ACTIVO' => '1',
  'AR_ALIAS' => 'O',
  'AR_MOSTRAR_NOMBRE_PANTALLA' => '0',
) 
2014-08-15 14:04:20 --> se va a crear el turno 
2014-08-15 14:04:20 --> se creo el turno 7 del area O 

2014-08-15 14:24:39 --> get_areas 1 
2014-08-15 14:24:39 --> buscando areas del cliente 
2014-08-15 14:24:57 --> crear el consumidor 
2014-08-15 14:24:57 --> se creo el consumidor 13639 
2014-08-15 14:24:57 --> la informacion de la sede es array (
  'S_ID' => '4',
  'S_NOMBRE' => 'OCCIDENTE',
  'S_DESCRIPCION' => 'Sedle para atender los casos de la regional occidente',
  'S_C_ID' => '1',
  'S_CANTIDAD_ENCUESTAS' => '10',
  'S_ACTIVO' => '1',
  'S_LOGO' => '7',
  'S_MUESTRA_VIDEO' => '1',
) 
2014-08-15 14:24:57 --> se va a extraer informacion del area  
2014-08-15 14:24:57 --> la informacion del area es array (
  'AR_ID' => '1',
  'AR_NOMBRE' => 'GERENCIA_DEL_SERVICIO',
  'AR_DESCRIPCION' => 'Cartas de ingreso al punto de venta',
  'AR_C_ID' => '1',
  'AR_ACTIVO' => '1',
  'AR_ALIAS' => 'GS',
  'AR_MOSTRAR_NOMBRE_PANTALLA' => '0',
) 
2014-08-15 14:24:57 --> se va a crear el turno 
2014-08-15 14:24:57 --> se creo el turno 2 del area GS 

2014-08-15 14:29:33 --> get_areas 1 
2014-08-15 14:29:33 --> buscando areas del cliente 
2014-08-15 14:29:49 --> crear el consumidor 
2014-08-15 14:29:49 --> se creo el consumidor 13640 
2014-08-15 14:29:49 --> la informacion de la sede es array (
  'S_ID' => '2',
  'S_NOMBRE' => 'CENTRO',
  'S_DESCRIPCION' => 'Sede para atender los casos de la regional centro',
  'S_C_ID' => '1',
  'S_CANTIDAD_ENCUESTAS' => '10',
  'S_ACTIVO' => '1',
  'S_LOGO' => '7',
  'S_MUESTRA_VIDEO' => '1',
) 
2014-08-15 14:29:49 --> se va a extraer informacion del area  
2014-08-15 14:29:49 --> la informacion del area es array (
  'AR_ID' => '8',
  'AR_NOMBRE' => 'COMPENSACION_SALARIAL',
  'AR_DESCRIPCION' => 'Informacion pago nomina y liquidaciones',
  'AR_C_ID' => '1',
  'AR_ACTIVO' => '1',
  'AR_ALIAS' => 'CS',
  'AR_MOSTRAR_NOMBRE_PANTALLA' => '0',
) 
2014-08-15 14:29:49 --> se va a crear el turno 
2014-08-15 14:29:49 --> se creo el turno 3 del area CS 

2014-08-15 14:31:36 --> get_areas 1 
2014-08-15 14:31:36 --> buscando areas del cliente 
2014-08-15 14:31:49 --> crear el consumidor 
2014-08-15 14:31:53 --> se creo el consumidor 13642 
2014-08-15 14:31:53 --> la informacion de la sede es array (
  'S_ID' => '4',
  'S_NOMBRE' => 'OCCIDENTE',
  'S_DESCRIPCION' => 'Sedle para atender los casos de la regional occidente',
  'S_C_ID' => '1',
  'S_CANTIDAD_ENCUESTAS' => '10',
  'S_ACTIVO' => '1',
  'S_LOGO' => '7',
  'S_MUESTRA_VIDEO' => '1',
) 
2014-08-15 14:31:53 --> se va a extraer informacion del area  
2014-08-15 14:31:53 --> la informacion del area es array (
  'AR_ID' => '2',
  'AR_NOMBRE' => 'APORTES',
  'AR_DESCRIPCION' => 'Pensiones Incapacidades Cesantias Cartas FNA',
  'AR_C_ID' => '1',
  'AR_ACTIVO' => '1',
  'AR_ALIAS' => 'A',
  'AR_MOSTRAR_NOMBRE_PANTALLA' => '0',
) 
2014-08-15 14:31:53 --> se va a crear el turno 
2014-08-15 14:31:53 --> se creo el turno 8 del area A 

2014-08-15 15:00:27 --> get_areas 1 
2014-08-15 15:00:27 --> buscando areas del cliente 
2014-08-15 15:00:48 --> crear el consumidor 
2014-08-15 15:00:48 --> se creo el consumidor 13656 
2014-08-15 15:00:48 --> la informacion de la sede es array (
  'S_ID' => '2',
  'S_NOMBRE' => 'CENTRO',
  'S_DESCRIPCION' => 'Sede para atender los casos de la regional centro',
  'S_C_ID' => '1',
  'S_CANTIDAD_ENCUESTAS' => '10',
  'S_ACTIVO' => '1',
  'S_LOGO' => '7',
  'S_MUESTRA_VIDEO' => '1',
) 
2014-08-15 15:00:48 --> se va a extraer informacion del area  
2014-08-15 15:00:48 --> la informacion del area es array (
  'AR_ID' => '5',
  'AR_NOMBRE' => 'OTROS',
  'AR_DESCRIPCION' => 'Otros',
  'AR_C_ID' => '1',
  'AR_ACTIVO' => '1',
  'AR_ALIAS' => 'O',
  'AR_MOSTRAR_NOMBRE_PANTALLA' => '0',
) 
2014-08-15 15:00:48 --> se va a crear el turno 
2014-08-15 15:00:48 --> se creo el turno 1 del area O 

2014-08-15 15:01:31 --> get_areas 1 
2014-08-15 15:01:31 --> buscando areas del cliente 

2014-08-15 15:49:48 --> get_areas 1 
2014-08-15 15:49:48 --> buscando areas del cliente 
2014-08-15 15:50:19 --> crear el consumidor 
2014-08-15 15:50:19 --> se creo el consumidor 13681 
2014-08-15 15:50:19 --> la informacion de la sede es array (
  'S_ID' => '4',
  'S_NOMBRE' => 'OCCIDENTE',
  'S_DESCRIPCION' => 'Sedle para atender los casos de la regional occidente',
  'S_C_ID' => '1',
  'S_CANTIDAD_ENCUESTAS' => '10',
  'S_ACTIVO' => '1',
  'S_LOGO' => '7',
  'S_MUESTRA_VIDEO' => '1',
) 
2014-08-15 15:50:19 --> se va a extraer informacion del area  
2014-08-15 15:50:19 --> la informacion del area es array (
  'AR_ID' => '7',
  'AR_NOMBRE' => 'VARIOS_REQUERIMIENTOS',
  'AR_DESCRIPCION' => 'Solicitudes varias',
  'AR_C_ID' => '1',
  'AR_ACTIVO' => '1',
  'AR_ALIAS' => 'VR',
  'AR_MOSTRAR_NOMBRE_PANTALLA' => '0',
) 
2014-08-15 15:50:19 --> se va a crear el turno 
2014-08-15 15:50:19 --> se creo el turno 4 del area VR 

2014-08-15 15:55:08 --> get_areas 1 
2014-08-15 15:55:08 --> buscando areas del cliente 
2014-08-15 15:55:20 --> crear el consumidor 
2014-08-15 15:55:20 --> se creo el consumidor 13684 
2014-08-15 15:55:20 --> la informacion de la sede es array (
  'S_ID' => '4',
  'S_NOMBRE' => 'OCCIDENTE',
  'S_DESCRIPCION' => 'Sedle para atender los casos de la regional occidente',
  'S_C_ID' => '1',
  'S_CANTIDAD_ENCUESTAS' => '10',
  'S_ACTIVO' => '1',
  'S_LOGO' => '7',
  'S_MUESTRA_VIDEO' => '1',
) 
2014-08-15 15:55:20 --> se va a extraer informacion del area  
2014-08-15 15:55:20 --> la informacion del area es array (
  'AR_ID' => '1',
  'AR_NOMBRE' => 'GERENCIA_DEL_SERVICIO',
  'AR_DESCRIPCION' => 'Cartas de ingreso al punto de venta',
  'AR_C_ID' => '1',
  'AR_ACTIVO' => '1',
  'AR_ALIAS' => 'GS',
  'AR_MOSTRAR_NOMBRE_PANTALLA' => '0',
) 
2014-08-15 15:55:20 --> se va a crear el turno 
2014-08-15 15:55:20 --> se creo el turno 3 del area GS 

2014-08-15 16:09:59 --> get_areas 1 
2014-08-15 16:09:59 --> buscando areas del cliente 
2014-08-15 16:10:15 --> crear el consumidor 
2014-08-15 16:10:15 --> se creo el consumidor 13685 
2014-08-15 16:10:15 --> la informacion de la sede es array (
  'S_ID' => '4',
  'S_NOMBRE' => 'OCCIDENTE',
  'S_DESCRIPCION' => 'Sedle para atender los casos de la regional occidente',
  'S_C_ID' => '1',
  'S_CANTIDAD_ENCUESTAS' => '10',
  'S_ACTIVO' => '1',
  'S_LOGO' => '7',
  'S_MUESTRA_VIDEO' => '1',
) 
2014-08-15 16:10:15 --> se va a extraer informacion del area  
2014-08-15 16:10:15 --> la informacion del area es array (
  'AR_ID' => '5',
  'AR_NOMBRE' => 'OTROS',
  'AR_DESCRIPCION' => 'Otros',
  'AR_C_ID' => '1',
  'AR_ACTIVO' => '1',
  'AR_ALIAS' => 'O',
  'AR_MOSTRAR_NOMBRE_PANTALLA' => '0',
) 
2014-08-15 16:10:15 --> se va a crear el turno 
2014-08-15 16:10:15 --> se creo el turno 8 del area O 

2014-08-15 16:51:07 --> get_areas 1 
2014-08-15 16:51:07 --> buscando areas del cliente 
2014-08-15 16:51:19 --> crear el consumidor 
2014-08-15 16:51:19 --> se creo el consumidor 13709 
2014-08-15 16:51:19 --> la informacion de la sede es array (
  'S_ID' => '4',
  'S_NOMBRE' => 'OCCIDENTE',
  'S_DESCRIPCION' => 'Sedle para atender los casos de la regional occidente',
  'S_C_ID' => '1',
  'S_CANTIDAD_ENCUESTAS' => '10',
  'S_ACTIVO' => '1',
  'S_LOGO' => '7',
  'S_MUESTRA_VIDEO' => '1',
) 
2014-08-15 16:51:19 --> se va a extraer informacion del area  
2014-08-15 16:51:19 --> la informacion del area es array (
  'AR_ID' => '2',
  'AR_NOMBRE' => 'APORTES',
  'AR_DESCRIPCION' => 'Pensiones Incapacidades Cesantias Cartas FNA',
  'AR_C_ID' => '1',
  'AR_ACTIVO' => '1',
  'AR_ALIAS' => 'A',
  'AR_MOSTRAR_NOMBRE_PANTALLA' => '0',
) 
2014-08-15 16:51:19 --> se va a crear el turno 
2014-08-15 16:51:19 --> se creo el turno 9 del area A 

2014-08-15 17:00:28 --> get_areas 1 
2014-08-15 17:00:28 --> buscando areas del cliente 

2014-08-15 17:29:33 --> get_areas 1 
2014-08-15 17:29:33 --> buscando areas del cliente 

2014-08-15 17:30:22 --> get_areas 1 
2014-08-15 17:30:22 --> buscando areas del cliente 
