
2014-11-14 07:33:32 --> get_areas 1 
2014-11-14 07:33:32 --> buscando areas del cliente 
2014-11-14 07:33:47 --> crear el consumidor 
2014-11-14 07:33:47 --> se creo el consumidor 23911 
2014-11-14 07:33:47 --> la informacion de la sede es array (
  'S_ID' => '4',
  'S_NOMBRE' => 'OCCIDENTE',
  'S_DESCRIPCION' => 'Sedle para atender los casos de la regional occidente',
  'S_C_ID' => '1',
  'S_CANTIDAD_ENCUESTAS' => '10',
  'S_ACTIVO' => '1',
  'S_LOGO' => '7',
  'S_MUESTRA_VIDEO' => '0',
) 
2014-11-14 07:33:47 --> se va a extraer informacion del area  
2014-11-14 07:33:47 --> la informacion del area es array (
  'AR_ID' => '1',
  'AR_NOMBRE' => 'GERENCIA_DEL_SERVICIO',
  'AR_DESCRIPCION' => 'Cartas punto de venta Cartas de renuncia',
  'AR_C_ID' => '1',
  'AR_ACTIVO' => '1',
  'AR_ALIAS' => 'GS',
  'AR_MOSTRAR_NOMBRE_PANTALLA' => '0',
) 
2014-11-14 07:33:47 --> se va a crear el turno 
2014-11-14 07:33:47 --> se creo el turno 1 del area GS 

2014-11-14 07:34:36 --> get_areas 1 
2014-11-14 07:34:36 --> buscando areas del cliente 

2014-11-14 08:37:27 --> get_areas 1 
2014-11-14 08:37:27 --> buscando areas del cliente 
2014-11-14 08:37:42 --> crear el consumidor 
2014-11-14 08:37:42 --> se creo el consumidor 23918 
2014-11-14 08:37:42 --> la informacion de la sede es array (
  'S_ID' => '4',
  'S_NOMBRE' => 'OCCIDENTE',
  'S_DESCRIPCION' => 'Sedle para atender los casos de la regional occidente',
  'S_C_ID' => '1',
  'S_CANTIDAD_ENCUESTAS' => '10',
  'S_ACTIVO' => '1',
  'S_LOGO' => '7',
  'S_MUESTRA_VIDEO' => '0',
) 
2014-11-14 08:37:42 --> se va a extraer informacion del area  
2014-11-14 08:37:42 --> la informacion del area es array (
  'AR_ID' => '5',
  'AR_NOMBRE' => 'OTROS',
  'AR_DESCRIPCION' => 'Otros',
  'AR_C_ID' => '1',
  'AR_ACTIVO' => '1',
  'AR_ALIAS' => 'O',
  'AR_MOSTRAR_NOMBRE_PANTALLA' => '0',
) 
2014-11-14 08:37:42 --> se va a crear el turno 
2014-11-14 08:37:42 --> se creo el turno 1 del area O 

2014-11-14 08:59:15 --> get_areas 1 
2014-11-14 08:59:15 --> buscando areas del cliente 
2014-11-14 08:59:32 --> crear el consumidor 
2014-11-14 08:59:32 --> se creo el consumidor 23923 
2014-11-14 08:59:32 --> la informacion de la sede es array (
  'S_ID' => '4',
  'S_NOMBRE' => 'OCCIDENTE',
  'S_DESCRIPCION' => 'Sedle para atender los casos de la regional occidente',
  'S_C_ID' => '1',
  'S_CANTIDAD_ENCUESTAS' => '10',
  'S_ACTIVO' => '1',
  'S_LOGO' => '7',
  'S_MUESTRA_VIDEO' => '0',
) 
2014-11-14 08:59:32 --> se va a extraer informacion del area  
2014-11-14 08:59:32 --> la informacion del area es array (
  'AR_ID' => '2',
  'AR_NOMBRE' => 'APORTES',
  'AR_DESCRIPCION' => 'Pensiones Incapacidades Cesantias Cartas FNA',
  'AR_C_ID' => '1',
  'AR_ACTIVO' => '1',
  'AR_ALIAS' => 'A',
  'AR_MOSTRAR_NOMBRE_PANTALLA' => '0',
) 
2014-11-14 08:59:32 --> se va a crear el turno 
2014-11-14 08:59:32 --> se creo el turno 1 del area A 

2014-11-14 09:23:35 --> get_areas 1 
2014-11-14 09:23:35 --> buscando areas del cliente 
2014-11-14 09:23:47 --> crear el consumidor 
2014-11-14 09:23:47 --> se creo el consumidor 23926 
2014-11-14 09:23:47 --> la informacion de la sede es array (
  'S_ID' => '4',
  'S_NOMBRE' => 'OCCIDENTE',
  'S_DESCRIPCION' => 'Sedle para atender los casos de la regional occidente',
  'S_C_ID' => '1',
  'S_CANTIDAD_ENCUESTAS' => '10',
  'S_ACTIVO' => '1',
  'S_LOGO' => '7',
  'S_MUESTRA_VIDEO' => '0',
) 
2014-11-14 09:23:47 --> se va a extraer informacion del area  
2014-11-14 09:23:47 --> la informacion del area es array (
  'AR_ID' => '2',
  'AR_NOMBRE' => 'APORTES',
  'AR_DESCRIPCION' => 'Pensiones Incapacidades Cesantias Cartas FNA',
  'AR_C_ID' => '1',
  'AR_ACTIVO' => '1',
  'AR_ALIAS' => 'A',
  'AR_MOSTRAR_NOMBRE_PANTALLA' => '0',
) 
2014-11-14 09:23:47 --> se va a crear el turno 
2014-11-14 09:23:47 --> se creo el turno 2 del area A 

2014-11-14 10:00:26 --> get_areas 1 
2014-11-14 10:00:26 --> buscando areas del cliente 
2014-11-14 10:00:34 --> crear el consumidor 
2014-11-14 10:00:34 --> se creo el consumidor 23929 
2014-11-14 10:00:34 --> la informacion de la sede es array (
  'S_ID' => '3',
  'S_NOMBRE' => 'NORTE',
  'S_DESCRIPCION' => 'Sede para atender los casos de la regional norte',
  'S_C_ID' => '1',
  'S_CANTIDAD_ENCUESTAS' => '10',
  'S_ACTIVO' => '1',
  'S_LOGO' => '7',
  'S_MUESTRA_VIDEO' => '0',
) 
2014-11-14 10:00:34 --> se va a extraer informacion del area  
2014-11-14 10:00:34 --> la informacion del area es array (
  'AR_ID' => '5',
  'AR_NOMBRE' => 'OTROS',
  'AR_DESCRIPCION' => 'Otros',
  'AR_C_ID' => '1',
  'AR_ACTIVO' => '1',
  'AR_ALIAS' => 'O',
  'AR_MOSTRAR_NOMBRE_PANTALLA' => '0',
) 
2014-11-14 10:00:34 --> se va a crear el turno 
2014-11-14 10:00:34 --> se creo el turno 1 del area O 

2014-11-14 10:00:43 --> get_areas 1 
2014-11-14 10:00:43 --> buscando areas del cliente 

2014-11-14 10:24:39 --> get_areas 1 
2014-11-14 10:24:39 --> buscando areas del cliente 
2014-11-14 10:24:44 --> crear el consumidor 
2014-11-14 10:24:44 --> se creo el consumidor 23935 
2014-11-14 10:24:44 --> la informacion de la sede es array (
  'S_ID' => '4',
  'S_NOMBRE' => 'OCCIDENTE',
  'S_DESCRIPCION' => 'Sedle para atender los casos de la regional occidente',
  'S_C_ID' => '1',
  'S_CANTIDAD_ENCUESTAS' => '10',
  'S_ACTIVO' => '1',
  'S_LOGO' => '7',
  'S_MUESTRA_VIDEO' => '0',
) 
2014-11-14 10:24:44 --> se va a extraer informacion del area  
2014-11-14 10:24:44 --> la informacion del area es array (
  'AR_ID' => '2',
  'AR_NOMBRE' => 'APORTES',
  'AR_DESCRIPCION' => 'Pensiones Incapacidades Cesantias Cartas FNA',
  'AR_C_ID' => '1',
  'AR_ACTIVO' => '1',
  'AR_ALIAS' => 'A',
  'AR_MOSTRAR_NOMBRE_PANTALLA' => '0',
) 
2014-11-14 10:24:44 --> se va a crear el turno 
2014-11-14 10:24:44 --> se creo el turno 3 del area A 

2014-11-14 10:37:23 --> get_areas 1 
2014-11-14 10:37:23 --> buscando areas del cliente 

2014-11-14 10:38:29 --> get_areas 1 
2014-11-14 10:38:29 --> buscando areas del cliente 
2014-11-14 10:38:44 --> crear el consumidor 
2014-11-14 10:38:44 --> se creo el consumidor 23936 
2014-11-14 10:38:44 --> la informacion de la sede es array (
  'S_ID' => '4',
  'S_NOMBRE' => 'OCCIDENTE',
  'S_DESCRIPCION' => 'Sedle para atender los casos de la regional occidente',
  'S_C_ID' => '1',
  'S_CANTIDAD_ENCUESTAS' => '10',
  'S_ACTIVO' => '1',
  'S_LOGO' => '7',
  'S_MUESTRA_VIDEO' => '0',
) 
2014-11-14 10:38:44 --> se va a extraer informacion del area  
2014-11-14 10:38:44 --> la informacion del area es array (
  'AR_ID' => '2',
  'AR_NOMBRE' => 'APORTES',
  'AR_DESCRIPCION' => 'Pensiones Incapacidades Cesantias Cartas FNA',
  'AR_C_ID' => '1',
  'AR_ACTIVO' => '1',
  'AR_ALIAS' => 'A',
  'AR_MOSTRAR_NOMBRE_PANTALLA' => '0',
) 
2014-11-14 10:38:44 --> se va a crear el turno 
2014-11-14 10:38:44 --> se creo el turno 4 del area A 

2014-11-14 10:50:06 --> get_areas 1 
2014-11-14 10:50:06 --> buscando areas del cliente 
2014-11-14 10:50:15 --> crear el consumidor 
2014-11-14 10:50:16 --> se creo el consumidor 23937 
2014-11-14 10:50:16 --> la informacion de la sede es array (
  'S_ID' => '4',
  'S_NOMBRE' => 'OCCIDENTE',
  'S_DESCRIPCION' => 'Sedle para atender los casos de la regional occidente',
  'S_C_ID' => '1',
  'S_CANTIDAD_ENCUESTAS' => '10',
  'S_ACTIVO' => '1',
  'S_LOGO' => '7',
  'S_MUESTRA_VIDEO' => '0',
) 
2014-11-14 10:50:16 --> se va a extraer informacion del area  
2014-11-14 10:50:16 --> la informacion del area es array (
  'AR_ID' => '8',
  'AR_NOMBRE' => 'COMPENSACION_SALARIAL',
  'AR_DESCRIPCION' => 'Informacion pago nomina y liquidaciones',
  'AR_C_ID' => '1',
  'AR_ACTIVO' => '1',
  'AR_ALIAS' => 'CS',
  'AR_MOSTRAR_NOMBRE_PANTALLA' => '0',
) 
2014-11-14 10:50:16 --> se va a crear el turno 
2014-11-14 10:50:16 --> se creo el turno 1 del area CS 

2014-11-14 10:52:58 --> get_areas 1 
2014-11-14 10:52:58 --> buscando areas del cliente 
2014-11-14 10:53:06 --> crear el consumidor 
2014-11-14 10:53:06 --> se creo el consumidor 23939 
2014-11-14 10:53:06 --> la informacion de la sede es array (
  'S_ID' => '3',
  'S_NOMBRE' => 'NORTE',
  'S_DESCRIPCION' => 'Sede para atender los casos de la regional norte',
  'S_C_ID' => '1',
  'S_CANTIDAD_ENCUESTAS' => '10',
  'S_ACTIVO' => '1',
  'S_LOGO' => '7',
  'S_MUESTRA_VIDEO' => '0',
) 
2014-11-14 10:53:06 --> se va a extraer informacion del area  
2014-11-14 10:53:06 --> la informacion del area es array (
  'AR_ID' => '5',
  'AR_NOMBRE' => 'OTROS',
  'AR_DESCRIPCION' => 'Otros',
  'AR_C_ID' => '1',
  'AR_ACTIVO' => '1',
  'AR_ALIAS' => 'O',
  'AR_MOSTRAR_NOMBRE_PANTALLA' => '0',
) 
2014-11-14 10:53:06 --> se va a crear el turno 
2014-11-14 10:53:06 --> se creo el turno 2 del area O 

2014-11-14 11:14:33 --> get_areas 1 
2014-11-14 11:14:33 --> buscando areas del cliente 
2014-11-14 11:14:52 --> crear el consumidor 
2014-11-14 11:14:52 --> se creo el consumidor 23942 
2014-11-14 11:14:52 --> la informacion de la sede es array (
  'S_ID' => '4',
  'S_NOMBRE' => 'OCCIDENTE',
  'S_DESCRIPCION' => 'Sedle para atender los casos de la regional occidente',
  'S_C_ID' => '1',
  'S_CANTIDAD_ENCUESTAS' => '10',
  'S_ACTIVO' => '1',
  'S_LOGO' => '7',
  'S_MUESTRA_VIDEO' => '0',
) 
2014-11-14 11:14:52 --> se va a extraer informacion del area  
2014-11-14 11:14:52 --> la informacion del area es array (
  'AR_ID' => '5',
  'AR_NOMBRE' => 'OTROS',
  'AR_DESCRIPCION' => 'Otros',
  'AR_C_ID' => '1',
  'AR_ACTIVO' => '1',
  'AR_ALIAS' => 'O',
  'AR_MOSTRAR_NOMBRE_PANTALLA' => '0',
) 
2014-11-14 11:14:52 --> se va a crear el turno 
2014-11-14 11:14:52 --> se creo el turno 2 del area O 

2014-11-14 11:28:21 --> get_areas 1 
2014-11-14 11:28:21 --> buscando areas del cliente 

2014-11-14 11:36:14 --> get_areas 1 
2014-11-14 11:36:14 --> buscando areas del cliente 

2014-11-14 11:36:56 --> get_areas 1 
2014-11-14 11:36:56 --> buscando areas del cliente 
2014-11-14 11:37:05 --> crear el consumidor 
2014-11-14 11:37:05 --> se creo el consumidor 23947 
2014-11-14 11:37:05 --> la informacion de la sede es array (
  'S_ID' => '4',
  'S_NOMBRE' => 'OCCIDENTE',
  'S_DESCRIPCION' => 'Sedle para atender los casos de la regional occidente',
  'S_C_ID' => '1',
  'S_CANTIDAD_ENCUESTAS' => '10',
  'S_ACTIVO' => '1',
  'S_LOGO' => '7',
  'S_MUESTRA_VIDEO' => '0',
) 
2014-11-14 11:37:05 --> se va a extraer informacion del area  
2014-11-14 11:37:05 --> la informacion del area es array (
  'AR_ID' => '5',
  'AR_NOMBRE' => 'OTROS',
  'AR_DESCRIPCION' => 'Otros',
  'AR_C_ID' => '1',
  'AR_ACTIVO' => '1',
  'AR_ALIAS' => 'O',
  'AR_MOSTRAR_NOMBRE_PANTALLA' => '0',
) 
2014-11-14 11:37:05 --> se va a crear el turno 
2014-11-14 11:37:05 --> se creo el turno 3 del area O 

2014-11-14 11:40:15 --> get_areas 1 
2014-11-14 11:40:15 --> buscando areas del cliente 
2014-11-14 11:40:29 --> crear el consumidor 
2014-11-14 11:40:29 --> se creo el consumidor 23948 
2014-11-14 11:40:29 --> la informacion de la sede es array (
  'S_ID' => '3',
  'S_NOMBRE' => 'NORTE',
  'S_DESCRIPCION' => 'Sede para atender los casos de la regional norte',
  'S_C_ID' => '1',
  'S_CANTIDAD_ENCUESTAS' => '10',
  'S_ACTIVO' => '1',
  'S_LOGO' => '7',
  'S_MUESTRA_VIDEO' => '0',
) 
2014-11-14 11:40:29 --> se va a extraer informacion del area  
2014-11-14 11:40:29 --> la informacion del area es array (
  'AR_ID' => '1',
  'AR_NOMBRE' => 'GERENCIA_DEL_SERVICIO',
  'AR_DESCRIPCION' => 'Cartas punto de venta Cartas de renuncia',
  'AR_C_ID' => '1',
  'AR_ACTIVO' => '1',
  'AR_ALIAS' => 'GS',
  'AR_MOSTRAR_NOMBRE_PANTALLA' => '0',
) 
2014-11-14 11:40:29 --> se va a crear el turno 
2014-11-14 11:40:29 --> se creo el turno 2 del area GS 

2014-11-14 11:50:06 --> get_areas 1 
2014-11-14 11:50:06 --> buscando areas del cliente 
2014-11-14 11:50:15 --> crear el consumidor 
2014-11-14 11:50:15 --> se creo el consumidor 23951 
2014-11-14 11:50:15 --> la informacion de la sede es array (
  'S_ID' => '4',
  'S_NOMBRE' => 'OCCIDENTE',
  'S_DESCRIPCION' => 'Sedle para atender los casos de la regional occidente',
  'S_C_ID' => '1',
  'S_CANTIDAD_ENCUESTAS' => '10',
  'S_ACTIVO' => '1',
  'S_LOGO' => '7',
  'S_MUESTRA_VIDEO' => '0',
) 
2014-11-14 11:50:15 --> se va a extraer informacion del area  
2014-11-14 11:50:15 --> la informacion del area es array (
  'AR_ID' => '1',
  'AR_NOMBRE' => 'GERENCIA_DEL_SERVICIO',
  'AR_DESCRIPCION' => 'Cartas punto de venta Cartas de renuncia',
  'AR_C_ID' => '1',
  'AR_ACTIVO' => '1',
  'AR_ALIAS' => 'GS',
  'AR_MOSTRAR_NOMBRE_PANTALLA' => '0',
) 
2014-11-14 11:50:15 --> se va a crear el turno 
2014-11-14 11:50:15 --> se creo el turno 2 del area GS 

2014-11-14 12:07:45 --> get_areas 1 
2014-11-14 12:07:45 --> buscando areas del cliente 

2014-11-14 12:09:30 --> get_areas 1 
2014-11-14 12:09:30 --> buscando areas del cliente 
2014-11-14 12:09:46 --> crear el consumidor 
2014-11-14 12:09:46 --> se creo el consumidor 23953 
2014-11-14 12:09:46 --> la informacion de la sede es array (
  'S_ID' => '4',
  'S_NOMBRE' => 'OCCIDENTE',
  'S_DESCRIPCION' => 'Sedle para atender los casos de la regional occidente',
  'S_C_ID' => '1',
  'S_CANTIDAD_ENCUESTAS' => '10',
  'S_ACTIVO' => '1',
  'S_LOGO' => '7',
  'S_MUESTRA_VIDEO' => '0',
) 
2014-11-14 12:09:46 --> se va a extraer informacion del area  
2014-11-14 12:09:46 --> la informacion del area es array (
  'AR_ID' => '3',
  'AR_NOMBRE' => 'SEGUIMIENTO_AL_SERVICIO',
  'AR_DESCRIPCION' => 'SQR certificados especiales claves portal web',
  'AR_C_ID' => '1',
  'AR_ACTIVO' => '1',
  'AR_ALIAS' => 'SAS',
  'AR_MOSTRAR_NOMBRE_PANTALLA' => '0',
) 
2014-11-14 12:09:46 --> se va a crear el turno 
2014-11-14 12:09:46 --> se creo el turno 1 del area SAS 

2014-11-14 12:11:37 --> get_areas 1 
2014-11-14 12:11:37 --> buscando areas del cliente 
2014-11-14 12:12:06 --> crear el consumidor 
2014-11-14 12:12:06 --> se creo el consumidor 23954 
2014-11-14 12:12:06 --> la informacion de la sede es array (
  'S_ID' => '4',
  'S_NOMBRE' => 'OCCIDENTE',
  'S_DESCRIPCION' => 'Sedle para atender los casos de la regional occidente',
  'S_C_ID' => '1',
  'S_CANTIDAD_ENCUESTAS' => '10',
  'S_ACTIVO' => '1',
  'S_LOGO' => '7',
  'S_MUESTRA_VIDEO' => '0',
) 
2014-11-14 12:12:06 --> se va a extraer informacion del area  
2014-11-14 12:12:06 --> la informacion del area es array (
  'AR_ID' => '5',
  'AR_NOMBRE' => 'OTROS',
  'AR_DESCRIPCION' => 'Otros',
  'AR_C_ID' => '1',
  'AR_ACTIVO' => '1',
  'AR_ALIAS' => 'O',
  'AR_MOSTRAR_NOMBRE_PANTALLA' => '0',
) 
2014-11-14 12:12:06 --> se va a crear el turno 
2014-11-14 12:12:06 --> se creo el turno 4 del area O 

2014-11-14 12:15:05 --> get_areas 1 
2014-11-14 12:15:05 --> buscando areas del cliente 
2014-11-14 12:15:25 --> crear el consumidor 
2014-11-14 12:15:25 --> se creo el consumidor 23955 
2014-11-14 12:15:25 --> la informacion de la sede es array (
  'S_ID' => '4',
  'S_NOMBRE' => 'OCCIDENTE',
  'S_DESCRIPCION' => 'Sedle para atender los casos de la regional occidente',
  'S_C_ID' => '1',
  'S_CANTIDAD_ENCUESTAS' => '10',
  'S_ACTIVO' => '1',
  'S_LOGO' => '7',
  'S_MUESTRA_VIDEO' => '0',
) 
2014-11-14 12:15:25 --> se va a extraer informacion del area  
2014-11-14 12:15:25 --> la informacion del area es array (
  'AR_ID' => '1',
  'AR_NOMBRE' => 'GERENCIA_DEL_SERVICIO',
  'AR_DESCRIPCION' => 'Cartas punto de venta Cartas de renuncia',
  'AR_C_ID' => '1',
  'AR_ACTIVO' => '1',
  'AR_ALIAS' => 'GS',
  'AR_MOSTRAR_NOMBRE_PANTALLA' => '0',
) 
2014-11-14 12:15:25 --> se va a crear el turno 
2014-11-14 12:15:25 --> se creo el turno 3 del area GS 

2014-11-14 12:24:44 --> get_areas 1 
2014-11-14 12:24:44 --> buscando areas del cliente 
2014-11-14 12:25:03 --> crear el consumidor 
2014-11-14 12:25:03 --> se creo el consumidor 23956 
2014-11-14 12:25:03 --> la informacion de la sede es array (
  'S_ID' => '4',
  'S_NOMBRE' => 'OCCIDENTE',
  'S_DESCRIPCION' => 'Sedle para atender los casos de la regional occidente',
  'S_C_ID' => '1',
  'S_CANTIDAD_ENCUESTAS' => '10',
  'S_ACTIVO' => '1',
  'S_LOGO' => '7',
  'S_MUESTRA_VIDEO' => '0',
) 
2014-11-14 12:25:03 --> se va a extraer informacion del area  
2014-11-14 12:25:03 --> la informacion del area es array (
  'AR_ID' => '5',
  'AR_NOMBRE' => 'OTROS',
  'AR_DESCRIPCION' => 'Otros',
  'AR_C_ID' => '1',
  'AR_ACTIVO' => '1',
  'AR_ALIAS' => 'O',
  'AR_MOSTRAR_NOMBRE_PANTALLA' => '0',
) 
2014-11-14 12:25:03 --> se va a crear el turno 
2014-11-14 12:25:03 --> se creo el turno 5 del area O 

2014-11-14 14:08:27 --> get_areas 1 
2014-11-14 14:08:27 --> buscando areas del cliente 
2014-11-14 14:08:35 --> crear el consumidor 
2014-11-14 14:08:35 --> se creo el consumidor 23968 
2014-11-14 14:08:35 --> la informacion de la sede es array (
  'S_ID' => '4',
  'S_NOMBRE' => 'OCCIDENTE',
  'S_DESCRIPCION' => 'Sedle para atender los casos de la regional occidente',
  'S_C_ID' => '1',
  'S_CANTIDAD_ENCUESTAS' => '10',
  'S_ACTIVO' => '1',
  'S_LOGO' => '7',
  'S_MUESTRA_VIDEO' => '0',
) 
2014-11-14 14:08:35 --> se va a extraer informacion del area  
2014-11-14 14:08:35 --> la informacion del area es array (
  'AR_ID' => '1',
  'AR_NOMBRE' => 'GERENCIA_DEL_SERVICIO',
  'AR_DESCRIPCION' => 'Cartas punto de venta Cartas de renuncia',
  'AR_C_ID' => '1',
  'AR_ACTIVO' => '1',
  'AR_ALIAS' => 'GS',
  'AR_MOSTRAR_NOMBRE_PANTALLA' => '0',
) 
2014-11-14 14:08:35 --> se va a crear el turno 
2014-11-14 14:08:35 --> se creo el turno 4 del area GS 

2014-11-14 14:16:51 --> get_areas 1 
2014-11-14 14:16:51 --> buscando areas del cliente 
2014-11-14 14:17:06 --> crear el consumidor 
2014-11-14 14:17:06 --> se creo el consumidor 23970 
2014-11-14 14:17:06 --> la informacion de la sede es array (
  'S_ID' => '4',
  'S_NOMBRE' => 'OCCIDENTE',
  'S_DESCRIPCION' => 'Sedle para atender los casos de la regional occidente',
  'S_C_ID' => '1',
  'S_CANTIDAD_ENCUESTAS' => '10',
  'S_ACTIVO' => '1',
  'S_LOGO' => '7',
  'S_MUESTRA_VIDEO' => '0',
) 
2014-11-14 14:17:06 --> se va a extraer informacion del area  
2014-11-14 14:17:06 --> la informacion del area es array (
  'AR_ID' => '1',
  'AR_NOMBRE' => 'GERENCIA_DEL_SERVICIO',
  'AR_DESCRIPCION' => 'Cartas punto de venta Cartas de renuncia',
  'AR_C_ID' => '1',
  'AR_ACTIVO' => '1',
  'AR_ALIAS' => 'GS',
  'AR_MOSTRAR_NOMBRE_PANTALLA' => '0',
) 
2014-11-14 14:17:06 --> se va a crear el turno 
2014-11-14 14:17:06 --> se creo el turno 5 del area GS 

2014-11-14 14:21:50 --> get_areas 1 
2014-11-14 14:21:50 --> buscando areas del cliente 
2014-11-14 14:22:14 --> crear el consumidor 
2014-11-14 14:22:14 --> se creo el consumidor 23972 
2014-11-14 14:22:14 --> la informacion de la sede es array (
  'S_ID' => '4',
  'S_NOMBRE' => 'OCCIDENTE',
  'S_DESCRIPCION' => 'Sedle para atender los casos de la regional occidente',
  'S_C_ID' => '1',
  'S_CANTIDAD_ENCUESTAS' => '10',
  'S_ACTIVO' => '1',
  'S_LOGO' => '7',
  'S_MUESTRA_VIDEO' => '0',
) 
2014-11-14 14:22:14 --> se va a extraer informacion del area  
2014-11-14 14:22:14 --> la informacion del area es array (
  'AR_ID' => '5',
  'AR_NOMBRE' => 'OTROS',
  'AR_DESCRIPCION' => 'Otros',
  'AR_C_ID' => '1',
  'AR_ACTIVO' => '1',
  'AR_ALIAS' => 'O',
  'AR_MOSTRAR_NOMBRE_PANTALLA' => '0',
) 
2014-11-14 14:22:14 --> se va a crear el turno 
2014-11-14 14:22:14 --> se creo el turno 6 del area O 

2014-11-14 14:23:04 --> get_areas 1 
2014-11-14 14:23:04 --> buscando areas del cliente 
2014-11-14 14:23:28 --> crear el consumidor 
2014-11-14 14:23:28 --> se creo el consumidor 23974 
2014-11-14 14:23:28 --> la informacion de la sede es array (
  'S_ID' => '4',
  'S_NOMBRE' => 'OCCIDENTE',
  'S_DESCRIPCION' => 'Sedle para atender los casos de la regional occidente',
  'S_C_ID' => '1',
  'S_CANTIDAD_ENCUESTAS' => '10',
  'S_ACTIVO' => '1',
  'S_LOGO' => '7',
  'S_MUESTRA_VIDEO' => '0',
) 
2014-11-14 14:23:28 --> se va a extraer informacion del area  
2014-11-14 14:23:28 --> la informacion del area es array (
  'AR_ID' => '3',
  'AR_NOMBRE' => 'SEGUIMIENTO_AL_SERVICIO',
  'AR_DESCRIPCION' => 'SQR certificados especiales claves portal web',
  'AR_C_ID' => '1',
  'AR_ACTIVO' => '1',
  'AR_ALIAS' => 'SAS',
  'AR_MOSTRAR_NOMBRE_PANTALLA' => '0',
) 
2014-11-14 14:23:28 --> se va a crear el turno 
2014-11-14 14:23:28 --> se creo el turno 2 del area SAS 

2014-11-14 15:16:33 --> get_areas 1 
2014-11-14 15:16:33 --> buscando areas del cliente 

2014-11-14 15:19:13 --> get_areas 1 
2014-11-14 15:19:13 --> buscando areas del cliente 
2014-11-14 15:19:27 --> crear el consumidor 
2014-11-14 15:19:27 --> se creo el consumidor 23994 
2014-11-14 15:19:27 --> la informacion de la sede es array (
  'S_ID' => '3',
  'S_NOMBRE' => 'NORTE',
  'S_DESCRIPCION' => 'Sede para atender los casos de la regional norte',
  'S_C_ID' => '1',
  'S_CANTIDAD_ENCUESTAS' => '10',
  'S_ACTIVO' => '1',
  'S_LOGO' => '7',
  'S_MUESTRA_VIDEO' => '0',
) 
2014-11-14 15:19:27 --> se va a extraer informacion del area  
2014-11-14 15:19:27 --> la informacion del area es array (
  'AR_ID' => '2',
  'AR_NOMBRE' => 'APORTES',
  'AR_DESCRIPCION' => 'Pensiones Incapacidades Cesantias Cartas FNA',
  'AR_C_ID' => '1',
  'AR_ACTIVO' => '1',
  'AR_ALIAS' => 'A',
  'AR_MOSTRAR_NOMBRE_PANTALLA' => '0',
) 
2014-11-14 15:19:27 --> se va a crear el turno 
2014-11-14 15:19:27 --> se creo el turno 3 del area A 

2014-11-14 15:48:04 --> get_areas 1 
2014-11-14 15:48:04 --> buscando areas del cliente 
2014-11-14 15:48:12 --> crear el consumidor 
2014-11-14 15:48:12 --> se creo el consumidor 24007 
2014-11-14 15:48:12 --> la informacion de la sede es array (
  'S_ID' => '2',
  'S_NOMBRE' => 'CENTRO',
  'S_DESCRIPCION' => 'Sede para atender los casos de la regional centro',
  'S_C_ID' => '1',
  'S_CANTIDAD_ENCUESTAS' => '10',
  'S_ACTIVO' => '1',
  'S_LOGO' => '7',
  'S_MUESTRA_VIDEO' => '0',
) 
2014-11-14 15:48:12 --> se va a extraer informacion del area  
2014-11-14 15:48:12 --> la informacion del area es array (
  'AR_ID' => '8',
  'AR_NOMBRE' => 'COMPENSACION_SALARIAL',
  'AR_DESCRIPCION' => 'Informacion pago nomina y liquidaciones',
  'AR_C_ID' => '1',
  'AR_ACTIVO' => '1',
  'AR_ALIAS' => 'CS',
  'AR_MOSTRAR_NOMBRE_PANTALLA' => '0',
) 
2014-11-14 15:48:12 --> se va a crear el turno 
2014-11-14 15:48:12 --> se creo el turno 3 del area CS 

2014-11-14 15:51:01 --> get_areas 1 
2014-11-14 15:51:01 --> buscando areas del cliente 

2014-11-14 16:02:45 --> get_areas 1 
2014-11-14 16:02:45 --> buscando areas del cliente 
2014-11-14 16:03:00 --> crear el consumidor 
2014-11-14 16:03:00 --> se creo el consumidor 24010 
2014-11-14 16:03:00 --> la informacion de la sede es array (
  'S_ID' => '2',
  'S_NOMBRE' => 'CENTRO',
  'S_DESCRIPCION' => 'Sede para atender los casos de la regional centro',
  'S_C_ID' => '1',
  'S_CANTIDAD_ENCUESTAS' => '10',
  'S_ACTIVO' => '1',
  'S_LOGO' => '7',
  'S_MUESTRA_VIDEO' => '0',
) 
2014-11-14 16:03:00 --> se va a extraer informacion del area  
2014-11-14 16:03:00 --> la informacion del area es array (
  'AR_ID' => '2',
  'AR_NOMBRE' => 'APORTES',
  'AR_DESCRIPCION' => 'Pensiones Incapacidades Cesantias Cartas FNA',
  'AR_C_ID' => '1',
  'AR_ACTIVO' => '1',
  'AR_ALIAS' => 'A',
  'AR_MOSTRAR_NOMBRE_PANTALLA' => '0',
) 
2014-11-14 16:03:00 --> se va a crear el turno 
2014-11-14 16:03:00 --> se creo el turno 7 del area A 

2014-11-14 16:17:42 --> get_areas 1 
2014-11-14 16:17:42 --> buscando areas del cliente 
2014-11-14 16:18:08 --> crear el consumidor 
2014-11-14 16:18:08 --> se creo el consumidor 24015 
2014-11-14 16:18:08 --> la informacion de la sede es array (
  'S_ID' => '4',
  'S_NOMBRE' => 'OCCIDENTE',
  'S_DESCRIPCION' => 'Sedle para atender los casos de la regional occidente',
  'S_C_ID' => '1',
  'S_CANTIDAD_ENCUESTAS' => '10',
  'S_ACTIVO' => '1',
  'S_LOGO' => '7',
  'S_MUESTRA_VIDEO' => '0',
) 
2014-11-14 16:18:08 --> se va a extraer informacion del area  
2014-11-14 16:18:08 --> la informacion del area es array (
  'AR_ID' => '5',
  'AR_NOMBRE' => 'OTROS',
  'AR_DESCRIPCION' => 'Otros',
  'AR_C_ID' => '1',
  'AR_ACTIVO' => '1',
  'AR_ALIAS' => 'O',
  'AR_MOSTRAR_NOMBRE_PANTALLA' => '0',
) 
2014-11-14 16:18:08 --> se va a crear el turno 
2014-11-14 16:18:08 --> se creo el turno 7 del area O 

2014-11-14 16:30:35 --> get_areas 1 
2014-11-14 16:30:35 --> buscando areas del cliente 

2014-11-14 16:33:11 --> get_areas 1 
2014-11-14 16:33:11 --> buscando areas del cliente 

2014-11-14 16:36:13 --> get_areas 1 
2014-11-14 16:36:13 --> buscando areas del cliente 
2014-11-14 16:36:29 --> crear el consumidor 
2014-11-14 16:36:29 --> se creo el consumidor 24020 
2014-11-14 16:36:29 --> la informacion de la sede es array (
  'S_ID' => '4',
  'S_NOMBRE' => 'OCCIDENTE',
  'S_DESCRIPCION' => 'Sedle para atender los casos de la regional occidente',
  'S_C_ID' => '1',
  'S_CANTIDAD_ENCUESTAS' => '10',
  'S_ACTIVO' => '1',
  'S_LOGO' => '7',
  'S_MUESTRA_VIDEO' => '0',
) 
2014-11-14 16:36:29 --> se va a extraer informacion del area  
2014-11-14 16:36:29 --> la informacion del area es array (
  'AR_ID' => '2',
  'AR_NOMBRE' => 'APORTES',
  'AR_DESCRIPCION' => 'Pensiones Incapacidades Cesantias Cartas FNA',
  'AR_C_ID' => '1',
  'AR_ACTIVO' => '1',
  'AR_ALIAS' => 'A',
  'AR_MOSTRAR_NOMBRE_PANTALLA' => '0',
) 
2014-11-14 16:36:29 --> se va a crear el turno 
2014-11-14 16:36:29 --> se creo el turno 5 del area A 

2014-11-14 16:37:20 --> get_areas 1 
2014-11-14 16:37:20 --> buscando areas del cliente 
2014-11-14 16:37:41 --> crear el consumidor 
2014-11-14 16:37:41 --> se creo el consumidor 24021 
2014-11-14 16:37:41 --> la informacion de la sede es array (
  'S_ID' => '4',
  'S_NOMBRE' => 'OCCIDENTE',
  'S_DESCRIPCION' => 'Sedle para atender los casos de la regional occidente',
  'S_C_ID' => '1',
  'S_CANTIDAD_ENCUESTAS' => '10',
  'S_ACTIVO' => '1',
  'S_LOGO' => '7',
  'S_MUESTRA_VIDEO' => '0',
) 
2014-11-14 16:37:41 --> se va a extraer informacion del area  
2014-11-14 16:37:41 --> la informacion del area es array (
  'AR_ID' => '5',
  'AR_NOMBRE' => 'OTROS',
  'AR_DESCRIPCION' => 'Otros',
  'AR_C_ID' => '1',
  'AR_ACTIVO' => '1',
  'AR_ALIAS' => 'O',
  'AR_MOSTRAR_NOMBRE_PANTALLA' => '0',
) 
2014-11-14 16:37:41 --> se va a crear el turno 
2014-11-14 16:37:41 --> se creo el turno 8 del area O 

2014-11-14 16:39:15 --> get_areas 1 
2014-11-14 16:39:15 --> buscando areas del cliente 

2014-11-14 16:39:35 --> get_areas 1 
2014-11-14 16:39:35 --> buscando areas del cliente 
2014-11-14 16:39:36 --> crear el consumidor 
2014-11-14 16:39:36 --> se creo el consumidor 24022 
2014-11-14 16:39:36 --> la informacion de la sede es array (
  'S_ID' => '4',
  'S_NOMBRE' => 'OCCIDENTE',
  'S_DESCRIPCION' => 'Sedle para atender los casos de la regional occidente',
  'S_C_ID' => '1',
  'S_CANTIDAD_ENCUESTAS' => '10',
  'S_ACTIVO' => '1',
  'S_LOGO' => '7',
  'S_MUESTRA_VIDEO' => '0',
) 
2014-11-14 16:39:36 --> se va a extraer informacion del area  
2014-11-14 16:39:36 --> la informacion del area es array (
  'AR_ID' => '1',
  'AR_NOMBRE' => 'GERENCIA_DEL_SERVICIO',
  'AR_DESCRIPCION' => 'Cartas punto de venta Cartas de renuncia',
  'AR_C_ID' => '1',
  'AR_ACTIVO' => '1',
  'AR_ALIAS' => 'GS',
  'AR_MOSTRAR_NOMBRE_PANTALLA' => '0',
) 
2014-11-14 16:39:36 --> se va a crear el turno 
2014-11-14 16:39:36 --> se creo el turno 6 del area GS 

2014-11-14 16:40:26 --> get_areas 1 
2014-11-14 16:40:26 --> buscando areas del cliente 
2014-11-14 16:40:35 --> crear el consumidor 
2014-11-14 16:40:35 --> se creo el consumidor 24023 
2014-11-14 16:40:35 --> la informacion de la sede es array (
  'S_ID' => '3',
  'S_NOMBRE' => 'NORTE',
  'S_DESCRIPCION' => 'Sede para atender los casos de la regional norte',
  'S_C_ID' => '1',
  'S_CANTIDAD_ENCUESTAS' => '10',
  'S_ACTIVO' => '1',
  'S_LOGO' => '7',
  'S_MUESTRA_VIDEO' => '0',
) 
2014-11-14 16:40:35 --> se va a extraer informacion del area  
2014-11-14 16:40:35 --> la informacion del area es array (
  'AR_ID' => '5',
  'AR_NOMBRE' => 'OTROS',
  'AR_DESCRIPCION' => 'Otros',
  'AR_C_ID' => '1',
  'AR_ACTIVO' => '1',
  'AR_ALIAS' => 'O',
  'AR_MOSTRAR_NOMBRE_PANTALLA' => '0',
) 
2014-11-14 16:40:35 --> se va a crear el turno 
2014-11-14 16:40:35 --> se creo el turno 3 del area O 

2014-11-14 16:46:20 --> get_areas 1 
2014-11-14 16:46:20 --> buscando areas del cliente 
2014-11-14 16:46:35 --> crear el consumidor 
2014-11-14 16:46:35 --> se creo el consumidor 24027 
2014-11-14 16:46:35 --> la informacion de la sede es array (
  'S_ID' => '4',
  'S_NOMBRE' => 'OCCIDENTE',
  'S_DESCRIPCION' => 'Sedle para atender los casos de la regional occidente',
  'S_C_ID' => '1',
  'S_CANTIDAD_ENCUESTAS' => '10',
  'S_ACTIVO' => '1',
  'S_LOGO' => '7',
  'S_MUESTRA_VIDEO' => '0',
) 
2014-11-14 16:46:35 --> se va a extraer informacion del area  
2014-11-14 16:46:35 --> la informacion del area es array (
  'AR_ID' => '2',
  'AR_NOMBRE' => 'APORTES',
  'AR_DESCRIPCION' => 'Pensiones Incapacidades Cesantias Cartas FNA',
  'AR_C_ID' => '1',
  'AR_ACTIVO' => '1',
  'AR_ALIAS' => 'A',
  'AR_MOSTRAR_NOMBRE_PANTALLA' => '0',
) 
2014-11-14 16:46:35 --> se va a crear el turno 
2014-11-14 16:46:35 --> se creo el turno 6 del area A 

2014-11-14 17:15:02 --> get_areas 1 
2014-11-14 17:15:02 --> buscando areas del cliente 
2014-11-14 17:15:13 --> crear el consumidor 
2014-11-14 17:15:13 --> se creo el consumidor 24031 
2014-11-14 17:15:13 --> la informacion de la sede es array (
  'S_ID' => '3',
  'S_NOMBRE' => 'NORTE',
  'S_DESCRIPCION' => 'Sede para atender los casos de la regional norte',
  'S_C_ID' => '1',
  'S_CANTIDAD_ENCUESTAS' => '10',
  'S_ACTIVO' => '1',
  'S_LOGO' => '7',
  'S_MUESTRA_VIDEO' => '0',
) 
2014-11-14 17:15:13 --> se va a extraer informacion del area  
2014-11-14 17:15:13 --> la informacion del area es array (
  'AR_ID' => '1',
  'AR_NOMBRE' => 'GERENCIA_DEL_SERVICIO',
  'AR_DESCRIPCION' => 'Cartas punto de venta Cartas de renuncia',
  'AR_C_ID' => '1',
  'AR_ACTIVO' => '1',
  'AR_ALIAS' => 'GS',
  'AR_MOSTRAR_NOMBRE_PANTALLA' => '0',
) 
2014-11-14 17:15:13 --> se va a crear el turno 
2014-11-14 17:15:13 --> se creo el turno 4 del area GS 

2014-11-14 17:37:26 --> get_areas 1 
2014-11-14 17:37:26 --> buscando areas del cliente 
