
2014-07-09 08:04:42 --> get_areas 1 
2014-07-09 08:04:42 --> buscando areas del cliente 

2014-07-09 08:06:16 --> get_areas 1 
2014-07-09 08:06:16 --> buscando areas del cliente 
2014-07-09 08:06:25 --> crear el consumidor 
2014-07-09 08:06:25 --> se creo el consumidor 7405 
2014-07-09 08:06:25 --> la informacion de la sede es array (
  'S_ID' => '3',
  'S_NOMBRE' => 'NORTE',
  'S_DESCRIPCION' => 'Sede para atender los casos de la regional norte',
  'S_C_ID' => '1',
  'S_CANTIDAD_ENCUESTAS' => '10',
  'S_ACTIVO' => '1',
  'S_LOGO' => '7',
  'S_MUESTRA_VIDEO' => '0',
) 
2014-07-09 08:06:25 --> se va a extraer informacion del area  
2014-07-09 08:06:25 --> la informacion del area es array (
  'AR_ID' => '1',
  'AR_NOMBRE' => 'GERENCIA_DEL_SERVICIO',
  'AR_DESCRIPCION' => 'Cartas de ingreso al punto de venta',
  'AR_C_ID' => '1',
  'AR_ACTIVO' => '1',
  'AR_ALIAS' => 'GS',
  'AR_MOSTRAR_NOMBRE_PANTALLA' => '0',
) 
2014-07-09 08:06:25 --> se va a crear el turno 
2014-07-09 08:06:25 --> se creo el turno 1 del area GS 

2014-07-09 08:18:13 --> get_areas 1 
2014-07-09 08:18:13 --> buscando areas del cliente 
2014-07-09 08:18:19 --> crear el consumidor 
2014-07-09 08:18:20 --> se creo el consumidor 7408 
2014-07-09 08:18:20 --> la informacion de la sede es array (
  'S_ID' => '3',
  'S_NOMBRE' => 'NORTE',
  'S_DESCRIPCION' => 'Sede para atender los casos de la regional norte',
  'S_C_ID' => '1',
  'S_CANTIDAD_ENCUESTAS' => '10',
  'S_ACTIVO' => '1',
  'S_LOGO' => '7',
  'S_MUESTRA_VIDEO' => '0',
) 
2014-07-09 08:18:20 --> se va a extraer informacion del area  
2014-07-09 08:18:20 --> la informacion del area es array (
  'AR_ID' => '2',
  'AR_NOMBRE' => 'APORTES',
  'AR_DESCRIPCION' => 'Pensiones Incapacidades Cesantias Cartas FNA',
  'AR_C_ID' => '1',
  'AR_ACTIVO' => '1',
  'AR_ALIAS' => 'A',
  'AR_MOSTRAR_NOMBRE_PANTALLA' => '0',
) 
2014-07-09 08:18:20 --> se va a crear el turno 
2014-07-09 08:18:20 --> se creo el turno 1 del area A 

2014-07-09 08:33:55 --> get_areas 1 
2014-07-09 08:33:55 --> buscando areas del cliente 
2014-07-09 08:34:19 --> crear el consumidor 
2014-07-09 08:34:22 --> se creo el consumidor 7416 
2014-07-09 08:34:22 --> la informacion de la sede es array (
  'S_ID' => '4',
  'S_NOMBRE' => 'OCCIDENTE',
  'S_DESCRIPCION' => 'Sedle para atender los casos de la regional occidente',
  'S_C_ID' => '1',
  'S_CANTIDAD_ENCUESTAS' => '10',
  'S_ACTIVO' => '1',
  'S_LOGO' => '7',
  'S_MUESTRA_VIDEO' => '0',
) 
2014-07-09 08:34:22 --> se va a extraer informacion del area  
2014-07-09 08:34:22 --> la informacion del area es array (
  'AR_ID' => '3',
  'AR_NOMBRE' => 'SEGUIMIENTO_AL_SERVICIO',
  'AR_DESCRIPCION' => 'Certificados laborales Solicitudes Quejas Rec',
  'AR_C_ID' => '1',
  'AR_ACTIVO' => '1',
  'AR_ALIAS' => 'SAS',
  'AR_MOSTRAR_NOMBRE_PANTALLA' => '0',
) 
2014-07-09 08:34:22 --> se va a crear el turno 
2014-07-09 08:34:22 --> se creo el turno 1 del area SAS 

2014-07-09 09:09:15 --> get_areas 1 
2014-07-09 09:09:15 --> buscando areas del cliente 
2014-07-09 09:09:30 --> crear el consumidor 
2014-07-09 09:09:30 --> se creo el consumidor 7432 
2014-07-09 09:09:30 --> la informacion de la sede es array (
  'S_ID' => '5',
  'S_NOMBRE' => 'ORIENTE',
  'S_DESCRIPCION' => 'Sede para gestionar los casos de la regional Oriente',
  'S_C_ID' => '1',
  'S_CANTIDAD_ENCUESTAS' => '10',
  'S_ACTIVO' => '1',
  'S_LOGO' => '1',
  'S_MUESTRA_VIDEO' => '0',
) 
2014-07-09 09:09:30 --> se va a extraer informacion del area  
2014-07-09 09:09:30 --> la informacion del area es array (
  'AR_ID' => '8',
  'AR_NOMBRE' => 'COMPENSACION_SALARIAL',
  'AR_DESCRIPCION' => 'Informacion pago nomina y liquidaciones',
  'AR_C_ID' => '1',
  'AR_ACTIVO' => '1',
  'AR_ALIAS' => 'Comp',
  'AR_MOSTRAR_NOMBRE_PANTALLA' => '0',
) 
2014-07-09 09:09:30 --> se va a crear el turno 
2014-07-09 09:09:30 --> se creo el turno 1 del area Comp 

2014-07-09 10:13:37 --> get_areas 1 
2014-07-09 10:13:37 --> buscando areas del cliente 

2014-07-09 10:44:19 --> get_areas 1 
2014-07-09 10:44:19 --> buscando areas del cliente 

2014-07-09 12:01:14 --> get_areas 1 
2014-07-09 12:01:14 --> buscando areas del cliente 
2014-07-09 12:01:25 --> crear el consumidor 
2014-07-09 12:01:25 --> se creo el consumidor 7492 
2014-07-09 12:01:25 --> la informacion de la sede es array (
  'S_ID' => '4',
  'S_NOMBRE' => 'OCCIDENTE',
  'S_DESCRIPCION' => 'Sedle para atender los casos de la regional occidente',
  'S_C_ID' => '1',
  'S_CANTIDAD_ENCUESTAS' => '10',
  'S_ACTIVO' => '1',
  'S_LOGO' => '7',
  'S_MUESTRA_VIDEO' => '0',
) 
2014-07-09 12:01:25 --> se va a extraer informacion del area  
2014-07-09 12:01:25 --> la informacion del area es array (
  'AR_ID' => '3',
  'AR_NOMBRE' => 'SEGUIMIENTO_AL_SERVICIO',
  'AR_DESCRIPCION' => 'Certificados laborales Solicitudes Quejas Rec',
  'AR_C_ID' => '1',
  'AR_ACTIVO' => '1',
  'AR_ALIAS' => 'SAS',
  'AR_MOSTRAR_NOMBRE_PANTALLA' => '0',
) 
2014-07-09 12:01:25 --> se va a crear el turno 
2014-07-09 12:01:25 --> se creo el turno 8 del area SAS 

2014-07-09 12:02:31 --> get_areas 1 
2014-07-09 12:02:31 --> buscando areas del cliente 
2014-07-09 12:02:46 --> crear el consumidor 
2014-07-09 12:02:46 --> se creo el consumidor 7493 
2014-07-09 12:02:46 --> la informacion de la sede es array (
  'S_ID' => '4',
  'S_NOMBRE' => 'OCCIDENTE',
  'S_DESCRIPCION' => 'Sedle para atender los casos de la regional occidente',
  'S_C_ID' => '1',
  'S_CANTIDAD_ENCUESTAS' => '10',
  'S_ACTIVO' => '1',
  'S_LOGO' => '7',
  'S_MUESTRA_VIDEO' => '0',
) 
2014-07-09 12:02:46 --> se va a extraer informacion del area  
2014-07-09 12:02:46 --> la informacion del area es array (
  'AR_ID' => '3',
  'AR_NOMBRE' => 'SEGUIMIENTO_AL_SERVICIO',
  'AR_DESCRIPCION' => 'Certificados laborales Solicitudes Quejas Rec',
  'AR_C_ID' => '1',
  'AR_ACTIVO' => '1',
  'AR_ALIAS' => 'SAS',
  'AR_MOSTRAR_NOMBRE_PANTALLA' => '0',
) 
2014-07-09 12:02:46 --> se va a crear el turno 
2014-07-09 12:02:46 --> se creo el turno 9 del area SAS 
