
2014-09-01 07:46:14 --> get_areas 1 
2014-09-01 07:46:14 --> buscando areas del cliente 

2014-09-01 07:47:19 --> get_areas 1 
2014-09-01 07:47:19 --> buscando areas del cliente 
2014-09-01 07:47:37 --> crear el consumidor 
2014-09-01 07:47:37 --> se creo el consumidor 15414 
2014-09-01 07:47:37 --> la informacion de la sede es array (
  'S_ID' => '2',
  'S_NOMBRE' => 'CENTRO',
  'S_DESCRIPCION' => 'Sede para atender los casos de la regional centro',
  'S_C_ID' => '1',
  'S_CANTIDAD_ENCUESTAS' => '10',
  'S_ACTIVO' => '1',
  'S_LOGO' => '7',
  'S_MUESTRA_VIDEO' => '0',
) 
2014-09-01 07:47:37 --> se va a extraer informacion del area  
2014-09-01 07:47:37 --> la informacion del area es array (
  'AR_ID' => '2',
  'AR_NOMBRE' => 'APORTES',
  'AR_DESCRIPCION' => 'Pensiones Incapacidades Cesantias Cartas FNA',
  'AR_C_ID' => '1',
  'AR_ACTIVO' => '1',
  'AR_ALIAS' => 'A',
  'AR_MOSTRAR_NOMBRE_PANTALLA' => '0',
) 
2014-09-01 07:47:37 --> se va a crear el turno 
2014-09-01 07:47:37 --> se creo el turno 1 del area A 

2014-09-01 08:00:46 --> get_areas 1 
2014-09-01 08:00:46 --> buscando areas del cliente 
2014-09-01 08:00:49 --> crear el consumidor 
2014-09-01 08:00:52 --> se creo el consumidor 15421 
2014-09-01 08:00:52 --> la informacion de la sede es array (
  'S_ID' => '5',
  'S_NOMBRE' => 'ORIENTE',
  'S_DESCRIPCION' => 'Sede para gestionar los casos de la regional Oriente',
  'S_C_ID' => '1',
  'S_CANTIDAD_ENCUESTAS' => '10',
  'S_ACTIVO' => '1',
  'S_LOGO' => '7',
  'S_MUESTRA_VIDEO' => '0',
) 
2014-09-01 08:00:52 --> se va a extraer informacion del area  
2014-09-01 08:00:52 --> la informacion del area es array (
  'AR_ID' => '1',
  'AR_NOMBRE' => 'GERENCIA_DEL_SERVICIO',
  'AR_DESCRIPCION' => 'Cartas punto de venta Cartas de renuncia',
  'AR_C_ID' => '1',
  'AR_ACTIVO' => '1',
  'AR_ALIAS' => 'GS',
  'AR_MOSTRAR_NOMBRE_PANTALLA' => '0',
) 
2014-09-01 08:00:52 --> se va a crear el turno 
2014-09-01 08:00:52 --> se creo el turno 3 del area GS 

2014-09-01 08:04:46 --> get_areas 1 
2014-09-01 08:04:46 --> buscando areas del cliente 
2014-09-01 08:05:07 --> crear el consumidor 
2014-09-01 08:05:07 --> se creo el consumidor 15422 
2014-09-01 08:05:07 --> la informacion de la sede es array (
  'S_ID' => '2',
  'S_NOMBRE' => 'CENTRO',
  'S_DESCRIPCION' => 'Sede para atender los casos de la regional centro',
  'S_C_ID' => '1',
  'S_CANTIDAD_ENCUESTAS' => '10',
  'S_ACTIVO' => '1',
  'S_LOGO' => '7',
  'S_MUESTRA_VIDEO' => '0',
) 
2014-09-01 08:05:07 --> se va a extraer informacion del area  
2014-09-01 08:05:07 --> la informacion del area es array (
  'AR_ID' => '2',
  'AR_NOMBRE' => 'APORTES',
  'AR_DESCRIPCION' => 'Pensiones Incapacidades Cesantias Cartas FNA',
  'AR_C_ID' => '1',
  'AR_ACTIVO' => '1',
  'AR_ALIAS' => 'A',
  'AR_MOSTRAR_NOMBRE_PANTALLA' => '0',
) 
2014-09-01 08:05:07 --> se va a crear el turno 
2014-09-01 08:05:07 --> se creo el turno 2 del area A 

2014-09-01 08:39:26 --> get_areas 1 
2014-09-01 08:39:26 --> buscando areas del cliente 
2014-09-01 08:39:44 --> crear el consumidor 
2014-09-01 08:39:44 --> se creo el consumidor 15441 
2014-09-01 08:39:44 --> la informacion de la sede es array (
  'S_ID' => '4',
  'S_NOMBRE' => 'OCCIDENTE',
  'S_DESCRIPCION' => 'Sedle para atender los casos de la regional occidente',
  'S_C_ID' => '1',
  'S_CANTIDAD_ENCUESTAS' => '10',
  'S_ACTIVO' => '1',
  'S_LOGO' => '7',
  'S_MUESTRA_VIDEO' => '0',
) 
2014-09-01 08:39:44 --> se va a extraer informacion del area  
2014-09-01 08:39:44 --> la informacion del area es array (
  'AR_ID' => '8',
  'AR_NOMBRE' => 'COMPENSACION_SALARIAL',
  'AR_DESCRIPCION' => 'Informacion pago nomina y liquidaciones',
  'AR_C_ID' => '1',
  'AR_ACTIVO' => '1',
  'AR_ALIAS' => 'CS',
  'AR_MOSTRAR_NOMBRE_PANTALLA' => '0',
) 
2014-09-01 08:39:44 --> se va a crear el turno 
2014-09-01 08:39:44 --> se creo el turno 1 del area CS 

2014-09-01 08:45:56 --> get_areas 1 
2014-09-01 08:45:56 --> buscando areas del cliente 
2014-09-01 08:46:12 --> crear el consumidor 
2014-09-01 08:46:13 --> se creo el consumidor 15445 
2014-09-01 08:46:13 --> la informacion de la sede es array (
  'S_ID' => '4',
  'S_NOMBRE' => 'OCCIDENTE',
  'S_DESCRIPCION' => 'Sedle para atender los casos de la regional occidente',
  'S_C_ID' => '1',
  'S_CANTIDAD_ENCUESTAS' => '10',
  'S_ACTIVO' => '1',
  'S_LOGO' => '7',
  'S_MUESTRA_VIDEO' => '0',
) 
2014-09-01 08:46:13 --> se va a extraer informacion del area  
2014-09-01 08:46:13 --> la informacion del area es array (
  'AR_ID' => '2',
  'AR_NOMBRE' => 'APORTES',
  'AR_DESCRIPCION' => 'Pensiones Incapacidades Cesantias Cartas FNA',
  'AR_C_ID' => '1',
  'AR_ACTIVO' => '1',
  'AR_ALIAS' => 'A',
  'AR_MOSTRAR_NOMBRE_PANTALLA' => '0',
) 
2014-09-01 08:46:13 --> se va a crear el turno 
2014-09-01 08:46:13 --> se creo el turno 1 del area A 

2014-09-01 08:46:54 --> get_areas 1 
2014-09-01 08:46:54 --> buscando areas del cliente 
2014-09-01 08:47:11 --> crear el consumidor 
2014-09-01 08:47:11 --> se creo el consumidor 15446 
2014-09-01 08:47:11 --> la informacion de la sede es array (
  'S_ID' => '4',
  'S_NOMBRE' => 'OCCIDENTE',
  'S_DESCRIPCION' => 'Sedle para atender los casos de la regional occidente',
  'S_C_ID' => '1',
  'S_CANTIDAD_ENCUESTAS' => '10',
  'S_ACTIVO' => '1',
  'S_LOGO' => '7',
  'S_MUESTRA_VIDEO' => '0',
) 
2014-09-01 08:47:11 --> se va a extraer informacion del area  
2014-09-01 08:47:11 --> la informacion del area es array (
  'AR_ID' => '5',
  'AR_NOMBRE' => 'OTROS',
  'AR_DESCRIPCION' => 'Otros',
  'AR_C_ID' => '1',
  'AR_ACTIVO' => '1',
  'AR_ALIAS' => 'O',
  'AR_MOSTRAR_NOMBRE_PANTALLA' => '0',
) 
2014-09-01 08:47:11 --> se va a crear el turno 
2014-09-01 08:47:11 --> se creo el turno 1 del area O 

2014-09-01 08:58:00 --> get_areas 1 
2014-09-01 08:58:00 --> buscando areas del cliente 
2014-09-01 08:58:16 --> crear el consumidor 
2014-09-01 08:58:16 --> se creo el consumidor 15451 
2014-09-01 08:58:16 --> la informacion de la sede es array (
  'S_ID' => '4',
  'S_NOMBRE' => 'OCCIDENTE',
  'S_DESCRIPCION' => 'Sedle para atender los casos de la regional occidente',
  'S_C_ID' => '1',
  'S_CANTIDAD_ENCUESTAS' => '10',
  'S_ACTIVO' => '1',
  'S_LOGO' => '7',
  'S_MUESTRA_VIDEO' => '0',
) 
2014-09-01 08:58:16 --> se va a extraer informacion del area  
2014-09-01 08:58:16 --> la informacion del area es array (
  'AR_ID' => '2',
  'AR_NOMBRE' => 'APORTES',
  'AR_DESCRIPCION' => 'Pensiones Incapacidades Cesantias Cartas FNA',
  'AR_C_ID' => '1',
  'AR_ACTIVO' => '1',
  'AR_ALIAS' => 'A',
  'AR_MOSTRAR_NOMBRE_PANTALLA' => '0',
) 
2014-09-01 08:58:16 --> se va a crear el turno 
2014-09-01 08:58:16 --> se creo el turno 2 del area A 

2014-09-01 09:04:20 --> get_areas 1 
2014-09-01 09:04:20 --> buscando areas del cliente 

2014-09-01 09:05:24 --> get_areas 1 
2014-09-01 09:05:24 --> buscando areas del cliente 
2014-09-01 09:05:30 --> crear el consumidor 
2014-09-01 09:05:30 --> se creo el consumidor 15452 
2014-09-01 09:05:30 --> la informacion de la sede es array (
  'S_ID' => '3',
  'S_NOMBRE' => 'NORTE',
  'S_DESCRIPCION' => 'Sede para atender los casos de la regional norte',
  'S_C_ID' => '1',
  'S_CANTIDAD_ENCUESTAS' => '10',
  'S_ACTIVO' => '1',
  'S_LOGO' => '7',
  'S_MUESTRA_VIDEO' => '0',
) 
2014-09-01 09:05:30 --> se va a extraer informacion del area  
2014-09-01 09:05:30 --> la informacion del area es array (
  'AR_ID' => '2',
  'AR_NOMBRE' => 'APORTES',
  'AR_DESCRIPCION' => 'Pensiones Incapacidades Cesantias Cartas FNA',
  'AR_C_ID' => '1',
  'AR_ACTIVO' => '1',
  'AR_ALIAS' => 'A',
  'AR_MOSTRAR_NOMBRE_PANTALLA' => '0',
) 
2014-09-01 09:05:30 --> se va a crear el turno 
2014-09-01 09:05:30 --> se creo el turno 1 del area A 

2014-09-01 09:15:07 --> get_areas 1 
2014-09-01 09:15:07 --> buscando areas del cliente 
2014-09-01 09:15:15 --> crear el consumidor 
2014-09-01 09:15:15 --> se creo el consumidor 15453 
2014-09-01 09:15:15 --> la informacion de la sede es array (
  'S_ID' => '3',
  'S_NOMBRE' => 'NORTE',
  'S_DESCRIPCION' => 'Sede para atender los casos de la regional norte',
  'S_C_ID' => '1',
  'S_CANTIDAD_ENCUESTAS' => '10',
  'S_ACTIVO' => '1',
  'S_LOGO' => '7',
  'S_MUESTRA_VIDEO' => '0',
) 
2014-09-01 09:15:15 --> se va a extraer informacion del area  
2014-09-01 09:15:15 --> la informacion del area es array (
  'AR_ID' => '2',
  'AR_NOMBRE' => 'APORTES',
  'AR_DESCRIPCION' => 'Pensiones Incapacidades Cesantias Cartas FNA',
  'AR_C_ID' => '1',
  'AR_ACTIVO' => '1',
  'AR_ALIAS' => 'A',
  'AR_MOSTRAR_NOMBRE_PANTALLA' => '0',
) 
2014-09-01 09:15:15 --> se va a crear el turno 
2014-09-01 09:15:15 --> se creo el turno 2 del area A 

2014-09-01 09:20:30 --> get_areas 1 
2014-09-01 09:20:30 --> buscando areas del cliente 
2014-09-01 09:20:43 --> crear el consumidor 
2014-09-01 09:20:43 --> se creo el consumidor 15454 
2014-09-01 09:20:43 --> la informacion de la sede es array (
  'S_ID' => '3',
  'S_NOMBRE' => 'NORTE',
  'S_DESCRIPCION' => 'Sede para atender los casos de la regional norte',
  'S_C_ID' => '1',
  'S_CANTIDAD_ENCUESTAS' => '10',
  'S_ACTIVO' => '1',
  'S_LOGO' => '7',
  'S_MUESTRA_VIDEO' => '0',
) 
2014-09-01 09:20:43 --> se va a extraer informacion del area  
2014-09-01 09:20:43 --> la informacion del area es array (
  'AR_ID' => '2',
  'AR_NOMBRE' => 'APORTES',
  'AR_DESCRIPCION' => 'Pensiones Incapacidades Cesantias Cartas FNA',
  'AR_C_ID' => '1',
  'AR_ACTIVO' => '1',
  'AR_ALIAS' => 'A',
  'AR_MOSTRAR_NOMBRE_PANTALLA' => '0',
) 
2014-09-01 09:20:43 --> se va a crear el turno 
2014-09-01 09:20:43 --> se creo el turno 3 del area A 

2014-09-01 09:21:30 --> get_areas 1 
2014-09-01 09:21:30 --> buscando areas del cliente 
2014-09-01 09:21:38 --> crear el consumidor 
2014-09-01 09:21:38 --> se creo el consumidor 15455 
2014-09-01 09:21:38 --> la informacion de la sede es array (
  'S_ID' => '3',
  'S_NOMBRE' => 'NORTE',
  'S_DESCRIPCION' => 'Sede para atender los casos de la regional norte',
  'S_C_ID' => '1',
  'S_CANTIDAD_ENCUESTAS' => '10',
  'S_ACTIVO' => '1',
  'S_LOGO' => '7',
  'S_MUESTRA_VIDEO' => '0',
) 
2014-09-01 09:21:38 --> se va a extraer informacion del area  
2014-09-01 09:21:38 --> la informacion del area es array (
  'AR_ID' => '2',
  'AR_NOMBRE' => 'APORTES',
  'AR_DESCRIPCION' => 'Pensiones Incapacidades Cesantias Cartas FNA',
  'AR_C_ID' => '1',
  'AR_ACTIVO' => '1',
  'AR_ALIAS' => 'A',
  'AR_MOSTRAR_NOMBRE_PANTALLA' => '0',
) 
2014-09-01 09:21:38 --> se va a crear el turno 
2014-09-01 09:21:38 --> se creo el turno 4 del area A 

2014-09-01 09:22:53 --> get_areas 1 
2014-09-01 09:22:53 --> buscando areas del cliente 
2014-09-01 09:22:59 --> crear el consumidor 
2014-09-01 09:22:59 --> se creo el consumidor 15456 
2014-09-01 09:22:59 --> la informacion de la sede es array (
  'S_ID' => '3',
  'S_NOMBRE' => 'NORTE',
  'S_DESCRIPCION' => 'Sede para atender los casos de la regional norte',
  'S_C_ID' => '1',
  'S_CANTIDAD_ENCUESTAS' => '10',
  'S_ACTIVO' => '1',
  'S_LOGO' => '7',
  'S_MUESTRA_VIDEO' => '0',
) 
2014-09-01 09:22:59 --> se va a extraer informacion del area  
2014-09-01 09:22:59 --> la informacion del area es array (
  'AR_ID' => '2',
  'AR_NOMBRE' => 'APORTES',
  'AR_DESCRIPCION' => 'Pensiones Incapacidades Cesantias Cartas FNA',
  'AR_C_ID' => '1',
  'AR_ACTIVO' => '1',
  'AR_ALIAS' => 'A',
  'AR_MOSTRAR_NOMBRE_PANTALLA' => '0',
) 
2014-09-01 09:22:59 --> se va a crear el turno 
2014-09-01 09:22:59 --> se creo el turno 5 del area A 

2014-09-01 09:28:19 --> get_areas 1 
2014-09-01 09:28:19 --> buscando areas del cliente 

2014-09-01 09:29:39 --> get_areas 1 
2014-09-01 09:29:39 --> buscando areas del cliente 
2014-09-01 09:29:53 --> crear el consumidor 
2014-09-01 09:29:53 --> se creo el consumidor 15457 
2014-09-01 09:29:53 --> la informacion de la sede es array (
  'S_ID' => '4',
  'S_NOMBRE' => 'OCCIDENTE',
  'S_DESCRIPCION' => 'Sedle para atender los casos de la regional occidente',
  'S_C_ID' => '1',
  'S_CANTIDAD_ENCUESTAS' => '10',
  'S_ACTIVO' => '1',
  'S_LOGO' => '7',
  'S_MUESTRA_VIDEO' => '0',
) 
2014-09-01 09:29:53 --> se va a extraer informacion del area  
2014-09-01 09:29:53 --> la informacion del area es array (
  'AR_ID' => '5',
  'AR_NOMBRE' => 'OTROS',
  'AR_DESCRIPCION' => 'Otros',
  'AR_C_ID' => '1',
  'AR_ACTIVO' => '1',
  'AR_ALIAS' => 'O',
  'AR_MOSTRAR_NOMBRE_PANTALLA' => '0',
) 
2014-09-01 09:29:53 --> se va a crear el turno 
2014-09-01 09:29:53 --> se creo el turno 2 del area O 

2014-09-01 09:29:56 --> get_areas 1 
2014-09-01 09:29:56 --> buscando areas del cliente 
2014-09-01 09:30:05 --> crear el consumidor 
2014-09-01 09:30:05 --> se creo el consumidor 15459 
2014-09-01 09:30:05 --> la informacion de la sede es array (
  'S_ID' => '3',
  'S_NOMBRE' => 'NORTE',
  'S_DESCRIPCION' => 'Sede para atender los casos de la regional norte',
  'S_C_ID' => '1',
  'S_CANTIDAD_ENCUESTAS' => '10',
  'S_ACTIVO' => '1',
  'S_LOGO' => '7',
  'S_MUESTRA_VIDEO' => '0',
) 
2014-09-01 09:30:05 --> se va a extraer informacion del area  
2014-09-01 09:30:05 --> la informacion del area es array (
  'AR_ID' => '2',
  'AR_NOMBRE' => 'APORTES',
  'AR_DESCRIPCION' => 'Pensiones Incapacidades Cesantias Cartas FNA',
  'AR_C_ID' => '1',
  'AR_ACTIVO' => '1',
  'AR_ALIAS' => 'A',
  'AR_MOSTRAR_NOMBRE_PANTALLA' => '0',
) 
2014-09-01 09:30:05 --> se va a crear el turno 
2014-09-01 09:30:05 --> se creo el turno 6 del area A 

2014-09-01 09:35:24 --> get_areas 1 
2014-09-01 09:35:24 --> buscando areas del cliente 

2014-09-01 09:41:34 --> get_areas 1 
2014-09-01 09:41:34 --> buscando areas del cliente 
2014-09-01 09:41:51 --> crear el consumidor 
2014-09-01 09:41:51 --> se creo el consumidor 15461 
2014-09-01 09:41:51 --> la informacion de la sede es array (
  'S_ID' => '3',
  'S_NOMBRE' => 'NORTE',
  'S_DESCRIPCION' => 'Sede para atender los casos de la regional norte',
  'S_C_ID' => '1',
  'S_CANTIDAD_ENCUESTAS' => '10',
  'S_ACTIVO' => '1',
  'S_LOGO' => '7',
  'S_MUESTRA_VIDEO' => '0',
) 
2014-09-01 09:41:51 --> se va a extraer informacion del area  
2014-09-01 09:41:51 --> la informacion del area es array (
  'AR_ID' => '8',
  'AR_NOMBRE' => 'COMPENSACION_SALARIAL',
  'AR_DESCRIPCION' => 'Informacion pago nomina y liquidaciones',
  'AR_C_ID' => '1',
  'AR_ACTIVO' => '1',
  'AR_ALIAS' => 'CS',
  'AR_MOSTRAR_NOMBRE_PANTALLA' => '0',
) 
2014-09-01 09:41:51 --> se va a crear el turno 
2014-09-01 09:41:51 --> se creo el turno 2 del area CS 

2014-09-01 09:44:59 --> get_areas 1 
2014-09-01 09:44:59 --> buscando areas del cliente 
2014-09-01 09:45:27 --> crear el consumidor 
2014-09-01 09:45:27 --> se creo el consumidor 15463 
2014-09-01 09:45:27 --> la informacion de la sede es array (
  'S_ID' => '4',
  'S_NOMBRE' => 'OCCIDENTE',
  'S_DESCRIPCION' => 'Sedle para atender los casos de la regional occidente',
  'S_C_ID' => '1',
  'S_CANTIDAD_ENCUESTAS' => '10',
  'S_ACTIVO' => '1',
  'S_LOGO' => '7',
  'S_MUESTRA_VIDEO' => '0',
) 
2014-09-01 09:45:27 --> se va a extraer informacion del area  
2014-09-01 09:45:27 --> la informacion del area es array (
  'AR_ID' => '2',
  'AR_NOMBRE' => 'APORTES',
  'AR_DESCRIPCION' => 'Pensiones Incapacidades Cesantias Cartas FNA',
  'AR_C_ID' => '1',
  'AR_ACTIVO' => '1',
  'AR_ALIAS' => 'A',
  'AR_MOSTRAR_NOMBRE_PANTALLA' => '0',
) 
2014-09-01 09:45:27 --> se va a crear el turno 
2014-09-01 09:45:27 --> se creo el turno 3 del area A 

2014-09-01 09:50:08 --> get_areas 1 
2014-09-01 09:50:08 --> buscando areas del cliente 
2014-09-01 09:50:24 --> crear el consumidor 
2014-09-01 09:50:24 --> se creo el consumidor 15468 
2014-09-01 09:50:24 --> la informacion de la sede es array (
  'S_ID' => '4',
  'S_NOMBRE' => 'OCCIDENTE',
  'S_DESCRIPCION' => 'Sedle para atender los casos de la regional occidente',
  'S_C_ID' => '1',
  'S_CANTIDAD_ENCUESTAS' => '10',
  'S_ACTIVO' => '1',
  'S_LOGO' => '7',
  'S_MUESTRA_VIDEO' => '0',
) 
2014-09-01 09:50:24 --> se va a extraer informacion del area  
2014-09-01 09:50:24 --> la informacion del area es array (
  'AR_ID' => '2',
  'AR_NOMBRE' => 'APORTES',
  'AR_DESCRIPCION' => 'Pensiones Incapacidades Cesantias Cartas FNA',
  'AR_C_ID' => '1',
  'AR_ACTIVO' => '1',
  'AR_ALIAS' => 'A',
  'AR_MOSTRAR_NOMBRE_PANTALLA' => '0',
) 
2014-09-01 09:50:24 --> se va a crear el turno 
2014-09-01 09:50:24 --> se creo el turno 4 del area A 

2014-09-01 09:55:17 --> get_areas 1 
2014-09-01 09:55:17 --> buscando areas del cliente 
2014-09-01 09:55:50 --> crear el consumidor 
2014-09-01 09:55:50 --> se creo el consumidor 15471 
2014-09-01 09:55:50 --> la informacion de la sede es array (
  'S_ID' => '3',
  'S_NOMBRE' => 'NORTE',
  'S_DESCRIPCION' => 'Sede para atender los casos de la regional norte',
  'S_C_ID' => '1',
  'S_CANTIDAD_ENCUESTAS' => '10',
  'S_ACTIVO' => '1',
  'S_LOGO' => '7',
  'S_MUESTRA_VIDEO' => '0',
) 
2014-09-01 09:55:50 --> se va a extraer informacion del area  
2014-09-01 09:55:50 --> la informacion del area es array (
  'AR_ID' => '2',
  'AR_NOMBRE' => 'APORTES',
  'AR_DESCRIPCION' => 'Pensiones Incapacidades Cesantias Cartas FNA',
  'AR_C_ID' => '1',
  'AR_ACTIVO' => '1',
  'AR_ALIAS' => 'A',
  'AR_MOSTRAR_NOMBRE_PANTALLA' => '0',
) 
2014-09-01 09:55:50 --> se va a crear el turno 
2014-09-01 09:55:50 --> se creo el turno 7 del area A 

2014-09-01 10:09:35 --> get_areas 1 
2014-09-01 10:09:35 --> buscando areas del cliente 
2014-09-01 10:09:49 --> crear el consumidor 
2014-09-01 10:09:49 --> se creo el consumidor 15479 
2014-09-01 10:09:49 --> la informacion de la sede es array (
  'S_ID' => '4',
  'S_NOMBRE' => 'OCCIDENTE',
  'S_DESCRIPCION' => 'Sedle para atender los casos de la regional occidente',
  'S_C_ID' => '1',
  'S_CANTIDAD_ENCUESTAS' => '10',
  'S_ACTIVO' => '1',
  'S_LOGO' => '7',
  'S_MUESTRA_VIDEO' => '0',
) 
2014-09-01 10:09:49 --> se va a extraer informacion del area  
2014-09-01 10:09:49 --> la informacion del area es array (
  'AR_ID' => '2',
  'AR_NOMBRE' => 'APORTES',
  'AR_DESCRIPCION' => 'Pensiones Incapacidades Cesantias Cartas FNA',
  'AR_C_ID' => '1',
  'AR_ACTIVO' => '1',
  'AR_ALIAS' => 'A',
  'AR_MOSTRAR_NOMBRE_PANTALLA' => '0',
) 
2014-09-01 10:09:49 --> se va a crear el turno 
2014-09-01 10:09:49 --> se creo el turno 5 del area A 

2014-09-01 10:10:35 --> get_areas 1 
2014-09-01 10:10:35 --> buscando areas del cliente 
2014-09-01 10:10:50 --> crear el consumidor 
2014-09-01 10:10:52 --> se creo el consumidor 15480 
2014-09-01 10:10:52 --> la informacion de la sede es array (
  'S_ID' => '2',
  'S_NOMBRE' => 'CENTRO',
  'S_DESCRIPCION' => 'Sede para atender los casos de la regional centro',
  'S_C_ID' => '1',
  'S_CANTIDAD_ENCUESTAS' => '10',
  'S_ACTIVO' => '1',
  'S_LOGO' => '7',
  'S_MUESTRA_VIDEO' => '0',
) 
2014-09-01 10:10:52 --> se va a extraer informacion del area  
2014-09-01 10:10:52 --> la informacion del area es array (
  'AR_ID' => '2',
  'AR_NOMBRE' => 'APORTES',
  'AR_DESCRIPCION' => 'Pensiones Incapacidades Cesantias Cartas FNA',
  'AR_C_ID' => '1',
  'AR_ACTIVO' => '1',
  'AR_ALIAS' => 'A',
  'AR_MOSTRAR_NOMBRE_PANTALLA' => '0',
) 
2014-09-01 10:10:52 --> se va a crear el turno 
2014-09-01 10:10:52 --> se creo el turno 9 del area A 

2014-09-01 10:11:08 --> get_areas 1 
2014-09-01 10:11:08 --> buscando areas del cliente 
2014-09-01 10:11:21 --> crear el consumidor 
2014-09-01 10:11:21 --> se creo el consumidor 15481 
2014-09-01 10:11:21 --> la informacion de la sede es array (
  'S_ID' => '3',
  'S_NOMBRE' => 'NORTE',
  'S_DESCRIPCION' => 'Sede para atender los casos de la regional norte',
  'S_C_ID' => '1',
  'S_CANTIDAD_ENCUESTAS' => '10',
  'S_ACTIVO' => '1',
  'S_LOGO' => '7',
  'S_MUESTRA_VIDEO' => '0',
) 
2014-09-01 10:11:21 --> se va a extraer informacion del area  
2014-09-01 10:11:21 --> la informacion del area es array (
  'AR_ID' => '2',
  'AR_NOMBRE' => 'APORTES',
  'AR_DESCRIPCION' => 'Pensiones Incapacidades Cesantias Cartas FNA',
  'AR_C_ID' => '1',
  'AR_ACTIVO' => '1',
  'AR_ALIAS' => 'A',
  'AR_MOSTRAR_NOMBRE_PANTALLA' => '0',
) 
2014-09-01 10:11:21 --> se va a crear el turno 
2014-09-01 10:11:21 --> se creo el turno 8 del area A 

2014-09-01 10:20:04 --> get_areas 1 
2014-09-01 10:20:04 --> buscando areas del cliente 

2014-09-01 10:20:08 --> get_areas 1 
2014-09-01 10:20:08 --> buscando areas del cliente 
2014-09-01 10:20:18 --> crear el consumidor 
2014-09-01 10:20:18 --> se creo el consumidor 15488 
2014-09-01 10:20:18 --> la informacion de la sede es array (
  'S_ID' => '3',
  'S_NOMBRE' => 'NORTE',
  'S_DESCRIPCION' => 'Sede para atender los casos de la regional norte',
  'S_C_ID' => '1',
  'S_CANTIDAD_ENCUESTAS' => '10',
  'S_ACTIVO' => '1',
  'S_LOGO' => '7',
  'S_MUESTRA_VIDEO' => '0',
) 
2014-09-01 10:20:18 --> se va a extraer informacion del area  
2014-09-01 10:20:18 --> la informacion del area es array (
  'AR_ID' => '1',
  'AR_NOMBRE' => 'GERENCIA_DEL_SERVICIO',
  'AR_DESCRIPCION' => 'Cartas punto de venta Cartas de renuncia',
  'AR_C_ID' => '1',
  'AR_ACTIVO' => '1',
  'AR_ALIAS' => 'GS',
  'AR_MOSTRAR_NOMBRE_PANTALLA' => '0',
) 
2014-09-01 10:20:18 --> se va a crear el turno 
2014-09-01 10:20:18 --> se creo el turno 2 del area GS 

2014-09-01 10:22:42 --> get_areas 1 
2014-09-01 10:22:42 --> buscando areas del cliente 
2014-09-01 10:22:58 --> crear el consumidor 
2014-09-01 10:22:58 --> se creo el consumidor 15490 
2014-09-01 10:22:58 --> la informacion de la sede es array (
  'S_ID' => '4',
  'S_NOMBRE' => 'OCCIDENTE',
  'S_DESCRIPCION' => 'Sedle para atender los casos de la regional occidente',
  'S_C_ID' => '1',
  'S_CANTIDAD_ENCUESTAS' => '10',
  'S_ACTIVO' => '1',
  'S_LOGO' => '7',
  'S_MUESTRA_VIDEO' => '0',
) 
2014-09-01 10:22:58 --> se va a extraer informacion del area  
2014-09-01 10:22:58 --> la informacion del area es array (
  'AR_ID' => '2',
  'AR_NOMBRE' => 'APORTES',
  'AR_DESCRIPCION' => 'Pensiones Incapacidades Cesantias Cartas FNA',
  'AR_C_ID' => '1',
  'AR_ACTIVO' => '1',
  'AR_ALIAS' => 'A',
  'AR_MOSTRAR_NOMBRE_PANTALLA' => '0',
) 
2014-09-01 10:22:58 --> se va a crear el turno 
2014-09-01 10:22:58 --> se creo el turno 6 del area A 

2014-09-01 10:25:00 --> get_areas 1 
2014-09-01 10:25:00 --> buscando areas del cliente 
2014-09-01 10:25:18 --> crear el consumidor 
2014-09-01 10:25:18 --> se creo el consumidor 15493 
2014-09-01 10:25:18 --> la informacion de la sede es array (
  'S_ID' => '4',
  'S_NOMBRE' => 'OCCIDENTE',
  'S_DESCRIPCION' => 'Sedle para atender los casos de la regional occidente',
  'S_C_ID' => '1',
  'S_CANTIDAD_ENCUESTAS' => '10',
  'S_ACTIVO' => '1',
  'S_LOGO' => '7',
  'S_MUESTRA_VIDEO' => '0',
) 
2014-09-01 10:25:18 --> se va a extraer informacion del area  
2014-09-01 10:25:18 --> la informacion del area es array (
  'AR_ID' => '2',
  'AR_NOMBRE' => 'APORTES',
  'AR_DESCRIPCION' => 'Pensiones Incapacidades Cesantias Cartas FNA',
  'AR_C_ID' => '1',
  'AR_ACTIVO' => '1',
  'AR_ALIAS' => 'A',
  'AR_MOSTRAR_NOMBRE_PANTALLA' => '0',
) 
2014-09-01 10:25:18 --> se va a crear el turno 
2014-09-01 10:25:18 --> se creo el turno 7 del area A 

2014-09-01 10:25:58 --> get_areas 1 
2014-09-01 10:25:58 --> buscando areas del cliente 
2014-09-01 10:26:03 --> crear el consumidor 
2014-09-01 10:26:03 --> se creo el consumidor 15495 
2014-09-01 10:26:03 --> la informacion de la sede es array (
  'S_ID' => '4',
  'S_NOMBRE' => 'OCCIDENTE',
  'S_DESCRIPCION' => 'Sedle para atender los casos de la regional occidente',
  'S_C_ID' => '1',
  'S_CANTIDAD_ENCUESTAS' => '10',
  'S_ACTIVO' => '1',
  'S_LOGO' => '7',
  'S_MUESTRA_VIDEO' => '0',
) 
2014-09-01 10:26:03 --> se va a extraer informacion del area  
2014-09-01 10:26:03 --> la informacion del area es array (
  'AR_ID' => '2',
  'AR_NOMBRE' => 'APORTES',
  'AR_DESCRIPCION' => 'Pensiones Incapacidades Cesantias Cartas FNA',
  'AR_C_ID' => '1',
  'AR_ACTIVO' => '1',
  'AR_ALIAS' => 'A',
  'AR_MOSTRAR_NOMBRE_PANTALLA' => '0',
) 
2014-09-01 10:26:03 --> se va a crear el turno 
2014-09-01 10:26:03 --> se creo el turno 8 del area A 

2014-09-01 10:26:44 --> get_areas 1 
2014-09-01 10:26:44 --> buscando areas del cliente 
2014-09-01 10:27:02 --> crear el consumidor 
2014-09-01 10:27:02 --> se creo el consumidor 15496 
2014-09-01 10:27:02 --> la informacion de la sede es array (
  'S_ID' => '3',
  'S_NOMBRE' => 'NORTE',
  'S_DESCRIPCION' => 'Sede para atender los casos de la regional norte',
  'S_C_ID' => '1',
  'S_CANTIDAD_ENCUESTAS' => '10',
  'S_ACTIVO' => '1',
  'S_LOGO' => '7',
  'S_MUESTRA_VIDEO' => '0',
) 
2014-09-01 10:27:02 --> se va a extraer informacion del area  
2014-09-01 10:27:02 --> la informacion del area es array (
  'AR_ID' => '5',
  'AR_NOMBRE' => 'OTROS',
  'AR_DESCRIPCION' => 'Otros',
  'AR_C_ID' => '1',
  'AR_ACTIVO' => '1',
  'AR_ALIAS' => 'O',
  'AR_MOSTRAR_NOMBRE_PANTALLA' => '0',
) 
2014-09-01 10:27:02 --> se va a crear el turno 
2014-09-01 10:27:02 --> se creo el turno 1 del area O 

2014-09-01 10:27:46 --> get_areas 1 
2014-09-01 10:27:46 --> buscando areas del cliente 
2014-09-01 10:27:50 --> crear el consumidor 
2014-09-01 10:27:51 --> se creo el consumidor 15497 
2014-09-01 10:27:51 --> la informacion de la sede es array (
  'S_ID' => '3',
  'S_NOMBRE' => 'NORTE',
  'S_DESCRIPCION' => 'Sede para atender los casos de la regional norte',
  'S_C_ID' => '1',
  'S_CANTIDAD_ENCUESTAS' => '10',
  'S_ACTIVO' => '1',
  'S_LOGO' => '7',
  'S_MUESTRA_VIDEO' => '0',
) 
2014-09-01 10:27:51 --> se va a extraer informacion del area  
2014-09-01 10:27:51 --> la informacion del area es array (
  'AR_ID' => '5',
  'AR_NOMBRE' => 'OTROS',
  'AR_DESCRIPCION' => 'Otros',
  'AR_C_ID' => '1',
  'AR_ACTIVO' => '1',
  'AR_ALIAS' => 'O',
  'AR_MOSTRAR_NOMBRE_PANTALLA' => '0',
) 
2014-09-01 10:27:51 --> se va a crear el turno 
2014-09-01 10:27:51 --> se creo el turno 2 del area O 

2014-09-01 10:28:30 --> get_areas 1 
2014-09-01 10:28:30 --> buscando areas del cliente 
2014-09-01 10:28:35 --> crear el consumidor 
2014-09-01 10:28:35 --> se creo el consumidor 15498 
2014-09-01 10:28:35 --> la informacion de la sede es array (
  'S_ID' => '3',
  'S_NOMBRE' => 'NORTE',
  'S_DESCRIPCION' => 'Sede para atender los casos de la regional norte',
  'S_C_ID' => '1',
  'S_CANTIDAD_ENCUESTAS' => '10',
  'S_ACTIVO' => '1',
  'S_LOGO' => '7',
  'S_MUESTRA_VIDEO' => '0',
) 
2014-09-01 10:28:35 --> se va a extraer informacion del area  
2014-09-01 10:28:35 --> la informacion del area es array (
  'AR_ID' => '5',
  'AR_NOMBRE' => 'OTROS',
  'AR_DESCRIPCION' => 'Otros',
  'AR_C_ID' => '1',
  'AR_ACTIVO' => '1',
  'AR_ALIAS' => 'O',
  'AR_MOSTRAR_NOMBRE_PANTALLA' => '0',
) 
2014-09-01 10:28:35 --> se va a crear el turno 
2014-09-01 10:28:35 --> se creo el turno 3 del area O 

2014-09-01 10:29:31 --> get_areas 1 
2014-09-01 10:29:31 --> buscando areas del cliente 
2014-09-01 10:29:40 --> crear el consumidor 
2014-09-01 10:29:40 --> se creo el consumidor 15499 
2014-09-01 10:29:40 --> la informacion de la sede es array (
  'S_ID' => '3',
  'S_NOMBRE' => 'NORTE',
  'S_DESCRIPCION' => 'Sede para atender los casos de la regional norte',
  'S_C_ID' => '1',
  'S_CANTIDAD_ENCUESTAS' => '10',
  'S_ACTIVO' => '1',
  'S_LOGO' => '7',
  'S_MUESTRA_VIDEO' => '0',
) 
2014-09-01 10:29:40 --> se va a extraer informacion del area  
2014-09-01 10:29:40 --> la informacion del area es array (
  'AR_ID' => '5',
  'AR_NOMBRE' => 'OTROS',
  'AR_DESCRIPCION' => 'Otros',
  'AR_C_ID' => '1',
  'AR_ACTIVO' => '1',
  'AR_ALIAS' => 'O',
  'AR_MOSTRAR_NOMBRE_PANTALLA' => '0',
) 
2014-09-01 10:29:40 --> se va a crear el turno 
2014-09-01 10:29:40 --> se creo el turno 4 del area O 

2014-09-01 10:30:20 --> get_areas 1 
2014-09-01 10:30:20 --> buscando areas del cliente 
2014-09-01 10:30:30 --> crear el consumidor 
2014-09-01 10:30:30 --> se creo el consumidor 15500 
2014-09-01 10:30:30 --> la informacion de la sede es array (
  'S_ID' => '3',
  'S_NOMBRE' => 'NORTE',
  'S_DESCRIPCION' => 'Sede para atender los casos de la regional norte',
  'S_C_ID' => '1',
  'S_CANTIDAD_ENCUESTAS' => '10',
  'S_ACTIVO' => '1',
  'S_LOGO' => '7',
  'S_MUESTRA_VIDEO' => '0',
) 
2014-09-01 10:30:30 --> se va a extraer informacion del area  
2014-09-01 10:30:30 --> la informacion del area es array (
  'AR_ID' => '5',
  'AR_NOMBRE' => 'OTROS',
  'AR_DESCRIPCION' => 'Otros',
  'AR_C_ID' => '1',
  'AR_ACTIVO' => '1',
  'AR_ALIAS' => 'O',
  'AR_MOSTRAR_NOMBRE_PANTALLA' => '0',
) 
2014-09-01 10:30:30 --> se va a crear el turno 
2014-09-01 10:30:30 --> se creo el turno 5 del area O 

2014-09-01 10:31:53 --> get_areas 1 
2014-09-01 10:31:53 --> buscando areas del cliente 
2014-09-01 10:32:17 --> crear el consumidor 
2014-09-01 10:32:17 --> se creo el consumidor 15501 
2014-09-01 10:32:17 --> la informacion de la sede es array (
  'S_ID' => '4',
  'S_NOMBRE' => 'OCCIDENTE',
  'S_DESCRIPCION' => 'Sedle para atender los casos de la regional occidente',
  'S_C_ID' => '1',
  'S_CANTIDAD_ENCUESTAS' => '10',
  'S_ACTIVO' => '1',
  'S_LOGO' => '7',
  'S_MUESTRA_VIDEO' => '0',
) 
2014-09-01 10:32:17 --> se va a extraer informacion del area  
2014-09-01 10:32:17 --> la informacion del area es array (
  'AR_ID' => '5',
  'AR_NOMBRE' => 'OTROS',
  'AR_DESCRIPCION' => 'Otros',
  'AR_C_ID' => '1',
  'AR_ACTIVO' => '1',
  'AR_ALIAS' => 'O',
  'AR_MOSTRAR_NOMBRE_PANTALLA' => '0',
) 
2014-09-01 10:32:17 --> se va a crear el turno 
2014-09-01 10:32:17 --> se creo el turno 3 del area O 

2014-09-01 10:32:57 --> get_areas 1 
2014-09-01 10:32:57 --> buscando areas del cliente 
2014-09-01 10:33:03 --> crear el consumidor 
2014-09-01 10:33:03 --> se creo el consumidor 15502 
2014-09-01 10:33:03 --> la informacion de la sede es array (
  'S_ID' => '4',
  'S_NOMBRE' => 'OCCIDENTE',
  'S_DESCRIPCION' => 'Sedle para atender los casos de la regional occidente',
  'S_C_ID' => '1',
  'S_CANTIDAD_ENCUESTAS' => '10',
  'S_ACTIVO' => '1',
  'S_LOGO' => '7',
  'S_MUESTRA_VIDEO' => '0',
) 
2014-09-01 10:33:03 --> se va a extraer informacion del area  
2014-09-01 10:33:03 --> la informacion del area es array (
  'AR_ID' => '5',
  'AR_NOMBRE' => 'OTROS',
  'AR_DESCRIPCION' => 'Otros',
  'AR_C_ID' => '1',
  'AR_ACTIVO' => '1',
  'AR_ALIAS' => 'O',
  'AR_MOSTRAR_NOMBRE_PANTALLA' => '0',
) 
2014-09-01 10:33:03 --> se va a crear el turno 
2014-09-01 10:33:03 --> se creo el turno 4 del area O 

2014-09-01 10:44:26 --> get_areas 1 
2014-09-01 10:44:26 --> buscando areas del cliente 
2014-09-01 10:44:41 --> crear el consumidor 
2014-09-01 10:44:41 --> se creo el consumidor 15510 
2014-09-01 10:44:41 --> la informacion de la sede es array (
  'S_ID' => '3',
  'S_NOMBRE' => 'NORTE',
  'S_DESCRIPCION' => 'Sede para atender los casos de la regional norte',
  'S_C_ID' => '1',
  'S_CANTIDAD_ENCUESTAS' => '10',
  'S_ACTIVO' => '1',
  'S_LOGO' => '7',
  'S_MUESTRA_VIDEO' => '0',
) 
2014-09-01 10:44:41 --> se va a extraer informacion del area  
2014-09-01 10:44:41 --> la informacion del area es array (
  'AR_ID' => '5',
  'AR_NOMBRE' => 'OTROS',
  'AR_DESCRIPCION' => 'Otros',
  'AR_C_ID' => '1',
  'AR_ACTIVO' => '1',
  'AR_ALIAS' => 'O',
  'AR_MOSTRAR_NOMBRE_PANTALLA' => '0',
) 
2014-09-01 10:44:41 --> se va a crear el turno 
2014-09-01 10:44:41 --> se creo el turno 6 del area O 

2014-09-01 10:45:23 --> get_areas 1 
2014-09-01 10:45:23 --> buscando areas del cliente 
2014-09-01 10:46:03 --> crear el consumidor 
2014-09-01 10:46:06 --> se creo el consumidor 15512 
2014-09-01 10:46:06 --> la informacion de la sede es array (
  'S_ID' => '3',
  'S_NOMBRE' => 'NORTE',
  'S_DESCRIPCION' => 'Sede para atender los casos de la regional norte',
  'S_C_ID' => '1',
  'S_CANTIDAD_ENCUESTAS' => '10',
  'S_ACTIVO' => '1',
  'S_LOGO' => '7',
  'S_MUESTRA_VIDEO' => '0',
) 
2014-09-01 10:46:06 --> se va a extraer informacion del area  
2014-09-01 10:46:06 --> la informacion del area es array (
  'AR_ID' => '3',
  'AR_NOMBRE' => 'SEGUIMIENTO_AL_SERVICIO',
  'AR_DESCRIPCION' => 'SQR certificados especiales claves portal web',
  'AR_C_ID' => '1',
  'AR_ACTIVO' => '1',
  'AR_ALIAS' => 'SAS',
  'AR_MOSTRAR_NOMBRE_PANTALLA' => '0',
) 
2014-09-01 10:46:06 --> se va a crear el turno 
2014-09-01 10:46:06 --> se creo el turno 1 del area SAS 

2014-09-01 10:47:06 --> get_areas 1 
2014-09-01 10:47:06 --> buscando areas del cliente 

2014-09-01 10:48:38 --> get_areas 1 
2014-09-01 10:48:38 --> buscando areas del cliente 

2014-09-01 10:50:04 --> get_areas 1 
2014-09-01 10:50:04 --> buscando areas del cliente 
2014-09-01 10:50:46 --> crear el consumidor 
2014-09-01 10:50:46 --> se creo el consumidor 15519 
2014-09-01 10:50:46 --> la informacion de la sede es array (
  'S_ID' => '4',
  'S_NOMBRE' => 'OCCIDENTE',
  'S_DESCRIPCION' => 'Sedle para atender los casos de la regional occidente',
  'S_C_ID' => '1',
  'S_CANTIDAD_ENCUESTAS' => '10',
  'S_ACTIVO' => '1',
  'S_LOGO' => '7',
  'S_MUESTRA_VIDEO' => '0',
) 
2014-09-01 10:50:46 --> se va a extraer informacion del area  
2014-09-01 10:50:46 --> la informacion del area es array (
  'AR_ID' => '5',
  'AR_NOMBRE' => 'OTROS',
  'AR_DESCRIPCION' => 'Otros',
  'AR_C_ID' => '1',
  'AR_ACTIVO' => '1',
  'AR_ALIAS' => 'O',
  'AR_MOSTRAR_NOMBRE_PANTALLA' => '0',
) 
2014-09-01 10:50:46 --> se va a crear el turno 
2014-09-01 10:50:46 --> se creo el turno 5 del area O 

2014-09-01 10:51:40 --> get_areas 1 
2014-09-01 10:51:40 --> buscando areas del cliente 
2014-09-01 10:51:52 --> crear el consumidor 
2014-09-01 10:51:52 --> se creo el consumidor 15523 
2014-09-01 10:51:52 --> la informacion de la sede es array (
  'S_ID' => '4',
  'S_NOMBRE' => 'OCCIDENTE',
  'S_DESCRIPCION' => 'Sedle para atender los casos de la regional occidente',
  'S_C_ID' => '1',
  'S_CANTIDAD_ENCUESTAS' => '10',
  'S_ACTIVO' => '1',
  'S_LOGO' => '7',
  'S_MUESTRA_VIDEO' => '0',
) 
2014-09-01 10:51:52 --> se va a extraer informacion del area  
2014-09-01 10:51:52 --> la informacion del area es array (
  'AR_ID' => '5',
  'AR_NOMBRE' => 'OTROS',
  'AR_DESCRIPCION' => 'Otros',
  'AR_C_ID' => '1',
  'AR_ACTIVO' => '1',
  'AR_ALIAS' => 'O',
  'AR_MOSTRAR_NOMBRE_PANTALLA' => '0',
) 
2014-09-01 10:51:52 --> se va a crear el turno 
2014-09-01 10:51:52 --> se creo el turno 6 del area O 

2014-09-01 10:57:32 --> get_areas 1 
2014-09-01 10:57:32 --> buscando areas del cliente 
2014-09-01 10:57:48 --> crear el consumidor 
2014-09-01 10:57:48 --> se creo el consumidor 15529 
2014-09-01 10:57:48 --> la informacion de la sede es array (
  'S_ID' => '3',
  'S_NOMBRE' => 'NORTE',
  'S_DESCRIPCION' => 'Sede para atender los casos de la regional norte',
  'S_C_ID' => '1',
  'S_CANTIDAD_ENCUESTAS' => '10',
  'S_ACTIVO' => '1',
  'S_LOGO' => '7',
  'S_MUESTRA_VIDEO' => '0',
) 
2014-09-01 10:57:48 --> se va a extraer informacion del area  
2014-09-01 10:57:48 --> la informacion del area es array (
  'AR_ID' => '5',
  'AR_NOMBRE' => 'OTROS',
  'AR_DESCRIPCION' => 'Otros',
  'AR_C_ID' => '1',
  'AR_ACTIVO' => '1',
  'AR_ALIAS' => 'O',
  'AR_MOSTRAR_NOMBRE_PANTALLA' => '0',
) 
2014-09-01 10:57:48 --> se va a crear el turno 
2014-09-01 10:57:48 --> se creo el turno 7 del area O 

2014-09-01 10:58:29 --> get_areas 1 
2014-09-01 10:58:29 --> buscando areas del cliente 

2014-09-01 10:58:29 --> get_areas 1 
2014-09-01 10:58:29 --> buscando areas del cliente 
2014-09-01 10:58:34 --> crear el consumidor 
2014-09-01 10:58:34 --> se creo el consumidor 15530 
2014-09-01 10:58:34 --> la informacion de la sede es array (
  'S_ID' => '3',
  'S_NOMBRE' => 'NORTE',
  'S_DESCRIPCION' => 'Sede para atender los casos de la regional norte',
  'S_C_ID' => '1',
  'S_CANTIDAD_ENCUESTAS' => '10',
  'S_ACTIVO' => '1',
  'S_LOGO' => '7',
  'S_MUESTRA_VIDEO' => '0',
) 
2014-09-01 10:58:34 --> se va a extraer informacion del area  
2014-09-01 10:58:34 --> la informacion del area es array (
  'AR_ID' => '2',
  'AR_NOMBRE' => 'APORTES',
  'AR_DESCRIPCION' => 'Pensiones Incapacidades Cesantias Cartas FNA',
  'AR_C_ID' => '1',
  'AR_ACTIVO' => '1',
  'AR_ALIAS' => 'A',
  'AR_MOSTRAR_NOMBRE_PANTALLA' => '0',
) 
2014-09-01 10:58:34 --> se va a crear el turno 
2014-09-01 10:58:34 --> se creo el turno 9 del area A 
2014-09-01 10:58:40 --> crear el consumidor 
2014-09-01 10:58:40 --> se creo el consumidor 15531 
2014-09-01 10:58:40 --> la informacion de la sede es array (
  'S_ID' => '4',
  'S_NOMBRE' => 'OCCIDENTE',
  'S_DESCRIPCION' => 'Sedle para atender los casos de la regional occidente',
  'S_C_ID' => '1',
  'S_CANTIDAD_ENCUESTAS' => '10',
  'S_ACTIVO' => '1',
  'S_LOGO' => '7',
  'S_MUESTRA_VIDEO' => '0',
) 
2014-09-01 10:58:40 --> se va a extraer informacion del area  
2014-09-01 10:58:40 --> la informacion del area es array (
  'AR_ID' => '2',
  'AR_NOMBRE' => 'APORTES',
  'AR_DESCRIPCION' => 'Pensiones Incapacidades Cesantias Cartas FNA',
  'AR_C_ID' => '1',
  'AR_ACTIVO' => '1',
  'AR_ALIAS' => 'A',
  'AR_MOSTRAR_NOMBRE_PANTALLA' => '0',
) 
2014-09-01 10:58:40 --> se va a crear el turno 
2014-09-01 10:58:40 --> se creo el turno 9 del area A 

2014-09-01 11:00:32 --> get_areas 1 
2014-09-01 11:00:32 --> buscando areas del cliente 
2014-09-01 11:00:49 --> crear el consumidor 
2014-09-01 11:00:49 --> se creo el consumidor 15533 
2014-09-01 11:00:49 --> la informacion de la sede es array (
  'S_ID' => '3',
  'S_NOMBRE' => 'NORTE',
  'S_DESCRIPCION' => 'Sede para atender los casos de la regional norte',
  'S_C_ID' => '1',
  'S_CANTIDAD_ENCUESTAS' => '10',
  'S_ACTIVO' => '1',
  'S_LOGO' => '7',
  'S_MUESTRA_VIDEO' => '0',
) 
2014-09-01 11:00:49 --> se va a extraer informacion del area  
2014-09-01 11:00:49 --> la informacion del area es array (
  'AR_ID' => '2',
  'AR_NOMBRE' => 'APORTES',
  'AR_DESCRIPCION' => 'Pensiones Incapacidades Cesantias Cartas FNA',
  'AR_C_ID' => '1',
  'AR_ACTIVO' => '1',
  'AR_ALIAS' => 'A',
  'AR_MOSTRAR_NOMBRE_PANTALLA' => '0',
) 
2014-09-01 11:00:49 --> se va a crear el turno 
2014-09-01 11:00:49 --> se creo el turno 10 del area A 

2014-09-01 11:18:03 --> get_areas 1 
2014-09-01 11:18:03 --> buscando areas del cliente 
2014-09-01 11:18:15 --> crear el consumidor 
2014-09-01 11:18:15 --> se creo el consumidor 15542 
2014-09-01 11:18:15 --> la informacion de la sede es array (
  'S_ID' => '3',
  'S_NOMBRE' => 'NORTE',
  'S_DESCRIPCION' => 'Sede para atender los casos de la regional norte',
  'S_C_ID' => '1',
  'S_CANTIDAD_ENCUESTAS' => '10',
  'S_ACTIVO' => '1',
  'S_LOGO' => '7',
  'S_MUESTRA_VIDEO' => '0',
) 
2014-09-01 11:18:15 --> se va a extraer informacion del area  
2014-09-01 11:18:15 --> la informacion del area es array (
  'AR_ID' => '1',
  'AR_NOMBRE' => 'GERENCIA_DEL_SERVICIO',
  'AR_DESCRIPCION' => 'Cartas punto de venta Cartas de renuncia',
  'AR_C_ID' => '1',
  'AR_ACTIVO' => '1',
  'AR_ALIAS' => 'GS',
  'AR_MOSTRAR_NOMBRE_PANTALLA' => '0',
) 
2014-09-01 11:18:15 --> se va a crear el turno 
2014-09-01 11:18:15 --> se creo el turno 3 del area GS 

 datos de entrada get_movil son user: ana_garzon y pass: e10adc3949ba59abbe56e057f20f883e 

 dato de salida get_movil es 7,ANA GARZON,11,1,2 

 datos de entrada get_areas2 son perfil:  

 dato de salida get_areas2 es array (
  0 => 
  array (
    'AR_ID' => '1',
    'AR_NOMBRE' => 'GERENCIA_DEL_SERVICIO',
    'AR_DESCRIPCION' => 'Cartas punto de venta Cartas de renuncia',
    'AR_C_ID' => '1',
    'AR_ACTIVO' => '1',
    'AR_ALIAS' => 'GS',
    'AR_MOSTRAR_NOMBRE_PANTALLA' => '0',
  ),
  1 => 
  array (
    'AR_ID' => '2',
    'AR_NOMBRE' => 'APORTES',
    'AR_DESCRIPCION' => 'Pensiones Incapacidades Cesantias Cartas FNA',
    'AR_C_ID' => '1',
    'AR_ACTIVO' => '1',
    'AR_ALIAS' => 'A',
    'AR_MOSTRAR_NOMBRE_PANTALLA' => '0',
  ),
  2 => 
  array (
    'AR_ID' => '3',
    'AR_NOMBRE' => 'SEGUIMIENTO_AL_SERVICIO',
    'AR_DESCRIPCION' => 'SQR certificados especiales claves portal web',
    'AR_C_ID' => '1',
    'AR_ACTIVO' => '1',
    'AR_ALIAS' => 'SAS',
    'AR_MOSTRAR_NOMBRE_PANTALLA' => '0',
  ),
  3 => 
  array (
    'AR_ID' => '5',
    'AR_NOMBRE' => 'OTROS',
    'AR_DESCRIPCION' => 'Otros',
    'AR_C_ID' => '1',
    'AR_ACTIVO' => '1',
    'AR_ALIAS' => 'O',
    'AR_MOSTRAR_NOMBRE_PANTALLA' => '0',
  ),
  4 => 
  array (
    'AR_ID' => '8',
    'AR_NOMBRE' => 'COMPENSACION_SALARIAL',
    'AR_DESCRIPCION' => 'Informacion pago nomina y liquidaciones',
    'AR_C_ID' => '1',
    'AR_ACTIVO' => '1',
    'AR_ALIAS' => 'CS',
    'AR_MOSTRAR_NOMBRE_PANTALLA' => '0',
  ),
) 

2014-09-01 11:24:05 --> get_areas 1 
2014-09-01 11:24:05 --> buscando areas del cliente 
2014-09-01 11:24:28 --> crear el consumidor 
2014-09-01 11:24:28 --> se creo el consumidor 15548 
2014-09-01 11:24:28 --> la informacion de la sede es array (
  'S_ID' => '2',
  'S_NOMBRE' => 'CENTRO',
  'S_DESCRIPCION' => 'Sede para atender los casos de la regional centro',
  'S_C_ID' => '1',
  'S_CANTIDAD_ENCUESTAS' => '10',
  'S_ACTIVO' => '1',
  'S_LOGO' => '7',
  'S_MUESTRA_VIDEO' => '0',
) 
2014-09-01 11:24:28 --> se va a extraer informacion del area  
2014-09-01 11:24:28 --> la informacion del area es array (
  'AR_ID' => '1',
  'AR_NOMBRE' => 'GERENCIA_DEL_SERVICIO',
  'AR_DESCRIPCION' => 'Cartas punto de venta Cartas de renuncia',
  'AR_C_ID' => '1',
  'AR_ACTIVO' => '1',
  'AR_ALIAS' => 'GS',
  'AR_MOSTRAR_NOMBRE_PANTALLA' => '0',
) 
2014-09-01 11:24:28 --> se va a crear el turno 
2014-09-01 11:24:28 --> se creo el turno 37 del area GS 
2014-09-01 11:24:37 --> crear el consumidor 
2014-09-01 11:24:39 --> se creo el consumidor 15549 
2014-09-01 11:24:39 --> la informacion de la sede es array (
  'S_ID' => '4',
  'S_NOMBRE' => 'OCCIDENTE',
  'S_DESCRIPCION' => 'Sedle para atender los casos de la regional occidente',
  'S_C_ID' => '1',
  'S_CANTIDAD_ENCUESTAS' => '10',
  'S_ACTIVO' => '1',
  'S_LOGO' => '7',
  'S_MUESTRA_VIDEO' => '0',
) 
2014-09-01 11:24:39 --> se va a extraer informacion del area  
2014-09-01 11:24:39 --> la informacion del area es array (
  'AR_ID' => '5',
  'AR_NOMBRE' => 'OTROS',
  'AR_DESCRIPCION' => 'Otros',
  'AR_C_ID' => '1',
  'AR_ACTIVO' => '1',
  'AR_ALIAS' => 'O',
  'AR_MOSTRAR_NOMBRE_PANTALLA' => '0',
) 
2014-09-01 11:24:39 --> se va a crear el turno 
2014-09-01 11:24:39 --> se creo el turno 7 del area O 

2014-09-01 11:24:58 --> get_areas 1 
2014-09-01 11:24:58 --> buscando areas del cliente 
2014-09-01 11:25:00 --> crear el consumidor 
2014-09-01 11:25:00 --> se creo el consumidor 15550 
2014-09-01 11:25:00 --> la informacion de la sede es array (
  'S_ID' => '2',
  'S_NOMBRE' => 'CENTRO',
  'S_DESCRIPCION' => 'Sede para atender los casos de la regional centro',
  'S_C_ID' => '1',
  'S_CANTIDAD_ENCUESTAS' => '10',
  'S_ACTIVO' => '1',
  'S_LOGO' => '7',
  'S_MUESTRA_VIDEO' => '0',
) 
2014-09-01 11:25:00 --> se va a extraer informacion del area  
2014-09-01 11:25:00 --> la informacion del area es array (
  'AR_ID' => '1',
  'AR_NOMBRE' => 'GERENCIA_DEL_SERVICIO',
  'AR_DESCRIPCION' => 'Cartas punto de venta Cartas de renuncia',
  'AR_C_ID' => '1',
  'AR_ACTIVO' => '1',
  'AR_ALIAS' => 'GS',
  'AR_MOSTRAR_NOMBRE_PANTALLA' => '0',
) 
2014-09-01 11:25:00 --> se va a crear el turno 
2014-09-01 11:25:00 --> se creo el turno 38 del area GS 
2014-09-01 11:25:43 --> crear el consumidor 
2014-09-01 11:25:43 --> se creo el consumidor 15551 
2014-09-01 11:25:43 --> la informacion de la sede es array (
  'S_ID' => '2',
  'S_NOMBRE' => 'CENTRO',
  'S_DESCRIPCION' => 'Sede para atender los casos de la regional centro',
  'S_C_ID' => '1',
  'S_CANTIDAD_ENCUESTAS' => '10',
  'S_ACTIVO' => '1',
  'S_LOGO' => '7',
  'S_MUESTRA_VIDEO' => '0',
) 
2014-09-01 11:25:43 --> se va a extraer informacion del area  
2014-09-01 11:25:43 --> la informacion del area es array (
  'AR_ID' => '1',
  'AR_NOMBRE' => 'GERENCIA_DEL_SERVICIO',
  'AR_DESCRIPCION' => 'Cartas punto de venta Cartas de renuncia',
  'AR_C_ID' => '1',
  'AR_ACTIVO' => '1',
  'AR_ALIAS' => 'GS',
  'AR_MOSTRAR_NOMBRE_PANTALLA' => '0',
) 
2014-09-01 11:25:43 --> se va a crear el turno 
2014-09-01 11:25:43 --> se creo el turno 39 del area GS 

2014-09-01 11:25:59 --> get_areas 1 
2014-09-01 11:25:59 --> buscando areas del cliente 
2014-09-01 11:26:11 --> crear el consumidor 
2014-09-01 11:26:11 --> se creo el consumidor 15552 
2014-09-01 11:26:11 --> la informacion de la sede es array (
  'S_ID' => '2',
  'S_NOMBRE' => 'CENTRO',
  'S_DESCRIPCION' => 'Sede para atender los casos de la regional centro',
  'S_C_ID' => '1',
  'S_CANTIDAD_ENCUESTAS' => '10',
  'S_ACTIVO' => '1',
  'S_LOGO' => '7',
  'S_MUESTRA_VIDEO' => '0',
) 
2014-09-01 11:26:11 --> se va a extraer informacion del area  
2014-09-01 11:26:11 --> la informacion del area es array (
  'AR_ID' => '1',
  'AR_NOMBRE' => 'GERENCIA_DEL_SERVICIO',
  'AR_DESCRIPCION' => 'Cartas punto de venta Cartas de renuncia',
  'AR_C_ID' => '1',
  'AR_ACTIVO' => '1',
  'AR_ALIAS' => 'GS',
  'AR_MOSTRAR_NOMBRE_PANTALLA' => '0',
) 
2014-09-01 11:26:11 --> se va a crear el turno 
2014-09-01 11:26:11 --> se creo el turno 40 del area GS 
2014-09-01 11:26:14 --> crear el consumidor 
2014-09-01 11:26:14 --> se creo el consumidor 15553 
2014-09-01 11:26:14 --> la informacion de la sede es array (
  'S_ID' => '2',
  'S_NOMBRE' => 'CENTRO',
  'S_DESCRIPCION' => 'Sede para atender los casos de la regional centro',
  'S_C_ID' => '1',
  'S_CANTIDAD_ENCUESTAS' => '10',
  'S_ACTIVO' => '1',
  'S_LOGO' => '7',
  'S_MUESTRA_VIDEO' => '0',
) 
2014-09-01 11:26:14 --> se va a extraer informacion del area  
2014-09-01 11:26:14 --> la informacion del area es array (
  'AR_ID' => '8',
  'AR_NOMBRE' => 'COMPENSACION_SALARIAL',
  'AR_DESCRIPCION' => 'Informacion pago nomina y liquidaciones',
  'AR_C_ID' => '1',
  'AR_ACTIVO' => '1',
  'AR_ALIAS' => 'CS',
  'AR_MOSTRAR_NOMBRE_PANTALLA' => '0',
) 
2014-09-01 11:26:14 --> se va a crear el turno 
2014-09-01 11:26:14 --> se creo el turno 1 del area CS 

2014-09-01 11:26:54 --> get_areas 1 
2014-09-01 11:26:54 --> buscando areas del cliente 
2014-09-01 11:27:05 --> crear el consumidor 
2014-09-01 11:27:05 --> se creo el consumidor 15556 
2014-09-01 11:27:05 --> la informacion de la sede es array (
  'S_ID' => '2',
  'S_NOMBRE' => 'CENTRO',
  'S_DESCRIPCION' => 'Sede para atender los casos de la regional centro',
  'S_C_ID' => '1',
  'S_CANTIDAD_ENCUESTAS' => '10',
  'S_ACTIVO' => '1',
  'S_LOGO' => '7',
  'S_MUESTRA_VIDEO' => '0',
) 
2014-09-01 11:27:05 --> se va a extraer informacion del area  
2014-09-01 11:27:05 --> la informacion del area es array (
  'AR_ID' => '5',
  'AR_NOMBRE' => 'OTROS',
  'AR_DESCRIPCION' => 'Otros',
  'AR_C_ID' => '1',
  'AR_ACTIVO' => '1',
  'AR_ALIAS' => 'O',
  'AR_MOSTRAR_NOMBRE_PANTALLA' => '0',
) 
2014-09-01 11:27:05 --> se va a crear el turno 
2014-09-01 11:27:05 --> se creo el turno 1 del area O 
2014-09-01 11:27:29 --> crear el consumidor 
2014-09-01 11:27:29 --> se creo el consumidor 15557 
2014-09-01 11:27:29 --> la informacion de la sede es array (
  'S_ID' => '2',
  'S_NOMBRE' => 'CENTRO',
  'S_DESCRIPCION' => 'Sede para atender los casos de la regional centro',
  'S_C_ID' => '1',
  'S_CANTIDAD_ENCUESTAS' => '10',
  'S_ACTIVO' => '1',
  'S_LOGO' => '7',
  'S_MUESTRA_VIDEO' => '0',
) 
2014-09-01 11:27:29 --> se va a extraer informacion del area  
2014-09-01 11:27:29 --> la informacion del area es array (
  'AR_ID' => '2',
  'AR_NOMBRE' => 'APORTES',
  'AR_DESCRIPCION' => 'Pensiones Incapacidades Cesantias Cartas FNA',
  'AR_C_ID' => '1',
  'AR_ACTIVO' => '1',
  'AR_ALIAS' => 'A',
  'AR_MOSTRAR_NOMBRE_PANTALLA' => '0',
) 
2014-09-01 11:27:29 --> se va a crear el turno 
2014-09-01 11:27:29 --> se creo el turno 15 del area A 
2014-09-01 11:28:06 --> crear el consumidor 
2014-09-01 11:28:06 --> se creo el consumidor 15558 
2014-09-01 11:28:06 --> la informacion de la sede es array (
  'S_ID' => '2',
  'S_NOMBRE' => 'CENTRO',
  'S_DESCRIPCION' => 'Sede para atender los casos de la regional centro',
  'S_C_ID' => '1',
  'S_CANTIDAD_ENCUESTAS' => '10',
  'S_ACTIVO' => '1',
  'S_LOGO' => '7',
  'S_MUESTRA_VIDEO' => '0',
) 
2014-09-01 11:28:06 --> se va a extraer informacion del area  
2014-09-01 11:28:06 --> la informacion del area es array (
  'AR_ID' => '1',
  'AR_NOMBRE' => 'GERENCIA_DEL_SERVICIO',
  'AR_DESCRIPCION' => 'Cartas punto de venta Cartas de renuncia',
  'AR_C_ID' => '1',
  'AR_ACTIVO' => '1',
  'AR_ALIAS' => 'GS',
  'AR_MOSTRAR_NOMBRE_PANTALLA' => '0',
) 
2014-09-01 11:28:06 --> se va a crear el turno 
2014-09-01 11:28:06 --> se creo el turno 41 del area GS 
2014-09-01 11:28:39 --> crear el consumidor 
2014-09-01 11:28:39 --> se creo el consumidor 15559 
2014-09-01 11:28:39 --> la informacion de la sede es array (
  'S_ID' => '2',
  'S_NOMBRE' => 'CENTRO',
  'S_DESCRIPCION' => 'Sede para atender los casos de la regional centro',
  'S_C_ID' => '1',
  'S_CANTIDAD_ENCUESTAS' => '10',
  'S_ACTIVO' => '1',
  'S_LOGO' => '7',
  'S_MUESTRA_VIDEO' => '0',
) 
2014-09-01 11:28:39 --> se va a extraer informacion del area  
2014-09-01 11:28:39 --> la informacion del area es array (
  'AR_ID' => '2',
  'AR_NOMBRE' => 'APORTES',
  'AR_DESCRIPCION' => 'Pensiones Incapacidades Cesantias Cartas FNA',
  'AR_C_ID' => '1',
  'AR_ACTIVO' => '1',
  'AR_ALIAS' => 'A',
  'AR_MOSTRAR_NOMBRE_PANTALLA' => '0',
) 
2014-09-01 11:28:39 --> se va a crear el turno 
2014-09-01 11:28:39 --> se creo el turno 16 del area A 
2014-09-01 11:29:17 --> crear el consumidor 
2014-09-01 11:29:20 --> se creo el consumidor 15560 
2014-09-01 11:29:20 --> la informacion de la sede es array (
  'S_ID' => '2',
  'S_NOMBRE' => 'CENTRO',
  'S_DESCRIPCION' => 'Sede para atender los casos de la regional centro',
  'S_C_ID' => '1',
  'S_CANTIDAD_ENCUESTAS' => '10',
  'S_ACTIVO' => '1',
  'S_LOGO' => '7',
  'S_MUESTRA_VIDEO' => '0',
) 
2014-09-01 11:29:20 --> se va a extraer informacion del area  
2014-09-01 11:29:20 --> la informacion del area es array (
  'AR_ID' => '3',
  'AR_NOMBRE' => 'SEGUIMIENTO_AL_SERVICIO',
  'AR_DESCRIPCION' => 'SQR certificados especiales claves portal web',
  'AR_C_ID' => '1',
  'AR_ACTIVO' => '1',
  'AR_ALIAS' => 'SAS',
  'AR_MOSTRAR_NOMBRE_PANTALLA' => '0',
) 
2014-09-01 11:29:20 --> se va a crear el turno 
2014-09-01 11:29:20 --> se creo el turno 14 del area SAS 
2014-09-01 11:29:45 --> crear el consumidor 
2014-09-01 11:29:45 --> se creo el consumidor 15561 
2014-09-01 11:29:45 --> la informacion de la sede es array (
  'S_ID' => '2',
  'S_NOMBRE' => 'CENTRO',
  'S_DESCRIPCION' => 'Sede para atender los casos de la regional centro',
  'S_C_ID' => '1',
  'S_CANTIDAD_ENCUESTAS' => '10',
  'S_ACTIVO' => '1',
  'S_LOGO' => '7',
  'S_MUESTRA_VIDEO' => '0',
) 
2014-09-01 11:29:45 --> se va a extraer informacion del area  
2014-09-01 11:29:45 --> la informacion del area es array (
  'AR_ID' => '3',
  'AR_NOMBRE' => 'SEGUIMIENTO_AL_SERVICIO',
  'AR_DESCRIPCION' => 'SQR certificados especiales claves portal web',
  'AR_C_ID' => '1',
  'AR_ACTIVO' => '1',
  'AR_ALIAS' => 'SAS',
  'AR_MOSTRAR_NOMBRE_PANTALLA' => '0',
) 
2014-09-01 11:29:45 --> se va a crear el turno 
2014-09-01 11:29:45 --> se creo el turno 15 del area SAS 
2014-09-01 11:30:11 --> crear el consumidor 
2014-09-01 11:30:11 --> se creo el consumidor 15562 
2014-09-01 11:30:11 --> la informacion de la sede es array (
  'S_ID' => '2',
  'S_NOMBRE' => 'CENTRO',
  'S_DESCRIPCION' => 'Sede para atender los casos de la regional centro',
  'S_C_ID' => '1',
  'S_CANTIDAD_ENCUESTAS' => '10',
  'S_ACTIVO' => '1',
  'S_LOGO' => '7',
  'S_MUESTRA_VIDEO' => '0',
) 
2014-09-01 11:30:11 --> se va a extraer informacion del area  
2014-09-01 11:30:11 --> la informacion del area es array (
  'AR_ID' => '1',
  'AR_NOMBRE' => 'GERENCIA_DEL_SERVICIO',
  'AR_DESCRIPCION' => 'Cartas punto de venta Cartas de renuncia',
  'AR_C_ID' => '1',
  'AR_ACTIVO' => '1',
  'AR_ALIAS' => 'GS',
  'AR_MOSTRAR_NOMBRE_PANTALLA' => '0',
) 
2014-09-01 11:30:11 --> se va a crear el turno 
2014-09-01 11:30:11 --> se creo el turno 42 del area GS 
2014-09-01 11:30:58 --> crear el consumidor 
2014-09-01 11:30:58 --> se creo el consumidor 15563 
2014-09-01 11:30:58 --> la informacion de la sede es array (
  'S_ID' => '2',
  'S_NOMBRE' => 'CENTRO',
  'S_DESCRIPCION' => 'Sede para atender los casos de la regional centro',
  'S_C_ID' => '1',
  'S_CANTIDAD_ENCUESTAS' => '10',
  'S_ACTIVO' => '1',
  'S_LOGO' => '7',
  'S_MUESTRA_VIDEO' => '0',
) 
2014-09-01 11:30:58 --> se va a extraer informacion del area  
2014-09-01 11:30:58 --> la informacion del area es array (
  'AR_ID' => '1',
  'AR_NOMBRE' => 'GERENCIA_DEL_SERVICIO',
  'AR_DESCRIPCION' => 'Cartas punto de venta Cartas de renuncia',
  'AR_C_ID' => '1',
  'AR_ACTIVO' => '1',
  'AR_ALIAS' => 'GS',
  'AR_MOSTRAR_NOMBRE_PANTALLA' => '0',
) 
2014-09-01 11:30:58 --> se va a crear el turno 
2014-09-01 11:30:58 --> se creo el turno 43 del area GS 
2014-09-01 11:31:29 --> crear el consumidor 
2014-09-01 11:31:29 --> se creo el consumidor 15565 
2014-09-01 11:31:29 --> la informacion de la sede es array (
  'S_ID' => '2',
  'S_NOMBRE' => 'CENTRO',
  'S_DESCRIPCION' => 'Sede para atender los casos de la regional centro',
  'S_C_ID' => '1',
  'S_CANTIDAD_ENCUESTAS' => '10',
  'S_ACTIVO' => '1',
  'S_LOGO' => '7',
  'S_MUESTRA_VIDEO' => '0',
) 
2014-09-01 11:31:29 --> se va a extraer informacion del area  
2014-09-01 11:31:29 --> la informacion del area es array (
  'AR_ID' => '1',
  'AR_NOMBRE' => 'GERENCIA_DEL_SERVICIO',
  'AR_DESCRIPCION' => 'Cartas punto de venta Cartas de renuncia',
  'AR_C_ID' => '1',
  'AR_ACTIVO' => '1',
  'AR_ALIAS' => 'GS',
  'AR_MOSTRAR_NOMBRE_PANTALLA' => '0',
) 
2014-09-01 11:31:29 --> se va a crear el turno 
2014-09-01 11:31:29 --> se creo el turno 44 del area GS 
2014-09-01 11:34:07 --> crear el consumidor 
2014-09-01 11:34:07 --> se creo el consumidor 15570 
2014-09-01 11:34:07 --> la informacion de la sede es array (
  'S_ID' => '2',
  'S_NOMBRE' => 'CENTRO',
  'S_DESCRIPCION' => 'Sede para atender los casos de la regional centro',
  'S_C_ID' => '1',
  'S_CANTIDAD_ENCUESTAS' => '10',
  'S_ACTIVO' => '1',
  'S_LOGO' => '7',
  'S_MUESTRA_VIDEO' => '0',
) 
2014-09-01 11:34:07 --> se va a extraer informacion del area  
2014-09-01 11:34:07 --> la informacion del area es array (
  'AR_ID' => '1',
  'AR_NOMBRE' => 'GERENCIA_DEL_SERVICIO',
  'AR_DESCRIPCION' => 'Cartas punto de venta Cartas de renuncia',
  'AR_C_ID' => '1',
  'AR_ACTIVO' => '1',
  'AR_ALIAS' => 'GS',
  'AR_MOSTRAR_NOMBRE_PANTALLA' => '0',
) 
2014-09-01 11:34:07 --> se va a crear el turno 
2014-09-01 11:34:07 --> se creo el turno 45 del area GS 
2014-09-01 11:34:39 --> crear el consumidor 
2014-09-01 11:34:45 --> se creo el consumidor 15571 
2014-09-01 11:34:45 --> la informacion de la sede es array (
  'S_ID' => '2',
  'S_NOMBRE' => 'CENTRO',
  'S_DESCRIPCION' => 'Sede para atender los casos de la regional centro',
  'S_C_ID' => '1',
  'S_CANTIDAD_ENCUESTAS' => '10',
  'S_ACTIVO' => '1',
  'S_LOGO' => '7',
  'S_MUESTRA_VIDEO' => '0',
) 
2014-09-01 11:34:45 --> se va a extraer informacion del area  
2014-09-01 11:34:45 --> la informacion del area es array (
  'AR_ID' => '3',
  'AR_NOMBRE' => 'SEGUIMIENTO_AL_SERVICIO',
  'AR_DESCRIPCION' => 'SQR certificados especiales claves portal web',
  'AR_C_ID' => '1',
  'AR_ACTIVO' => '1',
  'AR_ALIAS' => 'SAS',
  'AR_MOSTRAR_NOMBRE_PANTALLA' => '0',
) 
2014-09-01 11:34:45 --> se va a crear el turno 
2014-09-01 11:34:45 --> se creo el turno 16 del area SAS 
2014-09-01 11:35:40 --> crear el consumidor 
2014-09-01 11:35:40 --> se creo el consumidor 15573 
2014-09-01 11:35:40 --> la informacion de la sede es array (
  'S_ID' => '2',
  'S_NOMBRE' => 'CENTRO',
  'S_DESCRIPCION' => 'Sede para atender los casos de la regional centro',
  'S_C_ID' => '1',
  'S_CANTIDAD_ENCUESTAS' => '10',
  'S_ACTIVO' => '1',
  'S_LOGO' => '7',
  'S_MUESTRA_VIDEO' => '0',
) 
2014-09-01 11:35:40 --> se va a extraer informacion del area  
2014-09-01 11:35:40 --> la informacion del area es array (
  'AR_ID' => '1',
  'AR_NOMBRE' => 'GERENCIA_DEL_SERVICIO',
  'AR_DESCRIPCION' => 'Cartas punto de venta Cartas de renuncia',
  'AR_C_ID' => '1',
  'AR_ACTIVO' => '1',
  'AR_ALIAS' => 'GS',
  'AR_MOSTRAR_NOMBRE_PANTALLA' => '0',
) 
2014-09-01 11:35:40 --> se va a crear el turno 
2014-09-01 11:35:40 --> se creo el turno 46 del area GS 

2014-09-01 11:36:00 --> get_areas 1 
2014-09-01 11:36:00 --> buscando areas del cliente 
2014-09-01 11:36:10 --> crear el consumidor 
2014-09-01 11:36:10 --> se creo el consumidor 15574 
2014-09-01 11:36:10 --> la informacion de la sede es array (
  'S_ID' => '2',
  'S_NOMBRE' => 'CENTRO',
  'S_DESCRIPCION' => 'Sede para atender los casos de la regional centro',
  'S_C_ID' => '1',
  'S_CANTIDAD_ENCUESTAS' => '10',
  'S_ACTIVO' => '1',
  'S_LOGO' => '7',
  'S_MUESTRA_VIDEO' => '0',
) 
2014-09-01 11:36:10 --> se va a extraer informacion del area  
2014-09-01 11:36:10 --> la informacion del area es array (
  'AR_ID' => '1',
  'AR_NOMBRE' => 'GERENCIA_DEL_SERVICIO',
  'AR_DESCRIPCION' => 'Cartas punto de venta Cartas de renuncia',
  'AR_C_ID' => '1',
  'AR_ACTIVO' => '1',
  'AR_ALIAS' => 'GS',
  'AR_MOSTRAR_NOMBRE_PANTALLA' => '0',
) 
2014-09-01 11:36:10 --> se va a crear el turno 
2014-09-01 11:36:10 --> se creo el turno 47 del area GS 
2014-09-01 11:36:42 --> crear el consumidor 
2014-09-01 11:36:42 --> se creo el consumidor 15576 
2014-09-01 11:36:42 --> la informacion de la sede es array (
  'S_ID' => '2',
  'S_NOMBRE' => 'CENTRO',
  'S_DESCRIPCION' => 'Sede para atender los casos de la regional centro',
  'S_C_ID' => '1',
  'S_CANTIDAD_ENCUESTAS' => '10',
  'S_ACTIVO' => '1',
  'S_LOGO' => '7',
  'S_MUESTRA_VIDEO' => '0',
) 
2014-09-01 11:36:42 --> se va a extraer informacion del area  
2014-09-01 11:36:42 --> la informacion del area es array (
  'AR_ID' => '3',
  'AR_NOMBRE' => 'SEGUIMIENTO_AL_SERVICIO',
  'AR_DESCRIPCION' => 'SQR certificados especiales claves portal web',
  'AR_C_ID' => '1',
  'AR_ACTIVO' => '1',
  'AR_ALIAS' => 'SAS',
  'AR_MOSTRAR_NOMBRE_PANTALLA' => '0',
) 
2014-09-01 11:36:42 --> se va a crear el turno 
2014-09-01 11:36:42 --> se creo el turno 17 del area SAS 
2014-09-01 11:37:23 --> crear el consumidor 
2014-09-01 11:37:23 --> se creo el consumidor 15578 
2014-09-01 11:37:23 --> la informacion de la sede es array (
  'S_ID' => '2',
  'S_NOMBRE' => 'CENTRO',
  'S_DESCRIPCION' => 'Sede para atender los casos de la regional centro',
  'S_C_ID' => '1',
  'S_CANTIDAD_ENCUESTAS' => '10',
  'S_ACTIVO' => '1',
  'S_LOGO' => '7',
  'S_MUESTRA_VIDEO' => '0',
) 
2014-09-01 11:37:23 --> se va a extraer informacion del area  
2014-09-01 11:37:23 --> la informacion del area es array (
  'AR_ID' => '2',
  'AR_NOMBRE' => 'APORTES',
  'AR_DESCRIPCION' => 'Pensiones Incapacidades Cesantias Cartas FNA',
  'AR_C_ID' => '1',
  'AR_ACTIVO' => '1',
  'AR_ALIAS' => 'A',
  'AR_MOSTRAR_NOMBRE_PANTALLA' => '0',
) 
2014-09-01 11:37:23 --> se va a crear el turno 
2014-09-01 11:37:23 --> se creo el turno 17 del area A 
2014-09-01 11:37:47 --> crear el consumidor 
2014-09-01 11:37:58 --> se creo el consumidor 15580 
2014-09-01 11:37:58 --> la informacion de la sede es array (
  'S_ID' => '2',
  'S_NOMBRE' => 'CENTRO',
  'S_DESCRIPCION' => 'Sede para atender los casos de la regional centro',
  'S_C_ID' => '1',
  'S_CANTIDAD_ENCUESTAS' => '10',
  'S_ACTIVO' => '1',
  'S_LOGO' => '7',
  'S_MUESTRA_VIDEO' => '0',
) 
2014-09-01 11:37:58 --> se va a extraer informacion del area  
2014-09-01 11:37:58 --> la informacion del area es array (
  'AR_ID' => '2',
  'AR_NOMBRE' => 'APORTES',
  'AR_DESCRIPCION' => 'Pensiones Incapacidades Cesantias Cartas FNA',
  'AR_C_ID' => '1',
  'AR_ACTIVO' => '1',
  'AR_ALIAS' => 'A',
  'AR_MOSTRAR_NOMBRE_PANTALLA' => '0',
) 
2014-09-01 11:37:58 --> se va a crear el turno 
2014-09-01 11:37:58 --> se creo el turno 18 del area A 
2014-09-01 11:40:41 --> crear el consumidor 
2014-09-01 11:40:41 --> se creo el consumidor 15584 
2014-09-01 11:40:41 --> la informacion de la sede es array (
  'S_ID' => '2',
  'S_NOMBRE' => 'CENTRO',
  'S_DESCRIPCION' => 'Sede para atender los casos de la regional centro',
  'S_C_ID' => '1',
  'S_CANTIDAD_ENCUESTAS' => '10',
  'S_ACTIVO' => '1',
  'S_LOGO' => '7',
  'S_MUESTRA_VIDEO' => '0',
) 
2014-09-01 11:40:41 --> se va a extraer informacion del area  
2014-09-01 11:40:41 --> la informacion del area es array (
  'AR_ID' => '1',
  'AR_NOMBRE' => 'GERENCIA_DEL_SERVICIO',
  'AR_DESCRIPCION' => 'Cartas punto de venta Cartas de renuncia',
  'AR_C_ID' => '1',
  'AR_ACTIVO' => '1',
  'AR_ALIAS' => 'GS',
  'AR_MOSTRAR_NOMBRE_PANTALLA' => '0',
) 
2014-09-01 11:40:41 --> se va a crear el turno 
2014-09-01 11:40:41 --> se creo el turno 48 del area GS 

2014-09-01 11:50:05 --> get_areas 1 
2014-09-01 11:50:05 --> buscando areas del cliente 
2014-09-01 11:50:15 --> crear el consumidor 
2014-09-01 11:50:15 --> se creo el consumidor 15590 
2014-09-01 11:50:15 --> la informacion de la sede es array (
  'S_ID' => '4',
  'S_NOMBRE' => 'OCCIDENTE',
  'S_DESCRIPCION' => 'Sedle para atender los casos de la regional occidente',
  'S_C_ID' => '1',
  'S_CANTIDAD_ENCUESTAS' => '10',
  'S_ACTIVO' => '1',
  'S_LOGO' => '7',
  'S_MUESTRA_VIDEO' => '0',
) 
2014-09-01 11:50:15 --> se va a extraer informacion del area  
2014-09-01 11:50:15 --> la informacion del area es array (
  'AR_ID' => '1',
  'AR_NOMBRE' => 'GERENCIA_DEL_SERVICIO',
  'AR_DESCRIPCION' => 'Cartas punto de venta Cartas de renuncia',
  'AR_C_ID' => '1',
  'AR_ACTIVO' => '1',
  'AR_ALIAS' => 'GS',
  'AR_MOSTRAR_NOMBRE_PANTALLA' => '0',
) 
2014-09-01 11:50:15 --> se va a crear el turno 
2014-09-01 11:50:15 --> se creo el turno 1 del area GS 

2014-09-01 12:24:01 --> get_areas 1 
2014-09-01 12:24:01 --> buscando areas del cliente 

2014-09-01 12:28:56 --> get_areas 1 
2014-09-01 12:28:56 --> buscando areas del cliente 
2014-09-01 12:29:01 --> crear el consumidor 
2014-09-01 12:29:01 --> se creo el consumidor 15611 
2014-09-01 12:29:01 --> la informacion de la sede es array (
  'S_ID' => '3',
  'S_NOMBRE' => 'NORTE',
  'S_DESCRIPCION' => 'Sede para atender los casos de la regional norte',
  'S_C_ID' => '1',
  'S_CANTIDAD_ENCUESTAS' => '10',
  'S_ACTIVO' => '1',
  'S_LOGO' => '7',
  'S_MUESTRA_VIDEO' => '0',
) 
2014-09-01 12:29:01 --> se va a extraer informacion del area  
2014-09-01 12:29:01 --> la informacion del area es array (
  'AR_ID' => '8',
  'AR_NOMBRE' => 'COMPENSACION_SALARIAL',
  'AR_DESCRIPCION' => 'Informacion pago nomina y liquidaciones',
  'AR_C_ID' => '1',
  'AR_ACTIVO' => '1',
  'AR_ALIAS' => 'CS',
  'AR_MOSTRAR_NOMBRE_PANTALLA' => '0',
) 
2014-09-01 12:29:01 --> se va a crear el turno 
2014-09-01 12:29:01 --> se creo el turno 3 del area CS 

2014-09-01 13:01:24 --> get_areas 1 
2014-09-01 13:01:24 --> buscando areas del cliente 
2014-09-01 13:01:47 --> crear el consumidor 
2014-09-01 13:01:47 --> se creo el consumidor 15621 
2014-09-01 13:01:47 --> la informacion de la sede es array (
  'S_ID' => '4',
  'S_NOMBRE' => 'OCCIDENTE',
  'S_DESCRIPCION' => 'Sedle para atender los casos de la regional occidente',
  'S_C_ID' => '1',
  'S_CANTIDAD_ENCUESTAS' => '10',
  'S_ACTIVO' => '1',
  'S_LOGO' => '7',
  'S_MUESTRA_VIDEO' => '0',
) 
2014-09-01 13:01:47 --> se va a extraer informacion del area  
2014-09-01 13:01:47 --> la informacion del area es array (
  'AR_ID' => '3',
  'AR_NOMBRE' => 'SEGUIMIENTO_AL_SERVICIO',
  'AR_DESCRIPCION' => 'SQR certificados especiales claves portal web',
  'AR_C_ID' => '1',
  'AR_ACTIVO' => '1',
  'AR_ALIAS' => 'SAS',
  'AR_MOSTRAR_NOMBRE_PANTALLA' => '0',
) 
2014-09-01 13:01:47 --> se va a crear el turno 
2014-09-01 13:01:47 --> se creo el turno 5 del area SAS 

2014-09-01 13:02:36 --> get_areas 1 
2014-09-01 13:02:36 --> buscando areas del cliente 

2014-09-01 13:03:32 --> get_areas 1 
2014-09-01 13:03:32 --> buscando areas del cliente 
2014-09-01 13:03:50 --> crear el consumidor 
2014-09-01 13:03:50 --> se creo el consumidor 15624 
2014-09-01 13:03:50 --> la informacion de la sede es array (
  'S_ID' => '4',
  'S_NOMBRE' => 'OCCIDENTE',
  'S_DESCRIPCION' => 'Sedle para atender los casos de la regional occidente',
  'S_C_ID' => '1',
  'S_CANTIDAD_ENCUESTAS' => '10',
  'S_ACTIVO' => '1',
  'S_LOGO' => '7',
  'S_MUESTRA_VIDEO' => '0',
) 
2014-09-01 13:03:50 --> se va a extraer informacion del area  
2014-09-01 13:03:50 --> la informacion del area es array (
  'AR_ID' => '5',
  'AR_NOMBRE' => 'OTROS',
  'AR_DESCRIPCION' => 'Otros',
  'AR_C_ID' => '1',
  'AR_ACTIVO' => '1',
  'AR_ALIAS' => 'O',
  'AR_MOSTRAR_NOMBRE_PANTALLA' => '0',
) 
2014-09-01 13:03:50 --> se va a crear el turno 
2014-09-01 13:03:50 --> se creo el turno 8 del area O 

2014-09-01 13:16:55 --> get_areas 1 
2014-09-01 13:16:55 --> buscando areas del cliente 
2014-09-01 13:17:08 --> crear el consumidor 
2014-09-01 13:17:08 --> se creo el consumidor 15632 
2014-09-01 13:17:08 --> la informacion de la sede es array (
  'S_ID' => '4',
  'S_NOMBRE' => 'OCCIDENTE',
  'S_DESCRIPCION' => 'Sedle para atender los casos de la regional occidente',
  'S_C_ID' => '1',
  'S_CANTIDAD_ENCUESTAS' => '10',
  'S_ACTIVO' => '1',
  'S_LOGO' => '7',
  'S_MUESTRA_VIDEO' => '0',
) 
2014-09-01 13:17:08 --> se va a extraer informacion del area  
2014-09-01 13:17:08 --> la informacion del area es array (
  'AR_ID' => '5',
  'AR_NOMBRE' => 'OTROS',
  'AR_DESCRIPCION' => 'Otros',
  'AR_C_ID' => '1',
  'AR_ACTIVO' => '1',
  'AR_ALIAS' => 'O',
  'AR_MOSTRAR_NOMBRE_PANTALLA' => '0',
) 
2014-09-01 13:17:08 --> se va a crear el turno 
2014-09-01 13:17:08 --> se creo el turno 9 del area O 

2014-09-01 13:42:23 --> get_areas 1 
2014-09-01 13:42:23 --> buscando areas del cliente 
2014-09-01 13:43:04 --> crear el consumidor 
2014-09-01 13:43:04 --> se creo el consumidor 15638 
2014-09-01 13:43:04 --> la informacion de la sede es array (
  'S_ID' => '4',
  'S_NOMBRE' => 'OCCIDENTE',
  'S_DESCRIPCION' => 'Sedle para atender los casos de la regional occidente',
  'S_C_ID' => '1',
  'S_CANTIDAD_ENCUESTAS' => '10',
  'S_ACTIVO' => '1',
  'S_LOGO' => '7',
  'S_MUESTRA_VIDEO' => '0',
) 
2014-09-01 13:43:04 --> se va a extraer informacion del area  
2014-09-01 13:43:04 --> la informacion del area es array (
  'AR_ID' => '2',
  'AR_NOMBRE' => 'APORTES',
  'AR_DESCRIPCION' => 'Pensiones Incapacidades Cesantias Cartas FNA',
  'AR_C_ID' => '1',
  'AR_ACTIVO' => '1',
  'AR_ALIAS' => 'A',
  'AR_MOSTRAR_NOMBRE_PANTALLA' => '0',
) 
2014-09-01 13:43:04 --> se va a crear el turno 
2014-09-01 13:43:04 --> se creo el turno 10 del area A 

2014-09-01 13:45:02 --> get_areas 1 
2014-09-01 13:45:02 --> buscando areas del cliente 

2014-09-01 13:55:48 --> get_areas 1 
2014-09-01 13:55:48 --> buscando areas del cliente 

2014-09-01 14:03:23 --> get_areas 1 
2014-09-01 14:03:23 --> buscando areas del cliente 
2014-09-01 14:03:38 --> crear el consumidor 
2014-09-01 14:03:38 --> se creo el consumidor 15639 
2014-09-01 14:03:38 --> la informacion de la sede es array (
  'S_ID' => '3',
  'S_NOMBRE' => 'NORTE',
  'S_DESCRIPCION' => 'Sede para atender los casos de la regional norte',
  'S_C_ID' => '1',
  'S_CANTIDAD_ENCUESTAS' => '10',
  'S_ACTIVO' => '1',
  'S_LOGO' => '7',
  'S_MUESTRA_VIDEO' => '0',
) 
2014-09-01 14:03:38 --> se va a extraer informacion del area  
2014-09-01 14:03:38 --> la informacion del area es array (
  'AR_ID' => '8',
  'AR_NOMBRE' => 'COMPENSACION_SALARIAL',
  'AR_DESCRIPCION' => 'Informacion pago nomina y liquidaciones',
  'AR_C_ID' => '1',
  'AR_ACTIVO' => '1',
  'AR_ALIAS' => 'CS',
  'AR_MOSTRAR_NOMBRE_PANTALLA' => '0',
) 
2014-09-01 14:03:38 --> se va a crear el turno 
2014-09-01 14:03:38 --> se creo el turno 4 del area CS 

2014-09-01 14:08:05 --> get_areas 1 
2014-09-01 14:08:05 --> buscando areas del cliente 
2014-09-01 14:08:17 --> crear el consumidor 
2014-09-01 14:08:17 --> se creo el consumidor 15642 
2014-09-01 14:08:17 --> la informacion de la sede es array (
  'S_ID' => '3',
  'S_NOMBRE' => 'NORTE',
  'S_DESCRIPCION' => 'Sede para atender los casos de la regional norte',
  'S_C_ID' => '1',
  'S_CANTIDAD_ENCUESTAS' => '10',
  'S_ACTIVO' => '1',
  'S_LOGO' => '7',
  'S_MUESTRA_VIDEO' => '0',
) 
2014-09-01 14:08:17 --> se va a extraer informacion del area  
2014-09-01 14:08:17 --> la informacion del area es array (
  'AR_ID' => '2',
  'AR_NOMBRE' => 'APORTES',
  'AR_DESCRIPCION' => 'Pensiones Incapacidades Cesantias Cartas FNA',
  'AR_C_ID' => '1',
  'AR_ACTIVO' => '1',
  'AR_ALIAS' => 'A',
  'AR_MOSTRAR_NOMBRE_PANTALLA' => '0',
) 
2014-09-01 14:08:17 --> se va a crear el turno 
2014-09-01 14:08:17 --> se creo el turno 11 del area A 

2014-09-01 14:09:01 --> get_areas 1 
2014-09-01 14:09:01 --> buscando areas del cliente 
2014-09-01 14:09:04 --> crear el consumidor 
2014-09-01 14:09:08 --> se creo el consumidor 15644 
2014-09-01 14:09:08 --> la informacion de la sede es array (
  'S_ID' => '3',
  'S_NOMBRE' => 'NORTE',
  'S_DESCRIPCION' => 'Sede para atender los casos de la regional norte',
  'S_C_ID' => '1',
  'S_CANTIDAD_ENCUESTAS' => '10',
  'S_ACTIVO' => '1',
  'S_LOGO' => '7',
  'S_MUESTRA_VIDEO' => '0',
) 
2014-09-01 14:09:08 --> se va a extraer informacion del area  
2014-09-01 14:09:08 --> la informacion del area es array (
  'AR_ID' => '2',
  'AR_NOMBRE' => 'APORTES',
  'AR_DESCRIPCION' => 'Pensiones Incapacidades Cesantias Cartas FNA',
  'AR_C_ID' => '1',
  'AR_ACTIVO' => '1',
  'AR_ALIAS' => 'A',
  'AR_MOSTRAR_NOMBRE_PANTALLA' => '0',
) 
2014-09-01 14:09:08 --> se va a crear el turno 
2014-09-01 14:09:08 --> se creo el turno 12 del area A 

2014-09-01 14:11:32 --> get_areas 1 
2014-09-01 14:11:32 --> buscando areas del cliente 
2014-09-01 14:11:49 --> crear el consumidor 
2014-09-01 14:11:49 --> se creo el consumidor 15648 
2014-09-01 14:11:49 --> la informacion de la sede es array (
  'S_ID' => '4',
  'S_NOMBRE' => 'OCCIDENTE',
  'S_DESCRIPCION' => 'Sedle para atender los casos de la regional occidente',
  'S_C_ID' => '1',
  'S_CANTIDAD_ENCUESTAS' => '10',
  'S_ACTIVO' => '1',
  'S_LOGO' => '7',
  'S_MUESTRA_VIDEO' => '0',
) 
2014-09-01 14:11:49 --> se va a extraer informacion del area  
2014-09-01 14:11:49 --> la informacion del area es array (
  'AR_ID' => '8',
  'AR_NOMBRE' => 'COMPENSACION_SALARIAL',
  'AR_DESCRIPCION' => 'Informacion pago nomina y liquidaciones',
  'AR_C_ID' => '1',
  'AR_ACTIVO' => '1',
  'AR_ALIAS' => 'CS',
  'AR_MOSTRAR_NOMBRE_PANTALLA' => '0',
) 
2014-09-01 14:11:49 --> se va a crear el turno 
2014-09-01 14:11:49 --> se creo el turno 2 del area CS 

2014-09-01 14:15:43 --> get_areas 1 
2014-09-01 14:15:43 --> buscando areas del cliente 
2014-09-01 14:15:57 --> crear el consumidor 
2014-09-01 14:16:01 --> se creo el consumidor 15652 
2014-09-01 14:16:01 --> la informacion de la sede es array (
  'S_ID' => '4',
  'S_NOMBRE' => 'OCCIDENTE',
  'S_DESCRIPCION' => 'Sedle para atender los casos de la regional occidente',
  'S_C_ID' => '1',
  'S_CANTIDAD_ENCUESTAS' => '10',
  'S_ACTIVO' => '1',
  'S_LOGO' => '7',
  'S_MUESTRA_VIDEO' => '0',
) 
2014-09-01 14:16:01 --> se va a extraer informacion del area  
2014-09-01 14:16:01 --> la informacion del area es array (
  'AR_ID' => '2',
  'AR_NOMBRE' => 'APORTES',
  'AR_DESCRIPCION' => 'Pensiones Incapacidades Cesantias Cartas FNA',
  'AR_C_ID' => '1',
  'AR_ACTIVO' => '1',
  'AR_ALIAS' => 'A',
  'AR_MOSTRAR_NOMBRE_PANTALLA' => '0',
) 
2014-09-01 14:16:01 --> se va a crear el turno 
2014-09-01 14:16:01 --> se creo el turno 11 del area A 

2014-09-01 14:17:56 --> get_areas 1 
2014-09-01 14:17:56 --> buscando areas del cliente 
2014-09-01 14:18:05 --> crear el consumidor 
2014-09-01 14:18:08 --> se creo el consumidor 15653 
2014-09-01 14:18:08 --> la informacion de la sede es array (
  'S_ID' => '4',
  'S_NOMBRE' => 'OCCIDENTE',
  'S_DESCRIPCION' => 'Sedle para atender los casos de la regional occidente',
  'S_C_ID' => '1',
  'S_CANTIDAD_ENCUESTAS' => '10',
  'S_ACTIVO' => '1',
  'S_LOGO' => '7',
  'S_MUESTRA_VIDEO' => '0',
) 
2014-09-01 14:18:08 --> se va a extraer informacion del area  
2014-09-01 14:18:08 --> la informacion del area es array (
  'AR_ID' => '1',
  'AR_NOMBRE' => 'GERENCIA_DEL_SERVICIO',
  'AR_DESCRIPCION' => 'Cartas punto de venta Cartas de renuncia',
  'AR_C_ID' => '1',
  'AR_ACTIVO' => '1',
  'AR_ALIAS' => 'GS',
  'AR_MOSTRAR_NOMBRE_PANTALLA' => '0',
) 
2014-09-01 14:18:08 --> se va a crear el turno 
2014-09-01 14:18:08 --> se creo el turno 2 del area GS 

2014-09-01 14:31:25 --> get_areas 1 
2014-09-01 14:31:25 --> buscando areas del cliente 

2014-09-01 14:31:45 --> get_areas 1 
2014-09-01 14:31:45 --> buscando areas del cliente 
2014-09-01 14:31:51 --> crear el consumidor 
2014-09-01 14:31:51 --> se creo el consumidor 15655 
2014-09-01 14:31:51 --> la informacion de la sede es array (
  'S_ID' => '4',
  'S_NOMBRE' => 'OCCIDENTE',
  'S_DESCRIPCION' => 'Sedle para atender los casos de la regional occidente',
  'S_C_ID' => '1',
  'S_CANTIDAD_ENCUESTAS' => '10',
  'S_ACTIVO' => '1',
  'S_LOGO' => '7',
  'S_MUESTRA_VIDEO' => '0',
) 
2014-09-01 14:31:51 --> se va a extraer informacion del area  
2014-09-01 14:31:51 --> la informacion del area es array (
  'AR_ID' => '5',
  'AR_NOMBRE' => 'OTROS',
  'AR_DESCRIPCION' => 'Otros',
  'AR_C_ID' => '1',
  'AR_ACTIVO' => '1',
  'AR_ALIAS' => 'O',
  'AR_MOSTRAR_NOMBRE_PANTALLA' => '0',
) 
2014-09-01 14:31:51 --> se va a crear el turno 
2014-09-01 14:31:51 --> se creo el turno 10 del area O 

2014-09-01 14:37:57 --> get_areas 1 
2014-09-01 14:37:57 --> buscando areas del cliente 
2014-09-01 14:38:24 --> crear el consumidor 
2014-09-01 14:38:24 --> se creo el consumidor 15657 
2014-09-01 14:38:24 --> la informacion de la sede es array (
  'S_ID' => '4',
  'S_NOMBRE' => 'OCCIDENTE',
  'S_DESCRIPCION' => 'Sedle para atender los casos de la regional occidente',
  'S_C_ID' => '1',
  'S_CANTIDAD_ENCUESTAS' => '10',
  'S_ACTIVO' => '1',
  'S_LOGO' => '7',
  'S_MUESTRA_VIDEO' => '0',
) 
2014-09-01 14:38:24 --> se va a extraer informacion del area  
2014-09-01 14:38:24 --> la informacion del area es array (
  'AR_ID' => '5',
  'AR_NOMBRE' => 'OTROS',
  'AR_DESCRIPCION' => 'Otros',
  'AR_C_ID' => '1',
  'AR_ACTIVO' => '1',
  'AR_ALIAS' => 'O',
  'AR_MOSTRAR_NOMBRE_PANTALLA' => '0',
) 
2014-09-01 14:38:24 --> se va a crear el turno 
2014-09-01 14:38:24 --> se creo el turno 11 del area O 

2014-09-01 14:38:36 --> get_areas 1 
2014-09-01 14:38:36 --> buscando areas del cliente 

2014-09-01 14:39:10 --> get_areas 1 
2014-09-01 14:39:10 --> buscando areas del cliente 
2014-09-01 14:39:23 --> crear el consumidor 
2014-09-01 14:39:23 --> se creo el consumidor 15658 
2014-09-01 14:39:23 --> la informacion de la sede es array (
  'S_ID' => '4',
  'S_NOMBRE' => 'OCCIDENTE',
  'S_DESCRIPCION' => 'Sedle para atender los casos de la regional occidente',
  'S_C_ID' => '1',
  'S_CANTIDAD_ENCUESTAS' => '10',
  'S_ACTIVO' => '1',
  'S_LOGO' => '7',
  'S_MUESTRA_VIDEO' => '0',
) 
2014-09-01 14:39:23 --> se va a extraer informacion del area  
2014-09-01 14:39:23 --> la informacion del area es array (
  'AR_ID' => '5',
  'AR_NOMBRE' => 'OTROS',
  'AR_DESCRIPCION' => 'Otros',
  'AR_C_ID' => '1',
  'AR_ACTIVO' => '1',
  'AR_ALIAS' => 'O',
  'AR_MOSTRAR_NOMBRE_PANTALLA' => '0',
) 
2014-09-01 14:39:23 --> se va a crear el turno 
2014-09-01 14:39:23 --> se creo el turno 12 del area O 

2014-09-01 14:40:14 --> get_areas 1 
2014-09-01 14:40:14 --> buscando areas del cliente 
2014-09-01 14:40:29 --> crear el consumidor 
2014-09-01 14:40:29 --> se creo el consumidor 15659 
2014-09-01 14:40:29 --> la informacion de la sede es array (
  'S_ID' => '3',
  'S_NOMBRE' => 'NORTE',
  'S_DESCRIPCION' => 'Sede para atender los casos de la regional norte',
  'S_C_ID' => '1',
  'S_CANTIDAD_ENCUESTAS' => '10',
  'S_ACTIVO' => '1',
  'S_LOGO' => '7',
  'S_MUESTRA_VIDEO' => '0',
) 
2014-09-01 14:40:29 --> se va a extraer informacion del area  
2014-09-01 14:40:29 --> la informacion del area es array (
  'AR_ID' => '5',
  'AR_NOMBRE' => 'OTROS',
  'AR_DESCRIPCION' => 'Otros',
  'AR_C_ID' => '1',
  'AR_ACTIVO' => '1',
  'AR_ALIAS' => 'O',
  'AR_MOSTRAR_NOMBRE_PANTALLA' => '0',
) 
2014-09-01 14:40:29 --> se va a crear el turno 
2014-09-01 14:40:29 --> se creo el turno 8 del area O 

2014-09-01 14:40:49 --> get_areas 1 
2014-09-01 14:40:49 --> buscando areas del cliente 
2014-09-01 14:40:55 --> crear el consumidor 
2014-09-01 14:40:55 --> se creo el consumidor 15660 
2014-09-01 14:40:55 --> la informacion de la sede es array (
  'S_ID' => '4',
  'S_NOMBRE' => 'OCCIDENTE',
  'S_DESCRIPCION' => 'Sedle para atender los casos de la regional occidente',
  'S_C_ID' => '1',
  'S_CANTIDAD_ENCUESTAS' => '10',
  'S_ACTIVO' => '1',
  'S_LOGO' => '7',
  'S_MUESTRA_VIDEO' => '0',
) 
2014-09-01 14:40:55 --> se va a extraer informacion del area  
2014-09-01 14:40:55 --> la informacion del area es array (
  'AR_ID' => '5',
  'AR_NOMBRE' => 'OTROS',
  'AR_DESCRIPCION' => 'Otros',
  'AR_C_ID' => '1',
  'AR_ACTIVO' => '1',
  'AR_ALIAS' => 'O',
  'AR_MOSTRAR_NOMBRE_PANTALLA' => '0',
) 
2014-09-01 14:40:55 --> se va a crear el turno 
2014-09-01 14:40:55 --> se creo el turno 13 del area O 

2014-09-01 14:42:02 --> get_areas 1 
2014-09-01 14:42:02 --> buscando areas del cliente 
2014-09-01 14:42:05 --> crear el consumidor 
2014-09-01 14:42:05 --> se creo el consumidor 15661 
2014-09-01 14:42:05 --> la informacion de la sede es array (
  'S_ID' => '4',
  'S_NOMBRE' => 'OCCIDENTE',
  'S_DESCRIPCION' => 'Sedle para atender los casos de la regional occidente',
  'S_C_ID' => '1',
  'S_CANTIDAD_ENCUESTAS' => '10',
  'S_ACTIVO' => '1',
  'S_LOGO' => '7',
  'S_MUESTRA_VIDEO' => '0',
) 
2014-09-01 14:42:05 --> se va a extraer informacion del area  
2014-09-01 14:42:05 --> la informacion del area es array (
  'AR_ID' => '5',
  'AR_NOMBRE' => 'OTROS',
  'AR_DESCRIPCION' => 'Otros',
  'AR_C_ID' => '1',
  'AR_ACTIVO' => '1',
  'AR_ALIAS' => 'O',
  'AR_MOSTRAR_NOMBRE_PANTALLA' => '0',
) 
2014-09-01 14:42:05 --> se va a crear el turno 
2014-09-01 14:42:05 --> se creo el turno 14 del area O 

2014-09-01 14:51:17 --> get_areas 1 
2014-09-01 14:51:17 --> buscando areas del cliente 

2014-09-01 15:03:32 --> get_areas 1 
2014-09-01 15:03:32 --> buscando areas del cliente 
2014-09-01 15:03:42 --> crear el consumidor 
2014-09-01 15:03:42 --> se creo el consumidor 15665 
2014-09-01 15:03:42 --> la informacion de la sede es array (
  'S_ID' => '4',
  'S_NOMBRE' => 'OCCIDENTE',
  'S_DESCRIPCION' => 'Sedle para atender los casos de la regional occidente',
  'S_C_ID' => '1',
  'S_CANTIDAD_ENCUESTAS' => '10',
  'S_ACTIVO' => '1',
  'S_LOGO' => '7',
  'S_MUESTRA_VIDEO' => '0',
) 
2014-09-01 15:03:42 --> se va a extraer informacion del area  
2014-09-01 15:03:42 --> la informacion del area es array (
  'AR_ID' => '2',
  'AR_NOMBRE' => 'APORTES',
  'AR_DESCRIPCION' => 'Pensiones Incapacidades Cesantias Cartas FNA',
  'AR_C_ID' => '1',
  'AR_ACTIVO' => '1',
  'AR_ALIAS' => 'A',
  'AR_MOSTRAR_NOMBRE_PANTALLA' => '0',
) 
2014-09-01 15:03:42 --> se va a crear el turno 
2014-09-01 15:03:42 --> se creo el turno 12 del area A 

2014-09-01 15:08:17 --> get_areas 1 
2014-09-01 15:08:17 --> buscando areas del cliente 
2014-09-01 15:08:29 --> crear el consumidor 
2014-09-01 15:08:35 --> se creo el consumidor 15669 
2014-09-01 15:08:35 --> la informacion de la sede es array (
  'S_ID' => '3',
  'S_NOMBRE' => 'NORTE',
  'S_DESCRIPCION' => 'Sede para atender los casos de la regional norte',
  'S_C_ID' => '1',
  'S_CANTIDAD_ENCUESTAS' => '10',
  'S_ACTIVO' => '1',
  'S_LOGO' => '7',
  'S_MUESTRA_VIDEO' => '0',
) 
2014-09-01 15:08:35 --> se va a extraer informacion del area  
2014-09-01 15:08:35 --> la informacion del area es array (
  'AR_ID' => '2',
  'AR_NOMBRE' => 'APORTES',
  'AR_DESCRIPCION' => 'Pensiones Incapacidades Cesantias Cartas FNA',
  'AR_C_ID' => '1',
  'AR_ACTIVO' => '1',
  'AR_ALIAS' => 'A',
  'AR_MOSTRAR_NOMBRE_PANTALLA' => '0',
) 
2014-09-01 15:08:35 --> se va a crear el turno 
2014-09-01 15:08:35 --> se creo el turno 13 del area A 

2014-09-01 15:13:47 --> get_areas 1 
2014-09-01 15:13:47 --> buscando areas del cliente 
2014-09-01 15:13:50 --> crear el consumidor 
2014-09-01 15:13:50 --> se creo el consumidor 15671 
2014-09-01 15:13:50 --> la informacion de la sede es array (
  'S_ID' => '4',
  'S_NOMBRE' => 'OCCIDENTE',
  'S_DESCRIPCION' => 'Sedle para atender los casos de la regional occidente',
  'S_C_ID' => '1',
  'S_CANTIDAD_ENCUESTAS' => '10',
  'S_ACTIVO' => '1',
  'S_LOGO' => '7',
  'S_MUESTRA_VIDEO' => '0',
) 
2014-09-01 15:13:50 --> se va a extraer informacion del area  
2014-09-01 15:13:50 --> la informacion del area es array (
  'AR_ID' => '1',
  'AR_NOMBRE' => 'GERENCIA_DEL_SERVICIO',
  'AR_DESCRIPCION' => 'Cartas punto de venta Cartas de renuncia',
  'AR_C_ID' => '1',
  'AR_ACTIVO' => '1',
  'AR_ALIAS' => 'GS',
  'AR_MOSTRAR_NOMBRE_PANTALLA' => '0',
) 
2014-09-01 15:13:50 --> se va a crear el turno 
2014-09-01 15:13:50 --> se creo el turno 3 del area GS 

2014-09-01 15:43:41 --> get_areas 1 
2014-09-01 15:43:41 --> buscando areas del cliente 
2014-09-01 15:43:59 --> crear el consumidor 
2014-09-01 15:43:59 --> se creo el consumidor 15686 
2014-09-01 15:43:59 --> la informacion de la sede es array (
  'S_ID' => '4',
  'S_NOMBRE' => 'OCCIDENTE',
  'S_DESCRIPCION' => 'Sedle para atender los casos de la regional occidente',
  'S_C_ID' => '1',
  'S_CANTIDAD_ENCUESTAS' => '10',
  'S_ACTIVO' => '1',
  'S_LOGO' => '7',
  'S_MUESTRA_VIDEO' => '0',
) 
2014-09-01 15:43:59 --> se va a extraer informacion del area  
2014-09-01 15:43:59 --> la informacion del area es array (
  'AR_ID' => '5',
  'AR_NOMBRE' => 'OTROS',
  'AR_DESCRIPCION' => 'Otros',
  'AR_C_ID' => '1',
  'AR_ACTIVO' => '1',
  'AR_ALIAS' => 'O',
  'AR_MOSTRAR_NOMBRE_PANTALLA' => '0',
) 
2014-09-01 15:43:59 --> se va a crear el turno 
2014-09-01 15:43:59 --> se creo el turno 15 del area O 
2014-09-01 15:45:07 --> crear el consumidor 
2014-09-01 15:45:07 --> se creo el consumidor 15687 
2014-09-01 15:45:07 --> la informacion de la sede es array (
  'S_ID' => '2',
  'S_NOMBRE' => 'CENTRO',
  'S_DESCRIPCION' => 'Sede para atender los casos de la regional centro',
  'S_C_ID' => '1',
  'S_CANTIDAD_ENCUESTAS' => '10',
  'S_ACTIVO' => '1',
  'S_LOGO' => '7',
  'S_MUESTRA_VIDEO' => '0',
) 
2014-09-01 15:45:07 --> se va a extraer informacion del area  
2014-09-01 15:45:07 --> la informacion del area es array (
  'AR_ID' => '2',
  'AR_NOMBRE' => 'APORTES',
  'AR_DESCRIPCION' => 'Pensiones Incapacidades Cesantias Cartas FNA',
  'AR_C_ID' => '1',
  'AR_ACTIVO' => '1',
  'AR_ALIAS' => 'A',
  'AR_MOSTRAR_NOMBRE_PANTALLA' => '0',
) 
2014-09-01 15:45:07 --> se va a crear el turno 
2014-09-01 15:45:07 --> se creo el turno 40 del area A 

2014-09-01 15:51:05 --> get_areas 1 
2014-09-01 15:51:05 --> buscando areas del cliente 
2014-09-01 15:51:14 --> crear el consumidor 
2014-09-01 15:51:14 --> se creo el consumidor 15692 
2014-09-01 15:51:14 --> la informacion de la sede es array (
  'S_ID' => '4',
  'S_NOMBRE' => 'OCCIDENTE',
  'S_DESCRIPCION' => 'Sedle para atender los casos de la regional occidente',
  'S_C_ID' => '1',
  'S_CANTIDAD_ENCUESTAS' => '10',
  'S_ACTIVO' => '1',
  'S_LOGO' => '7',
  'S_MUESTRA_VIDEO' => '0',
) 
2014-09-01 15:51:14 --> se va a extraer informacion del area  
2014-09-01 15:51:14 --> la informacion del area es array (
  'AR_ID' => '5',
  'AR_NOMBRE' => 'OTROS',
  'AR_DESCRIPCION' => 'Otros',
  'AR_C_ID' => '1',
  'AR_ACTIVO' => '1',
  'AR_ALIAS' => 'O',
  'AR_MOSTRAR_NOMBRE_PANTALLA' => '0',
) 
2014-09-01 15:51:14 --> se va a crear el turno 
2014-09-01 15:51:14 --> se creo el turno 16 del area O 

2014-09-01 15:53:31 --> get_areas 1 
2014-09-01 15:53:31 --> buscando areas del cliente 
2014-09-01 15:53:42 --> crear el consumidor 
2014-09-01 15:53:42 --> se creo el consumidor 15693 
2014-09-01 15:53:42 --> la informacion de la sede es array (
  'S_ID' => '4',
  'S_NOMBRE' => 'OCCIDENTE',
  'S_DESCRIPCION' => 'Sedle para atender los casos de la regional occidente',
  'S_C_ID' => '1',
  'S_CANTIDAD_ENCUESTAS' => '10',
  'S_ACTIVO' => '1',
  'S_LOGO' => '7',
  'S_MUESTRA_VIDEO' => '0',
) 
2014-09-01 15:53:42 --> se va a extraer informacion del area  
2014-09-01 15:53:42 --> la informacion del area es array (
  'AR_ID' => '1',
  'AR_NOMBRE' => 'GERENCIA_DEL_SERVICIO',
  'AR_DESCRIPCION' => 'Cartas punto de venta Cartas de renuncia',
  'AR_C_ID' => '1',
  'AR_ACTIVO' => '1',
  'AR_ALIAS' => 'GS',
  'AR_MOSTRAR_NOMBRE_PANTALLA' => '0',
) 
2014-09-01 15:53:42 --> se va a crear el turno 
2014-09-01 15:53:42 --> se creo el turno 4 del area GS 

2014-09-01 15:54:29 --> get_areas 1 
2014-09-01 15:54:29 --> buscando areas del cliente 
2014-09-01 15:54:45 --> crear el consumidor 
2014-09-01 15:54:45 --> se creo el consumidor 15695 
2014-09-01 15:54:45 --> la informacion de la sede es array (
  'S_ID' => '4',
  'S_NOMBRE' => 'OCCIDENTE',
  'S_DESCRIPCION' => 'Sedle para atender los casos de la regional occidente',
  'S_C_ID' => '1',
  'S_CANTIDAD_ENCUESTAS' => '10',
  'S_ACTIVO' => '1',
  'S_LOGO' => '7',
  'S_MUESTRA_VIDEO' => '0',
) 
2014-09-01 15:54:45 --> se va a extraer informacion del area  
2014-09-01 15:54:45 --> la informacion del area es array (
  'AR_ID' => '8',
  'AR_NOMBRE' => 'COMPENSACION_SALARIAL',
  'AR_DESCRIPCION' => 'Informacion pago nomina y liquidaciones',
  'AR_C_ID' => '1',
  'AR_ACTIVO' => '1',
  'AR_ALIAS' => 'CS',
  'AR_MOSTRAR_NOMBRE_PANTALLA' => '0',
) 
2014-09-01 15:54:45 --> se va a crear el turno 
2014-09-01 15:54:45 --> se creo el turno 3 del area CS 

2014-09-01 16:38:08 --> get_areas 1 
2014-09-01 16:38:08 --> buscando areas del cliente 
2014-09-01 16:38:16 --> crear el consumidor 
2014-09-01 16:38:16 --> se creo el consumidor 15712 
2014-09-01 16:38:16 --> la informacion de la sede es array (
  'S_ID' => '4',
  'S_NOMBRE' => 'OCCIDENTE',
  'S_DESCRIPCION' => 'Sedle para atender los casos de la regional occidente',
  'S_C_ID' => '1',
  'S_CANTIDAD_ENCUESTAS' => '10',
  'S_ACTIVO' => '1',
  'S_LOGO' => '7',
  'S_MUESTRA_VIDEO' => '0',
) 
2014-09-01 16:38:16 --> se va a extraer informacion del area  
2014-09-01 16:38:16 --> la informacion del area es array (
  'AR_ID' => '1',
  'AR_NOMBRE' => 'GERENCIA_DEL_SERVICIO',
  'AR_DESCRIPCION' => 'Cartas punto de venta Cartas de renuncia',
  'AR_C_ID' => '1',
  'AR_ACTIVO' => '1',
  'AR_ALIAS' => 'GS',
  'AR_MOSTRAR_NOMBRE_PANTALLA' => '0',
) 
2014-09-01 16:38:16 --> se va a crear el turno 
2014-09-01 16:38:16 --> se creo el turno 5 del area GS 

2014-09-01 17:14:22 --> get_areas 1 
2014-09-01 17:14:22 --> buscando areas del cliente 

2014-09-01 17:50:30 --> get_areas 1 
2014-09-01 17:50:30 --> buscando areas del cliente 

2014-09-01 18:25:02 --> get_areas 1 
2014-09-01 18:25:02 --> buscando areas del cliente 
