
2014-11-20 07:22:34 --> get_areas 1 
2014-11-20 07:22:34 --> buscando areas del cliente 
2014-11-20 07:22:43 --> crear el consumidor 
2014-11-20 07:22:43 --> se creo el consumidor 24438 
2014-11-20 07:22:43 --> la informacion de la sede es array (
  'S_ID' => '5',
  'S_NOMBRE' => 'ORIENTE',
  'S_DESCRIPCION' => 'Sede para gestionar los casos de la regional Oriente',
  'S_C_ID' => '1',
  'S_CANTIDAD_ENCUESTAS' => '10',
  'S_ACTIVO' => '1',
  'S_LOGO' => '7',
  'S_MUESTRA_VIDEO' => '0',
) 
2014-11-20 07:22:43 --> se va a extraer informacion del area  
2014-11-20 07:22:43 --> la informacion del area es array (
  'AR_ID' => '1',
  'AR_NOMBRE' => 'GERENCIA_DEL_SERVICIO',
  'AR_DESCRIPCION' => 'Cartas punto de venta Cartas de renuncia',
  'AR_C_ID' => '1',
  'AR_ACTIVO' => '1',
  'AR_ALIAS' => 'GS',
  'AR_MOSTRAR_NOMBRE_PANTALLA' => '0',
) 
2014-11-20 07:22:43 --> se va a crear el turno 
2014-11-20 07:22:43 --> se creo el turno 1 del area GS 

2014-11-20 07:24:01 --> get_areas 1 
2014-11-20 07:24:01 --> buscando areas del cliente 
2014-11-20 07:24:05 --> crear el consumidor 
2014-11-20 07:24:05 --> se creo el consumidor 24439 
2014-11-20 07:24:05 --> la informacion de la sede es array (
  'S_ID' => '5',
  'S_NOMBRE' => 'ORIENTE',
  'S_DESCRIPCION' => 'Sede para gestionar los casos de la regional Oriente',
  'S_C_ID' => '1',
  'S_CANTIDAD_ENCUESTAS' => '10',
  'S_ACTIVO' => '1',
  'S_LOGO' => '7',
  'S_MUESTRA_VIDEO' => '0',
) 
2014-11-20 07:24:05 --> se va a extraer informacion del area  
2014-11-20 07:24:05 --> la informacion del area es array (
  'AR_ID' => '1',
  'AR_NOMBRE' => 'GERENCIA_DEL_SERVICIO',
  'AR_DESCRIPCION' => 'Cartas punto de venta Cartas de renuncia',
  'AR_C_ID' => '1',
  'AR_ACTIVO' => '1',
  'AR_ALIAS' => 'GS',
  'AR_MOSTRAR_NOMBRE_PANTALLA' => '0',
) 
2014-11-20 07:24:05 --> se va a crear el turno 
2014-11-20 07:24:05 --> se creo el turno 2 del area GS 

2014-11-20 07:44:29 --> get_areas 1 
2014-11-20 07:44:29 --> buscando areas del cliente 

2014-11-20 08:13:05 --> get_areas 1 
2014-11-20 08:13:05 --> buscando areas del cliente 

2014-11-20 08:52:52 --> get_areas 1 
2014-11-20 08:52:52 --> buscando areas del cliente 

2014-11-20 09:39:42 --> get_areas 1 
2014-11-20 09:39:42 --> buscando areas del cliente 
2014-11-20 09:39:51 --> crear el consumidor 
2014-11-20 09:39:51 --> se creo el consumidor 24459 
2014-11-20 09:39:51 --> la informacion de la sede es array (
  'S_ID' => '3',
  'S_NOMBRE' => 'NORTE',
  'S_DESCRIPCION' => 'Sede para atender los casos de la regional norte',
  'S_C_ID' => '1',
  'S_CANTIDAD_ENCUESTAS' => '10',
  'S_ACTIVO' => '1',
  'S_LOGO' => '7',
  'S_MUESTRA_VIDEO' => '0',
) 
2014-11-20 09:39:51 --> se va a extraer informacion del area  
2014-11-20 09:39:51 --> la informacion del area es array (
  'AR_ID' => '5',
  'AR_NOMBRE' => 'OTROS',
  'AR_DESCRIPCION' => 'Otros',
  'AR_C_ID' => '1',
  'AR_ACTIVO' => '1',
  'AR_ALIAS' => 'O',
  'AR_MOSTRAR_NOMBRE_PANTALLA' => '0',
) 
2014-11-20 09:39:51 --> se va a crear el turno 
2014-11-20 09:39:51 --> se creo el turno 1 del area O 

2014-11-20 09:54:15 --> get_areas 1 
2014-11-20 09:54:15 --> buscando areas del cliente 
2014-11-20 09:54:34 --> crear el consumidor 
2014-11-20 09:54:34 --> se creo el consumidor 24462 
2014-11-20 09:54:34 --> la informacion de la sede es array (
  'S_ID' => '3',
  'S_NOMBRE' => 'NORTE',
  'S_DESCRIPCION' => 'Sede para atender los casos de la regional norte',
  'S_C_ID' => '1',
  'S_CANTIDAD_ENCUESTAS' => '10',
  'S_ACTIVO' => '1',
  'S_LOGO' => '7',
  'S_MUESTRA_VIDEO' => '0',
) 
2014-11-20 09:54:34 --> se va a extraer informacion del area  
2014-11-20 09:54:34 --> la informacion del area es array (
  'AR_ID' => '5',
  'AR_NOMBRE' => 'OTROS',
  'AR_DESCRIPCION' => 'Otros',
  'AR_C_ID' => '1',
  'AR_ACTIVO' => '1',
  'AR_ALIAS' => 'O',
  'AR_MOSTRAR_NOMBRE_PANTALLA' => '0',
) 
2014-11-20 09:54:34 --> se va a crear el turno 
2014-11-20 09:54:34 --> se creo el turno 2 del area O 
2014-11-20 09:56:04 --> crear el consumidor 
2014-11-20 09:56:04 --> se creo el consumidor 24463 
2014-11-20 09:56:04 --> la informacion de la sede es array (
  'S_ID' => '5',
  'S_NOMBRE' => 'ORIENTE',
  'S_DESCRIPCION' => 'Sede para gestionar los casos de la regional Oriente',
  'S_C_ID' => '1',
  'S_CANTIDAD_ENCUESTAS' => '10',
  'S_ACTIVO' => '1',
  'S_LOGO' => '7',
  'S_MUESTRA_VIDEO' => '0',
) 
2014-11-20 09:56:04 --> se va a extraer informacion del area  
2014-11-20 09:56:04 --> la informacion del area es array (
  'AR_ID' => '5',
  'AR_NOMBRE' => 'OTROS',
  'AR_DESCRIPCION' => 'Otros',
  'AR_C_ID' => '1',
  'AR_ACTIVO' => '1',
  'AR_ALIAS' => 'O',
  'AR_MOSTRAR_NOMBRE_PANTALLA' => '0',
) 
2014-11-20 09:56:04 --> se va a crear el turno 
2014-11-20 09:56:04 --> se creo el turno 1 del area O 

2014-11-20 10:06:08 --> get_areas 1 
2014-11-20 10:06:08 --> buscando areas del cliente 

2014-11-20 10:08:48 --> get_areas 1 
2014-11-20 10:08:48 --> buscando areas del cliente 

2014-11-20 10:35:02 --> get_areas 1 
2014-11-20 10:35:02 --> buscando areas del cliente 

2014-11-20 10:54:47 --> get_areas 1 
2014-11-20 10:54:47 --> buscando areas del cliente 
2014-11-20 10:54:58 --> crear el consumidor 
2014-11-20 10:54:58 --> se creo el consumidor 24493 
2014-11-20 10:54:58 --> la informacion de la sede es array (
  'S_ID' => '2',
  'S_NOMBRE' => 'CENTRO',
  'S_DESCRIPCION' => 'Sede para atender los casos de la regional centro',
  'S_C_ID' => '1',
  'S_CANTIDAD_ENCUESTAS' => '10',
  'S_ACTIVO' => '1',
  'S_LOGO' => '7',
  'S_MUESTRA_VIDEO' => '0',
) 
2014-11-20 10:54:58 --> se va a extraer informacion del area  
2014-11-20 10:54:58 --> la informacion del area es array (
  'AR_ID' => '8',
  'AR_NOMBRE' => 'COMPENSACION_SALARIAL',
  'AR_DESCRIPCION' => 'Informacion pago nomina y liquidaciones',
  'AR_C_ID' => '1',
  'AR_ACTIVO' => '1',
  'AR_ALIAS' => 'CS',
  'AR_MOSTRAR_NOMBRE_PANTALLA' => '0',
) 
2014-11-20 10:54:58 --> se va a crear el turno 
2014-11-20 10:54:58 --> se creo el turno 3 del area CS 

2014-11-20 10:59:01 --> get_areas 1 
2014-11-20 10:59:01 --> buscando areas del cliente 
2014-11-20 10:59:07 --> crear el consumidor 
2014-11-20 10:59:07 --> se creo el consumidor 24495 
2014-11-20 10:59:07 --> la informacion de la sede es array (
  'S_ID' => '2',
  'S_NOMBRE' => 'CENTRO',
  'S_DESCRIPCION' => 'Sede para atender los casos de la regional centro',
  'S_C_ID' => '1',
  'S_CANTIDAD_ENCUESTAS' => '10',
  'S_ACTIVO' => '1',
  'S_LOGO' => '7',
  'S_MUESTRA_VIDEO' => '0',
) 
2014-11-20 10:59:07 --> se va a extraer informacion del area  
2014-11-20 10:59:07 --> la informacion del area es array (
  'AR_ID' => '8',
  'AR_NOMBRE' => 'COMPENSACION_SALARIAL',
  'AR_DESCRIPCION' => 'Informacion pago nomina y liquidaciones',
  'AR_C_ID' => '1',
  'AR_ACTIVO' => '1',
  'AR_ALIAS' => 'CS',
  'AR_MOSTRAR_NOMBRE_PANTALLA' => '0',
) 
2014-11-20 10:59:07 --> se va a crear el turno 
2014-11-20 10:59:07 --> se creo el turno 4 del area CS 

2014-11-20 11:13:55 --> get_areas 1 
2014-11-20 11:13:55 --> buscando areas del cliente 

2014-11-20 11:26:53 --> get_areas 1 
2014-11-20 11:26:53 --> buscando areas del cliente 
2014-11-20 11:27:06 --> crear el consumidor 
2014-11-20 11:27:06 --> se creo el consumidor 24502 
2014-11-20 11:27:06 --> la informacion de la sede es array (
  'S_ID' => '4',
  'S_NOMBRE' => 'OCCIDENTE',
  'S_DESCRIPCION' => 'Sedle para atender los casos de la regional occidente',
  'S_C_ID' => '1',
  'S_CANTIDAD_ENCUESTAS' => '10',
  'S_ACTIVO' => '1',
  'S_LOGO' => '7',
  'S_MUESTRA_VIDEO' => '0',
) 
2014-11-20 11:27:06 --> se va a extraer informacion del area  
2014-11-20 11:27:06 --> la informacion del area es array (
  'AR_ID' => '5',
  'AR_NOMBRE' => 'OTROS',
  'AR_DESCRIPCION' => 'Otros',
  'AR_C_ID' => '1',
  'AR_ACTIVO' => '1',
  'AR_ALIAS' => 'O',
  'AR_MOSTRAR_NOMBRE_PANTALLA' => '0',
) 
2014-11-20 11:27:06 --> se va a crear el turno 
2014-11-20 11:27:06 --> se creo el turno 1 del area O 

2014-11-20 11:28:00 --> get_areas 1 
2014-11-20 11:28:00 --> buscando areas del cliente 
2014-11-20 11:28:10 --> crear el consumidor 
2014-11-20 11:28:10 --> se creo el consumidor 24503 
2014-11-20 11:28:10 --> la informacion de la sede es array (
  'S_ID' => '4',
  'S_NOMBRE' => 'OCCIDENTE',
  'S_DESCRIPCION' => 'Sedle para atender los casos de la regional occidente',
  'S_C_ID' => '1',
  'S_CANTIDAD_ENCUESTAS' => '10',
  'S_ACTIVO' => '1',
  'S_LOGO' => '7',
  'S_MUESTRA_VIDEO' => '0',
) 
2014-11-20 11:28:10 --> se va a extraer informacion del area  
2014-11-20 11:28:10 --> la informacion del area es array (
  'AR_ID' => '5',
  'AR_NOMBRE' => 'OTROS',
  'AR_DESCRIPCION' => 'Otros',
  'AR_C_ID' => '1',
  'AR_ACTIVO' => '1',
  'AR_ALIAS' => 'O',
  'AR_MOSTRAR_NOMBRE_PANTALLA' => '0',
) 
2014-11-20 11:28:10 --> se va a crear el turno 
2014-11-20 11:28:10 --> se creo el turno 2 del area O 

2014-11-20 11:30:30 --> get_areas 1 
2014-11-20 11:30:30 --> buscando areas del cliente 
2014-11-20 11:30:47 --> crear el consumidor 
2014-11-20 11:30:47 --> se creo el consumidor 24506 
2014-11-20 11:30:47 --> la informacion de la sede es array (
  'S_ID' => '3',
  'S_NOMBRE' => 'NORTE',
  'S_DESCRIPCION' => 'Sede para atender los casos de la regional norte',
  'S_C_ID' => '1',
  'S_CANTIDAD_ENCUESTAS' => '10',
  'S_ACTIVO' => '1',
  'S_LOGO' => '7',
  'S_MUESTRA_VIDEO' => '0',
) 
2014-11-20 11:30:47 --> se va a extraer informacion del area  
2014-11-20 11:30:47 --> la informacion del area es array (
  'AR_ID' => '5',
  'AR_NOMBRE' => 'OTROS',
  'AR_DESCRIPCION' => 'Otros',
  'AR_C_ID' => '1',
  'AR_ACTIVO' => '1',
  'AR_ALIAS' => 'O',
  'AR_MOSTRAR_NOMBRE_PANTALLA' => '0',
) 
2014-11-20 11:30:47 --> se va a crear el turno 
2014-11-20 11:30:47 --> se creo el turno 3 del area O 

2014-11-20 11:34:13 --> get_areas 1 
2014-11-20 11:34:13 --> buscando areas del cliente 

2014-11-20 14:25:56 --> get_areas 1 
2014-11-20 14:25:56 --> buscando areas del cliente 

2014-11-20 14:27:20 --> get_areas 1 
2014-11-20 14:27:20 --> buscando areas del cliente 

2014-11-20 14:41:34 --> get_areas 1 
2014-11-20 14:41:34 --> buscando areas del cliente 
2014-11-20 14:41:36 --> crear el consumidor 
2014-11-20 14:41:36 --> se creo el consumidor 24545 
2014-11-20 14:41:36 --> la informacion de la sede es array (
  'S_ID' => '4',
  'S_NOMBRE' => 'OCCIDENTE',
  'S_DESCRIPCION' => 'Sedle para atender los casos de la regional occidente',
  'S_C_ID' => '1',
  'S_CANTIDAD_ENCUESTAS' => '10',
  'S_ACTIVO' => '1',
  'S_LOGO' => '7',
  'S_MUESTRA_VIDEO' => '0',
) 
2014-11-20 14:41:36 --> se va a extraer informacion del area  
2014-11-20 14:41:36 --> la informacion del area es array (
  'AR_ID' => '1',
  'AR_NOMBRE' => 'GERENCIA_DEL_SERVICIO',
  'AR_DESCRIPCION' => 'Cartas punto de venta Cartas de renuncia',
  'AR_C_ID' => '1',
  'AR_ACTIVO' => '1',
  'AR_ALIAS' => 'GS',
  'AR_MOSTRAR_NOMBRE_PANTALLA' => '0',
) 
2014-11-20 14:41:36 --> se va a crear el turno 
2014-11-20 14:41:36 --> se creo el turno 1 del area GS 

2014-11-20 15:28:44 --> get_areas 1 
2014-11-20 15:28:44 --> buscando areas del cliente 
2014-11-20 15:28:56 --> crear el consumidor 
2014-11-20 15:28:56 --> se creo el consumidor 24554 
2014-11-20 15:28:56 --> la informacion de la sede es array (
  'S_ID' => '4',
  'S_NOMBRE' => 'OCCIDENTE',
  'S_DESCRIPCION' => 'Sedle para atender los casos de la regional occidente',
  'S_C_ID' => '1',
  'S_CANTIDAD_ENCUESTAS' => '10',
  'S_ACTIVO' => '1',
  'S_LOGO' => '7',
  'S_MUESTRA_VIDEO' => '0',
) 
2014-11-20 15:28:56 --> se va a extraer informacion del area  
2014-11-20 15:28:56 --> la informacion del area es array (
  'AR_ID' => '2',
  'AR_NOMBRE' => 'APORTES',
  'AR_DESCRIPCION' => 'Pensiones Incapacidades Cesantias Cartas FNA',
  'AR_C_ID' => '1',
  'AR_ACTIVO' => '1',
  'AR_ALIAS' => 'A',
  'AR_MOSTRAR_NOMBRE_PANTALLA' => '0',
) 
2014-11-20 15:28:56 --> se va a crear el turno 
2014-11-20 15:28:56 --> se creo el turno 1 del area A 

2014-11-20 15:34:59 --> get_areas 1 
2014-11-20 15:34:59 --> buscando areas del cliente 
2014-11-20 15:35:10 --> crear el consumidor 
2014-11-20 15:35:10 --> se creo el consumidor 24556 
2014-11-20 15:35:10 --> la informacion de la sede es array (
  'S_ID' => '4',
  'S_NOMBRE' => 'OCCIDENTE',
  'S_DESCRIPCION' => 'Sedle para atender los casos de la regional occidente',
  'S_C_ID' => '1',
  'S_CANTIDAD_ENCUESTAS' => '10',
  'S_ACTIVO' => '1',
  'S_LOGO' => '7',
  'S_MUESTRA_VIDEO' => '0',
) 
2014-11-20 15:35:10 --> se va a extraer informacion del area  
2014-11-20 15:35:10 --> la informacion del area es array (
  'AR_ID' => '2',
  'AR_NOMBRE' => 'APORTES',
  'AR_DESCRIPCION' => 'Pensiones Incapacidades Cesantias Cartas FNA',
  'AR_C_ID' => '1',
  'AR_ACTIVO' => '1',
  'AR_ALIAS' => 'A',
  'AR_MOSTRAR_NOMBRE_PANTALLA' => '0',
) 
2014-11-20 15:35:10 --> se va a crear el turno 
2014-11-20 15:35:10 --> se creo el turno 2 del area A 

2014-11-20 15:59:29 --> get_areas 1 
2014-11-20 15:59:29 --> buscando areas del cliente 
2014-11-20 15:59:40 --> crear el consumidor 
2014-11-20 15:59:40 --> se creo el consumidor 24565 
2014-11-20 15:59:40 --> la informacion de la sede es array (
  'S_ID' => '4',
  'S_NOMBRE' => 'OCCIDENTE',
  'S_DESCRIPCION' => 'Sedle para atender los casos de la regional occidente',
  'S_C_ID' => '1',
  'S_CANTIDAD_ENCUESTAS' => '10',
  'S_ACTIVO' => '1',
  'S_LOGO' => '7',
  'S_MUESTRA_VIDEO' => '0',
) 
2014-11-20 15:59:40 --> se va a extraer informacion del area  
2014-11-20 15:59:40 --> la informacion del area es array (
  'AR_ID' => '1',
  'AR_NOMBRE' => 'GERENCIA_DEL_SERVICIO',
  'AR_DESCRIPCION' => 'Cartas punto de venta Cartas de renuncia',
  'AR_C_ID' => '1',
  'AR_ACTIVO' => '1',
  'AR_ALIAS' => 'GS',
  'AR_MOSTRAR_NOMBRE_PANTALLA' => '0',
) 
2014-11-20 15:59:40 --> se va a crear el turno 
2014-11-20 15:59:40 --> se creo el turno 2 del area GS 

2014-11-20 16:19:17 --> get_areas 1 
2014-11-20 16:19:17 --> buscando areas del cliente 
2014-11-20 16:19:34 --> crear el consumidor 
2014-11-20 16:19:34 --> se creo el consumidor 24569 
2014-11-20 16:19:34 --> la informacion de la sede es array (
  'S_ID' => '4',
  'S_NOMBRE' => 'OCCIDENTE',
  'S_DESCRIPCION' => 'Sedle para atender los casos de la regional occidente',
  'S_C_ID' => '1',
  'S_CANTIDAD_ENCUESTAS' => '10',
  'S_ACTIVO' => '1',
  'S_LOGO' => '7',
  'S_MUESTRA_VIDEO' => '0',
) 
2014-11-20 16:19:34 --> se va a extraer informacion del area  
2014-11-20 16:19:34 --> la informacion del area es array (
  'AR_ID' => '5',
  'AR_NOMBRE' => 'OTROS',
  'AR_DESCRIPCION' => 'Otros',
  'AR_C_ID' => '1',
  'AR_ACTIVO' => '1',
  'AR_ALIAS' => 'O',
  'AR_MOSTRAR_NOMBRE_PANTALLA' => '0',
) 
2014-11-20 16:19:34 --> se va a crear el turno 
2014-11-20 16:19:34 --> se creo el turno 3 del area O 

2014-11-20 16:34:52 --> get_areas 1 
2014-11-20 16:34:52 --> buscando areas del cliente 

2014-11-20 16:35:52 --> get_areas 1 
2014-11-20 16:35:52 --> buscando areas del cliente 
2014-11-20 16:36:03 --> crear el consumidor 
2014-11-20 16:36:03 --> crear el consumidor 
2014-11-20 16:36:03 --> se creo el consumidor 24580 
2014-11-20 16:36:03 --> se creo el consumidor 24581 
2014-11-20 16:36:03 --> la informacion de la sede es array (
  'S_ID' => '4',
  'S_NOMBRE' => 'OCCIDENTE',
  'S_DESCRIPCION' => 'Sedle para atender los casos de la regional occidente',
  'S_C_ID' => '1',
  'S_CANTIDAD_ENCUESTAS' => '10',
  'S_ACTIVO' => '1',
  'S_LOGO' => '7',
  'S_MUESTRA_VIDEO' => '0',
) 
2014-11-20 16:36:03 --> se va a extraer informacion del area  
2014-11-20 16:36:03 --> la informacion del area es array (
  'AR_ID' => '5',
  'AR_NOMBRE' => 'OTROS',
  'AR_DESCRIPCION' => 'Otros',
  'AR_C_ID' => '1',
  'AR_ACTIVO' => '1',
  'AR_ALIAS' => 'O',
  'AR_MOSTRAR_NOMBRE_PANTALLA' => '0',
) 
2014-11-20 16:36:03 --> se va a crear el turno 
2014-11-20 16:36:03 --> se creo el turno 4 del area O 
2014-11-20 16:36:03 --> la informacion de la sede es array (
  'S_ID' => '4',
  'S_NOMBRE' => 'OCCIDENTE',
  'S_DESCRIPCION' => 'Sedle para atender los casos de la regional occidente',
  'S_C_ID' => '1',
  'S_CANTIDAD_ENCUESTAS' => '10',
  'S_ACTIVO' => '1',
  'S_LOGO' => '7',
  'S_MUESTRA_VIDEO' => '0',
) 
2014-11-20 16:36:03 --> se va a extraer informacion del area  
2014-11-20 16:36:03 --> la informacion del area es array (
  'AR_ID' => '5',
  'AR_NOMBRE' => 'OTROS',
  'AR_DESCRIPCION' => 'Otros',
  'AR_C_ID' => '1',
  'AR_ACTIVO' => '1',
  'AR_ALIAS' => 'O',
  'AR_MOSTRAR_NOMBRE_PANTALLA' => '0',
) 
2014-11-20 16:36:03 --> se va a crear el turno 
2014-11-20 16:36:03 --> se creo el turno 5 del area O 

2014-11-20 16:41:21 --> get_areas 1 
2014-11-20 16:41:21 --> buscando areas del cliente 
2014-11-20 16:41:33 --> crear el consumidor 
2014-11-20 16:41:33 --> se creo el consumidor 24589 
2014-11-20 16:41:33 --> la informacion de la sede es array (
  'S_ID' => '4',
  'S_NOMBRE' => 'OCCIDENTE',
  'S_DESCRIPCION' => 'Sedle para atender los casos de la regional occidente',
  'S_C_ID' => '1',
  'S_CANTIDAD_ENCUESTAS' => '10',
  'S_ACTIVO' => '1',
  'S_LOGO' => '7',
  'S_MUESTRA_VIDEO' => '0',
) 
2014-11-20 16:41:33 --> se va a extraer informacion del area  
2014-11-20 16:41:33 --> la informacion del area es array (
  'AR_ID' => '5',
  'AR_NOMBRE' => 'OTROS',
  'AR_DESCRIPCION' => 'Otros',
  'AR_C_ID' => '1',
  'AR_ACTIVO' => '1',
  'AR_ALIAS' => 'O',
  'AR_MOSTRAR_NOMBRE_PANTALLA' => '0',
) 
2014-11-20 16:41:33 --> se va a crear el turno 
2014-11-20 16:41:33 --> se creo el turno 6 del area O 

2014-11-20 16:43:17 --> get_areas 1 
2014-11-20 16:43:17 --> buscando areas del cliente 
2014-11-20 16:44:18 --> crear el consumidor 
2014-11-20 16:44:18 --> se creo el consumidor 24592 
2014-11-20 16:44:18 --> la informacion de la sede es array (
  'S_ID' => '4',
  'S_NOMBRE' => 'OCCIDENTE',
  'S_DESCRIPCION' => 'Sedle para atender los casos de la regional occidente',
  'S_C_ID' => '1',
  'S_CANTIDAD_ENCUESTAS' => '10',
  'S_ACTIVO' => '1',
  'S_LOGO' => '7',
  'S_MUESTRA_VIDEO' => '0',
) 
2014-11-20 16:44:18 --> se va a extraer informacion del area  
2014-11-20 16:44:18 --> la informacion del area es array (
  'AR_ID' => '3',
  'AR_NOMBRE' => 'SEGUIMIENTO_AL_SERVICIO',
  'AR_DESCRIPCION' => 'SQR certificados especiales claves portal web',
  'AR_C_ID' => '1',
  'AR_ACTIVO' => '1',
  'AR_ALIAS' => 'SAS',
  'AR_MOSTRAR_NOMBRE_PANTALLA' => '0',
) 
2014-11-20 16:44:18 --> se va a crear el turno 
2014-11-20 16:44:18 --> se creo el turno 2 del area SAS 

2014-11-20 16:45:26 --> get_areas 1 
2014-11-20 16:45:26 --> buscando areas del cliente 
2014-11-20 16:46:32 --> crear el consumidor 
2014-11-20 16:46:32 --> se creo el consumidor 24593 
2014-11-20 16:46:32 --> la informacion de la sede es array (
  'S_ID' => '4',
  'S_NOMBRE' => 'OCCIDENTE',
  'S_DESCRIPCION' => 'Sedle para atender los casos de la regional occidente',
  'S_C_ID' => '1',
  'S_CANTIDAD_ENCUESTAS' => '10',
  'S_ACTIVO' => '1',
  'S_LOGO' => '7',
  'S_MUESTRA_VIDEO' => '0',
) 
2014-11-20 16:46:32 --> se va a extraer informacion del area  
2014-11-20 16:46:32 --> la informacion del area es array (
  'AR_ID' => '3',
  'AR_NOMBRE' => 'SEGUIMIENTO_AL_SERVICIO',
  'AR_DESCRIPCION' => 'SQR certificados especiales claves portal web',
  'AR_C_ID' => '1',
  'AR_ACTIVO' => '1',
  'AR_ALIAS' => 'SAS',
  'AR_MOSTRAR_NOMBRE_PANTALLA' => '0',
) 
2014-11-20 16:46:32 --> se va a crear el turno 
2014-11-20 16:46:32 --> se creo el turno 3 del area SAS 

2014-11-20 16:52:46 --> get_areas 1 
2014-11-20 16:52:46 --> buscando areas del cliente 
2014-11-20 16:53:05 --> crear el consumidor 
2014-11-20 16:53:05 --> se creo el consumidor 24604 
2014-11-20 16:53:05 --> la informacion de la sede es array (
  'S_ID' => '4',
  'S_NOMBRE' => 'OCCIDENTE',
  'S_DESCRIPCION' => 'Sedle para atender los casos de la regional occidente',
  'S_C_ID' => '1',
  'S_CANTIDAD_ENCUESTAS' => '10',
  'S_ACTIVO' => '1',
  'S_LOGO' => '7',
  'S_MUESTRA_VIDEO' => '0',
) 
2014-11-20 16:53:05 --> se va a extraer informacion del area  
2014-11-20 16:53:05 --> la informacion del area es array (
  'AR_ID' => '2',
  'AR_NOMBRE' => 'APORTES',
  'AR_DESCRIPCION' => 'Pensiones Incapacidades Cesantias Cartas FNA',
  'AR_C_ID' => '1',
  'AR_ACTIVO' => '1',
  'AR_ALIAS' => 'A',
  'AR_MOSTRAR_NOMBRE_PANTALLA' => '0',
) 
2014-11-20 16:53:05 --> se va a crear el turno 
2014-11-20 16:53:05 --> se creo el turno 3 del area A 

2014-11-20 16:55:48 --> get_areas 1 
2014-11-20 16:55:48 --> buscando areas del cliente 

2014-11-20 17:34:31 --> get_areas 1 
2014-11-20 17:34:31 --> buscando areas del cliente 
2014-11-20 17:34:43 --> crear el consumidor 
2014-11-20 17:34:43 --> se creo el consumidor 24611 
2014-11-20 17:34:43 --> la informacion de la sede es array (
  'S_ID' => '4',
  'S_NOMBRE' => 'OCCIDENTE',
  'S_DESCRIPCION' => 'Sedle para atender los casos de la regional occidente',
  'S_C_ID' => '1',
  'S_CANTIDAD_ENCUESTAS' => '10',
  'S_ACTIVO' => '1',
  'S_LOGO' => '7',
  'S_MUESTRA_VIDEO' => '0',
) 
2014-11-20 17:34:43 --> se va a extraer informacion del area  
2014-11-20 17:34:43 --> la informacion del area es array (
  'AR_ID' => '1',
  'AR_NOMBRE' => 'GERENCIA_DEL_SERVICIO',
  'AR_DESCRIPCION' => 'Cartas punto de venta Cartas de renuncia',
  'AR_C_ID' => '1',
  'AR_ACTIVO' => '1',
  'AR_ALIAS' => 'GS',
  'AR_MOSTRAR_NOMBRE_PANTALLA' => '0',
) 
2014-11-20 17:34:43 --> se va a crear el turno 
2014-11-20 17:34:43 --> se creo el turno 3 del area GS 

2014-11-20 18:07:32 --> get_areas 1 
2014-11-20 18:07:32 --> buscando areas del cliente 
