
2014-07-11 07:38:52 --> get_areas 1 
2014-07-11 07:38:52 --> buscando areas del cliente 
2014-07-11 07:39:15 --> crear el consumidor 
2014-07-11 07:39:15 --> se creo el consumidor 7761 
2014-07-11 07:39:15 --> la informacion de la sede es array (
  'S_ID' => '4',
  'S_NOMBRE' => 'OCCIDENTE',
  'S_DESCRIPCION' => 'Sedle para atender los casos de la regional occidente',
  'S_C_ID' => '1',
  'S_CANTIDAD_ENCUESTAS' => '10',
  'S_ACTIVO' => '1',
  'S_LOGO' => '7',
  'S_MUESTRA_VIDEO' => '0',
) 
2014-07-11 07:39:15 --> se va a extraer informacion del area  
2014-07-11 07:39:15 --> la informacion del area es array (
  'AR_ID' => '5',
  'AR_NOMBRE' => 'OTROS',
  'AR_DESCRIPCION' => 'Otros',
  'AR_C_ID' => '1',
  'AR_ACTIVO' => '1',
  'AR_ALIAS' => 'Otro',
  'AR_MOSTRAR_NOMBRE_PANTALLA' => '0',
) 
2014-07-11 07:39:15 --> se va a crear el turno 
2014-07-11 07:39:15 --> se creo el turno 1 del area Otro 

2014-07-11 07:40:02 --> get_areas 1 
2014-07-11 07:40:02 --> buscando areas del cliente 
2014-07-11 07:40:09 --> crear el consumidor 
2014-07-11 07:40:09 --> se creo el consumidor 7762 
2014-07-11 07:40:09 --> la informacion de la sede es array (
  'S_ID' => '4',
  'S_NOMBRE' => 'OCCIDENTE',
  'S_DESCRIPCION' => 'Sedle para atender los casos de la regional occidente',
  'S_C_ID' => '1',
  'S_CANTIDAD_ENCUESTAS' => '10',
  'S_ACTIVO' => '1',
  'S_LOGO' => '7',
  'S_MUESTRA_VIDEO' => '0',
) 
2014-07-11 07:40:09 --> se va a extraer informacion del area  
2014-07-11 07:40:09 --> la informacion del area es array (
  'AR_ID' => '8',
  'AR_NOMBRE' => 'COMPENSACION_SALARIAL',
  'AR_DESCRIPCION' => 'Informacion pago nomina y liquidaciones',
  'AR_C_ID' => '1',
  'AR_ACTIVO' => '1',
  'AR_ALIAS' => 'Comp',
  'AR_MOSTRAR_NOMBRE_PANTALLA' => '0',
) 
2014-07-11 07:40:09 --> se va a crear el turno 
2014-07-11 07:40:09 --> se creo el turno 1 del area Comp 

2014-07-11 08:14:21 --> get_areas 1 
2014-07-11 08:14:21 --> buscando areas del cliente 

2014-07-11 08:14:43 --> get_areas 1 
2014-07-11 08:14:43 --> buscando areas del cliente 
2014-07-11 08:14:53 --> crear el consumidor 
2014-07-11 08:14:53 --> se creo el consumidor 7767 
2014-07-11 08:14:53 --> la informacion de la sede es array (
  'S_ID' => '4',
  'S_NOMBRE' => 'OCCIDENTE',
  'S_DESCRIPCION' => 'Sedle para atender los casos de la regional occidente',
  'S_C_ID' => '1',
  'S_CANTIDAD_ENCUESTAS' => '10',
  'S_ACTIVO' => '1',
  'S_LOGO' => '7',
  'S_MUESTRA_VIDEO' => '0',
) 
2014-07-11 08:14:53 --> se va a extraer informacion del area  
2014-07-11 08:14:53 --> la informacion del area es array (
  'AR_ID' => '1',
  'AR_NOMBRE' => 'GERENCIA_DEL_SERVICIO',
  'AR_DESCRIPCION' => 'Cartas de ingreso al punto de venta',
  'AR_C_ID' => '1',
  'AR_ACTIVO' => '1',
  'AR_ALIAS' => 'GS',
  'AR_MOSTRAR_NOMBRE_PANTALLA' => '0',
) 
2014-07-11 08:14:53 --> se va a crear el turno 
2014-07-11 08:14:53 --> se creo el turno 1 del area GS 

2014-07-11 08:16:52 --> get_areas 1 
2014-07-11 08:16:52 --> buscando areas del cliente 
2014-07-11 08:17:20 --> crear el consumidor 
2014-07-11 08:17:20 --> se creo el consumidor 7768 
2014-07-11 08:17:20 --> la informacion de la sede es array (
  'S_ID' => '4',
  'S_NOMBRE' => 'OCCIDENTE',
  'S_DESCRIPCION' => 'Sedle para atender los casos de la regional occidente',
  'S_C_ID' => '1',
  'S_CANTIDAD_ENCUESTAS' => '10',
  'S_ACTIVO' => '1',
  'S_LOGO' => '7',
  'S_MUESTRA_VIDEO' => '0',
) 
2014-07-11 08:17:20 --> se va a extraer informacion del area  
2014-07-11 08:17:20 --> la informacion del area es array (
  'AR_ID' => '5',
  'AR_NOMBRE' => 'OTROS',
  'AR_DESCRIPCION' => 'Otros',
  'AR_C_ID' => '1',
  'AR_ACTIVO' => '1',
  'AR_ALIAS' => 'Otro',
  'AR_MOSTRAR_NOMBRE_PANTALLA' => '0',
) 
2014-07-11 08:17:20 --> se va a crear el turno 
2014-07-11 08:17:20 --> se creo el turno 2 del area Otro 

2014-07-11 08:18:31 --> get_areas 1 
2014-07-11 08:18:31 --> buscando areas del cliente 
2014-07-11 08:18:53 --> crear el consumidor 
2014-07-11 08:18:53 --> se creo el consumidor 7770 
2014-07-11 08:18:53 --> la informacion de la sede es array (
  'S_ID' => '3',
  'S_NOMBRE' => 'NORTE',
  'S_DESCRIPCION' => 'Sede para atender los casos de la regional norte',
  'S_C_ID' => '1',
  'S_CANTIDAD_ENCUESTAS' => '10',
  'S_ACTIVO' => '1',
  'S_LOGO' => '7',
  'S_MUESTRA_VIDEO' => '0',
) 
2014-07-11 08:18:53 --> se va a extraer informacion del area  
2014-07-11 08:18:53 --> la informacion del area es array (
  'AR_ID' => '1',
  'AR_NOMBRE' => 'GERENCIA_DEL_SERVICIO',
  'AR_DESCRIPCION' => 'Cartas de ingreso al punto de venta',
  'AR_C_ID' => '1',
  'AR_ACTIVO' => '1',
  'AR_ALIAS' => 'GS',
  'AR_MOSTRAR_NOMBRE_PANTALLA' => '0',
) 
2014-07-11 08:18:53 --> se va a crear el turno 
2014-07-11 08:18:53 --> se creo el turno 2 del area GS 

2014-07-11 08:20:35 --> get_areas 1 
2014-07-11 08:20:35 --> buscando areas del cliente 

2014-07-11 08:24:23 --> get_areas 1 
2014-07-11 08:24:23 --> buscando areas del cliente 
2014-07-11 08:24:26 --> crear el consumidor 
2014-07-11 08:24:26 --> se creo el consumidor 7771 
2014-07-11 08:24:26 --> la informacion de la sede es array (
  'S_ID' => '3',
  'S_NOMBRE' => 'NORTE',
  'S_DESCRIPCION' => 'Sede para atender los casos de la regional norte',
  'S_C_ID' => '1',
  'S_CANTIDAD_ENCUESTAS' => '10',
  'S_ACTIVO' => '1',
  'S_LOGO' => '7',
  'S_MUESTRA_VIDEO' => '0',
) 
2014-07-11 08:24:26 --> se va a extraer informacion del area  
2014-07-11 08:24:26 --> la informacion del area es array (
  'AR_ID' => '1',
  'AR_NOMBRE' => 'GERENCIA_DEL_SERVICIO',
  'AR_DESCRIPCION' => 'Cartas de ingreso al punto de venta',
  'AR_C_ID' => '1',
  'AR_ACTIVO' => '1',
  'AR_ALIAS' => 'GS',
  'AR_MOSTRAR_NOMBRE_PANTALLA' => '0',
) 
2014-07-11 08:24:26 --> se va a crear el turno 
2014-07-11 08:24:26 --> se creo el turno 3 del area GS 

2014-07-11 08:26:27 --> get_areas 1 
2014-07-11 08:26:27 --> buscando areas del cliente 
2014-07-11 08:26:36 --> crear el consumidor 
2014-07-11 08:26:36 --> se creo el consumidor 7772 
2014-07-11 08:26:36 --> la informacion de la sede es array (
  'S_ID' => '3',
  'S_NOMBRE' => 'NORTE',
  'S_DESCRIPCION' => 'Sede para atender los casos de la regional norte',
  'S_C_ID' => '1',
  'S_CANTIDAD_ENCUESTAS' => '10',
  'S_ACTIVO' => '1',
  'S_LOGO' => '7',
  'S_MUESTRA_VIDEO' => '0',
) 
2014-07-11 08:26:36 --> se va a extraer informacion del area  
2014-07-11 08:26:36 --> la informacion del area es array (
  'AR_ID' => '1',
  'AR_NOMBRE' => 'GERENCIA_DEL_SERVICIO',
  'AR_DESCRIPCION' => 'Cartas de ingreso al punto de venta',
  'AR_C_ID' => '1',
  'AR_ACTIVO' => '1',
  'AR_ALIAS' => 'GS',
  'AR_MOSTRAR_NOMBRE_PANTALLA' => '0',
) 
2014-07-11 08:26:36 --> se va a crear el turno 
2014-07-11 08:26:36 --> se creo el turno 4 del area GS 

2014-07-11 08:40:02 --> get_areas 1 
2014-07-11 08:40:02 --> buscando areas del cliente 
2014-07-11 08:40:28 --> crear el consumidor 
2014-07-11 08:40:28 --> se creo el consumidor 7774 
2014-07-11 08:40:28 --> la informacion de la sede es array (
  'S_ID' => '4',
  'S_NOMBRE' => 'OCCIDENTE',
  'S_DESCRIPCION' => 'Sedle para atender los casos de la regional occidente',
  'S_C_ID' => '1',
  'S_CANTIDAD_ENCUESTAS' => '10',
  'S_ACTIVO' => '1',
  'S_LOGO' => '7',
  'S_MUESTRA_VIDEO' => '0',
) 
2014-07-11 08:40:28 --> se va a extraer informacion del area  
2014-07-11 08:40:28 --> la informacion del area es array (
  'AR_ID' => '2',
  'AR_NOMBRE' => 'APORTES',
  'AR_DESCRIPCION' => 'Pensiones Incapacidades Cesantias Cartas FNA',
  'AR_C_ID' => '1',
  'AR_ACTIVO' => '1',
  'AR_ALIAS' => 'A',
  'AR_MOSTRAR_NOMBRE_PANTALLA' => '0',
) 
2014-07-11 08:40:28 --> se va a crear el turno 
2014-07-11 08:40:28 --> se creo el turno 1 del area A 

2014-07-11 08:45:36 --> get_areas 1 
2014-07-11 08:45:36 --> buscando areas del cliente 

2014-07-11 08:47:02 --> get_areas 1 
2014-07-11 08:47:02 --> buscando areas del cliente 
2014-07-11 08:47:06 --> crear el consumidor 
2014-07-11 08:47:06 --> se creo el consumidor 7775 
2014-07-11 08:47:06 --> la informacion de la sede es array (
  'S_ID' => '3',
  'S_NOMBRE' => 'NORTE',
  'S_DESCRIPCION' => 'Sede para atender los casos de la regional norte',
  'S_C_ID' => '1',
  'S_CANTIDAD_ENCUESTAS' => '10',
  'S_ACTIVO' => '1',
  'S_LOGO' => '7',
  'S_MUESTRA_VIDEO' => '0',
) 
2014-07-11 08:47:06 --> se va a extraer informacion del area  
2014-07-11 08:47:06 --> la informacion del area es array (
  'AR_ID' => '5',
  'AR_NOMBRE' => 'OTROS',
  'AR_DESCRIPCION' => 'Otros',
  'AR_C_ID' => '1',
  'AR_ACTIVO' => '1',
  'AR_ALIAS' => 'Otro',
  'AR_MOSTRAR_NOMBRE_PANTALLA' => '0',
) 
2014-07-11 08:47:06 --> se va a crear el turno 
2014-07-11 08:47:06 --> se creo el turno 1 del area Otro 

2014-07-11 09:08:55 --> get_areas 1 
2014-07-11 09:08:55 --> buscando areas del cliente 
2014-07-11 09:09:09 --> crear el consumidor 
2014-07-11 09:09:10 --> se creo el consumidor 7779 
2014-07-11 09:09:10 --> la informacion de la sede es array (
  'S_ID' => '4',
  'S_NOMBRE' => 'OCCIDENTE',
  'S_DESCRIPCION' => 'Sedle para atender los casos de la regional occidente',
  'S_C_ID' => '1',
  'S_CANTIDAD_ENCUESTAS' => '10',
  'S_ACTIVO' => '1',
  'S_LOGO' => '7',
  'S_MUESTRA_VIDEO' => '0',
) 
2014-07-11 09:09:10 --> se va a extraer informacion del area  
2014-07-11 09:09:10 --> la informacion del area es array (
  'AR_ID' => '5',
  'AR_NOMBRE' => 'OTROS',
  'AR_DESCRIPCION' => 'Otros',
  'AR_C_ID' => '1',
  'AR_ACTIVO' => '1',
  'AR_ALIAS' => 'Otro',
  'AR_MOSTRAR_NOMBRE_PANTALLA' => '0',
) 
2014-07-11 09:09:10 --> se va a crear el turno 
2014-07-11 09:09:10 --> se creo el turno 3 del area Otro 

2014-07-11 09:16:57 --> get_areas 1 
2014-07-11 09:16:57 --> buscando areas del cliente 
2014-07-11 09:17:27 --> crear el consumidor 
2014-07-11 09:17:28 --> se creo el consumidor 7783 
2014-07-11 09:17:28 --> la informacion de la sede es array (
  'S_ID' => '4',
  'S_NOMBRE' => 'OCCIDENTE',
  'S_DESCRIPCION' => 'Sedle para atender los casos de la regional occidente',
  'S_C_ID' => '1',
  'S_CANTIDAD_ENCUESTAS' => '10',
  'S_ACTIVO' => '1',
  'S_LOGO' => '7',
  'S_MUESTRA_VIDEO' => '0',
) 
2014-07-11 09:17:28 --> se va a extraer informacion del area  
2014-07-11 09:17:28 --> la informacion del area es array (
  'AR_ID' => '2',
  'AR_NOMBRE' => 'APORTES',
  'AR_DESCRIPCION' => 'Pensiones Incapacidades Cesantias Cartas FNA',
  'AR_C_ID' => '1',
  'AR_ACTIVO' => '1',
  'AR_ALIAS' => 'A',
  'AR_MOSTRAR_NOMBRE_PANTALLA' => '0',
) 
2014-07-11 09:17:28 --> se va a crear el turno 
2014-07-11 09:17:28 --> se creo el turno 2 del area A 

2014-07-11 09:22:56 --> get_areas 1 
2014-07-11 09:22:56 --> buscando areas del cliente 
2014-07-11 09:23:12 --> crear el consumidor 
2014-07-11 09:23:12 --> se creo el consumidor 7785 
2014-07-11 09:23:12 --> la informacion de la sede es array (
  'S_ID' => '4',
  'S_NOMBRE' => 'OCCIDENTE',
  'S_DESCRIPCION' => 'Sedle para atender los casos de la regional occidente',
  'S_C_ID' => '1',
  'S_CANTIDAD_ENCUESTAS' => '10',
  'S_ACTIVO' => '1',
  'S_LOGO' => '7',
  'S_MUESTRA_VIDEO' => '0',
) 
2014-07-11 09:23:12 --> se va a extraer informacion del area  
2014-07-11 09:23:12 --> la informacion del area es array (
  'AR_ID' => '2',
  'AR_NOMBRE' => 'APORTES',
  'AR_DESCRIPCION' => 'Pensiones Incapacidades Cesantias Cartas FNA',
  'AR_C_ID' => '1',
  'AR_ACTIVO' => '1',
  'AR_ALIAS' => 'A',
  'AR_MOSTRAR_NOMBRE_PANTALLA' => '0',
) 
2014-07-11 09:23:12 --> se va a crear el turno 
2014-07-11 09:23:12 --> se creo el turno 3 del area A 

2014-07-11 09:29:48 --> get_areas 1 
2014-07-11 09:29:48 --> buscando areas del cliente 
2014-07-11 09:29:59 --> crear el consumidor 
2014-07-11 09:29:59 --> se creo el consumidor 7786 
2014-07-11 09:29:59 --> la informacion de la sede es array (
  'S_ID' => '4',
  'S_NOMBRE' => 'OCCIDENTE',
  'S_DESCRIPCION' => 'Sedle para atender los casos de la regional occidente',
  'S_C_ID' => '1',
  'S_CANTIDAD_ENCUESTAS' => '10',
  'S_ACTIVO' => '1',
  'S_LOGO' => '7',
  'S_MUESTRA_VIDEO' => '0',
) 
2014-07-11 09:29:59 --> se va a extraer informacion del area  
2014-07-11 09:29:59 --> la informacion del area es array (
  'AR_ID' => '5',
  'AR_NOMBRE' => 'OTROS',
  'AR_DESCRIPCION' => 'Otros',
  'AR_C_ID' => '1',
  'AR_ACTIVO' => '1',
  'AR_ALIAS' => 'Otro',
  'AR_MOSTRAR_NOMBRE_PANTALLA' => '0',
) 
2014-07-11 09:29:59 --> se va a crear el turno 
2014-07-11 09:29:59 --> se creo el turno 4 del area Otro 

2014-07-11 09:55:26 --> get_areas 1 
2014-07-11 09:55:26 --> buscando areas del cliente 
2014-07-11 09:56:12 --> crear el consumidor 
2014-07-11 09:56:12 --> se creo el consumidor 7792 
2014-07-11 09:56:12 --> la informacion de la sede es array (
  'S_ID' => '4',
  'S_NOMBRE' => 'OCCIDENTE',
  'S_DESCRIPCION' => 'Sedle para atender los casos de la regional occidente',
  'S_C_ID' => '1',
  'S_CANTIDAD_ENCUESTAS' => '10',
  'S_ACTIVO' => '1',
  'S_LOGO' => '7',
  'S_MUESTRA_VIDEO' => '0',
) 
2014-07-11 09:56:12 --> se va a extraer informacion del area  
2014-07-11 09:56:12 --> la informacion del area es array (
  'AR_ID' => '2',
  'AR_NOMBRE' => 'APORTES',
  'AR_DESCRIPCION' => 'Pensiones Incapacidades Cesantias Cartas FNA',
  'AR_C_ID' => '1',
  'AR_ACTIVO' => '1',
  'AR_ALIAS' => 'A',
  'AR_MOSTRAR_NOMBRE_PANTALLA' => '0',
) 
2014-07-11 09:56:12 --> se va a crear el turno 
2014-07-11 09:56:12 --> se creo el turno 4 del area A 

2014-07-11 10:05:37 --> get_areas 1 
2014-07-11 10:05:37 --> buscando areas del cliente 
2014-07-11 10:05:47 --> crear el consumidor 
2014-07-11 10:05:47 --> se creo el consumidor 7796 
2014-07-11 10:05:47 --> la informacion de la sede es array (
  'S_ID' => '3',
  'S_NOMBRE' => 'NORTE',
  'S_DESCRIPCION' => 'Sede para atender los casos de la regional norte',
  'S_C_ID' => '1',
  'S_CANTIDAD_ENCUESTAS' => '10',
  'S_ACTIVO' => '1',
  'S_LOGO' => '7',
  'S_MUESTRA_VIDEO' => '0',
) 
2014-07-11 10:05:47 --> se va a extraer informacion del area  
2014-07-11 10:05:47 --> la informacion del area es array (
  'AR_ID' => '2',
  'AR_NOMBRE' => 'APORTES',
  'AR_DESCRIPCION' => 'Pensiones Incapacidades Cesantias Cartas FNA',
  'AR_C_ID' => '1',
  'AR_ACTIVO' => '1',
  'AR_ALIAS' => 'A',
  'AR_MOSTRAR_NOMBRE_PANTALLA' => '0',
) 
2014-07-11 10:05:47 --> se va a crear el turno 
2014-07-11 10:05:47 --> se creo el turno 1 del area A 

2014-07-11 10:16:26 --> get_areas 1 
2014-07-11 10:16:26 --> buscando areas del cliente 
2014-07-11 10:16:34 --> crear el consumidor 
2014-07-11 10:16:34 --> se creo el consumidor 7800 
2014-07-11 10:16:34 --> la informacion de la sede es array (
  'S_ID' => '4',
  'S_NOMBRE' => 'OCCIDENTE',
  'S_DESCRIPCION' => 'Sedle para atender los casos de la regional occidente',
  'S_C_ID' => '1',
  'S_CANTIDAD_ENCUESTAS' => '10',
  'S_ACTIVO' => '1',
  'S_LOGO' => '7',
  'S_MUESTRA_VIDEO' => '0',
) 
2014-07-11 10:16:34 --> se va a extraer informacion del area  
2014-07-11 10:16:34 --> la informacion del area es array (
  'AR_ID' => '8',
  'AR_NOMBRE' => 'COMPENSACION_SALARIAL',
  'AR_DESCRIPCION' => 'Informacion pago nomina y liquidaciones',
  'AR_C_ID' => '1',
  'AR_ACTIVO' => '1',
  'AR_ALIAS' => 'Comp',
  'AR_MOSTRAR_NOMBRE_PANTALLA' => '0',
) 
2014-07-11 10:16:34 --> se va a crear el turno 
2014-07-11 10:16:34 --> se creo el turno 2 del area Comp 

2014-07-11 10:39:32 --> get_areas 1 
2014-07-11 10:39:32 --> buscando areas del cliente 
2014-07-11 10:39:37 --> crear el consumidor 
2014-07-11 10:39:37 --> se creo el consumidor 7805 
2014-07-11 10:39:37 --> la informacion de la sede es array (
  'S_ID' => '4',
  'S_NOMBRE' => 'OCCIDENTE',
  'S_DESCRIPCION' => 'Sedle para atender los casos de la regional occidente',
  'S_C_ID' => '1',
  'S_CANTIDAD_ENCUESTAS' => '10',
  'S_ACTIVO' => '1',
  'S_LOGO' => '7',
  'S_MUESTRA_VIDEO' => '0',
) 
2014-07-11 10:39:37 --> se va a extraer informacion del area  
2014-07-11 10:39:37 --> la informacion del area es array (
  'AR_ID' => '3',
  'AR_NOMBRE' => 'SEGUIMIENTO_AL_SERVICIO',
  'AR_DESCRIPCION' => 'Solicitudes Quejas y Reclamos',
  'AR_C_ID' => '1',
  'AR_ACTIVO' => '1',
  'AR_ALIAS' => 'SAS',
  'AR_MOSTRAR_NOMBRE_PANTALLA' => '0',
) 
2014-07-11 10:39:37 --> se va a crear el turno 
2014-07-11 10:39:37 --> se creo el turno 3 del area SAS 

2014-07-11 10:57:26 --> get_areas 1 
2014-07-11 10:57:26 --> buscando areas del cliente 
2014-07-11 10:57:44 --> crear el consumidor 
2014-07-11 10:57:44 --> se creo el consumidor 7814 
2014-07-11 10:57:44 --> la informacion de la sede es array (
  'S_ID' => '3',
  'S_NOMBRE' => 'NORTE',
  'S_DESCRIPCION' => 'Sede para atender los casos de la regional norte',
  'S_C_ID' => '1',
  'S_CANTIDAD_ENCUESTAS' => '10',
  'S_ACTIVO' => '1',
  'S_LOGO' => '7',
  'S_MUESTRA_VIDEO' => '0',
) 
2014-07-11 10:57:44 --> se va a extraer informacion del area  
2014-07-11 10:57:44 --> la informacion del area es array (
  'AR_ID' => '2',
  'AR_NOMBRE' => 'APORTES',
  'AR_DESCRIPCION' => 'Pensiones Incapacidades Cesantias Cartas FNA',
  'AR_C_ID' => '1',
  'AR_ACTIVO' => '1',
  'AR_ALIAS' => 'A',
  'AR_MOSTRAR_NOMBRE_PANTALLA' => '0',
) 
2014-07-11 10:57:44 --> se va a crear el turno 
2014-07-11 10:57:44 --> se creo el turno 2 del area A 

2014-07-11 11:11:59 --> get_areas 1 
2014-07-11 11:11:59 --> buscando areas del cliente 
2014-07-11 11:12:12 --> crear el consumidor 
2014-07-11 11:12:12 --> se creo el consumidor 7822 
2014-07-11 11:12:12 --> la informacion de la sede es array (
  'S_ID' => '3',
  'S_NOMBRE' => 'NORTE',
  'S_DESCRIPCION' => 'Sede para atender los casos de la regional norte',
  'S_C_ID' => '1',
  'S_CANTIDAD_ENCUESTAS' => '10',
  'S_ACTIVO' => '1',
  'S_LOGO' => '7',
  'S_MUESTRA_VIDEO' => '0',
) 
2014-07-11 11:12:12 --> se va a extraer informacion del area  
2014-07-11 11:12:12 --> la informacion del area es array (
  'AR_ID' => '2',
  'AR_NOMBRE' => 'APORTES',
  'AR_DESCRIPCION' => 'Pensiones Incapacidades Cesantias Cartas FNA',
  'AR_C_ID' => '1',
  'AR_ACTIVO' => '1',
  'AR_ALIAS' => 'A',
  'AR_MOSTRAR_NOMBRE_PANTALLA' => '0',
) 
2014-07-11 11:12:12 --> se va a crear el turno 
2014-07-11 11:12:12 --> se creo el turno 3 del area A 

2014-07-11 11:16:47 --> get_areas 1 
2014-07-11 11:16:47 --> buscando areas del cliente 
2014-07-11 11:17:04 --> crear el consumidor 
2014-07-11 11:17:04 --> se creo el consumidor 7823 
2014-07-11 11:17:04 --> la informacion de la sede es array (
  'S_ID' => '4',
  'S_NOMBRE' => 'OCCIDENTE',
  'S_DESCRIPCION' => 'Sedle para atender los casos de la regional occidente',
  'S_C_ID' => '1',
  'S_CANTIDAD_ENCUESTAS' => '10',
  'S_ACTIVO' => '1',
  'S_LOGO' => '7',
  'S_MUESTRA_VIDEO' => '0',
) 
2014-07-11 11:17:04 --> se va a extraer informacion del area  
2014-07-11 11:17:04 --> la informacion del area es array (
  'AR_ID' => '2',
  'AR_NOMBRE' => 'APORTES',
  'AR_DESCRIPCION' => 'Pensiones Incapacidades Cesantias Cartas FNA',
  'AR_C_ID' => '1',
  'AR_ACTIVO' => '1',
  'AR_ALIAS' => 'A',
  'AR_MOSTRAR_NOMBRE_PANTALLA' => '0',
) 
2014-07-11 11:17:04 --> se va a crear el turno 
2014-07-11 11:17:04 --> se creo el turno 5 del area A 

2014-07-11 14:05:06 --> get_areas 1 
2014-07-11 14:05:06 --> buscando areas del cliente 
2014-07-11 14:05:54 --> crear el consumidor 
2014-07-11 14:05:54 --> se creo el consumidor 7850 
2014-07-11 14:05:54 --> la informacion de la sede es array (
  'S_ID' => '4',
  'S_NOMBRE' => 'OCCIDENTE',
  'S_DESCRIPCION' => 'Sedle para atender los casos de la regional occidente',
  'S_C_ID' => '1',
  'S_CANTIDAD_ENCUESTAS' => '10',
  'S_ACTIVO' => '1',
  'S_LOGO' => '7',
  'S_MUESTRA_VIDEO' => '0',
) 
2014-07-11 14:05:54 --> se va a extraer informacion del area  
2014-07-11 14:05:54 --> la informacion del area es array (
  'AR_ID' => '7',
  'AR_NOMBRE' => 'VARIOS_REQUERIMIENTOS',
  'AR_DESCRIPCION' => 'Solicitudes varias',
  'AR_C_ID' => '1',
  'AR_ACTIVO' => '1',
  'AR_ALIAS' => 'Vari',
  'AR_MOSTRAR_NOMBRE_PANTALLA' => '0',
) 
2014-07-11 14:05:54 --> se va a crear el turno 
2014-07-11 14:05:54 --> se creo el turno 1 del area Vari 

2014-07-11 14:09:02 --> get_areas 1 
2014-07-11 14:09:02 --> buscando areas del cliente 
2014-07-11 14:09:13 --> crear el consumidor 
2014-07-11 14:09:13 --> se creo el consumidor 7851 
2014-07-11 14:09:13 --> la informacion de la sede es array (
  'S_ID' => '3',
  'S_NOMBRE' => 'NORTE',
  'S_DESCRIPCION' => 'Sede para atender los casos de la regional norte',
  'S_C_ID' => '1',
  'S_CANTIDAD_ENCUESTAS' => '10',
  'S_ACTIVO' => '1',
  'S_LOGO' => '7',
  'S_MUESTRA_VIDEO' => '0',
) 
2014-07-11 14:09:13 --> se va a extraer informacion del area  
2014-07-11 14:09:13 --> la informacion del area es array (
  'AR_ID' => '5',
  'AR_NOMBRE' => 'OTROS',
  'AR_DESCRIPCION' => 'Otros',
  'AR_C_ID' => '1',
  'AR_ACTIVO' => '1',
  'AR_ALIAS' => 'Otro',
  'AR_MOSTRAR_NOMBRE_PANTALLA' => '0',
) 
2014-07-11 14:09:13 --> se va a crear el turno 
2014-07-11 14:09:13 --> se creo el turno 2 del area Otro 

2014-07-11 14:12:12 --> get_areas 1 
2014-07-11 14:12:12 --> buscando areas del cliente 
2014-07-11 14:12:20 --> crear el consumidor 
2014-07-11 14:12:20 --> se creo el consumidor 7852 
2014-07-11 14:12:20 --> la informacion de la sede es array (
  'S_ID' => '3',
  'S_NOMBRE' => 'NORTE',
  'S_DESCRIPCION' => 'Sede para atender los casos de la regional norte',
  'S_C_ID' => '1',
  'S_CANTIDAD_ENCUESTAS' => '10',
  'S_ACTIVO' => '1',
  'S_LOGO' => '7',
  'S_MUESTRA_VIDEO' => '0',
) 
2014-07-11 14:12:20 --> se va a extraer informacion del area  
2014-07-11 14:12:20 --> la informacion del area es array (
  'AR_ID' => '5',
  'AR_NOMBRE' => 'OTROS',
  'AR_DESCRIPCION' => 'Otros',
  'AR_C_ID' => '1',
  'AR_ACTIVO' => '1',
  'AR_ALIAS' => 'Otro',
  'AR_MOSTRAR_NOMBRE_PANTALLA' => '0',
) 
2014-07-11 14:12:20 --> se va a crear el turno 
2014-07-11 14:12:20 --> se creo el turno 3 del area Otro 

2014-07-11 14:34:21 --> get_areas 1 
2014-07-11 14:34:21 --> buscando areas del cliente 
2014-07-11 14:34:38 --> crear el consumidor 
2014-07-11 14:34:38 --> se creo el consumidor 7853 
2014-07-11 14:34:38 --> la informacion de la sede es array (
  'S_ID' => '3',
  'S_NOMBRE' => 'NORTE',
  'S_DESCRIPCION' => 'Sede para atender los casos de la regional norte',
  'S_C_ID' => '1',
  'S_CANTIDAD_ENCUESTAS' => '10',
  'S_ACTIVO' => '1',
  'S_LOGO' => '7',
  'S_MUESTRA_VIDEO' => '0',
) 
2014-07-11 14:34:38 --> se va a extraer informacion del area  
2014-07-11 14:34:38 --> la informacion del area es array (
  'AR_ID' => '8',
  'AR_NOMBRE' => 'COMPENSACION_SALARIAL',
  'AR_DESCRIPCION' => 'Informacion pago nomina y liquidaciones',
  'AR_C_ID' => '1',
  'AR_ACTIVO' => '1',
  'AR_ALIAS' => 'Comp',
  'AR_MOSTRAR_NOMBRE_PANTALLA' => '0',
) 
2014-07-11 14:34:38 --> se va a crear el turno 
2014-07-11 14:34:38 --> se creo el turno 1 del area Comp 

2014-07-11 14:35:47 --> get_areas 1 
2014-07-11 14:35:47 --> buscando areas del cliente 
2014-07-11 14:36:05 --> crear el consumidor 
2014-07-11 14:36:05 --> se creo el consumidor 7854 
2014-07-11 14:36:05 --> la informacion de la sede es array (
  'S_ID' => '4',
  'S_NOMBRE' => 'OCCIDENTE',
  'S_DESCRIPCION' => 'Sedle para atender los casos de la regional occidente',
  'S_C_ID' => '1',
  'S_CANTIDAD_ENCUESTAS' => '10',
  'S_ACTIVO' => '1',
  'S_LOGO' => '7',
  'S_MUESTRA_VIDEO' => '0',
) 
2014-07-11 14:36:05 --> se va a extraer informacion del area  
2014-07-11 14:36:05 --> la informacion del area es array (
  'AR_ID' => '5',
  'AR_NOMBRE' => 'OTROS',
  'AR_DESCRIPCION' => 'Otros',
  'AR_C_ID' => '1',
  'AR_ACTIVO' => '1',
  'AR_ALIAS' => 'Otro',
  'AR_MOSTRAR_NOMBRE_PANTALLA' => '0',
) 
2014-07-11 14:36:05 --> se va a crear el turno 
2014-07-11 14:36:05 --> se creo el turno 5 del area Otro 

2014-07-11 14:45:25 --> get_areas 1 
2014-07-11 14:45:25 --> buscando areas del cliente 
2014-07-11 14:45:43 --> crear el consumidor 
2014-07-11 14:45:43 --> se creo el consumidor 7856 
2014-07-11 14:45:43 --> la informacion de la sede es array (
  'S_ID' => '3',
  'S_NOMBRE' => 'NORTE',
  'S_DESCRIPCION' => 'Sede para atender los casos de la regional norte',
  'S_C_ID' => '1',
  'S_CANTIDAD_ENCUESTAS' => '10',
  'S_ACTIVO' => '1',
  'S_LOGO' => '7',
  'S_MUESTRA_VIDEO' => '0',
) 
2014-07-11 14:45:43 --> se va a extraer informacion del area  
2014-07-11 14:45:43 --> la informacion del area es array (
  'AR_ID' => '5',
  'AR_NOMBRE' => 'OTROS',
  'AR_DESCRIPCION' => 'Otros',
  'AR_C_ID' => '1',
  'AR_ACTIVO' => '1',
  'AR_ALIAS' => 'Otro',
  'AR_MOSTRAR_NOMBRE_PANTALLA' => '0',
) 
2014-07-11 14:45:43 --> se va a crear el turno 
2014-07-11 14:45:43 --> se creo el turno 4 del area Otro 

2014-07-11 14:50:12 --> get_areas 1 
2014-07-11 14:50:12 --> buscando areas del cliente 
2014-07-11 14:50:35 --> crear el consumidor 
2014-07-11 14:50:35 --> se creo el consumidor 7860 
2014-07-11 14:50:35 --> la informacion de la sede es array (
  'S_ID' => '4',
  'S_NOMBRE' => 'OCCIDENTE',
  'S_DESCRIPCION' => 'Sedle para atender los casos de la regional occidente',
  'S_C_ID' => '1',
  'S_CANTIDAD_ENCUESTAS' => '10',
  'S_ACTIVO' => '1',
  'S_LOGO' => '7',
  'S_MUESTRA_VIDEO' => '0',
) 
2014-07-11 14:50:35 --> se va a extraer informacion del area  
2014-07-11 14:50:35 --> la informacion del area es array (
  'AR_ID' => '2',
  'AR_NOMBRE' => 'APORTES',
  'AR_DESCRIPCION' => 'Pensiones Incapacidades Cesantias Cartas FNA',
  'AR_C_ID' => '1',
  'AR_ACTIVO' => '1',
  'AR_ALIAS' => 'A',
  'AR_MOSTRAR_NOMBRE_PANTALLA' => '0',
) 
2014-07-11 14:50:35 --> se va a crear el turno 
2014-07-11 14:50:35 --> se creo el turno 6 del area A 

2014-07-11 14:51:42 --> get_areas 1 
2014-07-11 14:51:42 --> buscando areas del cliente 
2014-07-11 14:51:53 --> crear el consumidor 
2014-07-11 14:51:53 --> se creo el consumidor 7861 
2014-07-11 14:51:53 --> la informacion de la sede es array (
  'S_ID' => '3',
  'S_NOMBRE' => 'NORTE',
  'S_DESCRIPCION' => 'Sede para atender los casos de la regional norte',
  'S_C_ID' => '1',
  'S_CANTIDAD_ENCUESTAS' => '10',
  'S_ACTIVO' => '1',
  'S_LOGO' => '7',
  'S_MUESTRA_VIDEO' => '0',
) 
2014-07-11 14:51:53 --> se va a extraer informacion del area  
2014-07-11 14:51:53 --> la informacion del area es array (
  'AR_ID' => '1',
  'AR_NOMBRE' => 'GERENCIA_DEL_SERVICIO',
  'AR_DESCRIPCION' => 'Cartas de ingreso al punto de venta',
  'AR_C_ID' => '1',
  'AR_ACTIVO' => '1',
  'AR_ALIAS' => 'GS',
  'AR_MOSTRAR_NOMBRE_PANTALLA' => '0',
) 
2014-07-11 14:51:53 --> se va a crear el turno 
2014-07-11 14:51:53 --> se creo el turno 5 del area GS 

2014-07-11 15:05:39 --> get_areas 1 
2014-07-11 15:05:39 --> buscando areas del cliente 
2014-07-11 15:05:55 --> crear el consumidor 
2014-07-11 15:05:55 --> se creo el consumidor 7867 
2014-07-11 15:05:55 --> la informacion de la sede es array (
  'S_ID' => '4',
  'S_NOMBRE' => 'OCCIDENTE',
  'S_DESCRIPCION' => 'Sedle para atender los casos de la regional occidente',
  'S_C_ID' => '1',
  'S_CANTIDAD_ENCUESTAS' => '10',
  'S_ACTIVO' => '1',
  'S_LOGO' => '7',
  'S_MUESTRA_VIDEO' => '0',
) 
2014-07-11 15:05:55 --> se va a extraer informacion del area  
2014-07-11 15:05:55 --> la informacion del area es array (
  'AR_ID' => '7',
  'AR_NOMBRE' => 'VARIOS_REQUERIMIENTOS',
  'AR_DESCRIPCION' => 'Solicitudes varias',
  'AR_C_ID' => '1',
  'AR_ACTIVO' => '1',
  'AR_ALIAS' => 'Vari',
  'AR_MOSTRAR_NOMBRE_PANTALLA' => '0',
) 
2014-07-11 15:05:55 --> se va a crear el turno 
2014-07-11 15:05:55 --> se creo el turno 2 del area Vari 

2014-07-11 15:07:15 --> get_areas 1 
2014-07-11 15:07:15 --> buscando areas del cliente 
2014-07-11 15:07:31 --> crear el consumidor 
2014-07-11 15:07:31 --> se creo el consumidor 7868 
2014-07-11 15:07:31 --> la informacion de la sede es array (
  'S_ID' => '4',
  'S_NOMBRE' => 'OCCIDENTE',
  'S_DESCRIPCION' => 'Sedle para atender los casos de la regional occidente',
  'S_C_ID' => '1',
  'S_CANTIDAD_ENCUESTAS' => '10',
  'S_ACTIVO' => '1',
  'S_LOGO' => '7',
  'S_MUESTRA_VIDEO' => '0',
) 
2014-07-11 15:07:31 --> se va a extraer informacion del area  
2014-07-11 15:07:31 --> la informacion del area es array (
  'AR_ID' => '1',
  'AR_NOMBRE' => 'GERENCIA_DEL_SERVICIO',
  'AR_DESCRIPCION' => 'Cartas de ingreso al punto de venta',
  'AR_C_ID' => '1',
  'AR_ACTIVO' => '1',
  'AR_ALIAS' => 'GS',
  'AR_MOSTRAR_NOMBRE_PANTALLA' => '0',
) 
2014-07-11 15:07:31 --> se va a crear el turno 
2014-07-11 15:07:31 --> se creo el turno 2 del area GS 

2014-07-11 15:20:42 --> get_areas 1 
2014-07-11 15:20:42 --> buscando areas del cliente 
2014-07-11 15:20:54 --> crear el consumidor 
2014-07-11 15:20:54 --> se creo el consumidor 7869 
2014-07-11 15:20:54 --> la informacion de la sede es array (
  'S_ID' => '4',
  'S_NOMBRE' => 'OCCIDENTE',
  'S_DESCRIPCION' => 'Sedle para atender los casos de la regional occidente',
  'S_C_ID' => '1',
  'S_CANTIDAD_ENCUESTAS' => '10',
  'S_ACTIVO' => '1',
  'S_LOGO' => '7',
  'S_MUESTRA_VIDEO' => '0',
) 
2014-07-11 15:20:54 --> se va a extraer informacion del area  
2014-07-11 15:20:54 --> la informacion del area es array (
  'AR_ID' => '7',
  'AR_NOMBRE' => 'VARIOS_REQUERIMIENTOS',
  'AR_DESCRIPCION' => 'Solicitudes varias',
  'AR_C_ID' => '1',
  'AR_ACTIVO' => '1',
  'AR_ALIAS' => 'Vari',
  'AR_MOSTRAR_NOMBRE_PANTALLA' => '0',
) 
2014-07-11 15:20:54 --> se va a crear el turno 
2014-07-11 15:20:54 --> se creo el turno 3 del area Vari 

2014-07-11 15:29:24 --> get_areas 1 
2014-07-11 15:29:24 --> buscando areas del cliente 
2014-07-11 15:29:42 --> crear el consumidor 
2014-07-11 15:29:42 --> se creo el consumidor 7871 
2014-07-11 15:29:42 --> la informacion de la sede es array (
  'S_ID' => '3',
  'S_NOMBRE' => 'NORTE',
  'S_DESCRIPCION' => 'Sede para atender los casos de la regional norte',
  'S_C_ID' => '1',
  'S_CANTIDAD_ENCUESTAS' => '10',
  'S_ACTIVO' => '1',
  'S_LOGO' => '7',
  'S_MUESTRA_VIDEO' => '0',
) 
2014-07-11 15:29:42 --> se va a extraer informacion del area  
2014-07-11 15:29:42 --> la informacion del area es array (
  'AR_ID' => '2',
  'AR_NOMBRE' => 'APORTES',
  'AR_DESCRIPCION' => 'Pensiones Incapacidades Cesantias Cartas FNA',
  'AR_C_ID' => '1',
  'AR_ACTIVO' => '1',
  'AR_ALIAS' => 'A',
  'AR_MOSTRAR_NOMBRE_PANTALLA' => '0',
) 
2014-07-11 15:29:42 --> se va a crear el turno 
2014-07-11 15:29:42 --> se creo el turno 4 del area A 

2014-07-11 15:32:11 --> get_areas 1 
2014-07-11 15:32:11 --> buscando areas del cliente 
2014-07-11 15:32:23 --> crear el consumidor 
2014-07-11 15:32:23 --> se creo el consumidor 7872 
2014-07-11 15:32:23 --> la informacion de la sede es array (
  'S_ID' => '3',
  'S_NOMBRE' => 'NORTE',
  'S_DESCRIPCION' => 'Sede para atender los casos de la regional norte',
  'S_C_ID' => '1',
  'S_CANTIDAD_ENCUESTAS' => '10',
  'S_ACTIVO' => '1',
  'S_LOGO' => '7',
  'S_MUESTRA_VIDEO' => '0',
) 
2014-07-11 15:32:23 --> se va a extraer informacion del area  
2014-07-11 15:32:23 --> la informacion del area es array (
  'AR_ID' => '2',
  'AR_NOMBRE' => 'APORTES',
  'AR_DESCRIPCION' => 'Pensiones Incapacidades Cesantias Cartas FNA',
  'AR_C_ID' => '1',
  'AR_ACTIVO' => '1',
  'AR_ALIAS' => 'A',
  'AR_MOSTRAR_NOMBRE_PANTALLA' => '0',
) 
2014-07-11 15:32:23 --> se va a crear el turno 
2014-07-11 15:32:23 --> se creo el turno 5 del area A 

2014-07-11 15:38:43 --> get_areas 1 
2014-07-11 15:38:43 --> buscando areas del cliente 
2014-07-11 15:39:01 --> crear el consumidor 
2014-07-11 15:39:01 --> se creo el consumidor 7873 
2014-07-11 15:39:01 --> la informacion de la sede es array (
  'S_ID' => '4',
  'S_NOMBRE' => 'OCCIDENTE',
  'S_DESCRIPCION' => 'Sedle para atender los casos de la regional occidente',
  'S_C_ID' => '1',
  'S_CANTIDAD_ENCUESTAS' => '10',
  'S_ACTIVO' => '1',
  'S_LOGO' => '7',
  'S_MUESTRA_VIDEO' => '0',
) 
2014-07-11 15:39:01 --> se va a extraer informacion del area  
2014-07-11 15:39:01 --> la informacion del area es array (
  'AR_ID' => '5',
  'AR_NOMBRE' => 'OTROS',
  'AR_DESCRIPCION' => 'Otros',
  'AR_C_ID' => '1',
  'AR_ACTIVO' => '1',
  'AR_ALIAS' => 'Otro',
  'AR_MOSTRAR_NOMBRE_PANTALLA' => '0',
) 
2014-07-11 15:39:01 --> se va a crear el turno 
2014-07-11 15:39:01 --> se creo el turno 6 del area Otro 

2014-07-11 15:47:58 --> get_areas 1 
2014-07-11 15:47:58 --> buscando areas del cliente 
2014-07-11 15:48:27 --> crear el consumidor 
2014-07-11 15:48:27 --> se creo el consumidor 7881 
2014-07-11 15:48:27 --> la informacion de la sede es array (
  'S_ID' => '4',
  'S_NOMBRE' => 'OCCIDENTE',
  'S_DESCRIPCION' => 'Sedle para atender los casos de la regional occidente',
  'S_C_ID' => '1',
  'S_CANTIDAD_ENCUESTAS' => '10',
  'S_ACTIVO' => '1',
  'S_LOGO' => '7',
  'S_MUESTRA_VIDEO' => '0',
) 
2014-07-11 15:48:27 --> se va a extraer informacion del area  
2014-07-11 15:48:27 --> la informacion del area es array (
  'AR_ID' => '5',
  'AR_NOMBRE' => 'OTROS',
  'AR_DESCRIPCION' => 'Otros',
  'AR_C_ID' => '1',
  'AR_ACTIVO' => '1',
  'AR_ALIAS' => 'Otro',
  'AR_MOSTRAR_NOMBRE_PANTALLA' => '0',
) 
2014-07-11 15:48:27 --> se va a crear el turno 
2014-07-11 15:48:27 --> se creo el turno 7 del area Otro 

2014-07-11 15:49:11 --> get_areas 1 
2014-07-11 15:49:11 --> buscando areas del cliente 
2014-07-11 15:49:26 --> crear el consumidor 
2014-07-11 15:49:26 --> se creo el consumidor 7882 
2014-07-11 15:49:26 --> la informacion de la sede es array (
  'S_ID' => '4',
  'S_NOMBRE' => 'OCCIDENTE',
  'S_DESCRIPCION' => 'Sedle para atender los casos de la regional occidente',
  'S_C_ID' => '1',
  'S_CANTIDAD_ENCUESTAS' => '10',
  'S_ACTIVO' => '1',
  'S_LOGO' => '7',
  'S_MUESTRA_VIDEO' => '0',
) 
2014-07-11 15:49:26 --> se va a extraer informacion del area  
2014-07-11 15:49:26 --> la informacion del area es array (
  'AR_ID' => '5',
  'AR_NOMBRE' => 'OTROS',
  'AR_DESCRIPCION' => 'Otros',
  'AR_C_ID' => '1',
  'AR_ACTIVO' => '1',
  'AR_ALIAS' => 'Otro',
  'AR_MOSTRAR_NOMBRE_PANTALLA' => '0',
) 
2014-07-11 15:49:26 --> se va a crear el turno 
2014-07-11 15:49:26 --> se creo el turno 8 del area Otro 

2014-07-11 15:56:59 --> get_areas 1 
2014-07-11 15:56:59 --> buscando areas del cliente 
2014-07-11 15:57:06 --> crear el consumidor 
2014-07-11 15:57:07 --> se creo el consumidor 7885 
2014-07-11 15:57:07 --> la informacion de la sede es array (
  'S_ID' => '3',
  'S_NOMBRE' => 'NORTE',
  'S_DESCRIPCION' => 'Sede para atender los casos de la regional norte',
  'S_C_ID' => '1',
  'S_CANTIDAD_ENCUESTAS' => '10',
  'S_ACTIVO' => '1',
  'S_LOGO' => '7',
  'S_MUESTRA_VIDEO' => '0',
) 
2014-07-11 15:57:07 --> se va a extraer informacion del area  
2014-07-11 15:57:07 --> la informacion del area es array (
  'AR_ID' => '2',
  'AR_NOMBRE' => 'APORTES',
  'AR_DESCRIPCION' => 'Pensiones Incapacidades Cesantias Cartas FNA',
  'AR_C_ID' => '1',
  'AR_ACTIVO' => '1',
  'AR_ALIAS' => 'A',
  'AR_MOSTRAR_NOMBRE_PANTALLA' => '0',
) 
2014-07-11 15:57:07 --> se va a crear el turno 
2014-07-11 15:57:07 --> se creo el turno 6 del area A 

2014-07-11 16:08:24 --> get_areas 1 
2014-07-11 16:08:24 --> buscando areas del cliente 
2014-07-11 16:08:37 --> crear el consumidor 
2014-07-11 16:08:37 --> se creo el consumidor 7893 
2014-07-11 16:08:37 --> la informacion de la sede es array (
  'S_ID' => '4',
  'S_NOMBRE' => 'OCCIDENTE',
  'S_DESCRIPCION' => 'Sedle para atender los casos de la regional occidente',
  'S_C_ID' => '1',
  'S_CANTIDAD_ENCUESTAS' => '10',
  'S_ACTIVO' => '1',
  'S_LOGO' => '7',
  'S_MUESTRA_VIDEO' => '0',
) 
2014-07-11 16:08:37 --> se va a extraer informacion del area  
2014-07-11 16:08:37 --> la informacion del area es array (
  'AR_ID' => '2',
  'AR_NOMBRE' => 'APORTES',
  'AR_DESCRIPCION' => 'Pensiones Incapacidades Cesantias Cartas FNA',
  'AR_C_ID' => '1',
  'AR_ACTIVO' => '1',
  'AR_ALIAS' => 'A',
  'AR_MOSTRAR_NOMBRE_PANTALLA' => '0',
) 
2014-07-11 16:08:37 --> se va a crear el turno 
2014-07-11 16:08:37 --> se creo el turno 7 del area A 
