
2014-07-01 07:42:45 --> get_areas 1 
2014-07-01 07:42:45 --> buscando areas del cliente 
2014-07-01 07:42:59 --> crear el consumidor 
2014-07-01 07:42:59 --> se creo el consumidor 5660 
2014-07-01 07:42:59 --> la informacion de la sede es array (
  'S_ID' => '5',
  'S_NOMBRE' => 'ORIENTE',
  'S_DESCRIPCION' => 'Sede para gestionar los casos de la regional Oriente',
  'S_C_ID' => '1',
  'S_CANTIDAD_ENCUESTAS' => '10',
  'S_ACTIVO' => '1',
  'S_LOGO' => '1',
  'S_MUESTRA_VIDEO' => '0',
) 
2014-07-01 07:42:59 --> se va a extraer informacion del area  
2014-07-01 07:42:59 --> la informacion del area es array (
  'AR_ID' => '1',
  'AR_NOMBRE' => 'GERENCIA_DEL_SERVICIO',
  'AR_DESCRIPCION' => 'Cartas de ingreso al punto de venta',
  'AR_C_ID' => '1',
  'AR_ACTIVO' => '1',
  'AR_ALIAS' => 'GS',
  'AR_MOSTRAR_NOMBRE_PANTALLA' => '0',
) 
2014-07-01 07:42:59 --> se va a crear el turno 
2014-07-01 07:42:59 --> se creo el turno 1 del area GS 

2014-07-01 07:44:25 --> get_areas 1 
2014-07-01 07:44:25 --> buscando areas del cliente 
2014-07-01 07:44:33 --> crear el consumidor 
2014-07-01 07:44:33 --> se creo el consumidor 5661 
2014-07-01 07:44:33 --> la informacion de la sede es array (
  'S_ID' => '5',
  'S_NOMBRE' => 'ORIENTE',
  'S_DESCRIPCION' => 'Sede para gestionar los casos de la regional Oriente',
  'S_C_ID' => '1',
  'S_CANTIDAD_ENCUESTAS' => '10',
  'S_ACTIVO' => '1',
  'S_LOGO' => '1',
  'S_MUESTRA_VIDEO' => '0',
) 
2014-07-01 07:44:33 --> se va a extraer informacion del area  
2014-07-01 07:44:33 --> la informacion del area es array (
  'AR_ID' => '1',
  'AR_NOMBRE' => 'GERENCIA_DEL_SERVICIO',
  'AR_DESCRIPCION' => 'Cartas de ingreso al punto de venta',
  'AR_C_ID' => '1',
  'AR_ACTIVO' => '1',
  'AR_ALIAS' => 'GS',
  'AR_MOSTRAR_NOMBRE_PANTALLA' => '0',
) 
2014-07-01 07:44:33 --> se va a crear el turno 
2014-07-01 07:44:33 --> se creo el turno 2 del area GS 

2014-07-01 07:50:07 --> get_areas 1 
2014-07-01 07:50:07 --> buscando areas del cliente 
2014-07-01 07:50:11 --> crear el consumidor 
2014-07-01 07:50:11 --> se creo el consumidor 5664 
2014-07-01 07:50:11 --> la informacion de la sede es array (
  'S_ID' => '5',
  'S_NOMBRE' => 'ORIENTE',
  'S_DESCRIPCION' => 'Sede para gestionar los casos de la regional Oriente',
  'S_C_ID' => '1',
  'S_CANTIDAD_ENCUESTAS' => '10',
  'S_ACTIVO' => '1',
  'S_LOGO' => '1',
  'S_MUESTRA_VIDEO' => '0',
) 
2014-07-01 07:50:11 --> se va a extraer informacion del area  
2014-07-01 07:50:11 --> la informacion del area es array (
  'AR_ID' => '1',
  'AR_NOMBRE' => 'GERENCIA_DEL_SERVICIO',
  'AR_DESCRIPCION' => 'Cartas de ingreso al punto de venta',
  'AR_C_ID' => '1',
  'AR_ACTIVO' => '1',
  'AR_ALIAS' => 'GS',
  'AR_MOSTRAR_NOMBRE_PANTALLA' => '0',
) 
2014-07-01 07:50:11 --> se va a crear el turno 
2014-07-01 07:50:11 --> se creo el turno 3 del area GS 

2014-07-01 07:59:16 --> get_areas 1 
2014-07-01 07:59:16 --> buscando areas del cliente 
2014-07-01 07:59:32 --> crear el consumidor 
2014-07-01 07:59:33 --> se creo el consumidor 5669 
2014-07-01 07:59:33 --> la informacion de la sede es array (
  'S_ID' => '5',
  'S_NOMBRE' => 'ORIENTE',
  'S_DESCRIPCION' => 'Sede para gestionar los casos de la regional Oriente',
  'S_C_ID' => '1',
  'S_CANTIDAD_ENCUESTAS' => '10',
  'S_ACTIVO' => '1',
  'S_LOGO' => '1',
  'S_MUESTRA_VIDEO' => '0',
) 
2014-07-01 07:59:33 --> se va a extraer informacion del area  
2014-07-01 07:59:33 --> la informacion del area es array (
  'AR_ID' => '1',
  'AR_NOMBRE' => 'GERENCIA_DEL_SERVICIO',
  'AR_DESCRIPCION' => 'Cartas de ingreso al punto de venta',
  'AR_C_ID' => '1',
  'AR_ACTIVO' => '1',
  'AR_ALIAS' => 'GS',
  'AR_MOSTRAR_NOMBRE_PANTALLA' => '0',
) 
2014-07-01 07:59:33 --> se va a crear el turno 
2014-07-01 07:59:33 --> se creo el turno 4 del area GS 

2014-07-01 08:01:38 --> get_areas 1 
2014-07-01 08:01:38 --> buscando areas del cliente 
2014-07-01 08:01:42 --> crear el consumidor 
2014-07-01 08:01:42 --> se creo el consumidor 5672 
2014-07-01 08:01:42 --> la informacion de la sede es array (
  'S_ID' => '5',
  'S_NOMBRE' => 'ORIENTE',
  'S_DESCRIPCION' => 'Sede para gestionar los casos de la regional Oriente',
  'S_C_ID' => '1',
  'S_CANTIDAD_ENCUESTAS' => '10',
  'S_ACTIVO' => '1',
  'S_LOGO' => '1',
  'S_MUESTRA_VIDEO' => '0',
) 
2014-07-01 08:01:42 --> se va a extraer informacion del area  
2014-07-01 08:01:42 --> la informacion del area es array (
  'AR_ID' => '1',
  'AR_NOMBRE' => 'GERENCIA_DEL_SERVICIO',
  'AR_DESCRIPCION' => 'Cartas de ingreso al punto de venta',
  'AR_C_ID' => '1',
  'AR_ACTIVO' => '1',
  'AR_ALIAS' => 'GS',
  'AR_MOSTRAR_NOMBRE_PANTALLA' => '0',
) 
2014-07-01 08:01:42 --> se va a crear el turno 
2014-07-01 08:01:42 --> se creo el turno 5 del area GS 

2014-07-01 08:04:57 --> get_areas 1 
2014-07-01 08:04:57 --> buscando areas del cliente 
2014-07-01 08:05:00 --> crear el consumidor 
2014-07-01 08:05:00 --> se creo el consumidor 5677 
2014-07-01 08:05:00 --> la informacion de la sede es array (
  'S_ID' => '5',
  'S_NOMBRE' => 'ORIENTE',
  'S_DESCRIPCION' => 'Sede para gestionar los casos de la regional Oriente',
  'S_C_ID' => '1',
  'S_CANTIDAD_ENCUESTAS' => '10',
  'S_ACTIVO' => '1',
  'S_LOGO' => '1',
  'S_MUESTRA_VIDEO' => '0',
) 
2014-07-01 08:05:00 --> se va a extraer informacion del area  
2014-07-01 08:05:00 --> la informacion del area es array (
  'AR_ID' => '1',
  'AR_NOMBRE' => 'GERENCIA_DEL_SERVICIO',
  'AR_DESCRIPCION' => 'Cartas de ingreso al punto de venta',
  'AR_C_ID' => '1',
  'AR_ACTIVO' => '1',
  'AR_ALIAS' => 'GS',
  'AR_MOSTRAR_NOMBRE_PANTALLA' => '0',
) 
2014-07-01 08:05:00 --> se va a crear el turno 
2014-07-01 08:05:00 --> se creo el turno 6 del area GS 

2014-07-01 08:20:45 --> get_areas 1 
2014-07-01 08:20:45 --> buscando areas del cliente 
2014-07-01 08:20:53 --> crear el consumidor 
2014-07-01 08:20:53 --> se creo el consumidor 5692 
2014-07-01 08:20:53 --> la informacion de la sede es array (
  'S_ID' => '5',
  'S_NOMBRE' => 'ORIENTE',
  'S_DESCRIPCION' => 'Sede para gestionar los casos de la regional Oriente',
  'S_C_ID' => '1',
  'S_CANTIDAD_ENCUESTAS' => '10',
  'S_ACTIVO' => '1',
  'S_LOGO' => '1',
  'S_MUESTRA_VIDEO' => '0',
) 
2014-07-01 08:20:53 --> se va a extraer informacion del area  
2014-07-01 08:20:53 --> la informacion del area es array (
  'AR_ID' => '1',
  'AR_NOMBRE' => 'GERENCIA_DEL_SERVICIO',
  'AR_DESCRIPCION' => 'Cartas de ingreso al punto de venta',
  'AR_C_ID' => '1',
  'AR_ACTIVO' => '1',
  'AR_ALIAS' => 'GS',
  'AR_MOSTRAR_NOMBRE_PANTALLA' => '0',
) 
2014-07-01 08:20:53 --> se va a crear el turno 
2014-07-01 08:20:53 --> se creo el turno 7 del area GS 

2014-07-01 08:23:36 --> get_areas 1 
2014-07-01 08:23:36 --> buscando areas del cliente 
2014-07-01 08:23:41 --> crear el consumidor 
2014-07-01 08:23:41 --> se creo el consumidor 5696 
2014-07-01 08:23:41 --> la informacion de la sede es array (
  'S_ID' => '5',
  'S_NOMBRE' => 'ORIENTE',
  'S_DESCRIPCION' => 'Sede para gestionar los casos de la regional Oriente',
  'S_C_ID' => '1',
  'S_CANTIDAD_ENCUESTAS' => '10',
  'S_ACTIVO' => '1',
  'S_LOGO' => '1',
  'S_MUESTRA_VIDEO' => '0',
) 
2014-07-01 08:23:41 --> se va a extraer informacion del area  
2014-07-01 08:23:41 --> la informacion del area es array (
  'AR_ID' => '1',
  'AR_NOMBRE' => 'GERENCIA_DEL_SERVICIO',
  'AR_DESCRIPCION' => 'Cartas de ingreso al punto de venta',
  'AR_C_ID' => '1',
  'AR_ACTIVO' => '1',
  'AR_ALIAS' => 'GS',
  'AR_MOSTRAR_NOMBRE_PANTALLA' => '0',
) 
2014-07-01 08:23:41 --> se va a crear el turno 
2014-07-01 08:23:41 --> se creo el turno 8 del area GS 

2014-07-01 08:27:05 --> get_areas 1 
2014-07-01 08:27:05 --> buscando areas del cliente 
2014-07-01 08:27:11 --> crear el consumidor 
2014-07-01 08:27:11 --> se creo el consumidor 5698 
2014-07-01 08:27:11 --> la informacion de la sede es array (
  'S_ID' => '5',
  'S_NOMBRE' => 'ORIENTE',
  'S_DESCRIPCION' => 'Sede para gestionar los casos de la regional Oriente',
  'S_C_ID' => '1',
  'S_CANTIDAD_ENCUESTAS' => '10',
  'S_ACTIVO' => '1',
  'S_LOGO' => '1',
  'S_MUESTRA_VIDEO' => '0',
) 
2014-07-01 08:27:11 --> se va a extraer informacion del area  
2014-07-01 08:27:11 --> la informacion del area es array (
  'AR_ID' => '1',
  'AR_NOMBRE' => 'GERENCIA_DEL_SERVICIO',
  'AR_DESCRIPCION' => 'Cartas de ingreso al punto de venta',
  'AR_C_ID' => '1',
  'AR_ACTIVO' => '1',
  'AR_ALIAS' => 'GS',
  'AR_MOSTRAR_NOMBRE_PANTALLA' => '0',
) 
2014-07-01 08:27:11 --> se va a crear el turno 
2014-07-01 08:27:11 --> se creo el turno 9 del area GS 

2014-07-01 08:30:18 --> get_areas 1 
2014-07-01 08:30:18 --> buscando areas del cliente 
2014-07-01 08:30:24 --> crear el consumidor 
2014-07-01 08:30:24 --> se creo el consumidor 5701 
2014-07-01 08:30:24 --> la informacion de la sede es array (
  'S_ID' => '5',
  'S_NOMBRE' => 'ORIENTE',
  'S_DESCRIPCION' => 'Sede para gestionar los casos de la regional Oriente',
  'S_C_ID' => '1',
  'S_CANTIDAD_ENCUESTAS' => '10',
  'S_ACTIVO' => '1',
  'S_LOGO' => '1',
  'S_MUESTRA_VIDEO' => '0',
) 
2014-07-01 08:30:24 --> se va a extraer informacion del area  
2014-07-01 08:30:24 --> la informacion del area es array (
  'AR_ID' => '1',
  'AR_NOMBRE' => 'GERENCIA_DEL_SERVICIO',
  'AR_DESCRIPCION' => 'Cartas de ingreso al punto de venta',
  'AR_C_ID' => '1',
  'AR_ACTIVO' => '1',
  'AR_ALIAS' => 'GS',
  'AR_MOSTRAR_NOMBRE_PANTALLA' => '0',
) 
2014-07-01 08:30:24 --> se va a crear el turno 
2014-07-01 08:30:24 --> se creo el turno 10 del area GS 

2014-07-01 09:28:11 --> get_areas 1 
2014-07-01 09:28:11 --> buscando areas del cliente 
2014-07-01 09:28:17 --> crear el consumidor 
2014-07-01 09:28:17 --> se creo el consumidor 5738 
2014-07-01 09:28:17 --> la informacion de la sede es array (
  'S_ID' => '5',
  'S_NOMBRE' => 'ORIENTE',
  'S_DESCRIPCION' => 'Sede para gestionar los casos de la regional Oriente',
  'S_C_ID' => '1',
  'S_CANTIDAD_ENCUESTAS' => '10',
  'S_ACTIVO' => '1',
  'S_LOGO' => '1',
  'S_MUESTRA_VIDEO' => '0',
) 
2014-07-01 09:28:17 --> se va a extraer informacion del area  
2014-07-01 09:28:17 --> la informacion del area es array (
  'AR_ID' => '1',
  'AR_NOMBRE' => 'GERENCIA_DEL_SERVICIO',
  'AR_DESCRIPCION' => 'Cartas de ingreso al punto de venta',
  'AR_C_ID' => '1',
  'AR_ACTIVO' => '1',
  'AR_ALIAS' => 'GS',
  'AR_MOSTRAR_NOMBRE_PANTALLA' => '0',
) 
2014-07-01 09:28:17 --> se va a crear el turno 
2014-07-01 09:28:17 --> se creo el turno 13 del area GS 

2014-07-01 09:36:12 --> get_areas 1 
2014-07-01 09:36:12 --> buscando areas del cliente 
2014-07-01 09:36:46 --> crear el consumidor 
2014-07-01 09:36:46 --> se creo el consumidor 5743 
2014-07-01 09:36:46 --> la informacion de la sede es array (
  'S_ID' => '3',
  'S_NOMBRE' => 'NORTE',
  'S_DESCRIPCION' => 'Sede para atender los casos de la regional norte',
  'S_C_ID' => '1',
  'S_CANTIDAD_ENCUESTAS' => '10',
  'S_ACTIVO' => '1',
  'S_LOGO' => '7',
  'S_MUESTRA_VIDEO' => '0',
) 
2014-07-01 09:36:46 --> se va a extraer informacion del area  
2014-07-01 09:36:46 --> la informacion del area es array (
  'AR_ID' => '5',
  'AR_NOMBRE' => 'OTROS',
  'AR_DESCRIPCION' => 'Otros',
  'AR_C_ID' => '1',
  'AR_ACTIVO' => '1',
  'AR_ALIAS' => 'Otro',
  'AR_MOSTRAR_NOMBRE_PANTALLA' => '0',
) 
2014-07-01 09:36:46 --> se va a crear el turno 
2014-07-01 09:36:46 --> se creo el turno 1 del area Otro 

2014-07-01 09:37:07 --> get_areas 1 
2014-07-01 09:37:07 --> buscando areas del cliente 
2014-07-01 09:37:17 --> crear el consumidor 
2014-07-01 09:37:22 --> se creo el consumidor 5745 
2014-07-01 09:37:22 --> la informacion de la sede es array (
  'S_ID' => '3',
  'S_NOMBRE' => 'NORTE',
  'S_DESCRIPCION' => 'Sede para atender los casos de la regional norte',
  'S_C_ID' => '1',
  'S_CANTIDAD_ENCUESTAS' => '10',
  'S_ACTIVO' => '1',
  'S_LOGO' => '7',
  'S_MUESTRA_VIDEO' => '0',
) 
2014-07-01 09:37:22 --> se va a extraer informacion del area  
2014-07-01 09:37:22 --> la informacion del area es array (
  'AR_ID' => '5',
  'AR_NOMBRE' => 'OTROS',
  'AR_DESCRIPCION' => 'Otros',
  'AR_C_ID' => '1',
  'AR_ACTIVO' => '1',
  'AR_ALIAS' => 'Otro',
  'AR_MOSTRAR_NOMBRE_PANTALLA' => '0',
) 
2014-07-01 09:37:22 --> se va a crear el turno 
2014-07-01 09:37:22 --> se creo el turno 2 del area Otro 

2014-07-01 09:41:11 --> get_areas 1 
2014-07-01 09:41:11 --> buscando areas del cliente 
2014-07-01 09:41:22 --> crear el consumidor 
2014-07-01 09:41:22 --> se creo el consumidor 5749 
2014-07-01 09:41:22 --> la informacion de la sede es array (
  'S_ID' => '3',
  'S_NOMBRE' => 'NORTE',
  'S_DESCRIPCION' => 'Sede para atender los casos de la regional norte',
  'S_C_ID' => '1',
  'S_CANTIDAD_ENCUESTAS' => '10',
  'S_ACTIVO' => '1',
  'S_LOGO' => '7',
  'S_MUESTRA_VIDEO' => '0',
) 
2014-07-01 09:41:22 --> se va a extraer informacion del area  
2014-07-01 09:41:22 --> la informacion del area es array (
  'AR_ID' => '5',
  'AR_NOMBRE' => 'OTROS',
  'AR_DESCRIPCION' => 'Otros',
  'AR_C_ID' => '1',
  'AR_ACTIVO' => '1',
  'AR_ALIAS' => 'Otro',
  'AR_MOSTRAR_NOMBRE_PANTALLA' => '0',
) 
2014-07-01 09:41:22 --> se va a crear el turno 
2014-07-01 09:41:22 --> se creo el turno 3 del area Otro 

2014-07-01 14:32:00 --> get_areas 1 
2014-07-01 14:32:00 --> buscando areas del cliente 
2014-07-01 14:43:43 --> crear el consumidor 
2014-07-01 14:43:43 --> se creo el consumidor 5883 
2014-07-01 14:43:43 --> la informacion de la sede es array (
  'S_ID' => '4',
  'S_NOMBRE' => 'OCCIDENTE',
  'S_DESCRIPCION' => 'Sedle para atender los casos de la regional occidente',
  'S_C_ID' => '1',
  'S_CANTIDAD_ENCUESTAS' => '10',
  'S_ACTIVO' => '1',
  'S_LOGO' => '7',
  'S_MUESTRA_VIDEO' => '0',
) 
2014-07-01 14:43:43 --> se va a extraer informacion del area  
2014-07-01 14:43:43 --> la informacion del area es array (
  'AR_ID' => '3',
  'AR_NOMBRE' => 'SEGUIMIENTO_AL_SERVICIO',
  'AR_DESCRIPCION' => 'Certificados laborales Solicitudes Quejas Rec',
  'AR_C_ID' => '1',
  'AR_ACTIVO' => '1',
  'AR_ALIAS' => 'SAS',
  'AR_MOSTRAR_NOMBRE_PANTALLA' => '0',
) 
2014-07-01 14:43:43 --> se va a crear el turno 
2014-07-01 14:43:43 --> se creo el turno 62 del area SAS 
