
2014-09-24 08:01:35 --> get_areas 1 
2014-09-24 08:01:35 --> buscando areas del cliente 
2014-09-24 08:01:54 --> crear el consumidor 
2014-09-24 08:02:04 --> se creo el consumidor 18282 
2014-09-24 08:02:04 --> la informacion de la sede es array (
  'S_ID' => '4',
  'S_NOMBRE' => 'OCCIDENTE',
  'S_DESCRIPCION' => 'Sedle para atender los casos de la regional occidente',
  'S_C_ID' => '1',
  'S_CANTIDAD_ENCUESTAS' => '10',
  'S_ACTIVO' => '1',
  'S_LOGO' => '7',
  'S_MUESTRA_VIDEO' => '0',
) 
2014-09-24 08:02:04 --> se va a extraer informacion del area  
2014-09-24 08:02:04 --> la informacion del area es array (
  'AR_ID' => '8',
  'AR_NOMBRE' => 'COMPENSACION_SALARIAL',
  'AR_DESCRIPCION' => 'Informacion pago nomina y liquidaciones',
  'AR_C_ID' => '1',
  'AR_ACTIVO' => '1',
  'AR_ALIAS' => 'CS',
  'AR_MOSTRAR_NOMBRE_PANTALLA' => '0',
) 
2014-09-24 08:02:04 --> se va a crear el turno 
2014-09-24 08:02:04 --> se creo el turno 1 del area CS 

2014-09-24 08:10:00 --> get_areas 1 
2014-09-24 08:10:00 --> buscando areas del cliente 
2014-09-24 08:10:48 --> crear el consumidor 
2014-09-24 08:10:48 --> se creo el consumidor 18283 
2014-09-24 08:10:48 --> la informacion de la sede es array (
  'S_ID' => '4',
  'S_NOMBRE' => 'OCCIDENTE',
  'S_DESCRIPCION' => 'Sedle para atender los casos de la regional occidente',
  'S_C_ID' => '1',
  'S_CANTIDAD_ENCUESTAS' => '10',
  'S_ACTIVO' => '1',
  'S_LOGO' => '7',
  'S_MUESTRA_VIDEO' => '0',
) 
2014-09-24 08:10:48 --> se va a extraer informacion del area  
2014-09-24 08:10:48 --> la informacion del area es array (
  'AR_ID' => '8',
  'AR_NOMBRE' => 'COMPENSACION_SALARIAL',
  'AR_DESCRIPCION' => 'Informacion pago nomina y liquidaciones',
  'AR_C_ID' => '1',
  'AR_ACTIVO' => '1',
  'AR_ALIAS' => 'CS',
  'AR_MOSTRAR_NOMBRE_PANTALLA' => '0',
) 
2014-09-24 08:10:48 --> se va a crear el turno 
2014-09-24 08:10:48 --> se creo el turno 2 del area CS 

2014-09-24 08:11:35 --> get_areas 1 
2014-09-24 08:11:35 --> buscando areas del cliente 
2014-09-24 08:12:08 --> crear el consumidor 
2014-09-24 08:12:10 --> se creo el consumidor 18285 
2014-09-24 08:12:10 --> la informacion de la sede es array (
  'S_ID' => '2',
  'S_NOMBRE' => 'CENTRO',
  'S_DESCRIPCION' => 'Sede para atender los casos de la regional centro',
  'S_C_ID' => '1',
  'S_CANTIDAD_ENCUESTAS' => '10',
  'S_ACTIVO' => '1',
  'S_LOGO' => '7',
  'S_MUESTRA_VIDEO' => '0',
) 
2014-09-24 08:12:10 --> se va a extraer informacion del area  
2014-09-24 08:12:10 --> la informacion del area es array (
  'AR_ID' => '5',
  'AR_NOMBRE' => 'OTROS',
  'AR_DESCRIPCION' => 'Otros',
  'AR_C_ID' => '1',
  'AR_ACTIVO' => '1',
  'AR_ALIAS' => 'O',
  'AR_MOSTRAR_NOMBRE_PANTALLA' => '0',
) 
2014-09-24 08:12:10 --> se va a crear el turno 
2014-09-24 08:12:10 --> se creo el turno 1 del area O 

2014-09-24 08:19:08 --> get_areas 1 
2014-09-24 08:19:08 --> buscando areas del cliente 
2014-09-24 08:19:24 --> crear el consumidor 
2014-09-24 08:19:24 --> se creo el consumidor 18286 
2014-09-24 08:19:24 --> la informacion de la sede es array (
  'S_ID' => '1',
  'S_NOMBRE' => 'ANTIOQUIA',
  'S_DESCRIPCION' => 'Sede para atender los casos de la regional antioquia',
  'S_C_ID' => '1',
  'S_CANTIDAD_ENCUESTAS' => '10',
  'S_ACTIVO' => '1',
  'S_LOGO' => '7',
  'S_MUESTRA_VIDEO' => '0',
) 
2014-09-24 08:19:24 --> se va a extraer informacion del area  
2014-09-24 08:19:24 --> la informacion del area es array (
  'AR_ID' => '5',
  'AR_NOMBRE' => 'OTROS',
  'AR_DESCRIPCION' => 'Otros',
  'AR_C_ID' => '1',
  'AR_ACTIVO' => '1',
  'AR_ALIAS' => 'O',
  'AR_MOSTRAR_NOMBRE_PANTALLA' => '0',
) 
2014-09-24 08:19:24 --> se va a crear el turno 
2014-09-24 08:19:24 --> se creo el turno 1 del area O 

2014-09-24 08:20:12 --> get_areas 1 
2014-09-24 08:20:12 --> buscando areas del cliente 

2014-09-24 08:41:37 --> get_areas 1 
2014-09-24 08:41:37 --> buscando areas del cliente 
2014-09-24 08:42:02 --> crear el consumidor 
2014-09-24 08:42:03 --> se creo el consumidor 18295 
2014-09-24 08:42:03 --> la informacion de la sede es array (
  'S_ID' => '4',
  'S_NOMBRE' => 'OCCIDENTE',
  'S_DESCRIPCION' => 'Sedle para atender los casos de la regional occidente',
  'S_C_ID' => '1',
  'S_CANTIDAD_ENCUESTAS' => '10',
  'S_ACTIVO' => '1',
  'S_LOGO' => '7',
  'S_MUESTRA_VIDEO' => '0',
) 
2014-09-24 08:42:03 --> se va a extraer informacion del area  
2014-09-24 08:42:03 --> la informacion del area es array (
  'AR_ID' => '2',
  'AR_NOMBRE' => 'APORTES',
  'AR_DESCRIPCION' => 'Pensiones Incapacidades Cesantias Cartas FNA',
  'AR_C_ID' => '1',
  'AR_ACTIVO' => '1',
  'AR_ALIAS' => 'A',
  'AR_MOSTRAR_NOMBRE_PANTALLA' => '0',
) 
2014-09-24 08:42:03 --> se va a crear el turno 
2014-09-24 08:42:03 --> se creo el turno 1 del area A 

2014-09-24 08:58:24 --> get_areas 1 
2014-09-24 08:58:24 --> buscando areas del cliente 
2014-09-24 08:58:43 --> crear el consumidor 
2014-09-24 08:58:47 --> se creo el consumidor 18302 
2014-09-24 08:58:47 --> la informacion de la sede es array (
  'S_ID' => '4',
  'S_NOMBRE' => 'OCCIDENTE',
  'S_DESCRIPCION' => 'Sedle para atender los casos de la regional occidente',
  'S_C_ID' => '1',
  'S_CANTIDAD_ENCUESTAS' => '10',
  'S_ACTIVO' => '1',
  'S_LOGO' => '7',
  'S_MUESTRA_VIDEO' => '0',
) 
2014-09-24 08:58:47 --> se va a extraer informacion del area  
2014-09-24 08:58:47 --> la informacion del area es array (
  'AR_ID' => '2',
  'AR_NOMBRE' => 'APORTES',
  'AR_DESCRIPCION' => 'Pensiones Incapacidades Cesantias Cartas FNA',
  'AR_C_ID' => '1',
  'AR_ACTIVO' => '1',
  'AR_ALIAS' => 'A',
  'AR_MOSTRAR_NOMBRE_PANTALLA' => '0',
) 
2014-09-24 08:58:47 --> se va a crear el turno 
2014-09-24 08:58:47 --> se creo el turno 2 del area A 

2014-09-24 09:06:01 --> get_areas 1 
2014-09-24 09:06:01 --> buscando areas del cliente 
2014-09-24 09:06:32 --> crear el consumidor 
2014-09-24 09:06:32 --> se creo el consumidor 18310 
2014-09-24 09:06:32 --> la informacion de la sede es array (
  'S_ID' => '4',
  'S_NOMBRE' => 'OCCIDENTE',
  'S_DESCRIPCION' => 'Sedle para atender los casos de la regional occidente',
  'S_C_ID' => '1',
  'S_CANTIDAD_ENCUESTAS' => '10',
  'S_ACTIVO' => '1',
  'S_LOGO' => '7',
  'S_MUESTRA_VIDEO' => '0',
) 
2014-09-24 09:06:32 --> se va a extraer informacion del area  
2014-09-24 09:06:32 --> la informacion del area es array (
  'AR_ID' => '2',
  'AR_NOMBRE' => 'APORTES',
  'AR_DESCRIPCION' => 'Pensiones Incapacidades Cesantias Cartas FNA',
  'AR_C_ID' => '1',
  'AR_ACTIVO' => '1',
  'AR_ALIAS' => 'A',
  'AR_MOSTRAR_NOMBRE_PANTALLA' => '0',
) 
2014-09-24 09:06:32 --> se va a crear el turno 
2014-09-24 09:06:32 --> se creo el turno 3 del area A 

2014-09-24 09:15:23 --> get_areas 1 
2014-09-24 09:15:23 --> buscando areas del cliente 
2014-09-24 09:15:29 --> crear el consumidor 
2014-09-24 09:15:29 --> se creo el consumidor 18314 
2014-09-24 09:15:29 --> la informacion de la sede es array (
  'S_ID' => '4',
  'S_NOMBRE' => 'OCCIDENTE',
  'S_DESCRIPCION' => 'Sedle para atender los casos de la regional occidente',
  'S_C_ID' => '1',
  'S_CANTIDAD_ENCUESTAS' => '10',
  'S_ACTIVO' => '1',
  'S_LOGO' => '7',
  'S_MUESTRA_VIDEO' => '0',
) 
2014-09-24 09:15:29 --> se va a extraer informacion del area  
2014-09-24 09:15:29 --> la informacion del area es array (
  'AR_ID' => '5',
  'AR_NOMBRE' => 'OTROS',
  'AR_DESCRIPCION' => 'Otros',
  'AR_C_ID' => '1',
  'AR_ACTIVO' => '1',
  'AR_ALIAS' => 'O',
  'AR_MOSTRAR_NOMBRE_PANTALLA' => '0',
) 
2014-09-24 09:15:29 --> se va a crear el turno 
2014-09-24 09:15:29 --> se creo el turno 1 del area O 

2014-09-24 09:33:45 --> get_areas 1 
2014-09-24 09:33:45 --> buscando areas del cliente 

2014-09-24 09:38:30 --> get_areas 1 
2014-09-24 09:38:30 --> buscando areas del cliente 

2014-09-24 09:40:49 --> get_areas 1 
2014-09-24 09:40:49 --> buscando areas del cliente 

2014-09-24 09:44:01 --> get_areas 1 
2014-09-24 09:44:01 --> buscando areas del cliente 

2014-09-24 09:45:04 --> get_areas 1 
2014-09-24 09:45:04 --> buscando areas del cliente 
2014-09-24 09:45:30 --> crear el consumidor 
2014-09-24 09:45:45 --> se creo el consumidor 18324 
2014-09-24 09:45:45 --> la informacion de la sede es array (
  'S_ID' => '4',
  'S_NOMBRE' => 'OCCIDENTE',
  'S_DESCRIPCION' => 'Sedle para atender los casos de la regional occidente',
  'S_C_ID' => '1',
  'S_CANTIDAD_ENCUESTAS' => '10',
  'S_ACTIVO' => '1',
  'S_LOGO' => '7',
  'S_MUESTRA_VIDEO' => '0',
) 
2014-09-24 09:45:45 --> se va a extraer informacion del area  
2014-09-24 09:45:45 --> la informacion del area es array (
  'AR_ID' => '5',
  'AR_NOMBRE' => 'OTROS',
  'AR_DESCRIPCION' => 'Otros',
  'AR_C_ID' => '1',
  'AR_ACTIVO' => '1',
  'AR_ALIAS' => 'O',
  'AR_MOSTRAR_NOMBRE_PANTALLA' => '0',
) 
2014-09-24 09:45:45 --> se va a crear el turno 
2014-09-24 09:45:45 --> se creo el turno 2 del area O 

2014-09-24 09:51:23 --> get_areas 1 
2014-09-24 09:51:23 --> buscando areas del cliente 
2014-09-24 09:51:38 --> crear el consumidor 
2014-09-24 09:51:38 --> se creo el consumidor 18326 
2014-09-24 09:51:38 --> la informacion de la sede es array (
  'S_ID' => '4',
  'S_NOMBRE' => 'OCCIDENTE',
  'S_DESCRIPCION' => 'Sedle para atender los casos de la regional occidente',
  'S_C_ID' => '1',
  'S_CANTIDAD_ENCUESTAS' => '10',
  'S_ACTIVO' => '1',
  'S_LOGO' => '7',
  'S_MUESTRA_VIDEO' => '0',
) 
2014-09-24 09:51:38 --> se va a extraer informacion del area  
2014-09-24 09:51:38 --> la informacion del area es array (
  'AR_ID' => '8',
  'AR_NOMBRE' => 'COMPENSACION_SALARIAL',
  'AR_DESCRIPCION' => 'Informacion pago nomina y liquidaciones',
  'AR_C_ID' => '1',
  'AR_ACTIVO' => '1',
  'AR_ALIAS' => 'CS',
  'AR_MOSTRAR_NOMBRE_PANTALLA' => '0',
) 
2014-09-24 09:51:38 --> se va a crear el turno 
2014-09-24 09:51:38 --> se creo el turno 3 del area CS 

2014-09-24 10:00:19 --> get_areas 1 
2014-09-24 10:00:19 --> buscando areas del cliente 
2014-09-24 10:00:36 --> crear el consumidor 
2014-09-24 10:00:36 --> se creo el consumidor 18327 
2014-09-24 10:00:36 --> la informacion de la sede es array (
  'S_ID' => '4',
  'S_NOMBRE' => 'OCCIDENTE',
  'S_DESCRIPCION' => 'Sedle para atender los casos de la regional occidente',
  'S_C_ID' => '1',
  'S_CANTIDAD_ENCUESTAS' => '10',
  'S_ACTIVO' => '1',
  'S_LOGO' => '7',
  'S_MUESTRA_VIDEO' => '0',
) 
2014-09-24 10:00:36 --> se va a extraer informacion del area  
2014-09-24 10:00:36 --> la informacion del area es array (
  'AR_ID' => '1',
  'AR_NOMBRE' => 'GERENCIA_DEL_SERVICIO',
  'AR_DESCRIPCION' => 'Cartas punto de venta Cartas de renuncia',
  'AR_C_ID' => '1',
  'AR_ACTIVO' => '1',
  'AR_ALIAS' => 'GS',
  'AR_MOSTRAR_NOMBRE_PANTALLA' => '0',
) 
2014-09-24 10:00:36 --> se va a crear el turno 
2014-09-24 10:00:36 --> se creo el turno 1 del area GS 

2014-09-24 10:06:25 --> get_areas 1 
2014-09-24 10:06:25 --> buscando areas del cliente 
2014-09-24 10:06:58 --> crear el consumidor 
2014-09-24 10:07:03 --> se creo el consumidor 18328 
2014-09-24 10:07:03 --> la informacion de la sede es array (
  'S_ID' => '4',
  'S_NOMBRE' => 'OCCIDENTE',
  'S_DESCRIPCION' => 'Sedle para atender los casos de la regional occidente',
  'S_C_ID' => '1',
  'S_CANTIDAD_ENCUESTAS' => '10',
  'S_ACTIVO' => '1',
  'S_LOGO' => '7',
  'S_MUESTRA_VIDEO' => '0',
) 
2014-09-24 10:07:03 --> se va a extraer informacion del area  
2014-09-24 10:07:03 --> la informacion del area es array (
  'AR_ID' => '2',
  'AR_NOMBRE' => 'APORTES',
  'AR_DESCRIPCION' => 'Pensiones Incapacidades Cesantias Cartas FNA',
  'AR_C_ID' => '1',
  'AR_ACTIVO' => '1',
  'AR_ALIAS' => 'A',
  'AR_MOSTRAR_NOMBRE_PANTALLA' => '0',
) 
2014-09-24 10:07:03 --> se va a crear el turno 
2014-09-24 10:07:03 --> se creo el turno 4 del area A 
2014-09-24 10:21:13 --> crear el consumidor 
2014-09-24 10:21:13 --> se creo el consumidor 18334 
2014-09-24 10:21:13 --> la informacion de la sede es array (
  'S_ID' => '2',
  'S_NOMBRE' => 'CENTRO',
  'S_DESCRIPCION' => 'Sede para atender los casos de la regional centro',
  'S_C_ID' => '1',
  'S_CANTIDAD_ENCUESTAS' => '10',
  'S_ACTIVO' => '1',
  'S_LOGO' => '7',
  'S_MUESTRA_VIDEO' => '0',
) 
2014-09-24 10:21:13 --> se va a extraer informacion del area  
2014-09-24 10:21:13 --> la informacion del area es array (
  'AR_ID' => '3',
  'AR_NOMBRE' => 'SEGUIMIENTO_AL_SERVICIO',
  'AR_DESCRIPCION' => 'SQR certificados especiales claves portal web',
  'AR_C_ID' => '1',
  'AR_ACTIVO' => '1',
  'AR_ALIAS' => 'SAS',
  'AR_MOSTRAR_NOMBRE_PANTALLA' => '0',
) 
2014-09-24 10:21:13 --> se va a crear el turno 
2014-09-24 10:21:13 --> se creo el turno 5 del area SAS 

2014-09-24 10:22:15 --> get_areas 1 
2014-09-24 10:22:15 --> buscando areas del cliente 

2014-09-24 10:24:39 --> get_areas 1 
2014-09-24 10:24:39 --> buscando areas del cliente 
2014-09-24 10:24:43 --> crear el consumidor 
2014-09-24 10:24:43 --> se creo el consumidor 18335 
2014-09-24 10:24:43 --> la informacion de la sede es array (
  'S_ID' => '4',
  'S_NOMBRE' => 'OCCIDENTE',
  'S_DESCRIPCION' => 'Sedle para atender los casos de la regional occidente',
  'S_C_ID' => '1',
  'S_CANTIDAD_ENCUESTAS' => '10',
  'S_ACTIVO' => '1',
  'S_LOGO' => '7',
  'S_MUESTRA_VIDEO' => '0',
) 
2014-09-24 10:24:43 --> se va a extraer informacion del area  
2014-09-24 10:24:43 --> la informacion del area es array (
  'AR_ID' => '5',
  'AR_NOMBRE' => 'OTROS',
  'AR_DESCRIPCION' => 'Otros',
  'AR_C_ID' => '1',
  'AR_ACTIVO' => '1',
  'AR_ALIAS' => 'O',
  'AR_MOSTRAR_NOMBRE_PANTALLA' => '0',
) 
2014-09-24 10:24:43 --> se va a crear el turno 
2014-09-24 10:24:43 --> se creo el turno 3 del area O 
2014-09-24 10:27:19 --> crear el consumidor 
2014-09-24 10:27:19 --> se creo el consumidor 18336 
2014-09-24 10:27:19 --> la informacion de la sede es array (
  'S_ID' => '2',
  'S_NOMBRE' => 'CENTRO',
  'S_DESCRIPCION' => 'Sede para atender los casos de la regional centro',
  'S_C_ID' => '1',
  'S_CANTIDAD_ENCUESTAS' => '10',
  'S_ACTIVO' => '1',
  'S_LOGO' => '7',
  'S_MUESTRA_VIDEO' => '0',
) 
2014-09-24 10:27:19 --> se va a extraer informacion del area  
2014-09-24 10:27:19 --> la informacion del area es array (
  'AR_ID' => '5',
  'AR_NOMBRE' => 'OTROS',
  'AR_DESCRIPCION' => 'Otros',
  'AR_C_ID' => '1',
  'AR_ACTIVO' => '1',
  'AR_ALIAS' => 'O',
  'AR_MOSTRAR_NOMBRE_PANTALLA' => '0',
) 
2014-09-24 10:27:19 --> se va a crear el turno 
2014-09-24 10:27:19 --> se creo el turno 2 del area O 

2014-09-24 10:41:04 --> get_areas 1 
2014-09-24 10:41:04 --> buscando areas del cliente 
2014-09-24 10:41:09 --> crear el consumidor 
2014-09-24 10:41:09 --> se creo el consumidor 18340 
2014-09-24 10:41:09 --> la informacion de la sede es array (
  'S_ID' => '4',
  'S_NOMBRE' => 'OCCIDENTE',
  'S_DESCRIPCION' => 'Sedle para atender los casos de la regional occidente',
  'S_C_ID' => '1',
  'S_CANTIDAD_ENCUESTAS' => '10',
  'S_ACTIVO' => '1',
  'S_LOGO' => '7',
  'S_MUESTRA_VIDEO' => '0',
) 
2014-09-24 10:41:09 --> se va a extraer informacion del area  
2014-09-24 10:41:09 --> la informacion del area es array (
  'AR_ID' => '2',
  'AR_NOMBRE' => 'APORTES',
  'AR_DESCRIPCION' => 'Pensiones Incapacidades Cesantias Cartas FNA',
  'AR_C_ID' => '1',
  'AR_ACTIVO' => '1',
  'AR_ALIAS' => 'A',
  'AR_MOSTRAR_NOMBRE_PANTALLA' => '0',
) 
2014-09-24 10:41:09 --> se va a crear el turno 
2014-09-24 10:41:09 --> se creo el turno 5 del area A 

2014-09-24 10:47:33 --> get_areas 1 
2014-09-24 10:47:33 --> buscando areas del cliente 
2014-09-24 10:47:44 --> crear el consumidor 
2014-09-24 10:47:49 --> se creo el consumidor 18344 
2014-09-24 10:47:49 --> la informacion de la sede es array (
  'S_ID' => '4',
  'S_NOMBRE' => 'OCCIDENTE',
  'S_DESCRIPCION' => 'Sedle para atender los casos de la regional occidente',
  'S_C_ID' => '1',
  'S_CANTIDAD_ENCUESTAS' => '10',
  'S_ACTIVO' => '1',
  'S_LOGO' => '7',
  'S_MUESTRA_VIDEO' => '0',
) 
2014-09-24 10:47:49 --> se va a extraer informacion del area  
2014-09-24 10:47:49 --> la informacion del area es array (
  'AR_ID' => '5',
  'AR_NOMBRE' => 'OTROS',
  'AR_DESCRIPCION' => 'Otros',
  'AR_C_ID' => '1',
  'AR_ACTIVO' => '1',
  'AR_ALIAS' => 'O',
  'AR_MOSTRAR_NOMBRE_PANTALLA' => '0',
) 
2014-09-24 10:47:49 --> se va a crear el turno 
2014-09-24 10:47:49 --> se creo el turno 4 del area O 

2014-09-24 10:58:05 --> get_areas 1 
2014-09-24 10:58:05 --> buscando areas del cliente 
2014-09-24 10:58:22 --> crear el consumidor 
2014-09-24 10:58:22 --> se creo el consumidor 18354 
2014-09-24 10:58:22 --> la informacion de la sede es array (
  'S_ID' => '4',
  'S_NOMBRE' => 'OCCIDENTE',
  'S_DESCRIPCION' => 'Sedle para atender los casos de la regional occidente',
  'S_C_ID' => '1',
  'S_CANTIDAD_ENCUESTAS' => '10',
  'S_ACTIVO' => '1',
  'S_LOGO' => '7',
  'S_MUESTRA_VIDEO' => '0',
) 
2014-09-24 10:58:22 --> se va a extraer informacion del area  
2014-09-24 10:58:22 --> la informacion del area es array (
  'AR_ID' => '5',
  'AR_NOMBRE' => 'OTROS',
  'AR_DESCRIPCION' => 'Otros',
  'AR_C_ID' => '1',
  'AR_ACTIVO' => '1',
  'AR_ALIAS' => 'O',
  'AR_MOSTRAR_NOMBRE_PANTALLA' => '0',
) 
2014-09-24 10:58:22 --> se va a crear el turno 
2014-09-24 10:58:22 --> se creo el turno 5 del area O 

2014-09-24 11:05:00 --> get_areas 1 
2014-09-24 11:05:00 --> buscando areas del cliente 
2014-09-24 11:05:11 --> crear el consumidor 
2014-09-24 11:05:11 --> se creo el consumidor 18360 
2014-09-24 11:05:11 --> la informacion de la sede es array (
  'S_ID' => '4',
  'S_NOMBRE' => 'OCCIDENTE',
  'S_DESCRIPCION' => 'Sedle para atender los casos de la regional occidente',
  'S_C_ID' => '1',
  'S_CANTIDAD_ENCUESTAS' => '10',
  'S_ACTIVO' => '1',
  'S_LOGO' => '7',
  'S_MUESTRA_VIDEO' => '0',
) 
2014-09-24 11:05:11 --> se va a extraer informacion del area  
2014-09-24 11:05:11 --> la informacion del area es array (
  'AR_ID' => '5',
  'AR_NOMBRE' => 'OTROS',
  'AR_DESCRIPCION' => 'Otros',
  'AR_C_ID' => '1',
  'AR_ACTIVO' => '1',
  'AR_ALIAS' => 'O',
  'AR_MOSTRAR_NOMBRE_PANTALLA' => '0',
) 
2014-09-24 11:05:11 --> se va a crear el turno 
2014-09-24 11:05:11 --> se creo el turno 6 del area O 

2014-09-24 11:05:56 --> get_areas 1 
2014-09-24 11:05:56 --> buscando areas del cliente 
2014-09-24 11:06:33 --> crear el consumidor 
2014-09-24 11:06:33 --> se creo el consumidor 18361 
2014-09-24 11:06:33 --> la informacion de la sede es array (
  'S_ID' => '4',
  'S_NOMBRE' => 'OCCIDENTE',
  'S_DESCRIPCION' => 'Sedle para atender los casos de la regional occidente',
  'S_C_ID' => '1',
  'S_CANTIDAD_ENCUESTAS' => '10',
  'S_ACTIVO' => '1',
  'S_LOGO' => '7',
  'S_MUESTRA_VIDEO' => '0',
) 
2014-09-24 11:06:33 --> se va a extraer informacion del area  
2014-09-24 11:06:33 --> la informacion del area es array (
  'AR_ID' => '5',
  'AR_NOMBRE' => 'OTROS',
  'AR_DESCRIPCION' => 'Otros',
  'AR_C_ID' => '1',
  'AR_ACTIVO' => '1',
  'AR_ALIAS' => 'O',
  'AR_MOSTRAR_NOMBRE_PANTALLA' => '0',
) 
2014-09-24 11:06:33 --> se va a crear el turno 
2014-09-24 11:06:33 --> se creo el turno 7 del area O 

2014-09-24 11:11:34 --> get_areas 1 
2014-09-24 11:11:34 --> buscando areas del cliente 
2014-09-24 11:11:45 --> crear el consumidor 
2014-09-24 11:11:45 --> se creo el consumidor 18362 
2014-09-24 11:11:45 --> la informacion de la sede es array (
  'S_ID' => '4',
  'S_NOMBRE' => 'OCCIDENTE',
  'S_DESCRIPCION' => 'Sedle para atender los casos de la regional occidente',
  'S_C_ID' => '1',
  'S_CANTIDAD_ENCUESTAS' => '10',
  'S_ACTIVO' => '1',
  'S_LOGO' => '7',
  'S_MUESTRA_VIDEO' => '0',
) 
2014-09-24 11:11:45 --> se va a extraer informacion del area  
2014-09-24 11:11:45 --> la informacion del area es array (
  'AR_ID' => '1',
  'AR_NOMBRE' => 'GERENCIA_DEL_SERVICIO',
  'AR_DESCRIPCION' => 'Cartas punto de venta Cartas de renuncia',
  'AR_C_ID' => '1',
  'AR_ACTIVO' => '1',
  'AR_ALIAS' => 'GS',
  'AR_MOSTRAR_NOMBRE_PANTALLA' => '0',
) 
2014-09-24 11:11:45 --> se va a crear el turno 
2014-09-24 11:11:45 --> se creo el turno 2 del area GS 

2014-09-24 11:12:49 --> get_areas 1 
2014-09-24 11:12:49 --> buscando areas del cliente 
2014-09-24 11:12:58 --> crear el consumidor 
2014-09-24 11:12:58 --> se creo el consumidor 18363 
2014-09-24 11:12:58 --> la informacion de la sede es array (
  'S_ID' => '4',
  'S_NOMBRE' => 'OCCIDENTE',
  'S_DESCRIPCION' => 'Sedle para atender los casos de la regional occidente',
  'S_C_ID' => '1',
  'S_CANTIDAD_ENCUESTAS' => '10',
  'S_ACTIVO' => '1',
  'S_LOGO' => '7',
  'S_MUESTRA_VIDEO' => '0',
) 
2014-09-24 11:12:58 --> se va a extraer informacion del area  
2014-09-24 11:12:58 --> la informacion del area es array (
  'AR_ID' => '5',
  'AR_NOMBRE' => 'OTROS',
  'AR_DESCRIPCION' => 'Otros',
  'AR_C_ID' => '1',
  'AR_ACTIVO' => '1',
  'AR_ALIAS' => 'O',
  'AR_MOSTRAR_NOMBRE_PANTALLA' => '0',
) 
2014-09-24 11:12:58 --> se va a crear el turno 
2014-09-24 11:12:58 --> se creo el turno 8 del area O 

2014-09-24 11:17:28 --> get_areas 1 
2014-09-24 11:17:28 --> buscando areas del cliente 
2014-09-24 11:17:44 --> crear el consumidor 
2014-09-24 11:17:44 --> se creo el consumidor 18368 
2014-09-24 11:17:44 --> la informacion de la sede es array (
  'S_ID' => '4',
  'S_NOMBRE' => 'OCCIDENTE',
  'S_DESCRIPCION' => 'Sedle para atender los casos de la regional occidente',
  'S_C_ID' => '1',
  'S_CANTIDAD_ENCUESTAS' => '10',
  'S_ACTIVO' => '1',
  'S_LOGO' => '7',
  'S_MUESTRA_VIDEO' => '0',
) 
2014-09-24 11:17:44 --> se va a extraer informacion del area  
2014-09-24 11:17:44 --> la informacion del area es array (
  'AR_ID' => '8',
  'AR_NOMBRE' => 'COMPENSACION_SALARIAL',
  'AR_DESCRIPCION' => 'Informacion pago nomina y liquidaciones',
  'AR_C_ID' => '1',
  'AR_ACTIVO' => '1',
  'AR_ALIAS' => 'CS',
  'AR_MOSTRAR_NOMBRE_PANTALLA' => '0',
) 
2014-09-24 11:17:44 --> se va a crear el turno 
2014-09-24 11:17:44 --> se creo el turno 4 del area CS 

2014-09-24 12:14:29 --> get_areas 1 
2014-09-24 12:14:29 --> buscando areas del cliente 

2014-09-24 13:54:10 --> get_areas 1 
2014-09-24 13:54:10 --> buscando areas del cliente 
2014-09-24 13:54:28 --> crear el consumidor 
2014-09-24 13:54:31 --> se creo el consumidor 18379 
2014-09-24 13:54:31 --> la informacion de la sede es array (
  'S_ID' => '4',
  'S_NOMBRE' => 'OCCIDENTE',
  'S_DESCRIPCION' => 'Sedle para atender los casos de la regional occidente',
  'S_C_ID' => '1',
  'S_CANTIDAD_ENCUESTAS' => '10',
  'S_ACTIVO' => '1',
  'S_LOGO' => '7',
  'S_MUESTRA_VIDEO' => '0',
) 
2014-09-24 13:54:31 --> se va a extraer informacion del area  
2014-09-24 13:54:31 --> la informacion del area es array (
  'AR_ID' => '3',
  'AR_NOMBRE' => 'SEGUIMIENTO_AL_SERVICIO',
  'AR_DESCRIPCION' => 'SQR certificados especiales claves portal web',
  'AR_C_ID' => '1',
  'AR_ACTIVO' => '1',
  'AR_ALIAS' => 'SAS',
  'AR_MOSTRAR_NOMBRE_PANTALLA' => '0',
) 
2014-09-24 13:54:31 --> se va a crear el turno 
2014-09-24 13:54:31 --> se creo el turno 1 del area SAS 

2014-09-24 13:57:35 --> get_areas 1 
2014-09-24 13:57:35 --> buscando areas del cliente 

2014-09-24 14:02:20 --> get_areas 1 
2014-09-24 14:02:20 --> buscando areas del cliente 
2014-09-24 14:02:29 --> crear el consumidor 
2014-09-24 14:02:47 --> se creo el consumidor 18380 
2014-09-24 14:02:47 --> la informacion de la sede es array (
  'S_ID' => '4',
  'S_NOMBRE' => 'OCCIDENTE',
  'S_DESCRIPCION' => 'Sedle para atender los casos de la regional occidente',
  'S_C_ID' => '1',
  'S_CANTIDAD_ENCUESTAS' => '10',
  'S_ACTIVO' => '1',
  'S_LOGO' => '7',
  'S_MUESTRA_VIDEO' => '0',
) 
2014-09-24 14:02:47 --> se va a extraer informacion del area  
2014-09-24 14:02:47 --> la informacion del area es array (
  'AR_ID' => '2',
  'AR_NOMBRE' => 'APORTES',
  'AR_DESCRIPCION' => 'Pensiones Incapacidades Cesantias Cartas FNA',
  'AR_C_ID' => '1',
  'AR_ACTIVO' => '1',
  'AR_ALIAS' => 'A',
  'AR_MOSTRAR_NOMBRE_PANTALLA' => '0',
) 
2014-09-24 14:02:47 --> se va a crear el turno 
2014-09-24 14:02:47 --> se creo el turno 6 del area A 

2014-09-24 14:03:35 --> get_areas 1 
2014-09-24 14:03:35 --> buscando areas del cliente 
2014-09-24 14:03:46 --> crear el consumidor 
2014-09-24 14:03:57 --> se creo el consumidor 18381 
2014-09-24 14:03:57 --> la informacion de la sede es array (
  'S_ID' => '4',
  'S_NOMBRE' => 'OCCIDENTE',
  'S_DESCRIPCION' => 'Sedle para atender los casos de la regional occidente',
  'S_C_ID' => '1',
  'S_CANTIDAD_ENCUESTAS' => '10',
  'S_ACTIVO' => '1',
  'S_LOGO' => '7',
  'S_MUESTRA_VIDEO' => '0',
) 
2014-09-24 14:03:57 --> se va a extraer informacion del area  
2014-09-24 14:04:05 --> la informacion del area es array (
  'AR_ID' => '1',
  'AR_NOMBRE' => 'GERENCIA_DEL_SERVICIO',
  'AR_DESCRIPCION' => 'Cartas punto de venta Cartas de renuncia',
  'AR_C_ID' => '1',
  'AR_ACTIVO' => '1',
  'AR_ALIAS' => 'GS',
  'AR_MOSTRAR_NOMBRE_PANTALLA' => '0',
) 
2014-09-24 14:04:05 --> se va a crear el turno 
2014-09-24 14:04:05 --> se creo el turno 3 del area GS 

2014-09-24 14:13:56 --> get_areas 1 
2014-09-24 14:13:56 --> buscando areas del cliente 
2014-09-24 14:14:03 --> crear el consumidor 
2014-09-24 14:14:03 --> se creo el consumidor 18382 
2014-09-24 14:14:03 --> la informacion de la sede es array (
  'S_ID' => '4',
  'S_NOMBRE' => 'OCCIDENTE',
  'S_DESCRIPCION' => 'Sedle para atender los casos de la regional occidente',
  'S_C_ID' => '1',
  'S_CANTIDAD_ENCUESTAS' => '10',
  'S_ACTIVO' => '1',
  'S_LOGO' => '7',
  'S_MUESTRA_VIDEO' => '0',
) 
2014-09-24 14:14:03 --> se va a extraer informacion del area  
2014-09-24 14:14:03 --> la informacion del area es array (
  'AR_ID' => '1',
  'AR_NOMBRE' => 'GERENCIA_DEL_SERVICIO',
  'AR_DESCRIPCION' => 'Cartas punto de venta Cartas de renuncia',
  'AR_C_ID' => '1',
  'AR_ACTIVO' => '1',
  'AR_ALIAS' => 'GS',
  'AR_MOSTRAR_NOMBRE_PANTALLA' => '0',
) 
2014-09-24 14:14:03 --> se va a crear el turno 
2014-09-24 14:14:03 --> se creo el turno 4 del area GS 

2014-09-24 15:03:22 --> get_areas 1 
2014-09-24 15:03:22 --> buscando areas del cliente 
2014-09-24 15:03:31 --> crear el consumidor 
2014-09-24 15:03:31 --> se creo el consumidor 18394 
2014-09-24 15:03:31 --> la informacion de la sede es array (
  'S_ID' => '4',
  'S_NOMBRE' => 'OCCIDENTE',
  'S_DESCRIPCION' => 'Sedle para atender los casos de la regional occidente',
  'S_C_ID' => '1',
  'S_CANTIDAD_ENCUESTAS' => '10',
  'S_ACTIVO' => '1',
  'S_LOGO' => '7',
  'S_MUESTRA_VIDEO' => '0',
) 
2014-09-24 15:03:31 --> se va a extraer informacion del area  
2014-09-24 15:03:31 --> la informacion del area es array (
  'AR_ID' => '2',
  'AR_NOMBRE' => 'APORTES',
  'AR_DESCRIPCION' => 'Pensiones Incapacidades Cesantias Cartas FNA',
  'AR_C_ID' => '1',
  'AR_ACTIVO' => '1',
  'AR_ALIAS' => 'A',
  'AR_MOSTRAR_NOMBRE_PANTALLA' => '0',
) 
2014-09-24 15:03:31 --> se va a crear el turno 
2014-09-24 15:03:31 --> se creo el turno 7 del area A 

2014-09-24 15:26:20 --> get_areas 1 
2014-09-24 15:26:20 --> buscando areas del cliente 
2014-09-24 15:26:40 --> crear el consumidor 
2014-09-24 15:26:40 --> se creo el consumidor 18398 
2014-09-24 15:26:40 --> la informacion de la sede es array (
  'S_ID' => '1',
  'S_NOMBRE' => 'ANTIOQUIA',
  'S_DESCRIPCION' => 'Sede para atender los casos de la regional antioquia',
  'S_C_ID' => '1',
  'S_CANTIDAD_ENCUESTAS' => '10',
  'S_ACTIVO' => '1',
  'S_LOGO' => '7',
  'S_MUESTRA_VIDEO' => '0',
) 
2014-09-24 15:26:40 --> se va a extraer informacion del area  
2014-09-24 15:26:40 --> la informacion del area es array (
  'AR_ID' => '1',
  'AR_NOMBRE' => 'GERENCIA_DEL_SERVICIO',
  'AR_DESCRIPCION' => 'Cartas punto de venta Cartas de renuncia',
  'AR_C_ID' => '1',
  'AR_ACTIVO' => '1',
  'AR_ALIAS' => 'GS',
  'AR_MOSTRAR_NOMBRE_PANTALLA' => '0',
) 
2014-09-24 15:26:40 --> se va a crear el turno 
2014-09-24 15:26:40 --> se creo el turno 1 del area GS 

2014-09-24 15:36:57 --> get_areas 1 
2014-09-24 15:36:57 --> buscando areas del cliente 
2014-09-24 15:37:14 --> crear el consumidor 
2014-09-24 15:37:15 --> se creo el consumidor 18401 
2014-09-24 15:37:15 --> la informacion de la sede es array (
  'S_ID' => '4',
  'S_NOMBRE' => 'OCCIDENTE',
  'S_DESCRIPCION' => 'Sedle para atender los casos de la regional occidente',
  'S_C_ID' => '1',
  'S_CANTIDAD_ENCUESTAS' => '10',
  'S_ACTIVO' => '1',
  'S_LOGO' => '7',
  'S_MUESTRA_VIDEO' => '0',
) 
2014-09-24 15:37:15 --> se va a extraer informacion del area  
2014-09-24 15:37:15 --> la informacion del area es array (
  'AR_ID' => '1',
  'AR_NOMBRE' => 'GERENCIA_DEL_SERVICIO',
  'AR_DESCRIPCION' => 'Cartas punto de venta Cartas de renuncia',
  'AR_C_ID' => '1',
  'AR_ACTIVO' => '1',
  'AR_ALIAS' => 'GS',
  'AR_MOSTRAR_NOMBRE_PANTALLA' => '0',
) 
2014-09-24 15:37:15 --> se va a crear el turno 
2014-09-24 15:37:15 --> se creo el turno 5 del area GS 

2014-09-24 15:40:47 --> get_areas 1 
2014-09-24 15:40:47 --> buscando areas del cliente 
2014-09-24 15:40:58 --> crear el consumidor 
2014-09-24 15:40:58 --> se creo el consumidor 18402 
2014-09-24 15:40:58 --> la informacion de la sede es array (
  'S_ID' => '4',
  'S_NOMBRE' => 'OCCIDENTE',
  'S_DESCRIPCION' => 'Sedle para atender los casos de la regional occidente',
  'S_C_ID' => '1',
  'S_CANTIDAD_ENCUESTAS' => '10',
  'S_ACTIVO' => '1',
  'S_LOGO' => '7',
  'S_MUESTRA_VIDEO' => '0',
) 
2014-09-24 15:40:58 --> se va a extraer informacion del area  
2014-09-24 15:40:58 --> la informacion del area es array (
  'AR_ID' => '1',
  'AR_NOMBRE' => 'GERENCIA_DEL_SERVICIO',
  'AR_DESCRIPCION' => 'Cartas punto de venta Cartas de renuncia',
  'AR_C_ID' => '1',
  'AR_ACTIVO' => '1',
  'AR_ALIAS' => 'GS',
  'AR_MOSTRAR_NOMBRE_PANTALLA' => '0',
) 
2014-09-24 15:40:58 --> se va a crear el turno 
2014-09-24 15:40:58 --> se creo el turno 6 del area GS 

2014-09-24 15:42:25 --> get_areas 1 
2014-09-24 15:42:25 --> buscando areas del cliente 
2014-09-24 15:42:34 --> crear el consumidor 
2014-09-24 15:42:38 --> se creo el consumidor 18404 
2014-09-24 15:42:38 --> la informacion de la sede es array (
  'S_ID' => '4',
  'S_NOMBRE' => 'OCCIDENTE',
  'S_DESCRIPCION' => 'Sedle para atender los casos de la regional occidente',
  'S_C_ID' => '1',
  'S_CANTIDAD_ENCUESTAS' => '10',
  'S_ACTIVO' => '1',
  'S_LOGO' => '7',
  'S_MUESTRA_VIDEO' => '0',
) 
2014-09-24 15:42:38 --> se va a extraer informacion del area  
2014-09-24 15:42:38 --> la informacion del area es array (
  'AR_ID' => '5',
  'AR_NOMBRE' => 'OTROS',
  'AR_DESCRIPCION' => 'Otros',
  'AR_C_ID' => '1',
  'AR_ACTIVO' => '1',
  'AR_ALIAS' => 'O',
  'AR_MOSTRAR_NOMBRE_PANTALLA' => '0',
) 
2014-09-24 15:42:38 --> se va a crear el turno 
2014-09-24 15:42:38 --> se creo el turno 9 del area O 

2014-09-24 15:45:15 --> get_areas 1 
2014-09-24 15:45:15 --> buscando areas del cliente 
2014-09-24 15:45:30 --> crear el consumidor 
2014-09-24 15:45:42 --> se creo el consumidor 18405 
2014-09-24 15:45:42 --> la informacion de la sede es array (
  'S_ID' => '4',
  'S_NOMBRE' => 'OCCIDENTE',
  'S_DESCRIPCION' => 'Sedle para atender los casos de la regional occidente',
  'S_C_ID' => '1',
  'S_CANTIDAD_ENCUESTAS' => '10',
  'S_ACTIVO' => '1',
  'S_LOGO' => '7',
  'S_MUESTRA_VIDEO' => '0',
) 
2014-09-24 15:45:42 --> se va a extraer informacion del area  
2014-09-24 15:45:42 --> la informacion del area es array (
  'AR_ID' => '5',
  'AR_NOMBRE' => 'OTROS',
  'AR_DESCRIPCION' => 'Otros',
  'AR_C_ID' => '1',
  'AR_ACTIVO' => '1',
  'AR_ALIAS' => 'O',
  'AR_MOSTRAR_NOMBRE_PANTALLA' => '0',
) 
2014-09-24 15:45:42 --> se va a crear el turno 
2014-09-24 15:45:42 --> se creo el turno 10 del area O 

2014-09-24 15:59:41 --> get_areas 1 
2014-09-24 15:59:41 --> buscando areas del cliente 
2014-09-24 15:59:56 --> crear el consumidor 
2014-09-24 15:59:56 --> se creo el consumidor 18406 
2014-09-24 15:59:56 --> la informacion de la sede es array (
  'S_ID' => '4',
  'S_NOMBRE' => 'OCCIDENTE',
  'S_DESCRIPCION' => 'Sedle para atender los casos de la regional occidente',
  'S_C_ID' => '1',
  'S_CANTIDAD_ENCUESTAS' => '10',
  'S_ACTIVO' => '1',
  'S_LOGO' => '7',
  'S_MUESTRA_VIDEO' => '0',
) 
2014-09-24 15:59:56 --> se va a extraer informacion del area  
2014-09-24 15:59:56 --> la informacion del area es array (
  'AR_ID' => '2',
  'AR_NOMBRE' => 'APORTES',
  'AR_DESCRIPCION' => 'Pensiones Incapacidades Cesantias Cartas FNA',
  'AR_C_ID' => '1',
  'AR_ACTIVO' => '1',
  'AR_ALIAS' => 'A',
  'AR_MOSTRAR_NOMBRE_PANTALLA' => '0',
) 
2014-09-24 15:59:56 --> se va a crear el turno 
2014-09-24 15:59:56 --> se creo el turno 8 del area A 

2014-09-24 16:00:40 --> get_areas 1 
2014-09-24 16:00:40 --> buscando areas del cliente 
2014-09-24 16:01:11 --> crear el consumidor 
2014-09-24 16:01:12 --> se creo el consumidor 18407 
2014-09-24 16:01:12 --> la informacion de la sede es array (
  'S_ID' => '4',
  'S_NOMBRE' => 'OCCIDENTE',
  'S_DESCRIPCION' => 'Sedle para atender los casos de la regional occidente',
  'S_C_ID' => '1',
  'S_CANTIDAD_ENCUESTAS' => '10',
  'S_ACTIVO' => '1',
  'S_LOGO' => '7',
  'S_MUESTRA_VIDEO' => '0',
) 
2014-09-24 16:01:12 --> se va a extraer informacion del area  
2014-09-24 16:01:12 --> la informacion del area es array (
  'AR_ID' => '5',
  'AR_NOMBRE' => 'OTROS',
  'AR_DESCRIPCION' => 'Otros',
  'AR_C_ID' => '1',
  'AR_ACTIVO' => '1',
  'AR_ALIAS' => 'O',
  'AR_MOSTRAR_NOMBRE_PANTALLA' => '0',
) 
2014-09-24 16:01:12 --> se va a crear el turno 
2014-09-24 16:01:12 --> se creo el turno 11 del area O 

2014-09-24 16:35:10 --> get_areas 1 
2014-09-24 16:35:10 --> buscando areas del cliente 
2014-09-24 16:35:32 --> crear el consumidor 
2014-09-24 16:35:32 --> se creo el consumidor 18421 
2014-09-24 16:35:32 --> la informacion de la sede es array (
  'S_ID' => '4',
  'S_NOMBRE' => 'OCCIDENTE',
  'S_DESCRIPCION' => 'Sedle para atender los casos de la regional occidente',
  'S_C_ID' => '1',
  'S_CANTIDAD_ENCUESTAS' => '10',
  'S_ACTIVO' => '1',
  'S_LOGO' => '7',
  'S_MUESTRA_VIDEO' => '0',
) 
2014-09-24 16:35:32 --> se va a extraer informacion del area  
2014-09-24 16:35:32 --> la informacion del area es array (
  'AR_ID' => '5',
  'AR_NOMBRE' => 'OTROS',
  'AR_DESCRIPCION' => 'Otros',
  'AR_C_ID' => '1',
  'AR_ACTIVO' => '1',
  'AR_ALIAS' => 'O',
  'AR_MOSTRAR_NOMBRE_PANTALLA' => '0',
) 
2014-09-24 16:35:32 --> se va a crear el turno 
2014-09-24 16:35:32 --> se creo el turno 12 del area O 

2014-09-24 17:19:59 --> get_areas 1 
2014-09-24 17:19:59 --> buscando areas del cliente 
2014-09-24 17:20:09 --> crear el consumidor 
2014-09-24 17:20:24 --> se creo el consumidor 18461 
2014-09-24 17:20:24 --> la informacion de la sede es array (
  'S_ID' => '4',
  'S_NOMBRE' => 'OCCIDENTE',
  'S_DESCRIPCION' => 'Sedle para atender los casos de la regional occidente',
  'S_C_ID' => '1',
  'S_CANTIDAD_ENCUESTAS' => '10',
  'S_ACTIVO' => '1',
  'S_LOGO' => '7',
  'S_MUESTRA_VIDEO' => '0',
) 
2014-09-24 17:20:24 --> se va a extraer informacion del area  
2014-09-24 17:20:24 --> la informacion del area es array (
  'AR_ID' => '5',
  'AR_NOMBRE' => 'OTROS',
  'AR_DESCRIPCION' => 'Otros',
  'AR_C_ID' => '1',
  'AR_ACTIVO' => '1',
  'AR_ALIAS' => 'O',
  'AR_MOSTRAR_NOMBRE_PANTALLA' => '0',
) 
2014-09-24 17:20:24 --> se va a crear el turno 
2014-09-24 17:20:24 --> se creo el turno 13 del area O 

2014-09-24 17:25:51 --> get_areas 1 
2014-09-24 17:25:51 --> buscando areas del cliente 
2014-09-24 17:25:54 --> crear el consumidor 
2014-09-24 17:25:55 --> se creo el consumidor 18462 
2014-09-24 17:25:55 --> la informacion de la sede es array (
  'S_ID' => '4',
  'S_NOMBRE' => 'OCCIDENTE',
  'S_DESCRIPCION' => 'Sedle para atender los casos de la regional occidente',
  'S_C_ID' => '1',
  'S_CANTIDAD_ENCUESTAS' => '10',
  'S_ACTIVO' => '1',
  'S_LOGO' => '7',
  'S_MUESTRA_VIDEO' => '0',
) 
2014-09-24 17:25:55 --> se va a extraer informacion del area  
2014-09-24 17:25:55 --> la informacion del area es array (
  'AR_ID' => '5',
  'AR_NOMBRE' => 'OTROS',
  'AR_DESCRIPCION' => 'Otros',
  'AR_C_ID' => '1',
  'AR_ACTIVO' => '1',
  'AR_ALIAS' => 'O',
  'AR_MOSTRAR_NOMBRE_PANTALLA' => '0',
) 
2014-09-24 17:25:55 --> se va a crear el turno 
2014-09-24 17:25:55 --> se creo el turno 14 del area O 

2014-09-24 17:28:55 --> get_areas 1 
2014-09-24 17:28:55 --> buscando areas del cliente 
2014-09-24 17:28:58 --> crear el consumidor 
2014-09-24 17:28:58 --> se creo el consumidor 18463 
2014-09-24 17:28:58 --> la informacion de la sede es array (
  'S_ID' => '4',
  'S_NOMBRE' => 'OCCIDENTE',
  'S_DESCRIPCION' => 'Sedle para atender los casos de la regional occidente',
  'S_C_ID' => '1',
  'S_CANTIDAD_ENCUESTAS' => '10',
  'S_ACTIVO' => '1',
  'S_LOGO' => '7',
  'S_MUESTRA_VIDEO' => '0',
) 
2014-09-24 17:28:58 --> se va a extraer informacion del area  
2014-09-24 17:28:58 --> la informacion del area es array (
  'AR_ID' => '5',
  'AR_NOMBRE' => 'OTROS',
  'AR_DESCRIPCION' => 'Otros',
  'AR_C_ID' => '1',
  'AR_ACTIVO' => '1',
  'AR_ALIAS' => 'O',
  'AR_MOSTRAR_NOMBRE_PANTALLA' => '0',
) 
2014-09-24 17:28:58 --> se va a crear el turno 
2014-09-24 17:28:58 --> se creo el turno 15 del area O 

2014-09-24 17:32:39 --> get_areas 1 
2014-09-24 17:32:39 --> buscando areas del cliente 
2014-09-24 17:32:46 --> crear el consumidor 
2014-09-24 17:32:56 --> se creo el consumidor 18465 
2014-09-24 17:32:56 --> la informacion de la sede es array (
  'S_ID' => '4',
  'S_NOMBRE' => 'OCCIDENTE',
  'S_DESCRIPCION' => 'Sedle para atender los casos de la regional occidente',
  'S_C_ID' => '1',
  'S_CANTIDAD_ENCUESTAS' => '10',
  'S_ACTIVO' => '1',
  'S_LOGO' => '7',
  'S_MUESTRA_VIDEO' => '0',
) 
2014-09-24 17:32:56 --> se va a extraer informacion del area  
2014-09-24 17:32:56 --> la informacion del area es array (
  'AR_ID' => '5',
  'AR_NOMBRE' => 'OTROS',
  'AR_DESCRIPCION' => 'Otros',
  'AR_C_ID' => '1',
  'AR_ACTIVO' => '1',
  'AR_ALIAS' => 'O',
  'AR_MOSTRAR_NOMBRE_PANTALLA' => '0',
) 
2014-09-24 17:32:56 --> se va a crear el turno 
2014-09-24 17:32:56 --> se creo el turno 16 del area O 

2014-09-24 17:39:21 --> get_areas 1 
2014-09-24 17:39:21 --> buscando areas del cliente 
2014-09-24 17:42:00 --> crear el consumidor 
2014-09-24 17:42:00 --> se creo el consumidor 18466 
2014-09-24 17:42:00 --> la informacion de la sede es array (
  'S_ID' => '4',
  'S_NOMBRE' => 'OCCIDENTE',
  'S_DESCRIPCION' => 'Sedle para atender los casos de la regional occidente',
  'S_C_ID' => '1',
  'S_CANTIDAD_ENCUESTAS' => '10',
  'S_ACTIVO' => '1',
  'S_LOGO' => '7',
  'S_MUESTRA_VIDEO' => '0',
) 
2014-09-24 17:42:00 --> se va a extraer informacion del area  
2014-09-24 17:42:00 --> la informacion del area es array (
  'AR_ID' => '5',
  'AR_NOMBRE' => 'OTROS',
  'AR_DESCRIPCION' => 'Otros',
  'AR_C_ID' => '1',
  'AR_ACTIVO' => '1',
  'AR_ALIAS' => 'O',
  'AR_MOSTRAR_NOMBRE_PANTALLA' => '0',
) 
2014-09-24 17:42:00 --> se va a crear el turno 
2014-09-24 17:42:00 --> se creo el turno 17 del area O 

2014-09-24 17:45:25 --> get_areas 1 
2014-09-24 17:45:25 --> buscando areas del cliente 
2014-09-24 17:45:27 --> crear el consumidor 
2014-09-24 17:45:27 --> se creo el consumidor 18467 
2014-09-24 17:45:27 --> la informacion de la sede es array (
  'S_ID' => '4',
  'S_NOMBRE' => 'OCCIDENTE',
  'S_DESCRIPCION' => 'Sedle para atender los casos de la regional occidente',
  'S_C_ID' => '1',
  'S_CANTIDAD_ENCUESTAS' => '10',
  'S_ACTIVO' => '1',
  'S_LOGO' => '7',
  'S_MUESTRA_VIDEO' => '0',
) 
2014-09-24 17:45:27 --> se va a extraer informacion del area  
2014-09-24 17:45:27 --> la informacion del area es array (
  'AR_ID' => '5',
  'AR_NOMBRE' => 'OTROS',
  'AR_DESCRIPCION' => 'Otros',
  'AR_C_ID' => '1',
  'AR_ACTIVO' => '1',
  'AR_ALIAS' => 'O',
  'AR_MOSTRAR_NOMBRE_PANTALLA' => '0',
) 
2014-09-24 17:45:27 --> se va a crear el turno 
2014-09-24 17:45:27 --> se creo el turno 18 del area O 
