
2014-12-09 07:49:57 --> get_areas 1 
2014-12-09 07:49:57 --> buscando areas del cliente 
2014-12-09 07:50:08 --> crear el consumidor 
2014-12-09 07:50:08 --> se creo el consumidor 26643 
2014-12-09 07:50:08 --> la informacion de la sede es array (
  'S_ID' => '4',
  'S_NOMBRE' => 'OCCIDENTE',
  'S_DESCRIPCION' => 'Sedle para atender los casos de la regional occidente',
  'S_C_ID' => '1',
  'S_CANTIDAD_ENCUESTAS' => '10',
  'S_ACTIVO' => '1',
  'S_LOGO' => '7',
  'S_MUESTRA_VIDEO' => '0',
) 
2014-12-09 07:50:08 --> se va a extraer informacion del area  
2014-12-09 07:50:08 --> la informacion del area es array (
  'AR_ID' => '5',
  'AR_NOMBRE' => 'OTROS',
  'AR_DESCRIPCION' => 'Otros',
  'AR_C_ID' => '1',
  'AR_ACTIVO' => '1',
  'AR_ALIAS' => 'O',
  'AR_MOSTRAR_NOMBRE_PANTALLA' => '0',
) 
2014-12-09 07:50:08 --> se va a crear el turno 
2014-12-09 07:50:08 --> se creo el turno 1 del area O 

2014-12-09 07:52:43 --> get_areas 1 
2014-12-09 07:52:43 --> buscando areas del cliente 
2014-12-09 07:53:02 --> crear el consumidor 
2014-12-09 07:53:02 --> se creo el consumidor 26646 
2014-12-09 07:53:02 --> la informacion de la sede es array (
  'S_ID' => '4',
  'S_NOMBRE' => 'OCCIDENTE',
  'S_DESCRIPCION' => 'Sedle para atender los casos de la regional occidente',
  'S_C_ID' => '1',
  'S_CANTIDAD_ENCUESTAS' => '10',
  'S_ACTIVO' => '1',
  'S_LOGO' => '7',
  'S_MUESTRA_VIDEO' => '0',
) 
2014-12-09 07:53:02 --> se va a extraer informacion del area  
2014-12-09 07:53:02 --> la informacion del area es array (
  'AR_ID' => '5',
  'AR_NOMBRE' => 'OTROS',
  'AR_DESCRIPCION' => 'Otros',
  'AR_C_ID' => '1',
  'AR_ACTIVO' => '1',
  'AR_ALIAS' => 'O',
  'AR_MOSTRAR_NOMBRE_PANTALLA' => '0',
) 
2014-12-09 07:53:02 --> se va a crear el turno 
2014-12-09 07:53:02 --> se creo el turno 2 del area O 

2014-12-09 07:55:16 --> get_areas 1 
2014-12-09 07:55:16 --> buscando areas del cliente 
2014-12-09 07:55:23 --> crear el consumidor 
2014-12-09 07:55:23 --> se creo el consumidor 26648 
2014-12-09 07:55:23 --> la informacion de la sede es array (
  'S_ID' => '4',
  'S_NOMBRE' => 'OCCIDENTE',
  'S_DESCRIPCION' => 'Sedle para atender los casos de la regional occidente',
  'S_C_ID' => '1',
  'S_CANTIDAD_ENCUESTAS' => '10',
  'S_ACTIVO' => '1',
  'S_LOGO' => '7',
  'S_MUESTRA_VIDEO' => '0',
) 
2014-12-09 07:55:23 --> se va a extraer informacion del area  
2014-12-09 07:55:23 --> la informacion del area es array (
  'AR_ID' => '1',
  'AR_NOMBRE' => 'GERENCIA_DEL_SERVICIO',
  'AR_DESCRIPCION' => 'Cartas punto de venta Cartas de renuncia',
  'AR_C_ID' => '1',
  'AR_ACTIVO' => '1',
  'AR_ALIAS' => 'GS',
  'AR_MOSTRAR_NOMBRE_PANTALLA' => '0',
) 
2014-12-09 07:55:23 --> se va a crear el turno 
2014-12-09 07:55:23 --> se creo el turno 1 del area GS 

2014-12-09 08:35:34 --> get_areas 1 
2014-12-09 08:35:34 --> buscando areas del cliente 
2014-12-09 08:35:46 --> crear el consumidor 
2014-12-09 08:35:46 --> se creo el consumidor 26666 
2014-12-09 08:35:46 --> la informacion de la sede es array (
  'S_ID' => '2',
  'S_NOMBRE' => 'CENTRO',
  'S_DESCRIPCION' => 'Sede para atender los casos de la regional centro',
  'S_C_ID' => '1',
  'S_CANTIDAD_ENCUESTAS' => '10',
  'S_ACTIVO' => '1',
  'S_LOGO' => '7',
  'S_MUESTRA_VIDEO' => '0',
) 
2014-12-09 08:35:46 --> se va a extraer informacion del area  
2014-12-09 08:35:46 --> la informacion del area es array (
  'AR_ID' => '2',
  'AR_NOMBRE' => 'APORTES',
  'AR_DESCRIPCION' => 'Pensiones Incapacidades Cesantias Cartas FNA',
  'AR_C_ID' => '1',
  'AR_ACTIVO' => '1',
  'AR_ALIAS' => 'A',
  'AR_MOSTRAR_NOMBRE_PANTALLA' => '0',
) 
2014-12-09 08:35:46 --> se va a crear el turno 
2014-12-09 08:35:46 --> se creo el turno 1 del area A 

2014-12-09 08:37:00 --> get_areas 1 
2014-12-09 08:37:00 --> buscando areas del cliente 
2014-12-09 08:37:12 --> crear el consumidor 
2014-12-09 08:37:12 --> se creo el consumidor 26667 
2014-12-09 08:37:12 --> la informacion de la sede es array (
  'S_ID' => '4',
  'S_NOMBRE' => 'OCCIDENTE',
  'S_DESCRIPCION' => 'Sedle para atender los casos de la regional occidente',
  'S_C_ID' => '1',
  'S_CANTIDAD_ENCUESTAS' => '10',
  'S_ACTIVO' => '1',
  'S_LOGO' => '7',
  'S_MUESTRA_VIDEO' => '0',
) 
2014-12-09 08:37:12 --> se va a extraer informacion del area  
2014-12-09 08:37:12 --> la informacion del area es array (
  'AR_ID' => '5',
  'AR_NOMBRE' => 'OTROS',
  'AR_DESCRIPCION' => 'Otros',
  'AR_C_ID' => '1',
  'AR_ACTIVO' => '1',
  'AR_ALIAS' => 'O',
  'AR_MOSTRAR_NOMBRE_PANTALLA' => '0',
) 
2014-12-09 08:37:12 --> se va a crear el turno 
2014-12-09 08:37:12 --> se creo el turno 3 del area O 

2014-12-09 08:51:12 --> get_areas 1 
2014-12-09 08:51:12 --> buscando areas del cliente 
2014-12-09 08:51:25 --> crear el consumidor 
2014-12-09 08:51:26 --> se creo el consumidor 26674 
2014-12-09 08:51:26 --> la informacion de la sede es array (
  'S_ID' => '4',
  'S_NOMBRE' => 'OCCIDENTE',
  'S_DESCRIPCION' => 'Sedle para atender los casos de la regional occidente',
  'S_C_ID' => '1',
  'S_CANTIDAD_ENCUESTAS' => '10',
  'S_ACTIVO' => '1',
  'S_LOGO' => '7',
  'S_MUESTRA_VIDEO' => '0',
) 
2014-12-09 08:51:26 --> se va a extraer informacion del area  
2014-12-09 08:51:26 --> la informacion del area es array (
  'AR_ID' => '1',
  'AR_NOMBRE' => 'GERENCIA_DEL_SERVICIO',
  'AR_DESCRIPCION' => 'Cartas punto de venta Cartas de renuncia',
  'AR_C_ID' => '1',
  'AR_ACTIVO' => '1',
  'AR_ALIAS' => 'GS',
  'AR_MOSTRAR_NOMBRE_PANTALLA' => '0',
) 
2014-12-09 08:51:26 --> se va a crear el turno 
2014-12-09 08:51:26 --> se creo el turno 2 del area GS 

2014-12-09 08:52:08 --> get_areas 1 
2014-12-09 08:52:08 --> buscando areas del cliente 
2014-12-09 08:52:35 --> crear el consumidor 
2014-12-09 08:52:35 --> se creo el consumidor 26675 
2014-12-09 08:52:35 --> la informacion de la sede es array (
  'S_ID' => '4',
  'S_NOMBRE' => 'OCCIDENTE',
  'S_DESCRIPCION' => 'Sedle para atender los casos de la regional occidente',
  'S_C_ID' => '1',
  'S_CANTIDAD_ENCUESTAS' => '10',
  'S_ACTIVO' => '1',
  'S_LOGO' => '7',
  'S_MUESTRA_VIDEO' => '0',
) 
2014-12-09 08:52:35 --> se va a extraer informacion del area  
2014-12-09 08:52:35 --> la informacion del area es array (
  'AR_ID' => '5',
  'AR_NOMBRE' => 'OTROS',
  'AR_DESCRIPCION' => 'Otros',
  'AR_C_ID' => '1',
  'AR_ACTIVO' => '1',
  'AR_ALIAS' => 'O',
  'AR_MOSTRAR_NOMBRE_PANTALLA' => '0',
) 
2014-12-09 08:52:35 --> se va a crear el turno 
2014-12-09 08:52:35 --> se creo el turno 4 del area O 

2014-12-09 08:53:42 --> get_areas 1 
2014-12-09 08:53:42 --> buscando areas del cliente 
2014-12-09 08:53:56 --> crear el consumidor 
2014-12-09 08:53:56 --> se creo el consumidor 26676 
2014-12-09 08:53:56 --> la informacion de la sede es array (
  'S_ID' => '4',
  'S_NOMBRE' => 'OCCIDENTE',
  'S_DESCRIPCION' => 'Sedle para atender los casos de la regional occidente',
  'S_C_ID' => '1',
  'S_CANTIDAD_ENCUESTAS' => '10',
  'S_ACTIVO' => '1',
  'S_LOGO' => '7',
  'S_MUESTRA_VIDEO' => '0',
) 
2014-12-09 08:53:56 --> se va a extraer informacion del area  
2014-12-09 08:53:56 --> la informacion del area es array (
  'AR_ID' => '2',
  'AR_NOMBRE' => 'APORTES',
  'AR_DESCRIPCION' => 'Pensiones Incapacidades Cesantias Cartas FNA',
  'AR_C_ID' => '1',
  'AR_ACTIVO' => '1',
  'AR_ALIAS' => 'A',
  'AR_MOSTRAR_NOMBRE_PANTALLA' => '0',
) 
2014-12-09 08:53:56 --> se va a crear el turno 
2014-12-09 08:53:56 --> se creo el turno 1 del area A 

2014-12-09 09:04:44 --> get_areas 1 
2014-12-09 09:04:44 --> buscando areas del cliente 
2014-12-09 09:04:57 --> crear el consumidor 
2014-12-09 09:04:57 --> se creo el consumidor 26681 
2014-12-09 09:04:57 --> la informacion de la sede es array (
  'S_ID' => '4',
  'S_NOMBRE' => 'OCCIDENTE',
  'S_DESCRIPCION' => 'Sedle para atender los casos de la regional occidente',
  'S_C_ID' => '1',
  'S_CANTIDAD_ENCUESTAS' => '10',
  'S_ACTIVO' => '1',
  'S_LOGO' => '7',
  'S_MUESTRA_VIDEO' => '0',
) 
2014-12-09 09:04:57 --> se va a extraer informacion del area  
2014-12-09 09:04:57 --> la informacion del area es array (
  'AR_ID' => '2',
  'AR_NOMBRE' => 'APORTES',
  'AR_DESCRIPCION' => 'Pensiones Incapacidades Cesantias Cartas FNA',
  'AR_C_ID' => '1',
  'AR_ACTIVO' => '1',
  'AR_ALIAS' => 'A',
  'AR_MOSTRAR_NOMBRE_PANTALLA' => '0',
) 
2014-12-09 09:04:57 --> se va a crear el turno 
2014-12-09 09:04:57 --> se creo el turno 2 del area A 

2014-12-09 09:23:59 --> get_areas 1 
2014-12-09 09:23:59 --> buscando areas del cliente 

2014-12-09 09:25:09 --> get_areas 1 
2014-12-09 09:25:09 --> buscando areas del cliente 
2014-12-09 09:25:12 --> crear el consumidor 
2014-12-09 09:25:12 --> se creo el consumidor 26689 
2014-12-09 09:25:12 --> la informacion de la sede es array (
  'S_ID' => '4',
  'S_NOMBRE' => 'OCCIDENTE',
  'S_DESCRIPCION' => 'Sedle para atender los casos de la regional occidente',
  'S_C_ID' => '1',
  'S_CANTIDAD_ENCUESTAS' => '10',
  'S_ACTIVO' => '1',
  'S_LOGO' => '7',
  'S_MUESTRA_VIDEO' => '0',
) 
2014-12-09 09:25:12 --> se va a extraer informacion del area  
2014-12-09 09:25:12 --> la informacion del area es array (
  'AR_ID' => '1',
  'AR_NOMBRE' => 'GERENCIA_DEL_SERVICIO',
  'AR_DESCRIPCION' => 'Cartas punto de venta Cartas de renuncia',
  'AR_C_ID' => '1',
  'AR_ACTIVO' => '1',
  'AR_ALIAS' => 'GS',
  'AR_MOSTRAR_NOMBRE_PANTALLA' => '0',
) 
2014-12-09 09:25:12 --> se va a crear el turno 
2014-12-09 09:25:12 --> se creo el turno 3 del area GS 

2014-12-09 09:27:33 --> get_areas 1 
2014-12-09 09:27:33 --> buscando areas del cliente 
2014-12-09 09:27:41 --> crear el consumidor 
2014-12-09 09:27:41 --> se creo el consumidor 26690 
2014-12-09 09:27:41 --> la informacion de la sede es array (
  'S_ID' => '3',
  'S_NOMBRE' => 'NORTE',
  'S_DESCRIPCION' => 'Sede para atender los casos de la regional norte',
  'S_C_ID' => '1',
  'S_CANTIDAD_ENCUESTAS' => '10',
  'S_ACTIVO' => '1',
  'S_LOGO' => '7',
  'S_MUESTRA_VIDEO' => '0',
) 
2014-12-09 09:27:41 --> se va a extraer informacion del area  
2014-12-09 09:27:41 --> la informacion del area es array (
  'AR_ID' => '5',
  'AR_NOMBRE' => 'OTROS',
  'AR_DESCRIPCION' => 'Otros',
  'AR_C_ID' => '1',
  'AR_ACTIVO' => '1',
  'AR_ALIAS' => 'O',
  'AR_MOSTRAR_NOMBRE_PANTALLA' => '0',
) 
2014-12-09 09:27:41 --> se va a crear el turno 
2014-12-09 09:27:41 --> se creo el turno 1 del area O 

2014-12-09 09:47:20 --> get_areas 1 
2014-12-09 09:47:20 --> buscando areas del cliente 
2014-12-09 09:47:38 --> crear el consumidor 
2014-12-09 09:47:38 --> se creo el consumidor 26695 
2014-12-09 09:47:38 --> la informacion de la sede es array (
  'S_ID' => '2',
  'S_NOMBRE' => 'CENTRO',
  'S_DESCRIPCION' => 'Sede para atender los casos de la regional centro',
  'S_C_ID' => '1',
  'S_CANTIDAD_ENCUESTAS' => '10',
  'S_ACTIVO' => '1',
  'S_LOGO' => '7',
  'S_MUESTRA_VIDEO' => '0',
) 
2014-12-09 09:47:38 --> se va a extraer informacion del area  
2014-12-09 09:47:38 --> la informacion del area es array (
  'AR_ID' => '3',
  'AR_NOMBRE' => 'SEGUIMIENTO_AL_SERVICIO',
  'AR_DESCRIPCION' => 'SQR certificados especiales claves portal web',
  'AR_C_ID' => '1',
  'AR_ACTIVO' => '1',
  'AR_ALIAS' => 'SAS',
  'AR_MOSTRAR_NOMBRE_PANTALLA' => '0',
) 
2014-12-09 09:47:38 --> se va a crear el turno 
2014-12-09 09:47:38 --> se creo el turno 12 del area SAS 

2014-12-09 09:58:14 --> get_areas 1 
2014-12-09 09:58:14 --> buscando areas del cliente 
2014-12-09 10:04:18 --> crear el consumidor 
2014-12-09 10:04:18 --> se creo el consumidor 26700 
2014-12-09 10:04:18 --> la informacion de la sede es array (
  'S_ID' => '2',
  'S_NOMBRE' => 'CENTRO',
  'S_DESCRIPCION' => 'Sede para atender los casos de la regional centro',
  'S_C_ID' => '1',
  'S_CANTIDAD_ENCUESTAS' => '10',
  'S_ACTIVO' => '1',
  'S_LOGO' => '7',
  'S_MUESTRA_VIDEO' => '0',
) 
2014-12-09 10:04:18 --> se va a extraer informacion del area  
2014-12-09 10:04:18 --> la informacion del area es array (
  'AR_ID' => '5',
  'AR_NOMBRE' => 'OTROS',
  'AR_DESCRIPCION' => 'Otros',
  'AR_C_ID' => '1',
  'AR_ACTIVO' => '1',
  'AR_ALIAS' => 'O',
  'AR_MOSTRAR_NOMBRE_PANTALLA' => '0',
) 
2014-12-09 10:04:18 --> se va a crear el turno 
2014-12-09 10:04:18 --> se creo el turno 1 del area O 

2014-12-09 10:28:34 --> get_areas 1 
2014-12-09 10:28:34 --> buscando areas del cliente 
2014-12-09 10:28:41 --> crear el consumidor 
2014-12-09 10:28:41 --> se creo el consumidor 26710 
2014-12-09 10:28:41 --> la informacion de la sede es array (
  'S_ID' => '4',
  'S_NOMBRE' => 'OCCIDENTE',
  'S_DESCRIPCION' => 'Sedle para atender los casos de la regional occidente',
  'S_C_ID' => '1',
  'S_CANTIDAD_ENCUESTAS' => '10',
  'S_ACTIVO' => '1',
  'S_LOGO' => '7',
  'S_MUESTRA_VIDEO' => '0',
) 
2014-12-09 10:28:41 --> se va a extraer informacion del area  
2014-12-09 10:28:41 --> la informacion del area es array (
  'AR_ID' => '5',
  'AR_NOMBRE' => 'OTROS',
  'AR_DESCRIPCION' => 'Otros',
  'AR_C_ID' => '1',
  'AR_ACTIVO' => '1',
  'AR_ALIAS' => 'O',
  'AR_MOSTRAR_NOMBRE_PANTALLA' => '0',
) 
2014-12-09 10:28:41 --> se va a crear el turno 
2014-12-09 10:28:41 --> se creo el turno 5 del area O 

2014-12-09 10:29:39 --> get_areas 1 
2014-12-09 10:29:39 --> buscando areas del cliente 
2014-12-09 10:29:57 --> crear el consumidor 
2014-12-09 10:29:57 --> se creo el consumidor 26712 
2014-12-09 10:29:57 --> la informacion de la sede es array (
  'S_ID' => '4',
  'S_NOMBRE' => 'OCCIDENTE',
  'S_DESCRIPCION' => 'Sedle para atender los casos de la regional occidente',
  'S_C_ID' => '1',
  'S_CANTIDAD_ENCUESTAS' => '10',
  'S_ACTIVO' => '1',
  'S_LOGO' => '7',
  'S_MUESTRA_VIDEO' => '0',
) 
2014-12-09 10:29:57 --> se va a extraer informacion del area  
2014-12-09 10:29:57 --> la informacion del area es array (
  'AR_ID' => '1',
  'AR_NOMBRE' => 'GERENCIA_DEL_SERVICIO',
  'AR_DESCRIPCION' => 'Cartas punto de venta Cartas de renuncia',
  'AR_C_ID' => '1',
  'AR_ACTIVO' => '1',
  'AR_ALIAS' => 'GS',
  'AR_MOSTRAR_NOMBRE_PANTALLA' => '0',
) 
2014-12-09 10:29:57 --> se va a crear el turno 
2014-12-09 10:29:57 --> se creo el turno 4 del area GS 

2014-12-09 10:31:45 --> get_areas 1 
2014-12-09 10:31:45 --> buscando areas del cliente 
2014-12-09 10:32:16 --> crear el consumidor 
2014-12-09 10:32:16 --> se creo el consumidor 26713 
2014-12-09 10:32:16 --> la informacion de la sede es array (
  'S_ID' => '4',
  'S_NOMBRE' => 'OCCIDENTE',
  'S_DESCRIPCION' => 'Sedle para atender los casos de la regional occidente',
  'S_C_ID' => '1',
  'S_CANTIDAD_ENCUESTAS' => '10',
  'S_ACTIVO' => '1',
  'S_LOGO' => '7',
  'S_MUESTRA_VIDEO' => '0',
) 
2014-12-09 10:32:16 --> se va a extraer informacion del area  
2014-12-09 10:32:16 --> la informacion del area es array (
  'AR_ID' => '2',
  'AR_NOMBRE' => 'APORTES',
  'AR_DESCRIPCION' => 'Pensiones Incapacidades Cesantias Cartas FNA',
  'AR_C_ID' => '1',
  'AR_ACTIVO' => '1',
  'AR_ALIAS' => 'A',
  'AR_MOSTRAR_NOMBRE_PANTALLA' => '0',
) 
2014-12-09 10:32:16 --> se va a crear el turno 
2014-12-09 10:32:16 --> se creo el turno 3 del area A 

2014-12-09 10:33:13 --> get_areas 1 
2014-12-09 10:33:13 --> buscando areas del cliente 
2014-12-09 10:33:26 --> crear el consumidor 
2014-12-09 10:33:26 --> se creo el consumidor 26715 
2014-12-09 10:33:26 --> la informacion de la sede es array (
  'S_ID' => '4',
  'S_NOMBRE' => 'OCCIDENTE',
  'S_DESCRIPCION' => 'Sedle para atender los casos de la regional occidente',
  'S_C_ID' => '1',
  'S_CANTIDAD_ENCUESTAS' => '10',
  'S_ACTIVO' => '1',
  'S_LOGO' => '7',
  'S_MUESTRA_VIDEO' => '0',
) 
2014-12-09 10:33:26 --> se va a extraer informacion del area  
2014-12-09 10:33:26 --> la informacion del area es array (
  'AR_ID' => '2',
  'AR_NOMBRE' => 'APORTES',
  'AR_DESCRIPCION' => 'Pensiones Incapacidades Cesantias Cartas FNA',
  'AR_C_ID' => '1',
  'AR_ACTIVO' => '1',
  'AR_ALIAS' => 'A',
  'AR_MOSTRAR_NOMBRE_PANTALLA' => '0',
) 
2014-12-09 10:33:26 --> se va a crear el turno 
2014-12-09 10:33:26 --> se creo el turno 4 del area A 

2014-12-09 10:42:13 --> get_areas 1 
2014-12-09 10:42:13 --> buscando areas del cliente 
2014-12-09 10:42:27 --> crear el consumidor 
2014-12-09 10:42:27 --> se creo el consumidor 26717 
2014-12-09 10:42:27 --> la informacion de la sede es array (
  'S_ID' => '4',
  'S_NOMBRE' => 'OCCIDENTE',
  'S_DESCRIPCION' => 'Sedle para atender los casos de la regional occidente',
  'S_C_ID' => '1',
  'S_CANTIDAD_ENCUESTAS' => '10',
  'S_ACTIVO' => '1',
  'S_LOGO' => '7',
  'S_MUESTRA_VIDEO' => '0',
) 
2014-12-09 10:42:27 --> se va a extraer informacion del area  
2014-12-09 10:42:27 --> la informacion del area es array (
  'AR_ID' => '2',
  'AR_NOMBRE' => 'APORTES',
  'AR_DESCRIPCION' => 'Pensiones Incapacidades Cesantias Cartas FNA',
  'AR_C_ID' => '1',
  'AR_ACTIVO' => '1',
  'AR_ALIAS' => 'A',
  'AR_MOSTRAR_NOMBRE_PANTALLA' => '0',
) 
2014-12-09 10:42:27 --> se va a crear el turno 
2014-12-09 10:42:27 --> se creo el turno 5 del area A 

2014-12-09 10:43:24 --> get_areas 1 
2014-12-09 10:43:24 --> buscando areas del cliente 
2014-12-09 10:43:34 --> crear el consumidor 
2014-12-09 10:43:34 --> se creo el consumidor 26718 
2014-12-09 10:43:34 --> la informacion de la sede es array (
  'S_ID' => '4',
  'S_NOMBRE' => 'OCCIDENTE',
  'S_DESCRIPCION' => 'Sedle para atender los casos de la regional occidente',
  'S_C_ID' => '1',
  'S_CANTIDAD_ENCUESTAS' => '10',
  'S_ACTIVO' => '1',
  'S_LOGO' => '7',
  'S_MUESTRA_VIDEO' => '0',
) 
2014-12-09 10:43:34 --> se va a extraer informacion del area  
2014-12-09 10:43:34 --> la informacion del area es array (
  'AR_ID' => '2',
  'AR_NOMBRE' => 'APORTES',
  'AR_DESCRIPCION' => 'Pensiones Incapacidades Cesantias Cartas FNA',
  'AR_C_ID' => '1',
  'AR_ACTIVO' => '1',
  'AR_ALIAS' => 'A',
  'AR_MOSTRAR_NOMBRE_PANTALLA' => '0',
) 
2014-12-09 10:43:34 --> se va a crear el turno 
2014-12-09 10:43:34 --> se creo el turno 6 del area A 

2014-12-09 10:52:19 --> get_areas 1 
2014-12-09 10:52:19 --> buscando areas del cliente 
2014-12-09 10:52:39 --> crear el consumidor 
2014-12-09 10:52:39 --> se creo el consumidor 26723 
2014-12-09 10:52:39 --> la informacion de la sede es array (
  'S_ID' => '4',
  'S_NOMBRE' => 'OCCIDENTE',
  'S_DESCRIPCION' => 'Sedle para atender los casos de la regional occidente',
  'S_C_ID' => '1',
  'S_CANTIDAD_ENCUESTAS' => '10',
  'S_ACTIVO' => '1',
  'S_LOGO' => '7',
  'S_MUESTRA_VIDEO' => '0',
) 
2014-12-09 10:52:39 --> se va a extraer informacion del area  
2014-12-09 10:52:39 --> la informacion del area es array (
  'AR_ID' => '5',
  'AR_NOMBRE' => 'OTROS',
  'AR_DESCRIPCION' => 'Otros',
  'AR_C_ID' => '1',
  'AR_ACTIVO' => '1',
  'AR_ALIAS' => 'O',
  'AR_MOSTRAR_NOMBRE_PANTALLA' => '0',
) 
2014-12-09 10:52:39 --> se va a crear el turno 
2014-12-09 10:52:39 --> se creo el turno 6 del area O 

2014-12-09 10:54:01 --> get_areas 1 
2014-12-09 10:54:01 --> buscando areas del cliente 
2014-12-09 10:54:28 --> crear el consumidor 
2014-12-09 10:54:28 --> se creo el consumidor 26724 
2014-12-09 10:54:28 --> la informacion de la sede es array (
  'S_ID' => '4',
  'S_NOMBRE' => 'OCCIDENTE',
  'S_DESCRIPCION' => 'Sedle para atender los casos de la regional occidente',
  'S_C_ID' => '1',
  'S_CANTIDAD_ENCUESTAS' => '10',
  'S_ACTIVO' => '1',
  'S_LOGO' => '7',
  'S_MUESTRA_VIDEO' => '0',
) 
2014-12-09 10:54:28 --> se va a extraer informacion del area  
2014-12-09 10:54:28 --> la informacion del area es array (
  'AR_ID' => '5',
  'AR_NOMBRE' => 'OTROS',
  'AR_DESCRIPCION' => 'Otros',
  'AR_C_ID' => '1',
  'AR_ACTIVO' => '1',
  'AR_ALIAS' => 'O',
  'AR_MOSTRAR_NOMBRE_PANTALLA' => '0',
) 
2014-12-09 10:54:28 --> se va a crear el turno 
2014-12-09 10:54:28 --> se creo el turno 7 del area O 

2014-12-09 11:03:06 --> get_areas 1 
2014-12-09 11:03:06 --> buscando areas del cliente 
2014-12-09 11:03:20 --> crear el consumidor 
2014-12-09 11:03:20 --> se creo el consumidor 26728 
2014-12-09 11:03:20 --> la informacion de la sede es array (
  'S_ID' => '4',
  'S_NOMBRE' => 'OCCIDENTE',
  'S_DESCRIPCION' => 'Sedle para atender los casos de la regional occidente',
  'S_C_ID' => '1',
  'S_CANTIDAD_ENCUESTAS' => '10',
  'S_ACTIVO' => '1',
  'S_LOGO' => '7',
  'S_MUESTRA_VIDEO' => '0',
) 
2014-12-09 11:03:20 --> se va a extraer informacion del area  
2014-12-09 11:03:20 --> la informacion del area es array (
  'AR_ID' => '5',
  'AR_NOMBRE' => 'OTROS',
  'AR_DESCRIPCION' => 'Otros',
  'AR_C_ID' => '1',
  'AR_ACTIVO' => '1',
  'AR_ALIAS' => 'O',
  'AR_MOSTRAR_NOMBRE_PANTALLA' => '0',
) 
2014-12-09 11:03:20 --> se va a crear el turno 
2014-12-09 11:03:20 --> se creo el turno 8 del area O 

2014-12-09 11:28:00 --> get_areas 1 
2014-12-09 11:28:00 --> buscando areas del cliente 
2014-12-09 11:28:14 --> crear el consumidor 
2014-12-09 11:28:14 --> se creo el consumidor 26736 
2014-12-09 11:28:14 --> la informacion de la sede es array (
  'S_ID' => '2',
  'S_NOMBRE' => 'CENTRO',
  'S_DESCRIPCION' => 'Sede para atender los casos de la regional centro',
  'S_C_ID' => '1',
  'S_CANTIDAD_ENCUESTAS' => '10',
  'S_ACTIVO' => '1',
  'S_LOGO' => '7',
  'S_MUESTRA_VIDEO' => '0',
) 
2014-12-09 11:28:14 --> se va a extraer informacion del area  
2014-12-09 11:28:14 --> la informacion del area es array (
  'AR_ID' => '8',
  'AR_NOMBRE' => 'COMPENSACION_SALARIAL',
  'AR_DESCRIPCION' => 'Informacion pago nomina y liquidaciones',
  'AR_C_ID' => '1',
  'AR_ACTIVO' => '1',
  'AR_ALIAS' => 'CS',
  'AR_MOSTRAR_NOMBRE_PANTALLA' => '0',
) 
2014-12-09 11:28:14 --> se va a crear el turno 
2014-12-09 11:28:14 --> se creo el turno 1 del area CS 

2014-12-09 13:35:03 --> get_areas 1 
2014-12-09 13:35:03 --> buscando areas del cliente 
2014-12-09 13:35:16 --> crear el consumidor 
2014-12-09 13:35:16 --> se creo el consumidor 26762 
2014-12-09 13:35:16 --> la informacion de la sede es array (
  'S_ID' => '2',
  'S_NOMBRE' => 'CENTRO',
  'S_DESCRIPCION' => 'Sede para atender los casos de la regional centro',
  'S_C_ID' => '1',
  'S_CANTIDAD_ENCUESTAS' => '10',
  'S_ACTIVO' => '1',
  'S_LOGO' => '7',
  'S_MUESTRA_VIDEO' => '0',
) 
2014-12-09 13:35:16 --> se va a extraer informacion del area  
2014-12-09 13:35:16 --> la informacion del area es array (
  'AR_ID' => '8',
  'AR_NOMBRE' => 'COMPENSACION_SALARIAL',
  'AR_DESCRIPCION' => 'Informacion pago nomina y liquidaciones',
  'AR_C_ID' => '1',
  'AR_ACTIVO' => '1',
  'AR_ALIAS' => 'CS',
  'AR_MOSTRAR_NOMBRE_PANTALLA' => '0',
) 
2014-12-09 13:35:16 --> se va a crear el turno 
2014-12-09 13:35:16 --> se creo el turno 2 del area CS 

2014-12-09 14:07:57 --> get_areas 1 
2014-12-09 14:07:57 --> buscando areas del cliente 
2014-12-09 14:08:10 --> crear el consumidor 
2014-12-09 14:08:10 --> se creo el consumidor 26776 
2014-12-09 14:08:10 --> la informacion de la sede es array (
  'S_ID' => '2',
  'S_NOMBRE' => 'CENTRO',
  'S_DESCRIPCION' => 'Sede para atender los casos de la regional centro',
  'S_C_ID' => '1',
  'S_CANTIDAD_ENCUESTAS' => '10',
  'S_ACTIVO' => '1',
  'S_LOGO' => '7',
  'S_MUESTRA_VIDEO' => '0',
) 
2014-12-09 14:08:10 --> se va a extraer informacion del area  
2014-12-09 14:08:11 --> la informacion del area es array (
  'AR_ID' => '2',
  'AR_NOMBRE' => 'APORTES',
  'AR_DESCRIPCION' => 'Pensiones Incapacidades Cesantias Cartas FNA',
  'AR_C_ID' => '1',
  'AR_ACTIVO' => '1',
  'AR_ALIAS' => 'A',
  'AR_MOSTRAR_NOMBRE_PANTALLA' => '0',
) 
2014-12-09 14:08:11 --> se va a crear el turno 
2014-12-09 14:08:11 --> se creo el turno 5 del area A 

2014-12-09 14:20:12 --> get_areas 1 
2014-12-09 14:20:12 --> buscando areas del cliente 
2014-12-09 14:20:21 --> crear el consumidor 
2014-12-09 14:20:21 --> se creo el consumidor 26781 
2014-12-09 14:20:21 --> la informacion de la sede es array (
  'S_ID' => '2',
  'S_NOMBRE' => 'CENTRO',
  'S_DESCRIPCION' => 'Sede para atender los casos de la regional centro',
  'S_C_ID' => '1',
  'S_CANTIDAD_ENCUESTAS' => '10',
  'S_ACTIVO' => '1',
  'S_LOGO' => '7',
  'S_MUESTRA_VIDEO' => '0',
) 
2014-12-09 14:20:21 --> se va a extraer informacion del area  
2014-12-09 14:20:21 --> la informacion del area es array (
  'AR_ID' => '5',
  'AR_NOMBRE' => 'OTROS',
  'AR_DESCRIPCION' => 'Otros',
  'AR_C_ID' => '1',
  'AR_ACTIVO' => '1',
  'AR_ALIAS' => 'O',
  'AR_MOSTRAR_NOMBRE_PANTALLA' => '0',
) 
2014-12-09 14:20:21 --> se va a crear el turno 
2014-12-09 14:20:21 --> se creo el turno 3 del area O 

2014-12-09 14:41:18 --> get_areas 1 
2014-12-09 14:41:18 --> buscando areas del cliente 
2014-12-09 14:41:32 --> crear el consumidor 
2014-12-09 14:41:32 --> se creo el consumidor 26794 
2014-12-09 14:41:32 --> la informacion de la sede es array (
  'S_ID' => '4',
  'S_NOMBRE' => 'OCCIDENTE',
  'S_DESCRIPCION' => 'Sedle para atender los casos de la regional occidente',
  'S_C_ID' => '1',
  'S_CANTIDAD_ENCUESTAS' => '10',
  'S_ACTIVO' => '1',
  'S_LOGO' => '7',
  'S_MUESTRA_VIDEO' => '0',
) 
2014-12-09 14:41:32 --> se va a extraer informacion del area  
2014-12-09 14:41:32 --> la informacion del area es array (
  'AR_ID' => '3',
  'AR_NOMBRE' => 'SEGUIMIENTO_AL_SERVICIO',
  'AR_DESCRIPCION' => 'SQR certificados especiales claves portal web',
  'AR_C_ID' => '1',
  'AR_ACTIVO' => '1',
  'AR_ALIAS' => 'SAS',
  'AR_MOSTRAR_NOMBRE_PANTALLA' => '0',
) 
2014-12-09 14:41:32 --> se va a crear el turno 
2014-12-09 14:41:32 --> se creo el turno 3 del area SAS 

2014-12-09 14:56:26 --> get_areas 1 
2014-12-09 14:56:26 --> buscando areas del cliente 
2014-12-09 14:56:50 --> crear el consumidor 
2014-12-09 14:56:50 --> se creo el consumidor 26795 
2014-12-09 14:56:50 --> la informacion de la sede es array (
  'S_ID' => '2',
  'S_NOMBRE' => 'CENTRO',
  'S_DESCRIPCION' => 'Sede para atender los casos de la regional centro',
  'S_C_ID' => '1',
  'S_CANTIDAD_ENCUESTAS' => '10',
  'S_ACTIVO' => '1',
  'S_LOGO' => '7',
  'S_MUESTRA_VIDEO' => '0',
) 
2014-12-09 14:56:50 --> se va a extraer informacion del area  
2014-12-09 14:56:50 --> la informacion del area es array (
  'AR_ID' => '5',
  'AR_NOMBRE' => 'OTROS',
  'AR_DESCRIPCION' => 'Otros',
  'AR_C_ID' => '1',
  'AR_ACTIVO' => '1',
  'AR_ALIAS' => 'O',
  'AR_MOSTRAR_NOMBRE_PANTALLA' => '0',
) 
2014-12-09 14:56:50 --> se va a crear el turno 
2014-12-09 14:56:50 --> se creo el turno 4 del area O 

2014-12-09 14:56:53 --> get_areas 1 
2014-12-09 14:56:53 --> buscando areas del cliente 
2014-12-09 14:57:10 --> crear el consumidor 
2014-12-09 14:57:10 --> se creo el consumidor 26797 
2014-12-09 14:57:10 --> la informacion de la sede es array (
  'S_ID' => '4',
  'S_NOMBRE' => 'OCCIDENTE',
  'S_DESCRIPCION' => 'Sedle para atender los casos de la regional occidente',
  'S_C_ID' => '1',
  'S_CANTIDAD_ENCUESTAS' => '10',
  'S_ACTIVO' => '1',
  'S_LOGO' => '7',
  'S_MUESTRA_VIDEO' => '0',
) 
2014-12-09 14:57:10 --> se va a extraer informacion del area  
2014-12-09 14:57:10 --> la informacion del area es array (
  'AR_ID' => '2',
  'AR_NOMBRE' => 'APORTES',
  'AR_DESCRIPCION' => 'Pensiones Incapacidades Cesantias Cartas FNA',
  'AR_C_ID' => '1',
  'AR_ACTIVO' => '1',
  'AR_ALIAS' => 'A',
  'AR_MOSTRAR_NOMBRE_PANTALLA' => '0',
) 
2014-12-09 14:57:10 --> se va a crear el turno 
2014-12-09 14:57:10 --> se creo el turno 7 del area A 

2014-12-09 14:57:41 --> get_areas 1 
2014-12-09 14:57:41 --> buscando areas del cliente 
2014-12-09 14:57:55 --> crear el consumidor 
2014-12-09 14:57:55 --> se creo el consumidor 26798 
2014-12-09 14:57:55 --> la informacion de la sede es array (
  'S_ID' => '2',
  'S_NOMBRE' => 'CENTRO',
  'S_DESCRIPCION' => 'Sede para atender los casos de la regional centro',
  'S_C_ID' => '1',
  'S_CANTIDAD_ENCUESTAS' => '10',
  'S_ACTIVO' => '1',
  'S_LOGO' => '7',
  'S_MUESTRA_VIDEO' => '0',
) 
2014-12-09 14:57:55 --> se va a extraer informacion del area  
2014-12-09 14:57:55 --> la informacion del area es array (
  'AR_ID' => '8',
  'AR_NOMBRE' => 'COMPENSACION_SALARIAL',
  'AR_DESCRIPCION' => 'Informacion pago nomina y liquidaciones',
  'AR_C_ID' => '1',
  'AR_ACTIVO' => '1',
  'AR_ALIAS' => 'CS',
  'AR_MOSTRAR_NOMBRE_PANTALLA' => '0',
) 
2014-12-09 14:57:55 --> se va a crear el turno 
2014-12-09 14:57:55 --> se creo el turno 4 del area CS 

2014-12-09 15:01:15 --> get_areas 1 
2014-12-09 15:01:15 --> buscando areas del cliente 
2014-12-09 15:01:23 --> crear el consumidor 
2014-12-09 15:01:23 --> se creo el consumidor 26799 
2014-12-09 15:01:23 --> la informacion de la sede es array (
  'S_ID' => '4',
  'S_NOMBRE' => 'OCCIDENTE',
  'S_DESCRIPCION' => 'Sedle para atender los casos de la regional occidente',
  'S_C_ID' => '1',
  'S_CANTIDAD_ENCUESTAS' => '10',
  'S_ACTIVO' => '1',
  'S_LOGO' => '7',
  'S_MUESTRA_VIDEO' => '0',
) 
2014-12-09 15:01:23 --> se va a extraer informacion del area  
2014-12-09 15:01:23 --> la informacion del area es array (
  'AR_ID' => '1',
  'AR_NOMBRE' => 'GERENCIA_DEL_SERVICIO',
  'AR_DESCRIPCION' => 'Cartas punto de venta Cartas de renuncia',
  'AR_C_ID' => '1',
  'AR_ACTIVO' => '1',
  'AR_ALIAS' => 'GS',
  'AR_MOSTRAR_NOMBRE_PANTALLA' => '0',
) 
2014-12-09 15:01:23 --> se va a crear el turno 
2014-12-09 15:01:23 --> se creo el turno 5 del area GS 

2014-12-09 15:13:16 --> get_areas 1 
2014-12-09 15:13:16 --> buscando areas del cliente 
2014-12-09 15:13:27 --> crear el consumidor 
2014-12-09 15:13:27 --> se creo el consumidor 26802 
2014-12-09 15:13:27 --> la informacion de la sede es array (
  'S_ID' => '4',
  'S_NOMBRE' => 'OCCIDENTE',
  'S_DESCRIPCION' => 'Sedle para atender los casos de la regional occidente',
  'S_C_ID' => '1',
  'S_CANTIDAD_ENCUESTAS' => '10',
  'S_ACTIVO' => '1',
  'S_LOGO' => '7',
  'S_MUESTRA_VIDEO' => '0',
) 
2014-12-09 15:13:27 --> se va a extraer informacion del area  
2014-12-09 15:13:27 --> la informacion del area es array (
  'AR_ID' => '2',
  'AR_NOMBRE' => 'APORTES',
  'AR_DESCRIPCION' => 'Pensiones Incapacidades Cesantias Cartas FNA',
  'AR_C_ID' => '1',
  'AR_ACTIVO' => '1',
  'AR_ALIAS' => 'A',
  'AR_MOSTRAR_NOMBRE_PANTALLA' => '0',
) 
2014-12-09 15:13:27 --> se va a crear el turno 
2014-12-09 15:13:27 --> se creo el turno 8 del area A 

2014-12-09 15:25:26 --> get_areas 1 
2014-12-09 15:25:26 --> buscando areas del cliente 
2014-12-09 15:25:45 --> crear el consumidor 
2014-12-09 15:25:45 --> se creo el consumidor 26803 
2014-12-09 15:25:45 --> la informacion de la sede es array (
  'S_ID' => '4',
  'S_NOMBRE' => 'OCCIDENTE',
  'S_DESCRIPCION' => 'Sedle para atender los casos de la regional occidente',
  'S_C_ID' => '1',
  'S_CANTIDAD_ENCUESTAS' => '10',
  'S_ACTIVO' => '1',
  'S_LOGO' => '7',
  'S_MUESTRA_VIDEO' => '0',
) 
2014-12-09 15:25:45 --> se va a extraer informacion del area  
2014-12-09 15:25:45 --> la informacion del area es array (
  'AR_ID' => '5',
  'AR_NOMBRE' => 'OTROS',
  'AR_DESCRIPCION' => 'Otros',
  'AR_C_ID' => '1',
  'AR_ACTIVO' => '1',
  'AR_ALIAS' => 'O',
  'AR_MOSTRAR_NOMBRE_PANTALLA' => '0',
) 
2014-12-09 15:25:45 --> se va a crear el turno 
2014-12-09 15:25:45 --> se creo el turno 9 del area O 

2014-12-09 15:49:11 --> get_areas 1 
2014-12-09 15:49:11 --> buscando areas del cliente 
2014-12-09 15:49:38 --> crear el consumidor 
2014-12-09 15:49:38 --> se creo el consumidor 26807 
2014-12-09 15:49:38 --> la informacion de la sede es array (
  'S_ID' => '4',
  'S_NOMBRE' => 'OCCIDENTE',
  'S_DESCRIPCION' => 'Sedle para atender los casos de la regional occidente',
  'S_C_ID' => '1',
  'S_CANTIDAD_ENCUESTAS' => '10',
  'S_ACTIVO' => '1',
  'S_LOGO' => '7',
  'S_MUESTRA_VIDEO' => '0',
) 
2014-12-09 15:49:38 --> se va a extraer informacion del area  
2014-12-09 15:49:38 --> la informacion del area es array (
  'AR_ID' => '2',
  'AR_NOMBRE' => 'APORTES',
  'AR_DESCRIPCION' => 'Pensiones Incapacidades Cesantias Cartas FNA',
  'AR_C_ID' => '1',
  'AR_ACTIVO' => '1',
  'AR_ALIAS' => 'A',
  'AR_MOSTRAR_NOMBRE_PANTALLA' => '0',
) 
2014-12-09 15:49:38 --> se va a crear el turno 
2014-12-09 15:49:38 --> se creo el turno 9 del area A 

2014-12-09 16:09:49 --> get_areas 1 
2014-12-09 16:09:49 --> buscando areas del cliente 

2014-12-09 16:09:56 --> get_areas 1 
2014-12-09 16:09:56 --> buscando areas del cliente 

2014-12-09 16:10:43 --> get_areas 1 
2014-12-09 16:10:43 --> buscando areas del cliente 
2014-12-09 16:11:40 --> crear el consumidor 
2014-12-09 16:11:40 --> se creo el consumidor 26816 
2014-12-09 16:11:40 --> la informacion de la sede es array (
  'S_ID' => '4',
  'S_NOMBRE' => 'OCCIDENTE',
  'S_DESCRIPCION' => 'Sedle para atender los casos de la regional occidente',
  'S_C_ID' => '1',
  'S_CANTIDAD_ENCUESTAS' => '10',
  'S_ACTIVO' => '1',
  'S_LOGO' => '7',
  'S_MUESTRA_VIDEO' => '0',
) 
2014-12-09 16:11:40 --> se va a extraer informacion del area  
2014-12-09 16:11:40 --> la informacion del area es array (
  'AR_ID' => '1',
  'AR_NOMBRE' => 'GERENCIA_DEL_SERVICIO',
  'AR_DESCRIPCION' => 'Cartas punto de venta Cartas de renuncia',
  'AR_C_ID' => '1',
  'AR_ACTIVO' => '1',
  'AR_ALIAS' => 'GS',
  'AR_MOSTRAR_NOMBRE_PANTALLA' => '0',
) 
2014-12-09 16:11:40 --> se va a crear el turno 
2014-12-09 16:11:40 --> se creo el turno 6 del area GS 

2014-12-09 16:11:44 --> get_areas 1 
2014-12-09 16:11:44 --> buscando areas del cliente 

2014-12-09 16:14:54 --> get_areas 1 
2014-12-09 16:14:54 --> buscando areas del cliente 

2014-12-09 16:22:05 --> get_areas 1 
2014-12-09 16:22:05 --> buscando areas del cliente 
2014-12-09 16:22:23 --> crear el consumidor 
2014-12-09 16:22:23 --> se creo el consumidor 26818 
2014-12-09 16:22:23 --> la informacion de la sede es array (
  'S_ID' => '4',
  'S_NOMBRE' => 'OCCIDENTE',
  'S_DESCRIPCION' => 'Sedle para atender los casos de la regional occidente',
  'S_C_ID' => '1',
  'S_CANTIDAD_ENCUESTAS' => '10',
  'S_ACTIVO' => '1',
  'S_LOGO' => '7',
  'S_MUESTRA_VIDEO' => '0',
) 
2014-12-09 16:22:23 --> se va a extraer informacion del area  
2014-12-09 16:22:23 --> la informacion del area es array (
  'AR_ID' => '3',
  'AR_NOMBRE' => 'SEGUIMIENTO_AL_SERVICIO',
  'AR_DESCRIPCION' => 'SQR certificados especiales claves portal web',
  'AR_C_ID' => '1',
  'AR_ACTIVO' => '1',
  'AR_ALIAS' => 'SAS',
  'AR_MOSTRAR_NOMBRE_PANTALLA' => '0',
) 
2014-12-09 16:22:23 --> se va a crear el turno 
2014-12-09 16:22:23 --> se creo el turno 4 del area SAS 

2014-12-09 16:57:20 --> get_areas 1 
2014-12-09 16:57:20 --> buscando areas del cliente 
2014-12-09 16:57:33 --> crear el consumidor 
2014-12-09 16:57:33 --> se creo el consumidor 26821 
2014-12-09 16:57:33 --> la informacion de la sede es array (
  'S_ID' => '4',
  'S_NOMBRE' => 'OCCIDENTE',
  'S_DESCRIPCION' => 'Sedle para atender los casos de la regional occidente',
  'S_C_ID' => '1',
  'S_CANTIDAD_ENCUESTAS' => '10',
  'S_ACTIVO' => '1',
  'S_LOGO' => '7',
  'S_MUESTRA_VIDEO' => '0',
) 
2014-12-09 16:57:33 --> se va a extraer informacion del area  
2014-12-09 16:57:33 --> la informacion del area es array (
  'AR_ID' => '2',
  'AR_NOMBRE' => 'APORTES',
  'AR_DESCRIPCION' => 'Pensiones Incapacidades Cesantias Cartas FNA',
  'AR_C_ID' => '1',
  'AR_ACTIVO' => '1',
  'AR_ALIAS' => 'A',
  'AR_MOSTRAR_NOMBRE_PANTALLA' => '0',
) 
2014-12-09 16:57:33 --> se va a crear el turno 
2014-12-09 16:57:33 --> se creo el turno 10 del area A 

2014-12-09 17:13:20 --> get_areas 1 
2014-12-09 17:13:20 --> buscando areas del cliente 
2014-12-09 17:13:40 --> crear el consumidor 
2014-12-09 17:13:40 --> se creo el consumidor 26823 
2014-12-09 17:13:40 --> la informacion de la sede es array (
  'S_ID' => '4',
  'S_NOMBRE' => 'OCCIDENTE',
  'S_DESCRIPCION' => 'Sedle para atender los casos de la regional occidente',
  'S_C_ID' => '1',
  'S_CANTIDAD_ENCUESTAS' => '10',
  'S_ACTIVO' => '1',
  'S_LOGO' => '7',
  'S_MUESTRA_VIDEO' => '0',
) 
2014-12-09 17:13:40 --> se va a extraer informacion del area  
2014-12-09 17:13:40 --> la informacion del area es array (
  'AR_ID' => '5',
  'AR_NOMBRE' => 'OTROS',
  'AR_DESCRIPCION' => 'Otros',
  'AR_C_ID' => '1',
  'AR_ACTIVO' => '1',
  'AR_ALIAS' => 'O',
  'AR_MOSTRAR_NOMBRE_PANTALLA' => '0',
) 
2014-12-09 17:13:40 --> se va a crear el turno 
2014-12-09 17:13:40 --> se creo el turno 10 del area O 

2014-12-09 17:14:34 --> get_areas 1 
2014-12-09 17:14:34 --> buscando areas del cliente 
2014-12-09 17:14:46 --> crear el consumidor 
2014-12-09 17:14:46 --> se creo el consumidor 26824 
2014-12-09 17:14:46 --> la informacion de la sede es array (
  'S_ID' => '4',
  'S_NOMBRE' => 'OCCIDENTE',
  'S_DESCRIPCION' => 'Sedle para atender los casos de la regional occidente',
  'S_C_ID' => '1',
  'S_CANTIDAD_ENCUESTAS' => '10',
  'S_ACTIVO' => '1',
  'S_LOGO' => '7',
  'S_MUESTRA_VIDEO' => '0',
) 
2014-12-09 17:14:46 --> se va a extraer informacion del area  
2014-12-09 17:14:46 --> la informacion del area es array (
  'AR_ID' => '8',
  'AR_NOMBRE' => 'COMPENSACION_SALARIAL',
  'AR_DESCRIPCION' => 'Informacion pago nomina y liquidaciones',
  'AR_C_ID' => '1',
  'AR_ACTIVO' => '1',
  'AR_ALIAS' => 'CS',
  'AR_MOSTRAR_NOMBRE_PANTALLA' => '0',
) 
2014-12-09 17:14:46 --> se va a crear el turno 
2014-12-09 17:14:46 --> se creo el turno 1 del area CS 

2014-12-09 17:16:31 --> get_areas 1 
2014-12-09 17:16:31 --> buscando areas del cliente 
2014-12-09 17:16:37 --> crear el consumidor 
2014-12-09 17:16:37 --> se creo el consumidor 26825 
2014-12-09 17:16:37 --> la informacion de la sede es array (
  'S_ID' => '4',
  'S_NOMBRE' => 'OCCIDENTE',
  'S_DESCRIPCION' => 'Sedle para atender los casos de la regional occidente',
  'S_C_ID' => '1',
  'S_CANTIDAD_ENCUESTAS' => '10',
  'S_ACTIVO' => '1',
  'S_LOGO' => '7',
  'S_MUESTRA_VIDEO' => '0',
) 
2014-12-09 17:16:37 --> se va a extraer informacion del area  
2014-12-09 17:16:37 --> la informacion del area es array (
  'AR_ID' => '2',
  'AR_NOMBRE' => 'APORTES',
  'AR_DESCRIPCION' => 'Pensiones Incapacidades Cesantias Cartas FNA',
  'AR_C_ID' => '1',
  'AR_ACTIVO' => '1',
  'AR_ALIAS' => 'A',
  'AR_MOSTRAR_NOMBRE_PANTALLA' => '0',
) 
2014-12-09 17:16:37 --> se va a crear el turno 
2014-12-09 17:16:37 --> se creo el turno 11 del area A 
2014-12-09 17:24:34 --> crear el consumidor 
2014-12-09 17:24:34 --> se creo el consumidor 26826 
2014-12-09 17:24:34 --> la informacion de la sede es array (
  'S_ID' => '2',
  'S_NOMBRE' => 'CENTRO',
  'S_DESCRIPCION' => 'Sede para atender los casos de la regional centro',
  'S_C_ID' => '1',
  'S_CANTIDAD_ENCUESTAS' => '10',
  'S_ACTIVO' => '1',
  'S_LOGO' => '7',
  'S_MUESTRA_VIDEO' => '0',
) 
2014-12-09 17:24:34 --> se va a extraer informacion del area  
2014-12-09 17:24:34 --> la informacion del area es array (
  'AR_ID' => '3',
  'AR_NOMBRE' => 'SEGUIMIENTO_AL_SERVICIO',
  'AR_DESCRIPCION' => 'SQR certificados especiales claves portal web',
  'AR_C_ID' => '1',
  'AR_ACTIVO' => '1',
  'AR_ALIAS' => 'SAS',
  'AR_MOSTRAR_NOMBRE_PANTALLA' => '0',
) 
2014-12-09 17:24:34 --> se va a crear el turno 
2014-12-09 17:24:34 --> se creo el turno 57 del area SAS 

2014-12-09 17:39:48 --> get_areas 1 
2014-12-09 17:39:48 --> buscando areas del cliente 
2014-12-09 17:40:04 --> crear el consumidor 
2014-12-09 17:40:04 --> se creo el consumidor 26828 
2014-12-09 17:40:04 --> la informacion de la sede es array (
  'S_ID' => '4',
  'S_NOMBRE' => 'OCCIDENTE',
  'S_DESCRIPCION' => 'Sedle para atender los casos de la regional occidente',
  'S_C_ID' => '1',
  'S_CANTIDAD_ENCUESTAS' => '10',
  'S_ACTIVO' => '1',
  'S_LOGO' => '7',
  'S_MUESTRA_VIDEO' => '0',
) 
2014-12-09 17:40:04 --> se va a extraer informacion del area  
2014-12-09 17:40:04 --> la informacion del area es array (
  'AR_ID' => '2',
  'AR_NOMBRE' => 'APORTES',
  'AR_DESCRIPCION' => 'Pensiones Incapacidades Cesantias Cartas FNA',
  'AR_C_ID' => '1',
  'AR_ACTIVO' => '1',
  'AR_ALIAS' => 'A',
  'AR_MOSTRAR_NOMBRE_PANTALLA' => '0',
) 
2014-12-09 17:40:04 --> se va a crear el turno 
2014-12-09 17:40:04 --> se creo el turno 12 del area A 
