
2014-09-25 08:04:22 --> get_areas 1 
2014-09-25 08:04:22 --> buscando areas del cliente 
2014-09-25 08:04:35 --> crear el consumidor 
2014-09-25 08:04:35 --> se creo el consumidor 18474 
2014-09-25 08:04:35 --> la informacion de la sede es array (
  'S_ID' => '4',
  'S_NOMBRE' => 'OCCIDENTE',
  'S_DESCRIPCION' => 'Sedle para atender los casos de la regional occidente',
  'S_C_ID' => '1',
  'S_CANTIDAD_ENCUESTAS' => '10',
  'S_ACTIVO' => '1',
  'S_LOGO' => '7',
  'S_MUESTRA_VIDEO' => '0',
) 
2014-09-25 08:04:35 --> se va a extraer informacion del area  
2014-09-25 08:04:35 --> la informacion del area es array (
  'AR_ID' => '3',
  'AR_NOMBRE' => 'SEGUIMIENTO_AL_SERVICIO',
  'AR_DESCRIPCION' => 'SQR certificados especiales claves portal web',
  'AR_C_ID' => '1',
  'AR_ACTIVO' => '1',
  'AR_ALIAS' => 'SAS',
  'AR_MOSTRAR_NOMBRE_PANTALLA' => '0',
) 
2014-09-25 08:04:35 --> se va a crear el turno 
2014-09-25 08:04:35 --> se creo el turno 1 del area SAS 

2014-09-25 08:07:34 --> get_areas 1 
2014-09-25 08:07:34 --> buscando areas del cliente 
2014-09-25 08:08:03 --> crear el consumidor 
2014-09-25 08:08:03 --> se creo el consumidor 18475 
2014-09-25 08:08:03 --> la informacion de la sede es array (
  'S_ID' => '4',
  'S_NOMBRE' => 'OCCIDENTE',
  'S_DESCRIPCION' => 'Sedle para atender los casos de la regional occidente',
  'S_C_ID' => '1',
  'S_CANTIDAD_ENCUESTAS' => '10',
  'S_ACTIVO' => '1',
  'S_LOGO' => '7',
  'S_MUESTRA_VIDEO' => '0',
) 
2014-09-25 08:08:03 --> se va a extraer informacion del area  
2014-09-25 08:08:03 --> la informacion del area es array (
  'AR_ID' => '1',
  'AR_NOMBRE' => 'GERENCIA_DEL_SERVICIO',
  'AR_DESCRIPCION' => 'Cartas punto de venta Cartas de renuncia',
  'AR_C_ID' => '1',
  'AR_ACTIVO' => '1',
  'AR_ALIAS' => 'GS',
  'AR_MOSTRAR_NOMBRE_PANTALLA' => '0',
) 
2014-09-25 08:08:03 --> se va a crear el turno 
2014-09-25 08:08:03 --> se creo el turno 1 del area GS 

2014-09-25 08:43:32 --> get_areas 1 
2014-09-25 08:43:32 --> buscando areas del cliente 
2014-09-25 08:43:53 --> crear el consumidor 
2014-09-25 08:43:57 --> se creo el consumidor 18491 
2014-09-25 08:43:57 --> la informacion de la sede es array (
  'S_ID' => '4',
  'S_NOMBRE' => 'OCCIDENTE',
  'S_DESCRIPCION' => 'Sedle para atender los casos de la regional occidente',
  'S_C_ID' => '1',
  'S_CANTIDAD_ENCUESTAS' => '10',
  'S_ACTIVO' => '1',
  'S_LOGO' => '7',
  'S_MUESTRA_VIDEO' => '0',
) 
2014-09-25 08:43:57 --> se va a extraer informacion del area  
2014-09-25 08:43:57 --> la informacion del area es array (
  'AR_ID' => '1',
  'AR_NOMBRE' => 'GERENCIA_DEL_SERVICIO',
  'AR_DESCRIPCION' => 'Cartas punto de venta Cartas de renuncia',
  'AR_C_ID' => '1',
  'AR_ACTIVO' => '1',
  'AR_ALIAS' => 'GS',
  'AR_MOSTRAR_NOMBRE_PANTALLA' => '0',
) 
2014-09-25 08:43:57 --> se va a crear el turno 
2014-09-25 08:43:57 --> se creo el turno 2 del area GS 

2014-09-25 08:47:20 --> get_areas 1 
2014-09-25 08:47:20 --> buscando areas del cliente 
2014-09-25 08:47:26 --> crear el consumidor 
2014-09-25 08:47:26 --> se creo el consumidor 18492 
2014-09-25 08:47:26 --> la informacion de la sede es array (
  'S_ID' => '4',
  'S_NOMBRE' => 'OCCIDENTE',
  'S_DESCRIPCION' => 'Sedle para atender los casos de la regional occidente',
  'S_C_ID' => '1',
  'S_CANTIDAD_ENCUESTAS' => '10',
  'S_ACTIVO' => '1',
  'S_LOGO' => '7',
  'S_MUESTRA_VIDEO' => '0',
) 
2014-09-25 08:47:26 --> se va a extraer informacion del area  
2014-09-25 08:47:26 --> la informacion del area es array (
  'AR_ID' => '2',
  'AR_NOMBRE' => 'APORTES',
  'AR_DESCRIPCION' => 'Pensiones Incapacidades Cesantias Cartas FNA',
  'AR_C_ID' => '1',
  'AR_ACTIVO' => '1',
  'AR_ALIAS' => 'A',
  'AR_MOSTRAR_NOMBRE_PANTALLA' => '0',
) 
2014-09-25 08:47:26 --> se va a crear el turno 
2014-09-25 08:47:26 --> se creo el turno 1 del area A 

2014-09-25 09:06:30 --> get_areas 1 
2014-09-25 09:06:30 --> buscando areas del cliente 
2014-09-25 09:06:48 --> crear el consumidor 
2014-09-25 09:06:48 --> se creo el consumidor 18494 
2014-09-25 09:06:48 --> la informacion de la sede es array (
  'S_ID' => '4',
  'S_NOMBRE' => 'OCCIDENTE',
  'S_DESCRIPCION' => 'Sedle para atender los casos de la regional occidente',
  'S_C_ID' => '1',
  'S_CANTIDAD_ENCUESTAS' => '10',
  'S_ACTIVO' => '1',
  'S_LOGO' => '7',
  'S_MUESTRA_VIDEO' => '0',
) 
2014-09-25 09:06:48 --> se va a extraer informacion del area  
2014-09-25 09:06:48 --> la informacion del area es array (
  'AR_ID' => '5',
  'AR_NOMBRE' => 'OTROS',
  'AR_DESCRIPCION' => 'Otros',
  'AR_C_ID' => '1',
  'AR_ACTIVO' => '1',
  'AR_ALIAS' => 'O',
  'AR_MOSTRAR_NOMBRE_PANTALLA' => '0',
) 
2014-09-25 09:06:48 --> se va a crear el turno 
2014-09-25 09:06:48 --> se creo el turno 1 del area O 

2014-09-25 09:29:13 --> get_areas 1 
2014-09-25 09:29:13 --> buscando areas del cliente 
2014-09-25 09:29:39 --> crear el consumidor 
2014-09-25 09:29:39 --> se creo el consumidor 18496 
2014-09-25 09:29:39 --> la informacion de la sede es array (
  'S_ID' => '4',
  'S_NOMBRE' => 'OCCIDENTE',
  'S_DESCRIPCION' => 'Sedle para atender los casos de la regional occidente',
  'S_C_ID' => '1',
  'S_CANTIDAD_ENCUESTAS' => '10',
  'S_ACTIVO' => '1',
  'S_LOGO' => '7',
  'S_MUESTRA_VIDEO' => '0',
) 
2014-09-25 09:29:39 --> se va a extraer informacion del area  
2014-09-25 09:29:39 --> la informacion del area es array (
  'AR_ID' => '5',
  'AR_NOMBRE' => 'OTROS',
  'AR_DESCRIPCION' => 'Otros',
  'AR_C_ID' => '1',
  'AR_ACTIVO' => '1',
  'AR_ALIAS' => 'O',
  'AR_MOSTRAR_NOMBRE_PANTALLA' => '0',
) 
2014-09-25 09:29:39 --> se va a crear el turno 
2014-09-25 09:29:39 --> se creo el turno 2 del area O 

2014-09-25 10:55:07 --> get_areas 1 
2014-09-25 10:55:07 --> buscando areas del cliente 
2014-09-25 10:55:29 --> crear el consumidor 
2014-09-25 10:55:29 --> se creo el consumidor 18511 
2014-09-25 10:55:29 --> la informacion de la sede es array (
  'S_ID' => '4',
  'S_NOMBRE' => 'OCCIDENTE',
  'S_DESCRIPCION' => 'Sedle para atender los casos de la regional occidente',
  'S_C_ID' => '1',
  'S_CANTIDAD_ENCUESTAS' => '10',
  'S_ACTIVO' => '1',
  'S_LOGO' => '7',
  'S_MUESTRA_VIDEO' => '0',
) 
2014-09-25 10:55:29 --> se va a extraer informacion del area  
2014-09-25 10:55:29 --> la informacion del area es array (
  'AR_ID' => '2',
  'AR_NOMBRE' => 'APORTES',
  'AR_DESCRIPCION' => 'Pensiones Incapacidades Cesantias Cartas FNA',
  'AR_C_ID' => '1',
  'AR_ACTIVO' => '1',
  'AR_ALIAS' => 'A',
  'AR_MOSTRAR_NOMBRE_PANTALLA' => '0',
) 
2014-09-25 10:55:29 --> se va a crear el turno 
2014-09-25 10:55:29 --> se creo el turno 2 del area A 

2014-09-25 10:57:21 --> get_areas 1 
2014-09-25 10:57:21 --> buscando areas del cliente 
2014-09-25 10:57:36 --> crear el consumidor 
2014-09-25 10:57:36 --> se creo el consumidor 18512 
2014-09-25 10:57:36 --> la informacion de la sede es array (
  'S_ID' => '4',
  'S_NOMBRE' => 'OCCIDENTE',
  'S_DESCRIPCION' => 'Sedle para atender los casos de la regional occidente',
  'S_C_ID' => '1',
  'S_CANTIDAD_ENCUESTAS' => '10',
  'S_ACTIVO' => '1',
  'S_LOGO' => '7',
  'S_MUESTRA_VIDEO' => '0',
) 
2014-09-25 10:57:36 --> se va a extraer informacion del area  
2014-09-25 10:57:36 --> la informacion del area es array (
  'AR_ID' => '5',
  'AR_NOMBRE' => 'OTROS',
  'AR_DESCRIPCION' => 'Otros',
  'AR_C_ID' => '1',
  'AR_ACTIVO' => '1',
  'AR_ALIAS' => 'O',
  'AR_MOSTRAR_NOMBRE_PANTALLA' => '0',
) 
2014-09-25 10:57:36 --> se va a crear el turno 
2014-09-25 10:57:36 --> se creo el turno 3 del area O 

2014-09-25 11:06:43 --> get_areas 1 
2014-09-25 11:06:43 --> buscando areas del cliente 
2014-09-25 11:06:55 --> crear el consumidor 
2014-09-25 11:06:55 --> se creo el consumidor 18515 
2014-09-25 11:06:55 --> la informacion de la sede es array (
  'S_ID' => '4',
  'S_NOMBRE' => 'OCCIDENTE',
  'S_DESCRIPCION' => 'Sedle para atender los casos de la regional occidente',
  'S_C_ID' => '1',
  'S_CANTIDAD_ENCUESTAS' => '10',
  'S_ACTIVO' => '1',
  'S_LOGO' => '7',
  'S_MUESTRA_VIDEO' => '0',
) 
2014-09-25 11:06:55 --> se va a extraer informacion del area  
2014-09-25 11:06:55 --> la informacion del area es array (
  'AR_ID' => '2',
  'AR_NOMBRE' => 'APORTES',
  'AR_DESCRIPCION' => 'Pensiones Incapacidades Cesantias Cartas FNA',
  'AR_C_ID' => '1',
  'AR_ACTIVO' => '1',
  'AR_ALIAS' => 'A',
  'AR_MOSTRAR_NOMBRE_PANTALLA' => '0',
) 
2014-09-25 11:06:55 --> se va a crear el turno 
2014-09-25 11:06:55 --> se creo el turno 3 del area A 

2014-09-25 11:08:54 --> get_areas 1 
2014-09-25 11:08:54 --> buscando areas del cliente 

2014-09-25 11:11:30 --> get_areas 1 
2014-09-25 11:11:30 --> buscando areas del cliente 

2014-09-25 11:13:53 --> get_areas 1 
2014-09-25 11:13:53 --> buscando areas del cliente 
2014-09-25 11:14:04 --> crear el consumidor 
2014-09-25 11:14:04 --> se creo el consumidor 18517 
2014-09-25 11:14:04 --> la informacion de la sede es array (
  'S_ID' => '4',
  'S_NOMBRE' => 'OCCIDENTE',
  'S_DESCRIPCION' => 'Sedle para atender los casos de la regional occidente',
  'S_C_ID' => '1',
  'S_CANTIDAD_ENCUESTAS' => '10',
  'S_ACTIVO' => '1',
  'S_LOGO' => '7',
  'S_MUESTRA_VIDEO' => '0',
) 
2014-09-25 11:14:04 --> se va a extraer informacion del area  
2014-09-25 11:14:04 --> la informacion del area es array (
  'AR_ID' => '2',
  'AR_NOMBRE' => 'APORTES',
  'AR_DESCRIPCION' => 'Pensiones Incapacidades Cesantias Cartas FNA',
  'AR_C_ID' => '1',
  'AR_ACTIVO' => '1',
  'AR_ALIAS' => 'A',
  'AR_MOSTRAR_NOMBRE_PANTALLA' => '0',
) 
2014-09-25 11:14:04 --> se va a crear el turno 
2014-09-25 11:14:04 --> se creo el turno 4 del area A 

2014-09-25 11:31:51 --> get_areas 1 
2014-09-25 11:31:51 --> buscando areas del cliente 

2014-09-25 11:32:31 --> get_areas 1 
2014-09-25 11:32:31 --> buscando areas del cliente 

2014-09-25 11:33:16 --> get_areas 1 
2014-09-25 11:33:16 --> buscando areas del cliente 
2014-09-25 11:33:19 --> crear el consumidor 
2014-09-25 11:33:19 --> se creo el consumidor 18519 
2014-09-25 11:33:19 --> la informacion de la sede es array (
  'S_ID' => '4',
  'S_NOMBRE' => 'OCCIDENTE',
  'S_DESCRIPCION' => 'Sedle para atender los casos de la regional occidente',
  'S_C_ID' => '1',
  'S_CANTIDAD_ENCUESTAS' => '10',
  'S_ACTIVO' => '1',
  'S_LOGO' => '7',
  'S_MUESTRA_VIDEO' => '0',
) 
2014-09-25 11:33:19 --> se va a extraer informacion del area  
2014-09-25 11:33:19 --> la informacion del area es array (
  'AR_ID' => '5',
  'AR_NOMBRE' => 'OTROS',
  'AR_DESCRIPCION' => 'Otros',
  'AR_C_ID' => '1',
  'AR_ACTIVO' => '1',
  'AR_ALIAS' => 'O',
  'AR_MOSTRAR_NOMBRE_PANTALLA' => '0',
) 
2014-09-25 11:33:19 --> se va a crear el turno 
2014-09-25 11:33:19 --> se creo el turno 4 del area O 

2014-09-25 11:34:12 --> get_areas 1 
2014-09-25 11:34:12 --> buscando areas del cliente 
2014-09-25 11:34:25 --> crear el consumidor 
2014-09-25 11:34:25 --> se creo el consumidor 18520 
2014-09-25 11:34:25 --> la informacion de la sede es array (
  'S_ID' => '4',
  'S_NOMBRE' => 'OCCIDENTE',
  'S_DESCRIPCION' => 'Sedle para atender los casos de la regional occidente',
  'S_C_ID' => '1',
  'S_CANTIDAD_ENCUESTAS' => '10',
  'S_ACTIVO' => '1',
  'S_LOGO' => '7',
  'S_MUESTRA_VIDEO' => '0',
) 
2014-09-25 11:34:25 --> se va a extraer informacion del area  
2014-09-25 11:34:25 --> la informacion del area es array (
  'AR_ID' => '2',
  'AR_NOMBRE' => 'APORTES',
  'AR_DESCRIPCION' => 'Pensiones Incapacidades Cesantias Cartas FNA',
  'AR_C_ID' => '1',
  'AR_ACTIVO' => '1',
  'AR_ALIAS' => 'A',
  'AR_MOSTRAR_NOMBRE_PANTALLA' => '0',
) 
2014-09-25 11:34:25 --> se va a crear el turno 
2014-09-25 11:34:25 --> se creo el turno 5 del area A 

2014-09-25 11:35:08 --> get_areas 1 
2014-09-25 11:35:08 --> buscando areas del cliente 
2014-09-25 11:35:17 --> crear el consumidor 
2014-09-25 11:35:17 --> se creo el consumidor 18521 
2014-09-25 11:35:17 --> la informacion de la sede es array (
  'S_ID' => '4',
  'S_NOMBRE' => 'OCCIDENTE',
  'S_DESCRIPCION' => 'Sedle para atender los casos de la regional occidente',
  'S_C_ID' => '1',
  'S_CANTIDAD_ENCUESTAS' => '10',
  'S_ACTIVO' => '1',
  'S_LOGO' => '7',
  'S_MUESTRA_VIDEO' => '0',
) 
2014-09-25 11:35:17 --> se va a extraer informacion del area  
2014-09-25 11:35:17 --> la informacion del area es array (
  'AR_ID' => '1',
  'AR_NOMBRE' => 'GERENCIA_DEL_SERVICIO',
  'AR_DESCRIPCION' => 'Cartas punto de venta Cartas de renuncia',
  'AR_C_ID' => '1',
  'AR_ACTIVO' => '1',
  'AR_ALIAS' => 'GS',
  'AR_MOSTRAR_NOMBRE_PANTALLA' => '0',
) 
2014-09-25 11:35:17 --> se va a crear el turno 
2014-09-25 11:35:17 --> se creo el turno 3 del area GS 

2014-09-25 11:40:12 --> get_areas 1 
2014-09-25 11:40:12 --> buscando areas del cliente 
2014-09-25 11:40:49 --> crear el consumidor 
2014-09-25 11:40:49 --> se creo el consumidor 18522 
2014-09-25 11:40:49 --> la informacion de la sede es array (
  'S_ID' => '1',
  'S_NOMBRE' => 'ANTIOQUIA',
  'S_DESCRIPCION' => 'Sede para atender los casos de la regional antioquia',
  'S_C_ID' => '1',
  'S_CANTIDAD_ENCUESTAS' => '10',
  'S_ACTIVO' => '1',
  'S_LOGO' => '7',
  'S_MUESTRA_VIDEO' => '0',
) 
2014-09-25 11:40:49 --> se va a extraer informacion del area  
2014-09-25 11:40:49 --> la informacion del area es array (
  'AR_ID' => '5',
  'AR_NOMBRE' => 'OTROS',
  'AR_DESCRIPCION' => 'Otros',
  'AR_C_ID' => '1',
  'AR_ACTIVO' => '1',
  'AR_ALIAS' => 'O',
  'AR_MOSTRAR_NOMBRE_PANTALLA' => '0',
) 
2014-09-25 11:40:49 --> se va a crear el turno 
2014-09-25 11:40:49 --> se creo el turno 1 del area O 

2014-09-25 11:41:18 --> get_areas 1 
2014-09-25 11:41:18 --> buscando areas del cliente 
2014-09-25 11:41:28 --> crear el consumidor 
2014-09-25 11:41:28 --> se creo el consumidor 18523 
2014-09-25 11:41:28 --> la informacion de la sede es array (
  'S_ID' => '4',
  'S_NOMBRE' => 'OCCIDENTE',
  'S_DESCRIPCION' => 'Sedle para atender los casos de la regional occidente',
  'S_C_ID' => '1',
  'S_CANTIDAD_ENCUESTAS' => '10',
  'S_ACTIVO' => '1',
  'S_LOGO' => '7',
  'S_MUESTRA_VIDEO' => '0',
) 
2014-09-25 11:41:28 --> se va a extraer informacion del area  
2014-09-25 11:41:28 --> la informacion del area es array (
  'AR_ID' => '5',
  'AR_NOMBRE' => 'OTROS',
  'AR_DESCRIPCION' => 'Otros',
  'AR_C_ID' => '1',
  'AR_ACTIVO' => '1',
  'AR_ALIAS' => 'O',
  'AR_MOSTRAR_NOMBRE_PANTALLA' => '0',
) 
2014-09-25 11:41:28 --> se va a crear el turno 
2014-09-25 11:41:28 --> se creo el turno 5 del area O 

2014-09-25 11:42:20 --> get_areas 1 
2014-09-25 11:42:20 --> buscando areas del cliente 

2014-09-25 11:45:44 --> get_areas 1 
2014-09-25 11:45:44 --> buscando areas del cliente 
2014-09-25 11:45:57 --> crear el consumidor 
2014-09-25 11:45:57 --> se creo el consumidor 18524 
2014-09-25 11:45:57 --> la informacion de la sede es array (
  'S_ID' => '4',
  'S_NOMBRE' => 'OCCIDENTE',
  'S_DESCRIPCION' => 'Sedle para atender los casos de la regional occidente',
  'S_C_ID' => '1',
  'S_CANTIDAD_ENCUESTAS' => '10',
  'S_ACTIVO' => '1',
  'S_LOGO' => '7',
  'S_MUESTRA_VIDEO' => '0',
) 
2014-09-25 11:45:57 --> se va a extraer informacion del area  
2014-09-25 11:45:57 --> la informacion del area es array (
  'AR_ID' => '2',
  'AR_NOMBRE' => 'APORTES',
  'AR_DESCRIPCION' => 'Pensiones Incapacidades Cesantias Cartas FNA',
  'AR_C_ID' => '1',
  'AR_ACTIVO' => '1',
  'AR_ALIAS' => 'A',
  'AR_MOSTRAR_NOMBRE_PANTALLA' => '0',
) 
2014-09-25 11:45:57 --> se va a crear el turno 
2014-09-25 11:45:57 --> se creo el turno 6 del area A 

2014-09-25 11:46:42 --> get_areas 1 
2014-09-25 11:46:42 --> buscando areas del cliente 
2014-09-25 11:47:00 --> crear el consumidor 
2014-09-25 11:47:00 --> se creo el consumidor 18526 
2014-09-25 11:47:00 --> la informacion de la sede es array (
  'S_ID' => '4',
  'S_NOMBRE' => 'OCCIDENTE',
  'S_DESCRIPCION' => 'Sedle para atender los casos de la regional occidente',
  'S_C_ID' => '1',
  'S_CANTIDAD_ENCUESTAS' => '10',
  'S_ACTIVO' => '1',
  'S_LOGO' => '7',
  'S_MUESTRA_VIDEO' => '0',
) 
2014-09-25 11:47:00 --> se va a extraer informacion del area  
2014-09-25 11:47:00 --> la informacion del area es array (
  'AR_ID' => '2',
  'AR_NOMBRE' => 'APORTES',
  'AR_DESCRIPCION' => 'Pensiones Incapacidades Cesantias Cartas FNA',
  'AR_C_ID' => '1',
  'AR_ACTIVO' => '1',
  'AR_ALIAS' => 'A',
  'AR_MOSTRAR_NOMBRE_PANTALLA' => '0',
) 
2014-09-25 11:47:00 --> se va a crear el turno 
2014-09-25 11:47:00 --> se creo el turno 7 del area A 

2014-09-25 11:47:54 --> get_areas 1 
2014-09-25 11:47:54 --> buscando areas del cliente 
2014-09-25 11:48:19 --> crear el consumidor 
2014-09-25 11:48:19 --> se creo el consumidor 18527 
2014-09-25 11:48:19 --> la informacion de la sede es array (
  'S_ID' => '4',
  'S_NOMBRE' => 'OCCIDENTE',
  'S_DESCRIPCION' => 'Sedle para atender los casos de la regional occidente',
  'S_C_ID' => '1',
  'S_CANTIDAD_ENCUESTAS' => '10',
  'S_ACTIVO' => '1',
  'S_LOGO' => '7',
  'S_MUESTRA_VIDEO' => '0',
) 
2014-09-25 11:48:19 --> se va a extraer informacion del area  
2014-09-25 11:48:19 --> la informacion del area es array (
  'AR_ID' => '2',
  'AR_NOMBRE' => 'APORTES',
  'AR_DESCRIPCION' => 'Pensiones Incapacidades Cesantias Cartas FNA',
  'AR_C_ID' => '1',
  'AR_ACTIVO' => '1',
  'AR_ALIAS' => 'A',
  'AR_MOSTRAR_NOMBRE_PANTALLA' => '0',
) 
2014-09-25 11:48:19 --> se va a crear el turno 
2014-09-25 11:48:19 --> se creo el turno 8 del area A 

2014-09-25 11:51:26 --> get_areas 1 
2014-09-25 11:51:26 --> buscando areas del cliente 
2014-09-25 11:51:39 --> crear el consumidor 
2014-09-25 11:51:39 --> se creo el consumidor 18529 
2014-09-25 11:51:39 --> la informacion de la sede es array (
  'S_ID' => '4',
  'S_NOMBRE' => 'OCCIDENTE',
  'S_DESCRIPCION' => 'Sedle para atender los casos de la regional occidente',
  'S_C_ID' => '1',
  'S_CANTIDAD_ENCUESTAS' => '10',
  'S_ACTIVO' => '1',
  'S_LOGO' => '7',
  'S_MUESTRA_VIDEO' => '0',
) 
2014-09-25 11:51:39 --> se va a extraer informacion del area  
2014-09-25 11:51:39 --> la informacion del area es array (
  'AR_ID' => '8',
  'AR_NOMBRE' => 'COMPENSACION_SALARIAL',
  'AR_DESCRIPCION' => 'Informacion pago nomina y liquidaciones',
  'AR_C_ID' => '1',
  'AR_ACTIVO' => '1',
  'AR_ALIAS' => 'CS',
  'AR_MOSTRAR_NOMBRE_PANTALLA' => '0',
) 
2014-09-25 11:51:39 --> se va a crear el turno 
2014-09-25 11:51:39 --> se creo el turno 1 del area CS 

2014-09-25 12:07:00 --> get_areas 1 
2014-09-25 12:07:00 --> buscando areas del cliente 
2014-09-25 12:07:16 --> crear el consumidor 
2014-09-25 12:07:16 --> se creo el consumidor 18532 
2014-09-25 12:07:16 --> la informacion de la sede es array (
  'S_ID' => '4',
  'S_NOMBRE' => 'OCCIDENTE',
  'S_DESCRIPCION' => 'Sedle para atender los casos de la regional occidente',
  'S_C_ID' => '1',
  'S_CANTIDAD_ENCUESTAS' => '10',
  'S_ACTIVO' => '1',
  'S_LOGO' => '7',
  'S_MUESTRA_VIDEO' => '0',
) 
2014-09-25 12:07:16 --> se va a extraer informacion del area  
2014-09-25 12:07:16 --> la informacion del area es array (
  'AR_ID' => '5',
  'AR_NOMBRE' => 'OTROS',
  'AR_DESCRIPCION' => 'Otros',
  'AR_C_ID' => '1',
  'AR_ACTIVO' => '1',
  'AR_ALIAS' => 'O',
  'AR_MOSTRAR_NOMBRE_PANTALLA' => '0',
) 
2014-09-25 12:07:16 --> se va a crear el turno 
2014-09-25 12:07:16 --> se creo el turno 6 del area O 

2014-09-25 12:08:14 --> get_areas 1 
2014-09-25 12:08:14 --> buscando areas del cliente 
2014-09-25 12:08:45 --> crear el consumidor 
2014-09-25 12:08:45 --> se creo el consumidor 18534 
2014-09-25 12:08:45 --> la informacion de la sede es array (
  'S_ID' => '4',
  'S_NOMBRE' => 'OCCIDENTE',
  'S_DESCRIPCION' => 'Sedle para atender los casos de la regional occidente',
  'S_C_ID' => '1',
  'S_CANTIDAD_ENCUESTAS' => '10',
  'S_ACTIVO' => '1',
  'S_LOGO' => '7',
  'S_MUESTRA_VIDEO' => '0',
) 
2014-09-25 12:08:45 --> se va a extraer informacion del area  
2014-09-25 12:08:45 --> la informacion del area es array (
  'AR_ID' => '3',
  'AR_NOMBRE' => 'SEGUIMIENTO_AL_SERVICIO',
  'AR_DESCRIPCION' => 'SQR certificados especiales claves portal web',
  'AR_C_ID' => '1',
  'AR_ACTIVO' => '1',
  'AR_ALIAS' => 'SAS',
  'AR_MOSTRAR_NOMBRE_PANTALLA' => '0',
) 
2014-09-25 12:08:45 --> se va a crear el turno 
2014-09-25 12:08:45 --> se creo el turno 3 del area SAS 

2014-09-25 12:10:35 --> get_areas 1 
2014-09-25 12:10:35 --> buscando areas del cliente 
2014-09-25 12:10:48 --> crear el consumidor 
2014-09-25 12:10:48 --> se creo el consumidor 18535 
2014-09-25 12:10:48 --> la informacion de la sede es array (
  'S_ID' => '4',
  'S_NOMBRE' => 'OCCIDENTE',
  'S_DESCRIPCION' => 'Sedle para atender los casos de la regional occidente',
  'S_C_ID' => '1',
  'S_CANTIDAD_ENCUESTAS' => '10',
  'S_ACTIVO' => '1',
  'S_LOGO' => '7',
  'S_MUESTRA_VIDEO' => '0',
) 
2014-09-25 12:10:48 --> se va a extraer informacion del area  
2014-09-25 12:10:48 --> la informacion del area es array (
  'AR_ID' => '2',
  'AR_NOMBRE' => 'APORTES',
  'AR_DESCRIPCION' => 'Pensiones Incapacidades Cesantias Cartas FNA',
  'AR_C_ID' => '1',
  'AR_ACTIVO' => '1',
  'AR_ALIAS' => 'A',
  'AR_MOSTRAR_NOMBRE_PANTALLA' => '0',
) 
2014-09-25 12:10:48 --> se va a crear el turno 
2014-09-25 12:10:48 --> se creo el turno 9 del area A 

2014-09-25 12:19:47 --> get_areas 1 
2014-09-25 12:19:47 --> buscando areas del cliente 
2014-09-25 12:20:26 --> crear el consumidor 
2014-09-25 12:20:26 --> se creo el consumidor 18536 
2014-09-25 12:20:26 --> la informacion de la sede es array (
  'S_ID' => '4',
  'S_NOMBRE' => 'OCCIDENTE',
  'S_DESCRIPCION' => 'Sedle para atender los casos de la regional occidente',
  'S_C_ID' => '1',
  'S_CANTIDAD_ENCUESTAS' => '10',
  'S_ACTIVO' => '1',
  'S_LOGO' => '7',
  'S_MUESTRA_VIDEO' => '0',
) 
2014-09-25 12:20:26 --> se va a extraer informacion del area  
2014-09-25 12:20:26 --> la informacion del area es array (
  'AR_ID' => '2',
  'AR_NOMBRE' => 'APORTES',
  'AR_DESCRIPCION' => 'Pensiones Incapacidades Cesantias Cartas FNA',
  'AR_C_ID' => '1',
  'AR_ACTIVO' => '1',
  'AR_ALIAS' => 'A',
  'AR_MOSTRAR_NOMBRE_PANTALLA' => '0',
) 
2014-09-25 12:20:26 --> se va a crear el turno 
2014-09-25 12:20:26 --> se creo el turno 10 del area A 

2014-09-25 13:51:32 --> get_areas 1 
2014-09-25 13:51:32 --> buscando areas del cliente 
2014-09-25 13:51:41 --> crear el consumidor 
2014-09-25 13:51:41 --> se creo el consumidor 18537 
2014-09-25 13:51:41 --> la informacion de la sede es array (
  'S_ID' => '4',
  'S_NOMBRE' => 'OCCIDENTE',
  'S_DESCRIPCION' => 'Sedle para atender los casos de la regional occidente',
  'S_C_ID' => '1',
  'S_CANTIDAD_ENCUESTAS' => '10',
  'S_ACTIVO' => '1',
  'S_LOGO' => '7',
  'S_MUESTRA_VIDEO' => '0',
) 
2014-09-25 13:51:41 --> se va a extraer informacion del area  
2014-09-25 13:51:41 --> la informacion del area es array (
  'AR_ID' => '1',
  'AR_NOMBRE' => 'GERENCIA_DEL_SERVICIO',
  'AR_DESCRIPCION' => 'Cartas punto de venta Cartas de renuncia',
  'AR_C_ID' => '1',
  'AR_ACTIVO' => '1',
  'AR_ALIAS' => 'GS',
  'AR_MOSTRAR_NOMBRE_PANTALLA' => '0',
) 
2014-09-25 13:51:41 --> se va a crear el turno 
2014-09-25 13:51:41 --> se creo el turno 4 del area GS 

2014-09-25 14:22:52 --> get_areas 1 
2014-09-25 14:22:52 --> buscando areas del cliente 
2014-09-25 14:23:03 --> crear el consumidor 
2014-09-25 14:23:03 --> se creo el consumidor 18543 
2014-09-25 14:23:03 --> la informacion de la sede es array (
  'S_ID' => '2',
  'S_NOMBRE' => 'CENTRO',
  'S_DESCRIPCION' => 'Sede para atender los casos de la regional centro',
  'S_C_ID' => '1',
  'S_CANTIDAD_ENCUESTAS' => '10',
  'S_ACTIVO' => '1',
  'S_LOGO' => '7',
  'S_MUESTRA_VIDEO' => '0',
) 
2014-09-25 14:23:03 --> se va a extraer informacion del area  
2014-09-25 14:23:03 --> la informacion del area es array (
  'AR_ID' => '2',
  'AR_NOMBRE' => 'APORTES',
  'AR_DESCRIPCION' => 'Pensiones Incapacidades Cesantias Cartas FNA',
  'AR_C_ID' => '1',
  'AR_ACTIVO' => '1',
  'AR_ALIAS' => 'A',
  'AR_MOSTRAR_NOMBRE_PANTALLA' => '0',
) 
2014-09-25 14:23:03 --> se va a crear el turno 
2014-09-25 14:23:03 --> se creo el turno 5 del area A 

2014-09-25 14:24:53 --> get_areas 1 
2014-09-25 14:24:53 --> buscando areas del cliente 
2014-09-25 14:25:48 --> crear el consumidor 
2014-09-25 14:25:48 --> se creo el consumidor 18545 
2014-09-25 14:25:48 --> la informacion de la sede es array (
  'S_ID' => '4',
  'S_NOMBRE' => 'OCCIDENTE',
  'S_DESCRIPCION' => 'Sedle para atender los casos de la regional occidente',
  'S_C_ID' => '1',
  'S_CANTIDAD_ENCUESTAS' => '10',
  'S_ACTIVO' => '1',
  'S_LOGO' => '7',
  'S_MUESTRA_VIDEO' => '0',
) 
2014-09-25 14:25:48 --> se va a extraer informacion del area  
2014-09-25 14:25:48 --> la informacion del area es array (
  'AR_ID' => '1',
  'AR_NOMBRE' => 'GERENCIA_DEL_SERVICIO',
  'AR_DESCRIPCION' => 'Cartas punto de venta Cartas de renuncia',
  'AR_C_ID' => '1',
  'AR_ACTIVO' => '1',
  'AR_ALIAS' => 'GS',
  'AR_MOSTRAR_NOMBRE_PANTALLA' => '0',
) 
2014-09-25 14:25:48 --> se va a crear el turno 
2014-09-25 14:25:48 --> se creo el turno 5 del area GS 

2014-09-25 14:40:07 --> get_areas 1 
2014-09-25 14:40:07 --> buscando areas del cliente 
2014-09-25 14:40:25 --> crear el consumidor 
2014-09-25 14:40:25 --> se creo el consumidor 18559 
2014-09-25 14:40:25 --> la informacion de la sede es array (
  'S_ID' => '4',
  'S_NOMBRE' => 'OCCIDENTE',
  'S_DESCRIPCION' => 'Sedle para atender los casos de la regional occidente',
  'S_C_ID' => '1',
  'S_CANTIDAD_ENCUESTAS' => '10',
  'S_ACTIVO' => '1',
  'S_LOGO' => '7',
  'S_MUESTRA_VIDEO' => '0',
) 
2014-09-25 14:40:25 --> se va a extraer informacion del area  
2014-09-25 14:40:25 --> la informacion del area es array (
  'AR_ID' => '5',
  'AR_NOMBRE' => 'OTROS',
  'AR_DESCRIPCION' => 'Otros',
  'AR_C_ID' => '1',
  'AR_ACTIVO' => '1',
  'AR_ALIAS' => 'O',
  'AR_MOSTRAR_NOMBRE_PANTALLA' => '0',
) 
2014-09-25 14:40:25 --> se va a crear el turno 
2014-09-25 14:40:25 --> se creo el turno 7 del area O 

2014-09-25 14:44:29 --> get_areas 1 
2014-09-25 14:44:29 --> buscando areas del cliente 
2014-09-25 14:44:45 --> crear el consumidor 
2014-09-25 14:44:45 --> se creo el consumidor 18560 
2014-09-25 14:44:45 --> la informacion de la sede es array (
  'S_ID' => '4',
  'S_NOMBRE' => 'OCCIDENTE',
  'S_DESCRIPCION' => 'Sedle para atender los casos de la regional occidente',
  'S_C_ID' => '1',
  'S_CANTIDAD_ENCUESTAS' => '10',
  'S_ACTIVO' => '1',
  'S_LOGO' => '7',
  'S_MUESTRA_VIDEO' => '0',
) 
2014-09-25 14:44:45 --> se va a extraer informacion del area  
2014-09-25 14:44:45 --> la informacion del area es array (
  'AR_ID' => '5',
  'AR_NOMBRE' => 'OTROS',
  'AR_DESCRIPCION' => 'Otros',
  'AR_C_ID' => '1',
  'AR_ACTIVO' => '1',
  'AR_ALIAS' => 'O',
  'AR_MOSTRAR_NOMBRE_PANTALLA' => '0',
) 
2014-09-25 14:44:45 --> se va a crear el turno 
2014-09-25 14:44:45 --> se creo el turno 8 del area O 

2014-09-25 14:53:20 --> get_areas 1 
2014-09-25 14:53:20 --> buscando areas del cliente 
2014-09-25 14:53:32 --> crear el consumidor 
2014-09-25 14:53:35 --> se creo el consumidor 18570 
2014-09-25 14:53:35 --> la informacion de la sede es array (
  'S_ID' => '4',
  'S_NOMBRE' => 'OCCIDENTE',
  'S_DESCRIPCION' => 'Sedle para atender los casos de la regional occidente',
  'S_C_ID' => '1',
  'S_CANTIDAD_ENCUESTAS' => '10',
  'S_ACTIVO' => '1',
  'S_LOGO' => '7',
  'S_MUESTRA_VIDEO' => '0',
) 
2014-09-25 14:53:35 --> se va a extraer informacion del area  
2014-09-25 14:53:35 --> la informacion del area es array (
  'AR_ID' => '1',
  'AR_NOMBRE' => 'GERENCIA_DEL_SERVICIO',
  'AR_DESCRIPCION' => 'Cartas punto de venta Cartas de renuncia',
  'AR_C_ID' => '1',
  'AR_ACTIVO' => '1',
  'AR_ALIAS' => 'GS',
  'AR_MOSTRAR_NOMBRE_PANTALLA' => '0',
) 
2014-09-25 14:53:35 --> se va a crear el turno 
2014-09-25 14:53:35 --> se creo el turno 6 del area GS 

2014-09-25 14:55:20 --> get_areas 1 
2014-09-25 14:55:20 --> buscando areas del cliente 
2014-09-25 14:55:53 --> crear el consumidor 
2014-09-25 14:55:53 --> se creo el consumidor 18574 
2014-09-25 14:55:53 --> la informacion de la sede es array (
  'S_ID' => '4',
  'S_NOMBRE' => 'OCCIDENTE',
  'S_DESCRIPCION' => 'Sedle para atender los casos de la regional occidente',
  'S_C_ID' => '1',
  'S_CANTIDAD_ENCUESTAS' => '10',
  'S_ACTIVO' => '1',
  'S_LOGO' => '7',
  'S_MUESTRA_VIDEO' => '0',
) 
2014-09-25 14:55:53 --> se va a extraer informacion del area  
2014-09-25 14:55:53 --> la informacion del area es array (
  'AR_ID' => '5',
  'AR_NOMBRE' => 'OTROS',
  'AR_DESCRIPCION' => 'Otros',
  'AR_C_ID' => '1',
  'AR_ACTIVO' => '1',
  'AR_ALIAS' => 'O',
  'AR_MOSTRAR_NOMBRE_PANTALLA' => '0',
) 
2014-09-25 14:55:53 --> se va a crear el turno 
2014-09-25 14:55:53 --> se creo el turno 9 del area O 

2014-09-25 14:59:50 --> get_areas 1 
2014-09-25 14:59:50 --> buscando areas del cliente 
2014-09-25 15:00:13 --> crear el consumidor 
2014-09-25 15:00:14 --> se creo el consumidor 18577 
2014-09-25 15:00:14 --> la informacion de la sede es array (
  'S_ID' => '4',
  'S_NOMBRE' => 'OCCIDENTE',
  'S_DESCRIPCION' => 'Sedle para atender los casos de la regional occidente',
  'S_C_ID' => '1',
  'S_CANTIDAD_ENCUESTAS' => '10',
  'S_ACTIVO' => '1',
  'S_LOGO' => '7',
  'S_MUESTRA_VIDEO' => '0',
) 
2014-09-25 15:00:14 --> se va a extraer informacion del area  
2014-09-25 15:00:14 --> la informacion del area es array (
  'AR_ID' => '1',
  'AR_NOMBRE' => 'GERENCIA_DEL_SERVICIO',
  'AR_DESCRIPCION' => 'Cartas punto de venta Cartas de renuncia',
  'AR_C_ID' => '1',
  'AR_ACTIVO' => '1',
  'AR_ALIAS' => 'GS',
  'AR_MOSTRAR_NOMBRE_PANTALLA' => '0',
) 
2014-09-25 15:00:14 --> se va a crear el turno 
2014-09-25 15:00:14 --> se creo el turno 7 del area GS 

2014-09-25 15:07:26 --> get_areas 1 
2014-09-25 15:07:26 --> buscando areas del cliente 
2014-09-25 15:07:30 --> crear el consumidor 
2014-09-25 15:07:30 --> se creo el consumidor 18580 
2014-09-25 15:07:30 --> la informacion de la sede es array (
  'S_ID' => '4',
  'S_NOMBRE' => 'OCCIDENTE',
  'S_DESCRIPCION' => 'Sedle para atender los casos de la regional occidente',
  'S_C_ID' => '1',
  'S_CANTIDAD_ENCUESTAS' => '10',
  'S_ACTIVO' => '1',
  'S_LOGO' => '7',
  'S_MUESTRA_VIDEO' => '0',
) 
2014-09-25 15:07:30 --> se va a extraer informacion del area  
2014-09-25 15:07:30 --> la informacion del area es array (
  'AR_ID' => '1',
  'AR_NOMBRE' => 'GERENCIA_DEL_SERVICIO',
  'AR_DESCRIPCION' => 'Cartas punto de venta Cartas de renuncia',
  'AR_C_ID' => '1',
  'AR_ACTIVO' => '1',
  'AR_ALIAS' => 'GS',
  'AR_MOSTRAR_NOMBRE_PANTALLA' => '0',
) 
2014-09-25 15:07:30 --> se va a crear el turno 
2014-09-25 15:07:30 --> se creo el turno 8 del area GS 

2014-09-25 15:17:13 --> get_areas 1 
2014-09-25 15:17:13 --> buscando areas del cliente 
2014-09-25 15:17:30 --> crear el consumidor 
2014-09-25 15:17:30 --> se creo el consumidor 18592 
2014-09-25 15:17:30 --> la informacion de la sede es array (
  'S_ID' => '4',
  'S_NOMBRE' => 'OCCIDENTE',
  'S_DESCRIPCION' => 'Sedle para atender los casos de la regional occidente',
  'S_C_ID' => '1',
  'S_CANTIDAD_ENCUESTAS' => '10',
  'S_ACTIVO' => '1',
  'S_LOGO' => '7',
  'S_MUESTRA_VIDEO' => '0',
) 
2014-09-25 15:17:30 --> se va a extraer informacion del area  
2014-09-25 15:17:30 --> la informacion del area es array (
  'AR_ID' => '5',
  'AR_NOMBRE' => 'OTROS',
  'AR_DESCRIPCION' => 'Otros',
  'AR_C_ID' => '1',
  'AR_ACTIVO' => '1',
  'AR_ALIAS' => 'O',
  'AR_MOSTRAR_NOMBRE_PANTALLA' => '0',
) 
2014-09-25 15:17:30 --> se va a crear el turno 
2014-09-25 15:17:30 --> se creo el turno 10 del area O 

2014-09-25 16:28:08 --> get_areas 1 
2014-09-25 16:28:08 --> buscando areas del cliente 

2014-09-25 16:28:53 --> get_areas 1 
2014-09-25 16:28:53 --> buscando areas del cliente 
2014-09-25 16:29:06 --> crear el consumidor 
2014-09-25 16:29:06 --> se creo el consumidor 18647 
2014-09-25 16:29:06 --> la informacion de la sede es array (
  'S_ID' => '4',
  'S_NOMBRE' => 'OCCIDENTE',
  'S_DESCRIPCION' => 'Sedle para atender los casos de la regional occidente',
  'S_C_ID' => '1',
  'S_CANTIDAD_ENCUESTAS' => '10',
  'S_ACTIVO' => '1',
  'S_LOGO' => '7',
  'S_MUESTRA_VIDEO' => '0',
) 
2014-09-25 16:29:06 --> se va a extraer informacion del area  
2014-09-25 16:29:06 --> la informacion del area es array (
  'AR_ID' => '2',
  'AR_NOMBRE' => 'APORTES',
  'AR_DESCRIPCION' => 'Pensiones Incapacidades Cesantias Cartas FNA',
  'AR_C_ID' => '1',
  'AR_ACTIVO' => '1',
  'AR_ALIAS' => 'A',
  'AR_MOSTRAR_NOMBRE_PANTALLA' => '0',
) 
2014-09-25 16:29:06 --> se va a crear el turno 
2014-09-25 16:29:06 --> se creo el turno 11 del area A 

2014-09-25 16:30:51 --> get_areas 1 
2014-09-25 16:30:51 --> buscando areas del cliente 
2014-09-25 16:31:26 --> crear el consumidor 
2014-09-25 16:31:26 --> se creo el consumidor 18648 
2014-09-25 16:31:26 --> la informacion de la sede es array (
  'S_ID' => '4',
  'S_NOMBRE' => 'OCCIDENTE',
  'S_DESCRIPCION' => 'Sedle para atender los casos de la regional occidente',
  'S_C_ID' => '1',
  'S_CANTIDAD_ENCUESTAS' => '10',
  'S_ACTIVO' => '1',
  'S_LOGO' => '7',
  'S_MUESTRA_VIDEO' => '0',
) 
2014-09-25 16:31:26 --> se va a extraer informacion del area  
2014-09-25 16:31:26 --> la informacion del area es array (
  'AR_ID' => '5',
  'AR_NOMBRE' => 'OTROS',
  'AR_DESCRIPCION' => 'Otros',
  'AR_C_ID' => '1',
  'AR_ACTIVO' => '1',
  'AR_ALIAS' => 'O',
  'AR_MOSTRAR_NOMBRE_PANTALLA' => '0',
) 
2014-09-25 16:31:26 --> se va a crear el turno 
2014-09-25 16:31:26 --> se creo el turno 11 del area O 

2014-09-25 16:33:50 --> get_areas 1 
2014-09-25 16:33:50 --> buscando areas del cliente 
2014-09-25 16:34:06 --> crear el consumidor 
2014-09-25 16:34:06 --> se creo el consumidor 18649 
2014-09-25 16:34:06 --> la informacion de la sede es array (
  'S_ID' => '4',
  'S_NOMBRE' => 'OCCIDENTE',
  'S_DESCRIPCION' => 'Sedle para atender los casos de la regional occidente',
  'S_C_ID' => '1',
  'S_CANTIDAD_ENCUESTAS' => '10',
  'S_ACTIVO' => '1',
  'S_LOGO' => '7',
  'S_MUESTRA_VIDEO' => '0',
) 
2014-09-25 16:34:06 --> se va a extraer informacion del area  
2014-09-25 16:34:06 --> la informacion del area es array (
  'AR_ID' => '5',
  'AR_NOMBRE' => 'OTROS',
  'AR_DESCRIPCION' => 'Otros',
  'AR_C_ID' => '1',
  'AR_ACTIVO' => '1',
  'AR_ALIAS' => 'O',
  'AR_MOSTRAR_NOMBRE_PANTALLA' => '0',
) 
2014-09-25 16:34:06 --> se va a crear el turno 
2014-09-25 16:34:06 --> se creo el turno 12 del area O 

2014-09-25 16:35:31 --> get_areas 1 
2014-09-25 16:35:31 --> buscando areas del cliente 

2014-09-25 16:36:18 --> get_areas 1 
2014-09-25 16:36:18 --> buscando areas del cliente 
2014-09-25 16:36:31 --> crear el consumidor 
2014-09-25 16:36:31 --> se creo el consumidor 18650 
2014-09-25 16:36:31 --> la informacion de la sede es array (
  'S_ID' => '1',
  'S_NOMBRE' => 'ANTIOQUIA',
  'S_DESCRIPCION' => 'Sede para atender los casos de la regional antioquia',
  'S_C_ID' => '1',
  'S_CANTIDAD_ENCUESTAS' => '10',
  'S_ACTIVO' => '1',
  'S_LOGO' => '7',
  'S_MUESTRA_VIDEO' => '0',
) 
2014-09-25 16:36:31 --> se va a extraer informacion del area  
2014-09-25 16:36:31 --> la informacion del area es array (
  'AR_ID' => '8',
  'AR_NOMBRE' => 'COMPENSACION_SALARIAL',
  'AR_DESCRIPCION' => 'Informacion pago nomina y liquidaciones',
  'AR_C_ID' => '1',
  'AR_ACTIVO' => '1',
  'AR_ALIAS' => 'CS',
  'AR_MOSTRAR_NOMBRE_PANTALLA' => '0',
) 
2014-09-25 16:36:31 --> se va a crear el turno 
2014-09-25 16:36:31 --> se creo el turno 1 del area CS 

2014-09-25 16:37:38 --> get_areas 1 
2014-09-25 16:37:38 --> buscando areas del cliente 
2014-09-25 16:37:53 --> crear el consumidor 
2014-09-25 16:37:53 --> se creo el consumidor 18651 
2014-09-25 16:37:53 --> la informacion de la sede es array (
  'S_ID' => '1',
  'S_NOMBRE' => 'ANTIOQUIA',
  'S_DESCRIPCION' => 'Sede para atender los casos de la regional antioquia',
  'S_C_ID' => '1',
  'S_CANTIDAD_ENCUESTAS' => '10',
  'S_ACTIVO' => '1',
  'S_LOGO' => '7',
  'S_MUESTRA_VIDEO' => '0',
) 
2014-09-25 16:37:53 --> se va a extraer informacion del area  
2014-09-25 16:37:53 --> la informacion del area es array (
  'AR_ID' => '8',
  'AR_NOMBRE' => 'COMPENSACION_SALARIAL',
  'AR_DESCRIPCION' => 'Informacion pago nomina y liquidaciones',
  'AR_C_ID' => '1',
  'AR_ACTIVO' => '1',
  'AR_ALIAS' => 'CS',
  'AR_MOSTRAR_NOMBRE_PANTALLA' => '0',
) 
2014-09-25 16:37:53 --> se va a crear el turno 
2014-09-25 16:37:53 --> se creo el turno 2 del area CS 

2014-09-25 16:38:57 --> get_areas 1 
2014-09-25 16:38:57 --> buscando areas del cliente 
2014-09-25 16:39:11 --> crear el consumidor 
2014-09-25 16:39:11 --> se creo el consumidor 18653 
2014-09-25 16:39:11 --> la informacion de la sede es array (
  'S_ID' => '4',
  'S_NOMBRE' => 'OCCIDENTE',
  'S_DESCRIPCION' => 'Sedle para atender los casos de la regional occidente',
  'S_C_ID' => '1',
  'S_CANTIDAD_ENCUESTAS' => '10',
  'S_ACTIVO' => '1',
  'S_LOGO' => '7',
  'S_MUESTRA_VIDEO' => '0',
) 
2014-09-25 16:39:11 --> se va a extraer informacion del area  
2014-09-25 16:39:11 --> la informacion del area es array (
  'AR_ID' => '1',
  'AR_NOMBRE' => 'GERENCIA_DEL_SERVICIO',
  'AR_DESCRIPCION' => 'Cartas punto de venta Cartas de renuncia',
  'AR_C_ID' => '1',
  'AR_ACTIVO' => '1',
  'AR_ALIAS' => 'GS',
  'AR_MOSTRAR_NOMBRE_PANTALLA' => '0',
) 
2014-09-25 16:39:11 --> se va a crear el turno 
2014-09-25 16:39:11 --> se creo el turno 9 del area GS 

2014-09-25 16:43:37 --> get_areas 1 
2014-09-25 16:43:37 --> buscando areas del cliente 
2014-09-25 16:43:52 --> crear el consumidor 
2014-09-25 16:43:52 --> se creo el consumidor 18656 
2014-09-25 16:43:52 --> la informacion de la sede es array (
  'S_ID' => '4',
  'S_NOMBRE' => 'OCCIDENTE',
  'S_DESCRIPCION' => 'Sedle para atender los casos de la regional occidente',
  'S_C_ID' => '1',
  'S_CANTIDAD_ENCUESTAS' => '10',
  'S_ACTIVO' => '1',
  'S_LOGO' => '7',
  'S_MUESTRA_VIDEO' => '0',
) 
2014-09-25 16:43:52 --> se va a extraer informacion del area  
2014-09-25 16:43:52 --> la informacion del area es array (
  'AR_ID' => '3',
  'AR_NOMBRE' => 'SEGUIMIENTO_AL_SERVICIO',
  'AR_DESCRIPCION' => 'SQR certificados especiales claves portal web',
  'AR_C_ID' => '1',
  'AR_ACTIVO' => '1',
  'AR_ALIAS' => 'SAS',
  'AR_MOSTRAR_NOMBRE_PANTALLA' => '0',
) 
2014-09-25 16:43:52 --> se va a crear el turno 
2014-09-25 16:43:52 --> se creo el turno 4 del area SAS 

2014-09-25 16:58:15 --> get_areas 1 
2014-09-25 16:58:15 --> buscando areas del cliente 
2014-09-25 16:58:30 --> crear el consumidor 
2014-09-25 16:58:30 --> se creo el consumidor 18657 
2014-09-25 16:58:30 --> la informacion de la sede es array (
  'S_ID' => '4',
  'S_NOMBRE' => 'OCCIDENTE',
  'S_DESCRIPCION' => 'Sedle para atender los casos de la regional occidente',
  'S_C_ID' => '1',
  'S_CANTIDAD_ENCUESTAS' => '10',
  'S_ACTIVO' => '1',
  'S_LOGO' => '7',
  'S_MUESTRA_VIDEO' => '0',
) 
2014-09-25 16:58:30 --> se va a extraer informacion del area  
2014-09-25 16:58:30 --> la informacion del area es array (
  'AR_ID' => '5',
  'AR_NOMBRE' => 'OTROS',
  'AR_DESCRIPCION' => 'Otros',
  'AR_C_ID' => '1',
  'AR_ACTIVO' => '1',
  'AR_ALIAS' => 'O',
  'AR_MOSTRAR_NOMBRE_PANTALLA' => '0',
) 
2014-09-25 16:58:30 --> se va a crear el turno 
2014-09-25 16:58:30 --> se creo el turno 13 del area O 
