
2014-05-09 09:40:28 --> get_areas 1 

2014-05-09 09:40:28 --> buscando areas del cliente 

2014-05-09 09:40:28 --> encontro estas areas array (
  0 => 
  array (
    'id_area' => '1',
    'nombre_area' => 'GERENCIAMIENTO_DEL_SERVICIO',
  ),
  1 => 
  array (
    'id_area' => '2',
    'nombre_area' => 'ADMINISTRACION_DE_LA_SEGURIDAD_SOCIAL_Y_PARAFISCALES',
  ),
  2 => 
  array (
    'id_area' => '3',
    'nombre_area' => 'SEGUIMIENTO_AL_SERVICIO',
  ),
  3 => 
  array (
    'id_area' => '4',
    'nombre_area' => 'SELECCION_Y_VINCULACION',
  ),
  4 => 
  array (
    'id_area' => '5',
    'nombre_area' => 'OTROS',
  ),
  5 => 
  array (
    'id_area' => '7',
    'nombre_area' => 'VARIOS_REQUERIMIENTOS',
  ),
  6 => 
  array (
    'id_area' => '8',
    'nombre_area' => 'COMPENSACION_SALARIAL',
  ),
) 

2014-05-09 09:40:28 --> salida array (
  0 => 
  array (
    'id_area' => '1',
    'nombre_area' => 'GERENCIAMIENTO_DEL_SERVICIO',
  ),
  1 => 
  array (
    'id_area' => '2',
    'nombre_area' => 'ADMINISTRACION_DE_LA_SEGURIDAD_SOCIAL_Y_PARAFISCALES',
  ),
  2 => 
  array (
    'id_area' => '3',
    'nombre_area' => 'SEGUIMIENTO_AL_SERVICIO',
  ),
  3 => 
  array (
    'id_area' => '4',
    'nombre_area' => 'SELECCION_Y_VINCULACION',
  ),
  4 => 
  array (
    'id_area' => '5',
    'nombre_area' => 'OTROS',
  ),
  5 => 
  array (
    'id_area' => '7',
    'nombre_area' => 'VARIOS_REQUERIMIENTOS',
  ),
  6 => 
  array (
    'id_area' => '8',
    'nombre_area' => 'COMPENSACION_SALARIAL',
  ),
) 

2014-05-09 09:43:18 --> get_areas 1 

2014-05-09 09:43:18 --> buscando areas del cliente 

2014-05-09 09:43:18 --> encontro estas areas array (
  0 => 
  array (
    'id_area' => '1',
    'nombre_area' => 'GERENCIAMIENTO_DEL_SERVICIO',
  ),
  1 => 
  array (
    'id_area' => '2',
    'nombre_area' => 'ADMINISTRACION_DE_LA_SEGURIDAD_SOCIAL_Y_PARAFISCALES',
  ),
  2 => 
  array (
    'id_area' => '3',
    'nombre_area' => 'SEGUIMIENTO_AL_SERVICIO',
  ),
  3 => 
  array (
    'id_area' => '4',
    'nombre_area' => 'SELECCION_Y_VINCULACION',
  ),
  4 => 
  array (
    'id_area' => '5',
    'nombre_area' => 'OTROS',
  ),
  5 => 
  array (
    'id_area' => '7',
    'nombre_area' => 'VARIOS_REQUERIMIENTOS',
  ),
  6 => 
  array (
    'id_area' => '8',
    'nombre_area' => 'COMPENSACION_SALARIAL',
  ),
) 

2014-05-09 09:43:18 --> salida array (
  'status' => 'success',
  'error_descrip' => '',
  'datos' => 
  array (
    0 => 
    array (
      'id_area' => '1',
      'nombre_area' => 'GERENCIAMIENTO_DEL_SERVICIO',
    ),
    1 => 
    array (
      'id_area' => '2',
      'nombre_area' => 'ADMINISTRACION_DE_LA_SEGURIDAD_SOCIAL_Y_PARAFISCALES',
    ),
    2 => 
    array (
      'id_area' => '3',
      'nombre_area' => 'SEGUIMIENTO_AL_SERVICIO',
    ),
    3 => 
    array (
      'id_area' => '4',
      'nombre_area' => 'SELECCION_Y_VINCULACION',
    ),
    4 => 
    array (
      'id_area' => '5',
      'nombre_area' => 'OTROS',
    ),
    5 => 
    array (
      'id_area' => '7',
      'nombre_area' => 'VARIOS_REQUERIMIENTOS',
    ),
    6 => 
    array (
      'id_area' => '8',
      'nombre_area' => 'COMPENSACION_SALARIAL',
    ),
  ),
) 

2014-05-09 09:43:59 --> get_areas 1 

2014-05-09 09:43:59 --> buscando areas del cliente 

2014-05-09 09:43:59 --> encontro estas areas array (
  0 => 
  array (
    'id_area' => '1',
    'nombre_area' => 'GERENCIAMIENTO_DEL_SERVICIO',
  ),
  1 => 
  array (
    'id_area' => '2',
    'nombre_area' => 'ADMINISTRACION_DE_LA_SEGURIDAD_SOCIAL_Y_PARAFISCALES',
  ),
  2 => 
  array (
    'id_area' => '3',
    'nombre_area' => 'SEGUIMIENTO_AL_SERVICIO',
  ),
  3 => 
  array (
    'id_area' => '4',
    'nombre_area' => 'SELECCION_Y_VINCULACION',
  ),
  4 => 
  array (
    'id_area' => '5',
    'nombre_area' => 'OTROS',
  ),
  5 => 
  array (
    'id_area' => '7',
    'nombre_area' => 'VARIOS_REQUERIMIENTOS',
  ),
  6 => 
  array (
    'id_area' => '8',
    'nombre_area' => 'COMPENSACION_SALARIAL',
  ),
) 

2014-05-09 09:43:59 --> salida array (
  'status' => 'success',
  'error_descrip' => '',
  'datos' => 
  array (
    0 => 
    array (
      'id_area' => '1',
      'nombre_area' => 'GERENCIAMIENTO_DEL_SERVICIO',
    ),
    1 => 
    array (
      'id_area' => '2',
      'nombre_area' => 'ADMINISTRACION_DE_LA_SEGURIDAD_SOCIAL_Y_PARAFISCALES',
    ),
    2 => 
    array (
      'id_area' => '3',
      'nombre_area' => 'SEGUIMIENTO_AL_SERVICIO',
    ),
    3 => 
    array (
      'id_area' => '4',
      'nombre_area' => 'SELECCION_Y_VINCULACION',
    ),
    4 => 
    array (
      'id_area' => '5',
      'nombre_area' => 'OTROS',
    ),
    5 => 
    array (
      'id_area' => '7',
      'nombre_area' => 'VARIOS_REQUERIMIENTOS',
    ),
    6 => 
    array (
      'id_area' => '8',
      'nombre_area' => 'COMPENSACION_SALARIAL',
    ),
  ),
) 

2014-05-09 09:45:09 --> get_areas 1 

2014-05-09 09:45:09 --> buscando areas del cliente 

2014-05-09 09:45:09 --> encontro estas areas array (
  0 => 
  array (
    'id_area' => '1',
    'nombre_area' => 'GERENCIAMIENTO_DEL_SERVICIO',
  ),
  1 => 
  array (
    'id_area' => '2',
    'nombre_area' => 'ADMINISTRACION_DE_LA_SEGURIDAD_SOCIAL_Y_PARAFISCALES',
  ),
  2 => 
  array (
    'id_area' => '3',
    'nombre_area' => 'SEGUIMIENTO_AL_SERVICIO',
  ),
  3 => 
  array (
    'id_area' => '4',
    'nombre_area' => 'SELECCION_Y_VINCULACION',
  ),
  4 => 
  array (
    'id_area' => '5',
    'nombre_area' => 'OTROS',
  ),
  5 => 
  array (
    'id_area' => '7',
    'nombre_area' => 'VARIOS_REQUERIMIENTOS',
  ),
  6 => 
  array (
    'id_area' => '8',
    'nombre_area' => 'COMPENSACION_SALARIAL',
  ),
) 

2014-05-09 09:45:09 --> salida array (
  'status' => 'success',
  'error_descrip' => '',
  'datos' => 
  array (
    0 => 
    array (
      'id_area' => '1',
      'nombre_area' => 'GERENCIAMIENTO_DEL_SERVICIO',
    ),
    1 => 
    array (
      'id_area' => '2',
      'nombre_area' => 'ADMINISTRACION_DE_LA_SEGURIDAD_SOCIAL_Y_PARAFISCALES',
    ),
    2 => 
    array (
      'id_area' => '3',
      'nombre_area' => 'SEGUIMIENTO_AL_SERVICIO',
    ),
    3 => 
    array (
      'id_area' => '4',
      'nombre_area' => 'SELECCION_Y_VINCULACION',
    ),
    4 => 
    array (
      'id_area' => '5',
      'nombre_area' => 'OTROS',
    ),
    5 => 
    array (
      'id_area' => '7',
      'nombre_area' => 'VARIOS_REQUERIMIENTOS',
    ),
    6 => 
    array (
      'id_area' => '8',
      'nombre_area' => 'COMPENSACION_SALARIAL',
    ),
  ),
) 

2014-05-09 09:46:36 --> get_areas 1 

2014-05-09 09:46:36 --> buscando areas del cliente 

2014-05-09 09:46:36 --> encontro estas areas array (
  0 => 
  array (
    'id_area' => '1',
    'nombre_area' => 'GERENCIAMIENTO_DEL_SERVICIO',
  ),
  1 => 
  array (
    'id_area' => '2',
    'nombre_area' => 'ADMINISTRACION_DE_LA_SEGURIDAD_SOCIAL_Y_PARAFISCALES',
  ),
  2 => 
  array (
    'id_area' => '3',
    'nombre_area' => 'SEGUIMIENTO_AL_SERVICIO',
  ),
  3 => 
  array (
    'id_area' => '4',
    'nombre_area' => 'SELECCION_Y_VINCULACION',
  ),
  4 => 
  array (
    'id_area' => '5',
    'nombre_area' => 'OTROS',
  ),
  5 => 
  array (
    'id_area' => '7',
    'nombre_area' => 'VARIOS_REQUERIMIENTOS',
  ),
  6 => 
  array (
    'id_area' => '8',
    'nombre_area' => 'COMPENSACION_SALARIAL',
  ),
) 

2014-05-09 09:46:36 --> salida array (
  'status' => 'success',
  'error_descrip' => '',
  'datos' => 
  array (
    0 => 
    array (
      'id_area' => '1',
      'nombre_area' => 'GERENCIAMIENTO_DEL_SERVICIO',
    ),
    1 => 
    array (
      'id_area' => '2',
      'nombre_area' => 'ADMINISTRACION_DE_LA_SEGURIDAD_SOCIAL_Y_PARAFISCALES',
    ),
    2 => 
    array (
      'id_area' => '3',
      'nombre_area' => 'SEGUIMIENTO_AL_SERVICIO',
    ),
    3 => 
    array (
      'id_area' => '4',
      'nombre_area' => 'SELECCION_Y_VINCULACION',
    ),
    4 => 
    array (
      'id_area' => '5',
      'nombre_area' => 'OTROS',
    ),
    5 => 
    array (
      'id_area' => '7',
      'nombre_area' => 'VARIOS_REQUERIMIENTOS',
    ),
    6 => 
    array (
      'id_area' => '8',
      'nombre_area' => 'COMPENSACION_SALARIAL',
    ),
  ),
) 

2014-05-09 11:13:49 --> get_areas 1 

2014-05-09 11:13:49 --> buscando areas del cliente 

2014-05-09 11:13:49 --> encontro estas areas array (
  0 => 
  array (
    'id_area' => '1',
    'nombre_area' => 'GERENCIAMIENTO_DEL_SERVICIO',
  ),
  1 => 
  array (
    'id_area' => '2',
    'nombre_area' => 'ADMINISTRACION_DE_LA_SEGURIDAD_SOCIAL_Y_PARAFISCALES',
  ),
  2 => 
  array (
    'id_area' => '3',
    'nombre_area' => 'SEGUIMIENTO_AL_SERVICIO',
  ),
  3 => 
  array (
    'id_area' => '4',
    'nombre_area' => 'SELECCION_Y_VINCULACION',
  ),
  4 => 
  array (
    'id_area' => '5',
    'nombre_area' => 'OTROS',
  ),
  5 => 
  array (
    'id_area' => '7',
    'nombre_area' => 'VARIOS_REQUERIMIENTOS',
  ),
  6 => 
  array (
    'id_area' => '8',
    'nombre_area' => 'COMPENSACION_SALARIAL',
  ),
) 

2014-05-09 11:13:49 --> salida array (
  'status' => 'success',
  'error_descrip' => '',
  'datos' => 
  array (
    0 => 
    array (
      'id_area' => '1',
      'nombre_area' => 'GERENCIAMIENTO_DEL_SERVICIO',
    ),
    1 => 
    array (
      'id_area' => '2',
      'nombre_area' => 'ADMINISTRACION_DE_LA_SEGURIDAD_SOCIAL_Y_PARAFISCALES',
    ),
    2 => 
    array (
      'id_area' => '3',
      'nombre_area' => 'SEGUIMIENTO_AL_SERVICIO',
    ),
    3 => 
    array (
      'id_area' => '4',
      'nombre_area' => 'SELECCION_Y_VINCULACION',
    ),
    4 => 
    array (
      'id_area' => '5',
      'nombre_area' => 'OTROS',
    ),
    5 => 
    array (
      'id_area' => '7',
      'nombre_area' => 'VARIOS_REQUERIMIENTOS',
    ),
    6 => 
    array (
      'id_area' => '8',
      'nombre_area' => 'COMPENSACION_SALARIAL',
    ),
  ),
) 

2014-05-09 11:17:10 --> get_areas 1 

2014-05-09 11:17:10 --> buscando areas del cliente 

2014-05-09 11:17:10 --> encontro estas areas array (
  0 => 
  array (
    'id_area' => '1',
    'nombre_area' => 'GERENCIAMIENTO_DEL_SERVICIO',
  ),
  1 => 
  array (
    'id_area' => '2',
    'nombre_area' => 'ADMINISTRACION_DE_LA_SEGURIDAD_SOCIAL_Y_PARAFISCALES',
  ),
  2 => 
  array (
    'id_area' => '3',
    'nombre_area' => 'SEGUIMIENTO_AL_SERVICIO',
  ),
  3 => 
  array (
    'id_area' => '4',
    'nombre_area' => 'SELECCION_Y_VINCULACION',
  ),
  4 => 
  array (
    'id_area' => '5',
    'nombre_area' => 'OTROS',
  ),
  5 => 
  array (
    'id_area' => '7',
    'nombre_area' => 'VARIOS_REQUERIMIENTOS',
  ),
  6 => 
  array (
    'id_area' => '8',
    'nombre_area' => 'COMPENSACION_SALARIAL',
  ),
) 

2014-05-09 11:17:10 --> salida array (
  'status' => 'success',
  'error_descrip' => '',
  'datos' => 
  array (
    0 => 
    array (
      'id_area' => '1',
      'nombre_area' => 'GERENCIAMIENTO_DEL_SERVICIO',
    ),
    1 => 
    array (
      'id_area' => '2',
      'nombre_area' => 'ADMINISTRACION_DE_LA_SEGURIDAD_SOCIAL_Y_PARAFISCALES',
    ),
    2 => 
    array (
      'id_area' => '3',
      'nombre_area' => 'SEGUIMIENTO_AL_SERVICIO',
    ),
    3 => 
    array (
      'id_area' => '4',
      'nombre_area' => 'SELECCION_Y_VINCULACION',
    ),
    4 => 
    array (
      'id_area' => '5',
      'nombre_area' => 'OTROS',
    ),
    5 => 
    array (
      'id_area' => '7',
      'nombre_area' => 'VARIOS_REQUERIMIENTOS',
    ),
    6 => 
    array (
      'id_area' => '8',
      'nombre_area' => 'COMPENSACION_SALARIAL',
    ),
  ),
) 

2014-05-09 11:19:08 --> get_areas 1 

2014-05-09 11:19:08 --> buscando areas del cliente 

2014-05-09 11:19:08 --> encontro estas areas array (
  0 => 
  array (
    'id_area' => '1',
    'nombre_area' => 'GERENCIAMIENTO_DEL_SERVICIO',
  ),
  1 => 
  array (
    'id_area' => '2',
    'nombre_area' => 'ADMINISTRACION_DE_LA_SEGURIDAD_SOCIAL_Y_PARAFISCALES',
  ),
  2 => 
  array (
    'id_area' => '3',
    'nombre_area' => 'SEGUIMIENTO_AL_SERVICIO',
  ),
  3 => 
  array (
    'id_area' => '4',
    'nombre_area' => 'SELECCION_Y_VINCULACION',
  ),
  4 => 
  array (
    'id_area' => '5',
    'nombre_area' => 'OTROS',
  ),
  5 => 
  array (
    'id_area' => '7',
    'nombre_area' => 'VARIOS_REQUERIMIENTOS',
  ),
  6 => 
  array (
    'id_area' => '8',
    'nombre_area' => 'COMPENSACION_SALARIAL',
  ),
) 

2014-05-09 11:19:08 --> salida array (
  'status' => 'success',
  'error_descrip' => '',
  'datos' => 
  array (
    0 => 
    array (
      'id_area' => '1',
      'nombre_area' => 'GERENCIAMIENTO_DEL_SERVICIO',
    ),
    1 => 
    array (
      'id_area' => '2',
      'nombre_area' => 'ADMINISTRACION_DE_LA_SEGURIDAD_SOCIAL_Y_PARAFISCALES',
    ),
    2 => 
    array (
      'id_area' => '3',
      'nombre_area' => 'SEGUIMIENTO_AL_SERVICIO',
    ),
    3 => 
    array (
      'id_area' => '4',
      'nombre_area' => 'SELECCION_Y_VINCULACION',
    ),
    4 => 
    array (
      'id_area' => '5',
      'nombre_area' => 'OTROS',
    ),
    5 => 
    array (
      'id_area' => '7',
      'nombre_area' => 'VARIOS_REQUERIMIENTOS',
    ),
    6 => 
    array (
      'id_area' => '8',
      'nombre_area' => 'COMPENSACION_SALARIAL',
    ),
  ),
) 

2014-05-09 11:25:55 --> get_areas 1 
2014-05-09 11:25:55 --> buscando areas del cliente 
2014-05-09 11:25:55 --> encontro estas areas array (
  0 => 
  array (
    'id_area' => '1',
    'nombre_area' => 'GERENCIAMIENTO_DEL_SERVICIO',
  ),
  1 => 
  array (
    'id_area' => '2',
    'nombre_area' => 'ADMINISTRACION_DE_LA_SEGURIDAD_SOCIAL_Y_PARAFISCALES',
  ),
  2 => 
  array (
    'id_area' => '3',
    'nombre_area' => 'SEGUIMIENTO_AL_SERVICIO',
  ),
  3 => 
  array (
    'id_area' => '4',
    'nombre_area' => 'SELECCION_Y_VINCULACION',
  ),
  4 => 
  array (
    'id_area' => '5',
    'nombre_area' => 'OTROS',
  ),
  5 => 
  array (
    'id_area' => '7',
    'nombre_area' => 'VARIOS_REQUERIMIENTOS',
  ),
  6 => 
  array (
    'id_area' => '8',
    'nombre_area' => 'COMPENSACION_SALARIAL',
  ),
) 
2014-05-09 11:25:55 --> salida array (
  'status' => 'success',
  'error_descrip' => '',
  'datos' => 
  array (
    0 => 
    array (
      'id_area' => '1',
      'nombre_area' => 'GERENCIAMIENTO_DEL_SERVICIO',
    ),
    1 => 
    array (
      'id_area' => '2',
      'nombre_area' => 'ADMINISTRACION_DE_LA_SEGURIDAD_SOCIAL_Y_PARAFISCALES',
    ),
    2 => 
    array (
      'id_area' => '3',
      'nombre_area' => 'SEGUIMIENTO_AL_SERVICIO',
    ),
    3 => 
    array (
      'id_area' => '4',
      'nombre_area' => 'SELECCION_Y_VINCULACION',
    ),
    4 => 
    array (
      'id_area' => '5',
      'nombre_area' => 'OTROS',
    ),
    5 => 
    array (
      'id_area' => '7',
      'nombre_area' => 'VARIOS_REQUERIMIENTOS',
    ),
    6 => 
    array (
      'id_area' => '8',
      'nombre_area' => 'COMPENSACION_SALARIAL',
    ),
  ),
) 

2014-05-09 11:36:35 --> get_areas 1 
2014-05-09 11:36:35 --> buscando areas del cliente 
2014-05-09 11:36:35 --> encontro estas areas array (
  0 => 
  array (
    'id_area' => '1',
    'nombre_area' => 'GERENCIAMIENTO_DEL_SERVICIO',
  ),
  1 => 
  array (
    'id_area' => '2',
    'nombre_area' => 'ADMINISTRACION_DE_LA_SEGURIDAD_SOCIAL_Y_PARAFISCALES',
  ),
  2 => 
  array (
    'id_area' => '3',
    'nombre_area' => 'SEGUIMIENTO_AL_SERVICIO',
  ),
  3 => 
  array (
    'id_area' => '4',
    'nombre_area' => 'SELECCION_Y_VINCULACION',
  ),
  4 => 
  array (
    'id_area' => '5',
    'nombre_area' => 'OTROS',
  ),
  5 => 
  array (
    'id_area' => '7',
    'nombre_area' => 'VARIOS_REQUERIMIENTOS',
  ),
  6 => 
  array (
    'id_area' => '8',
    'nombre_area' => 'COMPENSACION_SALARIAL',
  ),
) 
2014-05-09 11:36:35 --> salida array (
  'status' => 'success',
  'error_descrip' => '',
  'datos' => 
  array (
    0 => 
    array (
      'id_area' => '1',
      'nombre_area' => 'GERENCIAMIENTO_DEL_SERVICIO',
    ),
    1 => 
    array (
      'id_area' => '2',
      'nombre_area' => 'ADMINISTRACION_DE_LA_SEGURIDAD_SOCIAL_Y_PARAFISCALES',
    ),
    2 => 
    array (
      'id_area' => '3',
      'nombre_area' => 'SEGUIMIENTO_AL_SERVICIO',
    ),
    3 => 
    array (
      'id_area' => '4',
      'nombre_area' => 'SELECCION_Y_VINCULACION',
    ),
    4 => 
    array (
      'id_area' => '5',
      'nombre_area' => 'OTROS',
    ),
    5 => 
    array (
      'id_area' => '7',
      'nombre_area' => 'VARIOS_REQUERIMIENTOS',
    ),
    6 => 
    array (
      'id_area' => '8',
      'nombre_area' => 'COMPENSACION_SALARIAL',
    ),
  ),
) 

2014-05-09 11:37:42 --> get_areas 1 
2014-05-09 11:37:42 --> buscando areas del cliente 
2014-05-09 11:37:42 --> encontro estas areas array (
  0 => 
  array (
    'id_area' => '1',
    'nombre_area' => 'GERENCIAMIENTO_DEL_SERVICIO',
  ),
  1 => 
  array (
    'id_area' => '2',
    'nombre_area' => 'ADMINISTRACION_DE_LA_SEGURIDAD_SOCIAL_Y_PARAFISCALES',
  ),
  2 => 
  array (
    'id_area' => '3',
    'nombre_area' => 'SEGUIMIENTO_AL_SERVICIO',
  ),
  3 => 
  array (
    'id_area' => '4',
    'nombre_area' => 'SELECCION_Y_VINCULACION',
  ),
  4 => 
  array (
    'id_area' => '5',
    'nombre_area' => 'OTROS',
  ),
  5 => 
  array (
    'id_area' => '7',
    'nombre_area' => 'VARIOS_REQUERIMIENTOS',
  ),
  6 => 
  array (
    'id_area' => '8',
    'nombre_area' => 'COMPENSACION_SALARIAL',
  ),
) 
2014-05-09 11:37:42 --> salida array (
  'status' => 'success',
  'error_descrip' => '',
  'datos' => 
  array (
    0 => 
    array (
      'id_area' => '1',
      'nombre_area' => 'GERENCIAMIENTO_DEL_SERVICIO',
    ),
    1 => 
    array (
      'id_area' => '2',
      'nombre_area' => 'ADMINISTRACION_DE_LA_SEGURIDAD_SOCIAL_Y_PARAFISCALES',
    ),
    2 => 
    array (
      'id_area' => '3',
      'nombre_area' => 'SEGUIMIENTO_AL_SERVICIO',
    ),
    3 => 
    array (
      'id_area' => '4',
      'nombre_area' => 'SELECCION_Y_VINCULACION',
    ),
    4 => 
    array (
      'id_area' => '5',
      'nombre_area' => 'OTROS',
    ),
    5 => 
    array (
      'id_area' => '7',
      'nombre_area' => 'VARIOS_REQUERIMIENTOS',
    ),
    6 => 
    array (
      'id_area' => '8',
      'nombre_area' => 'COMPENSACION_SALARIAL',
    ),
  ),
) 

2014-05-09 11:47:20 --> get_areas 1 
2014-05-09 11:47:20 --> buscando areas del cliente 
2014-05-09 11:47:20 --> encontro estas areas array (
  0 => 
  array (
    'id_area' => '1',
    'nombre_area' => 'GERENCIAMIENTO_DEL_SERVICIO',
  ),
  1 => 
  array (
    'id_area' => '2',
    'nombre_area' => 'ADMINISTRACION_DE_LA_SEGURIDAD_SOCIAL_Y_PARAFISCALES',
  ),
  2 => 
  array (
    'id_area' => '3',
    'nombre_area' => 'SEGUIMIENTO_AL_SERVICIO',
  ),
  3 => 
  array (
    'id_area' => '4',
    'nombre_area' => 'SELECCION_Y_VINCULACION',
  ),
  4 => 
  array (
    'id_area' => '5',
    'nombre_area' => 'OTROS',
  ),
  5 => 
  array (
    'id_area' => '7',
    'nombre_area' => 'VARIOS_REQUERIMIENTOS',
  ),
  6 => 
  array (
    'id_area' => '8',
    'nombre_area' => 'COMPENSACION_SALARIAL',
  ),
) 
2014-05-09 11:47:20 --> salida array (
  'status' => 'success',
  'error_descrip' => '',
  'datos' => 
  array (
    0 => 
    array (
      'id_area' => '1',
      'nombre_area' => 'GERENCIAMIENTO_DEL_SERVICIO',
    ),
    1 => 
    array (
      'id_area' => '2',
      'nombre_area' => 'ADMINISTRACION_DE_LA_SEGURIDAD_SOCIAL_Y_PARAFISCALES',
    ),
    2 => 
    array (
      'id_area' => '3',
      'nombre_area' => 'SEGUIMIENTO_AL_SERVICIO',
    ),
    3 => 
    array (
      'id_area' => '4',
      'nombre_area' => 'SELECCION_Y_VINCULACION',
    ),
    4 => 
    array (
      'id_area' => '5',
      'nombre_area' => 'OTROS',
    ),
    5 => 
    array (
      'id_area' => '7',
      'nombre_area' => 'VARIOS_REQUERIMIENTOS',
    ),
    6 => 
    array (
      'id_area' => '8',
      'nombre_area' => 'COMPENSACION_SALARIAL',
    ),
  ),
) 

2014-05-09 11:57:22 --> get_areas 1 
2014-05-09 11:57:22 --> buscando areas del cliente 
2014-05-09 11:57:22 --> encontro estas areas array (
  0 => 
  array (
    'id_area' => '1',
    'nombre_area' => 'GERENCIAMIENTO_DEL_SERVICIO',
  ),
  1 => 
  array (
    'id_area' => '2',
    'nombre_area' => 'ADMINISTRACION_DE_LA_SEGURIDAD_SOCIAL_Y_PARAFISCALES',
  ),
  2 => 
  array (
    'id_area' => '3',
    'nombre_area' => 'SEGUIMIENTO_AL_SERVICIO',
  ),
  3 => 
  array (
    'id_area' => '4',
    'nombre_area' => 'SELECCION_Y_VINCULACION',
  ),
  4 => 
  array (
    'id_area' => '5',
    'nombre_area' => 'OTROS',
  ),
  5 => 
  array (
    'id_area' => '7',
    'nombre_area' => 'VARIOS_REQUERIMIENTOS',
  ),
  6 => 
  array (
    'id_area' => '8',
    'nombre_area' => 'COMPENSACION_SALARIAL',
  ),
) 
2014-05-09 11:57:22 --> salida array (
  'status' => 'success',
  'error_descrip' => '',
  'datos' => 
  array (
    0 => 
    array (
      'id_area' => '1',
      'nombre_area' => 'GERENCIAMIENTO_DEL_SERVICIO',
    ),
    1 => 
    array (
      'id_area' => '2',
      'nombre_area' => 'ADMINISTRACION_DE_LA_SEGURIDAD_SOCIAL_Y_PARAFISCALES',
    ),
    2 => 
    array (
      'id_area' => '3',
      'nombre_area' => 'SEGUIMIENTO_AL_SERVICIO',
    ),
    3 => 
    array (
      'id_area' => '4',
      'nombre_area' => 'SELECCION_Y_VINCULACION',
    ),
    4 => 
    array (
      'id_area' => '5',
      'nombre_area' => 'OTROS',
    ),
    5 => 
    array (
      'id_area' => '7',
      'nombre_area' => 'VARIOS_REQUERIMIENTOS',
    ),
    6 => 
    array (
      'id_area' => '8',
      'nombre_area' => 'COMPENSACION_SALARIAL',
    ),
  ),
) 

2014-05-09 12:13:22 --> get_areas 1 
2014-05-09 12:13:22 --> buscando areas del cliente 
2014-05-09 12:13:22 --> encontro estas areas array (
  0 => 
  array (
    'id_area' => '1',
    'nombre_area' => 'GERENCIAMIENTO_DEL_SERVICIO',
  ),
  1 => 
  array (
    'id_area' => '2',
    'nombre_area' => 'ADMINISTRACION_DE_LA_SEGURIDAD_SOCIAL_Y_PARAFISCALES',
  ),
  2 => 
  array (
    'id_area' => '3',
    'nombre_area' => 'SEGUIMIENTO_AL_SERVICIO',
  ),
  3 => 
  array (
    'id_area' => '4',
    'nombre_area' => 'SELECCION_Y_VINCULACION',
  ),
  4 => 
  array (
    'id_area' => '5',
    'nombre_area' => 'OTROS',
  ),
  5 => 
  array (
    'id_area' => '7',
    'nombre_area' => 'VARIOS_REQUERIMIENTOS',
  ),
  6 => 
  array (
    'id_area' => '8',
    'nombre_area' => 'COMPENSACION_SALARIAL',
  ),
) 
2014-05-09 12:13:22 --> salida array (
  'status' => 'success',
  'error_descrip' => '',
  'datos' => 
  array (
    0 => 
    array (
      'id_area' => '1',
      'nombre_area' => 'GERENCIAMIENTO_DEL_SERVICIO',
    ),
    1 => 
    array (
      'id_area' => '2',
      'nombre_area' => 'ADMINISTRACION_DE_LA_SEGURIDAD_SOCIAL_Y_PARAFISCALES',
    ),
    2 => 
    array (
      'id_area' => '3',
      'nombre_area' => 'SEGUIMIENTO_AL_SERVICIO',
    ),
    3 => 
    array (
      'id_area' => '4',
      'nombre_area' => 'SELECCION_Y_VINCULACION',
    ),
    4 => 
    array (
      'id_area' => '5',
      'nombre_area' => 'OTROS',
    ),
    5 => 
    array (
      'id_area' => '7',
      'nombre_area' => 'VARIOS_REQUERIMIENTOS',
    ),
    6 => 
    array (
      'id_area' => '8',
      'nombre_area' => 'COMPENSACION_SALARIAL',
    ),
  ),
) 

2014-05-09 12:18:50 --> get_areas 1 
2014-05-09 12:18:50 --> buscando areas del cliente 
2014-05-09 12:18:50 --> encontro estas areas array (
  0 => 
  array (
    'id_area' => '1',
    'nombre_area' => 'GERENCIAMIENTO_DEL_SERVICIO',
  ),
  1 => 
  array (
    'id_area' => '2',
    'nombre_area' => 'ADMINISTRACION_DE_LA_SEGURIDAD_SOCIAL_Y_PARAFISCALES',
  ),
  2 => 
  array (
    'id_area' => '3',
    'nombre_area' => 'SEGUIMIENTO_AL_SERVICIO',
  ),
  3 => 
  array (
    'id_area' => '4',
    'nombre_area' => 'SELECCION_Y_VINCULACION',
  ),
  4 => 
  array (
    'id_area' => '5',
    'nombre_area' => 'OTROS',
  ),
  5 => 
  array (
    'id_area' => '7',
    'nombre_area' => 'VARIOS_REQUERIMIENTOS',
  ),
  6 => 
  array (
    'id_area' => '8',
    'nombre_area' => 'COMPENSACION_SALARIAL',
  ),
) 
2014-05-09 12:18:50 --> salida array (
  'status' => 'success',
  'error_descrip' => '',
  'datos' => 
  array (
    0 => 
    array (
      'id_area' => '1',
      'nombre_area' => 'GERENCIAMIENTO_DEL_SERVICIO',
    ),
    1 => 
    array (
      'id_area' => '2',
      'nombre_area' => 'ADMINISTRACION_DE_LA_SEGURIDAD_SOCIAL_Y_PARAFISCALES',
    ),
    2 => 
    array (
      'id_area' => '3',
      'nombre_area' => 'SEGUIMIENTO_AL_SERVICIO',
    ),
    3 => 
    array (
      'id_area' => '4',
      'nombre_area' => 'SELECCION_Y_VINCULACION',
    ),
    4 => 
    array (
      'id_area' => '5',
      'nombre_area' => 'OTROS',
    ),
    5 => 
    array (
      'id_area' => '7',
      'nombre_area' => 'VARIOS_REQUERIMIENTOS',
    ),
    6 => 
    array (
      'id_area' => '8',
      'nombre_area' => 'COMPENSACION_SALARIAL',
    ),
  ),
) 

2014-05-09 12:20:59 --> get_areas 1 
2014-05-09 12:20:59 --> buscando areas del cliente 
2014-05-09 12:20:59 --> encontro estas areas array (
  0 => 
  array (
    'id_area' => '1',
    'nombre_area' => 'GERENCIAMIENTO_DEL_SERVICIO',
  ),
  1 => 
  array (
    'id_area' => '2',
    'nombre_area' => 'ADMINISTRACION_DE_LA_SEGURIDAD_SOCIAL_Y_PARAFISCALES',
  ),
  2 => 
  array (
    'id_area' => '3',
    'nombre_area' => 'SEGUIMIENTO_AL_SERVICIO',
  ),
  3 => 
  array (
    'id_area' => '4',
    'nombre_area' => 'SELECCION_Y_VINCULACION',
  ),
  4 => 
  array (
    'id_area' => '5',
    'nombre_area' => 'OTROS',
  ),
  5 => 
  array (
    'id_area' => '7',
    'nombre_area' => 'VARIOS_REQUERIMIENTOS',
  ),
  6 => 
  array (
    'id_area' => '8',
    'nombre_area' => 'COMPENSACION_SALARIAL',
  ),
) 
2014-05-09 12:20:59 --> salida array (
  'status' => 'success',
  'error_descrip' => '',
  'datos' => 
  array (
    0 => 
    array (
      'id_area' => '1',
      'nombre_area' => 'GERENCIAMIENTO_DEL_SERVICIO',
    ),
    1 => 
    array (
      'id_area' => '2',
      'nombre_area' => 'ADMINISTRACION_DE_LA_SEGURIDAD_SOCIAL_Y_PARAFISCALES',
    ),
    2 => 
    array (
      'id_area' => '3',
      'nombre_area' => 'SEGUIMIENTO_AL_SERVICIO',
    ),
    3 => 
    array (
      'id_area' => '4',
      'nombre_area' => 'SELECCION_Y_VINCULACION',
    ),
    4 => 
    array (
      'id_area' => '5',
      'nombre_area' => 'OTROS',
    ),
    5 => 
    array (
      'id_area' => '7',
      'nombre_area' => 'VARIOS_REQUERIMIENTOS',
    ),
    6 => 
    array (
      'id_area' => '8',
      'nombre_area' => 'COMPENSACION_SALARIAL',
    ),
  ),
) 

2014-05-09 12:21:05 --> crear_turno 1151947503, o0, , , , , , , , , , , ,  
2014-05-09 12:21:05 --> crear el consumidor 
2014-05-09 12:21:05 --> se creo el consumidor 0 
2014-05-09 12:21:05 --> se obtiene informacion de la sede  
2014-05-09 12:21:05 --> la informacion de la sede es array (
) 
2014-05-09 12:21:05 --> se va a estraer informacion del area  
2014-05-09 12:21:05 --> la informacion del area es array (
) 
2014-05-09 12:21:05 --> se va a crear el turno 
2014-05-09 12:21:05 --> se creo el turno 0 del area  

2014-05-09 12:21:44 --> get_areas 1 
2014-05-09 12:21:44 --> buscando areas del cliente 
2014-05-09 12:21:44 --> encontro estas areas array (
  0 => 
  array (
    'id_area' => '1',
    'nombre_area' => 'GERENCIAMIENTO_DEL_SERVICIO',
  ),
  1 => 
  array (
    'id_area' => '2',
    'nombre_area' => 'ADMINISTRACION_DE_LA_SEGURIDAD_SOCIAL_Y_PARAFISCALES',
  ),
  2 => 
  array (
    'id_area' => '3',
    'nombre_area' => 'SEGUIMIENTO_AL_SERVICIO',
  ),
  3 => 
  array (
    'id_area' => '4',
    'nombre_area' => 'SELECCION_Y_VINCULACION',
  ),
  4 => 
  array (
    'id_area' => '5',
    'nombre_area' => 'OTROS',
  ),
  5 => 
  array (
    'id_area' => '7',
    'nombre_area' => 'VARIOS_REQUERIMIENTOS',
  ),
  6 => 
  array (
    'id_area' => '8',
    'nombre_area' => 'COMPENSACION_SALARIAL',
  ),
) 
2014-05-09 12:21:44 --> salida array (
  'status' => 'success',
  'error_descrip' => '',
  'datos' => 
  array (
    0 => 
    array (
      'id_area' => '1',
      'nombre_area' => 'GERENCIAMIENTO_DEL_SERVICIO',
    ),
    1 => 
    array (
      'id_area' => '2',
      'nombre_area' => 'ADMINISTRACION_DE_LA_SEGURIDAD_SOCIAL_Y_PARAFISCALES',
    ),
    2 => 
    array (
      'id_area' => '3',
      'nombre_area' => 'SEGUIMIENTO_AL_SERVICIO',
    ),
    3 => 
    array (
      'id_area' => '4',
      'nombre_area' => 'SELECCION_Y_VINCULACION',
    ),
    4 => 
    array (
      'id_area' => '5',
      'nombre_area' => 'OTROS',
    ),
    5 => 
    array (
      'id_area' => '7',
      'nombre_area' => 'VARIOS_REQUERIMIENTOS',
    ),
    6 => 
    array (
      'id_area' => '8',
      'nombre_area' => 'COMPENSACION_SALARIAL',
    ),
  ),
) 

2014-05-09 12:21:51 --> crear_turno 1151947503, o0, , , , , , , , , , , ,  
2014-05-09 12:21:51 --> crear el consumidor 
2014-05-09 12:21:51 --> se creo el consumidor 0 
2014-05-09 12:21:51 --> se obtiene informacion de la sede  
2014-05-09 12:21:51 --> la informacion de la sede es array (
) 
2014-05-09 12:21:51 --> se va a estraer informacion del area  
2014-05-09 12:21:51 --> la informacion del area es array (
) 
2014-05-09 12:21:51 --> se va a crear el turno 
2014-05-09 12:21:51 --> se creo el turno 0 del area  

2014-05-09 12:22:00 --> get_areas 1 
2014-05-09 12:22:00 --> buscando areas del cliente 
2014-05-09 12:22:00 --> encontro estas areas array (
  0 => 
  array (
    'id_area' => '1',
    'nombre_area' => 'GERENCIAMIENTO_DEL_SERVICIO',
  ),
  1 => 
  array (
    'id_area' => '2',
    'nombre_area' => 'ADMINISTRACION_DE_LA_SEGURIDAD_SOCIAL_Y_PARAFISCALES',
  ),
  2 => 
  array (
    'id_area' => '3',
    'nombre_area' => 'SEGUIMIENTO_AL_SERVICIO',
  ),
  3 => 
  array (
    'id_area' => '4',
    'nombre_area' => 'SELECCION_Y_VINCULACION',
  ),
  4 => 
  array (
    'id_area' => '5',
    'nombre_area' => 'OTROS',
  ),
  5 => 
  array (
    'id_area' => '7',
    'nombre_area' => 'VARIOS_REQUERIMIENTOS',
  ),
  6 => 
  array (
    'id_area' => '8',
    'nombre_area' => 'COMPENSACION_SALARIAL',
  ),
) 
2014-05-09 12:22:00 --> salida array (
  'status' => 'success',
  'error_descrip' => '',
  'datos' => 
  array (
    0 => 
    array (
      'id_area' => '1',
      'nombre_area' => 'GERENCIAMIENTO_DEL_SERVICIO',
    ),
    1 => 
    array (
      'id_area' => '2',
      'nombre_area' => 'ADMINISTRACION_DE_LA_SEGURIDAD_SOCIAL_Y_PARAFISCALES',
    ),
    2 => 
    array (
      'id_area' => '3',
      'nombre_area' => 'SEGUIMIENTO_AL_SERVICIO',
    ),
    3 => 
    array (
      'id_area' => '4',
      'nombre_area' => 'SELECCION_Y_VINCULACION',
    ),
    4 => 
    array (
      'id_area' => '5',
      'nombre_area' => 'OTROS',
    ),
    5 => 
    array (
      'id_area' => '7',
      'nombre_area' => 'VARIOS_REQUERIMIENTOS',
    ),
    6 => 
    array (
      'id_area' => '8',
      'nombre_area' => 'COMPENSACION_SALARIAL',
    ),
  ),
) 

2014-05-09 12:22:06 --> crear_turno 1151947503, o0, , , , , , , , , , , ,  
2014-05-09 12:22:06 --> crear el consumidor 
2014-05-09 12:22:06 --> se creo el consumidor 0 
2014-05-09 12:22:06 --> se obtiene informacion de la sede  
2014-05-09 12:22:06 --> la informacion de la sede es array (
) 
2014-05-09 12:22:06 --> se va a estraer informacion del area  
2014-05-09 12:22:06 --> la informacion del area es array (
) 
2014-05-09 12:22:06 --> se va a crear el turno 
2014-05-09 12:22:06 --> se creo el turno 0 del area  

2014-05-09 13:13:46 --> get_areas 1 
2014-05-09 13:13:46 --> buscando areas del cliente 
2014-05-09 13:13:46 --> encontro estas areas array (
  0 => 
  array (
    'id_area' => '1',
    'nombre_area' => 'GERENCIAMIENTO_DEL_SERVICIO',
  ),
  1 => 
  array (
    'id_area' => '2',
    'nombre_area' => 'ADMINISTRACION_DE_LA_SEGURIDAD_SOCIAL_Y_PARAFISCALES',
  ),
  2 => 
  array (
    'id_area' => '3',
    'nombre_area' => 'SEGUIMIENTO_AL_SERVICIO',
  ),
  3 => 
  array (
    'id_area' => '4',
    'nombre_area' => 'SELECCION_Y_VINCULACION',
  ),
  4 => 
  array (
    'id_area' => '5',
    'nombre_area' => 'OTROS',
  ),
  5 => 
  array (
    'id_area' => '7',
    'nombre_area' => 'VARIOS_REQUERIMIENTOS',
  ),
  6 => 
  array (
    'id_area' => '8',
    'nombre_area' => 'COMPENSACION_SALARIAL',
  ),
) 
2014-05-09 13:13:46 --> salida array (
  'status' => 'success',
  'error_descrip' => '',
  'datos' => 
  array (
    0 => 
    array (
      'id_area' => '1',
      'nombre_area' => 'GERENCIAMIENTO_DEL_SERVICIO',
    ),
    1 => 
    array (
      'id_area' => '2',
      'nombre_area' => 'ADMINISTRACION_DE_LA_SEGURIDAD_SOCIAL_Y_PARAFISCALES',
    ),
    2 => 
    array (
      'id_area' => '3',
      'nombre_area' => 'SEGUIMIENTO_AL_SERVICIO',
    ),
    3 => 
    array (
      'id_area' => '4',
      'nombre_area' => 'SELECCION_Y_VINCULACION',
    ),
    4 => 
    array (
      'id_area' => '5',
      'nombre_area' => 'OTROS',
    ),
    5 => 
    array (
      'id_area' => '7',
      'nombre_area' => 'VARIOS_REQUERIMIENTOS',
    ),
    6 => 
    array (
      'id_area' => '8',
      'nombre_area' => 'COMPENSACION_SALARIAL',
    ),
  ),
) 

2014-05-09 13:16:01 --> crear_turno 1151947503, 1151947503, 1151947503, 1151947503, 1151947503, 1151947503, 1151947503, 1151947503, 1151947503, 1151947503, Array, 1151947503, 1151947503, o0 
2014-05-09 13:16:01 --> crear el consumidor 
2014-05-09 13:16:01 --> se creo el consumidor 566 
2014-05-09 13:16:01 --> se obtiene informacion de la sede o0 
2014-05-09 13:16:01 --> la informacion de la sede es array (
) 
2014-05-09 13:16:01 --> se va a extraer informacion del area  
2014-05-09 13:16:01 --> la informacion del area es array (
) 
2014-05-09 13:16:01 --> se va a crear el turno 
2014-05-09 13:16:01 --> se creo el turno 0 del area  

2014-05-09 14:42:30 --> get_areas 1 
2014-05-09 14:42:30 --> buscando areas del cliente 
2014-05-09 14:42:30 --> encontro estas areas array (
  0 => 
  array (
    'id_area' => '1',
    'nombre_area' => 'GERENCIAMIENTO_DEL_SERVICIO',
  ),
  1 => 
  array (
    'id_area' => '2',
    'nombre_area' => 'ADMINISTRACION_DE_LA_SEGURIDAD_SOCIAL_Y_PARAFISCALES',
  ),
  2 => 
  array (
    'id_area' => '3',
    'nombre_area' => 'SEGUIMIENTO_AL_SERVICIO',
  ),
  3 => 
  array (
    'id_area' => '4',
    'nombre_area' => 'SELECCION_Y_VINCULACION',
  ),
  4 => 
  array (
    'id_area' => '5',
    'nombre_area' => 'OTROS',
  ),
  5 => 
  array (
    'id_area' => '7',
    'nombre_area' => 'VARIOS_REQUERIMIENTOS',
  ),
  6 => 
  array (
    'id_area' => '8',
    'nombre_area' => 'COMPENSACION_SALARIAL',
  ),
) 
2014-05-09 14:42:30 --> salida array (
  'status' => 'success',
  'error_descrip' => '',
  'datos' => 
  array (
    0 => 
    array (
      'id_area' => '1',
      'nombre_area' => 'GERENCIAMIENTO_DEL_SERVICIO',
    ),
    1 => 
    array (
      'id_area' => '2',
      'nombre_area' => 'ADMINISTRACION_DE_LA_SEGURIDAD_SOCIAL_Y_PARAFISCALES',
    ),
    2 => 
    array (
      'id_area' => '3',
      'nombre_area' => 'SEGUIMIENTO_AL_SERVICIO',
    ),
    3 => 
    array (
      'id_area' => '4',
      'nombre_area' => 'SELECCION_Y_VINCULACION',
    ),
    4 => 
    array (
      'id_area' => '5',
      'nombre_area' => 'OTROS',
    ),
    5 => 
    array (
      'id_area' => '7',
      'nombre_area' => 'VARIOS_REQUERIMIENTOS',
    ),
    6 => 
    array (
      'id_area' => '8',
      'nombre_area' => 'COMPENSACION_SALARIAL',
    ),
  ),
) 

2014-05-09 14:42:37 --> crear_turno 1151947503, null,  null,  null,  null,  null,  null,  null,  ,  , 1, 1151947503, 1, o0 
2014-05-09 14:42:37 --> crear el consumidor 
2014-05-09 14:42:37 --> se creo el consumidor 579 
2014-05-09 14:42:37 --> se obtiene informacion de la sede o0 
2014-05-09 14:42:37 --> la informacion de la sede es array (
) 
2014-05-09 14:42:37 --> se va a extraer informacion del area  
2014-05-09 14:42:37 --> la informacion del area es array (
  'AR_ID' => '1',
  'AR_NOMBRE' => 'GERENCIAMIENTO_DEL_SERVICIO',
  'AR_DESCRIPCION' => 'Area para gerenciamiento del servici',
  'AR_C_ID' => '1',
  'AR_ACTIVO' => '1',
  'AR_ALIAS' => 'GS',
  'AR_MOSTRAR_NOMBRE_PANTALLA' => '0',
) 
2014-05-09 14:42:37 --> se va a crear el turno 
2014-05-09 14:42:37 --> se creo el turno 0 del area GS 

2014-05-09 14:49:43 --> get_areas 1 
2014-05-09 14:49:43 --> buscando areas del cliente 
2014-05-09 14:49:43 --> encontro estas areas array (
  0 => 
  array (
    'id_area' => '1',
    'nombre_area' => 'GERENCIAMIENTO_DEL_SERVICIO',
  ),
  1 => 
  array (
    'id_area' => '2',
    'nombre_area' => 'ADMINISTRACION_DE_LA_SEGURIDAD_SOCIAL_Y_PARAFISCALES',
  ),
  2 => 
  array (
    'id_area' => '3',
    'nombre_area' => 'SEGUIMIENTO_AL_SERVICIO',
  ),
  3 => 
  array (
    'id_area' => '4',
    'nombre_area' => 'SELECCION_Y_VINCULACION',
  ),
  4 => 
  array (
    'id_area' => '5',
    'nombre_area' => 'OTROS',
  ),
  5 => 
  array (
    'id_area' => '7',
    'nombre_area' => 'VARIOS_REQUERIMIENTOS',
  ),
  6 => 
  array (
    'id_area' => '8',
    'nombre_area' => 'COMPENSACION_SALARIAL',
  ),
) 
2014-05-09 14:49:43 --> salida array (
  'status' => 'success',
  'error_descrip' => '',
  'datos' => 
  array (
    0 => 
    array (
      'id_area' => '1',
      'nombre_area' => 'GERENCIAMIENTO_DEL_SERVICIO',
    ),
    1 => 
    array (
      'id_area' => '2',
      'nombre_area' => 'ADMINISTRACION_DE_LA_SEGURIDAD_SOCIAL_Y_PARAFISCALES',
    ),
    2 => 
    array (
      'id_area' => '3',
      'nombre_area' => 'SEGUIMIENTO_AL_SERVICIO',
    ),
    3 => 
    array (
      'id_area' => '4',
      'nombre_area' => 'SELECCION_Y_VINCULACION',
    ),
    4 => 
    array (
      'id_area' => '5',
      'nombre_area' => 'OTROS',
    ),
    5 => 
    array (
      'id_area' => '7',
      'nombre_area' => 'VARIOS_REQUERIMIENTOS',
    ),
    6 => 
    array (
      'id_area' => '8',
      'nombre_area' => 'COMPENSACION_SALARIAL',
    ),
  ),
) 

2014-05-09 14:49:50 --> crear_turno 1151947503, null,  null,  null,  null,  null,  null,  null,  ,  , 1, 1151947503, 1, o0 
2014-05-09 14:49:50 --> crear el consumidor 
2014-05-09 14:49:51 --> se creo el consumidor 581 
2014-05-09 14:49:51 --> se obtiene informacion de la sede o0 
2014-05-09 14:49:51 --> la informacion de la sede es array (
) 
2014-05-09 14:49:51 --> se va a extraer informacion del area  
2014-05-09 14:49:51 --> la informacion del area es array (
  'AR_ID' => '1',
  'AR_NOMBRE' => 'GERENCIAMIENTO_DEL_SERVICIO',
  'AR_DESCRIPCION' => 'Area para gerenciamiento del servici',
  'AR_C_ID' => '1',
  'AR_ACTIVO' => '1',
  'AR_ALIAS' => 'GS',
  'AR_MOSTRAR_NOMBRE_PANTALLA' => '0',
) 
2014-05-09 14:49:51 --> se va a crear el turno 
2014-05-09 14:49:51 --> se creo el turno 0 del area GS 

2014-05-09 14:56:48 --> get_areas 1 
2014-05-09 14:56:48 --> buscando areas del cliente 
2014-05-09 14:56:48 --> encontro estas areas array (
  0 => 
  array (
    'id_area' => '1',
    'nombre_area' => 'GERENCIAMIENTO_DEL_SERVICIO',
  ),
  1 => 
  array (
    'id_area' => '2',
    'nombre_area' => 'ADMINISTRACION_DE_LA_SEGURIDAD_SOCIAL_Y_PARAFISCALES',
  ),
  2 => 
  array (
    'id_area' => '3',
    'nombre_area' => 'SEGUIMIENTO_AL_SERVICIO',
  ),
  3 => 
  array (
    'id_area' => '4',
    'nombre_area' => 'SELECCION_Y_VINCULACION',
  ),
  4 => 
  array (
    'id_area' => '5',
    'nombre_area' => 'OTROS',
  ),
  5 => 
  array (
    'id_area' => '7',
    'nombre_area' => 'VARIOS_REQUERIMIENTOS',
  ),
  6 => 
  array (
    'id_area' => '8',
    'nombre_area' => 'COMPENSACION_SALARIAL',
  ),
) 
2014-05-09 14:56:48 --> salida array (
  'status' => 'success',
  'error_descrip' => '',
  'datos' => 
  array (
    0 => 
    array (
      'id_area' => '1',
      'nombre_area' => 'GERENCIAMIENTO_DEL_SERVICIO',
    ),
    1 => 
    array (
      'id_area' => '2',
      'nombre_area' => 'ADMINISTRACION_DE_LA_SEGURIDAD_SOCIAL_Y_PARAFISCALES',
    ),
    2 => 
    array (
      'id_area' => '3',
      'nombre_area' => 'SEGUIMIENTO_AL_SERVICIO',
    ),
    3 => 
    array (
      'id_area' => '4',
      'nombre_area' => 'SELECCION_Y_VINCULACION',
    ),
    4 => 
    array (
      'id_area' => '5',
      'nombre_area' => 'OTROS',
    ),
    5 => 
    array (
      'id_area' => '7',
      'nombre_area' => 'VARIOS_REQUERIMIENTOS',
    ),
    6 => 
    array (
      'id_area' => '8',
      'nombre_area' => 'COMPENSACION_SALARIAL',
    ),
  ),
) 

2014-05-09 14:56:55 --> crear_turno 1151947503, null,  null,  null,  null,  null,  null,  null,  ,  , 1, 1151947503, 1, o0 
2014-05-09 14:56:55 --> crear el consumidor 
2014-05-09 14:56:55 --> se creo el consumidor 582 
2014-05-09 14:56:55 --> se obtiene informacion de la sede o0 
2014-05-09 14:56:55 --> la informacion de la sede es array (
) 
2014-05-09 14:56:55 --> se va a extraer informacion del area  
2014-05-09 14:56:55 --> la informacion del area es array (
  'AR_ID' => '1',
  'AR_NOMBRE' => 'GERENCIAMIENTO_DEL_SERVICIO',
  'AR_DESCRIPCION' => 'Area para gerenciamiento del servici',
  'AR_C_ID' => '1',
  'AR_ACTIVO' => '1',
  'AR_ALIAS' => 'GS',
  'AR_MOSTRAR_NOMBRE_PANTALLA' => '0',
) 
2014-05-09 14:56:55 --> se va a crear el turno 
2014-05-09 14:56:55 --> se creo el turno 0 del area GS 

2014-05-09 15:00:24 --> get_areas 1 
2014-05-09 15:00:24 --> buscando areas del cliente 
2014-05-09 15:00:24 --> encontro estas areas array (
  0 => 
  array (
    'id_area' => '1',
    'nombre_area' => 'GERENCIAMIENTO_DEL_SERVICIO',
  ),
  1 => 
  array (
    'id_area' => '2',
    'nombre_area' => 'ADMINISTRACION_DE_LA_SEGURIDAD_SOCIAL_Y_PARAFISCALES',
  ),
  2 => 
  array (
    'id_area' => '3',
    'nombre_area' => 'SEGUIMIENTO_AL_SERVICIO',
  ),
  3 => 
  array (
    'id_area' => '4',
    'nombre_area' => 'SELECCION_Y_VINCULACION',
  ),
  4 => 
  array (
    'id_area' => '5',
    'nombre_area' => 'OTROS',
  ),
  5 => 
  array (
    'id_area' => '7',
    'nombre_area' => 'VARIOS_REQUERIMIENTOS',
  ),
  6 => 
  array (
    'id_area' => '8',
    'nombre_area' => 'COMPENSACION_SALARIAL',
  ),
) 
2014-05-09 15:00:24 --> salida array (
  'status' => 'success',
  'error_descrip' => '',
  'datos' => 
  array (
    0 => 
    array (
      'id_area' => '1',
      'nombre_area' => 'GERENCIAMIENTO_DEL_SERVICIO',
    ),
    1 => 
    array (
      'id_area' => '2',
      'nombre_area' => 'ADMINISTRACION_DE_LA_SEGURIDAD_SOCIAL_Y_PARAFISCALES',
    ),
    2 => 
    array (
      'id_area' => '3',
      'nombre_area' => 'SEGUIMIENTO_AL_SERVICIO',
    ),
    3 => 
    array (
      'id_area' => '4',
      'nombre_area' => 'SELECCION_Y_VINCULACION',
    ),
    4 => 
    array (
      'id_area' => '5',
      'nombre_area' => 'OTROS',
    ),
    5 => 
    array (
      'id_area' => '7',
      'nombre_area' => 'VARIOS_REQUERIMIENTOS',
    ),
    6 => 
    array (
      'id_area' => '8',
      'nombre_area' => 'COMPENSACION_SALARIAL',
    ),
  ),
) 

2014-05-09 15:00:34 --> crear_turno 1151947503, DELGADO VARGAS JOHAN SEBASTIAN,  CALLE  15 No 1-60 APTO 401,  3103877429,  johanseb0104@hotmail.con,  EXTRAS,  IPINNOVATECH LTDA                                           ,  SANTIAGO DE CALI,  ,  , 1, 1151947503, 1, o0 
2014-05-09 15:00:34 --> crear el consumidor 
2014-05-09 15:00:34 --> se creo el consumidor 584 
2014-05-09 15:00:34 --> se obtiene informacion de la sede o0 
2014-05-09 15:00:34 --> la informacion de la sede es array (
) 
2014-05-09 15:00:34 --> se va a extraer informacion del area  
2014-05-09 15:00:34 --> la informacion del area es array (
  'AR_ID' => '1',
  'AR_NOMBRE' => 'GERENCIAMIENTO_DEL_SERVICIO',
  'AR_DESCRIPCION' => 'Area para gerenciamiento del servici',
  'AR_C_ID' => '1',
  'AR_ACTIVO' => '1',
  'AR_ALIAS' => 'GS',
  'AR_MOSTRAR_NOMBRE_PANTALLA' => '0',
) 
2014-05-09 15:00:34 --> se va a crear el turno 
2014-05-09 15:00:34 --> se creo el turno 0 del area GS 

2014-05-09 15:03:38 --> get_areas 1 
2014-05-09 15:03:38 --> buscando areas del cliente 
2014-05-09 15:03:38 --> encontro estas areas array (
  0 => 
  array (
    'id_area' => '1',
    'nombre_area' => 'GERENCIAMIENTO_DEL_SERVICIO',
  ),
  1 => 
  array (
    'id_area' => '2',
    'nombre_area' => 'ADMINISTRACION_DE_LA_SEGURIDAD_SOCIAL_Y_PARAFISCALES',
  ),
  2 => 
  array (
    'id_area' => '3',
    'nombre_area' => 'SEGUIMIENTO_AL_SERVICIO',
  ),
  3 => 
  array (
    'id_area' => '4',
    'nombre_area' => 'SELECCION_Y_VINCULACION',
  ),
  4 => 
  array (
    'id_area' => '5',
    'nombre_area' => 'OTROS',
  ),
  5 => 
  array (
    'id_area' => '7',
    'nombre_area' => 'VARIOS_REQUERIMIENTOS',
  ),
  6 => 
  array (
    'id_area' => '8',
    'nombre_area' => 'COMPENSACION_SALARIAL',
  ),
) 
2014-05-09 15:03:38 --> salida array (
  'status' => 'success',
  'error_descrip' => '',
  'datos' => 
  array (
    0 => 
    array (
      'id_area' => '1',
      'nombre_area' => 'GERENCIAMIENTO_DEL_SERVICIO',
    ),
    1 => 
    array (
      'id_area' => '2',
      'nombre_area' => 'ADMINISTRACION_DE_LA_SEGURIDAD_SOCIAL_Y_PARAFISCALES',
    ),
    2 => 
    array (
      'id_area' => '3',
      'nombre_area' => 'SEGUIMIENTO_AL_SERVICIO',
    ),
    3 => 
    array (
      'id_area' => '4',
      'nombre_area' => 'SELECCION_Y_VINCULACION',
    ),
    4 => 
    array (
      'id_area' => '5',
      'nombre_area' => 'OTROS',
    ),
    5 => 
    array (
      'id_area' => '7',
      'nombre_area' => 'VARIOS_REQUERIMIENTOS',
    ),
    6 => 
    array (
      'id_area' => '8',
      'nombre_area' => 'COMPENSACION_SALARIAL',
    ),
  ),
) 

2014-05-09 15:03:44 --> crear_turno 1151947503, DELGADO VARGAS JOHAN SEBASTIAN,  CALLE  15 No 1-60 APTO 401,  3103877429,  johanseb0104@hotmail.con,  EXTRAS,  IPINNOVATECH LTDA                                           ,  SANTIAGO DE CALI,  ,  , 1, 1151947503, 1, o0 
2014-05-09 15:03:44 --> crear el consumidor 
2014-05-09 15:03:45 --> se creo el consumidor 585 
2014-05-09 15:03:45 --> se obtiene informacion de la sede o0 
2014-05-09 15:03:45 --> la informacion de la sede es array (
) 
2014-05-09 15:03:45 --> se va a extraer informacion del area  
2014-05-09 15:03:45 --> la informacion del area es array (
  'AR_ID' => '1',
  'AR_NOMBRE' => 'GERENCIAMIENTO_DEL_SERVICIO',
  'AR_DESCRIPCION' => 'Area para gerenciamiento del servici',
  'AR_C_ID' => '1',
  'AR_ACTIVO' => '1',
  'AR_ALIAS' => 'GS',
  'AR_MOSTRAR_NOMBRE_PANTALLA' => '0',
) 
2014-05-09 15:03:45 --> se va a crear el turno 
2014-05-09 15:03:45 --> se creo el turno 0 del area GS 

2014-05-09 15:06:21 --> get_areas 1 
2014-05-09 15:06:21 --> buscando areas del cliente 
2014-05-09 15:06:21 --> encontro estas areas array (
  0 => 
  array (
    'id_area' => '1',
    'nombre_area' => 'GERENCIAMIENTO_DEL_SERVICIO',
  ),
  1 => 
  array (
    'id_area' => '2',
    'nombre_area' => 'ADMINISTRACION_DE_LA_SEGURIDAD_SOCIAL_Y_PARAFISCALES',
  ),
  2 => 
  array (
    'id_area' => '3',
    'nombre_area' => 'SEGUIMIENTO_AL_SERVICIO',
  ),
  3 => 
  array (
    'id_area' => '4',
    'nombre_area' => 'SELECCION_Y_VINCULACION',
  ),
  4 => 
  array (
    'id_area' => '5',
    'nombre_area' => 'OTROS',
  ),
  5 => 
  array (
    'id_area' => '7',
    'nombre_area' => 'VARIOS_REQUERIMIENTOS',
  ),
  6 => 
  array (
    'id_area' => '8',
    'nombre_area' => 'COMPENSACION_SALARIAL',
  ),
) 
2014-05-09 15:06:21 --> salida array (
  'status' => 'success',
  'error_descrip' => '',
  'datos' => 
  array (
    0 => 
    array (
      'id_area' => '1',
      'nombre_area' => 'GERENCIAMIENTO_DEL_SERVICIO',
    ),
    1 => 
    array (
      'id_area' => '2',
      'nombre_area' => 'ADMINISTRACION_DE_LA_SEGURIDAD_SOCIAL_Y_PARAFISCALES',
    ),
    2 => 
    array (
      'id_area' => '3',
      'nombre_area' => 'SEGUIMIENTO_AL_SERVICIO',
    ),
    3 => 
    array (
      'id_area' => '4',
      'nombre_area' => 'SELECCION_Y_VINCULACION',
    ),
    4 => 
    array (
      'id_area' => '5',
      'nombre_area' => 'OTROS',
    ),
    5 => 
    array (
      'id_area' => '7',
      'nombre_area' => 'VARIOS_REQUERIMIENTOS',
    ),
    6 => 
    array (
      'id_area' => '8',
      'nombre_area' => 'COMPENSACION_SALARIAL',
    ),
  ),
) 

2014-05-09 15:06:27 --> crear_turno 1151947503, DELGADO VARGAS JOHAN SEBASTIAN,  CALLE  15 No 1-60 APTO 401,  3103877429,  johanseb0104@hotmail.con,  EXTRAS,  IPINNOVATECH LTDA                                           ,  SANTIAGO DE CALI,  ,  , 1, 1151947503, 1, o0 
2014-05-09 15:06:27 --> crear el consumidor 
2014-05-09 15:06:27 --> se creo el consumidor 586 
2014-05-09 15:06:27 --> se obtiene informacion de la sede o0 
2014-05-09 15:06:27 --> la informacion de la sede es array (
) 
2014-05-09 15:06:27 --> se va a extraer informacion del area  
2014-05-09 15:06:27 --> la informacion del area es array (
  'AR_ID' => '1',
  'AR_NOMBRE' => 'GERENCIAMIENTO_DEL_SERVICIO',
  'AR_DESCRIPCION' => 'Area para gerenciamiento del servici',
  'AR_C_ID' => '1',
  'AR_ACTIVO' => '1',
  'AR_ALIAS' => 'GS',
  'AR_MOSTRAR_NOMBRE_PANTALLA' => '0',
) 
2014-05-09 15:06:27 --> se va a crear el turno 
2014-05-09 15:06:27 --> se creo el turno 0 del area GS 

2014-05-09 15:20:48 --> get_areas 1 
2014-05-09 15:20:48 --> buscando areas del cliente 
2014-05-09 15:20:48 --> encontro estas areas array (
  0 => 
  array (
    'id_area' => '1',
    'nombre_area' => 'GERENCIAMIENTO_DEL_SERVICIO',
  ),
  1 => 
  array (
    'id_area' => '2',
    'nombre_area' => 'ADMINISTRACION_DE_LA_SEGURIDAD_SOCIAL_Y_PARAFISCALES',
  ),
  2 => 
  array (
    'id_area' => '3',
    'nombre_area' => 'SEGUIMIENTO_AL_SERVICIO',
  ),
  3 => 
  array (
    'id_area' => '4',
    'nombre_area' => 'SELECCION_Y_VINCULACION',
  ),
  4 => 
  array (
    'id_area' => '5',
    'nombre_area' => 'OTROS',
  ),
  5 => 
  array (
    'id_area' => '7',
    'nombre_area' => 'VARIOS_REQUERIMIENTOS',
  ),
  6 => 
  array (
    'id_area' => '8',
    'nombre_area' => 'COMPENSACION_SALARIAL',
  ),
) 
2014-05-09 15:20:48 --> salida array (
  'status' => 'success',
  'error_descrip' => '',
  'datos' => 
  array (
    0 => 
    array (
      'id_area' => '1',
      'nombre_area' => 'GERENCIAMIENTO_DEL_SERVICIO',
    ),
    1 => 
    array (
      'id_area' => '2',
      'nombre_area' => 'ADMINISTRACION_DE_LA_SEGURIDAD_SOCIAL_Y_PARAFISCALES',
    ),
    2 => 
    array (
      'id_area' => '3',
      'nombre_area' => 'SEGUIMIENTO_AL_SERVICIO',
    ),
    3 => 
    array (
      'id_area' => '4',
      'nombre_area' => 'SELECCION_Y_VINCULACION',
    ),
    4 => 
    array (
      'id_area' => '5',
      'nombre_area' => 'OTROS',
    ),
    5 => 
    array (
      'id_area' => '7',
      'nombre_area' => 'VARIOS_REQUERIMIENTOS',
    ),
    6 => 
    array (
      'id_area' => '8',
      'nombre_area' => 'COMPENSACION_SALARIAL',
    ),
  ),
) 

2014-05-09 15:20:54 --> crear_turno 1151947503, DELGADO VARGAS JOHAN SEBASTIAN,  CALLE  15 No 1-60 APTO 401,  3103877429,  johanseb0104@hotmail.con,  EXTRAS,  IPINNOVATECH LTDA                                           ,  SANTIAGO DE CALI,  ,  , 1, 1151947503, 1, o0 
2014-05-09 15:20:54 --> crear el consumidor 
2014-05-09 15:20:54 --> se creo el consumidor 588 
2014-05-09 15:20:54 --> se obtiene informacion de la sede o0 
2014-05-09 15:20:54 --> la informacion de la sede es array (
) 
2014-05-09 15:20:54 --> se va a extraer informacion del area  
2014-05-09 15:20:54 --> la informacion del area es array (
  'AR_ID' => '1',
  'AR_NOMBRE' => 'GERENCIAMIENTO_DEL_SERVICIO',
  'AR_DESCRIPCION' => 'Area para gerenciamiento del servici',
  'AR_C_ID' => '1',
  'AR_ACTIVO' => '1',
  'AR_ALIAS' => 'GS',
  'AR_MOSTRAR_NOMBRE_PANTALLA' => '0',
) 
2014-05-09 15:20:54 --> se va a crear el turno 
2014-05-09 15:20:54 --> se creo el turno 0 del area GS 

2014-05-09 16:11:46 --> get_areas 1 
2014-05-09 16:11:46 --> buscando areas del cliente 
2014-05-09 16:11:46 --> encontro estas areas array (
  0 => 
  array (
    'id_area' => '1',
    'nombre_area' => 'GERENCIAMIENTO_DEL_SERVICIO',
  ),
  1 => 
  array (
    'id_area' => '2',
    'nombre_area' => 'ADMINISTRACION_DE_LA_SEGURIDAD_SOCIAL_Y_PARAFISCALES',
  ),
  2 => 
  array (
    'id_area' => '3',
    'nombre_area' => 'SEGUIMIENTO_AL_SERVICIO',
  ),
  3 => 
  array (
    'id_area' => '4',
    'nombre_area' => 'SELECCION_Y_VINCULACION',
  ),
  4 => 
  array (
    'id_area' => '5',
    'nombre_area' => 'OTROS',
  ),
  5 => 
  array (
    'id_area' => '7',
    'nombre_area' => 'VARIOS_REQUERIMIENTOS',
  ),
  6 => 
  array (
    'id_area' => '8',
    'nombre_area' => 'COMPENSACION_SALARIAL',
  ),
) 
2014-05-09 16:11:46 --> salida array (
  'status' => 'success',
  'error_descrip' => '',
  'datos' => 
  array (
    0 => 
    array (
      'id_area' => '1',
      'nombre_area' => 'GERENCIAMIENTO_DEL_SERVICIO',
    ),
    1 => 
    array (
      'id_area' => '2',
      'nombre_area' => 'ADMINISTRACION_DE_LA_SEGURIDAD_SOCIAL_Y_PARAFISCALES',
    ),
    2 => 
    array (
      'id_area' => '3',
      'nombre_area' => 'SEGUIMIENTO_AL_SERVICIO',
    ),
    3 => 
    array (
      'id_area' => '4',
      'nombre_area' => 'SELECCION_Y_VINCULACION',
    ),
    4 => 
    array (
      'id_area' => '5',
      'nombre_area' => 'OTROS',
    ),
    5 => 
    array (
      'id_area' => '7',
      'nombre_area' => 'VARIOS_REQUERIMIENTOS',
    ),
    6 => 
    array (
      'id_area' => '8',
      'nombre_area' => 'COMPENSACION_SALARIAL',
    ),
  ),
) 

2014-05-09 16:11:52 --> crear_turno 1151947503, DELGADO VARGAS JOHAN SEBASTIAN,  CALLE  15 No 1-60 APTO 401,  3103877429,  johanseb0104@hotmail.con,  EXTRAS,  IPINNOVATECH LTDA                                           ,  SANTIAGO DE CALI,  ,  , 1, 1151947503, 1, o0 
2014-05-09 16:11:52 --> crear el consumidor 
2014-05-09 16:11:52 --> se creo el consumidor 597 
2014-05-09 16:11:52 --> se obtiene informacion de la sede o0 
2014-05-09 16:11:52 --> la informacion de la sede es array (
) 
2014-05-09 16:11:52 --> se va a extraer informacion del area  
2014-05-09 16:11:52 --> la informacion del area es array (
  'AR_ID' => '1',
  'AR_NOMBRE' => 'GERENCIAMIENTO_DEL_SERVICIO',
  'AR_DESCRIPCION' => 'Area para gerenciamiento del servici',
  'AR_C_ID' => '1',
  'AR_ACTIVO' => '1',
  'AR_ALIAS' => 'GS',
  'AR_MOSTRAR_NOMBRE_PANTALLA' => '0',
) 
2014-05-09 16:11:52 --> se va a crear el turno 
2014-05-09 16:11:52 --> se creo el turno 0 del area GS 

2014-05-09 16:31:19 --> get_areas 1 
2014-05-09 16:31:19 --> buscando areas del cliente 
2014-05-09 16:31:19 --> encontro estas areas array (
  0 => 
  array (
    'id_area' => '1',
    'nombre_area' => 'GERENCIAMIENTO_DEL_SERVICIO',
  ),
  1 => 
  array (
    'id_area' => '2',
    'nombre_area' => 'ADMINISTRACION_DE_LA_SEGURIDAD_SOCIAL_Y_PARAFISCALES',
  ),
  2 => 
  array (
    'id_area' => '3',
    'nombre_area' => 'SEGUIMIENTO_AL_SERVICIO',
  ),
  3 => 
  array (
    'id_area' => '4',
    'nombre_area' => 'SELECCION_Y_VINCULACION',
  ),
  4 => 
  array (
    'id_area' => '5',
    'nombre_area' => 'OTROS',
  ),
  5 => 
  array (
    'id_area' => '7',
    'nombre_area' => 'VARIOS_REQUERIMIENTOS',
  ),
  6 => 
  array (
    'id_area' => '8',
    'nombre_area' => 'COMPENSACION_SALARIAL',
  ),
) 
2014-05-09 16:31:19 --> salida array (
  'status' => 'success',
  'error_descrip' => '',
  'datos' => 
  array (
    0 => 
    array (
      'id_area' => '1',
      'nombre_area' => 'GERENCIAMIENTO_DEL_SERVICIO',
    ),
    1 => 
    array (
      'id_area' => '2',
      'nombre_area' => 'ADMINISTRACION_DE_LA_SEGURIDAD_SOCIAL_Y_PARAFISCALES',
    ),
    2 => 
    array (
      'id_area' => '3',
      'nombre_area' => 'SEGUIMIENTO_AL_SERVICIO',
    ),
    3 => 
    array (
      'id_area' => '4',
      'nombre_area' => 'SELECCION_Y_VINCULACION',
    ),
    4 => 
    array (
      'id_area' => '5',
      'nombre_area' => 'OTROS',
    ),
    5 => 
    array (
      'id_area' => '7',
      'nombre_area' => 'VARIOS_REQUERIMIENTOS',
    ),
    6 => 
    array (
      'id_area' => '8',
      'nombre_area' => 'COMPENSACION_SALARIAL',
    ),
  ),
) 

2014-05-09 16:31:27 --> crear_turno 1151947503, DELGADO VARGAS JOHAN SEBASTIAN,  CALLE  15 No 1-60 APTO 401,  3103877429,  johanseb0104@hotmail.con,  EXTRAS,  IPINNOVATECH LTDA                                           ,  SANTIAGO DE CALI,  ,  , 1, 1151947503, 1, o0 
2014-05-09 16:31:27 --> crear el consumidor 
2014-05-09 16:31:27 --> se creo el consumidor 602 
2014-05-09 16:31:27 --> se obtiene informacion de la sede o0 
2014-05-09 16:31:27 --> la informacion de la sede es array (
) 
2014-05-09 16:31:27 --> se va a extraer informacion del area  
2014-05-09 16:31:27 --> la informacion del area es array (
  'AR_ID' => '1',
  'AR_NOMBRE' => 'GERENCIAMIENTO_DEL_SERVICIO',
  'AR_DESCRIPCION' => 'Area para gerenciamiento del servici',
  'AR_C_ID' => '1',
  'AR_ACTIVO' => '1',
  'AR_ALIAS' => 'GS',
  'AR_MOSTRAR_NOMBRE_PANTALLA' => '0',
) 
2014-05-09 16:31:27 --> se va a crear el turno 
2014-05-09 16:31:27 --> se creo el turno 0 del area GS 

2014-05-09 16:31:35 --> get_areas 1 
2014-05-09 16:31:35 --> buscando areas del cliente 
2014-05-09 16:31:35 --> encontro estas areas array (
  0 => 
  array (
    'id_area' => '1',
    'nombre_area' => 'GERENCIAMIENTO_DEL_SERVICIO',
  ),
  1 => 
  array (
    'id_area' => '2',
    'nombre_area' => 'ADMINISTRACION_DE_LA_SEGURIDAD_SOCIAL_Y_PARAFISCALES',
  ),
  2 => 
  array (
    'id_area' => '3',
    'nombre_area' => 'SEGUIMIENTO_AL_SERVICIO',
  ),
  3 => 
  array (
    'id_area' => '4',
    'nombre_area' => 'SELECCION_Y_VINCULACION',
  ),
  4 => 
  array (
    'id_area' => '5',
    'nombre_area' => 'OTROS',
  ),
  5 => 
  array (
    'id_area' => '7',
    'nombre_area' => 'VARIOS_REQUERIMIENTOS',
  ),
  6 => 
  array (
    'id_area' => '8',
    'nombre_area' => 'COMPENSACION_SALARIAL',
  ),
) 
2014-05-09 16:31:35 --> salida array (
  'status' => 'success',
  'error_descrip' => '',
  'datos' => 
  array (
    0 => 
    array (
      'id_area' => '1',
      'nombre_area' => 'GERENCIAMIENTO_DEL_SERVICIO',
    ),
    1 => 
    array (
      'id_area' => '2',
      'nombre_area' => 'ADMINISTRACION_DE_LA_SEGURIDAD_SOCIAL_Y_PARAFISCALES',
    ),
    2 => 
    array (
      'id_area' => '3',
      'nombre_area' => 'SEGUIMIENTO_AL_SERVICIO',
    ),
    3 => 
    array (
      'id_area' => '4',
      'nombre_area' => 'SELECCION_Y_VINCULACION',
    ),
    4 => 
    array (
      'id_area' => '5',
      'nombre_area' => 'OTROS',
    ),
    5 => 
    array (
      'id_area' => '7',
      'nombre_area' => 'VARIOS_REQUERIMIENTOS',
    ),
    6 => 
    array (
      'id_area' => '8',
      'nombre_area' => 'COMPENSACION_SALARIAL',
    ),
  ),
) 

2014-05-09 16:31:42 --> crear_turno 1151947503, DELGADO VARGAS JOHAN SEBASTIAN,  CALLE  15 No 1-60 APTO 401,  3103877429,  johanseb0104@hotmail.con,  EXTRAS,  IPINNOVATECH LTDA                                           ,  SANTIAGO DE CALI,  ,  , 1, 1151947503, 1, o0 
2014-05-09 16:31:42 --> crear el consumidor 
2014-05-09 16:31:42 --> se creo el consumidor 603 
2014-05-09 16:31:42 --> se obtiene informacion de la sede o0 
2014-05-09 16:31:42 --> la informacion de la sede es array (
) 
2014-05-09 16:31:42 --> se va a extraer informacion del area  
2014-05-09 16:31:42 --> la informacion del area es array (
  'AR_ID' => '1',
  'AR_NOMBRE' => 'GERENCIAMIENTO_DEL_SERVICIO',
  'AR_DESCRIPCION' => 'Area para gerenciamiento del servici',
  'AR_C_ID' => '1',
  'AR_ACTIVO' => '1',
  'AR_ALIAS' => 'GS',
  'AR_MOSTRAR_NOMBRE_PANTALLA' => '0',
) 
2014-05-09 16:31:42 --> se va a crear el turno 
2014-05-09 16:31:42 --> se creo el turno 0 del area GS 

2014-05-09 17:14:13 --> crear_turno 1151947503, DELGADO VARGAS JOHAN SEBASTIAN, CALLE 15, 1234567, JOHAN@MAIL.COM, EXTRAS, IPINNOVATECH LTDA, SANTIAGO DE CALI, , , 1, 1151947503, 1,  
2014-05-09 17:14:13 --> crear el consumidor 
2014-05-09 17:14:13 --> se creo el consumidor 607 
2014-05-09 17:14:13 --> se obtiene informacion de la sede  
2014-05-09 17:14:13 --> la informacion de la sede es array (
) 
2014-05-09 17:14:13 --> se va a extraer informacion del area  
2014-05-09 17:14:13 --> la informacion del area es array (
  'AR_ID' => '1',
  'AR_NOMBRE' => 'GERENCIAMIENTO_DEL_SERVICIO',
  'AR_DESCRIPCION' => 'Area para gerenciamiento del servici',
  'AR_C_ID' => '1',
  'AR_ACTIVO' => '1',
  'AR_ALIAS' => 'GS',
  'AR_MOSTRAR_NOMBRE_PANTALLA' => '0',
) 
2014-05-09 17:14:13 --> se va a crear el turno 
2014-05-09 17:14:13 --> se creo el turno 0 del area GS 

2014-05-09 17:15:39 --> crear_turno 1151947503, DELGADO VARGAS JOHAN SEBASTIAN, CALLE 15, 1234567, JOHAN@MAIL.COM, EXTRAS, IPINNOVATECH LTDA, SANTIAGO DE CALI, , , 1, 1151947503, 1,  
2014-05-09 17:15:39 --> crear el consumidor 
2014-05-09 17:15:39 --> se creo el consumidor 608 
2014-05-09 17:15:39 --> se obtiene informacion de la sede  
2014-05-09 17:15:39 --> la informacion de la sede es array (
) 
2014-05-09 17:15:39 --> se va a extraer informacion del area  
2014-05-09 17:15:39 --> la informacion del area es array (
  'AR_ID' => '1',
  'AR_NOMBRE' => 'GERENCIAMIENTO_DEL_SERVICIO',
  'AR_DESCRIPCION' => 'Area para gerenciamiento del servici',
  'AR_C_ID' => '1',
  'AR_ACTIVO' => '1',
  'AR_ALIAS' => 'GS',
  'AR_MOSTRAR_NOMBRE_PANTALLA' => '0',
) 
2014-05-09 17:15:39 --> se va a crear el turno 
2014-05-09 17:15:39 --> se creo el turno 0 del area GS 

2014-05-09 17:19:32 --> crear_turno 1151947503, DELGADO VARGAS JOHAN SEBASTIAN, CALLE 15, 1234567, JOHAN@MAIL.COM, EXTRAS, IPINNOVATECH LTDA, SANTIAGO DE CALI, , , 1, 1151947503, 1,  
2014-05-09 17:19:32 --> crear el consumidor 
2014-05-09 17:19:36 --> se creo el consumidor 609 
2014-05-09 17:19:36 --> se obtiene informacion de la sede  
2014-05-09 17:19:36 --> la informacion de la sede es array (
) 
2014-05-09 17:19:36 --> se va a extraer informacion del area  
2014-05-09 17:19:36 --> la informacion del area es array (
  'AR_ID' => '1',
  'AR_NOMBRE' => 'GERENCIAMIENTO_DEL_SERVICIO',
  'AR_DESCRIPCION' => 'Area para gerenciamiento del servici',
  'AR_C_ID' => '1',
  'AR_ACTIVO' => '1',
  'AR_ALIAS' => 'GS',
  'AR_MOSTRAR_NOMBRE_PANTALLA' => '0',
) 
2014-05-09 17:19:36 --> se va a crear el turno 
2014-05-09 17:19:36 --> se creo el turno 0 del area GS 

2014-05-09 17:34:24 --> crear_turno 1151947503, DELGADO VARGAS JOHAN SEBASTIAN, CALLE 15, 1234567, JOHAN@MAIL.COM, EXTRAS, IPINNOVATECH LTDA, SANTIAGO DE CALI, , , 1, 1151947503, 1,  
2014-05-09 17:34:24 --> crear el consumidor 
2014-05-09 17:34:24 --> se creo el consumidor 610 
2014-05-09 17:34:24 --> se obtiene informacion de la sede  
2014-05-09 17:34:24 --> la informacion de la sede es array (
) 
2014-05-09 17:34:24 --> se va a extraer informacion del area  
2014-05-09 17:34:24 --> la informacion del area es array (
  'AR_ID' => '1',
  'AR_NOMBRE' => 'GERENCIAMIENTO_DEL_SERVICIO',
  'AR_DESCRIPCION' => 'Area para gerenciamiento del servici',
  'AR_C_ID' => '1',
  'AR_ACTIVO' => '1',
  'AR_ALIAS' => 'GS',
  'AR_MOSTRAR_NOMBRE_PANTALLA' => '0',
) 
2014-05-09 17:34:24 --> se va a crear el turno 
2014-05-09 17:34:24 --> se creo el turno 0 del area GS 

2014-05-09 17:36:43 --> crear_turno 1151947503, DELGADO VARGAS JOHAN SEBASTIAN, CALLE 15, 1234567, JOHAN@MAIL.COM, EXTRAS, IPINNOVATECH LTDA, SANTIAGO DE CALI, , , 1, 1151947503, 1,  
2014-05-09 17:36:43 --> crear el consumidor 
2014-05-09 17:36:43 --> se creo el consumidor 611 
2014-05-09 17:36:43 --> la informacion de la sede es array (
) 
2014-05-09 17:36:43 --> se va a extraer informacion del area  
2014-05-09 17:36:43 --> la informacion del area es array (
  'AR_ID' => '1',
  'AR_NOMBRE' => 'GERENCIAMIENTO_DEL_SERVICIO',
  'AR_DESCRIPCION' => 'Area para gerenciamiento del servici',
  'AR_C_ID' => '1',
  'AR_ACTIVO' => '1',
  'AR_ALIAS' => 'GS',
  'AR_MOSTRAR_NOMBRE_PANTALLA' => '0',
) 
2014-05-09 17:36:43 --> se va a crear el turno 
2014-05-09 17:36:43 --> se creo el turno 0 del area GS 
2014-05-09 17:38:27 --> crear el consumidor 
2014-05-09 17:38:27 --> se creo el consumidor 612 
2014-05-09 17:38:27 --> la informacion de la sede es array (
) 
2014-05-09 17:38:27 --> se va a extraer informacion del area  
2014-05-09 17:38:27 --> la informacion del area es array (
  'AR_ID' => '1',
  'AR_NOMBRE' => 'GERENCIAMIENTO_DEL_SERVICIO',
  'AR_DESCRIPCION' => 'Area para gerenciamiento del servici',
  'AR_C_ID' => '1',
  'AR_ACTIVO' => '1',
  'AR_ALIAS' => 'GS',
  'AR_MOSTRAR_NOMBRE_PANTALLA' => '0',
) 
2014-05-09 17:38:27 --> se va a crear el turno 
2014-05-09 17:38:27 --> se creo el turno 0 del area GS 
2014-05-09 17:40:14 --> crear el consumidor 
2014-05-09 17:40:14 --> se creo el consumidor 613 
2014-05-09 17:40:14 --> la informacion de la sede es array (
  'S_ID' => '1',
  'S_NOMBRE' => 'ANTIOQUIA',
  'S_DESCRIPCION' => 'Sede para atender los casos de la regional antioquia',
  'S_C_ID' => '1',
  'S_CANTIDAD_ENCUESTAS' => '10',
  'S_ACTIVO' => '1',
  'S_LOGO' => '3',
  'S_MUESTRA_VIDEO' => '1',
) 
2014-05-09 17:40:14 --> se va a extraer informacion del area  
2014-05-09 17:40:14 --> la informacion del area es array (
  'AR_ID' => '1',
  'AR_NOMBRE' => 'GERENCIAMIENTO_DEL_SERVICIO',
  'AR_DESCRIPCION' => 'Area para gerenciamiento del servici',
  'AR_C_ID' => '1',
  'AR_ACTIVO' => '1',
  'AR_ALIAS' => 'GS',
  'AR_MOSTRAR_NOMBRE_PANTALLA' => '0',
) 
2014-05-09 17:40:14 --> se va a crear el turno 
2014-05-09 17:40:14 --> se creo el turno 1 del area GS 

2014-05-09 17:41:25 --> get_areas 1 
2014-05-09 17:41:25 --> buscando areas del cliente 
2014-05-09 17:41:25 --> encontro estas areas array (
  0 => 
  array (
    'id_area' => '1',
    'nombre_area' => 'GERENCIAMIENTO_DEL_SERVICIO',
  ),
  1 => 
  array (
    'id_area' => '2',
    'nombre_area' => 'ADMINISTRACION_DE_LA_SEGURIDAD_SOCIAL_Y_PARAFISCALES',
  ),
  2 => 
  array (
    'id_area' => '3',
    'nombre_area' => 'SEGUIMIENTO_AL_SERVICIO',
  ),
  3 => 
  array (
    'id_area' => '4',
    'nombre_area' => 'SELECCION_Y_VINCULACION',
  ),
  4 => 
  array (
    'id_area' => '5',
    'nombre_area' => 'OTROS',
  ),
  5 => 
  array (
    'id_area' => '7',
    'nombre_area' => 'VARIOS_REQUERIMIENTOS',
  ),
  6 => 
  array (
    'id_area' => '8',
    'nombre_area' => 'COMPENSACION_SALARIAL',
  ),
) 
2014-05-09 17:41:25 --> salida array (
  'status' => 'success',
  'error_descrip' => '',
  'datos' => 
  array (
    0 => 
    array (
      'id_area' => '1',
      'nombre_area' => 'GERENCIAMIENTO_DEL_SERVICIO',
    ),
    1 => 
    array (
      'id_area' => '2',
      'nombre_area' => 'ADMINISTRACION_DE_LA_SEGURIDAD_SOCIAL_Y_PARAFISCALES',
    ),
    2 => 
    array (
      'id_area' => '3',
      'nombre_area' => 'SEGUIMIENTO_AL_SERVICIO',
    ),
    3 => 
    array (
      'id_area' => '4',
      'nombre_area' => 'SELECCION_Y_VINCULACION',
    ),
    4 => 
    array (
      'id_area' => '5',
      'nombre_area' => 'OTROS',
    ),
    5 => 
    array (
      'id_area' => '7',
      'nombre_area' => 'VARIOS_REQUERIMIENTOS',
    ),
    6 => 
    array (
      'id_area' => '8',
      'nombre_area' => 'COMPENSACION_SALARIAL',
    ),
  ),
) 
2014-05-09 17:41:31 --> crear el consumidor 
2014-05-09 17:41:31 --> se creo el consumidor 614 
2014-05-09 17:41:31 --> la informacion de la sede es array (
  'S_ID' => '1',
  'S_NOMBRE' => 'ANTIOQUIA',
  'S_DESCRIPCION' => 'Sede para atender los casos de la regional antioquia',
  'S_C_ID' => '1',
  'S_CANTIDAD_ENCUESTAS' => '10',
  'S_ACTIVO' => '1',
  'S_LOGO' => '3',
  'S_MUESTRA_VIDEO' => '1',
) 
2014-05-09 17:41:31 --> se va a extraer informacion del area  
2014-05-09 17:41:31 --> la informacion del area es array (
  'AR_ID' => '1',
  'AR_NOMBRE' => 'GERENCIAMIENTO_DEL_SERVICIO',
  'AR_DESCRIPCION' => 'Area para gerenciamiento del servici',
  'AR_C_ID' => '1',
  'AR_ACTIVO' => '1',
  'AR_ALIAS' => 'GS',
  'AR_MOSTRAR_NOMBRE_PANTALLA' => '0',
) 
2014-05-09 17:41:31 --> se va a crear el turno 
2014-05-09 17:41:31 --> se creo el turno 2 del area GS 

2014-05-09 17:47:21 --> get_areas 1 
2014-05-09 17:47:21 --> buscando areas del cliente 
2014-05-09 17:47:21 --> encontro estas areas array (
  0 => 
  array (
    'id_area' => '1',
    'nombre_area' => 'GERENCIAMIENTO_DEL_SERVICIO',
  ),
  1 => 
  array (
    'id_area' => '2',
    'nombre_area' => 'ADMINISTRACION_DE_LA_SEGURIDAD_SOCIAL_Y_PARAFISCALES',
  ),
  2 => 
  array (
    'id_area' => '3',
    'nombre_area' => 'SEGUIMIENTO_AL_SERVICIO',
  ),
  3 => 
  array (
    'id_area' => '4',
    'nombre_area' => 'SELECCION_Y_VINCULACION',
  ),
  4 => 
  array (
    'id_area' => '5',
    'nombre_area' => 'OTROS',
  ),
  5 => 
  array (
    'id_area' => '7',
    'nombre_area' => 'VARIOS_REQUERIMIENTOS',
  ),
  6 => 
  array (
    'id_area' => '8',
    'nombre_area' => 'COMPENSACION_SALARIAL',
  ),
) 
2014-05-09 17:47:21 --> salida array (
  'status' => 'success',
  'error_descrip' => '',
  'datos' => 
  array (
    0 => 
    array (
      'id_area' => '1',
      'nombre_area' => 'GERENCIAMIENTO_DEL_SERVICIO',
    ),
    1 => 
    array (
      'id_area' => '2',
      'nombre_area' => 'ADMINISTRACION_DE_LA_SEGURIDAD_SOCIAL_Y_PARAFISCALES',
    ),
    2 => 
    array (
      'id_area' => '3',
      'nombre_area' => 'SEGUIMIENTO_AL_SERVICIO',
    ),
    3 => 
    array (
      'id_area' => '4',
      'nombre_area' => 'SELECCION_Y_VINCULACION',
    ),
    4 => 
    array (
      'id_area' => '5',
      'nombre_area' => 'OTROS',
    ),
    5 => 
    array (
      'id_area' => '7',
      'nombre_area' => 'VARIOS_REQUERIMIENTOS',
    ),
    6 => 
    array (
      'id_area' => '8',
      'nombre_area' => 'COMPENSACION_SALARIAL',
    ),
  ),
) 

2014-05-09 18:07:21 --> get_areas 1 
2014-05-09 18:07:21 --> buscando areas del cliente 
2014-05-09 18:07:21 --> encontro estas areas array (
  0 => 
  array (
    'id_area' => '1',
    'nombre_area' => 'GERENCIAMIENTO_DEL_SERVICIO',
  ),
  1 => 
  array (
    'id_area' => '2',
    'nombre_area' => 'ADMINISTRACION_DE_LA_SEGURIDAD_SOCIAL_Y_PARAFISCALES',
  ),
  2 => 
  array (
    'id_area' => '3',
    'nombre_area' => 'SEGUIMIENTO_AL_SERVICIO',
  ),
  3 => 
  array (
    'id_area' => '4',
    'nombre_area' => 'SELECCION_Y_VINCULACION',
  ),
  4 => 
  array (
    'id_area' => '5',
    'nombre_area' => 'OTROS',
  ),
  5 => 
  array (
    'id_area' => '7',
    'nombre_area' => 'VARIOS_REQUERIMIENTOS',
  ),
  6 => 
  array (
    'id_area' => '8',
    'nombre_area' => 'COMPENSACION_SALARIAL',
  ),
) 
2014-05-09 18:07:21 --> salida array (
  'status' => 'success',
  'error_descrip' => '',
  'datos' => 
  array (
    0 => 
    array (
      'id_area' => '1',
      'nombre_area' => 'GERENCIAMIENTO_DEL_SERVICIO',
    ),
    1 => 
    array (
      'id_area' => '2',
      'nombre_area' => 'ADMINISTRACION_DE_LA_SEGURIDAD_SOCIAL_Y_PARAFISCALES',
    ),
    2 => 
    array (
      'id_area' => '3',
      'nombre_area' => 'SEGUIMIENTO_AL_SERVICIO',
    ),
    3 => 
    array (
      'id_area' => '4',
      'nombre_area' => 'SELECCION_Y_VINCULACION',
    ),
    4 => 
    array (
      'id_area' => '5',
      'nombre_area' => 'OTROS',
    ),
    5 => 
    array (
      'id_area' => '7',
      'nombre_area' => 'VARIOS_REQUERIMIENTOS',
    ),
    6 => 
    array (
      'id_area' => '8',
      'nombre_area' => 'COMPENSACION_SALARIAL',
    ),
  ),
) 
2014-05-09 18:07:25 --> crear el consumidor 
2014-05-09 18:07:25 --> se creo el consumidor 615 
2014-05-09 18:07:25 --> la informacion de la sede es array (
  'S_ID' => '1',
  'S_NOMBRE' => 'ANTIOQUIA',
  'S_DESCRIPCION' => 'Sede para atender los casos de la regional antioquia',
  'S_C_ID' => '1',
  'S_CANTIDAD_ENCUESTAS' => '10',
  'S_ACTIVO' => '1',
  'S_LOGO' => '3',
  'S_MUESTRA_VIDEO' => '1',
) 
2014-05-09 18:07:25 --> se va a extraer informacion del area  
2014-05-09 18:07:25 --> la informacion del area es array (
  'AR_ID' => '1',
  'AR_NOMBRE' => 'GERENCIAMIENTO_DEL_SERVICIO',
  'AR_DESCRIPCION' => 'Area para gerenciamiento del servici',
  'AR_C_ID' => '1',
  'AR_ACTIVO' => '1',
  'AR_ALIAS' => 'GS',
  'AR_MOSTRAR_NOMBRE_PANTALLA' => '0',
) 
2014-05-09 18:07:25 --> se va a crear el turno 
2014-05-09 18:07:25 --> se creo el turno 3 del area GS 
