
2014-06-16 08:26:39 --> get_areas 1 
2014-06-16 08:26:39 --> buscando areas del cliente 
2014-06-16 08:26:52 --> crear el consumidor 
2014-06-16 08:26:52 --> se creo el consumidor 3228 
2014-06-16 08:26:52 --> la informacion de la sede es array (
  'S_ID' => '5',
  'S_NOMBRE' => 'ORIENTE',
  'S_DESCRIPCION' => 'Sede para gestionar los casos de la regional Oriente',
  'S_C_ID' => '1',
  'S_CANTIDAD_ENCUESTAS' => '10',
  'S_ACTIVO' => '1',
  'S_LOGO' => '1',
  'S_MUESTRA_VIDEO' => '0',
) 
2014-06-16 08:26:52 --> se va a extraer informacion del area  
2014-06-16 08:26:52 --> la informacion del area es array (
  'AR_ID' => '5',
  'AR_NOMBRE' => 'OTROS',
  'AR_DESCRIPCION' => 'Otros',
  'AR_C_ID' => '1',
  'AR_ACTIVO' => '1',
  'AR_ALIAS' => 'Otro',
  'AR_MOSTRAR_NOMBRE_PANTALLA' => '0',
) 
2014-06-16 08:26:52 --> se va a crear el turno 
2014-06-16 08:26:52 --> se creo el turno 1 del area Otro 

2014-06-16 08:28:16 --> get_areas 1 
2014-06-16 08:28:16 --> buscando areas del cliente 
2014-06-16 08:28:27 --> crear el consumidor 
2014-06-16 08:28:27 --> se creo el consumidor 3229 
2014-06-16 08:28:27 --> la informacion de la sede es array (
  'S_ID' => '5',
  'S_NOMBRE' => 'ORIENTE',
  'S_DESCRIPCION' => 'Sede para gestionar los casos de la regional Oriente',
  'S_C_ID' => '1',
  'S_CANTIDAD_ENCUESTAS' => '10',
  'S_ACTIVO' => '1',
  'S_LOGO' => '1',
  'S_MUESTRA_VIDEO' => '0',
) 
2014-06-16 08:28:27 --> se va a extraer informacion del area  
2014-06-16 08:28:27 --> la informacion del area es array (
  'AR_ID' => '5',
  'AR_NOMBRE' => 'OTROS',
  'AR_DESCRIPCION' => 'Otros',
  'AR_C_ID' => '1',
  'AR_ACTIVO' => '1',
  'AR_ALIAS' => 'Otro',
  'AR_MOSTRAR_NOMBRE_PANTALLA' => '0',
) 
2014-06-16 08:28:27 --> se va a crear el turno 
2014-06-16 08:28:27 --> se creo el turno 2 del area Otro 

2014-06-16 09:45:59 --> get_areas 1 
2014-06-16 09:45:59 --> buscando areas del cliente 
2014-06-16 09:46:11 --> crear el consumidor 
2014-06-16 09:46:12 --> se creo el consumidor 3244 
2014-06-16 09:46:12 --> la informacion de la sede es array (
  'S_ID' => '3',
  'S_NOMBRE' => 'NORTE',
  'S_DESCRIPCION' => 'Sede para atender los casos de la regional norte',
  'S_C_ID' => '1',
  'S_CANTIDAD_ENCUESTAS' => '10',
  'S_ACTIVO' => '1',
  'S_LOGO' => '7',
  'S_MUESTRA_VIDEO' => '0',
) 
2014-06-16 09:46:12 --> se va a extraer informacion del area  
2014-06-16 09:46:12 --> la informacion del area es array (
  'AR_ID' => '3',
  'AR_NOMBRE' => 'SEGUIMIENTO_AL_SERVICIO',
  'AR_DESCRIPCION' => 'Cesantias Cert laborales Constancias FNA',
  'AR_C_ID' => '1',
  'AR_ACTIVO' => '1',
  'AR_ALIAS' => 'SAS',
  'AR_MOSTRAR_NOMBRE_PANTALLA' => '0',
) 
2014-06-16 09:46:12 --> se va a crear el turno 
2014-06-16 09:46:12 --> se creo el turno 2 del area SAS 

2014-06-16 10:22:39 --> get_areas 1 
2014-06-16 10:22:39 --> buscando areas del cliente 

2014-06-16 10:23:06 --> get_areas 1 
2014-06-16 10:23:06 --> buscando areas del cliente 
2014-06-16 10:23:18 --> crear el consumidor 
2014-06-16 10:23:18 --> crear el consumidor 
2014-06-16 10:23:18 --> se creo el consumidor 3256 
2014-06-16 10:23:18 --> se creo el consumidor 3255 
2014-06-16 10:23:18 --> la informacion de la sede es array (
  'S_ID' => '3',
  'S_NOMBRE' => 'NORTE',
  'S_DESCRIPCION' => 'Sede para atender los casos de la regional norte',
  'S_C_ID' => '1',
  'S_CANTIDAD_ENCUESTAS' => '10',
  'S_ACTIVO' => '1',
  'S_LOGO' => '7',
  'S_MUESTRA_VIDEO' => '0',
) 
2014-06-16 10:23:18 --> se va a extraer informacion del area  
2014-06-16 10:23:18 --> la informacion de la sede es array (
  'S_ID' => '3',
  'S_NOMBRE' => 'NORTE',
  'S_DESCRIPCION' => 'Sede para atender los casos de la regional norte',
  'S_C_ID' => '1',
  'S_CANTIDAD_ENCUESTAS' => '10',
  'S_ACTIVO' => '1',
  'S_LOGO' => '7',
  'S_MUESTRA_VIDEO' => '0',
) 
2014-06-16 10:23:18 --> se va a extraer informacion del area  
2014-06-16 10:23:18 --> la informacion del area es array (
  'AR_ID' => '5',
  'AR_NOMBRE' => 'OTROS',
  'AR_DESCRIPCION' => 'Otros',
  'AR_C_ID' => '1',
  'AR_ACTIVO' => '1',
  'AR_ALIAS' => 'Otro',
  'AR_MOSTRAR_NOMBRE_PANTALLA' => '0',
) 
2014-06-16 10:23:18 --> se va a crear el turno 
2014-06-16 10:23:18 --> la informacion del area es array (
  'AR_ID' => '5',
  'AR_NOMBRE' => 'OTROS',
  'AR_DESCRIPCION' => 'Otros',
  'AR_C_ID' => '1',
  'AR_ACTIVO' => '1',
  'AR_ALIAS' => 'Otro',
  'AR_MOSTRAR_NOMBRE_PANTALLA' => '0',
) 
2014-06-16 10:23:18 --> se va a crear el turno 
2014-06-16 10:23:18 --> se creo el turno 1 del area Otro 
2014-06-16 10:23:18 --> se creo el turno 2 del area Otro 

2014-06-16 10:32:24 --> get_areas 1 
2014-06-16 10:32:24 --> buscando areas del cliente 
2014-06-16 10:32:30 --> crear el consumidor 
2014-06-16 10:32:30 --> se creo el consumidor 3258 
2014-06-16 10:32:30 --> la informacion de la sede es array (
  'S_ID' => '3',
  'S_NOMBRE' => 'NORTE',
  'S_DESCRIPCION' => 'Sede para atender los casos de la regional norte',
  'S_C_ID' => '1',
  'S_CANTIDAD_ENCUESTAS' => '10',
  'S_ACTIVO' => '1',
  'S_LOGO' => '7',
  'S_MUESTRA_VIDEO' => '0',
) 
2014-06-16 10:32:30 --> se va a extraer informacion del area  
2014-06-16 10:32:30 --> la informacion del area es array (
  'AR_ID' => '5',
  'AR_NOMBRE' => 'OTROS',
  'AR_DESCRIPCION' => 'Otros',
  'AR_C_ID' => '1',
  'AR_ACTIVO' => '1',
  'AR_ALIAS' => 'Otro',
  'AR_MOSTRAR_NOMBRE_PANTALLA' => '0',
) 
2014-06-16 10:32:30 --> se va a crear el turno 
2014-06-16 10:32:30 --> se creo el turno 3 del area Otro 

2014-06-16 10:34:00 --> get_areas 1 
2014-06-16 10:34:00 --> buscando areas del cliente 
2014-06-16 10:34:14 --> crear el consumidor 
2014-06-16 10:34:14 --> se creo el consumidor 3260 
2014-06-16 10:34:14 --> la informacion de la sede es array (
  'S_ID' => '3',
  'S_NOMBRE' => 'NORTE',
  'S_DESCRIPCION' => 'Sede para atender los casos de la regional norte',
  'S_C_ID' => '1',
  'S_CANTIDAD_ENCUESTAS' => '10',
  'S_ACTIVO' => '1',
  'S_LOGO' => '7',
  'S_MUESTRA_VIDEO' => '0',
) 
2014-06-16 10:34:14 --> se va a extraer informacion del area  
2014-06-16 10:34:14 --> la informacion del area es array (
  'AR_ID' => '3',
  'AR_NOMBRE' => 'SEGUIMIENTO_AL_SERVICIO',
  'AR_DESCRIPCION' => 'Cesantias Cert laborales Constancias FNA',
  'AR_C_ID' => '1',
  'AR_ACTIVO' => '1',
  'AR_ALIAS' => 'SAS',
  'AR_MOSTRAR_NOMBRE_PANTALLA' => '0',
) 
2014-06-16 10:34:14 --> se va a crear el turno 
2014-06-16 10:34:14 --> se creo el turno 4 del area SAS 

2014-06-16 10:41:13 --> get_areas 1 
2014-06-16 10:41:13 --> buscando areas del cliente 
2014-06-16 10:41:36 --> crear el consumidor 
2014-06-16 10:41:36 --> se creo el consumidor 3262 
2014-06-16 10:41:36 --> la informacion de la sede es array (
  'S_ID' => '3',
  'S_NOMBRE' => 'NORTE',
  'S_DESCRIPCION' => 'Sede para atender los casos de la regional norte',
  'S_C_ID' => '1',
  'S_CANTIDAD_ENCUESTAS' => '10',
  'S_ACTIVO' => '1',
  'S_LOGO' => '7',
  'S_MUESTRA_VIDEO' => '0',
) 
2014-06-16 10:41:36 --> se va a extraer informacion del area  
2014-06-16 10:41:36 --> la informacion del area es array (
  'AR_ID' => '1',
  'AR_NOMBRE' => 'GERENCIAMIENTO_DEL_SERVICIO',
  'AR_DESCRIPCION' => 'Cartas de ingreso al punto de venta Fondex',
  'AR_C_ID' => '1',
  'AR_ACTIVO' => '1',
  'AR_ALIAS' => 'GS',
  'AR_MOSTRAR_NOMBRE_PANTALLA' => '0',
) 
2014-06-16 10:41:36 --> se va a crear el turno 
2014-06-16 10:41:36 --> se creo el turno 5 del area GS 

2014-06-16 10:42:00 --> get_areas 1 
2014-06-16 10:42:00 --> buscando areas del cliente 
2014-06-16 10:42:07 --> crear el consumidor 
2014-06-16 10:42:07 --> se creo el consumidor 3263 
2014-06-16 10:42:07 --> la informacion de la sede es array (
  'S_ID' => '3',
  'S_NOMBRE' => 'NORTE',
  'S_DESCRIPCION' => 'Sede para atender los casos de la regional norte',
  'S_C_ID' => '1',
  'S_CANTIDAD_ENCUESTAS' => '10',
  'S_ACTIVO' => '1',
  'S_LOGO' => '7',
  'S_MUESTRA_VIDEO' => '0',
) 
2014-06-16 10:42:07 --> se va a extraer informacion del area  
2014-06-16 10:42:07 --> la informacion del area es array (
  'AR_ID' => '1',
  'AR_NOMBRE' => 'GERENCIAMIENTO_DEL_SERVICIO',
  'AR_DESCRIPCION' => 'Cartas de ingreso al punto de venta Fondex',
  'AR_C_ID' => '1',
  'AR_ACTIVO' => '1',
  'AR_ALIAS' => 'GS',
  'AR_MOSTRAR_NOMBRE_PANTALLA' => '0',
) 
2014-06-16 10:42:07 --> se va a crear el turno 
2014-06-16 10:42:07 --> se creo el turno 6 del area GS 

2014-06-16 10:55:00 --> get_areas 1 
2014-06-16 10:55:00 --> buscando areas del cliente 
2014-06-16 10:55:20 --> crear el consumidor 
2014-06-16 10:55:20 --> se creo el consumidor 3265 
2014-06-16 10:55:20 --> la informacion de la sede es array (
  'S_ID' => '3',
  'S_NOMBRE' => 'NORTE',
  'S_DESCRIPCION' => 'Sede para atender los casos de la regional norte',
  'S_C_ID' => '1',
  'S_CANTIDAD_ENCUESTAS' => '10',
  'S_ACTIVO' => '1',
  'S_LOGO' => '7',
  'S_MUESTRA_VIDEO' => '0',
) 
2014-06-16 10:55:20 --> se va a extraer informacion del area  
2014-06-16 10:55:20 --> la informacion del area es array (
  'AR_ID' => '3',
  'AR_NOMBRE' => 'SEGUIMIENTO_AL_SERVICIO',
  'AR_DESCRIPCION' => 'Cesantias Cert laborales Constancias FNA',
  'AR_C_ID' => '1',
  'AR_ACTIVO' => '1',
  'AR_ALIAS' => 'SAS',
  'AR_MOSTRAR_NOMBRE_PANTALLA' => '0',
) 
2014-06-16 10:55:20 --> se va a crear el turno 
2014-06-16 10:55:20 --> se creo el turno 5 del area SAS 

2014-06-16 10:56:50 --> get_areas 1 
2014-06-16 10:56:50 --> buscando areas del cliente 
2014-06-16 10:57:03 --> crear el consumidor 
2014-06-16 10:57:03 --> se creo el consumidor 3266 
2014-06-16 10:57:03 --> la informacion de la sede es array (
  'S_ID' => '3',
  'S_NOMBRE' => 'NORTE',
  'S_DESCRIPCION' => 'Sede para atender los casos de la regional norte',
  'S_C_ID' => '1',
  'S_CANTIDAD_ENCUESTAS' => '10',
  'S_ACTIVO' => '1',
  'S_LOGO' => '7',
  'S_MUESTRA_VIDEO' => '0',
) 
2014-06-16 10:57:03 --> se va a extraer informacion del area  
2014-06-16 10:57:03 --> la informacion del area es array (
  'AR_ID' => '3',
  'AR_NOMBRE' => 'SEGUIMIENTO_AL_SERVICIO',
  'AR_DESCRIPCION' => 'Cesantias Cert laborales Constancias FNA',
  'AR_C_ID' => '1',
  'AR_ACTIVO' => '1',
  'AR_ALIAS' => 'SAS',
  'AR_MOSTRAR_NOMBRE_PANTALLA' => '0',
) 
2014-06-16 10:57:03 --> se va a crear el turno 
2014-06-16 10:57:03 --> se creo el turno 6 del area SAS 

2014-06-16 10:58:22 --> get_areas 1 
2014-06-16 10:58:22 --> buscando areas del cliente 
2014-06-16 10:58:33 --> crear el consumidor 
2014-06-16 10:58:33 --> se creo el consumidor 3269 
2014-06-16 10:58:33 --> la informacion de la sede es array (
  'S_ID' => '3',
  'S_NOMBRE' => 'NORTE',
  'S_DESCRIPCION' => 'Sede para atender los casos de la regional norte',
  'S_C_ID' => '1',
  'S_CANTIDAD_ENCUESTAS' => '10',
  'S_ACTIVO' => '1',
  'S_LOGO' => '7',
  'S_MUESTRA_VIDEO' => '0',
) 
2014-06-16 10:58:33 --> se va a extraer informacion del area  
2014-06-16 10:58:33 --> la informacion del area es array (
  'AR_ID' => '3',
  'AR_NOMBRE' => 'SEGUIMIENTO_AL_SERVICIO',
  'AR_DESCRIPCION' => 'Cesantias Cert laborales Constancias FNA',
  'AR_C_ID' => '1',
  'AR_ACTIVO' => '1',
  'AR_ALIAS' => 'SAS',
  'AR_MOSTRAR_NOMBRE_PANTALLA' => '0',
) 
2014-06-16 10:58:33 --> se va a crear el turno 
2014-06-16 10:58:33 --> se creo el turno 7 del area SAS 

2014-06-16 11:00:11 --> get_areas 1 
2014-06-16 11:00:11 --> buscando areas del cliente 
2014-06-16 11:00:19 --> crear el consumidor 
2014-06-16 11:00:19 --> se creo el consumidor 3270 
2014-06-16 11:00:19 --> la informacion de la sede es array (
  'S_ID' => '3',
  'S_NOMBRE' => 'NORTE',
  'S_DESCRIPCION' => 'Sede para atender los casos de la regional norte',
  'S_C_ID' => '1',
  'S_CANTIDAD_ENCUESTAS' => '10',
  'S_ACTIVO' => '1',
  'S_LOGO' => '7',
  'S_MUESTRA_VIDEO' => '0',
) 
2014-06-16 11:00:19 --> se va a extraer informacion del area  
2014-06-16 11:00:19 --> la informacion del area es array (
  'AR_ID' => '5',
  'AR_NOMBRE' => 'OTROS',
  'AR_DESCRIPCION' => 'Otros',
  'AR_C_ID' => '1',
  'AR_ACTIVO' => '1',
  'AR_ALIAS' => 'Otro',
  'AR_MOSTRAR_NOMBRE_PANTALLA' => '0',
) 
2014-06-16 11:00:19 --> se va a crear el turno 
2014-06-16 11:00:19 --> se creo el turno 4 del area Otro 

2014-06-16 11:32:04 --> get_areas 1 
2014-06-16 11:32:04 --> buscando areas del cliente 
2014-06-16 11:32:15 --> crear el consumidor 
2014-06-16 11:32:15 --> se creo el consumidor 3278 
2014-06-16 11:32:15 --> la informacion de la sede es array (
  'S_ID' => '3',
  'S_NOMBRE' => 'NORTE',
  'S_DESCRIPCION' => 'Sede para atender los casos de la regional norte',
  'S_C_ID' => '1',
  'S_CANTIDAD_ENCUESTAS' => '10',
  'S_ACTIVO' => '1',
  'S_LOGO' => '7',
  'S_MUESTRA_VIDEO' => '0',
) 
2014-06-16 11:32:15 --> se va a extraer informacion del area  
2014-06-16 11:32:15 --> la informacion del area es array (
  'AR_ID' => '3',
  'AR_NOMBRE' => 'SEGUIMIENTO_AL_SERVICIO',
  'AR_DESCRIPCION' => 'Cesantias Cert laborales Constancias FNA',
  'AR_C_ID' => '1',
  'AR_ACTIVO' => '1',
  'AR_ALIAS' => 'SAS',
  'AR_MOSTRAR_NOMBRE_PANTALLA' => '0',
) 
2014-06-16 11:32:15 --> se va a crear el turno 
2014-06-16 11:32:15 --> se creo el turno 8 del area SAS 

2014-06-16 11:32:36 --> get_areas 1 
2014-06-16 11:32:36 --> buscando areas del cliente 
2014-06-16 11:32:48 --> crear el consumidor 
2014-06-16 11:32:48 --> se creo el consumidor 3279 
2014-06-16 11:32:48 --> la informacion de la sede es array (
  'S_ID' => '3',
  'S_NOMBRE' => 'NORTE',
  'S_DESCRIPCION' => 'Sede para atender los casos de la regional norte',
  'S_C_ID' => '1',
  'S_CANTIDAD_ENCUESTAS' => '10',
  'S_ACTIVO' => '1',
  'S_LOGO' => '7',
  'S_MUESTRA_VIDEO' => '0',
) 
2014-06-16 11:32:48 --> se va a extraer informacion del area  
2014-06-16 11:32:48 --> la informacion del area es array (
  'AR_ID' => '3',
  'AR_NOMBRE' => 'SEGUIMIENTO_AL_SERVICIO',
  'AR_DESCRIPCION' => 'Cesantias Cert laborales Constancias FNA',
  'AR_C_ID' => '1',
  'AR_ACTIVO' => '1',
  'AR_ALIAS' => 'SAS',
  'AR_MOSTRAR_NOMBRE_PANTALLA' => '0',
) 
2014-06-16 11:32:48 --> se va a crear el turno 
2014-06-16 11:32:48 --> se creo el turno 9 del area SAS 

2014-06-16 11:33:17 --> get_areas 1 
2014-06-16 11:33:17 --> buscando areas del cliente 
2014-06-16 11:33:26 --> crear el consumidor 
2014-06-16 11:33:26 --> se creo el consumidor 3280 
2014-06-16 11:33:26 --> la informacion de la sede es array (
  'S_ID' => '3',
  'S_NOMBRE' => 'NORTE',
  'S_DESCRIPCION' => 'Sede para atender los casos de la regional norte',
  'S_C_ID' => '1',
  'S_CANTIDAD_ENCUESTAS' => '10',
  'S_ACTIVO' => '1',
  'S_LOGO' => '7',
  'S_MUESTRA_VIDEO' => '0',
) 
2014-06-16 11:33:26 --> se va a extraer informacion del area  
2014-06-16 11:33:26 --> la informacion del area es array (
  'AR_ID' => '3',
  'AR_NOMBRE' => 'SEGUIMIENTO_AL_SERVICIO',
  'AR_DESCRIPCION' => 'Cesantias Cert laborales Constancias FNA',
  'AR_C_ID' => '1',
  'AR_ACTIVO' => '1',
  'AR_ALIAS' => 'SAS',
  'AR_MOSTRAR_NOMBRE_PANTALLA' => '0',
) 
2014-06-16 11:33:26 --> se va a crear el turno 
2014-06-16 11:33:26 --> se creo el turno 10 del area SAS 

2014-06-16 12:02:19 --> get_areas 1 
2014-06-16 12:02:19 --> buscando areas del cliente 
2014-06-16 12:02:22 --> crear el consumidor 
2014-06-16 12:02:24 --> se creo el consumidor 3287 
2014-06-16 12:02:24 --> la informacion de la sede es array (
  'S_ID' => '2',
  'S_NOMBRE' => 'CENTRO',
  'S_DESCRIPCION' => 'Sede para atender los casos de la regional centro',
  'S_C_ID' => '1',
  'S_CANTIDAD_ENCUESTAS' => '10',
  'S_ACTIVO' => '1',
  'S_LOGO' => '4',
  'S_MUESTRA_VIDEO' => '0',
) 
2014-06-16 12:02:24 --> se va a extraer informacion del area  
2014-06-16 12:02:24 --> la informacion del area es array (
  'AR_ID' => '7',
  'AR_NOMBRE' => 'VARIOS_REQUERIMIENTOS',
  'AR_DESCRIPCION' => 'Solicitudes varias',
  'AR_C_ID' => '1',
  'AR_ACTIVO' => '1',
  'AR_ALIAS' => 'Vari',
  'AR_MOSTRAR_NOMBRE_PANTALLA' => '0',
) 
2014-06-16 12:02:24 --> se va a crear el turno 
2014-06-16 12:02:24 --> se creo el turno 1 del area Vari 

2014-06-16 14:02:37 --> get_areas 1 
2014-06-16 14:02:37 --> buscando areas del cliente 

2014-06-16 14:09:11 --> get_areas 1 
2014-06-16 14:09:11 --> buscando areas del cliente 
2014-06-16 14:09:20 --> crear el consumidor 
2014-06-16 14:09:23 --> se creo el consumidor 3289 
2014-06-16 14:09:23 --> la informacion de la sede es array (
  'S_ID' => '3',
  'S_NOMBRE' => 'NORTE',
  'S_DESCRIPCION' => 'Sede para atender los casos de la regional norte',
  'S_C_ID' => '1',
  'S_CANTIDAD_ENCUESTAS' => '10',
  'S_ACTIVO' => '1',
  'S_LOGO' => '7',
  'S_MUESTRA_VIDEO' => '0',
) 
2014-06-16 14:09:23 --> se va a extraer informacion del area  
2014-06-16 14:09:23 --> la informacion del area es array (
  'AR_ID' => '3',
  'AR_NOMBRE' => 'SEGUIMIENTO_AL_SERVICIO',
  'AR_DESCRIPCION' => 'Cesantias Cert laborales Constancias FNA',
  'AR_C_ID' => '1',
  'AR_ACTIVO' => '1',
  'AR_ALIAS' => 'SAS',
  'AR_MOSTRAR_NOMBRE_PANTALLA' => '0',
) 
2014-06-16 14:09:23 --> se va a crear el turno 
2014-06-16 14:09:23 --> se creo el turno 13 del area SAS 

2014-06-16 14:11:29 --> get_areas 1 
2014-06-16 14:11:29 --> buscando areas del cliente 
2014-06-16 14:11:40 --> crear el consumidor 
2014-06-16 14:11:40 --> se creo el consumidor 3290 
2014-06-16 14:11:40 --> la informacion de la sede es array (
  'S_ID' => '3',
  'S_NOMBRE' => 'NORTE',
  'S_DESCRIPCION' => 'Sede para atender los casos de la regional norte',
  'S_C_ID' => '1',
  'S_CANTIDAD_ENCUESTAS' => '10',
  'S_ACTIVO' => '1',
  'S_LOGO' => '7',
  'S_MUESTRA_VIDEO' => '0',
) 
2014-06-16 14:11:40 --> se va a extraer informacion del area  
2014-06-16 14:11:40 --> la informacion del area es array (
  'AR_ID' => '3',
  'AR_NOMBRE' => 'SEGUIMIENTO_AL_SERVICIO',
  'AR_DESCRIPCION' => 'Cesantias Cert laborales Constancias FNA',
  'AR_C_ID' => '1',
  'AR_ACTIVO' => '1',
  'AR_ALIAS' => 'SAS',
  'AR_MOSTRAR_NOMBRE_PANTALLA' => '0',
) 
2014-06-16 14:11:40 --> se va a crear el turno 
2014-06-16 14:11:40 --> se creo el turno 14 del area SAS 

2014-06-16 14:42:13 --> get_areas 1 
2014-06-16 14:42:13 --> buscando areas del cliente 
2014-06-16 14:43:59 --> crear el consumidor 
2014-06-16 14:43:59 --> se creo el consumidor 3299 
2014-06-16 14:43:59 --> la informacion de la sede es array (
  'S_ID' => '2',
  'S_NOMBRE' => 'CENTRO',
  'S_DESCRIPCION' => 'Sede para atender los casos de la regional centro',
  'S_C_ID' => '1',
  'S_CANTIDAD_ENCUESTAS' => '10',
  'S_ACTIVO' => '1',
  'S_LOGO' => '4',
  'S_MUESTRA_VIDEO' => '0',
) 
2014-06-16 14:43:59 --> se va a extraer informacion del area  
2014-06-16 14:43:59 --> la informacion del area es array (
  'AR_ID' => '7',
  'AR_NOMBRE' => 'VARIOS_REQUERIMIENTOS',
  'AR_DESCRIPCION' => 'Solicitudes varias',
  'AR_C_ID' => '1',
  'AR_ACTIVO' => '1',
  'AR_ALIAS' => 'Vari',
  'AR_MOSTRAR_NOMBRE_PANTALLA' => '0',
) 
2014-06-16 14:43:59 --> se va a crear el turno 
2014-06-16 14:43:59 --> se creo el turno 2 del area Vari 

2014-06-16 14:44:12 --> get_areas 1 
2014-06-16 14:44:12 --> buscando areas del cliente 
2014-06-16 14:44:49 --> crear el consumidor 
2014-06-16 14:44:49 --> se creo el consumidor 3300 
2014-06-16 14:44:49 --> la informacion de la sede es array (
  'S_ID' => '3',
  'S_NOMBRE' => 'NORTE',
  'S_DESCRIPCION' => 'Sede para atender los casos de la regional norte',
  'S_C_ID' => '1',
  'S_CANTIDAD_ENCUESTAS' => '10',
  'S_ACTIVO' => '1',
  'S_LOGO' => '7',
  'S_MUESTRA_VIDEO' => '0',
) 
2014-06-16 14:44:49 --> se va a extraer informacion del area  
2014-06-16 14:44:49 --> la informacion del area es array (
  'AR_ID' => '1',
  'AR_NOMBRE' => 'GERENCIAMIENTO_DEL_SERVICIO',
  'AR_DESCRIPCION' => 'Cartas de ingreso al punto de venta Fondex',
  'AR_C_ID' => '1',
  'AR_ACTIVO' => '1',
  'AR_ALIAS' => 'GS',
  'AR_MOSTRAR_NOMBRE_PANTALLA' => '0',
) 
2014-06-16 14:44:49 --> se va a crear el turno 
2014-06-16 14:44:49 --> se creo el turno 7 del area GS 

2014-06-16 14:49:52 --> get_areas 1 
2014-06-16 14:49:52 --> buscando areas del cliente 
2014-06-16 14:49:57 --> crear el consumidor 
2014-06-16 14:49:57 --> se creo el consumidor 3301 
2014-06-16 14:49:57 --> la informacion de la sede es array (
  'S_ID' => '3',
  'S_NOMBRE' => 'NORTE',
  'S_DESCRIPCION' => 'Sede para atender los casos de la regional norte',
  'S_C_ID' => '1',
  'S_CANTIDAD_ENCUESTAS' => '10',
  'S_ACTIVO' => '1',
  'S_LOGO' => '7',
  'S_MUESTRA_VIDEO' => '0',
) 
2014-06-16 14:49:57 --> se va a extraer informacion del area  
2014-06-16 14:49:57 --> la informacion del area es array (
  'AR_ID' => '1',
  'AR_NOMBRE' => 'GERENCIAMIENTO_DEL_SERVICIO',
  'AR_DESCRIPCION' => 'Cartas de ingreso al punto de venta Fondex',
  'AR_C_ID' => '1',
  'AR_ACTIVO' => '1',
  'AR_ALIAS' => 'GS',
  'AR_MOSTRAR_NOMBRE_PANTALLA' => '0',
) 
2014-06-16 14:49:57 --> se va a crear el turno 
2014-06-16 14:49:57 --> se creo el turno 8 del area GS 

 datos de entrada get_movil son user: adriana_castro y pass: e10adc3949ba59abbe56e057f20f883e 

 dato de salida get_movil es 6,ADRIANA CASTRO,11,1,2 

 datos de entrada get_areas2 son perfil:  

 dato de salida get_areas2 es array (
  0 => 
  array (
    'AR_ID' => '1',
    'AR_NOMBRE' => 'GERENCIAMIENTO_DEL_SERVICIO',
    'AR_DESCRIPCION' => 'Cartas de ingreso al punto de venta Fondex',
    'AR_C_ID' => '1',
    'AR_ACTIVO' => '1',
    'AR_ALIAS' => 'GS',
    'AR_MOSTRAR_NOMBRE_PANTALLA' => '0',
  ),
  1 => 
  array (
    'AR_ID' => '2',
    'AR_NOMBRE' => 'ADMINISTRACION_DE_LA_SEGURIDAD_SOCIAL_Y_PARAFISCALES',
    'AR_DESCRIPCION' => 'Seguridad social Pensiones Incapacidades',
    'AR_C_ID' => '1',
    'AR_ACTIVO' => '1',
    'AR_ALIAS' => 'A',
    'AR_MOSTRAR_NOMBRE_PANTALLA' => '0',
  ),
  2 => 
  array (
    'AR_ID' => '3',
    'AR_NOMBRE' => 'SEGUIMIENTO_AL_SERVICIO',
    'AR_DESCRIPCION' => 'Cesantias Cert laborales Constancias FNA',
    'AR_C_ID' => '1',
    'AR_ACTIVO' => '1',
    'AR_ALIAS' => 'SAS',
    'AR_MOSTRAR_NOMBRE_PANTALLA' => '0',
  ),
  3 => 
  array (
    'AR_ID' => '5',
    'AR_NOMBRE' => 'OTROS',
    'AR_DESCRIPCION' => 'Otros',
    'AR_C_ID' => '1',
    'AR_ACTIVO' => '1',
    'AR_ALIAS' => 'Otro',
    'AR_MOSTRAR_NOMBRE_PANTALLA' => '0',
  ),
  4 => 
  array (
    'AR_ID' => '7',
    'AR_NOMBRE' => 'VARIOS_REQUERIMIENTOS',
    'AR_DESCRIPCION' => 'Solicitudes varias',
    'AR_C_ID' => '1',
    'AR_ACTIVO' => '1',
    'AR_ALIAS' => 'Vari',
    'AR_MOSTRAR_NOMBRE_PANTALLA' => '0',
  ),
  5 => 
  array (
    'AR_ID' => '8',
    'AR_NOMBRE' => 'COMPENSACION_SALARIAL',
    'AR_DESCRIPCION' => 'Pago nomina y liquidaciones',
    'AR_C_ID' => '1',
    'AR_ACTIVO' => '1',
    'AR_ALIAS' => 'Comp',
    'AR_MOSTRAR_NOMBRE_PANTALLA' => '0',
  ),
) 

 datos de entrada get_movil son user: alvaro_naranjo y pass: e10adc3949ba59abbe56e057f20f883e 

 dato de salida get_movil es 10,ALVARO NARANJO,11,1,2 

 datos de entrada get_areas2 son perfil:  

 dato de salida get_areas2 es array (
  0 => 
  array (
    'AR_ID' => '1',
    'AR_NOMBRE' => 'GERENCIAMIENTO_DEL_SERVICIO',
    'AR_DESCRIPCION' => 'Cartas de ingreso al punto de venta Fondex',
    'AR_C_ID' => '1',
    'AR_ACTIVO' => '1',
    'AR_ALIAS' => 'GS',
    'AR_MOSTRAR_NOMBRE_PANTALLA' => '0',
  ),
  1 => 
  array (
    'AR_ID' => '2',
    'AR_NOMBRE' => 'ADMINISTRACION_DE_LA_SEGURIDAD_SOCIAL_Y_PARAFISCALES',
    'AR_DESCRIPCION' => 'Seguridad social Pensiones Incapacidades',
    'AR_C_ID' => '1',
    'AR_ACTIVO' => '1',
    'AR_ALIAS' => 'A',
    'AR_MOSTRAR_NOMBRE_PANTALLA' => '0',
  ),
  2 => 
  array (
    'AR_ID' => '3',
    'AR_NOMBRE' => 'SEGUIMIENTO_AL_SERVICIO',
    'AR_DESCRIPCION' => 'Cesantias Cert laborales Constancias FNA',
    'AR_C_ID' => '1',
    'AR_ACTIVO' => '1',
    'AR_ALIAS' => 'SAS',
    'AR_MOSTRAR_NOMBRE_PANTALLA' => '0',
  ),
  3 => 
  array (
    'AR_ID' => '5',
    'AR_NOMBRE' => 'OTROS',
    'AR_DESCRIPCION' => 'Otros',
    'AR_C_ID' => '1',
    'AR_ACTIVO' => '1',
    'AR_ALIAS' => 'Otro',
    'AR_MOSTRAR_NOMBRE_PANTALLA' => '0',
  ),
  4 => 
  array (
    'AR_ID' => '7',
    'AR_NOMBRE' => 'VARIOS_REQUERIMIENTOS',
    'AR_DESCRIPCION' => 'Solicitudes varias',
    'AR_C_ID' => '1',
    'AR_ACTIVO' => '1',
    'AR_ALIAS' => 'Vari',
    'AR_MOSTRAR_NOMBRE_PANTALLA' => '0',
  ),
  5 => 
  array (
    'AR_ID' => '8',
    'AR_NOMBRE' => 'COMPENSACION_SALARIAL',
    'AR_DESCRIPCION' => 'Pago nomina y liquidaciones',
    'AR_C_ID' => '1',
    'AR_ACTIVO' => '1',
    'AR_ALIAS' => 'Comp',
    'AR_MOSTRAR_NOMBRE_PANTALLA' => '0',
  ),
) 

 datos de entrada get_movil son user: pplievano y pass: e10adc3949ba59abbe56e057f20f883e 

 dato de salida get_movil es 18,Pedro Pablo Lievano Torres,11,2,2 

 datos de entrada get_areas2 son perfil:  

 dato de salida get_areas2 es array (
  0 => 
  array (
    'AR_ID' => '9',
    'AR_NOMBRE' => 'Documentos',
    'AR_DESCRIPCION' => 'Area de documentos',
    'AR_C_ID' => '2',
    'AR_ACTIVO' => '1',
    'AR_ALIAS' => 'DC',
    'AR_MOSTRAR_NOMBRE_PANTALLA' => '1',
  ),
) 

2014-06-16 16:02:25 --> get_areas 1 
2014-06-16 16:02:25 --> buscando areas del cliente 

2014-06-16 16:02:50 --> get_areas 1 
2014-06-16 16:02:50 --> buscando areas del cliente 
2014-06-16 16:03:05 --> crear el consumidor 
2014-06-16 16:03:05 --> se creo el consumidor 3341 
2014-06-16 16:03:05 --> la informacion de la sede es array (
  'S_ID' => '3',
  'S_NOMBRE' => 'NORTE',
  'S_DESCRIPCION' => 'Sede para atender los casos de la regional norte',
  'S_C_ID' => '1',
  'S_CANTIDAD_ENCUESTAS' => '10',
  'S_ACTIVO' => '1',
  'S_LOGO' => '7',
  'S_MUESTRA_VIDEO' => '0',
) 
2014-06-16 16:03:05 --> se va a extraer informacion del area  
2014-06-16 16:03:05 --> la informacion del area es array (
  'AR_ID' => '1',
  'AR_NOMBRE' => 'GERENCIAMIENTO_DEL_SERVICIO',
  'AR_DESCRIPCION' => 'Cartas de ingreso al punto de venta Fondex',
  'AR_C_ID' => '1',
  'AR_ACTIVO' => '1',
  'AR_ALIAS' => 'GS',
  'AR_MOSTRAR_NOMBRE_PANTALLA' => '0',
) 
2014-06-16 16:03:05 --> se va a crear el turno 
2014-06-16 16:03:05 --> se creo el turno 9 del area GS 

2014-06-16 16:07:17 --> get_areas 1 
2014-06-16 16:07:17 --> buscando areas del cliente 
2014-06-16 16:07:22 --> crear el consumidor 
2014-06-16 16:07:22 --> se creo el consumidor 3346 
2014-06-16 16:07:22 --> la informacion de la sede es array (
  'S_ID' => '2',
  'S_NOMBRE' => 'CENTRO',
  'S_DESCRIPCION' => 'Sede para atender los casos de la regional centro',
  'S_C_ID' => '1',
  'S_CANTIDAD_ENCUESTAS' => '10',
  'S_ACTIVO' => '1',
  'S_LOGO' => '4',
  'S_MUESTRA_VIDEO' => '0',
) 
2014-06-16 16:07:22 --> se va a extraer informacion del area  
2014-06-16 16:07:22 --> la informacion del area es array (
  'AR_ID' => '2',
  'AR_NOMBRE' => 'ADMINISTRACION_DE_LA_SEGURIDAD_SOCIAL_Y_PARAFISCALES',
  'AR_DESCRIPCION' => 'Seguridad social Pensiones Incapacidades',
  'AR_C_ID' => '1',
  'AR_ACTIVO' => '1',
  'AR_ALIAS' => 'A',
  'AR_MOSTRAR_NOMBRE_PANTALLA' => '0',
) 
2014-06-16 16:07:22 --> se va a crear el turno 
2014-06-16 16:07:22 --> se creo el turno 1 del area A 

 datos de entrada get_movil son user: adriana_castro y pass: e10adc3949ba59abbe56e057f20f883e 

 dato de salida get_movil es 6,ADRIANA CASTRO,11,1,2 

 datos de entrada get_areas2 son perfil:  

 dato de salida get_areas2 es array (
  0 => 
  array (
    'AR_ID' => '1',
    'AR_NOMBRE' => 'GERENCIAMIENTO_DEL_SERVICIO',
    'AR_DESCRIPCION' => 'Cartas de ingreso al punto de venta Fondex',
    'AR_C_ID' => '1',
    'AR_ACTIVO' => '1',
    'AR_ALIAS' => 'GS',
    'AR_MOSTRAR_NOMBRE_PANTALLA' => '0',
  ),
  1 => 
  array (
    'AR_ID' => '2',
    'AR_NOMBRE' => 'ADMINISTRACION_DE_LA_SEGURIDAD_SOCIAL_Y_PARAFISCALES',
    'AR_DESCRIPCION' => 'Seguridad social Pensiones Incapacidades',
    'AR_C_ID' => '1',
    'AR_ACTIVO' => '1',
    'AR_ALIAS' => 'A',
    'AR_MOSTRAR_NOMBRE_PANTALLA' => '0',
  ),
  2 => 
  array (
    'AR_ID' => '3',
    'AR_NOMBRE' => 'SEGUIMIENTO_AL_SERVICIO',
    'AR_DESCRIPCION' => 'Cesantias Cert laborales Constancias FNA',
    'AR_C_ID' => '1',
    'AR_ACTIVO' => '1',
    'AR_ALIAS' => 'SAS',
    'AR_MOSTRAR_NOMBRE_PANTALLA' => '0',
  ),
  3 => 
  array (
    'AR_ID' => '5',
    'AR_NOMBRE' => 'OTROS',
    'AR_DESCRIPCION' => 'Otros',
    'AR_C_ID' => '1',
    'AR_ACTIVO' => '1',
    'AR_ALIAS' => 'Otro',
    'AR_MOSTRAR_NOMBRE_PANTALLA' => '0',
  ),
  4 => 
  array (
    'AR_ID' => '7',
    'AR_NOMBRE' => 'VARIOS_REQUERIMIENTOS',
    'AR_DESCRIPCION' => 'Solicitudes varias',
    'AR_C_ID' => '1',
    'AR_ACTIVO' => '1',
    'AR_ALIAS' => 'Vari',
    'AR_MOSTRAR_NOMBRE_PANTALLA' => '0',
  ),
  5 => 
  array (
    'AR_ID' => '8',
    'AR_NOMBRE' => 'COMPENSACION_SALARIAL',
    'AR_DESCRIPCION' => 'Pago nomina y liquidaciones',
    'AR_C_ID' => '1',
    'AR_ACTIVO' => '1',
    'AR_ALIAS' => 'Comp',
    'AR_MOSTRAR_NOMBRE_PANTALLA' => '0',
  ),
) 
2014-06-16 17:00:20 --> crear el consumidor 
2014-06-16 17:00:20 --> se creo el consumidor 3392 
2014-06-16 17:00:20 --> la informacion de la sede es array (
  'S_ID' => '2',
  'S_NOMBRE' => 'CENTRO',
  'S_DESCRIPCION' => 'Sede para atender los casos de la regional centro',
  'S_C_ID' => '1',
  'S_CANTIDAD_ENCUESTAS' => '10',
  'S_ACTIVO' => '1',
  'S_LOGO' => '4',
  'S_MUESTRA_VIDEO' => '0',
) 
2014-06-16 17:00:20 --> se va a extraer informacion del area  
2014-06-16 17:00:20 --> la informacion del area es array (
  'AR_ID' => '2',
  'AR_NOMBRE' => 'ADMINISTRACION_DE_LA_SEGURIDAD_SOCIAL_Y_PARAFISCALES',
  'AR_DESCRIPCION' => 'Seguridad social Pensiones Incapacidades',
  'AR_C_ID' => '1',
  'AR_ACTIVO' => '1',
  'AR_ALIAS' => 'A',
  'AR_MOSTRAR_NOMBRE_PANTALLA' => '0',
) 
2014-06-16 17:00:20 --> se va a crear el turno 
2014-06-16 17:00:20 --> se creo el turno 3 del area A 
