
2015-01-14 07:51:39 --> get_areas 1 
2015-01-14 07:51:39 --> buscando areas del cliente 

2015-01-14 07:53:55 --> get_areas 1 
2015-01-14 07:53:55 --> buscando areas del cliente 
2015-01-14 07:54:05 --> crear el consumidor 
2015-01-14 07:54:05 --> se creo el consumidor 30343 
2015-01-14 07:54:05 --> la informacion de la sede es array (
  'S_ID' => '4',
  'S_NOMBRE' => 'OCCIDENTE',
  'S_DESCRIPCION' => 'Sedle para atender los casos de la regional occidente',
  'S_C_ID' => '1',
  'S_CANTIDAD_ENCUESTAS' => '10',
  'S_ACTIVO' => '1',
  'S_LOGO' => '7',
  'S_MUESTRA_VIDEO' => '1',
) 
2015-01-14 07:54:05 --> se va a extraer informacion del area  
2015-01-14 07:54:05 --> la informacion del area es array (
  'AR_ID' => '5',
  'AR_NOMBRE' => 'OTROS',
  'AR_DESCRIPCION' => 'Otros',
  'AR_C_ID' => '1',
  'AR_ACTIVO' => '1',
  'AR_ALIAS' => 'O',
  'AR_MOSTRAR_NOMBRE_PANTALLA' => '0',
) 
2015-01-14 07:54:05 --> se va a crear el turno 
2015-01-14 07:54:05 --> se creo el turno 1 del area O 

2015-01-14 07:54:59 --> get_areas 1 
2015-01-14 07:54:59 --> buscando areas del cliente 
2015-01-14 07:55:07 --> crear el consumidor 
2015-01-14 07:55:07 --> se creo el consumidor 30344 
2015-01-14 07:55:07 --> la informacion de la sede es array (
  'S_ID' => '4',
  'S_NOMBRE' => 'OCCIDENTE',
  'S_DESCRIPCION' => 'Sedle para atender los casos de la regional occidente',
  'S_C_ID' => '1',
  'S_CANTIDAD_ENCUESTAS' => '10',
  'S_ACTIVO' => '1',
  'S_LOGO' => '7',
  'S_MUESTRA_VIDEO' => '1',
) 
2015-01-14 07:55:07 --> se va a extraer informacion del area  
2015-01-14 07:55:07 --> la informacion del area es array (
  'AR_ID' => '5',
  'AR_NOMBRE' => 'OTROS',
  'AR_DESCRIPCION' => 'Otros',
  'AR_C_ID' => '1',
  'AR_ACTIVO' => '1',
  'AR_ALIAS' => 'O',
  'AR_MOSTRAR_NOMBRE_PANTALLA' => '0',
) 
2015-01-14 07:55:07 --> se va a crear el turno 
2015-01-14 07:55:07 --> se creo el turno 2 del area O 

2015-01-14 08:00:34 --> get_areas 1 
2015-01-14 08:00:34 --> buscando areas del cliente 
2015-01-14 08:00:53 --> crear el consumidor 
2015-01-14 08:00:53 --> se creo el consumidor 30346 
2015-01-14 08:00:53 --> la informacion de la sede es array (
  'S_ID' => '4',
  'S_NOMBRE' => 'OCCIDENTE',
  'S_DESCRIPCION' => 'Sedle para atender los casos de la regional occidente',
  'S_C_ID' => '1',
  'S_CANTIDAD_ENCUESTAS' => '10',
  'S_ACTIVO' => '1',
  'S_LOGO' => '7',
  'S_MUESTRA_VIDEO' => '1',
) 
2015-01-14 08:00:53 --> se va a extraer informacion del area  
2015-01-14 08:00:53 --> la informacion del area es array (
  'AR_ID' => '2',
  'AR_NOMBRE' => 'APORTES',
  'AR_DESCRIPCION' => 'Pensiones Incapacidades Cesantias Cartas FNA',
  'AR_C_ID' => '1',
  'AR_ACTIVO' => '1',
  'AR_ALIAS' => 'A',
  'AR_MOSTRAR_NOMBRE_PANTALLA' => '0',
) 
2015-01-14 08:00:53 --> se va a crear el turno 
2015-01-14 08:00:53 --> se creo el turno 1 del area A 

2015-01-14 08:03:19 --> get_areas 1 
2015-01-14 08:03:19 --> buscando areas del cliente 
2015-01-14 08:03:44 --> crear el consumidor 
2015-01-14 08:03:44 --> se creo el consumidor 30348 
2015-01-14 08:03:44 --> la informacion de la sede es array (
  'S_ID' => '4',
  'S_NOMBRE' => 'OCCIDENTE',
  'S_DESCRIPCION' => 'Sedle para atender los casos de la regional occidente',
  'S_C_ID' => '1',
  'S_CANTIDAD_ENCUESTAS' => '10',
  'S_ACTIVO' => '1',
  'S_LOGO' => '7',
  'S_MUESTRA_VIDEO' => '1',
) 
2015-01-14 08:03:44 --> se va a extraer informacion del area  
2015-01-14 08:03:44 --> la informacion del area es array (
  'AR_ID' => '8',
  'AR_NOMBRE' => 'COMPENSACION_SALARIAL',
  'AR_DESCRIPCION' => 'Informacion pago nomina y liquidaciones',
  'AR_C_ID' => '1',
  'AR_ACTIVO' => '1',
  'AR_ALIAS' => 'CS',
  'AR_MOSTRAR_NOMBRE_PANTALLA' => '0',
) 
2015-01-14 08:03:44 --> se va a crear el turno 
2015-01-14 08:03:44 --> se creo el turno 1 del area CS 

2015-01-14 08:04:28 --> get_areas 1 
2015-01-14 08:04:28 --> buscando areas del cliente 
2015-01-14 08:04:32 --> crear el consumidor 
2015-01-14 08:04:32 --> se creo el consumidor 30350 
2015-01-14 08:04:32 --> la informacion de la sede es array (
  'S_ID' => '4',
  'S_NOMBRE' => 'OCCIDENTE',
  'S_DESCRIPCION' => 'Sedle para atender los casos de la regional occidente',
  'S_C_ID' => '1',
  'S_CANTIDAD_ENCUESTAS' => '10',
  'S_ACTIVO' => '1',
  'S_LOGO' => '7',
  'S_MUESTRA_VIDEO' => '1',
) 
2015-01-14 08:04:32 --> se va a extraer informacion del area  
2015-01-14 08:04:32 --> la informacion del area es array (
  'AR_ID' => '8',
  'AR_NOMBRE' => 'COMPENSACION_SALARIAL',
  'AR_DESCRIPCION' => 'Informacion pago nomina y liquidaciones',
  'AR_C_ID' => '1',
  'AR_ACTIVO' => '1',
  'AR_ALIAS' => 'CS',
  'AR_MOSTRAR_NOMBRE_PANTALLA' => '0',
) 
2015-01-14 08:04:32 --> se va a crear el turno 
2015-01-14 08:04:32 --> se creo el turno 2 del area CS 

2015-01-14 08:08:25 --> get_areas 1 
2015-01-14 08:08:25 --> buscando areas del cliente 
2015-01-14 08:08:43 --> crear el consumidor 
2015-01-14 08:08:43 --> se creo el consumidor 30352 
2015-01-14 08:08:43 --> la informacion de la sede es array (
  'S_ID' => '4',
  'S_NOMBRE' => 'OCCIDENTE',
  'S_DESCRIPCION' => 'Sedle para atender los casos de la regional occidente',
  'S_C_ID' => '1',
  'S_CANTIDAD_ENCUESTAS' => '10',
  'S_ACTIVO' => '1',
  'S_LOGO' => '7',
  'S_MUESTRA_VIDEO' => '1',
) 
2015-01-14 08:08:43 --> se va a extraer informacion del area  
2015-01-14 08:08:43 --> la informacion del area es array (
  'AR_ID' => '2',
  'AR_NOMBRE' => 'APORTES',
  'AR_DESCRIPCION' => 'Pensiones Incapacidades Cesantias Cartas FNA',
  'AR_C_ID' => '1',
  'AR_ACTIVO' => '1',
  'AR_ALIAS' => 'A',
  'AR_MOSTRAR_NOMBRE_PANTALLA' => '0',
) 
2015-01-14 08:08:43 --> se va a crear el turno 
2015-01-14 08:08:43 --> se creo el turno 2 del area A 

2015-01-14 08:12:24 --> get_areas 1 
2015-01-14 08:12:24 --> buscando areas del cliente 

2015-01-14 08:13:09 --> get_areas 1 
2015-01-14 08:13:09 --> buscando areas del cliente 
2015-01-14 08:13:26 --> crear el consumidor 
2015-01-14 08:13:26 --> se creo el consumidor 30359 
2015-01-14 08:13:26 --> la informacion de la sede es array (
  'S_ID' => '4',
  'S_NOMBRE' => 'OCCIDENTE',
  'S_DESCRIPCION' => 'Sedle para atender los casos de la regional occidente',
  'S_C_ID' => '1',
  'S_CANTIDAD_ENCUESTAS' => '10',
  'S_ACTIVO' => '1',
  'S_LOGO' => '7',
  'S_MUESTRA_VIDEO' => '1',
) 
2015-01-14 08:13:26 --> se va a extraer informacion del area  
2015-01-14 08:13:26 --> la informacion del area es array (
  'AR_ID' => '5',
  'AR_NOMBRE' => 'OTROS',
  'AR_DESCRIPCION' => 'Otros',
  'AR_C_ID' => '1',
  'AR_ACTIVO' => '1',
  'AR_ALIAS' => 'O',
  'AR_MOSTRAR_NOMBRE_PANTALLA' => '0',
) 
2015-01-14 08:13:26 --> se va a crear el turno 
2015-01-14 08:13:26 --> se creo el turno 3 del area O 

2015-01-14 08:17:28 --> get_areas 1 
2015-01-14 08:17:28 --> buscando areas del cliente 
2015-01-14 08:17:48 --> crear el consumidor 
2015-01-14 08:17:48 --> se creo el consumidor 30362 
2015-01-14 08:17:48 --> la informacion de la sede es array (
  'S_ID' => '4',
  'S_NOMBRE' => 'OCCIDENTE',
  'S_DESCRIPCION' => 'Sedle para atender los casos de la regional occidente',
  'S_C_ID' => '1',
  'S_CANTIDAD_ENCUESTAS' => '10',
  'S_ACTIVO' => '1',
  'S_LOGO' => '7',
  'S_MUESTRA_VIDEO' => '1',
) 
2015-01-14 08:17:48 --> se va a extraer informacion del area  
2015-01-14 08:17:48 --> la informacion del area es array (
  'AR_ID' => '5',
  'AR_NOMBRE' => 'OTROS',
  'AR_DESCRIPCION' => 'Otros',
  'AR_C_ID' => '1',
  'AR_ACTIVO' => '1',
  'AR_ALIAS' => 'O',
  'AR_MOSTRAR_NOMBRE_PANTALLA' => '0',
) 
2015-01-14 08:17:48 --> se va a crear el turno 
2015-01-14 08:17:48 --> se creo el turno 4 del area O 

2015-01-14 08:29:41 --> get_areas 1 
2015-01-14 08:29:41 --> buscando areas del cliente 
2015-01-14 08:29:52 --> crear el consumidor 
2015-01-14 08:29:52 --> se creo el consumidor 30365 
2015-01-14 08:29:52 --> la informacion de la sede es array (
  'S_ID' => '4',
  'S_NOMBRE' => 'OCCIDENTE',
  'S_DESCRIPCION' => 'Sedle para atender los casos de la regional occidente',
  'S_C_ID' => '1',
  'S_CANTIDAD_ENCUESTAS' => '10',
  'S_ACTIVO' => '1',
  'S_LOGO' => '7',
  'S_MUESTRA_VIDEO' => '1',
) 
2015-01-14 08:29:52 --> se va a extraer informacion del area  
2015-01-14 08:29:52 --> la informacion del area es array (
  'AR_ID' => '8',
  'AR_NOMBRE' => 'COMPENSACION_SALARIAL',
  'AR_DESCRIPCION' => 'Informacion pago nomina y liquidaciones',
  'AR_C_ID' => '1',
  'AR_ACTIVO' => '1',
  'AR_ALIAS' => 'CS',
  'AR_MOSTRAR_NOMBRE_PANTALLA' => '0',
) 
2015-01-14 08:29:52 --> se va a crear el turno 
2015-01-14 08:29:52 --> se creo el turno 3 del area CS 

2015-01-14 09:00:42 --> get_areas 1 
2015-01-14 09:00:42 --> buscando areas del cliente 

2015-01-14 09:14:50 --> get_areas 1 
2015-01-14 09:14:50 --> buscando areas del cliente 
2015-01-14 09:15:04 --> crear el consumidor 
2015-01-14 09:15:04 --> se creo el consumidor 30379 
2015-01-14 09:15:04 --> la informacion de la sede es array (
  'S_ID' => '2',
  'S_NOMBRE' => 'CENTRO',
  'S_DESCRIPCION' => 'Sede para atender los casos de la regional centro',
  'S_C_ID' => '1',
  'S_CANTIDAD_ENCUESTAS' => '10',
  'S_ACTIVO' => '1',
  'S_LOGO' => '7',
  'S_MUESTRA_VIDEO' => '0',
) 
2015-01-14 09:15:04 --> se va a extraer informacion del area  
2015-01-14 09:15:04 --> la informacion del area es array (
  'AR_ID' => '5',
  'AR_NOMBRE' => 'OTROS',
  'AR_DESCRIPCION' => 'Otros',
  'AR_C_ID' => '1',
  'AR_ACTIVO' => '1',
  'AR_ALIAS' => 'O',
  'AR_MOSTRAR_NOMBRE_PANTALLA' => '0',
) 
2015-01-14 09:15:04 --> se va a crear el turno 
2015-01-14 09:15:04 --> se creo el turno 1 del area O 

2015-01-14 09:15:54 --> get_areas 1 
2015-01-14 09:15:54 --> buscando areas del cliente 
2015-01-14 09:16:04 --> crear el consumidor 
2015-01-14 09:16:04 --> se creo el consumidor 30381 
2015-01-14 09:16:04 --> la informacion de la sede es array (
  'S_ID' => '2',
  'S_NOMBRE' => 'CENTRO',
  'S_DESCRIPCION' => 'Sede para atender los casos de la regional centro',
  'S_C_ID' => '1',
  'S_CANTIDAD_ENCUESTAS' => '10',
  'S_ACTIVO' => '1',
  'S_LOGO' => '7',
  'S_MUESTRA_VIDEO' => '0',
) 
2015-01-14 09:16:04 --> se va a extraer informacion del area  
2015-01-14 09:16:04 --> la informacion del area es array (
  'AR_ID' => '5',
  'AR_NOMBRE' => 'OTROS',
  'AR_DESCRIPCION' => 'Otros',
  'AR_C_ID' => '1',
  'AR_ACTIVO' => '1',
  'AR_ALIAS' => 'O',
  'AR_MOSTRAR_NOMBRE_PANTALLA' => '0',
) 
2015-01-14 09:16:04 --> se va a crear el turno 
2015-01-14 09:16:04 --> se creo el turno 2 del area O 

2015-01-14 09:37:50 --> get_areas 1 
2015-01-14 09:37:50 --> buscando areas del cliente 

2015-01-14 10:22:23 --> get_areas 1 
2015-01-14 10:22:23 --> buscando areas del cliente 
2015-01-14 10:22:34 --> crear el consumidor 
2015-01-14 10:22:34 --> se creo el consumidor 30403 
2015-01-14 10:22:34 --> la informacion de la sede es array (
  'S_ID' => '4',
  'S_NOMBRE' => 'OCCIDENTE',
  'S_DESCRIPCION' => 'Sedle para atender los casos de la regional occidente',
  'S_C_ID' => '1',
  'S_CANTIDAD_ENCUESTAS' => '10',
  'S_ACTIVO' => '1',
  'S_LOGO' => '7',
  'S_MUESTRA_VIDEO' => '1',
) 
2015-01-14 10:22:34 --> se va a extraer informacion del area  
2015-01-14 10:22:34 --> la informacion del area es array (
  'AR_ID' => '5',
  'AR_NOMBRE' => 'OTROS',
  'AR_DESCRIPCION' => 'Otros',
  'AR_C_ID' => '1',
  'AR_ACTIVO' => '1',
  'AR_ALIAS' => 'O',
  'AR_MOSTRAR_NOMBRE_PANTALLA' => '0',
) 
2015-01-14 10:22:34 --> se va a crear el turno 
2015-01-14 10:22:34 --> se creo el turno 5 del area O 

2015-01-14 10:25:43 --> get_areas 1 
2015-01-14 10:25:43 --> buscando areas del cliente 
2015-01-14 10:25:54 --> crear el consumidor 
2015-01-14 10:25:54 --> se creo el consumidor 30404 
2015-01-14 10:25:54 --> la informacion de la sede es array (
  'S_ID' => '4',
  'S_NOMBRE' => 'OCCIDENTE',
  'S_DESCRIPCION' => 'Sedle para atender los casos de la regional occidente',
  'S_C_ID' => '1',
  'S_CANTIDAD_ENCUESTAS' => '10',
  'S_ACTIVO' => '1',
  'S_LOGO' => '7',
  'S_MUESTRA_VIDEO' => '1',
) 
2015-01-14 10:25:54 --> se va a extraer informacion del area  
2015-01-14 10:25:54 --> la informacion del area es array (
  'AR_ID' => '5',
  'AR_NOMBRE' => 'OTROS',
  'AR_DESCRIPCION' => 'Otros',
  'AR_C_ID' => '1',
  'AR_ACTIVO' => '1',
  'AR_ALIAS' => 'O',
  'AR_MOSTRAR_NOMBRE_PANTALLA' => '0',
) 
2015-01-14 10:25:54 --> se va a crear el turno 
2015-01-14 10:25:54 --> se creo el turno 6 del area O 

2015-01-14 10:26:43 --> get_areas 1 
2015-01-14 10:26:43 --> buscando areas del cliente 
2015-01-14 10:26:57 --> crear el consumidor 
2015-01-14 10:26:57 --> se creo el consumidor 30405 
2015-01-14 10:26:57 --> la informacion de la sede es array (
  'S_ID' => '4',
  'S_NOMBRE' => 'OCCIDENTE',
  'S_DESCRIPCION' => 'Sedle para atender los casos de la regional occidente',
  'S_C_ID' => '1',
  'S_CANTIDAD_ENCUESTAS' => '10',
  'S_ACTIVO' => '1',
  'S_LOGO' => '7',
  'S_MUESTRA_VIDEO' => '1',
) 
2015-01-14 10:26:57 --> se va a extraer informacion del area  
2015-01-14 10:26:57 --> la informacion del area es array (
  'AR_ID' => '5',
  'AR_NOMBRE' => 'OTROS',
  'AR_DESCRIPCION' => 'Otros',
  'AR_C_ID' => '1',
  'AR_ACTIVO' => '1',
  'AR_ALIAS' => 'O',
  'AR_MOSTRAR_NOMBRE_PANTALLA' => '0',
) 
2015-01-14 10:26:57 --> se va a crear el turno 
2015-01-14 10:26:57 --> se creo el turno 7 del area O 

2015-01-14 10:27:54 --> get_areas 1 
2015-01-14 10:27:54 --> buscando areas del cliente 
2015-01-14 10:28:18 --> crear el consumidor 
2015-01-14 10:28:18 --> se creo el consumidor 30407 
2015-01-14 10:28:18 --> la informacion de la sede es array (
  'S_ID' => '4',
  'S_NOMBRE' => 'OCCIDENTE',
  'S_DESCRIPCION' => 'Sedle para atender los casos de la regional occidente',
  'S_C_ID' => '1',
  'S_CANTIDAD_ENCUESTAS' => '10',
  'S_ACTIVO' => '1',
  'S_LOGO' => '7',
  'S_MUESTRA_VIDEO' => '1',
) 
2015-01-14 10:28:18 --> se va a extraer informacion del area  
2015-01-14 10:28:18 --> la informacion del area es array (
  'AR_ID' => '8',
  'AR_NOMBRE' => 'COMPENSACION_SALARIAL',
  'AR_DESCRIPCION' => 'Informacion pago nomina y liquidaciones',
  'AR_C_ID' => '1',
  'AR_ACTIVO' => '1',
  'AR_ALIAS' => 'CS',
  'AR_MOSTRAR_NOMBRE_PANTALLA' => '0',
) 
2015-01-14 10:28:18 --> se va a crear el turno 
2015-01-14 10:28:18 --> se creo el turno 4 del area CS 

2015-01-14 10:54:02 --> get_areas 1 
2015-01-14 10:54:02 --> buscando areas del cliente 
2015-01-14 10:54:15 --> crear el consumidor 
2015-01-14 10:54:15 --> se creo el consumidor 30424 
2015-01-14 10:54:15 --> la informacion de la sede es array (
  'S_ID' => '4',
  'S_NOMBRE' => 'OCCIDENTE',
  'S_DESCRIPCION' => 'Sedle para atender los casos de la regional occidente',
  'S_C_ID' => '1',
  'S_CANTIDAD_ENCUESTAS' => '10',
  'S_ACTIVO' => '1',
  'S_LOGO' => '7',
  'S_MUESTRA_VIDEO' => '1',
) 
2015-01-14 10:54:15 --> se va a extraer informacion del area  
2015-01-14 10:54:15 --> la informacion del area es array (
  'AR_ID' => '2',
  'AR_NOMBRE' => 'APORTES',
  'AR_DESCRIPCION' => 'Pensiones Incapacidades Cesantias Cartas FNA',
  'AR_C_ID' => '1',
  'AR_ACTIVO' => '1',
  'AR_ALIAS' => 'A',
  'AR_MOSTRAR_NOMBRE_PANTALLA' => '0',
) 
2015-01-14 10:54:15 --> se va a crear el turno 
2015-01-14 10:54:15 --> se creo el turno 3 del area A 

2015-01-14 10:55:45 --> get_areas 1 
2015-01-14 10:55:45 --> buscando areas del cliente 
2015-01-14 10:56:02 --> crear el consumidor 
2015-01-14 10:56:02 --> se creo el consumidor 30425 
2015-01-14 10:56:02 --> la informacion de la sede es array (
  'S_ID' => '4',
  'S_NOMBRE' => 'OCCIDENTE',
  'S_DESCRIPCION' => 'Sedle para atender los casos de la regional occidente',
  'S_C_ID' => '1',
  'S_CANTIDAD_ENCUESTAS' => '10',
  'S_ACTIVO' => '1',
  'S_LOGO' => '7',
  'S_MUESTRA_VIDEO' => '1',
) 
2015-01-14 10:56:02 --> se va a extraer informacion del area  
2015-01-14 10:56:02 --> la informacion del area es array (
  'AR_ID' => '2',
  'AR_NOMBRE' => 'APORTES',
  'AR_DESCRIPCION' => 'Pensiones Incapacidades Cesantias Cartas FNA',
  'AR_C_ID' => '1',
  'AR_ACTIVO' => '1',
  'AR_ALIAS' => 'A',
  'AR_MOSTRAR_NOMBRE_PANTALLA' => '0',
) 
2015-01-14 10:56:02 --> se va a crear el turno 
2015-01-14 10:56:02 --> se creo el turno 4 del area A 

2015-01-14 11:05:19 --> get_areas 1 
2015-01-14 11:05:19 --> buscando areas del cliente 

2015-01-14 11:43:05 --> get_areas 1 
2015-01-14 11:43:05 --> buscando areas del cliente 
2015-01-14 11:43:12 --> crear el consumidor 
2015-01-14 11:43:12 --> se creo el consumidor 30441 
2015-01-14 11:43:12 --> la informacion de la sede es array (
  'S_ID' => '4',
  'S_NOMBRE' => 'OCCIDENTE',
  'S_DESCRIPCION' => 'Sedle para atender los casos de la regional occidente',
  'S_C_ID' => '1',
  'S_CANTIDAD_ENCUESTAS' => '10',
  'S_ACTIVO' => '1',
  'S_LOGO' => '7',
  'S_MUESTRA_VIDEO' => '1',
) 
2015-01-14 11:43:12 --> se va a extraer informacion del area  
2015-01-14 11:43:12 --> la informacion del area es array (
  'AR_ID' => '8',
  'AR_NOMBRE' => 'COMPENSACION_SALARIAL',
  'AR_DESCRIPCION' => 'Informacion pago nomina y liquidaciones',
  'AR_C_ID' => '1',
  'AR_ACTIVO' => '1',
  'AR_ALIAS' => 'CS',
  'AR_MOSTRAR_NOMBRE_PANTALLA' => '0',
) 
2015-01-14 11:43:12 --> se va a crear el turno 
2015-01-14 11:43:12 --> se creo el turno 5 del area CS 

2015-01-14 11:44:06 --> get_areas 1 
2015-01-14 11:44:06 --> buscando areas del cliente 
2015-01-14 11:44:14 --> crear el consumidor 
2015-01-14 11:44:14 --> se creo el consumidor 30442 
2015-01-14 11:44:14 --> la informacion de la sede es array (
  'S_ID' => '4',
  'S_NOMBRE' => 'OCCIDENTE',
  'S_DESCRIPCION' => 'Sedle para atender los casos de la regional occidente',
  'S_C_ID' => '1',
  'S_CANTIDAD_ENCUESTAS' => '10',
  'S_ACTIVO' => '1',
  'S_LOGO' => '7',
  'S_MUESTRA_VIDEO' => '1',
) 
2015-01-14 11:44:14 --> se va a extraer informacion del area  
2015-01-14 11:44:14 --> la informacion del area es array (
  'AR_ID' => '8',
  'AR_NOMBRE' => 'COMPENSACION_SALARIAL',
  'AR_DESCRIPCION' => 'Informacion pago nomina y liquidaciones',
  'AR_C_ID' => '1',
  'AR_ACTIVO' => '1',
  'AR_ALIAS' => 'CS',
  'AR_MOSTRAR_NOMBRE_PANTALLA' => '0',
) 
2015-01-14 11:44:14 --> se va a crear el turno 
2015-01-14 11:44:14 --> se creo el turno 6 del area CS 

2015-01-14 14:27:50 --> get_areas 1 
2015-01-14 14:27:50 --> buscando areas del cliente 
2015-01-14 14:27:55 --> crear el consumidor 
2015-01-14 14:27:55 --> se creo el consumidor 30462 
2015-01-14 14:27:55 --> la informacion de la sede es array (
  'S_ID' => '4',
  'S_NOMBRE' => 'OCCIDENTE',
  'S_DESCRIPCION' => 'Sedle para atender los casos de la regional occidente',
  'S_C_ID' => '1',
  'S_CANTIDAD_ENCUESTAS' => '10',
  'S_ACTIVO' => '1',
  'S_LOGO' => '7',
  'S_MUESTRA_VIDEO' => '1',
) 
2015-01-14 14:27:55 --> se va a extraer informacion del area  
2015-01-14 14:27:55 --> la informacion del area es array (
  'AR_ID' => '5',
  'AR_NOMBRE' => 'OTROS',
  'AR_DESCRIPCION' => 'Otros',
  'AR_C_ID' => '1',
  'AR_ACTIVO' => '1',
  'AR_ALIAS' => 'O',
  'AR_MOSTRAR_NOMBRE_PANTALLA' => '0',
) 
2015-01-14 14:27:55 --> se va a crear el turno 
2015-01-14 14:27:55 --> se creo el turno 8 del area O 

2015-01-14 14:38:53 --> get_areas 1 
2015-01-14 14:38:53 --> buscando areas del cliente 
2015-01-14 14:39:17 --> crear el consumidor 
2015-01-14 14:39:17 --> se creo el consumidor 30464 
2015-01-14 14:39:17 --> la informacion de la sede es array (
  'S_ID' => '4',
  'S_NOMBRE' => 'OCCIDENTE',
  'S_DESCRIPCION' => 'Sedle para atender los casos de la regional occidente',
  'S_C_ID' => '1',
  'S_CANTIDAD_ENCUESTAS' => '10',
  'S_ACTIVO' => '1',
  'S_LOGO' => '7',
  'S_MUESTRA_VIDEO' => '1',
) 
2015-01-14 14:39:17 --> se va a extraer informacion del area  
2015-01-14 14:39:17 --> la informacion del area es array (
  'AR_ID' => '5',
  'AR_NOMBRE' => 'OTROS',
  'AR_DESCRIPCION' => 'Otros',
  'AR_C_ID' => '1',
  'AR_ACTIVO' => '1',
  'AR_ALIAS' => 'O',
  'AR_MOSTRAR_NOMBRE_PANTALLA' => '0',
) 
2015-01-14 14:39:17 --> se va a crear el turno 
2015-01-14 14:39:17 --> se creo el turno 9 del area O 

2015-01-14 14:40:53 --> get_areas 1 
2015-01-14 14:40:53 --> buscando areas del cliente 
2015-01-14 14:41:00 --> crear el consumidor 
2015-01-14 14:41:00 --> se creo el consumidor 30465 
2015-01-14 14:41:00 --> la informacion de la sede es array (
  'S_ID' => '4',
  'S_NOMBRE' => 'OCCIDENTE',
  'S_DESCRIPCION' => 'Sedle para atender los casos de la regional occidente',
  'S_C_ID' => '1',
  'S_CANTIDAD_ENCUESTAS' => '10',
  'S_ACTIVO' => '1',
  'S_LOGO' => '7',
  'S_MUESTRA_VIDEO' => '1',
) 
2015-01-14 14:41:00 --> se va a extraer informacion del area  
2015-01-14 14:41:00 --> la informacion del area es array (
  'AR_ID' => '2',
  'AR_NOMBRE' => 'APORTES',
  'AR_DESCRIPCION' => 'Pensiones Incapacidades Cesantias Cartas FNA',
  'AR_C_ID' => '1',
  'AR_ACTIVO' => '1',
  'AR_ALIAS' => 'A',
  'AR_MOSTRAR_NOMBRE_PANTALLA' => '0',
) 
2015-01-14 14:41:00 --> se va a crear el turno 
2015-01-14 14:41:00 --> se creo el turno 5 del area A 

2015-01-14 14:46:11 --> get_areas 1 
2015-01-14 14:46:11 --> buscando areas del cliente 

2015-01-14 14:47:22 --> get_areas 1 
2015-01-14 14:47:22 --> buscando areas del cliente 
2015-01-14 14:49:16 --> crear el consumidor 
2015-01-14 14:49:16 --> se creo el consumidor 30468 
2015-01-14 14:49:16 --> la informacion de la sede es array (
  'S_ID' => '3',
  'S_NOMBRE' => 'NORTE',
  'S_DESCRIPCION' => 'Sede para atender los casos de la regional norte',
  'S_C_ID' => '1',
  'S_CANTIDAD_ENCUESTAS' => '10',
  'S_ACTIVO' => '1',
  'S_LOGO' => '7',
  'S_MUESTRA_VIDEO' => '0',
) 
2015-01-14 14:49:16 --> se va a extraer informacion del area  
2015-01-14 14:49:16 --> la informacion del area es array (
  'AR_ID' => '2',
  'AR_NOMBRE' => 'APORTES',
  'AR_DESCRIPCION' => 'Pensiones Incapacidades Cesantias Cartas FNA',
  'AR_C_ID' => '1',
  'AR_ACTIVO' => '1',
  'AR_ALIAS' => 'A',
  'AR_MOSTRAR_NOMBRE_PANTALLA' => '0',
) 
2015-01-14 14:49:16 --> se va a crear el turno 
2015-01-14 14:49:16 --> se creo el turno 7 del area A 

2015-01-14 14:49:25 --> get_areas 1 
2015-01-14 14:49:25 --> buscando areas del cliente 
2015-01-14 14:49:43 --> crear el consumidor 
2015-01-14 14:49:43 --> se creo el consumidor 30470 
2015-01-14 14:49:43 --> la informacion de la sede es array (
  'S_ID' => '4',
  'S_NOMBRE' => 'OCCIDENTE',
  'S_DESCRIPCION' => 'Sedle para atender los casos de la regional occidente',
  'S_C_ID' => '1',
  'S_CANTIDAD_ENCUESTAS' => '10',
  'S_ACTIVO' => '1',
  'S_LOGO' => '7',
  'S_MUESTRA_VIDEO' => '1',
) 
2015-01-14 14:49:43 --> se va a extraer informacion del area  
2015-01-14 14:49:43 --> la informacion del area es array (
  'AR_ID' => '3',
  'AR_NOMBRE' => 'SEGUIMIENTO_AL_SERVICIO',
  'AR_DESCRIPCION' => 'SQR certificados especiales claves portal web',
  'AR_C_ID' => '1',
  'AR_ACTIVO' => '1',
  'AR_ALIAS' => 'SAS',
  'AR_MOSTRAR_NOMBRE_PANTALLA' => '0',
) 
2015-01-14 14:49:43 --> se va a crear el turno 
2015-01-14 14:49:43 --> se creo el turno 1 del area SAS 

2015-01-14 14:52:19 --> get_areas 1 
2015-01-14 14:52:19 --> buscando areas del cliente 
2015-01-14 14:52:52 --> crear el consumidor 
2015-01-14 14:52:52 --> se creo el consumidor 30471 
2015-01-14 14:52:52 --> la informacion de la sede es array (
  'S_ID' => '4',
  'S_NOMBRE' => 'OCCIDENTE',
  'S_DESCRIPCION' => 'Sedle para atender los casos de la regional occidente',
  'S_C_ID' => '1',
  'S_CANTIDAD_ENCUESTAS' => '10',
  'S_ACTIVO' => '1',
  'S_LOGO' => '7',
  'S_MUESTRA_VIDEO' => '1',
) 
2015-01-14 14:52:52 --> se va a extraer informacion del area  
2015-01-14 14:52:52 --> la informacion del area es array (
  'AR_ID' => '5',
  'AR_NOMBRE' => 'OTROS',
  'AR_DESCRIPCION' => 'Otros',
  'AR_C_ID' => '1',
  'AR_ACTIVO' => '1',
  'AR_ALIAS' => 'O',
  'AR_MOSTRAR_NOMBRE_PANTALLA' => '0',
) 
2015-01-14 14:52:52 --> se va a crear el turno 
2015-01-14 14:52:52 --> se creo el turno 10 del area O 

2015-01-14 14:55:40 --> get_areas 1 
2015-01-14 14:55:40 --> buscando areas del cliente 
2015-01-14 14:56:10 --> crear el consumidor 
2015-01-14 14:56:10 --> se creo el consumidor 30472 
2015-01-14 14:56:10 --> la informacion de la sede es array (
  'S_ID' => '4',
  'S_NOMBRE' => 'OCCIDENTE',
  'S_DESCRIPCION' => 'Sedle para atender los casos de la regional occidente',
  'S_C_ID' => '1',
  'S_CANTIDAD_ENCUESTAS' => '10',
  'S_ACTIVO' => '1',
  'S_LOGO' => '7',
  'S_MUESTRA_VIDEO' => '1',
) 
2015-01-14 14:56:10 --> se va a extraer informacion del area  
2015-01-14 14:56:10 --> la informacion del area es array (
  'AR_ID' => '2',
  'AR_NOMBRE' => 'APORTES',
  'AR_DESCRIPCION' => 'Pensiones Incapacidades Cesantias Cartas FNA',
  'AR_C_ID' => '1',
  'AR_ACTIVO' => '1',
  'AR_ALIAS' => 'A',
  'AR_MOSTRAR_NOMBRE_PANTALLA' => '0',
) 
2015-01-14 14:56:10 --> se va a crear el turno 
2015-01-14 14:56:10 --> se creo el turno 6 del area A 

2015-01-14 14:57:16 --> get_areas 1 
2015-01-14 14:57:16 --> buscando areas del cliente 
2015-01-14 14:57:35 --> crear el consumidor 
2015-01-14 14:57:35 --> se creo el consumidor 30473 
2015-01-14 14:57:35 --> la informacion de la sede es array (
  'S_ID' => '4',
  'S_NOMBRE' => 'OCCIDENTE',
  'S_DESCRIPCION' => 'Sedle para atender los casos de la regional occidente',
  'S_C_ID' => '1',
  'S_CANTIDAD_ENCUESTAS' => '10',
  'S_ACTIVO' => '1',
  'S_LOGO' => '7',
  'S_MUESTRA_VIDEO' => '1',
) 
2015-01-14 14:57:35 --> se va a extraer informacion del area  
2015-01-14 14:57:35 --> la informacion del area es array (
  'AR_ID' => '5',
  'AR_NOMBRE' => 'OTROS',
  'AR_DESCRIPCION' => 'Otros',
  'AR_C_ID' => '1',
  'AR_ACTIVO' => '1',
  'AR_ALIAS' => 'O',
  'AR_MOSTRAR_NOMBRE_PANTALLA' => '0',
) 
2015-01-14 14:57:35 --> se va a crear el turno 
2015-01-14 14:57:35 --> se creo el turno 11 del area O 

2015-01-14 15:03:53 --> get_areas 1 
2015-01-14 15:03:53 --> buscando areas del cliente 

2015-01-14 15:09:35 --> get_areas 1 
2015-01-14 15:09:35 --> buscando areas del cliente 

2015-01-14 15:10:54 --> get_areas 1 
2015-01-14 15:10:54 --> buscando areas del cliente 
2015-01-14 15:11:08 --> crear el consumidor 
2015-01-14 15:11:08 --> se creo el consumidor 30475 
2015-01-14 15:11:08 --> la informacion de la sede es array (
  'S_ID' => '4',
  'S_NOMBRE' => 'OCCIDENTE',
  'S_DESCRIPCION' => 'Sedle para atender los casos de la regional occidente',
  'S_C_ID' => '1',
  'S_CANTIDAD_ENCUESTAS' => '10',
  'S_ACTIVO' => '1',
  'S_LOGO' => '7',
  'S_MUESTRA_VIDEO' => '1',
) 
2015-01-14 15:11:08 --> se va a extraer informacion del area  
2015-01-14 15:11:08 --> la informacion del area es array (
  'AR_ID' => '5',
  'AR_NOMBRE' => 'OTROS',
  'AR_DESCRIPCION' => 'Otros',
  'AR_C_ID' => '1',
  'AR_ACTIVO' => '1',
  'AR_ALIAS' => 'O',
  'AR_MOSTRAR_NOMBRE_PANTALLA' => '0',
) 
2015-01-14 15:11:08 --> se va a crear el turno 
2015-01-14 15:11:08 --> se creo el turno 12 del area O 

2015-01-14 15:37:56 --> get_areas 1 
2015-01-14 15:37:56 --> buscando areas del cliente 
2015-01-14 15:38:07 --> crear el consumidor 
2015-01-14 15:38:07 --> se creo el consumidor 30476 
2015-01-14 15:38:07 --> la informacion de la sede es array (
  'S_ID' => '4',
  'S_NOMBRE' => 'OCCIDENTE',
  'S_DESCRIPCION' => 'Sedle para atender los casos de la regional occidente',
  'S_C_ID' => '1',
  'S_CANTIDAD_ENCUESTAS' => '10',
  'S_ACTIVO' => '1',
  'S_LOGO' => '7',
  'S_MUESTRA_VIDEO' => '1',
) 
2015-01-14 15:38:07 --> se va a extraer informacion del area  
2015-01-14 15:38:07 --> la informacion del area es array (
  'AR_ID' => '2',
  'AR_NOMBRE' => 'APORTES',
  'AR_DESCRIPCION' => 'Pensiones Incapacidades Cesantias Cartas FNA',
  'AR_C_ID' => '1',
  'AR_ACTIVO' => '1',
  'AR_ALIAS' => 'A',
  'AR_MOSTRAR_NOMBRE_PANTALLA' => '0',
) 
2015-01-14 15:38:07 --> se va a crear el turno 
2015-01-14 15:38:07 --> se creo el turno 7 del area A 

2015-01-14 15:45:32 --> get_areas 1 
2015-01-14 15:45:32 --> buscando areas del cliente 
2015-01-14 15:45:46 --> crear el consumidor 
2015-01-14 15:45:46 --> se creo el consumidor 30477 
2015-01-14 15:45:46 --> la informacion de la sede es array (
  'S_ID' => '4',
  'S_NOMBRE' => 'OCCIDENTE',
  'S_DESCRIPCION' => 'Sedle para atender los casos de la regional occidente',
  'S_C_ID' => '1',
  'S_CANTIDAD_ENCUESTAS' => '10',
  'S_ACTIVO' => '1',
  'S_LOGO' => '7',
  'S_MUESTRA_VIDEO' => '1',
) 
2015-01-14 15:45:46 --> se va a extraer informacion del area  
2015-01-14 15:45:46 --> la informacion del area es array (
  'AR_ID' => '2',
  'AR_NOMBRE' => 'APORTES',
  'AR_DESCRIPCION' => 'Pensiones Incapacidades Cesantias Cartas FNA',
  'AR_C_ID' => '1',
  'AR_ACTIVO' => '1',
  'AR_ALIAS' => 'A',
  'AR_MOSTRAR_NOMBRE_PANTALLA' => '0',
) 
2015-01-14 15:45:46 --> se va a crear el turno 
2015-01-14 15:45:46 --> se creo el turno 8 del area A 

2015-01-14 16:32:15 --> get_areas 1 
2015-01-14 16:32:15 --> buscando areas del cliente 
2015-01-14 16:32:21 --> crear el consumidor 
2015-01-14 16:32:21 --> se creo el consumidor 30483 
2015-01-14 16:32:21 --> la informacion de la sede es array (
  'S_ID' => '4',
  'S_NOMBRE' => 'OCCIDENTE',
  'S_DESCRIPCION' => 'Sedle para atender los casos de la regional occidente',
  'S_C_ID' => '1',
  'S_CANTIDAD_ENCUESTAS' => '10',
  'S_ACTIVO' => '1',
  'S_LOGO' => '7',
  'S_MUESTRA_VIDEO' => '1',
) 
2015-01-14 16:32:21 --> se va a extraer informacion del area  
2015-01-14 16:32:21 --> la informacion del area es array (
  'AR_ID' => '5',
  'AR_NOMBRE' => 'OTROS',
  'AR_DESCRIPCION' => 'Otros',
  'AR_C_ID' => '1',
  'AR_ACTIVO' => '1',
  'AR_ALIAS' => 'O',
  'AR_MOSTRAR_NOMBRE_PANTALLA' => '0',
) 
2015-01-14 16:32:21 --> se va a crear el turno 
2015-01-14 16:32:21 --> se creo el turno 13 del area O 

2015-01-14 19:18:56 --> get_areas 1 
2015-01-14 19:18:56 --> buscando areas del cliente 
2015-01-14 19:19:09 --> crear el consumidor 
2015-01-14 19:19:09 --> se creo el consumidor 30485 
2015-01-14 19:19:09 --> la informacion de la sede es array (
  'S_ID' => '4',
  'S_NOMBRE' => 'OCCIDENTE',
  'S_DESCRIPCION' => 'Sedle para atender los casos de la regional occidente',
  'S_C_ID' => '1',
  'S_CANTIDAD_ENCUESTAS' => '10',
  'S_ACTIVO' => '1',
  'S_LOGO' => '7',
  'S_MUESTRA_VIDEO' => '1',
) 
2015-01-14 19:19:09 --> se va a extraer informacion del area  
2015-01-14 19:19:09 --> la informacion del area es array (
  'AR_ID' => '8',
  'AR_NOMBRE' => 'COMPENSACION_SALARIAL',
  'AR_DESCRIPCION' => 'Informacion pago nomina y liquidaciones',
  'AR_C_ID' => '1',
  'AR_ACTIVO' => '1',
  'AR_ALIAS' => 'CS',
  'AR_MOSTRAR_NOMBRE_PANTALLA' => '0',
) 
2015-01-14 19:19:09 --> se va a crear el turno 
2015-01-14 19:19:09 --> se creo el turno 7 del area CS 
