
2015-01-29 07:52:03 --> get_areas 1 
2015-01-29 07:52:03 --> buscando areas del cliente 
2015-01-29 07:52:11 --> crear el consumidor 
2015-01-29 07:52:11 --> se creo el consumidor 32771 
2015-01-29 07:52:11 --> la informacion de la sede es array (
  'S_ID' => '4',
  'S_NOMBRE' => 'OCCIDENTE',
  'S_DESCRIPCION' => 'Sedle para atender los casos de la regional occidente',
  'S_C_ID' => '1',
  'S_CANTIDAD_ENCUESTAS' => '10',
  'S_ACTIVO' => '1',
  'S_LOGO' => '7',
  'S_MUESTRA_VIDEO' => '1',
) 
2015-01-29 07:52:11 --> se va a extraer informacion del area  
2015-01-29 07:52:11 --> la informacion del area es array (
  'AR_ID' => '8',
  'AR_NOMBRE' => 'COMPENSACION_SALARIAL',
  'AR_DESCRIPCION' => 'Informacion pago nomina y liquidaciones',
  'AR_C_ID' => '1',
  'AR_ACTIVO' => '1',
  'AR_ALIAS' => 'CS',
  'AR_MOSTRAR_NOMBRE_PANTALLA' => '0',
) 
2015-01-29 07:52:11 --> se va a crear el turno 
2015-01-29 07:52:11 --> se creo el turno 1 del area CS 

2015-01-29 07:53:42 --> get_areas 1 
2015-01-29 07:53:42 --> buscando areas del cliente 
2015-01-29 07:54:00 --> crear el consumidor 
2015-01-29 07:54:00 --> se creo el consumidor 32772 
2015-01-29 07:54:00 --> la informacion de la sede es array (
  'S_ID' => '4',
  'S_NOMBRE' => 'OCCIDENTE',
  'S_DESCRIPCION' => 'Sedle para atender los casos de la regional occidente',
  'S_C_ID' => '1',
  'S_CANTIDAD_ENCUESTAS' => '10',
  'S_ACTIVO' => '1',
  'S_LOGO' => '7',
  'S_MUESTRA_VIDEO' => '1',
) 
2015-01-29 07:54:00 --> se va a extraer informacion del area  
2015-01-29 07:54:00 --> la informacion del area es array (
  'AR_ID' => '1',
  'AR_NOMBRE' => 'GERENCIA_DEL_SERVICIO',
  'AR_DESCRIPCION' => 'Cartas punto de venta Cartas de renuncia',
  'AR_C_ID' => '1',
  'AR_ACTIVO' => '1',
  'AR_ALIAS' => 'GS',
  'AR_MOSTRAR_NOMBRE_PANTALLA' => '0',
) 
2015-01-29 07:54:00 --> se va a crear el turno 
2015-01-29 07:54:00 --> se creo el turno 1 del area GS 

2015-01-29 09:06:30 --> get_areas 1 
2015-01-29 09:06:30 --> buscando areas del cliente 
2015-01-29 09:06:33 --> crear el consumidor 
2015-01-29 09:06:33 --> se creo el consumidor 32806 
2015-01-29 09:06:33 --> la informacion de la sede es array (
  'S_ID' => '4',
  'S_NOMBRE' => 'OCCIDENTE',
  'S_DESCRIPCION' => 'Sedle para atender los casos de la regional occidente',
  'S_C_ID' => '1',
  'S_CANTIDAD_ENCUESTAS' => '10',
  'S_ACTIVO' => '1',
  'S_LOGO' => '7',
  'S_MUESTRA_VIDEO' => '1',
) 
2015-01-29 09:06:33 --> se va a extraer informacion del area  
2015-01-29 09:06:33 --> la informacion del area es array (
  'AR_ID' => '2',
  'AR_NOMBRE' => 'APORTES',
  'AR_DESCRIPCION' => 'Pensiones Incapacidades Cesantias Cartas FNA',
  'AR_C_ID' => '1',
  'AR_ACTIVO' => '1',
  'AR_ALIAS' => 'A',
  'AR_MOSTRAR_NOMBRE_PANTALLA' => '0',
) 
2015-01-29 09:06:33 --> se va a crear el turno 
2015-01-29 09:06:33 --> se creo el turno 1 del area A 

2015-01-29 09:13:54 --> get_areas 1 
2015-01-29 09:13:54 --> buscando areas del cliente 
2015-01-29 09:14:05 --> crear el consumidor 
2015-01-29 09:14:05 --> se creo el consumidor 32808 
2015-01-29 09:14:05 --> la informacion de la sede es array (
  'S_ID' => '4',
  'S_NOMBRE' => 'OCCIDENTE',
  'S_DESCRIPCION' => 'Sedle para atender los casos de la regional occidente',
  'S_C_ID' => '1',
  'S_CANTIDAD_ENCUESTAS' => '10',
  'S_ACTIVO' => '1',
  'S_LOGO' => '7',
  'S_MUESTRA_VIDEO' => '1',
) 
2015-01-29 09:14:05 --> se va a extraer informacion del area  
2015-01-29 09:14:05 --> la informacion del area es array (
  'AR_ID' => '2',
  'AR_NOMBRE' => 'APORTES',
  'AR_DESCRIPCION' => 'Pensiones Incapacidades Cesantias Cartas FNA',
  'AR_C_ID' => '1',
  'AR_ACTIVO' => '1',
  'AR_ALIAS' => 'A',
  'AR_MOSTRAR_NOMBRE_PANTALLA' => '0',
) 
2015-01-29 09:14:05 --> se va a crear el turno 
2015-01-29 09:14:05 --> se creo el turno 2 del area A 

2015-01-29 09:14:52 --> get_areas 1 
2015-01-29 09:14:52 --> buscando areas del cliente 
2015-01-29 09:15:14 --> crear el consumidor 
2015-01-29 09:15:14 --> se creo el consumidor 32809 
2015-01-29 09:15:14 --> la informacion de la sede es array (
  'S_ID' => '4',
  'S_NOMBRE' => 'OCCIDENTE',
  'S_DESCRIPCION' => 'Sedle para atender los casos de la regional occidente',
  'S_C_ID' => '1',
  'S_CANTIDAD_ENCUESTAS' => '10',
  'S_ACTIVO' => '1',
  'S_LOGO' => '7',
  'S_MUESTRA_VIDEO' => '1',
) 
2015-01-29 09:15:14 --> se va a extraer informacion del area  
2015-01-29 09:15:14 --> la informacion del area es array (
  'AR_ID' => '5',
  'AR_NOMBRE' => 'OTROS',
  'AR_DESCRIPCION' => 'Otros',
  'AR_C_ID' => '1',
  'AR_ACTIVO' => '1',
  'AR_ALIAS' => 'O',
  'AR_MOSTRAR_NOMBRE_PANTALLA' => '0',
) 
2015-01-29 09:15:14 --> se va a crear el turno 
2015-01-29 09:15:14 --> se creo el turno 1 del area O 

2015-01-29 09:15:58 --> get_areas 1 
2015-01-29 09:15:58 --> buscando areas del cliente 
2015-01-29 09:16:09 --> crear el consumidor 
2015-01-29 09:16:09 --> se creo el consumidor 32810 
2015-01-29 09:16:09 --> la informacion de la sede es array (
  'S_ID' => '4',
  'S_NOMBRE' => 'OCCIDENTE',
  'S_DESCRIPCION' => 'Sedle para atender los casos de la regional occidente',
  'S_C_ID' => '1',
  'S_CANTIDAD_ENCUESTAS' => '10',
  'S_ACTIVO' => '1',
  'S_LOGO' => '7',
  'S_MUESTRA_VIDEO' => '1',
) 
2015-01-29 09:16:09 --> se va a extraer informacion del area  
2015-01-29 09:16:09 --> la informacion del area es array (
  'AR_ID' => '1',
  'AR_NOMBRE' => 'GERENCIA_DEL_SERVICIO',
  'AR_DESCRIPCION' => 'Cartas punto de venta Cartas de renuncia',
  'AR_C_ID' => '1',
  'AR_ACTIVO' => '1',
  'AR_ALIAS' => 'GS',
  'AR_MOSTRAR_NOMBRE_PANTALLA' => '0',
) 
2015-01-29 09:16:09 --> se va a crear el turno 
2015-01-29 09:16:09 --> se creo el turno 2 del area GS 

2015-01-29 09:22:21 --> get_areas 1 
2015-01-29 09:22:21 --> buscando areas del cliente 
2015-01-29 09:22:44 --> crear el consumidor 
2015-01-29 09:22:44 --> se creo el consumidor 32811 
2015-01-29 09:22:44 --> la informacion de la sede es array (
  'S_ID' => '1',
  'S_NOMBRE' => 'ANTIOQUIA',
  'S_DESCRIPCION' => 'Sede para atender los casos de la regional antioquia',
  'S_C_ID' => '1',
  'S_CANTIDAD_ENCUESTAS' => '10',
  'S_ACTIVO' => '1',
  'S_LOGO' => '7',
  'S_MUESTRA_VIDEO' => '0',
) 
2015-01-29 09:22:44 --> se va a extraer informacion del area  
2015-01-29 09:22:44 --> la informacion del area es array (
  'AR_ID' => '1',
  'AR_NOMBRE' => 'GERENCIA_DEL_SERVICIO',
  'AR_DESCRIPCION' => 'Cartas punto de venta Cartas de renuncia',
  'AR_C_ID' => '1',
  'AR_ACTIVO' => '1',
  'AR_ALIAS' => 'GS',
  'AR_MOSTRAR_NOMBRE_PANTALLA' => '0',
) 
2015-01-29 09:22:44 --> se va a crear el turno 
2015-01-29 09:22:44 --> se creo el turno 12 del area GS 

2015-01-29 09:23:26 --> get_areas 1 
2015-01-29 09:23:26 --> buscando areas del cliente 
2015-01-29 09:23:29 --> crear el consumidor 
2015-01-29 09:23:29 --> se creo el consumidor 32812 
2015-01-29 09:23:29 --> la informacion de la sede es array (
  'S_ID' => '1',
  'S_NOMBRE' => 'ANTIOQUIA',
  'S_DESCRIPCION' => 'Sede para atender los casos de la regional antioquia',
  'S_C_ID' => '1',
  'S_CANTIDAD_ENCUESTAS' => '10',
  'S_ACTIVO' => '1',
  'S_LOGO' => '7',
  'S_MUESTRA_VIDEO' => '0',
) 
2015-01-29 09:23:29 --> se va a extraer informacion del area  
2015-01-29 09:23:29 --> la informacion del area es array (
  'AR_ID' => '1',
  'AR_NOMBRE' => 'GERENCIA_DEL_SERVICIO',
  'AR_DESCRIPCION' => 'Cartas punto de venta Cartas de renuncia',
  'AR_C_ID' => '1',
  'AR_ACTIVO' => '1',
  'AR_ALIAS' => 'GS',
  'AR_MOSTRAR_NOMBRE_PANTALLA' => '0',
) 
2015-01-29 09:23:29 --> se va a crear el turno 
2015-01-29 09:23:29 --> se creo el turno 13 del area GS 

2015-01-29 09:27:17 --> get_areas 1 
2015-01-29 09:27:17 --> buscando areas del cliente 
2015-01-29 09:27:32 --> crear el consumidor 
2015-01-29 09:27:32 --> se creo el consumidor 32813 
2015-01-29 09:27:32 --> la informacion de la sede es array (
  'S_ID' => '4',
  'S_NOMBRE' => 'OCCIDENTE',
  'S_DESCRIPCION' => 'Sedle para atender los casos de la regional occidente',
  'S_C_ID' => '1',
  'S_CANTIDAD_ENCUESTAS' => '10',
  'S_ACTIVO' => '1',
  'S_LOGO' => '7',
  'S_MUESTRA_VIDEO' => '1',
) 
2015-01-29 09:27:32 --> se va a extraer informacion del area  
2015-01-29 09:27:32 --> la informacion del area es array (
  'AR_ID' => '5',
  'AR_NOMBRE' => 'OTROS',
  'AR_DESCRIPCION' => 'Otros',
  'AR_C_ID' => '1',
  'AR_ACTIVO' => '1',
  'AR_ALIAS' => 'O',
  'AR_MOSTRAR_NOMBRE_PANTALLA' => '0',
) 
2015-01-29 09:27:32 --> se va a crear el turno 
2015-01-29 09:27:32 --> se creo el turno 2 del area O 

2015-01-29 09:34:14 --> get_areas 1 
2015-01-29 09:34:14 --> buscando areas del cliente 
2015-01-29 09:34:21 --> crear el consumidor 
2015-01-29 09:34:21 --> se creo el consumidor 32816 
2015-01-29 09:34:21 --> la informacion de la sede es array (
  'S_ID' => '4',
  'S_NOMBRE' => 'OCCIDENTE',
  'S_DESCRIPCION' => 'Sedle para atender los casos de la regional occidente',
  'S_C_ID' => '1',
  'S_CANTIDAD_ENCUESTAS' => '10',
  'S_ACTIVO' => '1',
  'S_LOGO' => '7',
  'S_MUESTRA_VIDEO' => '1',
) 
2015-01-29 09:34:21 --> se va a extraer informacion del area  
2015-01-29 09:34:21 --> la informacion del area es array (
  'AR_ID' => '5',
  'AR_NOMBRE' => 'OTROS',
  'AR_DESCRIPCION' => 'Otros',
  'AR_C_ID' => '1',
  'AR_ACTIVO' => '1',
  'AR_ALIAS' => 'O',
  'AR_MOSTRAR_NOMBRE_PANTALLA' => '0',
) 
2015-01-29 09:34:21 --> se va a crear el turno 
2015-01-29 09:34:21 --> se creo el turno 3 del area O 

2015-01-29 09:43:05 --> get_areas 1 
2015-01-29 09:43:05 --> buscando areas del cliente 

2015-01-29 09:45:18 --> get_areas 1 
2015-01-29 09:45:18 --> buscando areas del cliente 
2015-01-29 09:45:38 --> crear el consumidor 
2015-01-29 09:45:38 --> se creo el consumidor 32819 
2015-01-29 09:45:38 --> la informacion de la sede es array (
  'S_ID' => '4',
  'S_NOMBRE' => 'OCCIDENTE',
  'S_DESCRIPCION' => 'Sedle para atender los casos de la regional occidente',
  'S_C_ID' => '1',
  'S_CANTIDAD_ENCUESTAS' => '10',
  'S_ACTIVO' => '1',
  'S_LOGO' => '7',
  'S_MUESTRA_VIDEO' => '1',
) 
2015-01-29 09:45:38 --> se va a extraer informacion del area  
2015-01-29 09:45:38 --> la informacion del area es array (
  'AR_ID' => '5',
  'AR_NOMBRE' => 'OTROS',
  'AR_DESCRIPCION' => 'Otros',
  'AR_C_ID' => '1',
  'AR_ACTIVO' => '1',
  'AR_ALIAS' => 'O',
  'AR_MOSTRAR_NOMBRE_PANTALLA' => '0',
) 
2015-01-29 09:45:38 --> se va a crear el turno 
2015-01-29 09:45:38 --> se creo el turno 4 del area O 

2015-01-29 09:58:06 --> get_areas 1 
2015-01-29 09:58:06 --> buscando areas del cliente 
2015-01-29 09:58:37 --> crear el consumidor 
2015-01-29 09:58:37 --> se creo el consumidor 32822 
2015-01-29 09:58:37 --> la informacion de la sede es array (
  'S_ID' => '4',
  'S_NOMBRE' => 'OCCIDENTE',
  'S_DESCRIPCION' => 'Sedle para atender los casos de la regional occidente',
  'S_C_ID' => '1',
  'S_CANTIDAD_ENCUESTAS' => '10',
  'S_ACTIVO' => '1',
  'S_LOGO' => '7',
  'S_MUESTRA_VIDEO' => '1',
) 
2015-01-29 09:58:37 --> se va a extraer informacion del area  
2015-01-29 09:58:37 --> la informacion del area es array (
  'AR_ID' => '2',
  'AR_NOMBRE' => 'APORTES',
  'AR_DESCRIPCION' => 'Pensiones Incapacidades Cesantias Cartas FNA',
  'AR_C_ID' => '1',
  'AR_ACTIVO' => '1',
  'AR_ALIAS' => 'A',
  'AR_MOSTRAR_NOMBRE_PANTALLA' => '0',
) 
2015-01-29 09:58:37 --> se va a crear el turno 
2015-01-29 09:58:37 --> se creo el turno 3 del area A 

2015-01-29 10:02:08 --> get_areas 1 
2015-01-29 10:02:08 --> buscando areas del cliente 
2015-01-29 10:02:21 --> crear el consumidor 
2015-01-29 10:02:21 --> se creo el consumidor 32823 
2015-01-29 10:02:21 --> la informacion de la sede es array (
  'S_ID' => '4',
  'S_NOMBRE' => 'OCCIDENTE',
  'S_DESCRIPCION' => 'Sedle para atender los casos de la regional occidente',
  'S_C_ID' => '1',
  'S_CANTIDAD_ENCUESTAS' => '10',
  'S_ACTIVO' => '1',
  'S_LOGO' => '7',
  'S_MUESTRA_VIDEO' => '1',
) 
2015-01-29 10:02:21 --> se va a extraer informacion del area  
2015-01-29 10:02:21 --> la informacion del area es array (
  'AR_ID' => '5',
  'AR_NOMBRE' => 'OTROS',
  'AR_DESCRIPCION' => 'Otros',
  'AR_C_ID' => '1',
  'AR_ACTIVO' => '1',
  'AR_ALIAS' => 'O',
  'AR_MOSTRAR_NOMBRE_PANTALLA' => '0',
) 
2015-01-29 10:02:21 --> se va a crear el turno 
2015-01-29 10:02:21 --> se creo el turno 5 del area O 

2015-01-29 10:06:29 --> get_areas 1 
2015-01-29 10:06:29 --> buscando areas del cliente 
2015-01-29 10:06:39 --> crear el consumidor 
2015-01-29 10:06:39 --> se creo el consumidor 32824 
2015-01-29 10:06:39 --> la informacion de la sede es array (
  'S_ID' => '2',
  'S_NOMBRE' => 'CENTRO',
  'S_DESCRIPCION' => 'Sede para atender los casos de la regional centro',
  'S_C_ID' => '1',
  'S_CANTIDAD_ENCUESTAS' => '10',
  'S_ACTIVO' => '1',
  'S_LOGO' => '7',
  'S_MUESTRA_VIDEO' => '0',
) 
2015-01-29 10:06:39 --> se va a extraer informacion del area  
2015-01-29 10:06:39 --> la informacion del area es array (
  'AR_ID' => '8',
  'AR_NOMBRE' => 'COMPENSACION_SALARIAL',
  'AR_DESCRIPCION' => 'Informacion pago nomina y liquidaciones',
  'AR_C_ID' => '1',
  'AR_ACTIVO' => '1',
  'AR_ALIAS' => 'CS',
  'AR_MOSTRAR_NOMBRE_PANTALLA' => '0',
) 
2015-01-29 10:06:39 --> se va a crear el turno 
2015-01-29 10:06:39 --> se creo el turno 1 del area CS 

2015-01-29 10:12:04 --> get_areas 1 
2015-01-29 10:12:04 --> buscando areas del cliente 
2015-01-29 10:12:24 --> crear el consumidor 
2015-01-29 10:12:24 --> se creo el consumidor 32826 
2015-01-29 10:12:24 --> la informacion de la sede es array (
  'S_ID' => '4',
  'S_NOMBRE' => 'OCCIDENTE',
  'S_DESCRIPCION' => 'Sedle para atender los casos de la regional occidente',
  'S_C_ID' => '1',
  'S_CANTIDAD_ENCUESTAS' => '10',
  'S_ACTIVO' => '1',
  'S_LOGO' => '7',
  'S_MUESTRA_VIDEO' => '1',
) 
2015-01-29 10:12:24 --> se va a extraer informacion del area  
2015-01-29 10:12:24 --> la informacion del area es array (
  'AR_ID' => '5',
  'AR_NOMBRE' => 'OTROS',
  'AR_DESCRIPCION' => 'Otros',
  'AR_C_ID' => '1',
  'AR_ACTIVO' => '1',
  'AR_ALIAS' => 'O',
  'AR_MOSTRAR_NOMBRE_PANTALLA' => '0',
) 
2015-01-29 10:12:24 --> se va a crear el turno 
2015-01-29 10:12:24 --> se creo el turno 6 del area O 

2015-01-29 10:19:26 --> get_areas 1 
2015-01-29 10:19:26 --> buscando areas del cliente 
2015-01-29 10:19:53 --> crear el consumidor 
2015-01-29 10:19:53 --> se creo el consumidor 32828 
2015-01-29 10:19:53 --> la informacion de la sede es array (
  'S_ID' => '4',
  'S_NOMBRE' => 'OCCIDENTE',
  'S_DESCRIPCION' => 'Sedle para atender los casos de la regional occidente',
  'S_C_ID' => '1',
  'S_CANTIDAD_ENCUESTAS' => '10',
  'S_ACTIVO' => '1',
  'S_LOGO' => '7',
  'S_MUESTRA_VIDEO' => '1',
) 
2015-01-29 10:19:53 --> se va a extraer informacion del area  
2015-01-29 10:19:53 --> la informacion del area es array (
  'AR_ID' => '5',
  'AR_NOMBRE' => 'OTROS',
  'AR_DESCRIPCION' => 'Otros',
  'AR_C_ID' => '1',
  'AR_ACTIVO' => '1',
  'AR_ALIAS' => 'O',
  'AR_MOSTRAR_NOMBRE_PANTALLA' => '0',
) 
2015-01-29 10:19:53 --> se va a crear el turno 
2015-01-29 10:19:53 --> se creo el turno 7 del area O 

2015-01-29 10:20:42 --> get_areas 1 
2015-01-29 10:20:42 --> buscando areas del cliente 
2015-01-29 10:20:48 --> crear el consumidor 
2015-01-29 10:20:48 --> se creo el consumidor 32830 
2015-01-29 10:20:48 --> la informacion de la sede es array (
  'S_ID' => '4',
  'S_NOMBRE' => 'OCCIDENTE',
  'S_DESCRIPCION' => 'Sedle para atender los casos de la regional occidente',
  'S_C_ID' => '1',
  'S_CANTIDAD_ENCUESTAS' => '10',
  'S_ACTIVO' => '1',
  'S_LOGO' => '7',
  'S_MUESTRA_VIDEO' => '1',
) 
2015-01-29 10:20:48 --> se va a extraer informacion del area  
2015-01-29 10:20:48 --> la informacion del area es array (
  'AR_ID' => '5',
  'AR_NOMBRE' => 'OTROS',
  'AR_DESCRIPCION' => 'Otros',
  'AR_C_ID' => '1',
  'AR_ACTIVO' => '1',
  'AR_ALIAS' => 'O',
  'AR_MOSTRAR_NOMBRE_PANTALLA' => '0',
) 
2015-01-29 10:20:48 --> se va a crear el turno 
2015-01-29 10:20:48 --> se creo el turno 8 del area O 

2015-01-29 10:41:58 --> get_areas 1 
2015-01-29 10:41:58 --> buscando areas del cliente 

2015-01-29 11:41:44 --> get_areas 1 
2015-01-29 11:41:44 --> buscando areas del cliente 
2015-01-29 11:41:54 --> crear el consumidor 
2015-01-29 11:41:54 --> se creo el consumidor 32849 
2015-01-29 11:41:54 --> la informacion de la sede es array (
  'S_ID' => '3',
  'S_NOMBRE' => 'NORTE',
  'S_DESCRIPCION' => 'Sede para atender los casos de la regional norte',
  'S_C_ID' => '1',
  'S_CANTIDAD_ENCUESTAS' => '10',
  'S_ACTIVO' => '1',
  'S_LOGO' => '7',
  'S_MUESTRA_VIDEO' => '0',
) 
2015-01-29 11:41:54 --> se va a extraer informacion del area  
2015-01-29 11:41:54 --> la informacion del area es array (
  'AR_ID' => '5',
  'AR_NOMBRE' => 'OTROS',
  'AR_DESCRIPCION' => 'Otros',
  'AR_C_ID' => '1',
  'AR_ACTIVO' => '1',
  'AR_ALIAS' => 'O',
  'AR_MOSTRAR_NOMBRE_PANTALLA' => '0',
) 
2015-01-29 11:41:54 --> se va a crear el turno 
2015-01-29 11:41:54 --> se creo el turno 1 del area O 

2015-01-29 11:43:50 --> get_areas 1 
2015-01-29 11:43:50 --> buscando areas del cliente 

2015-01-29 12:02:21 --> get_areas 1 
2015-01-29 12:02:21 --> buscando areas del cliente 
2015-01-29 12:02:36 --> crear el consumidor 
2015-01-29 12:02:36 --> se creo el consumidor 32855 
2015-01-29 12:02:36 --> la informacion de la sede es array (
  'S_ID' => '4',
  'S_NOMBRE' => 'OCCIDENTE',
  'S_DESCRIPCION' => 'Sedle para atender los casos de la regional occidente',
  'S_C_ID' => '1',
  'S_CANTIDAD_ENCUESTAS' => '10',
  'S_ACTIVO' => '1',
  'S_LOGO' => '7',
  'S_MUESTRA_VIDEO' => '1',
) 
2015-01-29 12:02:36 --> se va a extraer informacion del area  
2015-01-29 12:02:36 --> la informacion del area es array (
  'AR_ID' => '2',
  'AR_NOMBRE' => 'APORTES',
  'AR_DESCRIPCION' => 'Pensiones Incapacidades Cesantias Cartas FNA',
  'AR_C_ID' => '1',
  'AR_ACTIVO' => '1',
  'AR_ALIAS' => 'A',
  'AR_MOSTRAR_NOMBRE_PANTALLA' => '0',
) 
2015-01-29 12:02:36 --> se va a crear el turno 
2015-01-29 12:02:36 --> se creo el turno 4 del area A 

2015-01-29 12:03:38 --> get_areas 1 
2015-01-29 12:03:38 --> buscando areas del cliente 
2015-01-29 12:04:01 --> crear el consumidor 
2015-01-29 12:04:01 --> se creo el consumidor 32856 
2015-01-29 12:04:01 --> la informacion de la sede es array (
  'S_ID' => '4',
  'S_NOMBRE' => 'OCCIDENTE',
  'S_DESCRIPCION' => 'Sedle para atender los casos de la regional occidente',
  'S_C_ID' => '1',
  'S_CANTIDAD_ENCUESTAS' => '10',
  'S_ACTIVO' => '1',
  'S_LOGO' => '7',
  'S_MUESTRA_VIDEO' => '1',
) 
2015-01-29 12:04:01 --> se va a extraer informacion del area  
2015-01-29 12:04:01 --> la informacion del area es array (
  'AR_ID' => '8',
  'AR_NOMBRE' => 'COMPENSACION_SALARIAL',
  'AR_DESCRIPCION' => 'Informacion pago nomina y liquidaciones',
  'AR_C_ID' => '1',
  'AR_ACTIVO' => '1',
  'AR_ALIAS' => 'CS',
  'AR_MOSTRAR_NOMBRE_PANTALLA' => '0',
) 
2015-01-29 12:04:01 --> se va a crear el turno 
2015-01-29 12:04:01 --> se creo el turno 2 del area CS 

2015-01-29 12:16:11 --> get_areas 1 
2015-01-29 12:16:11 --> buscando areas del cliente 
2015-01-29 12:16:27 --> crear el consumidor 
2015-01-29 12:16:27 --> se creo el consumidor 32859 
2015-01-29 12:16:27 --> la informacion de la sede es array (
  'S_ID' => '1',
  'S_NOMBRE' => 'ANTIOQUIA',
  'S_DESCRIPCION' => 'Sede para atender los casos de la regional antioquia',
  'S_C_ID' => '1',
  'S_CANTIDAD_ENCUESTAS' => '10',
  'S_ACTIVO' => '1',
  'S_LOGO' => '7',
  'S_MUESTRA_VIDEO' => '0',
) 
2015-01-29 12:16:27 --> se va a extraer informacion del area  
2015-01-29 12:16:27 --> la informacion del area es array (
  'AR_ID' => '1',
  'AR_NOMBRE' => 'GERENCIA_DEL_SERVICIO',
  'AR_DESCRIPCION' => 'Cartas punto de venta Cartas de renuncia',
  'AR_C_ID' => '1',
  'AR_ACTIVO' => '1',
  'AR_ALIAS' => 'GS',
  'AR_MOSTRAR_NOMBRE_PANTALLA' => '0',
) 
2015-01-29 12:16:27 --> se va a crear el turno 
2015-01-29 12:16:27 --> se creo el turno 14 del area GS 

2015-01-29 12:25:53 --> get_areas 1 
2015-01-29 12:25:53 --> buscando areas del cliente 
2015-01-29 12:25:57 --> crear el consumidor 
2015-01-29 12:25:57 --> se creo el consumidor 32860 
2015-01-29 12:25:57 --> la informacion de la sede es array (
  'S_ID' => '1',
  'S_NOMBRE' => 'ANTIOQUIA',
  'S_DESCRIPCION' => 'Sede para atender los casos de la regional antioquia',
  'S_C_ID' => '1',
  'S_CANTIDAD_ENCUESTAS' => '10',
  'S_ACTIVO' => '1',
  'S_LOGO' => '7',
  'S_MUESTRA_VIDEO' => '0',
) 
2015-01-29 12:25:57 --> se va a extraer informacion del area  
2015-01-29 12:25:57 --> la informacion del area es array (
  'AR_ID' => '1',
  'AR_NOMBRE' => 'GERENCIA_DEL_SERVICIO',
  'AR_DESCRIPCION' => 'Cartas punto de venta Cartas de renuncia',
  'AR_C_ID' => '1',
  'AR_ACTIVO' => '1',
  'AR_ALIAS' => 'GS',
  'AR_MOSTRAR_NOMBRE_PANTALLA' => '0',
) 
2015-01-29 12:25:57 --> se va a crear el turno 
2015-01-29 12:25:57 --> se creo el turno 15 del area GS 

2015-01-29 13:38:05 --> get_areas 1 
2015-01-29 13:38:05 --> buscando areas del cliente 
2015-01-29 13:38:24 --> crear el consumidor 
2015-01-29 13:38:24 --> se creo el consumidor 32868 
2015-01-29 13:38:24 --> la informacion de la sede es array (
  'S_ID' => '4',
  'S_NOMBRE' => 'OCCIDENTE',
  'S_DESCRIPCION' => 'Sedle para atender los casos de la regional occidente',
  'S_C_ID' => '1',
  'S_CANTIDAD_ENCUESTAS' => '10',
  'S_ACTIVO' => '1',
  'S_LOGO' => '7',
  'S_MUESTRA_VIDEO' => '1',
) 
2015-01-29 13:38:24 --> se va a extraer informacion del area  
2015-01-29 13:38:24 --> la informacion del area es array (
  'AR_ID' => '2',
  'AR_NOMBRE' => 'APORTES',
  'AR_DESCRIPCION' => 'Pensiones Incapacidades Cesantias Cartas FNA',
  'AR_C_ID' => '1',
  'AR_ACTIVO' => '1',
  'AR_ALIAS' => 'A',
  'AR_MOSTRAR_NOMBRE_PANTALLA' => '0',
) 
2015-01-29 13:38:24 --> se va a crear el turno 
2015-01-29 13:38:24 --> se creo el turno 5 del area A 

2015-01-29 13:49:15 --> get_areas 1 
2015-01-29 13:49:15 --> buscando areas del cliente 
2015-01-29 13:49:33 --> crear el consumidor 
2015-01-29 13:49:33 --> se creo el consumidor 32873 
2015-01-29 13:49:33 --> la informacion de la sede es array (
  'S_ID' => '4',
  'S_NOMBRE' => 'OCCIDENTE',
  'S_DESCRIPCION' => 'Sedle para atender los casos de la regional occidente',
  'S_C_ID' => '1',
  'S_CANTIDAD_ENCUESTAS' => '10',
  'S_ACTIVO' => '1',
  'S_LOGO' => '7',
  'S_MUESTRA_VIDEO' => '1',
) 
2015-01-29 13:49:33 --> se va a extraer informacion del area  
2015-01-29 13:49:33 --> la informacion del area es array (
  'AR_ID' => '5',
  'AR_NOMBRE' => 'OTROS',
  'AR_DESCRIPCION' => 'Otros',
  'AR_C_ID' => '1',
  'AR_ACTIVO' => '1',
  'AR_ALIAS' => 'O',
  'AR_MOSTRAR_NOMBRE_PANTALLA' => '0',
) 
2015-01-29 13:49:33 --> se va a crear el turno 
2015-01-29 13:49:33 --> se creo el turno 9 del area O 

2015-01-29 14:02:16 --> get_areas 1 
2015-01-29 14:02:16 --> buscando areas del cliente 
2015-01-29 14:02:35 --> crear el consumidor 
2015-01-29 14:02:35 --> se creo el consumidor 32879 
2015-01-29 14:02:35 --> la informacion de la sede es array (
  'S_ID' => '4',
  'S_NOMBRE' => 'OCCIDENTE',
  'S_DESCRIPCION' => 'Sedle para atender los casos de la regional occidente',
  'S_C_ID' => '1',
  'S_CANTIDAD_ENCUESTAS' => '10',
  'S_ACTIVO' => '1',
  'S_LOGO' => '7',
  'S_MUESTRA_VIDEO' => '1',
) 
2015-01-29 14:02:35 --> se va a extraer informacion del area  
2015-01-29 14:02:35 --> la informacion del area es array (
  'AR_ID' => '1',
  'AR_NOMBRE' => 'GERENCIA_DEL_SERVICIO',
  'AR_DESCRIPCION' => 'Cartas punto de venta Cartas de renuncia',
  'AR_C_ID' => '1',
  'AR_ACTIVO' => '1',
  'AR_ALIAS' => 'GS',
  'AR_MOSTRAR_NOMBRE_PANTALLA' => '0',
) 
2015-01-29 14:02:35 --> se va a crear el turno 
2015-01-29 14:02:35 --> se creo el turno 3 del area GS 

2015-01-29 14:04:10 --> get_areas 1 
2015-01-29 14:04:10 --> buscando areas del cliente 
2015-01-29 14:04:25 --> crear el consumidor 
2015-01-29 14:04:25 --> se creo el consumidor 32880 
2015-01-29 14:04:25 --> la informacion de la sede es array (
  'S_ID' => '4',
  'S_NOMBRE' => 'OCCIDENTE',
  'S_DESCRIPCION' => 'Sedle para atender los casos de la regional occidente',
  'S_C_ID' => '1',
  'S_CANTIDAD_ENCUESTAS' => '10',
  'S_ACTIVO' => '1',
  'S_LOGO' => '7',
  'S_MUESTRA_VIDEO' => '1',
) 
2015-01-29 14:04:25 --> se va a extraer informacion del area  
2015-01-29 14:04:25 --> la informacion del area es array (
  'AR_ID' => '5',
  'AR_NOMBRE' => 'OTROS',
  'AR_DESCRIPCION' => 'Otros',
  'AR_C_ID' => '1',
  'AR_ACTIVO' => '1',
  'AR_ALIAS' => 'O',
  'AR_MOSTRAR_NOMBRE_PANTALLA' => '0',
) 
2015-01-29 14:04:25 --> se va a crear el turno 
2015-01-29 14:04:25 --> se creo el turno 10 del area O 

2015-01-29 14:05:13 --> get_areas 1 
2015-01-29 14:05:13 --> buscando areas del cliente 
2015-01-29 14:05:34 --> crear el consumidor 
2015-01-29 14:05:34 --> se creo el consumidor 32882 
2015-01-29 14:05:34 --> la informacion de la sede es array (
  'S_ID' => '4',
  'S_NOMBRE' => 'OCCIDENTE',
  'S_DESCRIPCION' => 'Sedle para atender los casos de la regional occidente',
  'S_C_ID' => '1',
  'S_CANTIDAD_ENCUESTAS' => '10',
  'S_ACTIVO' => '1',
  'S_LOGO' => '7',
  'S_MUESTRA_VIDEO' => '1',
) 
2015-01-29 14:05:34 --> se va a extraer informacion del area  
2015-01-29 14:05:34 --> la informacion del area es array (
  'AR_ID' => '1',
  'AR_NOMBRE' => 'GERENCIA_DEL_SERVICIO',
  'AR_DESCRIPCION' => 'Cartas punto de venta Cartas de renuncia',
  'AR_C_ID' => '1',
  'AR_ACTIVO' => '1',
  'AR_ALIAS' => 'GS',
  'AR_MOSTRAR_NOMBRE_PANTALLA' => '0',
) 
2015-01-29 14:05:34 --> se va a crear el turno 
2015-01-29 14:05:34 --> se creo el turno 4 del area GS 

2015-01-29 14:13:04 --> get_areas 1 
2015-01-29 14:13:04 --> buscando areas del cliente 

2015-01-29 14:14:21 --> get_areas 1 
2015-01-29 14:14:21 --> buscando areas del cliente 
2015-01-29 14:14:42 --> crear el consumidor 
2015-01-29 14:14:42 --> se creo el consumidor 32885 
2015-01-29 14:14:42 --> la informacion de la sede es array (
  'S_ID' => '4',
  'S_NOMBRE' => 'OCCIDENTE',
  'S_DESCRIPCION' => 'Sedle para atender los casos de la regional occidente',
  'S_C_ID' => '1',
  'S_CANTIDAD_ENCUESTAS' => '10',
  'S_ACTIVO' => '1',
  'S_LOGO' => '7',
  'S_MUESTRA_VIDEO' => '1',
) 
2015-01-29 14:14:42 --> se va a extraer informacion del area  
2015-01-29 14:14:42 --> la informacion del area es array (
  'AR_ID' => '8',
  'AR_NOMBRE' => 'COMPENSACION_SALARIAL',
  'AR_DESCRIPCION' => 'Informacion pago nomina y liquidaciones',
  'AR_C_ID' => '1',
  'AR_ACTIVO' => '1',
  'AR_ALIAS' => 'CS',
  'AR_MOSTRAR_NOMBRE_PANTALLA' => '0',
) 
2015-01-29 14:14:42 --> se va a crear el turno 
2015-01-29 14:14:42 --> se creo el turno 3 del area CS 

2015-01-29 14:24:08 --> get_areas 1 
2015-01-29 14:24:08 --> buscando areas del cliente 
2015-01-29 14:24:22 --> crear el consumidor 
2015-01-29 14:24:22 --> se creo el consumidor 32887 
2015-01-29 14:24:22 --> la informacion de la sede es array (
  'S_ID' => '4',
  'S_NOMBRE' => 'OCCIDENTE',
  'S_DESCRIPCION' => 'Sedle para atender los casos de la regional occidente',
  'S_C_ID' => '1',
  'S_CANTIDAD_ENCUESTAS' => '10',
  'S_ACTIVO' => '1',
  'S_LOGO' => '7',
  'S_MUESTRA_VIDEO' => '1',
) 
2015-01-29 14:24:22 --> se va a extraer informacion del area  
2015-01-29 14:24:22 --> la informacion del area es array (
  'AR_ID' => '3',
  'AR_NOMBRE' => 'SEGUIMIENTO_AL_SERVICIO',
  'AR_DESCRIPCION' => 'SQR certificados especiales claves portal web',
  'AR_C_ID' => '1',
  'AR_ACTIVO' => '1',
  'AR_ALIAS' => 'SAS',
  'AR_MOSTRAR_NOMBRE_PANTALLA' => '0',
) 
2015-01-29 14:24:22 --> se va a crear el turno 
2015-01-29 14:24:22 --> se creo el turno 1 del area SAS 

2015-01-29 14:38:48 --> get_areas 1 
2015-01-29 14:38:48 --> buscando areas del cliente 
2015-01-29 14:39:07 --> crear el consumidor 
2015-01-29 14:39:07 --> se creo el consumidor 32892 
2015-01-29 14:39:07 --> la informacion de la sede es array (
  'S_ID' => '1',
  'S_NOMBRE' => 'ANTIOQUIA',
  'S_DESCRIPCION' => 'Sede para atender los casos de la regional antioquia',
  'S_C_ID' => '1',
  'S_CANTIDAD_ENCUESTAS' => '10',
  'S_ACTIVO' => '1',
  'S_LOGO' => '7',
  'S_MUESTRA_VIDEO' => '0',
) 
2015-01-29 14:39:07 --> se va a extraer informacion del area  
2015-01-29 14:39:07 --> la informacion del area es array (
  'AR_ID' => '2',
  'AR_NOMBRE' => 'APORTES',
  'AR_DESCRIPCION' => 'Pensiones Incapacidades Cesantias Cartas FNA',
  'AR_C_ID' => '1',
  'AR_ACTIVO' => '1',
  'AR_ALIAS' => 'A',
  'AR_MOSTRAR_NOMBRE_PANTALLA' => '0',
) 
2015-01-29 14:39:07 --> se va a crear el turno 
2015-01-29 14:39:07 --> se creo el turno 4 del area A 

2015-01-29 14:40:01 --> get_areas 1 
2015-01-29 14:40:01 --> buscando areas del cliente 
2015-01-29 14:40:06 --> crear el consumidor 
2015-01-29 14:40:06 --> se creo el consumidor 32893 
2015-01-29 14:40:06 --> la informacion de la sede es array (
  'S_ID' => '4',
  'S_NOMBRE' => 'OCCIDENTE',
  'S_DESCRIPCION' => 'Sedle para atender los casos de la regional occidente',
  'S_C_ID' => '1',
  'S_CANTIDAD_ENCUESTAS' => '10',
  'S_ACTIVO' => '1',
  'S_LOGO' => '7',
  'S_MUESTRA_VIDEO' => '1',
) 
2015-01-29 14:40:06 --> se va a extraer informacion del area  
2015-01-29 14:40:06 --> la informacion del area es array (
  'AR_ID' => '1',
  'AR_NOMBRE' => 'GERENCIA_DEL_SERVICIO',
  'AR_DESCRIPCION' => 'Cartas punto de venta Cartas de renuncia',
  'AR_C_ID' => '1',
  'AR_ACTIVO' => '1',
  'AR_ALIAS' => 'GS',
  'AR_MOSTRAR_NOMBRE_PANTALLA' => '0',
) 
2015-01-29 14:40:06 --> se va a crear el turno 
2015-01-29 14:40:06 --> se creo el turno 5 del area GS 

2015-01-29 14:40:55 --> get_areas 1 
2015-01-29 14:40:55 --> buscando areas del cliente 
2015-01-29 14:41:12 --> crear el consumidor 
2015-01-29 14:41:12 --> se creo el consumidor 32896 
2015-01-29 14:41:12 --> la informacion de la sede es array (
  'S_ID' => '4',
  'S_NOMBRE' => 'OCCIDENTE',
  'S_DESCRIPCION' => 'Sedle para atender los casos de la regional occidente',
  'S_C_ID' => '1',
  'S_CANTIDAD_ENCUESTAS' => '10',
  'S_ACTIVO' => '1',
  'S_LOGO' => '7',
  'S_MUESTRA_VIDEO' => '1',
) 
2015-01-29 14:41:12 --> se va a extraer informacion del area  
2015-01-29 14:41:12 --> la informacion del area es array (
  'AR_ID' => '2',
  'AR_NOMBRE' => 'APORTES',
  'AR_DESCRIPCION' => 'Pensiones Incapacidades Cesantias Cartas FNA',
  'AR_C_ID' => '1',
  'AR_ACTIVO' => '1',
  'AR_ALIAS' => 'A',
  'AR_MOSTRAR_NOMBRE_PANTALLA' => '0',
) 
2015-01-29 14:41:12 --> se va a crear el turno 
2015-01-29 14:41:12 --> se creo el turno 6 del area A 

2015-01-29 15:13:52 --> get_areas 1 
2015-01-29 15:13:52 --> buscando areas del cliente 
2015-01-29 15:14:18 --> crear el consumidor 
2015-01-29 15:14:18 --> se creo el consumidor 32902 
2015-01-29 15:14:18 --> la informacion de la sede es array (
  'S_ID' => '4',
  'S_NOMBRE' => 'OCCIDENTE',
  'S_DESCRIPCION' => 'Sedle para atender los casos de la regional occidente',
  'S_C_ID' => '1',
  'S_CANTIDAD_ENCUESTAS' => '10',
  'S_ACTIVO' => '1',
  'S_LOGO' => '7',
  'S_MUESTRA_VIDEO' => '1',
) 
2015-01-29 15:14:18 --> se va a extraer informacion del area  
2015-01-29 15:14:18 --> la informacion del area es array (
  'AR_ID' => '5',
  'AR_NOMBRE' => 'OTROS',
  'AR_DESCRIPCION' => 'Otros',
  'AR_C_ID' => '1',
  'AR_ACTIVO' => '1',
  'AR_ALIAS' => 'O',
  'AR_MOSTRAR_NOMBRE_PANTALLA' => '0',
) 
2015-01-29 15:14:18 --> se va a crear el turno 
2015-01-29 15:14:18 --> se creo el turno 11 del area O 

2015-01-29 15:21:06 --> get_areas 1 
2015-01-29 15:21:06 --> buscando areas del cliente 
2015-01-29 15:21:28 --> crear el consumidor 
2015-01-29 15:21:28 --> se creo el consumidor 32904 
2015-01-29 15:21:28 --> la informacion de la sede es array (
  'S_ID' => '4',
  'S_NOMBRE' => 'OCCIDENTE',
  'S_DESCRIPCION' => 'Sedle para atender los casos de la regional occidente',
  'S_C_ID' => '1',
  'S_CANTIDAD_ENCUESTAS' => '10',
  'S_ACTIVO' => '1',
  'S_LOGO' => '7',
  'S_MUESTRA_VIDEO' => '1',
) 
2015-01-29 15:21:28 --> se va a extraer informacion del area  
2015-01-29 15:21:28 --> la informacion del area es array (
  'AR_ID' => '3',
  'AR_NOMBRE' => 'SEGUIMIENTO_AL_SERVICIO',
  'AR_DESCRIPCION' => 'SQR certificados especiales claves portal web',
  'AR_C_ID' => '1',
  'AR_ACTIVO' => '1',
  'AR_ALIAS' => 'SAS',
  'AR_MOSTRAR_NOMBRE_PANTALLA' => '0',
) 
2015-01-29 15:21:28 --> se va a crear el turno 
2015-01-29 15:21:28 --> se creo el turno 2 del area SAS 

2015-01-29 15:34:32 --> get_areas 1 
2015-01-29 15:34:32 --> buscando areas del cliente 
2015-01-29 15:34:48 --> crear el consumidor 
2015-01-29 15:34:48 --> se creo el consumidor 32910 
2015-01-29 15:34:48 --> la informacion de la sede es array (
  'S_ID' => '4',
  'S_NOMBRE' => 'OCCIDENTE',
  'S_DESCRIPCION' => 'Sedle para atender los casos de la regional occidente',
  'S_C_ID' => '1',
  'S_CANTIDAD_ENCUESTAS' => '10',
  'S_ACTIVO' => '1',
  'S_LOGO' => '7',
  'S_MUESTRA_VIDEO' => '1',
) 
2015-01-29 15:34:48 --> se va a extraer informacion del area  
2015-01-29 15:34:48 --> la informacion del area es array (
  'AR_ID' => '8',
  'AR_NOMBRE' => 'COMPENSACION_SALARIAL',
  'AR_DESCRIPCION' => 'Informacion pago nomina y liquidaciones',
  'AR_C_ID' => '1',
  'AR_ACTIVO' => '1',
  'AR_ALIAS' => 'CS',
  'AR_MOSTRAR_NOMBRE_PANTALLA' => '0',
) 
2015-01-29 15:34:48 --> se va a crear el turno 
2015-01-29 15:34:48 --> se creo el turno 4 del area CS 

2015-01-29 15:35:44 --> get_areas 1 
2015-01-29 15:35:44 --> buscando areas del cliente 
2015-01-29 15:36:03 --> crear el consumidor 
2015-01-29 15:36:03 --> se creo el consumidor 32912 
2015-01-29 15:36:03 --> la informacion de la sede es array (
  'S_ID' => '4',
  'S_NOMBRE' => 'OCCIDENTE',
  'S_DESCRIPCION' => 'Sedle para atender los casos de la regional occidente',
  'S_C_ID' => '1',
  'S_CANTIDAD_ENCUESTAS' => '10',
  'S_ACTIVO' => '1',
  'S_LOGO' => '7',
  'S_MUESTRA_VIDEO' => '1',
) 
2015-01-29 15:36:03 --> se va a extraer informacion del area  
2015-01-29 15:36:03 --> la informacion del area es array (
  'AR_ID' => '8',
  'AR_NOMBRE' => 'COMPENSACION_SALARIAL',
  'AR_DESCRIPCION' => 'Informacion pago nomina y liquidaciones',
  'AR_C_ID' => '1',
  'AR_ACTIVO' => '1',
  'AR_ALIAS' => 'CS',
  'AR_MOSTRAR_NOMBRE_PANTALLA' => '0',
) 
2015-01-29 15:36:03 --> se va a crear el turno 
2015-01-29 15:36:03 --> se creo el turno 5 del area CS 

2015-01-29 15:37:04 --> get_areas 1 
2015-01-29 15:37:04 --> buscando areas del cliente 
2015-01-29 15:37:18 --> crear el consumidor 
2015-01-29 15:37:18 --> se creo el consumidor 32913 
2015-01-29 15:37:18 --> la informacion de la sede es array (
  'S_ID' => '4',
  'S_NOMBRE' => 'OCCIDENTE',
  'S_DESCRIPCION' => 'Sedle para atender los casos de la regional occidente',
  'S_C_ID' => '1',
  'S_CANTIDAD_ENCUESTAS' => '10',
  'S_ACTIVO' => '1',
  'S_LOGO' => '7',
  'S_MUESTRA_VIDEO' => '1',
) 
2015-01-29 15:37:18 --> se va a extraer informacion del area  
2015-01-29 15:37:18 --> la informacion del area es array (
  'AR_ID' => '2',
  'AR_NOMBRE' => 'APORTES',
  'AR_DESCRIPCION' => 'Pensiones Incapacidades Cesantias Cartas FNA',
  'AR_C_ID' => '1',
  'AR_ACTIVO' => '1',
  'AR_ALIAS' => 'A',
  'AR_MOSTRAR_NOMBRE_PANTALLA' => '0',
) 
2015-01-29 15:37:18 --> se va a crear el turno 
2015-01-29 15:37:18 --> se creo el turno 7 del area A 

2015-01-29 15:40:30 --> get_areas 1 
2015-01-29 15:40:30 --> buscando areas del cliente 
2015-01-29 15:40:50 --> crear el consumidor 
2015-01-29 15:40:50 --> se creo el consumidor 32915 
2015-01-29 15:40:50 --> la informacion de la sede es array (
  'S_ID' => '4',
  'S_NOMBRE' => 'OCCIDENTE',
  'S_DESCRIPCION' => 'Sedle para atender los casos de la regional occidente',
  'S_C_ID' => '1',
  'S_CANTIDAD_ENCUESTAS' => '10',
  'S_ACTIVO' => '1',
  'S_LOGO' => '7',
  'S_MUESTRA_VIDEO' => '1',
) 
2015-01-29 15:40:50 --> se va a extraer informacion del area  
2015-01-29 15:40:50 --> la informacion del area es array (
  'AR_ID' => '8',
  'AR_NOMBRE' => 'COMPENSACION_SALARIAL',
  'AR_DESCRIPCION' => 'Informacion pago nomina y liquidaciones',
  'AR_C_ID' => '1',
  'AR_ACTIVO' => '1',
  'AR_ALIAS' => 'CS',
  'AR_MOSTRAR_NOMBRE_PANTALLA' => '0',
) 
2015-01-29 15:40:50 --> se va a crear el turno 
2015-01-29 15:40:50 --> se creo el turno 6 del area CS 

2015-01-29 15:49:14 --> get_areas 1 
2015-01-29 15:49:14 --> buscando areas del cliente 
2015-01-29 15:49:29 --> crear el consumidor 
2015-01-29 15:49:29 --> se creo el consumidor 32916 
2015-01-29 15:49:29 --> la informacion de la sede es array (
  'S_ID' => '4',
  'S_NOMBRE' => 'OCCIDENTE',
  'S_DESCRIPCION' => 'Sedle para atender los casos de la regional occidente',
  'S_C_ID' => '1',
  'S_CANTIDAD_ENCUESTAS' => '10',
  'S_ACTIVO' => '1',
  'S_LOGO' => '7',
  'S_MUESTRA_VIDEO' => '1',
) 
2015-01-29 15:49:29 --> se va a extraer informacion del area  
2015-01-29 15:49:29 --> la informacion del area es array (
  'AR_ID' => '2',
  'AR_NOMBRE' => 'APORTES',
  'AR_DESCRIPCION' => 'Pensiones Incapacidades Cesantias Cartas FNA',
  'AR_C_ID' => '1',
  'AR_ACTIVO' => '1',
  'AR_ALIAS' => 'A',
  'AR_MOSTRAR_NOMBRE_PANTALLA' => '0',
) 
2015-01-29 15:49:29 --> se va a crear el turno 
2015-01-29 15:49:29 --> se creo el turno 8 del area A 

2015-01-29 15:51:05 --> get_areas 1 
2015-01-29 15:51:05 --> buscando areas del cliente 

2015-01-29 16:03:32 --> get_areas 1 
2015-01-29 16:03:32 --> buscando areas del cliente 

2015-01-29 16:17:35 --> get_areas 1 
2015-01-29 16:17:35 --> buscando areas del cliente 

2015-01-29 16:18:21 --> get_areas 1 
2015-01-29 16:18:21 --> buscando areas del cliente 

2015-01-29 16:20:47 --> get_areas 1 
2015-01-29 16:20:47 --> buscando areas del cliente 

2015-01-29 16:31:23 --> get_areas 1 
2015-01-29 16:31:23 --> buscando areas del cliente 
