
2015-01-23 07:49:45 --> get_areas 1 
2015-01-23 07:49:45 --> buscando areas del cliente 
2015-01-23 07:49:54 --> crear el consumidor 
2015-01-23 07:49:54 --> se creo el consumidor 31899 
2015-01-23 07:49:54 --> la informacion de la sede es array (
  'S_ID' => '4',
  'S_NOMBRE' => 'OCCIDENTE',
  'S_DESCRIPCION' => 'Sedle para atender los casos de la regional occidente',
  'S_C_ID' => '1',
  'S_CANTIDAD_ENCUESTAS' => '10',
  'S_ACTIVO' => '1',
  'S_LOGO' => '7',
  'S_MUESTRA_VIDEO' => '1',
) 
2015-01-23 07:49:54 --> se va a extraer informacion del area  
2015-01-23 07:49:54 --> la informacion del area es array (
  'AR_ID' => '2',
  'AR_NOMBRE' => 'APORTES',
  'AR_DESCRIPCION' => 'Pensiones Incapacidades Cesantias Cartas FNA',
  'AR_C_ID' => '1',
  'AR_ACTIVO' => '1',
  'AR_ALIAS' => 'A',
  'AR_MOSTRAR_NOMBRE_PANTALLA' => '0',
) 
2015-01-23 07:49:54 --> se va a crear el turno 
2015-01-23 07:49:54 --> se creo el turno 1 del area A 

2015-01-23 08:14:59 --> get_areas 1 
2015-01-23 08:14:59 --> buscando areas del cliente 
2015-01-23 08:15:25 --> crear el consumidor 
2015-01-23 08:15:25 --> se creo el consumidor 31901 
2015-01-23 08:15:25 --> la informacion de la sede es array (
  'S_ID' => '4',
  'S_NOMBRE' => 'OCCIDENTE',
  'S_DESCRIPCION' => 'Sedle para atender los casos de la regional occidente',
  'S_C_ID' => '1',
  'S_CANTIDAD_ENCUESTAS' => '10',
  'S_ACTIVO' => '1',
  'S_LOGO' => '7',
  'S_MUESTRA_VIDEO' => '1',
) 
2015-01-23 08:15:25 --> se va a extraer informacion del area  
2015-01-23 08:15:25 --> la informacion del area es array (
  'AR_ID' => '2',
  'AR_NOMBRE' => 'APORTES',
  'AR_DESCRIPCION' => 'Pensiones Incapacidades Cesantias Cartas FNA',
  'AR_C_ID' => '1',
  'AR_ACTIVO' => '1',
  'AR_ALIAS' => 'A',
  'AR_MOSTRAR_NOMBRE_PANTALLA' => '0',
) 
2015-01-23 08:15:25 --> se va a crear el turno 
2015-01-23 08:15:25 --> se creo el turno 2 del area A 

2015-01-23 08:17:00 --> get_areas 1 
2015-01-23 08:17:00 --> buscando areas del cliente 
2015-01-23 08:17:08 --> crear el consumidor 
2015-01-23 08:17:08 --> se creo el consumidor 31902 
2015-01-23 08:17:08 --> la informacion de la sede es array (
  'S_ID' => '4',
  'S_NOMBRE' => 'OCCIDENTE',
  'S_DESCRIPCION' => 'Sedle para atender los casos de la regional occidente',
  'S_C_ID' => '1',
  'S_CANTIDAD_ENCUESTAS' => '10',
  'S_ACTIVO' => '1',
  'S_LOGO' => '7',
  'S_MUESTRA_VIDEO' => '1',
) 
2015-01-23 08:17:08 --> se va a extraer informacion del area  
2015-01-23 08:17:08 --> la informacion del area es array (
  'AR_ID' => '1',
  'AR_NOMBRE' => 'GERENCIA_DEL_SERVICIO',
  'AR_DESCRIPCION' => 'Cartas punto de venta Cartas de renuncia',
  'AR_C_ID' => '1',
  'AR_ACTIVO' => '1',
  'AR_ALIAS' => 'GS',
  'AR_MOSTRAR_NOMBRE_PANTALLA' => '0',
) 
2015-01-23 08:17:08 --> se va a crear el turno 
2015-01-23 08:17:08 --> se creo el turno 1 del area GS 

2015-01-23 08:27:28 --> get_areas 1 
2015-01-23 08:27:28 --> buscando areas del cliente 
2015-01-23 08:27:58 --> crear el consumidor 
2015-01-23 08:27:58 --> se creo el consumidor 31912 
2015-01-23 08:27:58 --> la informacion de la sede es array (
  'S_ID' => '4',
  'S_NOMBRE' => 'OCCIDENTE',
  'S_DESCRIPCION' => 'Sedle para atender los casos de la regional occidente',
  'S_C_ID' => '1',
  'S_CANTIDAD_ENCUESTAS' => '10',
  'S_ACTIVO' => '1',
  'S_LOGO' => '7',
  'S_MUESTRA_VIDEO' => '1',
) 
2015-01-23 08:27:58 --> se va a extraer informacion del area  
2015-01-23 08:27:58 --> la informacion del area es array (
  'AR_ID' => '1',
  'AR_NOMBRE' => 'GERENCIA_DEL_SERVICIO',
  'AR_DESCRIPCION' => 'Cartas punto de venta Cartas de renuncia',
  'AR_C_ID' => '1',
  'AR_ACTIVO' => '1',
  'AR_ALIAS' => 'GS',
  'AR_MOSTRAR_NOMBRE_PANTALLA' => '0',
) 
2015-01-23 08:27:58 --> se va a crear el turno 
2015-01-23 08:27:58 --> se creo el turno 2 del area GS 

2015-01-23 08:29:03 --> get_areas 1 
2015-01-23 08:29:03 --> buscando areas del cliente 
2015-01-23 08:29:19 --> crear el consumidor 
2015-01-23 08:29:19 --> se creo el consumidor 31913 
2015-01-23 08:29:19 --> la informacion de la sede es array (
  'S_ID' => '4',
  'S_NOMBRE' => 'OCCIDENTE',
  'S_DESCRIPCION' => 'Sedle para atender los casos de la regional occidente',
  'S_C_ID' => '1',
  'S_CANTIDAD_ENCUESTAS' => '10',
  'S_ACTIVO' => '1',
  'S_LOGO' => '7',
  'S_MUESTRA_VIDEO' => '1',
) 
2015-01-23 08:29:19 --> se va a extraer informacion del area  
2015-01-23 08:29:19 --> la informacion del area es array (
  'AR_ID' => '2',
  'AR_NOMBRE' => 'APORTES',
  'AR_DESCRIPCION' => 'Pensiones Incapacidades Cesantias Cartas FNA',
  'AR_C_ID' => '1',
  'AR_ACTIVO' => '1',
  'AR_ALIAS' => 'A',
  'AR_MOSTRAR_NOMBRE_PANTALLA' => '0',
) 
2015-01-23 08:29:19 --> se va a crear el turno 
2015-01-23 08:29:19 --> se creo el turno 3 del area A 

2015-01-23 08:55:53 --> get_areas 1 
2015-01-23 08:55:53 --> buscando areas del cliente 
2015-01-23 08:56:07 --> crear el consumidor 
2015-01-23 08:56:07 --> se creo el consumidor 31926 
2015-01-23 08:56:07 --> la informacion de la sede es array (
  'S_ID' => '4',
  'S_NOMBRE' => 'OCCIDENTE',
  'S_DESCRIPCION' => 'Sedle para atender los casos de la regional occidente',
  'S_C_ID' => '1',
  'S_CANTIDAD_ENCUESTAS' => '10',
  'S_ACTIVO' => '1',
  'S_LOGO' => '7',
  'S_MUESTRA_VIDEO' => '1',
) 
2015-01-23 08:56:07 --> se va a extraer informacion del area  
2015-01-23 08:56:07 --> la informacion del area es array (
  'AR_ID' => '1',
  'AR_NOMBRE' => 'GERENCIA_DEL_SERVICIO',
  'AR_DESCRIPCION' => 'Cartas punto de venta Cartas de renuncia',
  'AR_C_ID' => '1',
  'AR_ACTIVO' => '1',
  'AR_ALIAS' => 'GS',
  'AR_MOSTRAR_NOMBRE_PANTALLA' => '0',
) 
2015-01-23 08:56:07 --> se va a crear el turno 
2015-01-23 08:56:07 --> se creo el turno 3 del area GS 

2015-01-23 09:08:44 --> get_areas 1 
2015-01-23 09:08:44 --> buscando areas del cliente 
2015-01-23 09:09:13 --> crear el consumidor 
2015-01-23 09:09:13 --> se creo el consumidor 31929 
2015-01-23 09:09:13 --> la informacion de la sede es array (
  'S_ID' => '4',
  'S_NOMBRE' => 'OCCIDENTE',
  'S_DESCRIPCION' => 'Sedle para atender los casos de la regional occidente',
  'S_C_ID' => '1',
  'S_CANTIDAD_ENCUESTAS' => '10',
  'S_ACTIVO' => '1',
  'S_LOGO' => '7',
  'S_MUESTRA_VIDEO' => '1',
) 
2015-01-23 09:09:13 --> se va a extraer informacion del area  
2015-01-23 09:09:13 --> la informacion del area es array (
  'AR_ID' => '5',
  'AR_NOMBRE' => 'OTROS',
  'AR_DESCRIPCION' => 'Otros',
  'AR_C_ID' => '1',
  'AR_ACTIVO' => '1',
  'AR_ALIAS' => 'O',
  'AR_MOSTRAR_NOMBRE_PANTALLA' => '0',
) 
2015-01-23 09:09:13 --> se va a crear el turno 
2015-01-23 09:09:13 --> se creo el turno 1 del area O 

2015-01-23 09:10:24 --> get_areas 1 
2015-01-23 09:10:24 --> buscando areas del cliente 
2015-01-23 09:10:32 --> crear el consumidor 
2015-01-23 09:10:32 --> se creo el consumidor 31930 
2015-01-23 09:10:32 --> la informacion de la sede es array (
  'S_ID' => '4',
  'S_NOMBRE' => 'OCCIDENTE',
  'S_DESCRIPCION' => 'Sedle para atender los casos de la regional occidente',
  'S_C_ID' => '1',
  'S_CANTIDAD_ENCUESTAS' => '10',
  'S_ACTIVO' => '1',
  'S_LOGO' => '7',
  'S_MUESTRA_VIDEO' => '1',
) 
2015-01-23 09:10:32 --> se va a extraer informacion del area  
2015-01-23 09:10:32 --> la informacion del area es array (
  'AR_ID' => '3',
  'AR_NOMBRE' => 'SEGUIMIENTO_AL_SERVICIO',
  'AR_DESCRIPCION' => 'SQR certificados especiales claves portal web',
  'AR_C_ID' => '1',
  'AR_ACTIVO' => '1',
  'AR_ALIAS' => 'SAS',
  'AR_MOSTRAR_NOMBRE_PANTALLA' => '0',
) 
2015-01-23 09:10:32 --> se va a crear el turno 
2015-01-23 09:10:32 --> se creo el turno 1 del area SAS 

2015-01-23 09:21:18 --> get_areas 1 
2015-01-23 09:21:18 --> buscando areas del cliente 
2015-01-23 09:22:16 --> crear el consumidor 
2015-01-23 09:22:16 --> se creo el consumidor 31946 
2015-01-23 09:22:16 --> la informacion de la sede es array (
  'S_ID' => '4',
  'S_NOMBRE' => 'OCCIDENTE',
  'S_DESCRIPCION' => 'Sedle para atender los casos de la regional occidente',
  'S_C_ID' => '1',
  'S_CANTIDAD_ENCUESTAS' => '10',
  'S_ACTIVO' => '1',
  'S_LOGO' => '7',
  'S_MUESTRA_VIDEO' => '1',
) 
2015-01-23 09:22:16 --> se va a extraer informacion del area  
2015-01-23 09:22:16 --> la informacion del area es array (
  'AR_ID' => '3',
  'AR_NOMBRE' => 'SEGUIMIENTO_AL_SERVICIO',
  'AR_DESCRIPCION' => 'SQR certificados especiales claves portal web',
  'AR_C_ID' => '1',
  'AR_ACTIVO' => '1',
  'AR_ALIAS' => 'SAS',
  'AR_MOSTRAR_NOMBRE_PANTALLA' => '0',
) 
2015-01-23 09:22:16 --> se va a crear el turno 
2015-01-23 09:22:16 --> se creo el turno 2 del area SAS 

2015-01-23 09:22:42 --> get_areas 1 
2015-01-23 09:22:42 --> buscando areas del cliente 
2015-01-23 09:22:46 --> crear el consumidor 
2015-01-23 09:22:46 --> se creo el consumidor 31947 
2015-01-23 09:22:46 --> la informacion de la sede es array (
  'S_ID' => '1',
  'S_NOMBRE' => 'ANTIOQUIA',
  'S_DESCRIPCION' => 'Sede para atender los casos de la regional antioquia',
  'S_C_ID' => '1',
  'S_CANTIDAD_ENCUESTAS' => '10',
  'S_ACTIVO' => '1',
  'S_LOGO' => '7',
  'S_MUESTRA_VIDEO' => '0',
) 
2015-01-23 09:22:46 --> se va a extraer informacion del area  
2015-01-23 09:22:46 --> la informacion del area es array (
  'AR_ID' => '2',
  'AR_NOMBRE' => 'APORTES',
  'AR_DESCRIPCION' => 'Pensiones Incapacidades Cesantias Cartas FNA',
  'AR_C_ID' => '1',
  'AR_ACTIVO' => '1',
  'AR_ALIAS' => 'A',
  'AR_MOSTRAR_NOMBRE_PANTALLA' => '0',
) 
2015-01-23 09:22:46 --> se va a crear el turno 
2015-01-23 09:22:46 --> se creo el turno 1 del area A 

2015-01-23 09:31:12 --> get_areas 1 
2015-01-23 09:31:12 --> buscando areas del cliente 
2015-01-23 09:31:21 --> crear el consumidor 
2015-01-23 09:31:21 --> se creo el consumidor 31953 
2015-01-23 09:31:21 --> la informacion de la sede es array (
  'S_ID' => '1',
  'S_NOMBRE' => 'ANTIOQUIA',
  'S_DESCRIPCION' => 'Sede para atender los casos de la regional antioquia',
  'S_C_ID' => '1',
  'S_CANTIDAD_ENCUESTAS' => '10',
  'S_ACTIVO' => '1',
  'S_LOGO' => '7',
  'S_MUESTRA_VIDEO' => '0',
) 
2015-01-23 09:31:21 --> se va a extraer informacion del area  
2015-01-23 09:31:21 --> la informacion del area es array (
  'AR_ID' => '1',
  'AR_NOMBRE' => 'GERENCIA_DEL_SERVICIO',
  'AR_DESCRIPCION' => 'Cartas punto de venta Cartas de renuncia',
  'AR_C_ID' => '1',
  'AR_ACTIVO' => '1',
  'AR_ALIAS' => 'GS',
  'AR_MOSTRAR_NOMBRE_PANTALLA' => '0',
) 
2015-01-23 09:31:21 --> se va a crear el turno 
2015-01-23 09:31:21 --> se creo el turno 5 del area GS 

2015-01-23 09:31:52 --> get_areas 1 
2015-01-23 09:31:52 --> buscando areas del cliente 

2015-01-23 09:31:57 --> get_areas 1 
2015-01-23 09:31:57 --> buscando areas del cliente 
2015-01-23 09:32:00 --> crear el consumidor 
2015-01-23 09:32:00 --> se creo el consumidor 31954 
2015-01-23 09:32:00 --> la informacion de la sede es array (
  'S_ID' => '1',
  'S_NOMBRE' => 'ANTIOQUIA',
  'S_DESCRIPCION' => 'Sede para atender los casos de la regional antioquia',
  'S_C_ID' => '1',
  'S_CANTIDAD_ENCUESTAS' => '10',
  'S_ACTIVO' => '1',
  'S_LOGO' => '7',
  'S_MUESTRA_VIDEO' => '0',
) 
2015-01-23 09:32:00 --> se va a extraer informacion del area  
2015-01-23 09:32:00 --> la informacion del area es array (
  'AR_ID' => '1',
  'AR_NOMBRE' => 'GERENCIA_DEL_SERVICIO',
  'AR_DESCRIPCION' => 'Cartas punto de venta Cartas de renuncia',
  'AR_C_ID' => '1',
  'AR_ACTIVO' => '1',
  'AR_ALIAS' => 'GS',
  'AR_MOSTRAR_NOMBRE_PANTALLA' => '0',
) 
2015-01-23 09:32:00 --> se va a crear el turno 
2015-01-23 09:32:00 --> se creo el turno 6 del area GS 
2015-01-23 09:32:11 --> crear el consumidor 
2015-01-23 09:32:11 --> se creo el consumidor 31955 
2015-01-23 09:32:11 --> la informacion de la sede es array (
  'S_ID' => '4',
  'S_NOMBRE' => 'OCCIDENTE',
  'S_DESCRIPCION' => 'Sedle para atender los casos de la regional occidente',
  'S_C_ID' => '1',
  'S_CANTIDAD_ENCUESTAS' => '10',
  'S_ACTIVO' => '1',
  'S_LOGO' => '7',
  'S_MUESTRA_VIDEO' => '1',
) 
2015-01-23 09:32:11 --> se va a extraer informacion del area  
2015-01-23 09:32:11 --> la informacion del area es array (
  'AR_ID' => '2',
  'AR_NOMBRE' => 'APORTES',
  'AR_DESCRIPCION' => 'Pensiones Incapacidades Cesantias Cartas FNA',
  'AR_C_ID' => '1',
  'AR_ACTIVO' => '1',
  'AR_ALIAS' => 'A',
  'AR_MOSTRAR_NOMBRE_PANTALLA' => '0',
) 
2015-01-23 09:32:11 --> se va a crear el turno 
2015-01-23 09:32:11 --> se creo el turno 4 del area A 

2015-01-23 09:32:34 --> get_areas 1 
2015-01-23 09:32:34 --> buscando areas del cliente 
2015-01-23 09:32:38 --> crear el consumidor 
2015-01-23 09:32:38 --> se creo el consumidor 31956 
2015-01-23 09:32:38 --> la informacion de la sede es array (
  'S_ID' => '1',
  'S_NOMBRE' => 'ANTIOQUIA',
  'S_DESCRIPCION' => 'Sede para atender los casos de la regional antioquia',
  'S_C_ID' => '1',
  'S_CANTIDAD_ENCUESTAS' => '10',
  'S_ACTIVO' => '1',
  'S_LOGO' => '7',
  'S_MUESTRA_VIDEO' => '0',
) 
2015-01-23 09:32:38 --> se va a extraer informacion del area  
2015-01-23 09:32:38 --> la informacion del area es array (
  'AR_ID' => '1',
  'AR_NOMBRE' => 'GERENCIA_DEL_SERVICIO',
  'AR_DESCRIPCION' => 'Cartas punto de venta Cartas de renuncia',
  'AR_C_ID' => '1',
  'AR_ACTIVO' => '1',
  'AR_ALIAS' => 'GS',
  'AR_MOSTRAR_NOMBRE_PANTALLA' => '0',
) 
2015-01-23 09:32:38 --> se va a crear el turno 
2015-01-23 09:32:38 --> se creo el turno 7 del area GS 

2015-01-23 09:58:16 --> get_areas 1 
2015-01-23 09:58:16 --> buscando areas del cliente 
2015-01-23 09:58:36 --> crear el consumidor 
2015-01-23 09:58:36 --> se creo el consumidor 31978 
2015-01-23 09:58:36 --> la informacion de la sede es array (
  'S_ID' => '4',
  'S_NOMBRE' => 'OCCIDENTE',
  'S_DESCRIPCION' => 'Sedle para atender los casos de la regional occidente',
  'S_C_ID' => '1',
  'S_CANTIDAD_ENCUESTAS' => '10',
  'S_ACTIVO' => '1',
  'S_LOGO' => '7',
  'S_MUESTRA_VIDEO' => '1',
) 
2015-01-23 09:58:36 --> se va a extraer informacion del area  
2015-01-23 09:58:36 --> la informacion del area es array (
  'AR_ID' => '1',
  'AR_NOMBRE' => 'GERENCIA_DEL_SERVICIO',
  'AR_DESCRIPCION' => 'Cartas punto de venta Cartas de renuncia',
  'AR_C_ID' => '1',
  'AR_ACTIVO' => '1',
  'AR_ALIAS' => 'GS',
  'AR_MOSTRAR_NOMBRE_PANTALLA' => '0',
) 
2015-01-23 09:58:36 --> se va a crear el turno 
2015-01-23 09:58:36 --> se creo el turno 4 del area GS 

2015-01-23 10:02:05 --> get_areas 1 
2015-01-23 10:02:05 --> buscando areas del cliente 
2015-01-23 10:02:18 --> crear el consumidor 
2015-01-23 10:02:18 --> se creo el consumidor 31984 
2015-01-23 10:02:18 --> la informacion de la sede es array (
  'S_ID' => '2',
  'S_NOMBRE' => 'CENTRO',
  'S_DESCRIPCION' => 'Sede para atender los casos de la regional centro',
  'S_C_ID' => '1',
  'S_CANTIDAD_ENCUESTAS' => '10',
  'S_ACTIVO' => '1',
  'S_LOGO' => '7',
  'S_MUESTRA_VIDEO' => '0',
) 
2015-01-23 10:02:18 --> se va a extraer informacion del area  
2015-01-23 10:02:18 --> la informacion del area es array (
  'AR_ID' => '8',
  'AR_NOMBRE' => 'COMPENSACION_SALARIAL',
  'AR_DESCRIPCION' => 'Informacion pago nomina y liquidaciones',
  'AR_C_ID' => '1',
  'AR_ACTIVO' => '1',
  'AR_ALIAS' => 'CS',
  'AR_MOSTRAR_NOMBRE_PANTALLA' => '0',
) 
2015-01-23 10:02:18 --> se va a crear el turno 
2015-01-23 10:02:18 --> se creo el turno 2 del area CS 

2015-01-23 10:09:31 --> get_areas 1 
2015-01-23 10:09:31 --> buscando areas del cliente 
2015-01-23 10:09:43 --> crear el consumidor 
2015-01-23 10:09:43 --> se creo el consumidor 31992 
2015-01-23 10:09:43 --> la informacion de la sede es array (
  'S_ID' => '2',
  'S_NOMBRE' => 'CENTRO',
  'S_DESCRIPCION' => 'Sede para atender los casos de la regional centro',
  'S_C_ID' => '1',
  'S_CANTIDAD_ENCUESTAS' => '10',
  'S_ACTIVO' => '1',
  'S_LOGO' => '7',
  'S_MUESTRA_VIDEO' => '0',
) 
2015-01-23 10:09:43 --> se va a extraer informacion del area  
2015-01-23 10:09:43 --> la informacion del area es array (
  'AR_ID' => '8',
  'AR_NOMBRE' => 'COMPENSACION_SALARIAL',
  'AR_DESCRIPCION' => 'Informacion pago nomina y liquidaciones',
  'AR_C_ID' => '1',
  'AR_ACTIVO' => '1',
  'AR_ALIAS' => 'CS',
  'AR_MOSTRAR_NOMBRE_PANTALLA' => '0',
) 
2015-01-23 10:09:43 --> se va a crear el turno 
2015-01-23 10:09:43 --> se creo el turno 3 del area CS 

2015-01-23 10:15:18 --> get_areas 1 
2015-01-23 10:15:18 --> buscando areas del cliente 
2015-01-23 10:15:33 --> crear el consumidor 
2015-01-23 10:15:33 --> se creo el consumidor 31993 
2015-01-23 10:15:33 --> la informacion de la sede es array (
  'S_ID' => '4',
  'S_NOMBRE' => 'OCCIDENTE',
  'S_DESCRIPCION' => 'Sedle para atender los casos de la regional occidente',
  'S_C_ID' => '1',
  'S_CANTIDAD_ENCUESTAS' => '10',
  'S_ACTIVO' => '1',
  'S_LOGO' => '7',
  'S_MUESTRA_VIDEO' => '1',
) 
2015-01-23 10:15:33 --> se va a extraer informacion del area  
2015-01-23 10:15:33 --> la informacion del area es array (
  'AR_ID' => '5',
  'AR_NOMBRE' => 'OTROS',
  'AR_DESCRIPCION' => 'Otros',
  'AR_C_ID' => '1',
  'AR_ACTIVO' => '1',
  'AR_ALIAS' => 'O',
  'AR_MOSTRAR_NOMBRE_PANTALLA' => '0',
) 
2015-01-23 10:15:33 --> se va a crear el turno 
2015-01-23 10:15:33 --> se creo el turno 2 del area O 

2015-01-23 10:42:35 --> get_areas 1 
2015-01-23 10:42:35 --> buscando areas del cliente 
2015-01-23 10:42:46 --> crear el consumidor 
2015-01-23 10:42:46 --> se creo el consumidor 32004 
2015-01-23 10:42:46 --> la informacion de la sede es array (
  'S_ID' => '4',
  'S_NOMBRE' => 'OCCIDENTE',
  'S_DESCRIPCION' => 'Sedle para atender los casos de la regional occidente',
  'S_C_ID' => '1',
  'S_CANTIDAD_ENCUESTAS' => '10',
  'S_ACTIVO' => '1',
  'S_LOGO' => '7',
  'S_MUESTRA_VIDEO' => '1',
) 
2015-01-23 10:42:46 --> se va a extraer informacion del area  
2015-01-23 10:42:46 --> la informacion del area es array (
  'AR_ID' => '2',
  'AR_NOMBRE' => 'APORTES',
  'AR_DESCRIPCION' => 'Pensiones Incapacidades Cesantias Cartas FNA',
  'AR_C_ID' => '1',
  'AR_ACTIVO' => '1',
  'AR_ALIAS' => 'A',
  'AR_MOSTRAR_NOMBRE_PANTALLA' => '0',
) 
2015-01-23 10:42:46 --> se va a crear el turno 
2015-01-23 10:42:46 --> se creo el turno 5 del area A 

2015-01-23 10:53:11 --> get_areas 1 
2015-01-23 10:53:11 --> buscando areas del cliente 
2015-01-23 10:53:26 --> crear el consumidor 
2015-01-23 10:53:26 --> se creo el consumidor 32011 
2015-01-23 10:53:26 --> la informacion de la sede es array (
  'S_ID' => '4',
  'S_NOMBRE' => 'OCCIDENTE',
  'S_DESCRIPCION' => 'Sedle para atender los casos de la regional occidente',
  'S_C_ID' => '1',
  'S_CANTIDAD_ENCUESTAS' => '10',
  'S_ACTIVO' => '1',
  'S_LOGO' => '7',
  'S_MUESTRA_VIDEO' => '1',
) 
2015-01-23 10:53:26 --> se va a extraer informacion del area  
2015-01-23 10:53:26 --> la informacion del area es array (
  'AR_ID' => '2',
  'AR_NOMBRE' => 'APORTES',
  'AR_DESCRIPCION' => 'Pensiones Incapacidades Cesantias Cartas FNA',
  'AR_C_ID' => '1',
  'AR_ACTIVO' => '1',
  'AR_ALIAS' => 'A',
  'AR_MOSTRAR_NOMBRE_PANTALLA' => '0',
) 
2015-01-23 10:53:26 --> se va a crear el turno 
2015-01-23 10:53:26 --> se creo el turno 6 del area A 

2015-01-23 10:54:18 --> get_areas 1 
2015-01-23 10:54:18 --> buscando areas del cliente 
2015-01-23 10:54:28 --> crear el consumidor 
2015-01-23 10:54:28 --> se creo el consumidor 32013 
2015-01-23 10:54:28 --> la informacion de la sede es array (
  'S_ID' => '4',
  'S_NOMBRE' => 'OCCIDENTE',
  'S_DESCRIPCION' => 'Sedle para atender los casos de la regional occidente',
  'S_C_ID' => '1',
  'S_CANTIDAD_ENCUESTAS' => '10',
  'S_ACTIVO' => '1',
  'S_LOGO' => '7',
  'S_MUESTRA_VIDEO' => '1',
) 
2015-01-23 10:54:28 --> se va a extraer informacion del area  
2015-01-23 10:54:28 --> la informacion del area es array (
  'AR_ID' => '1',
  'AR_NOMBRE' => 'GERENCIA_DEL_SERVICIO',
  'AR_DESCRIPCION' => 'Cartas punto de venta Cartas de renuncia',
  'AR_C_ID' => '1',
  'AR_ACTIVO' => '1',
  'AR_ALIAS' => 'GS',
  'AR_MOSTRAR_NOMBRE_PANTALLA' => '0',
) 
2015-01-23 10:54:28 --> se va a crear el turno 
2015-01-23 10:54:28 --> se creo el turno 5 del area GS 

2015-01-23 11:20:51 --> get_areas 1 
2015-01-23 11:20:51 --> buscando areas del cliente 
2015-01-23 11:21:01 --> crear el consumidor 
2015-01-23 11:21:01 --> se creo el consumidor 32021 
2015-01-23 11:21:01 --> la informacion de la sede es array (
  'S_ID' => '4',
  'S_NOMBRE' => 'OCCIDENTE',
  'S_DESCRIPCION' => 'Sedle para atender los casos de la regional occidente',
  'S_C_ID' => '1',
  'S_CANTIDAD_ENCUESTAS' => '10',
  'S_ACTIVO' => '1',
  'S_LOGO' => '7',
  'S_MUESTRA_VIDEO' => '1',
) 
2015-01-23 11:21:01 --> se va a extraer informacion del area  
2015-01-23 11:21:01 --> la informacion del area es array (
  'AR_ID' => '2',
  'AR_NOMBRE' => 'APORTES',
  'AR_DESCRIPCION' => 'Pensiones Incapacidades Cesantias Cartas FNA',
  'AR_C_ID' => '1',
  'AR_ACTIVO' => '1',
  'AR_ALIAS' => 'A',
  'AR_MOSTRAR_NOMBRE_PANTALLA' => '0',
) 
2015-01-23 11:21:01 --> se va a crear el turno 
2015-01-23 11:21:01 --> se creo el turno 7 del area A 

2015-01-23 11:26:20 --> get_areas 1 
2015-01-23 11:26:20 --> buscando areas del cliente 
2015-01-23 11:26:33 --> crear el consumidor 
2015-01-23 11:26:33 --> se creo el consumidor 32023 
2015-01-23 11:26:33 --> la informacion de la sede es array (
  'S_ID' => '4',
  'S_NOMBRE' => 'OCCIDENTE',
  'S_DESCRIPCION' => 'Sedle para atender los casos de la regional occidente',
  'S_C_ID' => '1',
  'S_CANTIDAD_ENCUESTAS' => '10',
  'S_ACTIVO' => '1',
  'S_LOGO' => '7',
  'S_MUESTRA_VIDEO' => '1',
) 
2015-01-23 11:26:33 --> se va a extraer informacion del area  
2015-01-23 11:26:33 --> la informacion del area es array (
  'AR_ID' => '2',
  'AR_NOMBRE' => 'APORTES',
  'AR_DESCRIPCION' => 'Pensiones Incapacidades Cesantias Cartas FNA',
  'AR_C_ID' => '1',
  'AR_ACTIVO' => '1',
  'AR_ALIAS' => 'A',
  'AR_MOSTRAR_NOMBRE_PANTALLA' => '0',
) 
2015-01-23 11:26:33 --> se va a crear el turno 
2015-01-23 11:26:33 --> se creo el turno 8 del area A 

2015-01-23 11:41:16 --> get_areas 1 
2015-01-23 11:41:16 --> buscando areas del cliente 
2015-01-23 11:41:24 --> crear el consumidor 
2015-01-23 11:41:24 --> se creo el consumidor 32032 
2015-01-23 11:41:24 --> la informacion de la sede es array (
  'S_ID' => '4',
  'S_NOMBRE' => 'OCCIDENTE',
  'S_DESCRIPCION' => 'Sedle para atender los casos de la regional occidente',
  'S_C_ID' => '1',
  'S_CANTIDAD_ENCUESTAS' => '10',
  'S_ACTIVO' => '1',
  'S_LOGO' => '7',
  'S_MUESTRA_VIDEO' => '1',
) 
2015-01-23 11:41:24 --> se va a extraer informacion del area  
2015-01-23 11:41:24 --> la informacion del area es array (
  'AR_ID' => '5',
  'AR_NOMBRE' => 'OTROS',
  'AR_DESCRIPCION' => 'Otros',
  'AR_C_ID' => '1',
  'AR_ACTIVO' => '1',
  'AR_ALIAS' => 'O',
  'AR_MOSTRAR_NOMBRE_PANTALLA' => '0',
) 
2015-01-23 11:41:24 --> se va a crear el turno 
2015-01-23 11:41:24 --> se creo el turno 3 del area O 

2015-01-23 11:52:52 --> get_areas 1 
2015-01-23 11:52:52 --> buscando areas del cliente 
2015-01-23 11:53:03 --> crear el consumidor 
2015-01-23 11:53:03 --> se creo el consumidor 32037 
2015-01-23 11:53:03 --> la informacion de la sede es array (
  'S_ID' => '4',
  'S_NOMBRE' => 'OCCIDENTE',
  'S_DESCRIPCION' => 'Sedle para atender los casos de la regional occidente',
  'S_C_ID' => '1',
  'S_CANTIDAD_ENCUESTAS' => '10',
  'S_ACTIVO' => '1',
  'S_LOGO' => '7',
  'S_MUESTRA_VIDEO' => '1',
) 
2015-01-23 11:53:03 --> se va a extraer informacion del area  
2015-01-23 11:53:03 --> la informacion del area es array (
  'AR_ID' => '1',
  'AR_NOMBRE' => 'GERENCIA_DEL_SERVICIO',
  'AR_DESCRIPCION' => 'Cartas punto de venta Cartas de renuncia',
  'AR_C_ID' => '1',
  'AR_ACTIVO' => '1',
  'AR_ALIAS' => 'GS',
  'AR_MOSTRAR_NOMBRE_PANTALLA' => '0',
) 
2015-01-23 11:53:03 --> se va a crear el turno 
2015-01-23 11:53:03 --> se creo el turno 6 del area GS 

2015-01-23 12:10:07 --> get_areas 1 
2015-01-23 12:10:07 --> buscando areas del cliente 
2015-01-23 12:10:13 --> crear el consumidor 
2015-01-23 12:10:13 --> se creo el consumidor 32042 
2015-01-23 12:10:13 --> la informacion de la sede es array (
  'S_ID' => '4',
  'S_NOMBRE' => 'OCCIDENTE',
  'S_DESCRIPCION' => 'Sedle para atender los casos de la regional occidente',
  'S_C_ID' => '1',
  'S_CANTIDAD_ENCUESTAS' => '10',
  'S_ACTIVO' => '1',
  'S_LOGO' => '7',
  'S_MUESTRA_VIDEO' => '1',
) 
2015-01-23 12:10:13 --> se va a extraer informacion del area  
2015-01-23 12:10:13 --> la informacion del area es array (
  'AR_ID' => '2',
  'AR_NOMBRE' => 'APORTES',
  'AR_DESCRIPCION' => 'Pensiones Incapacidades Cesantias Cartas FNA',
  'AR_C_ID' => '1',
  'AR_ACTIVO' => '1',
  'AR_ALIAS' => 'A',
  'AR_MOSTRAR_NOMBRE_PANTALLA' => '0',
) 
2015-01-23 12:10:13 --> se va a crear el turno 
2015-01-23 12:10:13 --> se creo el turno 9 del area A 

2015-01-23 12:11:10 --> get_areas 1 
2015-01-23 12:11:10 --> buscando areas del cliente 
2015-01-23 12:11:23 --> crear el consumidor 
2015-01-23 12:11:23 --> se creo el consumidor 32044 
2015-01-23 12:11:23 --> la informacion de la sede es array (
  'S_ID' => '4',
  'S_NOMBRE' => 'OCCIDENTE',
  'S_DESCRIPCION' => 'Sedle para atender los casos de la regional occidente',
  'S_C_ID' => '1',
  'S_CANTIDAD_ENCUESTAS' => '10',
  'S_ACTIVO' => '1',
  'S_LOGO' => '7',
  'S_MUESTRA_VIDEO' => '1',
) 
2015-01-23 12:11:23 --> se va a extraer informacion del area  
2015-01-23 12:11:23 --> la informacion del area es array (
  'AR_ID' => '2',
  'AR_NOMBRE' => 'APORTES',
  'AR_DESCRIPCION' => 'Pensiones Incapacidades Cesantias Cartas FNA',
  'AR_C_ID' => '1',
  'AR_ACTIVO' => '1',
  'AR_ALIAS' => 'A',
  'AR_MOSTRAR_NOMBRE_PANTALLA' => '0',
) 
2015-01-23 12:11:23 --> se va a crear el turno 
2015-01-23 12:11:23 --> se creo el turno 10 del area A 

2015-01-23 12:17:19 --> get_areas 1 
2015-01-23 12:17:19 --> buscando areas del cliente 
2015-01-23 12:17:34 --> crear el consumidor 
2015-01-23 12:17:34 --> se creo el consumidor 32046 
2015-01-23 12:17:34 --> la informacion de la sede es array (
  'S_ID' => '2',
  'S_NOMBRE' => 'CENTRO',
  'S_DESCRIPCION' => 'Sede para atender los casos de la regional centro',
  'S_C_ID' => '1',
  'S_CANTIDAD_ENCUESTAS' => '10',
  'S_ACTIVO' => '1',
  'S_LOGO' => '7',
  'S_MUESTRA_VIDEO' => '0',
) 
2015-01-23 12:17:34 --> se va a extraer informacion del area  
2015-01-23 12:17:34 --> la informacion del area es array (
  'AR_ID' => '2',
  'AR_NOMBRE' => 'APORTES',
  'AR_DESCRIPCION' => 'Pensiones Incapacidades Cesantias Cartas FNA',
  'AR_C_ID' => '1',
  'AR_ACTIVO' => '1',
  'AR_ALIAS' => 'A',
  'AR_MOSTRAR_NOMBRE_PANTALLA' => '0',
) 
2015-01-23 12:17:34 --> se va a crear el turno 
2015-01-23 12:17:34 --> se creo el turno 24 del area A 

2015-01-23 12:31:34 --> get_areas 1 
2015-01-23 12:31:34 --> buscando areas del cliente 
2015-01-23 12:31:44 --> crear el consumidor 
2015-01-23 12:31:44 --> se creo el consumidor 32051 
2015-01-23 12:31:44 --> la informacion de la sede es array (
  'S_ID' => '4',
  'S_NOMBRE' => 'OCCIDENTE',
  'S_DESCRIPCION' => 'Sedle para atender los casos de la regional occidente',
  'S_C_ID' => '1',
  'S_CANTIDAD_ENCUESTAS' => '10',
  'S_ACTIVO' => '1',
  'S_LOGO' => '7',
  'S_MUESTRA_VIDEO' => '1',
) 
2015-01-23 12:31:44 --> se va a extraer informacion del area  
2015-01-23 12:31:44 --> la informacion del area es array (
  'AR_ID' => '5',
  'AR_NOMBRE' => 'OTROS',
  'AR_DESCRIPCION' => 'Otros',
  'AR_C_ID' => '1',
  'AR_ACTIVO' => '1',
  'AR_ALIAS' => 'O',
  'AR_MOSTRAR_NOMBRE_PANTALLA' => '0',
) 
2015-01-23 12:31:44 --> se va a crear el turno 
2015-01-23 12:31:44 --> se creo el turno 4 del area O 

2015-01-23 14:07:31 --> get_areas 1 
2015-01-23 14:07:31 --> buscando areas del cliente 
2015-01-23 14:07:40 --> crear el consumidor 
2015-01-23 14:07:40 --> se creo el consumidor 32058 
2015-01-23 14:07:40 --> la informacion de la sede es array (
  'S_ID' => '4',
  'S_NOMBRE' => 'OCCIDENTE',
  'S_DESCRIPCION' => 'Sedle para atender los casos de la regional occidente',
  'S_C_ID' => '1',
  'S_CANTIDAD_ENCUESTAS' => '10',
  'S_ACTIVO' => '1',
  'S_LOGO' => '7',
  'S_MUESTRA_VIDEO' => '1',
) 
2015-01-23 14:07:40 --> se va a extraer informacion del area  
2015-01-23 14:07:40 --> la informacion del area es array (
  'AR_ID' => '5',
  'AR_NOMBRE' => 'OTROS',
  'AR_DESCRIPCION' => 'Otros',
  'AR_C_ID' => '1',
  'AR_ACTIVO' => '1',
  'AR_ALIAS' => 'O',
  'AR_MOSTRAR_NOMBRE_PANTALLA' => '0',
) 
2015-01-23 14:07:40 --> se va a crear el turno 
2015-01-23 14:07:40 --> se creo el turno 5 del area O 

2015-01-23 14:08:20 --> get_areas 1 
2015-01-23 14:08:20 --> buscando areas del cliente 
2015-01-23 14:08:27 --> crear el consumidor 
2015-01-23 14:08:27 --> se creo el consumidor 32059 
2015-01-23 14:08:27 --> la informacion de la sede es array (
  'S_ID' => '4',
  'S_NOMBRE' => 'OCCIDENTE',
  'S_DESCRIPCION' => 'Sedle para atender los casos de la regional occidente',
  'S_C_ID' => '1',
  'S_CANTIDAD_ENCUESTAS' => '10',
  'S_ACTIVO' => '1',
  'S_LOGO' => '7',
  'S_MUESTRA_VIDEO' => '1',
) 
2015-01-23 14:08:27 --> se va a extraer informacion del area  
2015-01-23 14:08:27 --> la informacion del area es array (
  'AR_ID' => '8',
  'AR_NOMBRE' => 'COMPENSACION_SALARIAL',
  'AR_DESCRIPCION' => 'Informacion pago nomina y liquidaciones',
  'AR_C_ID' => '1',
  'AR_ACTIVO' => '1',
  'AR_ALIAS' => 'CS',
  'AR_MOSTRAR_NOMBRE_PANTALLA' => '0',
) 
2015-01-23 14:08:27 --> se va a crear el turno 
2015-01-23 14:08:27 --> se creo el turno 1 del area CS 

2015-01-23 14:09:16 --> get_areas 1 
2015-01-23 14:09:16 --> buscando areas del cliente 
2015-01-23 14:09:40 --> crear el consumidor 
2015-01-23 14:09:40 --> se creo el consumidor 32061 
2015-01-23 14:09:40 --> la informacion de la sede es array (
  'S_ID' => '4',
  'S_NOMBRE' => 'OCCIDENTE',
  'S_DESCRIPCION' => 'Sedle para atender los casos de la regional occidente',
  'S_C_ID' => '1',
  'S_CANTIDAD_ENCUESTAS' => '10',
  'S_ACTIVO' => '1',
  'S_LOGO' => '7',
  'S_MUESTRA_VIDEO' => '1',
) 
2015-01-23 14:09:40 --> se va a extraer informacion del area  
2015-01-23 14:09:40 --> la informacion del area es array (
  'AR_ID' => '2',
  'AR_NOMBRE' => 'APORTES',
  'AR_DESCRIPCION' => 'Pensiones Incapacidades Cesantias Cartas FNA',
  'AR_C_ID' => '1',
  'AR_ACTIVO' => '1',
  'AR_ALIAS' => 'A',
  'AR_MOSTRAR_NOMBRE_PANTALLA' => '0',
) 
2015-01-23 14:09:40 --> se va a crear el turno 
2015-01-23 14:09:40 --> se creo el turno 11 del area A 

2015-01-23 14:46:49 --> get_areas 1 
2015-01-23 14:46:49 --> buscando areas del cliente 
2015-01-23 14:46:57 --> crear el consumidor 
2015-01-23 14:46:57 --> se creo el consumidor 32068 
2015-01-23 14:46:57 --> la informacion de la sede es array (
  'S_ID' => '4',
  'S_NOMBRE' => 'OCCIDENTE',
  'S_DESCRIPCION' => 'Sedle para atender los casos de la regional occidente',
  'S_C_ID' => '1',
  'S_CANTIDAD_ENCUESTAS' => '10',
  'S_ACTIVO' => '1',
  'S_LOGO' => '7',
  'S_MUESTRA_VIDEO' => '1',
) 
2015-01-23 14:46:57 --> se va a extraer informacion del area  
2015-01-23 14:46:57 --> la informacion del area es array (
  'AR_ID' => '2',
  'AR_NOMBRE' => 'APORTES',
  'AR_DESCRIPCION' => 'Pensiones Incapacidades Cesantias Cartas FNA',
  'AR_C_ID' => '1',
  'AR_ACTIVO' => '1',
  'AR_ALIAS' => 'A',
  'AR_MOSTRAR_NOMBRE_PANTALLA' => '0',
) 
2015-01-23 14:46:57 --> se va a crear el turno 
2015-01-23 14:46:57 --> se creo el turno 12 del area A 

2015-01-23 15:06:59 --> get_areas 1 
2015-01-23 15:06:59 --> buscando areas del cliente 

2015-01-23 15:14:34 --> get_areas 1 
2015-01-23 15:14:34 --> buscando areas del cliente 
2015-01-23 15:14:41 --> crear el consumidor 
2015-01-23 15:14:41 --> se creo el consumidor 32074 
2015-01-23 15:14:41 --> la informacion de la sede es array (
  'S_ID' => '4',
  'S_NOMBRE' => 'OCCIDENTE',
  'S_DESCRIPCION' => 'Sedle para atender los casos de la regional occidente',
  'S_C_ID' => '1',
  'S_CANTIDAD_ENCUESTAS' => '10',
  'S_ACTIVO' => '1',
  'S_LOGO' => '7',
  'S_MUESTRA_VIDEO' => '1',
) 
2015-01-23 15:14:41 --> se va a extraer informacion del area  
2015-01-23 15:14:41 --> la informacion del area es array (
  'AR_ID' => '8',
  'AR_NOMBRE' => 'COMPENSACION_SALARIAL',
  'AR_DESCRIPCION' => 'Informacion pago nomina y liquidaciones',
  'AR_C_ID' => '1',
  'AR_ACTIVO' => '1',
  'AR_ALIAS' => 'CS',
  'AR_MOSTRAR_NOMBRE_PANTALLA' => '0',
) 
2015-01-23 15:14:41 --> se va a crear el turno 
2015-01-23 15:14:41 --> se creo el turno 2 del area CS 

2015-01-23 15:27:42 --> get_areas 1 
2015-01-23 15:27:42 --> buscando areas del cliente 
2015-01-23 15:27:55 --> crear el consumidor 
2015-01-23 15:27:55 --> se creo el consumidor 32077 
2015-01-23 15:27:55 --> la informacion de la sede es array (
  'S_ID' => '4',
  'S_NOMBRE' => 'OCCIDENTE',
  'S_DESCRIPCION' => 'Sedle para atender los casos de la regional occidente',
  'S_C_ID' => '1',
  'S_CANTIDAD_ENCUESTAS' => '10',
  'S_ACTIVO' => '1',
  'S_LOGO' => '7',
  'S_MUESTRA_VIDEO' => '1',
) 
2015-01-23 15:27:55 --> se va a extraer informacion del area  
2015-01-23 15:27:55 --> la informacion del area es array (
  'AR_ID' => '8',
  'AR_NOMBRE' => 'COMPENSACION_SALARIAL',
  'AR_DESCRIPCION' => 'Informacion pago nomina y liquidaciones',
  'AR_C_ID' => '1',
  'AR_ACTIVO' => '1',
  'AR_ALIAS' => 'CS',
  'AR_MOSTRAR_NOMBRE_PANTALLA' => '0',
) 
2015-01-23 15:27:55 --> se va a crear el turno 
2015-01-23 15:27:55 --> se creo el turno 3 del area CS 

2015-01-23 15:33:55 --> get_areas 1 
2015-01-23 15:33:55 --> buscando areas del cliente 
2015-01-23 15:34:13 --> crear el consumidor 
2015-01-23 15:34:13 --> se creo el consumidor 32078 
2015-01-23 15:34:13 --> la informacion de la sede es array (
  'S_ID' => '4',
  'S_NOMBRE' => 'OCCIDENTE',
  'S_DESCRIPCION' => 'Sedle para atender los casos de la regional occidente',
  'S_C_ID' => '1',
  'S_CANTIDAD_ENCUESTAS' => '10',
  'S_ACTIVO' => '1',
  'S_LOGO' => '7',
  'S_MUESTRA_VIDEO' => '1',
) 
2015-01-23 15:34:13 --> se va a extraer informacion del area  
2015-01-23 15:34:13 --> la informacion del area es array (
  'AR_ID' => '1',
  'AR_NOMBRE' => 'GERENCIA_DEL_SERVICIO',
  'AR_DESCRIPCION' => 'Cartas punto de venta Cartas de renuncia',
  'AR_C_ID' => '1',
  'AR_ACTIVO' => '1',
  'AR_ALIAS' => 'GS',
  'AR_MOSTRAR_NOMBRE_PANTALLA' => '0',
) 
2015-01-23 15:34:13 --> se va a crear el turno 
2015-01-23 15:34:13 --> se creo el turno 7 del area GS 

2015-01-23 15:42:20 --> get_areas 1 
2015-01-23 15:42:20 --> buscando areas del cliente 
2015-01-23 15:42:37 --> crear el consumidor 
2015-01-23 15:42:37 --> se creo el consumidor 32079 
2015-01-23 15:42:37 --> la informacion de la sede es array (
  'S_ID' => '4',
  'S_NOMBRE' => 'OCCIDENTE',
  'S_DESCRIPCION' => 'Sedle para atender los casos de la regional occidente',
  'S_C_ID' => '1',
  'S_CANTIDAD_ENCUESTAS' => '10',
  'S_ACTIVO' => '1',
  'S_LOGO' => '7',
  'S_MUESTRA_VIDEO' => '1',
) 
2015-01-23 15:42:37 --> se va a extraer informacion del area  
2015-01-23 15:42:37 --> la informacion del area es array (
  'AR_ID' => '8',
  'AR_NOMBRE' => 'COMPENSACION_SALARIAL',
  'AR_DESCRIPCION' => 'Informacion pago nomina y liquidaciones',
  'AR_C_ID' => '1',
  'AR_ACTIVO' => '1',
  'AR_ALIAS' => 'CS',
  'AR_MOSTRAR_NOMBRE_PANTALLA' => '0',
) 
2015-01-23 15:42:37 --> se va a crear el turno 
2015-01-23 15:42:37 --> se creo el turno 4 del area CS 

2015-01-23 16:12:50 --> get_areas 1 
2015-01-23 16:12:50 --> buscando areas del cliente 
2015-01-23 16:13:10 --> crear el consumidor 
2015-01-23 16:13:10 --> se creo el consumidor 32087 
2015-01-23 16:13:10 --> la informacion de la sede es array (
  'S_ID' => '4',
  'S_NOMBRE' => 'OCCIDENTE',
  'S_DESCRIPCION' => 'Sedle para atender los casos de la regional occidente',
  'S_C_ID' => '1',
  'S_CANTIDAD_ENCUESTAS' => '10',
  'S_ACTIVO' => '1',
  'S_LOGO' => '7',
  'S_MUESTRA_VIDEO' => '1',
) 
2015-01-23 16:13:10 --> se va a extraer informacion del area  
2015-01-23 16:13:10 --> la informacion del area es array (
  'AR_ID' => '5',
  'AR_NOMBRE' => 'OTROS',
  'AR_DESCRIPCION' => 'Otros',
  'AR_C_ID' => '1',
  'AR_ACTIVO' => '1',
  'AR_ALIAS' => 'O',
  'AR_MOSTRAR_NOMBRE_PANTALLA' => '0',
) 
2015-01-23 16:13:10 --> se va a crear el turno 
2015-01-23 16:13:10 --> se creo el turno 6 del area O 

2015-01-23 16:17:37 --> get_areas 1 
2015-01-23 16:17:37 --> buscando areas del cliente 
2015-01-23 16:17:44 --> crear el consumidor 
2015-01-23 16:17:44 --> se creo el consumidor 32088 
2015-01-23 16:17:44 --> la informacion de la sede es array (
  'S_ID' => '4',
  'S_NOMBRE' => 'OCCIDENTE',
  'S_DESCRIPCION' => 'Sedle para atender los casos de la regional occidente',
  'S_C_ID' => '1',
  'S_CANTIDAD_ENCUESTAS' => '10',
  'S_ACTIVO' => '1',
  'S_LOGO' => '7',
  'S_MUESTRA_VIDEO' => '1',
) 
2015-01-23 16:17:44 --> se va a extraer informacion del area  
2015-01-23 16:17:44 --> la informacion del area es array (
  'AR_ID' => '2',
  'AR_NOMBRE' => 'APORTES',
  'AR_DESCRIPCION' => 'Pensiones Incapacidades Cesantias Cartas FNA',
  'AR_C_ID' => '1',
  'AR_ACTIVO' => '1',
  'AR_ALIAS' => 'A',
  'AR_MOSTRAR_NOMBRE_PANTALLA' => '0',
) 
2015-01-23 16:17:44 --> se va a crear el turno 
2015-01-23 16:17:44 --> se creo el turno 13 del area A 

2015-01-23 16:31:02 --> get_areas 1 
2015-01-23 16:31:02 --> buscando areas del cliente 

2015-01-23 16:32:18 --> get_areas 1 
2015-01-23 16:32:18 --> buscando areas del cliente 
2015-01-23 16:32:34 --> crear el consumidor 
2015-01-23 16:32:34 --> se creo el consumidor 32090 
2015-01-23 16:32:34 --> la informacion de la sede es array (
  'S_ID' => '4',
  'S_NOMBRE' => 'OCCIDENTE',
  'S_DESCRIPCION' => 'Sedle para atender los casos de la regional occidente',
  'S_C_ID' => '1',
  'S_CANTIDAD_ENCUESTAS' => '10',
  'S_ACTIVO' => '1',
  'S_LOGO' => '7',
  'S_MUESTRA_VIDEO' => '1',
) 
2015-01-23 16:32:34 --> se va a extraer informacion del area  
2015-01-23 16:32:34 --> la informacion del area es array (
  'AR_ID' => '2',
  'AR_NOMBRE' => 'APORTES',
  'AR_DESCRIPCION' => 'Pensiones Incapacidades Cesantias Cartas FNA',
  'AR_C_ID' => '1',
  'AR_ACTIVO' => '1',
  'AR_ALIAS' => 'A',
  'AR_MOSTRAR_NOMBRE_PANTALLA' => '0',
) 
2015-01-23 16:32:34 --> se va a crear el turno 
2015-01-23 16:32:34 --> se creo el turno 14 del area A 

2015-01-23 16:34:41 --> get_areas 1 
2015-01-23 16:34:41 --> buscando areas del cliente 
2015-01-23 16:35:03 --> crear el consumidor 
2015-01-23 16:35:03 --> se creo el consumidor 32092 
2015-01-23 16:35:03 --> la informacion de la sede es array (
  'S_ID' => '4',
  'S_NOMBRE' => 'OCCIDENTE',
  'S_DESCRIPCION' => 'Sedle para atender los casos de la regional occidente',
  'S_C_ID' => '1',
  'S_CANTIDAD_ENCUESTAS' => '10',
  'S_ACTIVO' => '1',
  'S_LOGO' => '7',
  'S_MUESTRA_VIDEO' => '1',
) 
2015-01-23 16:35:03 --> se va a extraer informacion del area  
2015-01-23 16:35:03 --> la informacion del area es array (
  'AR_ID' => '5',
  'AR_NOMBRE' => 'OTROS',
  'AR_DESCRIPCION' => 'Otros',
  'AR_C_ID' => '1',
  'AR_ACTIVO' => '1',
  'AR_ALIAS' => 'O',
  'AR_MOSTRAR_NOMBRE_PANTALLA' => '0',
) 
2015-01-23 16:35:03 --> se va a crear el turno 
2015-01-23 16:35:03 --> se creo el turno 7 del area O 

2015-01-23 16:35:54 --> get_areas 1 
2015-01-23 16:35:54 --> buscando areas del cliente 

2015-01-23 16:36:53 --> get_areas 1 
2015-01-23 16:36:53 --> buscando areas del cliente 
2015-01-23 16:37:03 --> crear el consumidor 
2015-01-23 16:37:03 --> se creo el consumidor 32095 
2015-01-23 16:37:03 --> la informacion de la sede es array (
  'S_ID' => '4',
  'S_NOMBRE' => 'OCCIDENTE',
  'S_DESCRIPCION' => 'Sedle para atender los casos de la regional occidente',
  'S_C_ID' => '1',
  'S_CANTIDAD_ENCUESTAS' => '10',
  'S_ACTIVO' => '1',
  'S_LOGO' => '7',
  'S_MUESTRA_VIDEO' => '1',
) 
2015-01-23 16:37:03 --> se va a extraer informacion del area  
2015-01-23 16:37:03 --> la informacion del area es array (
  'AR_ID' => '5',
  'AR_NOMBRE' => 'OTROS',
  'AR_DESCRIPCION' => 'Otros',
  'AR_C_ID' => '1',
  'AR_ACTIVO' => '1',
  'AR_ALIAS' => 'O',
  'AR_MOSTRAR_NOMBRE_PANTALLA' => '0',
) 
2015-01-23 16:37:03 --> se va a crear el turno 
2015-01-23 16:37:03 --> se creo el turno 8 del area O 

2015-01-23 16:42:55 --> get_areas 1 
2015-01-23 16:42:55 --> buscando areas del cliente 
2015-01-23 16:43:08 --> crear el consumidor 
2015-01-23 16:43:08 --> se creo el consumidor 32096 
2015-01-23 16:43:08 --> la informacion de la sede es array (
  'S_ID' => '4',
  'S_NOMBRE' => 'OCCIDENTE',
  'S_DESCRIPCION' => 'Sedle para atender los casos de la regional occidente',
  'S_C_ID' => '1',
  'S_CANTIDAD_ENCUESTAS' => '10',
  'S_ACTIVO' => '1',
  'S_LOGO' => '7',
  'S_MUESTRA_VIDEO' => '1',
) 
2015-01-23 16:43:08 --> se va a extraer informacion del area  
2015-01-23 16:43:08 --> la informacion del area es array (
  'AR_ID' => '2',
  'AR_NOMBRE' => 'APORTES',
  'AR_DESCRIPCION' => 'Pensiones Incapacidades Cesantias Cartas FNA',
  'AR_C_ID' => '1',
  'AR_ACTIVO' => '1',
  'AR_ALIAS' => 'A',
  'AR_MOSTRAR_NOMBRE_PANTALLA' => '0',
) 
2015-01-23 16:43:08 --> se va a crear el turno 
2015-01-23 16:43:08 --> se creo el turno 15 del area A 

2015-01-23 17:08:31 --> get_areas 1 
2015-01-23 17:08:31 --> buscando areas del cliente 
2015-01-23 17:08:35 --> crear el consumidor 
2015-01-23 17:08:35 --> se creo el consumidor 32099 
2015-01-23 17:08:35 --> la informacion de la sede es array (
  'S_ID' => '4',
  'S_NOMBRE' => 'OCCIDENTE',
  'S_DESCRIPCION' => 'Sedle para atender los casos de la regional occidente',
  'S_C_ID' => '1',
  'S_CANTIDAD_ENCUESTAS' => '10',
  'S_ACTIVO' => '1',
  'S_LOGO' => '7',
  'S_MUESTRA_VIDEO' => '1',
) 
2015-01-23 17:08:35 --> se va a extraer informacion del area  
2015-01-23 17:08:35 --> la informacion del area es array (
  'AR_ID' => '1',
  'AR_NOMBRE' => 'GERENCIA_DEL_SERVICIO',
  'AR_DESCRIPCION' => 'Cartas punto de venta Cartas de renuncia',
  'AR_C_ID' => '1',
  'AR_ACTIVO' => '1',
  'AR_ALIAS' => 'GS',
  'AR_MOSTRAR_NOMBRE_PANTALLA' => '0',
) 
2015-01-23 17:08:35 --> se va a crear el turno 
2015-01-23 17:08:35 --> se creo el turno 8 del area GS 

2015-01-23 17:15:37 --> get_areas 1 
2015-01-23 17:15:37 --> buscando areas del cliente 

2015-01-23 17:35:17 --> get_areas 1 
2015-01-23 17:35:17 --> buscando areas del cliente 
2015-01-23 17:35:21 --> crear el consumidor 
2015-01-23 17:35:21 --> se creo el consumidor 32110 
2015-01-23 17:35:21 --> la informacion de la sede es array (
  'S_ID' => '4',
  'S_NOMBRE' => 'OCCIDENTE',
  'S_DESCRIPCION' => 'Sedle para atender los casos de la regional occidente',
  'S_C_ID' => '1',
  'S_CANTIDAD_ENCUESTAS' => '10',
  'S_ACTIVO' => '1',
  'S_LOGO' => '7',
  'S_MUESTRA_VIDEO' => '1',
) 
2015-01-23 17:35:21 --> se va a extraer informacion del area  
2015-01-23 17:35:21 --> la informacion del area es array (
  'AR_ID' => '1',
  'AR_NOMBRE' => 'GERENCIA_DEL_SERVICIO',
  'AR_DESCRIPCION' => 'Cartas punto de venta Cartas de renuncia',
  'AR_C_ID' => '1',
  'AR_ACTIVO' => '1',
  'AR_ALIAS' => 'GS',
  'AR_MOSTRAR_NOMBRE_PANTALLA' => '0',
) 
2015-01-23 17:35:21 --> se va a crear el turno 
2015-01-23 17:35:21 --> se creo el turno 9 del area GS 

2015-01-23 19:07:59 --> get_areas 1 
2015-01-23 19:07:59 --> buscando areas del cliente 
2015-01-23 19:08:06 --> crear el consumidor 
2015-01-23 19:08:06 --> se creo el consumidor 32111 
2015-01-23 19:08:06 --> la informacion de la sede es array (
  'S_ID' => '5',
  'S_NOMBRE' => 'ORIENTE',
  'S_DESCRIPCION' => 'Sede para gestionar los casos de la regional Oriente',
  'S_C_ID' => '1',
  'S_CANTIDAD_ENCUESTAS' => '10',
  'S_ACTIVO' => '1',
  'S_LOGO' => '7',
  'S_MUESTRA_VIDEO' => '0',
) 
2015-01-23 19:08:06 --> se va a extraer informacion del area  
2015-01-23 19:08:06 --> la informacion del area es array (
  'AR_ID' => '8',
  'AR_NOMBRE' => 'COMPENSACION_SALARIAL',
  'AR_DESCRIPCION' => 'Informacion pago nomina y liquidaciones',
  'AR_C_ID' => '1',
  'AR_ACTIVO' => '1',
  'AR_ALIAS' => 'CS',
  'AR_MOSTRAR_NOMBRE_PANTALLA' => '0',
) 
2015-01-23 19:08:06 --> se va a crear el turno 
2015-01-23 19:08:06 --> se creo el turno 1 del area CS 

2015-01-23 21:30:37 --> get_areas 1 
2015-01-23 21:30:37 --> buscando areas del cliente 
2015-01-23 21:30:43 --> crear el consumidor 
2015-01-23 21:30:43 --> se creo el consumidor 32112 
2015-01-23 21:30:43 --> la informacion de la sede es array (
  'S_ID' => '4',
  'S_NOMBRE' => 'OCCIDENTE',
  'S_DESCRIPCION' => 'Sedle para atender los casos de la regional occidente',
  'S_C_ID' => '1',
  'S_CANTIDAD_ENCUESTAS' => '10',
  'S_ACTIVO' => '1',
  'S_LOGO' => '7',
  'S_MUESTRA_VIDEO' => '1',
) 
2015-01-23 21:30:43 --> se va a extraer informacion del area  
2015-01-23 21:30:43 --> la informacion del area es array (
  'AR_ID' => '5',
  'AR_NOMBRE' => 'OTROS',
  'AR_DESCRIPCION' => 'Otros',
  'AR_C_ID' => '1',
  'AR_ACTIVO' => '1',
  'AR_ALIAS' => 'O',
  'AR_MOSTRAR_NOMBRE_PANTALLA' => '0',
) 
2015-01-23 21:30:43 --> se va a crear el turno 
2015-01-23 21:30:43 --> se creo el turno 9 del area O 
