
2015-01-28 08:12:38 --> get_areas 1 
2015-01-28 08:12:38 --> buscando areas del cliente 
2015-01-28 08:13:00 --> crear el consumidor 
2015-01-28 08:13:00 --> se creo el consumidor 32616 
2015-01-28 08:13:00 --> la informacion de la sede es array (
  'S_ID' => '4',
  'S_NOMBRE' => 'OCCIDENTE',
  'S_DESCRIPCION' => 'Sedle para atender los casos de la regional occidente',
  'S_C_ID' => '1',
  'S_CANTIDAD_ENCUESTAS' => '10',
  'S_ACTIVO' => '1',
  'S_LOGO' => '7',
  'S_MUESTRA_VIDEO' => '1',
) 
2015-01-28 08:13:00 --> se va a extraer informacion del area  
2015-01-28 08:13:00 --> la informacion del area es array (
  'AR_ID' => '2',
  'AR_NOMBRE' => 'APORTES',
  'AR_DESCRIPCION' => 'Pensiones Incapacidades Cesantias Cartas FNA',
  'AR_C_ID' => '1',
  'AR_ACTIVO' => '1',
  'AR_ALIAS' => 'A',
  'AR_MOSTRAR_NOMBRE_PANTALLA' => '0',
) 
2015-01-28 08:13:00 --> se va a crear el turno 
2015-01-28 08:13:00 --> se creo el turno 1 del area A 

2015-01-28 08:13:41 --> get_areas 1 
2015-01-28 08:13:41 --> buscando areas del cliente 
2015-01-28 08:13:47 --> crear el consumidor 
2015-01-28 08:13:47 --> se creo el consumidor 32617 
2015-01-28 08:13:47 --> la informacion de la sede es array (
  'S_ID' => '4',
  'S_NOMBRE' => 'OCCIDENTE',
  'S_DESCRIPCION' => 'Sedle para atender los casos de la regional occidente',
  'S_C_ID' => '1',
  'S_CANTIDAD_ENCUESTAS' => '10',
  'S_ACTIVO' => '1',
  'S_LOGO' => '7',
  'S_MUESTRA_VIDEO' => '1',
) 
2015-01-28 08:13:47 --> se va a extraer informacion del area  
2015-01-28 08:13:47 --> la informacion del area es array (
  'AR_ID' => '2',
  'AR_NOMBRE' => 'APORTES',
  'AR_DESCRIPCION' => 'Pensiones Incapacidades Cesantias Cartas FNA',
  'AR_C_ID' => '1',
  'AR_ACTIVO' => '1',
  'AR_ALIAS' => 'A',
  'AR_MOSTRAR_NOMBRE_PANTALLA' => '0',
) 
2015-01-28 08:13:47 --> se va a crear el turno 
2015-01-28 08:13:47 --> se creo el turno 2 del area A 

2015-01-28 08:24:29 --> get_areas 1 
2015-01-28 08:24:29 --> buscando areas del cliente 
2015-01-28 08:24:45 --> crear el consumidor 
2015-01-28 08:24:45 --> se creo el consumidor 32618 
2015-01-28 08:24:45 --> la informacion de la sede es array (
  'S_ID' => '4',
  'S_NOMBRE' => 'OCCIDENTE',
  'S_DESCRIPCION' => 'Sedle para atender los casos de la regional occidente',
  'S_C_ID' => '1',
  'S_CANTIDAD_ENCUESTAS' => '10',
  'S_ACTIVO' => '1',
  'S_LOGO' => '7',
  'S_MUESTRA_VIDEO' => '1',
) 
2015-01-28 08:24:45 --> se va a extraer informacion del area  
2015-01-28 08:24:45 --> la informacion del area es array (
  'AR_ID' => '2',
  'AR_NOMBRE' => 'APORTES',
  'AR_DESCRIPCION' => 'Pensiones Incapacidades Cesantias Cartas FNA',
  'AR_C_ID' => '1',
  'AR_ACTIVO' => '1',
  'AR_ALIAS' => 'A',
  'AR_MOSTRAR_NOMBRE_PANTALLA' => '0',
) 
2015-01-28 08:24:45 --> se va a crear el turno 
2015-01-28 08:24:45 --> se creo el turno 3 del area A 

2015-01-28 08:33:32 --> get_areas 1 
2015-01-28 08:33:32 --> buscando areas del cliente 
2015-01-28 08:33:46 --> crear el consumidor 
2015-01-28 08:33:46 --> se creo el consumidor 32623 
2015-01-28 08:33:46 --> la informacion de la sede es array (
  'S_ID' => '4',
  'S_NOMBRE' => 'OCCIDENTE',
  'S_DESCRIPCION' => 'Sedle para atender los casos de la regional occidente',
  'S_C_ID' => '1',
  'S_CANTIDAD_ENCUESTAS' => '10',
  'S_ACTIVO' => '1',
  'S_LOGO' => '7',
  'S_MUESTRA_VIDEO' => '1',
) 
2015-01-28 08:33:46 --> se va a extraer informacion del area  
2015-01-28 08:33:46 --> la informacion del area es array (
  'AR_ID' => '5',
  'AR_NOMBRE' => 'OTROS',
  'AR_DESCRIPCION' => 'Otros',
  'AR_C_ID' => '1',
  'AR_ACTIVO' => '1',
  'AR_ALIAS' => 'O',
  'AR_MOSTRAR_NOMBRE_PANTALLA' => '0',
) 
2015-01-28 08:33:46 --> se va a crear el turno 
2015-01-28 08:33:46 --> se creo el turno 1 del area O 

2015-01-28 08:35:30 --> get_areas 1 
2015-01-28 08:35:30 --> buscando areas del cliente 

2015-01-28 08:36:21 --> get_areas 1 
2015-01-28 08:36:21 --> buscando areas del cliente 
2015-01-28 08:36:46 --> crear el consumidor 
2015-01-28 08:36:46 --> se creo el consumidor 32625 
2015-01-28 08:36:46 --> la informacion de la sede es array (
  'S_ID' => '4',
  'S_NOMBRE' => 'OCCIDENTE',
  'S_DESCRIPCION' => 'Sedle para atender los casos de la regional occidente',
  'S_C_ID' => '1',
  'S_CANTIDAD_ENCUESTAS' => '10',
  'S_ACTIVO' => '1',
  'S_LOGO' => '7',
  'S_MUESTRA_VIDEO' => '1',
) 
2015-01-28 08:36:46 --> se va a extraer informacion del area  
2015-01-28 08:36:46 --> la informacion del area es array (
  'AR_ID' => '5',
  'AR_NOMBRE' => 'OTROS',
  'AR_DESCRIPCION' => 'Otros',
  'AR_C_ID' => '1',
  'AR_ACTIVO' => '1',
  'AR_ALIAS' => 'O',
  'AR_MOSTRAR_NOMBRE_PANTALLA' => '0',
) 
2015-01-28 08:36:46 --> se va a crear el turno 
2015-01-28 08:36:46 --> se creo el turno 2 del area O 

2015-01-28 08:53:56 --> get_areas 1 
2015-01-28 08:53:56 --> buscando areas del cliente 
2015-01-28 08:54:11 --> crear el consumidor 
2015-01-28 08:54:11 --> se creo el consumidor 32633 
2015-01-28 08:54:11 --> la informacion de la sede es array (
  'S_ID' => '4',
  'S_NOMBRE' => 'OCCIDENTE',
  'S_DESCRIPCION' => 'Sedle para atender los casos de la regional occidente',
  'S_C_ID' => '1',
  'S_CANTIDAD_ENCUESTAS' => '10',
  'S_ACTIVO' => '1',
  'S_LOGO' => '7',
  'S_MUESTRA_VIDEO' => '1',
) 
2015-01-28 08:54:11 --> se va a extraer informacion del area  
2015-01-28 08:54:11 --> la informacion del area es array (
  'AR_ID' => '8',
  'AR_NOMBRE' => 'COMPENSACION_SALARIAL',
  'AR_DESCRIPCION' => 'Informacion pago nomina y liquidaciones',
  'AR_C_ID' => '1',
  'AR_ACTIVO' => '1',
  'AR_ALIAS' => 'CS',
  'AR_MOSTRAR_NOMBRE_PANTALLA' => '0',
) 
2015-01-28 08:54:11 --> se va a crear el turno 
2015-01-28 08:54:11 --> se creo el turno 1 del area CS 

2015-01-28 09:11:24 --> get_areas 1 
2015-01-28 09:11:24 --> buscando areas del cliente 
2015-01-28 09:11:50 --> crear el consumidor 
2015-01-28 09:11:50 --> se creo el consumidor 32638 
2015-01-28 09:11:50 --> la informacion de la sede es array (
  'S_ID' => '4',
  'S_NOMBRE' => 'OCCIDENTE',
  'S_DESCRIPCION' => 'Sedle para atender los casos de la regional occidente',
  'S_C_ID' => '1',
  'S_CANTIDAD_ENCUESTAS' => '10',
  'S_ACTIVO' => '1',
  'S_LOGO' => '7',
  'S_MUESTRA_VIDEO' => '1',
) 
2015-01-28 09:11:50 --> se va a extraer informacion del area  
2015-01-28 09:11:50 --> la informacion del area es array (
  'AR_ID' => '5',
  'AR_NOMBRE' => 'OTROS',
  'AR_DESCRIPCION' => 'Otros',
  'AR_C_ID' => '1',
  'AR_ACTIVO' => '1',
  'AR_ALIAS' => 'O',
  'AR_MOSTRAR_NOMBRE_PANTALLA' => '0',
) 
2015-01-28 09:11:50 --> se va a crear el turno 
2015-01-28 09:11:50 --> se creo el turno 3 del area O 

2015-01-28 09:14:59 --> get_areas 1 
2015-01-28 09:14:59 --> buscando areas del cliente 
2015-01-28 09:15:19 --> crear el consumidor 
2015-01-28 09:15:19 --> se creo el consumidor 32639 
2015-01-28 09:15:19 --> la informacion de la sede es array (
  'S_ID' => '4',
  'S_NOMBRE' => 'OCCIDENTE',
  'S_DESCRIPCION' => 'Sedle para atender los casos de la regional occidente',
  'S_C_ID' => '1',
  'S_CANTIDAD_ENCUESTAS' => '10',
  'S_ACTIVO' => '1',
  'S_LOGO' => '7',
  'S_MUESTRA_VIDEO' => '1',
) 
2015-01-28 09:15:19 --> se va a extraer informacion del area  
2015-01-28 09:15:19 --> la informacion del area es array (
  'AR_ID' => '3',
  'AR_NOMBRE' => 'SEGUIMIENTO_AL_SERVICIO',
  'AR_DESCRIPCION' => 'SQR certificados especiales claves portal web',
  'AR_C_ID' => '1',
  'AR_ACTIVO' => '1',
  'AR_ALIAS' => 'SAS',
  'AR_MOSTRAR_NOMBRE_PANTALLA' => '0',
) 
2015-01-28 09:15:19 --> se va a crear el turno 
2015-01-28 09:15:19 --> se creo el turno 1 del area SAS 

2015-01-28 09:24:53 --> get_areas 1 
2015-01-28 09:24:53 --> buscando areas del cliente 
2015-01-28 09:25:08 --> crear el consumidor 
2015-01-28 09:25:08 --> se creo el consumidor 32644 
2015-01-28 09:25:08 --> la informacion de la sede es array (
  'S_ID' => '4',
  'S_NOMBRE' => 'OCCIDENTE',
  'S_DESCRIPCION' => 'Sedle para atender los casos de la regional occidente',
  'S_C_ID' => '1',
  'S_CANTIDAD_ENCUESTAS' => '10',
  'S_ACTIVO' => '1',
  'S_LOGO' => '7',
  'S_MUESTRA_VIDEO' => '1',
) 
2015-01-28 09:25:08 --> se va a extraer informacion del area  
2015-01-28 09:25:08 --> la informacion del area es array (
  'AR_ID' => '5',
  'AR_NOMBRE' => 'OTROS',
  'AR_DESCRIPCION' => 'Otros',
  'AR_C_ID' => '1',
  'AR_ACTIVO' => '1',
  'AR_ALIAS' => 'O',
  'AR_MOSTRAR_NOMBRE_PANTALLA' => '0',
) 
2015-01-28 09:25:08 --> se va a crear el turno 
2015-01-28 09:25:08 --> se creo el turno 4 del area O 

2015-01-28 09:33:55 --> get_areas 1 
2015-01-28 09:33:55 --> buscando areas del cliente 
2015-01-28 09:34:10 --> crear el consumidor 
2015-01-28 09:34:10 --> se creo el consumidor 32646 
2015-01-28 09:34:10 --> la informacion de la sede es array (
  'S_ID' => '4',
  'S_NOMBRE' => 'OCCIDENTE',
  'S_DESCRIPCION' => 'Sedle para atender los casos de la regional occidente',
  'S_C_ID' => '1',
  'S_CANTIDAD_ENCUESTAS' => '10',
  'S_ACTIVO' => '1',
  'S_LOGO' => '7',
  'S_MUESTRA_VIDEO' => '1',
) 
2015-01-28 09:34:10 --> se va a extraer informacion del area  
2015-01-28 09:34:10 --> la informacion del area es array (
  'AR_ID' => '2',
  'AR_NOMBRE' => 'APORTES',
  'AR_DESCRIPCION' => 'Pensiones Incapacidades Cesantias Cartas FNA',
  'AR_C_ID' => '1',
  'AR_ACTIVO' => '1',
  'AR_ALIAS' => 'A',
  'AR_MOSTRAR_NOMBRE_PANTALLA' => '0',
) 
2015-01-28 09:34:10 --> se va a crear el turno 
2015-01-28 09:34:10 --> se creo el turno 4 del area A 

2015-01-28 09:40:36 --> get_areas 1 
2015-01-28 09:40:36 --> buscando areas del cliente 
2015-01-28 09:40:50 --> crear el consumidor 
2015-01-28 09:40:50 --> se creo el consumidor 32648 
2015-01-28 09:40:50 --> la informacion de la sede es array (
  'S_ID' => '4',
  'S_NOMBRE' => 'OCCIDENTE',
  'S_DESCRIPCION' => 'Sedle para atender los casos de la regional occidente',
  'S_C_ID' => '1',
  'S_CANTIDAD_ENCUESTAS' => '10',
  'S_ACTIVO' => '1',
  'S_LOGO' => '7',
  'S_MUESTRA_VIDEO' => '1',
) 
2015-01-28 09:40:50 --> se va a extraer informacion del area  
2015-01-28 09:40:50 --> la informacion del area es array (
  'AR_ID' => '5',
  'AR_NOMBRE' => 'OTROS',
  'AR_DESCRIPCION' => 'Otros',
  'AR_C_ID' => '1',
  'AR_ACTIVO' => '1',
  'AR_ALIAS' => 'O',
  'AR_MOSTRAR_NOMBRE_PANTALLA' => '0',
) 
2015-01-28 09:40:50 --> se va a crear el turno 
2015-01-28 09:40:50 --> se creo el turno 5 del area O 

2015-01-28 09:41:43 --> get_areas 1 
2015-01-28 09:41:43 --> buscando areas del cliente 
2015-01-28 09:41:52 --> crear el consumidor 
2015-01-28 09:41:52 --> se creo el consumidor 32649 
2015-01-28 09:41:52 --> la informacion de la sede es array (
  'S_ID' => '4',
  'S_NOMBRE' => 'OCCIDENTE',
  'S_DESCRIPCION' => 'Sedle para atender los casos de la regional occidente',
  'S_C_ID' => '1',
  'S_CANTIDAD_ENCUESTAS' => '10',
  'S_ACTIVO' => '1',
  'S_LOGO' => '7',
  'S_MUESTRA_VIDEO' => '1',
) 
2015-01-28 09:41:52 --> se va a extraer informacion del area  
2015-01-28 09:41:52 --> la informacion del area es array (
  'AR_ID' => '3',
  'AR_NOMBRE' => 'SEGUIMIENTO_AL_SERVICIO',
  'AR_DESCRIPCION' => 'SQR certificados especiales claves portal web',
  'AR_C_ID' => '1',
  'AR_ACTIVO' => '1',
  'AR_ALIAS' => 'SAS',
  'AR_MOSTRAR_NOMBRE_PANTALLA' => '0',
) 
2015-01-28 09:41:52 --> se va a crear el turno 
2015-01-28 09:41:52 --> se creo el turno 2 del area SAS 

2015-01-28 09:43:06 --> get_areas 1 
2015-01-28 09:43:06 --> buscando areas del cliente 
2015-01-28 09:43:26 --> crear el consumidor 
2015-01-28 09:43:26 --> se creo el consumidor 32650 
2015-01-28 09:43:26 --> la informacion de la sede es array (
  'S_ID' => '4',
  'S_NOMBRE' => 'OCCIDENTE',
  'S_DESCRIPCION' => 'Sedle para atender los casos de la regional occidente',
  'S_C_ID' => '1',
  'S_CANTIDAD_ENCUESTAS' => '10',
  'S_ACTIVO' => '1',
  'S_LOGO' => '7',
  'S_MUESTRA_VIDEO' => '1',
) 
2015-01-28 09:43:26 --> se va a extraer informacion del area  
2015-01-28 09:43:26 --> la informacion del area es array (
  'AR_ID' => '2',
  'AR_NOMBRE' => 'APORTES',
  'AR_DESCRIPCION' => 'Pensiones Incapacidades Cesantias Cartas FNA',
  'AR_C_ID' => '1',
  'AR_ACTIVO' => '1',
  'AR_ALIAS' => 'A',
  'AR_MOSTRAR_NOMBRE_PANTALLA' => '0',
) 
2015-01-28 09:43:26 --> se va a crear el turno 
2015-01-28 09:43:26 --> se creo el turno 5 del area A 

2015-01-28 09:56:05 --> get_areas 1 
2015-01-28 09:56:05 --> buscando areas del cliente 
2015-01-28 09:56:24 --> crear el consumidor 
2015-01-28 09:56:24 --> se creo el consumidor 32656 
2015-01-28 09:56:24 --> la informacion de la sede es array (
  'S_ID' => '4',
  'S_NOMBRE' => 'OCCIDENTE',
  'S_DESCRIPCION' => 'Sedle para atender los casos de la regional occidente',
  'S_C_ID' => '1',
  'S_CANTIDAD_ENCUESTAS' => '10',
  'S_ACTIVO' => '1',
  'S_LOGO' => '7',
  'S_MUESTRA_VIDEO' => '1',
) 
2015-01-28 09:56:24 --> se va a extraer informacion del area  
2015-01-28 09:56:24 --> la informacion del area es array (
  'AR_ID' => '2',
  'AR_NOMBRE' => 'APORTES',
  'AR_DESCRIPCION' => 'Pensiones Incapacidades Cesantias Cartas FNA',
  'AR_C_ID' => '1',
  'AR_ACTIVO' => '1',
  'AR_ALIAS' => 'A',
  'AR_MOSTRAR_NOMBRE_PANTALLA' => '0',
) 
2015-01-28 09:56:24 --> se va a crear el turno 
2015-01-28 09:56:24 --> se creo el turno 6 del area A 

2015-01-28 10:12:23 --> get_areas 1 
2015-01-28 10:12:23 --> buscando areas del cliente 
2015-01-28 10:12:39 --> crear el consumidor 
2015-01-28 10:12:39 --> se creo el consumidor 32660 
2015-01-28 10:12:39 --> la informacion de la sede es array (
  'S_ID' => '4',
  'S_NOMBRE' => 'OCCIDENTE',
  'S_DESCRIPCION' => 'Sedle para atender los casos de la regional occidente',
  'S_C_ID' => '1',
  'S_CANTIDAD_ENCUESTAS' => '10',
  'S_ACTIVO' => '1',
  'S_LOGO' => '7',
  'S_MUESTRA_VIDEO' => '1',
) 
2015-01-28 10:12:39 --> se va a extraer informacion del area  
2015-01-28 10:12:39 --> la informacion del area es array (
  'AR_ID' => '2',
  'AR_NOMBRE' => 'APORTES',
  'AR_DESCRIPCION' => 'Pensiones Incapacidades Cesantias Cartas FNA',
  'AR_C_ID' => '1',
  'AR_ACTIVO' => '1',
  'AR_ALIAS' => 'A',
  'AR_MOSTRAR_NOMBRE_PANTALLA' => '0',
) 
2015-01-28 10:12:39 --> se va a crear el turno 
2015-01-28 10:12:39 --> se creo el turno 7 del area A 

2015-01-28 10:14:28 --> get_areas 1 
2015-01-28 10:14:28 --> buscando areas del cliente 
2015-01-28 10:14:54 --> crear el consumidor 
2015-01-28 10:14:54 --> se creo el consumidor 32661 
2015-01-28 10:14:54 --> la informacion de la sede es array (
  'S_ID' => '4',
  'S_NOMBRE' => 'OCCIDENTE',
  'S_DESCRIPCION' => 'Sedle para atender los casos de la regional occidente',
  'S_C_ID' => '1',
  'S_CANTIDAD_ENCUESTAS' => '10',
  'S_ACTIVO' => '1',
  'S_LOGO' => '7',
  'S_MUESTRA_VIDEO' => '1',
) 
2015-01-28 10:14:54 --> se va a extraer informacion del area  
2015-01-28 10:14:54 --> la informacion del area es array (
  'AR_ID' => '2',
  'AR_NOMBRE' => 'APORTES',
  'AR_DESCRIPCION' => 'Pensiones Incapacidades Cesantias Cartas FNA',
  'AR_C_ID' => '1',
  'AR_ACTIVO' => '1',
  'AR_ALIAS' => 'A',
  'AR_MOSTRAR_NOMBRE_PANTALLA' => '0',
) 
2015-01-28 10:14:54 --> se va a crear el turno 
2015-01-28 10:14:54 --> se creo el turno 8 del area A 

2015-01-28 10:29:03 --> get_areas 1 
2015-01-28 10:29:03 --> buscando areas del cliente 
2015-01-28 10:29:14 --> crear el consumidor 
2015-01-28 10:29:16 --> se creo el consumidor 32672 
2015-01-28 10:29:16 --> la informacion de la sede es array (
  'S_ID' => '4',
  'S_NOMBRE' => 'OCCIDENTE',
  'S_DESCRIPCION' => 'Sedle para atender los casos de la regional occidente',
  'S_C_ID' => '1',
  'S_CANTIDAD_ENCUESTAS' => '10',
  'S_ACTIVO' => '1',
  'S_LOGO' => '7',
  'S_MUESTRA_VIDEO' => '1',
) 
2015-01-28 10:29:16 --> se va a extraer informacion del area  
2015-01-28 10:29:16 --> la informacion del area es array (
  'AR_ID' => '1',
  'AR_NOMBRE' => 'GERENCIA_DEL_SERVICIO',
  'AR_DESCRIPCION' => 'Cartas punto de venta Cartas de renuncia',
  'AR_C_ID' => '1',
  'AR_ACTIVO' => '1',
  'AR_ALIAS' => 'GS',
  'AR_MOSTRAR_NOMBRE_PANTALLA' => '0',
) 
2015-01-28 10:29:16 --> se va a crear el turno 
2015-01-28 10:29:16 --> se creo el turno 1 del area GS 

2015-01-28 10:53:02 --> get_areas 1 
2015-01-28 10:53:02 --> buscando areas del cliente 
2015-01-28 10:53:20 --> crear el consumidor 
2015-01-28 10:53:20 --> se creo el consumidor 32679 
2015-01-28 10:53:20 --> la informacion de la sede es array (
  'S_ID' => '4',
  'S_NOMBRE' => 'OCCIDENTE',
  'S_DESCRIPCION' => 'Sedle para atender los casos de la regional occidente',
  'S_C_ID' => '1',
  'S_CANTIDAD_ENCUESTAS' => '10',
  'S_ACTIVO' => '1',
  'S_LOGO' => '7',
  'S_MUESTRA_VIDEO' => '1',
) 
2015-01-28 10:53:20 --> se va a extraer informacion del area  
2015-01-28 10:53:20 --> la informacion del area es array (
  'AR_ID' => '5',
  'AR_NOMBRE' => 'OTROS',
  'AR_DESCRIPCION' => 'Otros',
  'AR_C_ID' => '1',
  'AR_ACTIVO' => '1',
  'AR_ALIAS' => 'O',
  'AR_MOSTRAR_NOMBRE_PANTALLA' => '0',
) 
2015-01-28 10:53:20 --> se va a crear el turno 
2015-01-28 10:53:20 --> se creo el turno 6 del area O 

2015-01-28 11:02:21 --> get_areas 1 
2015-01-28 11:02:21 --> buscando areas del cliente 
2015-01-28 11:02:32 --> crear el consumidor 
2015-01-28 11:02:32 --> se creo el consumidor 32683 
2015-01-28 11:02:32 --> la informacion de la sede es array (
  'S_ID' => '4',
  'S_NOMBRE' => 'OCCIDENTE',
  'S_DESCRIPCION' => 'Sedle para atender los casos de la regional occidente',
  'S_C_ID' => '1',
  'S_CANTIDAD_ENCUESTAS' => '10',
  'S_ACTIVO' => '1',
  'S_LOGO' => '7',
  'S_MUESTRA_VIDEO' => '1',
) 
2015-01-28 11:02:32 --> se va a extraer informacion del area  
2015-01-28 11:02:32 --> la informacion del area es array (
  'AR_ID' => '5',
  'AR_NOMBRE' => 'OTROS',
  'AR_DESCRIPCION' => 'Otros',
  'AR_C_ID' => '1',
  'AR_ACTIVO' => '1',
  'AR_ALIAS' => 'O',
  'AR_MOSTRAR_NOMBRE_PANTALLA' => '0',
) 
2015-01-28 11:02:32 --> se va a crear el turno 
2015-01-28 11:02:32 --> se creo el turno 7 del area O 

2015-01-28 11:07:47 --> get_areas 1 
2015-01-28 11:07:47 --> buscando areas del cliente 
2015-01-28 11:07:57 --> crear el consumidor 
2015-01-28 11:07:57 --> se creo el consumidor 32685 
2015-01-28 11:07:57 --> la informacion de la sede es array (
  'S_ID' => '4',
  'S_NOMBRE' => 'OCCIDENTE',
  'S_DESCRIPCION' => 'Sedle para atender los casos de la regional occidente',
  'S_C_ID' => '1',
  'S_CANTIDAD_ENCUESTAS' => '10',
  'S_ACTIVO' => '1',
  'S_LOGO' => '7',
  'S_MUESTRA_VIDEO' => '1',
) 
2015-01-28 11:07:57 --> se va a extraer informacion del area  
2015-01-28 11:07:57 --> la informacion del area es array (
  'AR_ID' => '5',
  'AR_NOMBRE' => 'OTROS',
  'AR_DESCRIPCION' => 'Otros',
  'AR_C_ID' => '1',
  'AR_ACTIVO' => '1',
  'AR_ALIAS' => 'O',
  'AR_MOSTRAR_NOMBRE_PANTALLA' => '0',
) 
2015-01-28 11:07:57 --> se va a crear el turno 
2015-01-28 11:07:57 --> se creo el turno 8 del area O 

2015-01-28 11:09:04 --> get_areas 1 
2015-01-28 11:09:04 --> buscando areas del cliente 
2015-01-28 11:09:24 --> crear el consumidor 
2015-01-28 11:09:24 --> se creo el consumidor 32686 
2015-01-28 11:09:24 --> la informacion de la sede es array (
  'S_ID' => '4',
  'S_NOMBRE' => 'OCCIDENTE',
  'S_DESCRIPCION' => 'Sedle para atender los casos de la regional occidente',
  'S_C_ID' => '1',
  'S_CANTIDAD_ENCUESTAS' => '10',
  'S_ACTIVO' => '1',
  'S_LOGO' => '7',
  'S_MUESTRA_VIDEO' => '1',
) 
2015-01-28 11:09:24 --> se va a extraer informacion del area  
2015-01-28 11:09:24 --> la informacion del area es array (
  'AR_ID' => '2',
  'AR_NOMBRE' => 'APORTES',
  'AR_DESCRIPCION' => 'Pensiones Incapacidades Cesantias Cartas FNA',
  'AR_C_ID' => '1',
  'AR_ACTIVO' => '1',
  'AR_ALIAS' => 'A',
  'AR_MOSTRAR_NOMBRE_PANTALLA' => '0',
) 
2015-01-28 11:09:24 --> se va a crear el turno 
2015-01-28 11:09:24 --> se creo el turno 9 del area A 

2015-01-28 11:10:17 --> get_areas 1 
2015-01-28 11:10:17 --> buscando areas del cliente 
2015-01-28 11:10:31 --> crear el consumidor 
2015-01-28 11:10:31 --> se creo el consumidor 32687 
2015-01-28 11:10:31 --> la informacion de la sede es array (
  'S_ID' => '4',
  'S_NOMBRE' => 'OCCIDENTE',
  'S_DESCRIPCION' => 'Sedle para atender los casos de la regional occidente',
  'S_C_ID' => '1',
  'S_CANTIDAD_ENCUESTAS' => '10',
  'S_ACTIVO' => '1',
  'S_LOGO' => '7',
  'S_MUESTRA_VIDEO' => '1',
) 
2015-01-28 11:10:31 --> se va a extraer informacion del area  
2015-01-28 11:10:31 --> la informacion del area es array (
  'AR_ID' => '2',
  'AR_NOMBRE' => 'APORTES',
  'AR_DESCRIPCION' => 'Pensiones Incapacidades Cesantias Cartas FNA',
  'AR_C_ID' => '1',
  'AR_ACTIVO' => '1',
  'AR_ALIAS' => 'A',
  'AR_MOSTRAR_NOMBRE_PANTALLA' => '0',
) 
2015-01-28 11:10:31 --> se va a crear el turno 
2015-01-28 11:10:31 --> se creo el turno 10 del area A 

2015-01-28 11:24:38 --> get_areas 1 
2015-01-28 11:24:38 --> buscando areas del cliente 
2015-01-28 11:24:56 --> crear el consumidor 
2015-01-28 11:24:56 --> se creo el consumidor 32695 
2015-01-28 11:24:56 --> la informacion de la sede es array (
  'S_ID' => '4',
  'S_NOMBRE' => 'OCCIDENTE',
  'S_DESCRIPCION' => 'Sedle para atender los casos de la regional occidente',
  'S_C_ID' => '1',
  'S_CANTIDAD_ENCUESTAS' => '10',
  'S_ACTIVO' => '1',
  'S_LOGO' => '7',
  'S_MUESTRA_VIDEO' => '1',
) 
2015-01-28 11:24:56 --> se va a extraer informacion del area  
2015-01-28 11:24:56 --> la informacion del area es array (
  'AR_ID' => '2',
  'AR_NOMBRE' => 'APORTES',
  'AR_DESCRIPCION' => 'Pensiones Incapacidades Cesantias Cartas FNA',
  'AR_C_ID' => '1',
  'AR_ACTIVO' => '1',
  'AR_ALIAS' => 'A',
  'AR_MOSTRAR_NOMBRE_PANTALLA' => '0',
) 
2015-01-28 11:24:56 --> se va a crear el turno 
2015-01-28 11:24:56 --> se creo el turno 11 del area A 

2015-01-28 11:34:46 --> get_areas 1 
2015-01-28 11:34:46 --> buscando areas del cliente 
2015-01-28 11:35:03 --> crear el consumidor 
2015-01-28 11:35:03 --> se creo el consumidor 32698 
2015-01-28 11:35:03 --> la informacion de la sede es array (
  'S_ID' => '4',
  'S_NOMBRE' => 'OCCIDENTE',
  'S_DESCRIPCION' => 'Sedle para atender los casos de la regional occidente',
  'S_C_ID' => '1',
  'S_CANTIDAD_ENCUESTAS' => '10',
  'S_ACTIVO' => '1',
  'S_LOGO' => '7',
  'S_MUESTRA_VIDEO' => '1',
) 
2015-01-28 11:35:03 --> se va a extraer informacion del area  
2015-01-28 11:35:03 --> la informacion del area es array (
  'AR_ID' => '2',
  'AR_NOMBRE' => 'APORTES',
  'AR_DESCRIPCION' => 'Pensiones Incapacidades Cesantias Cartas FNA',
  'AR_C_ID' => '1',
  'AR_ACTIVO' => '1',
  'AR_ALIAS' => 'A',
  'AR_MOSTRAR_NOMBRE_PANTALLA' => '0',
) 
2015-01-28 11:35:03 --> se va a crear el turno 
2015-01-28 11:35:03 --> se creo el turno 12 del area A 

2015-01-28 11:36:53 --> get_areas 1 
2015-01-28 11:36:53 --> buscando areas del cliente 
2015-01-28 11:37:02 --> crear el consumidor 
2015-01-28 11:37:02 --> se creo el consumidor 32699 
2015-01-28 11:37:02 --> la informacion de la sede es array (
  'S_ID' => '4',
  'S_NOMBRE' => 'OCCIDENTE',
  'S_DESCRIPCION' => 'Sedle para atender los casos de la regional occidente',
  'S_C_ID' => '1',
  'S_CANTIDAD_ENCUESTAS' => '10',
  'S_ACTIVO' => '1',
  'S_LOGO' => '7',
  'S_MUESTRA_VIDEO' => '1',
) 
2015-01-28 11:37:02 --> se va a extraer informacion del area  
2015-01-28 11:37:02 --> la informacion del area es array (
  'AR_ID' => '5',
  'AR_NOMBRE' => 'OTROS',
  'AR_DESCRIPCION' => 'Otros',
  'AR_C_ID' => '1',
  'AR_ACTIVO' => '1',
  'AR_ALIAS' => 'O',
  'AR_MOSTRAR_NOMBRE_PANTALLA' => '0',
) 
2015-01-28 11:37:02 --> se va a crear el turno 
2015-01-28 11:37:02 --> se creo el turno 9 del area O 

2015-01-28 11:56:50 --> get_areas 1 
2015-01-28 11:56:50 --> buscando areas del cliente 
2015-01-28 11:56:54 --> crear el consumidor 
2015-01-28 11:56:54 --> se creo el consumidor 32704 
2015-01-28 11:56:54 --> la informacion de la sede es array (
  'S_ID' => '4',
  'S_NOMBRE' => 'OCCIDENTE',
  'S_DESCRIPCION' => 'Sedle para atender los casos de la regional occidente',
  'S_C_ID' => '1',
  'S_CANTIDAD_ENCUESTAS' => '10',
  'S_ACTIVO' => '1',
  'S_LOGO' => '7',
  'S_MUESTRA_VIDEO' => '1',
) 
2015-01-28 11:56:54 --> se va a extraer informacion del area  
2015-01-28 11:56:54 --> la informacion del area es array (
  'AR_ID' => '5',
  'AR_NOMBRE' => 'OTROS',
  'AR_DESCRIPCION' => 'Otros',
  'AR_C_ID' => '1',
  'AR_ACTIVO' => '1',
  'AR_ALIAS' => 'O',
  'AR_MOSTRAR_NOMBRE_PANTALLA' => '0',
) 
2015-01-28 11:56:54 --> se va a crear el turno 
2015-01-28 11:56:54 --> se creo el turno 10 del area O 
2015-01-28 12:31:41 --> crear el consumidor 
2015-01-28 12:31:41 --> se creo el consumidor 32712 
2015-01-28 12:31:41 --> la informacion de la sede es array (
  'S_ID' => '3',
  'S_NOMBRE' => 'NORTE',
  'S_DESCRIPCION' => 'Sede para atender los casos de la regional norte',
  'S_C_ID' => '1',
  'S_CANTIDAD_ENCUESTAS' => '10',
  'S_ACTIVO' => '1',
  'S_LOGO' => '7',
  'S_MUESTRA_VIDEO' => '0',
) 
2015-01-28 12:31:41 --> se va a extraer informacion del area  
2015-01-28 12:31:41 --> la informacion del area es array (
  'AR_ID' => '8',
  'AR_NOMBRE' => 'COMPENSACION_SALARIAL',
  'AR_DESCRIPCION' => 'Informacion pago nomina y liquidaciones',
  'AR_C_ID' => '1',
  'AR_ACTIVO' => '1',
  'AR_ALIAS' => 'CS',
  'AR_MOSTRAR_NOMBRE_PANTALLA' => '0',
) 
2015-01-28 12:31:41 --> se va a crear el turno 
2015-01-28 12:31:41 --> se creo el turno 1 del area CS 

2015-01-28 12:37:40 --> get_areas 1 
2015-01-28 12:37:40 --> buscando areas del cliente 

2015-01-28 12:41:10 --> get_areas 1 
2015-01-28 12:41:10 --> buscando areas del cliente 

2015-01-28 13:54:03 --> get_areas 1 
2015-01-28 13:54:03 --> buscando areas del cliente 
2015-01-28 13:54:16 --> crear el consumidor 
2015-01-28 13:54:16 --> se creo el consumidor 32718 
2015-01-28 13:54:16 --> la informacion de la sede es array (
  'S_ID' => '4',
  'S_NOMBRE' => 'OCCIDENTE',
  'S_DESCRIPCION' => 'Sedle para atender los casos de la regional occidente',
  'S_C_ID' => '1',
  'S_CANTIDAD_ENCUESTAS' => '10',
  'S_ACTIVO' => '1',
  'S_LOGO' => '7',
  'S_MUESTRA_VIDEO' => '1',
) 
2015-01-28 13:54:16 --> se va a extraer informacion del area  
2015-01-28 13:54:16 --> la informacion del area es array (
  'AR_ID' => '5',
  'AR_NOMBRE' => 'OTROS',
  'AR_DESCRIPCION' => 'Otros',
  'AR_C_ID' => '1',
  'AR_ACTIVO' => '1',
  'AR_ALIAS' => 'O',
  'AR_MOSTRAR_NOMBRE_PANTALLA' => '0',
) 
2015-01-28 13:54:16 --> se va a crear el turno 
2015-01-28 13:54:16 --> se creo el turno 11 del area O 

2015-01-28 13:56:04 --> get_areas 1 
2015-01-28 13:56:04 --> buscando areas del cliente 
2015-01-28 13:56:12 --> crear el consumidor 
2015-01-28 13:56:12 --> se creo el consumidor 32719 
2015-01-28 13:56:12 --> la informacion de la sede es array (
  'S_ID' => '4',
  'S_NOMBRE' => 'OCCIDENTE',
  'S_DESCRIPCION' => 'Sedle para atender los casos de la regional occidente',
  'S_C_ID' => '1',
  'S_CANTIDAD_ENCUESTAS' => '10',
  'S_ACTIVO' => '1',
  'S_LOGO' => '7',
  'S_MUESTRA_VIDEO' => '1',
) 
2015-01-28 13:56:12 --> se va a extraer informacion del area  
2015-01-28 13:56:12 --> la informacion del area es array (
  'AR_ID' => '2',
  'AR_NOMBRE' => 'APORTES',
  'AR_DESCRIPCION' => 'Pensiones Incapacidades Cesantias Cartas FNA',
  'AR_C_ID' => '1',
  'AR_ACTIVO' => '1',
  'AR_ALIAS' => 'A',
  'AR_MOSTRAR_NOMBRE_PANTALLA' => '0',
) 
2015-01-28 13:56:12 --> se va a crear el turno 
2015-01-28 13:56:12 --> se creo el turno 13 del area A 

2015-01-28 13:57:44 --> get_areas 1 
2015-01-28 13:57:44 --> buscando areas del cliente 
2015-01-28 13:58:43 --> crear el consumidor 
2015-01-28 13:58:43 --> se creo el consumidor 32720 
2015-01-28 13:58:43 --> la informacion de la sede es array (
  'S_ID' => '4',
  'S_NOMBRE' => 'OCCIDENTE',
  'S_DESCRIPCION' => 'Sedle para atender los casos de la regional occidente',
  'S_C_ID' => '1',
  'S_CANTIDAD_ENCUESTAS' => '10',
  'S_ACTIVO' => '1',
  'S_LOGO' => '7',
  'S_MUESTRA_VIDEO' => '1',
) 
2015-01-28 13:58:43 --> se va a extraer informacion del area  
2015-01-28 13:58:43 --> la informacion del area es array (
  'AR_ID' => '5',
  'AR_NOMBRE' => 'OTROS',
  'AR_DESCRIPCION' => 'Otros',
  'AR_C_ID' => '1',
  'AR_ACTIVO' => '1',
  'AR_ALIAS' => 'O',
  'AR_MOSTRAR_NOMBRE_PANTALLA' => '0',
) 
2015-01-28 13:58:43 --> se va a crear el turno 
2015-01-28 13:58:43 --> se creo el turno 12 del area O 

2015-01-28 14:20:11 --> get_areas 1 
2015-01-28 14:20:11 --> buscando areas del cliente 
2015-01-28 14:20:12 --> crear el consumidor 
2015-01-28 14:20:12 --> se creo el consumidor 32725 
2015-01-28 14:20:12 --> la informacion de la sede es array (
  'S_ID' => '4',
  'S_NOMBRE' => 'OCCIDENTE',
  'S_DESCRIPCION' => 'Sedle para atender los casos de la regional occidente',
  'S_C_ID' => '1',
  'S_CANTIDAD_ENCUESTAS' => '10',
  'S_ACTIVO' => '1',
  'S_LOGO' => '7',
  'S_MUESTRA_VIDEO' => '1',
) 
2015-01-28 14:20:12 --> se va a extraer informacion del area  
2015-01-28 14:20:12 --> la informacion del area es array (
  'AR_ID' => '1',
  'AR_NOMBRE' => 'GERENCIA_DEL_SERVICIO',
  'AR_DESCRIPCION' => 'Cartas punto de venta Cartas de renuncia',
  'AR_C_ID' => '1',
  'AR_ACTIVO' => '1',
  'AR_ALIAS' => 'GS',
  'AR_MOSTRAR_NOMBRE_PANTALLA' => '0',
) 
2015-01-28 14:20:12 --> se va a crear el turno 
2015-01-28 14:20:12 --> se creo el turno 2 del area GS 

2015-01-28 14:21:56 --> get_areas 1 
2015-01-28 14:21:56 --> buscando areas del cliente 
2015-01-28 14:22:13 --> crear el consumidor 
2015-01-28 14:22:13 --> se creo el consumidor 32726 
2015-01-28 14:22:13 --> la informacion de la sede es array (
  'S_ID' => '4',
  'S_NOMBRE' => 'OCCIDENTE',
  'S_DESCRIPCION' => 'Sedle para atender los casos de la regional occidente',
  'S_C_ID' => '1',
  'S_CANTIDAD_ENCUESTAS' => '10',
  'S_ACTIVO' => '1',
  'S_LOGO' => '7',
  'S_MUESTRA_VIDEO' => '1',
) 
2015-01-28 14:22:13 --> se va a extraer informacion del area  
2015-01-28 14:22:13 --> la informacion del area es array (
  'AR_ID' => '5',
  'AR_NOMBRE' => 'OTROS',
  'AR_DESCRIPCION' => 'Otros',
  'AR_C_ID' => '1',
  'AR_ACTIVO' => '1',
  'AR_ALIAS' => 'O',
  'AR_MOSTRAR_NOMBRE_PANTALLA' => '0',
) 
2015-01-28 14:22:13 --> se va a crear el turno 
2015-01-28 14:22:13 --> se creo el turno 13 del area O 

2015-01-28 14:34:37 --> get_areas 1 
2015-01-28 14:34:37 --> buscando areas del cliente 

2015-01-28 14:36:03 --> get_areas 1 
2015-01-28 14:36:03 --> buscando areas del cliente 

2015-01-28 14:37:30 --> get_areas 1 
2015-01-28 14:37:30 --> buscando areas del cliente 
2015-01-28 14:37:42 --> crear el consumidor 
2015-01-28 14:37:42 --> se creo el consumidor 32737 
2015-01-28 14:37:42 --> la informacion de la sede es array (
  'S_ID' => '4',
  'S_NOMBRE' => 'OCCIDENTE',
  'S_DESCRIPCION' => 'Sedle para atender los casos de la regional occidente',
  'S_C_ID' => '1',
  'S_CANTIDAD_ENCUESTAS' => '10',
  'S_ACTIVO' => '1',
  'S_LOGO' => '7',
  'S_MUESTRA_VIDEO' => '1',
) 
2015-01-28 14:37:42 --> se va a extraer informacion del area  
2015-01-28 14:37:42 --> la informacion del area es array (
  'AR_ID' => '5',
  'AR_NOMBRE' => 'OTROS',
  'AR_DESCRIPCION' => 'Otros',
  'AR_C_ID' => '1',
  'AR_ACTIVO' => '1',
  'AR_ALIAS' => 'O',
  'AR_MOSTRAR_NOMBRE_PANTALLA' => '0',
) 
2015-01-28 14:37:42 --> se va a crear el turno 
2015-01-28 14:37:42 --> se creo el turno 14 del area O 

2015-01-28 14:39:03 --> get_areas 1 
2015-01-28 14:39:03 --> buscando areas del cliente 
2015-01-28 14:39:15 --> crear el consumidor 
2015-01-28 14:39:15 --> se creo el consumidor 32738 
2015-01-28 14:39:15 --> la informacion de la sede es array (
  'S_ID' => '4',
  'S_NOMBRE' => 'OCCIDENTE',
  'S_DESCRIPCION' => 'Sedle para atender los casos de la regional occidente',
  'S_C_ID' => '1',
  'S_CANTIDAD_ENCUESTAS' => '10',
  'S_ACTIVO' => '1',
  'S_LOGO' => '7',
  'S_MUESTRA_VIDEO' => '1',
) 
2015-01-28 14:39:15 --> se va a extraer informacion del area  
2015-01-28 14:39:15 --> la informacion del area es array (
  'AR_ID' => '2',
  'AR_NOMBRE' => 'APORTES',
  'AR_DESCRIPCION' => 'Pensiones Incapacidades Cesantias Cartas FNA',
  'AR_C_ID' => '1',
  'AR_ACTIVO' => '1',
  'AR_ALIAS' => 'A',
  'AR_MOSTRAR_NOMBRE_PANTALLA' => '0',
) 
2015-01-28 14:39:15 --> se va a crear el turno 
2015-01-28 14:39:15 --> se creo el turno 14 del area A 

2015-01-28 14:40:01 --> get_areas 1 
2015-01-28 14:40:01 --> buscando areas del cliente 
2015-01-28 14:40:22 --> crear el consumidor 
2015-01-28 14:40:22 --> se creo el consumidor 32739 
2015-01-28 14:40:22 --> la informacion de la sede es array (
  'S_ID' => '4',
  'S_NOMBRE' => 'OCCIDENTE',
  'S_DESCRIPCION' => 'Sedle para atender los casos de la regional occidente',
  'S_C_ID' => '1',
  'S_CANTIDAD_ENCUESTAS' => '10',
  'S_ACTIVO' => '1',
  'S_LOGO' => '7',
  'S_MUESTRA_VIDEO' => '1',
) 
2015-01-28 14:40:22 --> se va a extraer informacion del area  
2015-01-28 14:40:22 --> la informacion del area es array (
  'AR_ID' => '5',
  'AR_NOMBRE' => 'OTROS',
  'AR_DESCRIPCION' => 'Otros',
  'AR_C_ID' => '1',
  'AR_ACTIVO' => '1',
  'AR_ALIAS' => 'O',
  'AR_MOSTRAR_NOMBRE_PANTALLA' => '0',
) 
2015-01-28 14:40:22 --> se va a crear el turno 
2015-01-28 14:40:22 --> se creo el turno 15 del area O 

2015-01-28 14:41:18 --> get_areas 1 
2015-01-28 14:41:18 --> buscando areas del cliente 
2015-01-28 14:41:30 --> crear el consumidor 
2015-01-28 14:41:30 --> se creo el consumidor 32740 
2015-01-28 14:41:30 --> la informacion de la sede es array (
  'S_ID' => '4',
  'S_NOMBRE' => 'OCCIDENTE',
  'S_DESCRIPCION' => 'Sedle para atender los casos de la regional occidente',
  'S_C_ID' => '1',
  'S_CANTIDAD_ENCUESTAS' => '10',
  'S_ACTIVO' => '1',
  'S_LOGO' => '7',
  'S_MUESTRA_VIDEO' => '1',
) 
2015-01-28 14:41:30 --> se va a extraer informacion del area  
2015-01-28 14:41:30 --> la informacion del area es array (
  'AR_ID' => '1',
  'AR_NOMBRE' => 'GERENCIA_DEL_SERVICIO',
  'AR_DESCRIPCION' => 'Cartas punto de venta Cartas de renuncia',
  'AR_C_ID' => '1',
  'AR_ACTIVO' => '1',
  'AR_ALIAS' => 'GS',
  'AR_MOSTRAR_NOMBRE_PANTALLA' => '0',
) 
2015-01-28 14:41:30 --> se va a crear el turno 
2015-01-28 14:41:30 --> se creo el turno 3 del area GS 

2015-01-28 14:43:12 --> get_areas 1 
2015-01-28 14:43:12 --> buscando areas del cliente 
2015-01-28 14:43:28 --> crear el consumidor 
2015-01-28 14:43:28 --> se creo el consumidor 32741 
2015-01-28 14:43:28 --> la informacion de la sede es array (
  'S_ID' => '4',
  'S_NOMBRE' => 'OCCIDENTE',
  'S_DESCRIPCION' => 'Sedle para atender los casos de la regional occidente',
  'S_C_ID' => '1',
  'S_CANTIDAD_ENCUESTAS' => '10',
  'S_ACTIVO' => '1',
  'S_LOGO' => '7',
  'S_MUESTRA_VIDEO' => '1',
) 
2015-01-28 14:43:28 --> se va a extraer informacion del area  
2015-01-28 14:43:28 --> la informacion del area es array (
  'AR_ID' => '1',
  'AR_NOMBRE' => 'GERENCIA_DEL_SERVICIO',
  'AR_DESCRIPCION' => 'Cartas punto de venta Cartas de renuncia',
  'AR_C_ID' => '1',
  'AR_ACTIVO' => '1',
  'AR_ALIAS' => 'GS',
  'AR_MOSTRAR_NOMBRE_PANTALLA' => '0',
) 
2015-01-28 14:43:28 --> se va a crear el turno 
2015-01-28 14:43:28 --> se creo el turno 4 del area GS 

2015-01-28 14:49:37 --> get_areas 1 
2015-01-28 14:49:37 --> buscando areas del cliente 

2015-01-28 14:51:40 --> get_areas 1 
2015-01-28 14:51:40 --> buscando areas del cliente 
2015-01-28 14:51:57 --> crear el consumidor 
2015-01-28 14:51:57 --> se creo el consumidor 32745 
2015-01-28 14:51:57 --> la informacion de la sede es array (
  'S_ID' => '4',
  'S_NOMBRE' => 'OCCIDENTE',
  'S_DESCRIPCION' => 'Sedle para atender los casos de la regional occidente',
  'S_C_ID' => '1',
  'S_CANTIDAD_ENCUESTAS' => '10',
  'S_ACTIVO' => '1',
  'S_LOGO' => '7',
  'S_MUESTRA_VIDEO' => '1',
) 
2015-01-28 14:51:57 --> se va a extraer informacion del area  
2015-01-28 14:51:57 --> la informacion del area es array (
  'AR_ID' => '5',
  'AR_NOMBRE' => 'OTROS',
  'AR_DESCRIPCION' => 'Otros',
  'AR_C_ID' => '1',
  'AR_ACTIVO' => '1',
  'AR_ALIAS' => 'O',
  'AR_MOSTRAR_NOMBRE_PANTALLA' => '0',
) 
2015-01-28 14:51:57 --> se va a crear el turno 
2015-01-28 14:51:57 --> se creo el turno 16 del area O 

2015-01-28 14:56:14 --> get_areas 1 
2015-01-28 14:56:14 --> buscando areas del cliente 

2015-01-28 14:57:31 --> get_areas 1 
2015-01-28 14:57:31 --> buscando areas del cliente 

2015-01-28 14:58:13 --> get_areas 1 
2015-01-28 14:58:13 --> buscando areas del cliente 

2015-01-28 15:03:24 --> get_areas 1 
2015-01-28 15:03:24 --> buscando areas del cliente 

2015-01-28 15:04:39 --> get_areas 1 
2015-01-28 15:04:39 --> buscando areas del cliente 

2015-01-28 15:05:58 --> get_areas 1 
2015-01-28 15:05:58 --> buscando areas del cliente 

2015-01-28 15:08:29 --> get_areas 1 
2015-01-28 15:08:29 --> buscando areas del cliente 

2015-01-28 15:09:21 --> get_areas 1 
2015-01-28 15:09:21 --> buscando areas del cliente 

2015-01-28 15:28:41 --> get_areas 1 
2015-01-28 15:28:41 --> buscando areas del cliente 

2015-01-28 15:32:03 --> get_areas 1 
2015-01-28 15:32:03 --> buscando areas del cliente 

2015-01-28 15:42:47 --> get_areas 1 
2015-01-28 15:42:47 --> buscando areas del cliente 

2015-01-28 15:44:07 --> get_areas 1 
2015-01-28 15:44:07 --> buscando areas del cliente 

2015-01-28 15:45:10 --> get_areas 1 
2015-01-28 15:45:10 --> buscando areas del cliente 

2015-01-28 15:45:30 --> get_areas 1 
2015-01-28 15:45:30 --> buscando areas del cliente 

2015-01-28 15:48:22 --> get_areas 1 
2015-01-28 15:48:22 --> buscando areas del cliente 

2015-01-28 15:50:21 --> get_areas 1 
2015-01-28 15:50:21 --> buscando areas del cliente 

2015-01-28 15:58:47 --> get_areas 1 
2015-01-28 15:58:47 --> buscando areas del cliente 

2015-01-28 16:08:09 --> get_areas 1 
2015-01-28 16:08:09 --> buscando areas del cliente 
2015-01-28 16:08:13 --> crear el consumidor 
2015-01-28 16:08:13 --> se creo el consumidor 32755 
2015-01-28 16:08:13 --> la informacion de la sede es array (
  'S_ID' => '4',
  'S_NOMBRE' => 'OCCIDENTE',
  'S_DESCRIPCION' => 'Sedle para atender los casos de la regional occidente',
  'S_C_ID' => '1',
  'S_CANTIDAD_ENCUESTAS' => '10',
  'S_ACTIVO' => '1',
  'S_LOGO' => '7',
  'S_MUESTRA_VIDEO' => '1',
) 
2015-01-28 16:08:13 --> se va a extraer informacion del area  
2015-01-28 16:08:13 --> la informacion del area es array (
  'AR_ID' => '5',
  'AR_NOMBRE' => 'OTROS',
  'AR_DESCRIPCION' => 'Otros',
  'AR_C_ID' => '1',
  'AR_ACTIVO' => '1',
  'AR_ALIAS' => 'O',
  'AR_MOSTRAR_NOMBRE_PANTALLA' => '0',
) 
2015-01-28 16:08:13 --> se va a crear el turno 
2015-01-28 16:08:13 --> se creo el turno 17 del area O 

2015-01-28 16:09:28 --> get_areas 1 
2015-01-28 16:09:28 --> buscando areas del cliente 

2015-01-28 16:10:16 --> get_areas 1 
2015-01-28 16:10:16 --> buscando areas del cliente 
2015-01-28 16:10:29 --> crear el consumidor 
2015-01-28 16:10:29 --> se creo el consumidor 32756 
2015-01-28 16:10:29 --> la informacion de la sede es array (
  'S_ID' => '4',
  'S_NOMBRE' => 'OCCIDENTE',
  'S_DESCRIPCION' => 'Sedle para atender los casos de la regional occidente',
  'S_C_ID' => '1',
  'S_CANTIDAD_ENCUESTAS' => '10',
  'S_ACTIVO' => '1',
  'S_LOGO' => '7',
  'S_MUESTRA_VIDEO' => '1',
) 
2015-01-28 16:10:29 --> se va a extraer informacion del area  
2015-01-28 16:10:29 --> la informacion del area es array (
  'AR_ID' => '8',
  'AR_NOMBRE' => 'COMPENSACION_SALARIAL',
  'AR_DESCRIPCION' => 'Informacion pago nomina y liquidaciones',
  'AR_C_ID' => '1',
  'AR_ACTIVO' => '1',
  'AR_ALIAS' => 'CS',
  'AR_MOSTRAR_NOMBRE_PANTALLA' => '0',
) 
2015-01-28 16:10:29 --> se va a crear el turno 
2015-01-28 16:10:29 --> se creo el turno 2 del area CS 

2015-01-28 16:11:19 --> get_areas 1 
2015-01-28 16:11:19 --> buscando areas del cliente 
2015-01-28 16:11:30 --> crear el consumidor 
2015-01-28 16:11:30 --> se creo el consumidor 32757 
2015-01-28 16:11:30 --> la informacion de la sede es array (
  'S_ID' => '4',
  'S_NOMBRE' => 'OCCIDENTE',
  'S_DESCRIPCION' => 'Sedle para atender los casos de la regional occidente',
  'S_C_ID' => '1',
  'S_CANTIDAD_ENCUESTAS' => '10',
  'S_ACTIVO' => '1',
  'S_LOGO' => '7',
  'S_MUESTRA_VIDEO' => '1',
) 
2015-01-28 16:11:30 --> se va a extraer informacion del area  
2015-01-28 16:11:30 --> la informacion del area es array (
  'AR_ID' => '5',
  'AR_NOMBRE' => 'OTROS',
  'AR_DESCRIPCION' => 'Otros',
  'AR_C_ID' => '1',
  'AR_ACTIVO' => '1',
  'AR_ALIAS' => 'O',
  'AR_MOSTRAR_NOMBRE_PANTALLA' => '0',
) 
2015-01-28 16:11:30 --> se va a crear el turno 
2015-01-28 16:11:30 --> se creo el turno 18 del area O 

2015-01-28 16:13:04 --> get_areas 1 
2015-01-28 16:13:04 --> buscando areas del cliente 
2015-01-28 16:13:13 --> crear el consumidor 
2015-01-28 16:13:13 --> se creo el consumidor 32758 
2015-01-28 16:13:13 --> la informacion de la sede es array (
  'S_ID' => '4',
  'S_NOMBRE' => 'OCCIDENTE',
  'S_DESCRIPCION' => 'Sedle para atender los casos de la regional occidente',
  'S_C_ID' => '1',
  'S_CANTIDAD_ENCUESTAS' => '10',
  'S_ACTIVO' => '1',
  'S_LOGO' => '7',
  'S_MUESTRA_VIDEO' => '1',
) 
2015-01-28 16:13:13 --> se va a extraer informacion del area  
2015-01-28 16:13:13 --> la informacion del area es array (
  'AR_ID' => '2',
  'AR_NOMBRE' => 'APORTES',
  'AR_DESCRIPCION' => 'Pensiones Incapacidades Cesantias Cartas FNA',
  'AR_C_ID' => '1',
  'AR_ACTIVO' => '1',
  'AR_ALIAS' => 'A',
  'AR_MOSTRAR_NOMBRE_PANTALLA' => '0',
) 
2015-01-28 16:13:13 --> se va a crear el turno 
2015-01-28 16:13:13 --> se creo el turno 15 del area A 

2015-01-28 16:14:13 --> get_areas 1 
2015-01-28 16:14:13 --> buscando areas del cliente 
2015-01-28 16:14:20 --> crear el consumidor 
2015-01-28 16:14:20 --> se creo el consumidor 32760 
2015-01-28 16:14:20 --> la informacion de la sede es array (
  'S_ID' => '4',
  'S_NOMBRE' => 'OCCIDENTE',
  'S_DESCRIPCION' => 'Sedle para atender los casos de la regional occidente',
  'S_C_ID' => '1',
  'S_CANTIDAD_ENCUESTAS' => '10',
  'S_ACTIVO' => '1',
  'S_LOGO' => '7',
  'S_MUESTRA_VIDEO' => '1',
) 
2015-01-28 16:14:20 --> se va a extraer informacion del area  
2015-01-28 16:14:20 --> la informacion del area es array (
  'AR_ID' => '5',
  'AR_NOMBRE' => 'OTROS',
  'AR_DESCRIPCION' => 'Otros',
  'AR_C_ID' => '1',
  'AR_ACTIVO' => '1',
  'AR_ALIAS' => 'O',
  'AR_MOSTRAR_NOMBRE_PANTALLA' => '0',
) 
2015-01-28 16:14:20 --> se va a crear el turno 
2015-01-28 16:14:20 --> se creo el turno 19 del area O 

2015-01-28 16:15:56 --> get_areas 1 
2015-01-28 16:15:56 --> buscando areas del cliente 
2015-01-28 16:15:59 --> crear el consumidor 
2015-01-28 16:15:59 --> se creo el consumidor 32761 
2015-01-28 16:15:59 --> la informacion de la sede es array (
  'S_ID' => '4',
  'S_NOMBRE' => 'OCCIDENTE',
  'S_DESCRIPCION' => 'Sedle para atender los casos de la regional occidente',
  'S_C_ID' => '1',
  'S_CANTIDAD_ENCUESTAS' => '10',
  'S_ACTIVO' => '1',
  'S_LOGO' => '7',
  'S_MUESTRA_VIDEO' => '1',
) 
2015-01-28 16:15:59 --> se va a extraer informacion del area  
2015-01-28 16:15:59 --> la informacion del area es array (
  'AR_ID' => '5',
  'AR_NOMBRE' => 'OTROS',
  'AR_DESCRIPCION' => 'Otros',
  'AR_C_ID' => '1',
  'AR_ACTIVO' => '1',
  'AR_ALIAS' => 'O',
  'AR_MOSTRAR_NOMBRE_PANTALLA' => '0',
) 
2015-01-28 16:15:59 --> se va a crear el turno 
2015-01-28 16:15:59 --> se creo el turno 20 del area O 

2015-01-28 16:30:37 --> get_areas 1 
2015-01-28 16:30:37 --> buscando areas del cliente 
