
2015-01-21 08:33:34 --> get_areas 1 
2015-01-21 08:33:34 --> buscando areas del cliente 

2015-01-21 08:48:56 --> get_areas 1 
2015-01-21 08:48:56 --> buscando areas del cliente 
2015-01-21 08:49:08 --> crear el consumidor 
2015-01-21 08:49:08 --> se creo el consumidor 31564 
2015-01-21 08:49:08 --> la informacion de la sede es array (
  'S_ID' => '4',
  'S_NOMBRE' => 'OCCIDENTE',
  'S_DESCRIPCION' => 'Sedle para atender los casos de la regional occidente',
  'S_C_ID' => '1',
  'S_CANTIDAD_ENCUESTAS' => '10',
  'S_ACTIVO' => '1',
  'S_LOGO' => '7',
  'S_MUESTRA_VIDEO' => '1',
) 
2015-01-21 08:49:08 --> se va a extraer informacion del area  
2015-01-21 08:49:08 --> la informacion del area es array (
  'AR_ID' => '2',
  'AR_NOMBRE' => 'APORTES',
  'AR_DESCRIPCION' => 'Pensiones Incapacidades Cesantias Cartas FNA',
  'AR_C_ID' => '1',
  'AR_ACTIVO' => '1',
  'AR_ALIAS' => 'A',
  'AR_MOSTRAR_NOMBRE_PANTALLA' => '0',
) 
2015-01-21 08:49:08 --> se va a crear el turno 
2015-01-21 08:49:08 --> se creo el turno 1 del area A 

2015-01-21 08:51:04 --> get_areas 1 
2015-01-21 08:51:04 --> buscando areas del cliente 
2015-01-21 08:51:53 --> crear el consumidor 
2015-01-21 08:51:53 --> se creo el consumidor 31565 
2015-01-21 08:51:53 --> la informacion de la sede es array (
  'S_ID' => '4',
  'S_NOMBRE' => 'OCCIDENTE',
  'S_DESCRIPCION' => 'Sedle para atender los casos de la regional occidente',
  'S_C_ID' => '1',
  'S_CANTIDAD_ENCUESTAS' => '10',
  'S_ACTIVO' => '1',
  'S_LOGO' => '7',
  'S_MUESTRA_VIDEO' => '1',
) 
2015-01-21 08:51:53 --> se va a extraer informacion del area  
2015-01-21 08:51:53 --> la informacion del area es array (
  'AR_ID' => '5',
  'AR_NOMBRE' => 'OTROS',
  'AR_DESCRIPCION' => 'Otros',
  'AR_C_ID' => '1',
  'AR_ACTIVO' => '1',
  'AR_ALIAS' => 'O',
  'AR_MOSTRAR_NOMBRE_PANTALLA' => '0',
) 
2015-01-21 08:51:53 --> se va a crear el turno 
2015-01-21 08:51:53 --> se creo el turno 1 del area O 

2015-01-21 09:15:39 --> get_areas 1 
2015-01-21 09:15:39 --> buscando areas del cliente 
2015-01-21 09:15:45 --> crear el consumidor 
2015-01-21 09:15:45 --> se creo el consumidor 31574 
2015-01-21 09:15:45 --> la informacion de la sede es array (
  'S_ID' => '4',
  'S_NOMBRE' => 'OCCIDENTE',
  'S_DESCRIPCION' => 'Sedle para atender los casos de la regional occidente',
  'S_C_ID' => '1',
  'S_CANTIDAD_ENCUESTAS' => '10',
  'S_ACTIVO' => '1',
  'S_LOGO' => '7',
  'S_MUESTRA_VIDEO' => '1',
) 
2015-01-21 09:15:45 --> se va a extraer informacion del area  
2015-01-21 09:15:45 --> la informacion del area es array (
  'AR_ID' => '1',
  'AR_NOMBRE' => 'GERENCIA_DEL_SERVICIO',
  'AR_DESCRIPCION' => 'Cartas punto de venta Cartas de renuncia',
  'AR_C_ID' => '1',
  'AR_ACTIVO' => '1',
  'AR_ALIAS' => 'GS',
  'AR_MOSTRAR_NOMBRE_PANTALLA' => '0',
) 
2015-01-21 09:15:45 --> se va a crear el turno 
2015-01-21 09:15:45 --> se creo el turno 1 del area GS 

2015-01-21 09:22:20 --> get_areas 1 
2015-01-21 09:22:20 --> buscando areas del cliente 
2015-01-21 09:22:27 --> crear el consumidor 
2015-01-21 09:22:27 --> se creo el consumidor 31576 
2015-01-21 09:22:27 --> la informacion de la sede es array (
  'S_ID' => '1',
  'S_NOMBRE' => 'ANTIOQUIA',
  'S_DESCRIPCION' => 'Sede para atender los casos de la regional antioquia',
  'S_C_ID' => '1',
  'S_CANTIDAD_ENCUESTAS' => '10',
  'S_ACTIVO' => '1',
  'S_LOGO' => '7',
  'S_MUESTRA_VIDEO' => '0',
) 
2015-01-21 09:22:27 --> se va a extraer informacion del area  
2015-01-21 09:22:27 --> la informacion del area es array (
  'AR_ID' => '5',
  'AR_NOMBRE' => 'OTROS',
  'AR_DESCRIPCION' => 'Otros',
  'AR_C_ID' => '1',
  'AR_ACTIVO' => '1',
  'AR_ALIAS' => 'O',
  'AR_MOSTRAR_NOMBRE_PANTALLA' => '0',
) 
2015-01-21 09:22:27 --> se va a crear el turno 
2015-01-21 09:22:27 --> se creo el turno 1 del area O 

2015-01-21 09:23:06 --> get_areas 1 
2015-01-21 09:23:06 --> buscando areas del cliente 
2015-01-21 09:23:09 --> crear el consumidor 
2015-01-21 09:23:09 --> se creo el consumidor 31577 
2015-01-21 09:23:09 --> la informacion de la sede es array (
  'S_ID' => '1',
  'S_NOMBRE' => 'ANTIOQUIA',
  'S_DESCRIPCION' => 'Sede para atender los casos de la regional antioquia',
  'S_C_ID' => '1',
  'S_CANTIDAD_ENCUESTAS' => '10',
  'S_ACTIVO' => '1',
  'S_LOGO' => '7',
  'S_MUESTRA_VIDEO' => '0',
) 
2015-01-21 09:23:09 --> se va a extraer informacion del area  
2015-01-21 09:23:09 --> la informacion del area es array (
  'AR_ID' => '5',
  'AR_NOMBRE' => 'OTROS',
  'AR_DESCRIPCION' => 'Otros',
  'AR_C_ID' => '1',
  'AR_ACTIVO' => '1',
  'AR_ALIAS' => 'O',
  'AR_MOSTRAR_NOMBRE_PANTALLA' => '0',
) 
2015-01-21 09:23:09 --> se va a crear el turno 
2015-01-21 09:23:09 --> se creo el turno 2 del area O 

2015-01-21 09:28:01 --> get_areas 1 
2015-01-21 09:28:01 --> buscando areas del cliente 
2015-01-21 09:28:03 --> crear el consumidor 
2015-01-21 09:28:03 --> se creo el consumidor 31580 
2015-01-21 09:28:03 --> la informacion de la sede es array (
  'S_ID' => '4',
  'S_NOMBRE' => 'OCCIDENTE',
  'S_DESCRIPCION' => 'Sedle para atender los casos de la regional occidente',
  'S_C_ID' => '1',
  'S_CANTIDAD_ENCUESTAS' => '10',
  'S_ACTIVO' => '1',
  'S_LOGO' => '7',
  'S_MUESTRA_VIDEO' => '1',
) 
2015-01-21 09:28:03 --> se va a extraer informacion del area  
2015-01-21 09:28:03 --> la informacion del area es array (
  'AR_ID' => '1',
  'AR_NOMBRE' => 'GERENCIA_DEL_SERVICIO',
  'AR_DESCRIPCION' => 'Cartas punto de venta Cartas de renuncia',
  'AR_C_ID' => '1',
  'AR_ACTIVO' => '1',
  'AR_ALIAS' => 'GS',
  'AR_MOSTRAR_NOMBRE_PANTALLA' => '0',
) 
2015-01-21 09:28:03 --> se va a crear el turno 
2015-01-21 09:28:03 --> se creo el turno 2 del area GS 

2015-01-21 10:01:27 --> get_areas 1 
2015-01-21 10:01:27 --> buscando areas del cliente 
2015-01-21 10:01:53 --> crear el consumidor 
2015-01-21 10:01:53 --> se creo el consumidor 31605 
2015-01-21 10:01:53 --> la informacion de la sede es array (
  'S_ID' => '4',
  'S_NOMBRE' => 'OCCIDENTE',
  'S_DESCRIPCION' => 'Sedle para atender los casos de la regional occidente',
  'S_C_ID' => '1',
  'S_CANTIDAD_ENCUESTAS' => '10',
  'S_ACTIVO' => '1',
  'S_LOGO' => '7',
  'S_MUESTRA_VIDEO' => '1',
) 
2015-01-21 10:01:53 --> se va a extraer informacion del area  
2015-01-21 10:01:53 --> la informacion del area es array (
  'AR_ID' => '8',
  'AR_NOMBRE' => 'COMPENSACION_SALARIAL',
  'AR_DESCRIPCION' => 'Informacion pago nomina y liquidaciones',
  'AR_C_ID' => '1',
  'AR_ACTIVO' => '1',
  'AR_ALIAS' => 'CS',
  'AR_MOSTRAR_NOMBRE_PANTALLA' => '0',
) 
2015-01-21 10:01:53 --> se va a crear el turno 
2015-01-21 10:01:53 --> se creo el turno 1 del area CS 

2015-01-21 10:02:42 --> get_areas 1 
2015-01-21 10:02:42 --> buscando areas del cliente 
2015-01-21 10:03:04 --> crear el consumidor 
2015-01-21 10:03:04 --> se creo el consumidor 31607 
2015-01-21 10:03:04 --> la informacion de la sede es array (
  'S_ID' => '4',
  'S_NOMBRE' => 'OCCIDENTE',
  'S_DESCRIPCION' => 'Sedle para atender los casos de la regional occidente',
  'S_C_ID' => '1',
  'S_CANTIDAD_ENCUESTAS' => '10',
  'S_ACTIVO' => '1',
  'S_LOGO' => '7',
  'S_MUESTRA_VIDEO' => '1',
) 
2015-01-21 10:03:04 --> se va a extraer informacion del area  
2015-01-21 10:03:04 --> la informacion del area es array (
  'AR_ID' => '3',
  'AR_NOMBRE' => 'SEGUIMIENTO_AL_SERVICIO',
  'AR_DESCRIPCION' => 'SQR certificados especiales claves portal web',
  'AR_C_ID' => '1',
  'AR_ACTIVO' => '1',
  'AR_ALIAS' => 'SAS',
  'AR_MOSTRAR_NOMBRE_PANTALLA' => '0',
) 
2015-01-21 10:03:04 --> se va a crear el turno 
2015-01-21 10:03:04 --> se creo el turno 1 del area SAS 

2015-01-21 10:05:36 --> get_areas 1 
2015-01-21 10:05:36 --> buscando areas del cliente 
2015-01-21 10:05:44 --> crear el consumidor 
2015-01-21 10:05:44 --> se creo el consumidor 31610 
2015-01-21 10:05:44 --> la informacion de la sede es array (
  'S_ID' => '1',
  'S_NOMBRE' => 'ANTIOQUIA',
  'S_DESCRIPCION' => 'Sede para atender los casos de la regional antioquia',
  'S_C_ID' => '1',
  'S_CANTIDAD_ENCUESTAS' => '10',
  'S_ACTIVO' => '1',
  'S_LOGO' => '7',
  'S_MUESTRA_VIDEO' => '0',
) 
2015-01-21 10:05:44 --> se va a extraer informacion del area  
2015-01-21 10:05:44 --> la informacion del area es array (
  'AR_ID' => '1',
  'AR_NOMBRE' => 'GERENCIA_DEL_SERVICIO',
  'AR_DESCRIPCION' => 'Cartas punto de venta Cartas de renuncia',
  'AR_C_ID' => '1',
  'AR_ACTIVO' => '1',
  'AR_ALIAS' => 'GS',
  'AR_MOSTRAR_NOMBRE_PANTALLA' => '0',
) 
2015-01-21 10:05:44 --> se va a crear el turno 
2015-01-21 10:05:44 --> se creo el turno 15 del area GS 

2015-01-21 10:06:03 --> get_areas 1 
2015-01-21 10:06:03 --> buscando areas del cliente 
2015-01-21 10:06:06 --> crear el consumidor 
2015-01-21 10:06:06 --> se creo el consumidor 31611 
2015-01-21 10:06:06 --> la informacion de la sede es array (
  'S_ID' => '1',
  'S_NOMBRE' => 'ANTIOQUIA',
  'S_DESCRIPCION' => 'Sede para atender los casos de la regional antioquia',
  'S_C_ID' => '1',
  'S_CANTIDAD_ENCUESTAS' => '10',
  'S_ACTIVO' => '1',
  'S_LOGO' => '7',
  'S_MUESTRA_VIDEO' => '0',
) 
2015-01-21 10:06:06 --> se va a extraer informacion del area  
2015-01-21 10:06:06 --> la informacion del area es array (
  'AR_ID' => '1',
  'AR_NOMBRE' => 'GERENCIA_DEL_SERVICIO',
  'AR_DESCRIPCION' => 'Cartas punto de venta Cartas de renuncia',
  'AR_C_ID' => '1',
  'AR_ACTIVO' => '1',
  'AR_ALIAS' => 'GS',
  'AR_MOSTRAR_NOMBRE_PANTALLA' => '0',
) 
2015-01-21 10:06:06 --> se va a crear el turno 
2015-01-21 10:06:06 --> se creo el turno 16 del area GS 

2015-01-21 10:07:36 --> get_areas 1 
2015-01-21 10:07:36 --> buscando areas del cliente 
2015-01-21 10:07:45 --> crear el consumidor 
2015-01-21 10:07:45 --> se creo el consumidor 31613 
2015-01-21 10:07:45 --> la informacion de la sede es array (
  'S_ID' => '4',
  'S_NOMBRE' => 'OCCIDENTE',
  'S_DESCRIPCION' => 'Sedle para atender los casos de la regional occidente',
  'S_C_ID' => '1',
  'S_CANTIDAD_ENCUESTAS' => '10',
  'S_ACTIVO' => '1',
  'S_LOGO' => '7',
  'S_MUESTRA_VIDEO' => '1',
) 
2015-01-21 10:07:45 --> se va a extraer informacion del area  
2015-01-21 10:07:45 --> la informacion del area es array (
  'AR_ID' => '8',
  'AR_NOMBRE' => 'COMPENSACION_SALARIAL',
  'AR_DESCRIPCION' => 'Informacion pago nomina y liquidaciones',
  'AR_C_ID' => '1',
  'AR_ACTIVO' => '1',
  'AR_ALIAS' => 'CS',
  'AR_MOSTRAR_NOMBRE_PANTALLA' => '0',
) 
2015-01-21 10:07:45 --> se va a crear el turno 
2015-01-21 10:07:45 --> se creo el turno 2 del area CS 

2015-01-21 10:11:32 --> get_areas 1 
2015-01-21 10:11:32 --> buscando areas del cliente 
2015-01-21 10:11:46 --> crear el consumidor 
2015-01-21 10:11:46 --> se creo el consumidor 31616 
2015-01-21 10:11:46 --> la informacion de la sede es array (
  'S_ID' => '4',
  'S_NOMBRE' => 'OCCIDENTE',
  'S_DESCRIPCION' => 'Sedle para atender los casos de la regional occidente',
  'S_C_ID' => '1',
  'S_CANTIDAD_ENCUESTAS' => '10',
  'S_ACTIVO' => '1',
  'S_LOGO' => '7',
  'S_MUESTRA_VIDEO' => '1',
) 
2015-01-21 10:11:46 --> se va a extraer informacion del area  
2015-01-21 10:11:46 --> la informacion del area es array (
  'AR_ID' => '8',
  'AR_NOMBRE' => 'COMPENSACION_SALARIAL',
  'AR_DESCRIPCION' => 'Informacion pago nomina y liquidaciones',
  'AR_C_ID' => '1',
  'AR_ACTIVO' => '1',
  'AR_ALIAS' => 'CS',
  'AR_MOSTRAR_NOMBRE_PANTALLA' => '0',
) 
2015-01-21 10:11:46 --> se va a crear el turno 
2015-01-21 10:11:46 --> se creo el turno 3 del area CS 

2015-01-21 10:15:58 --> get_areas 1 
2015-01-21 10:15:58 --> buscando areas del cliente 
2015-01-21 10:16:07 --> crear el consumidor 
2015-01-21 10:16:07 --> se creo el consumidor 31618 
2015-01-21 10:16:07 --> la informacion de la sede es array (
  'S_ID' => '4',
  'S_NOMBRE' => 'OCCIDENTE',
  'S_DESCRIPCION' => 'Sedle para atender los casos de la regional occidente',
  'S_C_ID' => '1',
  'S_CANTIDAD_ENCUESTAS' => '10',
  'S_ACTIVO' => '1',
  'S_LOGO' => '7',
  'S_MUESTRA_VIDEO' => '1',
) 
2015-01-21 10:16:07 --> se va a extraer informacion del area  
2015-01-21 10:16:07 --> la informacion del area es array (
  'AR_ID' => '8',
  'AR_NOMBRE' => 'COMPENSACION_SALARIAL',
  'AR_DESCRIPCION' => 'Informacion pago nomina y liquidaciones',
  'AR_C_ID' => '1',
  'AR_ACTIVO' => '1',
  'AR_ALIAS' => 'CS',
  'AR_MOSTRAR_NOMBRE_PANTALLA' => '0',
) 
2015-01-21 10:16:07 --> se va a crear el turno 
2015-01-21 10:16:07 --> se creo el turno 4 del area CS 

2015-01-21 10:16:57 --> get_areas 1 
2015-01-21 10:16:57 --> buscando areas del cliente 

2015-01-21 10:18:38 --> get_areas 1 
2015-01-21 10:18:38 --> buscando areas del cliente 

2015-01-21 10:22:36 --> get_areas 1 
2015-01-21 10:22:36 --> buscando areas del cliente 

2015-01-21 10:24:04 --> get_areas 1 
2015-01-21 10:24:04 --> buscando areas del cliente 
2015-01-21 10:24:19 --> crear el consumidor 
2015-01-21 10:24:19 --> se creo el consumidor 31620 
2015-01-21 10:24:19 --> la informacion de la sede es array (
  'S_ID' => '4',
  'S_NOMBRE' => 'OCCIDENTE',
  'S_DESCRIPCION' => 'Sedle para atender los casos de la regional occidente',
  'S_C_ID' => '1',
  'S_CANTIDAD_ENCUESTAS' => '10',
  'S_ACTIVO' => '1',
  'S_LOGO' => '7',
  'S_MUESTRA_VIDEO' => '1',
) 
2015-01-21 10:24:19 --> se va a extraer informacion del area  
2015-01-21 10:24:19 --> la informacion del area es array (
  'AR_ID' => '5',
  'AR_NOMBRE' => 'OTROS',
  'AR_DESCRIPCION' => 'Otros',
  'AR_C_ID' => '1',
  'AR_ACTIVO' => '1',
  'AR_ALIAS' => 'O',
  'AR_MOSTRAR_NOMBRE_PANTALLA' => '0',
) 
2015-01-21 10:24:19 --> se va a crear el turno 
2015-01-21 10:24:19 --> se creo el turno 2 del area O 

2015-01-21 10:28:11 --> get_areas 1 
2015-01-21 10:28:11 --> buscando areas del cliente 
2015-01-21 10:28:58 --> crear el consumidor 
2015-01-21 10:28:58 --> se creo el consumidor 31622 
2015-01-21 10:28:58 --> la informacion de la sede es array (
  'S_ID' => '1',
  'S_NOMBRE' => 'ANTIOQUIA',
  'S_DESCRIPCION' => 'Sede para atender los casos de la regional antioquia',
  'S_C_ID' => '1',
  'S_CANTIDAD_ENCUESTAS' => '10',
  'S_ACTIVO' => '1',
  'S_LOGO' => '7',
  'S_MUESTRA_VIDEO' => '0',
) 
2015-01-21 10:28:58 --> se va a extraer informacion del area  
2015-01-21 10:28:58 --> la informacion del area es array (
  'AR_ID' => '1',
  'AR_NOMBRE' => 'GERENCIA_DEL_SERVICIO',
  'AR_DESCRIPCION' => 'Cartas punto de venta Cartas de renuncia',
  'AR_C_ID' => '1',
  'AR_ACTIVO' => '1',
  'AR_ALIAS' => 'GS',
  'AR_MOSTRAR_NOMBRE_PANTALLA' => '0',
) 
2015-01-21 10:28:58 --> se va a crear el turno 
2015-01-21 10:28:58 --> se creo el turno 17 del area GS 

2015-01-21 10:32:29 --> get_areas 1 
2015-01-21 10:32:29 --> buscando areas del cliente 
2015-01-21 10:32:41 --> crear el consumidor 
2015-01-21 10:32:41 --> se creo el consumidor 31624 
2015-01-21 10:32:41 --> la informacion de la sede es array (
  'S_ID' => '4',
  'S_NOMBRE' => 'OCCIDENTE',
  'S_DESCRIPCION' => 'Sedle para atender los casos de la regional occidente',
  'S_C_ID' => '1',
  'S_CANTIDAD_ENCUESTAS' => '10',
  'S_ACTIVO' => '1',
  'S_LOGO' => '7',
  'S_MUESTRA_VIDEO' => '1',
) 
2015-01-21 10:32:41 --> se va a extraer informacion del area  
2015-01-21 10:32:41 --> la informacion del area es array (
  'AR_ID' => '5',
  'AR_NOMBRE' => 'OTROS',
  'AR_DESCRIPCION' => 'Otros',
  'AR_C_ID' => '1',
  'AR_ACTIVO' => '1',
  'AR_ALIAS' => 'O',
  'AR_MOSTRAR_NOMBRE_PANTALLA' => '0',
) 
2015-01-21 10:32:41 --> se va a crear el turno 
2015-01-21 10:32:41 --> se creo el turno 3 del area O 

2015-01-21 10:36:43 --> get_areas 1 
2015-01-21 10:36:43 --> buscando areas del cliente 
2015-01-21 10:36:58 --> crear el consumidor 
2015-01-21 10:36:58 --> se creo el consumidor 31626 
2015-01-21 10:36:58 --> la informacion de la sede es array (
  'S_ID' => '4',
  'S_NOMBRE' => 'OCCIDENTE',
  'S_DESCRIPCION' => 'Sedle para atender los casos de la regional occidente',
  'S_C_ID' => '1',
  'S_CANTIDAD_ENCUESTAS' => '10',
  'S_ACTIVO' => '1',
  'S_LOGO' => '7',
  'S_MUESTRA_VIDEO' => '1',
) 
2015-01-21 10:36:58 --> se va a extraer informacion del area  
2015-01-21 10:36:58 --> la informacion del area es array (
  'AR_ID' => '2',
  'AR_NOMBRE' => 'APORTES',
  'AR_DESCRIPCION' => 'Pensiones Incapacidades Cesantias Cartas FNA',
  'AR_C_ID' => '1',
  'AR_ACTIVO' => '1',
  'AR_ALIAS' => 'A',
  'AR_MOSTRAR_NOMBRE_PANTALLA' => '0',
) 
2015-01-21 10:36:58 --> se va a crear el turno 
2015-01-21 10:36:58 --> se creo el turno 2 del area A 

2015-01-21 10:43:25 --> get_areas 1 
2015-01-21 10:43:25 --> buscando areas del cliente 

2015-01-21 10:44:08 --> get_areas 1 
2015-01-21 10:44:08 --> buscando areas del cliente 
2015-01-21 10:44:10 --> crear el consumidor 
2015-01-21 10:44:10 --> se creo el consumidor 31627 
2015-01-21 10:44:10 --> la informacion de la sede es array (
  'S_ID' => '1',
  'S_NOMBRE' => 'ANTIOQUIA',
  'S_DESCRIPCION' => 'Sede para atender los casos de la regional antioquia',
  'S_C_ID' => '1',
  'S_CANTIDAD_ENCUESTAS' => '10',
  'S_ACTIVO' => '1',
  'S_LOGO' => '7',
  'S_MUESTRA_VIDEO' => '0',
) 
2015-01-21 10:44:10 --> se va a extraer informacion del area  
2015-01-21 10:44:10 --> la informacion del area es array (
  'AR_ID' => '1',
  'AR_NOMBRE' => 'GERENCIA_DEL_SERVICIO',
  'AR_DESCRIPCION' => 'Cartas punto de venta Cartas de renuncia',
  'AR_C_ID' => '1',
  'AR_ACTIVO' => '1',
  'AR_ALIAS' => 'GS',
  'AR_MOSTRAR_NOMBRE_PANTALLA' => '0',
) 
2015-01-21 10:44:10 --> se va a crear el turno 
2015-01-21 10:44:10 --> se creo el turno 18 del area GS 

2015-01-21 10:44:46 --> get_areas 1 
2015-01-21 10:44:46 --> buscando areas del cliente 
2015-01-21 10:44:48 --> crear el consumidor 
2015-01-21 10:44:48 --> se creo el consumidor 31629 
2015-01-21 10:44:48 --> la informacion de la sede es array (
  'S_ID' => '1',
  'S_NOMBRE' => 'ANTIOQUIA',
  'S_DESCRIPCION' => 'Sede para atender los casos de la regional antioquia',
  'S_C_ID' => '1',
  'S_CANTIDAD_ENCUESTAS' => '10',
  'S_ACTIVO' => '1',
  'S_LOGO' => '7',
  'S_MUESTRA_VIDEO' => '0',
) 
2015-01-21 10:44:48 --> se va a extraer informacion del area  
2015-01-21 10:44:48 --> la informacion del area es array (
  'AR_ID' => '1',
  'AR_NOMBRE' => 'GERENCIA_DEL_SERVICIO',
  'AR_DESCRIPCION' => 'Cartas punto de venta Cartas de renuncia',
  'AR_C_ID' => '1',
  'AR_ACTIVO' => '1',
  'AR_ALIAS' => 'GS',
  'AR_MOSTRAR_NOMBRE_PANTALLA' => '0',
) 
2015-01-21 10:44:48 --> se va a crear el turno 
2015-01-21 10:44:48 --> se creo el turno 19 del area GS 

2015-01-21 10:45:26 --> get_areas 1 
2015-01-21 10:45:26 --> buscando areas del cliente 
2015-01-21 10:45:28 --> crear el consumidor 
2015-01-21 10:45:28 --> se creo el consumidor 31631 
2015-01-21 10:45:28 --> la informacion de la sede es array (
  'S_ID' => '1',
  'S_NOMBRE' => 'ANTIOQUIA',
  'S_DESCRIPCION' => 'Sede para atender los casos de la regional antioquia',
  'S_C_ID' => '1',
  'S_CANTIDAD_ENCUESTAS' => '10',
  'S_ACTIVO' => '1',
  'S_LOGO' => '7',
  'S_MUESTRA_VIDEO' => '0',
) 
2015-01-21 10:45:28 --> se va a extraer informacion del area  
2015-01-21 10:45:28 --> la informacion del area es array (
  'AR_ID' => '1',
  'AR_NOMBRE' => 'GERENCIA_DEL_SERVICIO',
  'AR_DESCRIPCION' => 'Cartas punto de venta Cartas de renuncia',
  'AR_C_ID' => '1',
  'AR_ACTIVO' => '1',
  'AR_ALIAS' => 'GS',
  'AR_MOSTRAR_NOMBRE_PANTALLA' => '0',
) 
2015-01-21 10:45:28 --> se va a crear el turno 
2015-01-21 10:45:28 --> se creo el turno 20 del area GS 

2015-01-21 10:46:01 --> get_areas 1 
2015-01-21 10:46:01 --> buscando areas del cliente 
2015-01-21 10:46:03 --> crear el consumidor 
2015-01-21 10:46:03 --> se creo el consumidor 31633 
2015-01-21 10:46:03 --> la informacion de la sede es array (
  'S_ID' => '1',
  'S_NOMBRE' => 'ANTIOQUIA',
  'S_DESCRIPCION' => 'Sede para atender los casos de la regional antioquia',
  'S_C_ID' => '1',
  'S_CANTIDAD_ENCUESTAS' => '10',
  'S_ACTIVO' => '1',
  'S_LOGO' => '7',
  'S_MUESTRA_VIDEO' => '0',
) 
2015-01-21 10:46:03 --> se va a extraer informacion del area  
2015-01-21 10:46:03 --> la informacion del area es array (
  'AR_ID' => '1',
  'AR_NOMBRE' => 'GERENCIA_DEL_SERVICIO',
  'AR_DESCRIPCION' => 'Cartas punto de venta Cartas de renuncia',
  'AR_C_ID' => '1',
  'AR_ACTIVO' => '1',
  'AR_ALIAS' => 'GS',
  'AR_MOSTRAR_NOMBRE_PANTALLA' => '0',
) 
2015-01-21 10:46:03 --> se va a crear el turno 
2015-01-21 10:46:03 --> se creo el turno 21 del area GS 

2015-01-21 10:46:37 --> get_areas 1 
2015-01-21 10:46:37 --> buscando areas del cliente 
2015-01-21 10:46:40 --> crear el consumidor 
2015-01-21 10:46:40 --> se creo el consumidor 31634 
2015-01-21 10:46:40 --> la informacion de la sede es array (
  'S_ID' => '1',
  'S_NOMBRE' => 'ANTIOQUIA',
  'S_DESCRIPCION' => 'Sede para atender los casos de la regional antioquia',
  'S_C_ID' => '1',
  'S_CANTIDAD_ENCUESTAS' => '10',
  'S_ACTIVO' => '1',
  'S_LOGO' => '7',
  'S_MUESTRA_VIDEO' => '0',
) 
2015-01-21 10:46:40 --> se va a extraer informacion del area  
2015-01-21 10:46:40 --> la informacion del area es array (
  'AR_ID' => '1',
  'AR_NOMBRE' => 'GERENCIA_DEL_SERVICIO',
  'AR_DESCRIPCION' => 'Cartas punto de venta Cartas de renuncia',
  'AR_C_ID' => '1',
  'AR_ACTIVO' => '1',
  'AR_ALIAS' => 'GS',
  'AR_MOSTRAR_NOMBRE_PANTALLA' => '0',
) 
2015-01-21 10:46:40 --> se va a crear el turno 
2015-01-21 10:46:40 --> se creo el turno 22 del area GS 

2015-01-21 10:47:23 --> get_areas 1 
2015-01-21 10:47:23 --> buscando areas del cliente 
2015-01-21 10:47:25 --> crear el consumidor 
2015-01-21 10:47:25 --> se creo el consumidor 31636 
2015-01-21 10:47:25 --> la informacion de la sede es array (
  'S_ID' => '1',
  'S_NOMBRE' => 'ANTIOQUIA',
  'S_DESCRIPCION' => 'Sede para atender los casos de la regional antioquia',
  'S_C_ID' => '1',
  'S_CANTIDAD_ENCUESTAS' => '10',
  'S_ACTIVO' => '1',
  'S_LOGO' => '7',
  'S_MUESTRA_VIDEO' => '0',
) 
2015-01-21 10:47:25 --> se va a extraer informacion del area  
2015-01-21 10:47:25 --> la informacion del area es array (
  'AR_ID' => '1',
  'AR_NOMBRE' => 'GERENCIA_DEL_SERVICIO',
  'AR_DESCRIPCION' => 'Cartas punto de venta Cartas de renuncia',
  'AR_C_ID' => '1',
  'AR_ACTIVO' => '1',
  'AR_ALIAS' => 'GS',
  'AR_MOSTRAR_NOMBRE_PANTALLA' => '0',
) 
2015-01-21 10:47:25 --> se va a crear el turno 
2015-01-21 10:47:25 --> se creo el turno 23 del area GS 

2015-01-21 10:48:03 --> get_areas 1 
2015-01-21 10:48:03 --> buscando areas del cliente 
2015-01-21 10:48:05 --> crear el consumidor 
2015-01-21 10:48:05 --> se creo el consumidor 31637 
2015-01-21 10:48:05 --> la informacion de la sede es array (
  'S_ID' => '1',
  'S_NOMBRE' => 'ANTIOQUIA',
  'S_DESCRIPCION' => 'Sede para atender los casos de la regional antioquia',
  'S_C_ID' => '1',
  'S_CANTIDAD_ENCUESTAS' => '10',
  'S_ACTIVO' => '1',
  'S_LOGO' => '7',
  'S_MUESTRA_VIDEO' => '0',
) 
2015-01-21 10:48:05 --> se va a extraer informacion del area  
2015-01-21 10:48:05 --> la informacion del area es array (
  'AR_ID' => '1',
  'AR_NOMBRE' => 'GERENCIA_DEL_SERVICIO',
  'AR_DESCRIPCION' => 'Cartas punto de venta Cartas de renuncia',
  'AR_C_ID' => '1',
  'AR_ACTIVO' => '1',
  'AR_ALIAS' => 'GS',
  'AR_MOSTRAR_NOMBRE_PANTALLA' => '0',
) 
2015-01-21 10:48:05 --> se va a crear el turno 
2015-01-21 10:48:05 --> se creo el turno 24 del area GS 

2015-01-21 10:56:17 --> get_areas 1 
2015-01-21 10:56:17 --> buscando areas del cliente 
2015-01-21 10:56:24 --> crear el consumidor 
2015-01-21 10:56:24 --> se creo el consumidor 31641 
2015-01-21 10:56:24 --> la informacion de la sede es array (
  'S_ID' => '1',
  'S_NOMBRE' => 'ANTIOQUIA',
  'S_DESCRIPCION' => 'Sede para atender los casos de la regional antioquia',
  'S_C_ID' => '1',
  'S_CANTIDAD_ENCUESTAS' => '10',
  'S_ACTIVO' => '1',
  'S_LOGO' => '7',
  'S_MUESTRA_VIDEO' => '0',
) 
2015-01-21 10:56:24 --> se va a extraer informacion del area  
2015-01-21 10:56:24 --> la informacion del area es array (
  'AR_ID' => '1',
  'AR_NOMBRE' => 'GERENCIA_DEL_SERVICIO',
  'AR_DESCRIPCION' => 'Cartas punto de venta Cartas de renuncia',
  'AR_C_ID' => '1',
  'AR_ACTIVO' => '1',
  'AR_ALIAS' => 'GS',
  'AR_MOSTRAR_NOMBRE_PANTALLA' => '0',
) 
2015-01-21 10:56:24 --> se va a crear el turno 
2015-01-21 10:56:24 --> se creo el turno 25 del area GS 

2015-01-21 11:12:19 --> get_areas 1 
2015-01-21 11:12:19 --> buscando areas del cliente 
2015-01-21 11:12:27 --> crear el consumidor 
2015-01-21 11:12:27 --> se creo el consumidor 31644 
2015-01-21 11:12:27 --> la informacion de la sede es array (
  'S_ID' => '4',
  'S_NOMBRE' => 'OCCIDENTE',
  'S_DESCRIPCION' => 'Sedle para atender los casos de la regional occidente',
  'S_C_ID' => '1',
  'S_CANTIDAD_ENCUESTAS' => '10',
  'S_ACTIVO' => '1',
  'S_LOGO' => '7',
  'S_MUESTRA_VIDEO' => '1',
) 
2015-01-21 11:12:27 --> se va a extraer informacion del area  
2015-01-21 11:12:27 --> la informacion del area es array (
  'AR_ID' => '2',
  'AR_NOMBRE' => 'APORTES',
  'AR_DESCRIPCION' => 'Pensiones Incapacidades Cesantias Cartas FNA',
  'AR_C_ID' => '1',
  'AR_ACTIVO' => '1',
  'AR_ALIAS' => 'A',
  'AR_MOSTRAR_NOMBRE_PANTALLA' => '0',
) 
2015-01-21 11:12:27 --> se va a crear el turno 
2015-01-21 11:12:27 --> se creo el turno 3 del area A 

2015-01-21 11:18:54 --> get_areas 1 
2015-01-21 11:18:54 --> buscando areas del cliente 
2015-01-21 11:19:13 --> crear el consumidor 
2015-01-21 11:19:13 --> se creo el consumidor 31647 
2015-01-21 11:19:13 --> la informacion de la sede es array (
  'S_ID' => '4',
  'S_NOMBRE' => 'OCCIDENTE',
  'S_DESCRIPCION' => 'Sedle para atender los casos de la regional occidente',
  'S_C_ID' => '1',
  'S_CANTIDAD_ENCUESTAS' => '10',
  'S_ACTIVO' => '1',
  'S_LOGO' => '7',
  'S_MUESTRA_VIDEO' => '1',
) 
2015-01-21 11:19:13 --> se va a extraer informacion del area  
2015-01-21 11:19:13 --> la informacion del area es array (
  'AR_ID' => '5',
  'AR_NOMBRE' => 'OTROS',
  'AR_DESCRIPCION' => 'Otros',
  'AR_C_ID' => '1',
  'AR_ACTIVO' => '1',
  'AR_ALIAS' => 'O',
  'AR_MOSTRAR_NOMBRE_PANTALLA' => '0',
) 
2015-01-21 11:19:13 --> se va a crear el turno 
2015-01-21 11:19:13 --> se creo el turno 4 del area O 

2015-01-21 11:20:35 --> get_areas 1 
2015-01-21 11:20:35 --> buscando areas del cliente 

2015-01-21 11:24:52 --> get_areas 1 
2015-01-21 11:24:52 --> buscando areas del cliente 

2015-01-21 11:51:52 --> get_areas 1 
2015-01-21 11:51:52 --> buscando areas del cliente 
2015-01-21 11:52:09 --> crear el consumidor 
2015-01-21 11:52:09 --> se creo el consumidor 31653 
2015-01-21 11:52:09 --> la informacion de la sede es array (
  'S_ID' => '2',
  'S_NOMBRE' => 'CENTRO',
  'S_DESCRIPCION' => 'Sede para atender los casos de la regional centro',
  'S_C_ID' => '1',
  'S_CANTIDAD_ENCUESTAS' => '10',
  'S_ACTIVO' => '1',
  'S_LOGO' => '7',
  'S_MUESTRA_VIDEO' => '0',
) 
2015-01-21 11:52:09 --> se va a extraer informacion del area  
2015-01-21 11:52:09 --> la informacion del area es array (
  'AR_ID' => '2',
  'AR_NOMBRE' => 'APORTES',
  'AR_DESCRIPCION' => 'Pensiones Incapacidades Cesantias Cartas FNA',
  'AR_C_ID' => '1',
  'AR_ACTIVO' => '1',
  'AR_ALIAS' => 'A',
  'AR_MOSTRAR_NOMBRE_PANTALLA' => '0',
) 
2015-01-21 11:52:09 --> se va a crear el turno 
2015-01-21 11:52:09 --> se creo el turno 10 del area A 

2015-01-21 12:39:10 --> get_areas 1 
2015-01-21 12:39:10 --> buscando areas del cliente 
2015-01-21 12:39:21 --> crear el consumidor 
2015-01-21 12:39:21 --> se creo el consumidor 31662 
2015-01-21 12:39:21 --> la informacion de la sede es array (
  'S_ID' => '1',
  'S_NOMBRE' => 'ANTIOQUIA',
  'S_DESCRIPCION' => 'Sede para atender los casos de la regional antioquia',
  'S_C_ID' => '1',
  'S_CANTIDAD_ENCUESTAS' => '10',
  'S_ACTIVO' => '1',
  'S_LOGO' => '7',
  'S_MUESTRA_VIDEO' => '0',
) 
2015-01-21 12:39:21 --> se va a extraer informacion del area  
2015-01-21 12:39:21 --> la informacion del area es array (
  'AR_ID' => '1',
  'AR_NOMBRE' => 'GERENCIA_DEL_SERVICIO',
  'AR_DESCRIPCION' => 'Cartas punto de venta Cartas de renuncia',
  'AR_C_ID' => '1',
  'AR_ACTIVO' => '1',
  'AR_ALIAS' => 'GS',
  'AR_MOSTRAR_NOMBRE_PANTALLA' => '0',
) 
2015-01-21 12:39:21 --> se va a crear el turno 
2015-01-21 12:39:21 --> se creo el turno 26 del area GS 

2015-01-21 12:40:00 --> get_areas 1 
2015-01-21 12:40:00 --> buscando areas del cliente 
2015-01-21 12:40:02 --> crear el consumidor 
2015-01-21 12:40:02 --> se creo el consumidor 31663 
2015-01-21 12:40:02 --> la informacion de la sede es array (
  'S_ID' => '1',
  'S_NOMBRE' => 'ANTIOQUIA',
  'S_DESCRIPCION' => 'Sede para atender los casos de la regional antioquia',
  'S_C_ID' => '1',
  'S_CANTIDAD_ENCUESTAS' => '10',
  'S_ACTIVO' => '1',
  'S_LOGO' => '7',
  'S_MUESTRA_VIDEO' => '0',
) 
2015-01-21 12:40:02 --> se va a extraer informacion del area  
2015-01-21 12:40:02 --> la informacion del area es array (
  'AR_ID' => '1',
  'AR_NOMBRE' => 'GERENCIA_DEL_SERVICIO',
  'AR_DESCRIPCION' => 'Cartas punto de venta Cartas de renuncia',
  'AR_C_ID' => '1',
  'AR_ACTIVO' => '1',
  'AR_ALIAS' => 'GS',
  'AR_MOSTRAR_NOMBRE_PANTALLA' => '0',
) 
2015-01-21 12:40:02 --> se va a crear el turno 
2015-01-21 12:40:02 --> se creo el turno 27 del area GS 

2015-01-21 12:40:40 --> get_areas 1 
2015-01-21 12:40:40 --> buscando areas del cliente 
2015-01-21 12:40:42 --> crear el consumidor 
2015-01-21 12:40:42 --> se creo el consumidor 31664 
2015-01-21 12:40:42 --> la informacion de la sede es array (
  'S_ID' => '1',
  'S_NOMBRE' => 'ANTIOQUIA',
  'S_DESCRIPCION' => 'Sede para atender los casos de la regional antioquia',
  'S_C_ID' => '1',
  'S_CANTIDAD_ENCUESTAS' => '10',
  'S_ACTIVO' => '1',
  'S_LOGO' => '7',
  'S_MUESTRA_VIDEO' => '0',
) 
2015-01-21 12:40:42 --> se va a extraer informacion del area  
2015-01-21 12:40:42 --> la informacion del area es array (
  'AR_ID' => '1',
  'AR_NOMBRE' => 'GERENCIA_DEL_SERVICIO',
  'AR_DESCRIPCION' => 'Cartas punto de venta Cartas de renuncia',
  'AR_C_ID' => '1',
  'AR_ACTIVO' => '1',
  'AR_ALIAS' => 'GS',
  'AR_MOSTRAR_NOMBRE_PANTALLA' => '0',
) 
2015-01-21 12:40:42 --> se va a crear el turno 
2015-01-21 12:40:42 --> se creo el turno 28 del area GS 

2015-01-21 12:41:18 --> get_areas 1 
2015-01-21 12:41:18 --> buscando areas del cliente 
2015-01-21 12:41:20 --> crear el consumidor 
2015-01-21 12:41:20 --> se creo el consumidor 31665 
2015-01-21 12:41:20 --> la informacion de la sede es array (
  'S_ID' => '1',
  'S_NOMBRE' => 'ANTIOQUIA',
  'S_DESCRIPCION' => 'Sede para atender los casos de la regional antioquia',
  'S_C_ID' => '1',
  'S_CANTIDAD_ENCUESTAS' => '10',
  'S_ACTIVO' => '1',
  'S_LOGO' => '7',
  'S_MUESTRA_VIDEO' => '0',
) 
2015-01-21 12:41:20 --> se va a extraer informacion del area  
2015-01-21 12:41:20 --> la informacion del area es array (
  'AR_ID' => '1',
  'AR_NOMBRE' => 'GERENCIA_DEL_SERVICIO',
  'AR_DESCRIPCION' => 'Cartas punto de venta Cartas de renuncia',
  'AR_C_ID' => '1',
  'AR_ACTIVO' => '1',
  'AR_ALIAS' => 'GS',
  'AR_MOSTRAR_NOMBRE_PANTALLA' => '0',
) 
2015-01-21 12:41:20 --> se va a crear el turno 
2015-01-21 12:41:20 --> se creo el turno 29 del area GS 

2015-01-21 12:44:09 --> get_areas 1 
2015-01-21 12:44:09 --> buscando areas del cliente 
2015-01-21 12:44:27 --> crear el consumidor 
2015-01-21 12:44:27 --> se creo el consumidor 31667 
2015-01-21 12:44:27 --> la informacion de la sede es array (
  'S_ID' => '1',
  'S_NOMBRE' => 'ANTIOQUIA',
  'S_DESCRIPCION' => 'Sede para atender los casos de la regional antioquia',
  'S_C_ID' => '1',
  'S_CANTIDAD_ENCUESTAS' => '10',
  'S_ACTIVO' => '1',
  'S_LOGO' => '7',
  'S_MUESTRA_VIDEO' => '0',
) 
2015-01-21 12:44:27 --> se va a extraer informacion del area  
2015-01-21 12:44:27 --> la informacion del area es array (
  'AR_ID' => '1',
  'AR_NOMBRE' => 'GERENCIA_DEL_SERVICIO',
  'AR_DESCRIPCION' => 'Cartas punto de venta Cartas de renuncia',
  'AR_C_ID' => '1',
  'AR_ACTIVO' => '1',
  'AR_ALIAS' => 'GS',
  'AR_MOSTRAR_NOMBRE_PANTALLA' => '0',
) 
2015-01-21 12:44:27 --> se va a crear el turno 
2015-01-21 12:44:27 --> se creo el turno 30 del area GS 

2015-01-21 12:45:02 --> get_areas 1 
2015-01-21 12:45:02 --> buscando areas del cliente 
2015-01-21 12:45:10 --> crear el consumidor 
2015-01-21 12:45:10 --> se creo el consumidor 31668 
2015-01-21 12:45:10 --> la informacion de la sede es array (
  'S_ID' => '1',
  'S_NOMBRE' => 'ANTIOQUIA',
  'S_DESCRIPCION' => 'Sede para atender los casos de la regional antioquia',
  'S_C_ID' => '1',
  'S_CANTIDAD_ENCUESTAS' => '10',
  'S_ACTIVO' => '1',
  'S_LOGO' => '7',
  'S_MUESTRA_VIDEO' => '0',
) 
2015-01-21 12:45:10 --> se va a extraer informacion del area  
2015-01-21 12:45:10 --> la informacion del area es array (
  'AR_ID' => '1',
  'AR_NOMBRE' => 'GERENCIA_DEL_SERVICIO',
  'AR_DESCRIPCION' => 'Cartas punto de venta Cartas de renuncia',
  'AR_C_ID' => '1',
  'AR_ACTIVO' => '1',
  'AR_ALIAS' => 'GS',
  'AR_MOSTRAR_NOMBRE_PANTALLA' => '0',
) 
2015-01-21 12:45:10 --> se va a crear el turno 
2015-01-21 12:45:10 --> se creo el turno 31 del area GS 

2015-01-21 12:45:59 --> get_areas 1 
2015-01-21 12:45:59 --> buscando areas del cliente 
2015-01-21 12:46:00 --> crear el consumidor 
2015-01-21 12:46:00 --> se creo el consumidor 31669 
2015-01-21 12:46:00 --> la informacion de la sede es array (
  'S_ID' => '1',
  'S_NOMBRE' => 'ANTIOQUIA',
  'S_DESCRIPCION' => 'Sede para atender los casos de la regional antioquia',
  'S_C_ID' => '1',
  'S_CANTIDAD_ENCUESTAS' => '10',
  'S_ACTIVO' => '1',
  'S_LOGO' => '7',
  'S_MUESTRA_VIDEO' => '0',
) 
2015-01-21 12:46:00 --> se va a extraer informacion del area  
2015-01-21 12:46:00 --> la informacion del area es array (
  'AR_ID' => '1',
  'AR_NOMBRE' => 'GERENCIA_DEL_SERVICIO',
  'AR_DESCRIPCION' => 'Cartas punto de venta Cartas de renuncia',
  'AR_C_ID' => '1',
  'AR_ACTIVO' => '1',
  'AR_ALIAS' => 'GS',
  'AR_MOSTRAR_NOMBRE_PANTALLA' => '0',
) 
2015-01-21 12:46:00 --> se va a crear el turno 
2015-01-21 12:46:00 --> se creo el turno 32 del area GS 

2015-01-21 12:46:47 --> get_areas 1 
2015-01-21 12:46:47 --> buscando areas del cliente 
2015-01-21 12:46:50 --> crear el consumidor 
2015-01-21 12:46:50 --> se creo el consumidor 31670 
2015-01-21 12:46:50 --> la informacion de la sede es array (
  'S_ID' => '1',
  'S_NOMBRE' => 'ANTIOQUIA',
  'S_DESCRIPCION' => 'Sede para atender los casos de la regional antioquia',
  'S_C_ID' => '1',
  'S_CANTIDAD_ENCUESTAS' => '10',
  'S_ACTIVO' => '1',
  'S_LOGO' => '7',
  'S_MUESTRA_VIDEO' => '0',
) 
2015-01-21 12:46:50 --> se va a extraer informacion del area  
2015-01-21 12:46:50 --> la informacion del area es array (
  'AR_ID' => '1',
  'AR_NOMBRE' => 'GERENCIA_DEL_SERVICIO',
  'AR_DESCRIPCION' => 'Cartas punto de venta Cartas de renuncia',
  'AR_C_ID' => '1',
  'AR_ACTIVO' => '1',
  'AR_ALIAS' => 'GS',
  'AR_MOSTRAR_NOMBRE_PANTALLA' => '0',
) 
2015-01-21 12:46:50 --> se va a crear el turno 
2015-01-21 12:46:50 --> se creo el turno 33 del area GS 

2015-01-21 12:47:27 --> get_areas 1 
2015-01-21 12:47:27 --> buscando areas del cliente 
2015-01-21 12:47:31 --> crear el consumidor 
2015-01-21 12:47:31 --> se creo el consumidor 31671 
2015-01-21 12:47:31 --> la informacion de la sede es array (
  'S_ID' => '1',
  'S_NOMBRE' => 'ANTIOQUIA',
  'S_DESCRIPCION' => 'Sede para atender los casos de la regional antioquia',
  'S_C_ID' => '1',
  'S_CANTIDAD_ENCUESTAS' => '10',
  'S_ACTIVO' => '1',
  'S_LOGO' => '7',
  'S_MUESTRA_VIDEO' => '0',
) 
2015-01-21 12:47:31 --> se va a extraer informacion del area  
2015-01-21 12:47:31 --> la informacion del area es array (
  'AR_ID' => '1',
  'AR_NOMBRE' => 'GERENCIA_DEL_SERVICIO',
  'AR_DESCRIPCION' => 'Cartas punto de venta Cartas de renuncia',
  'AR_C_ID' => '1',
  'AR_ACTIVO' => '1',
  'AR_ALIAS' => 'GS',
  'AR_MOSTRAR_NOMBRE_PANTALLA' => '0',
) 
2015-01-21 12:47:31 --> se va a crear el turno 
2015-01-21 12:47:31 --> se creo el turno 34 del area GS 

2015-01-21 12:49:25 --> get_areas 1 
2015-01-21 12:49:25 --> buscando areas del cliente 
2015-01-21 12:49:28 --> crear el consumidor 
2015-01-21 12:49:28 --> se creo el consumidor 31672 
2015-01-21 12:49:28 --> la informacion de la sede es array (
  'S_ID' => '1',
  'S_NOMBRE' => 'ANTIOQUIA',
  'S_DESCRIPCION' => 'Sede para atender los casos de la regional antioquia',
  'S_C_ID' => '1',
  'S_CANTIDAD_ENCUESTAS' => '10',
  'S_ACTIVO' => '1',
  'S_LOGO' => '7',
  'S_MUESTRA_VIDEO' => '0',
) 
2015-01-21 12:49:28 --> se va a extraer informacion del area  
2015-01-21 12:49:28 --> la informacion del area es array (
  'AR_ID' => '1',
  'AR_NOMBRE' => 'GERENCIA_DEL_SERVICIO',
  'AR_DESCRIPCION' => 'Cartas punto de venta Cartas de renuncia',
  'AR_C_ID' => '1',
  'AR_ACTIVO' => '1',
  'AR_ALIAS' => 'GS',
  'AR_MOSTRAR_NOMBRE_PANTALLA' => '0',
) 
2015-01-21 12:49:28 --> se va a crear el turno 
2015-01-21 12:49:28 --> se creo el turno 35 del area GS 

2015-01-21 12:50:06 --> get_areas 1 
2015-01-21 12:50:06 --> buscando areas del cliente 
2015-01-21 12:50:08 --> crear el consumidor 
2015-01-21 12:50:08 --> se creo el consumidor 31673 
2015-01-21 12:50:08 --> la informacion de la sede es array (
  'S_ID' => '1',
  'S_NOMBRE' => 'ANTIOQUIA',
  'S_DESCRIPCION' => 'Sede para atender los casos de la regional antioquia',
  'S_C_ID' => '1',
  'S_CANTIDAD_ENCUESTAS' => '10',
  'S_ACTIVO' => '1',
  'S_LOGO' => '7',
  'S_MUESTRA_VIDEO' => '0',
) 
2015-01-21 12:50:08 --> se va a extraer informacion del area  
2015-01-21 12:50:08 --> la informacion del area es array (
  'AR_ID' => '1',
  'AR_NOMBRE' => 'GERENCIA_DEL_SERVICIO',
  'AR_DESCRIPCION' => 'Cartas punto de venta Cartas de renuncia',
  'AR_C_ID' => '1',
  'AR_ACTIVO' => '1',
  'AR_ALIAS' => 'GS',
  'AR_MOSTRAR_NOMBRE_PANTALLA' => '0',
) 
2015-01-21 12:50:08 --> se va a crear el turno 
2015-01-21 12:50:08 --> se creo el turno 36 del area GS 

2015-01-21 12:55:19 --> get_areas 1 
2015-01-21 12:55:19 --> buscando areas del cliente 
2015-01-21 12:55:23 --> crear el consumidor 
2015-01-21 12:55:23 --> se creo el consumidor 31674 
2015-01-21 12:55:23 --> la informacion de la sede es array (
  'S_ID' => '1',
  'S_NOMBRE' => 'ANTIOQUIA',
  'S_DESCRIPCION' => 'Sede para atender los casos de la regional antioquia',
  'S_C_ID' => '1',
  'S_CANTIDAD_ENCUESTAS' => '10',
  'S_ACTIVO' => '1',
  'S_LOGO' => '7',
  'S_MUESTRA_VIDEO' => '0',
) 
2015-01-21 12:55:23 --> se va a extraer informacion del area  
2015-01-21 12:55:23 --> la informacion del area es array (
  'AR_ID' => '1',
  'AR_NOMBRE' => 'GERENCIA_DEL_SERVICIO',
  'AR_DESCRIPCION' => 'Cartas punto de venta Cartas de renuncia',
  'AR_C_ID' => '1',
  'AR_ACTIVO' => '1',
  'AR_ALIAS' => 'GS',
  'AR_MOSTRAR_NOMBRE_PANTALLA' => '0',
) 
2015-01-21 12:55:23 --> se va a crear el turno 
2015-01-21 12:55:23 --> se creo el turno 37 del area GS 

2015-01-21 13:00:39 --> get_areas 1 
2015-01-21 13:00:39 --> buscando areas del cliente 
2015-01-21 13:00:49 --> crear el consumidor 
2015-01-21 13:00:49 --> se creo el consumidor 31675 
2015-01-21 13:00:49 --> la informacion de la sede es array (
  'S_ID' => '1',
  'S_NOMBRE' => 'ANTIOQUIA',
  'S_DESCRIPCION' => 'Sede para atender los casos de la regional antioquia',
  'S_C_ID' => '1',
  'S_CANTIDAD_ENCUESTAS' => '10',
  'S_ACTIVO' => '1',
  'S_LOGO' => '7',
  'S_MUESTRA_VIDEO' => '0',
) 
2015-01-21 13:00:49 --> se va a extraer informacion del area  
2015-01-21 13:00:49 --> la informacion del area es array (
  'AR_ID' => '2',
  'AR_NOMBRE' => 'APORTES',
  'AR_DESCRIPCION' => 'Pensiones Incapacidades Cesantias Cartas FNA',
  'AR_C_ID' => '1',
  'AR_ACTIVO' => '1',
  'AR_ALIAS' => 'A',
  'AR_MOSTRAR_NOMBRE_PANTALLA' => '0',
) 
2015-01-21 13:00:49 --> se va a crear el turno 
2015-01-21 13:00:49 --> se creo el turno 1 del area A 

2015-01-21 13:01:26 --> get_areas 1 
2015-01-21 13:01:26 --> buscando areas del cliente 
2015-01-21 13:01:31 --> crear el consumidor 
2015-01-21 13:01:31 --> se creo el consumidor 31676 
2015-01-21 13:01:31 --> la informacion de la sede es array (
  'S_ID' => '1',
  'S_NOMBRE' => 'ANTIOQUIA',
  'S_DESCRIPCION' => 'Sede para atender los casos de la regional antioquia',
  'S_C_ID' => '1',
  'S_CANTIDAD_ENCUESTAS' => '10',
  'S_ACTIVO' => '1',
  'S_LOGO' => '7',
  'S_MUESTRA_VIDEO' => '0',
) 
2015-01-21 13:01:31 --> se va a extraer informacion del area  
2015-01-21 13:01:31 --> la informacion del area es array (
  'AR_ID' => '2',
  'AR_NOMBRE' => 'APORTES',
  'AR_DESCRIPCION' => 'Pensiones Incapacidades Cesantias Cartas FNA',
  'AR_C_ID' => '1',
  'AR_ACTIVO' => '1',
  'AR_ALIAS' => 'A',
  'AR_MOSTRAR_NOMBRE_PANTALLA' => '0',
) 
2015-01-21 13:01:31 --> se va a crear el turno 
2015-01-21 13:01:31 --> se creo el turno 2 del area A 

2015-01-21 13:47:33 --> get_areas 1 
2015-01-21 13:47:33 --> buscando areas del cliente 
2015-01-21 13:47:46 --> crear el consumidor 
2015-01-21 13:47:46 --> se creo el consumidor 31680 
2015-01-21 13:47:46 --> la informacion de la sede es array (
  'S_ID' => '4',
  'S_NOMBRE' => 'OCCIDENTE',
  'S_DESCRIPCION' => 'Sedle para atender los casos de la regional occidente',
  'S_C_ID' => '1',
  'S_CANTIDAD_ENCUESTAS' => '10',
  'S_ACTIVO' => '1',
  'S_LOGO' => '7',
  'S_MUESTRA_VIDEO' => '1',
) 
2015-01-21 13:47:46 --> se va a extraer informacion del area  
2015-01-21 13:47:46 --> la informacion del area es array (
  'AR_ID' => '5',
  'AR_NOMBRE' => 'OTROS',
  'AR_DESCRIPCION' => 'Otros',
  'AR_C_ID' => '1',
  'AR_ACTIVO' => '1',
  'AR_ALIAS' => 'O',
  'AR_MOSTRAR_NOMBRE_PANTALLA' => '0',
) 
2015-01-21 13:47:46 --> se va a crear el turno 
2015-01-21 13:47:46 --> se creo el turno 5 del area O 

2015-01-21 13:48:23 --> get_areas 1 
2015-01-21 13:48:23 --> buscando areas del cliente 
2015-01-21 13:48:32 --> crear el consumidor 
2015-01-21 13:48:32 --> se creo el consumidor 31681 
2015-01-21 13:48:32 --> la informacion de la sede es array (
  'S_ID' => '4',
  'S_NOMBRE' => 'OCCIDENTE',
  'S_DESCRIPCION' => 'Sedle para atender los casos de la regional occidente',
  'S_C_ID' => '1',
  'S_CANTIDAD_ENCUESTAS' => '10',
  'S_ACTIVO' => '1',
  'S_LOGO' => '7',
  'S_MUESTRA_VIDEO' => '1',
) 
2015-01-21 13:48:32 --> se va a extraer informacion del area  
2015-01-21 13:48:32 --> la informacion del area es array (
  'AR_ID' => '1',
  'AR_NOMBRE' => 'GERENCIA_DEL_SERVICIO',
  'AR_DESCRIPCION' => 'Cartas punto de venta Cartas de renuncia',
  'AR_C_ID' => '1',
  'AR_ACTIVO' => '1',
  'AR_ALIAS' => 'GS',
  'AR_MOSTRAR_NOMBRE_PANTALLA' => '0',
) 
2015-01-21 13:48:32 --> se va a crear el turno 
2015-01-21 13:48:32 --> se creo el turno 3 del area GS 

2015-01-21 13:50:05 --> get_areas 1 
2015-01-21 13:50:05 --> buscando areas del cliente 
2015-01-21 13:50:29 --> crear el consumidor 
2015-01-21 13:50:29 --> se creo el consumidor 31682 
2015-01-21 13:50:29 --> la informacion de la sede es array (
  'S_ID' => '4',
  'S_NOMBRE' => 'OCCIDENTE',
  'S_DESCRIPCION' => 'Sedle para atender los casos de la regional occidente',
  'S_C_ID' => '1',
  'S_CANTIDAD_ENCUESTAS' => '10',
  'S_ACTIVO' => '1',
  'S_LOGO' => '7',
  'S_MUESTRA_VIDEO' => '1',
) 
2015-01-21 13:50:29 --> se va a extraer informacion del area  
2015-01-21 13:50:29 --> la informacion del area es array (
  'AR_ID' => '5',
  'AR_NOMBRE' => 'OTROS',
  'AR_DESCRIPCION' => 'Otros',
  'AR_C_ID' => '1',
  'AR_ACTIVO' => '1',
  'AR_ALIAS' => 'O',
  'AR_MOSTRAR_NOMBRE_PANTALLA' => '0',
) 
2015-01-21 13:50:29 --> se va a crear el turno 
2015-01-21 13:50:29 --> se creo el turno 6 del area O 

2015-01-21 14:01:35 --> get_areas 1 
2015-01-21 14:01:35 --> buscando areas del cliente 

2015-01-21 14:02:36 --> get_areas 1 
2015-01-21 14:02:36 --> buscando areas del cliente 
2015-01-21 14:02:45 --> crear el consumidor 
2015-01-21 14:02:45 --> se creo el consumidor 31685 
2015-01-21 14:02:45 --> la informacion de la sede es array (
  'S_ID' => '5',
  'S_NOMBRE' => 'ORIENTE',
  'S_DESCRIPCION' => 'Sede para gestionar los casos de la regional Oriente',
  'S_C_ID' => '1',
  'S_CANTIDAD_ENCUESTAS' => '10',
  'S_ACTIVO' => '1',
  'S_LOGO' => '7',
  'S_MUESTRA_VIDEO' => '0',
) 
2015-01-21 14:02:45 --> se va a extraer informacion del area  
2015-01-21 14:02:45 --> la informacion del area es array (
  'AR_ID' => '5',
  'AR_NOMBRE' => 'OTROS',
  'AR_DESCRIPCION' => 'Otros',
  'AR_C_ID' => '1',
  'AR_ACTIVO' => '1',
  'AR_ALIAS' => 'O',
  'AR_MOSTRAR_NOMBRE_PANTALLA' => '0',
) 
2015-01-21 14:02:45 --> se va a crear el turno 
2015-01-21 14:02:45 --> se creo el turno 1 del area O 

2015-01-21 14:03:55 --> get_areas 1 
2015-01-21 14:03:55 --> buscando areas del cliente 
2015-01-21 14:04:06 --> crear el consumidor 
2015-01-21 14:04:06 --> se creo el consumidor 31686 
2015-01-21 14:04:06 --> la informacion de la sede es array (
  'S_ID' => '4',
  'S_NOMBRE' => 'OCCIDENTE',
  'S_DESCRIPCION' => 'Sedle para atender los casos de la regional occidente',
  'S_C_ID' => '1',
  'S_CANTIDAD_ENCUESTAS' => '10',
  'S_ACTIVO' => '1',
  'S_LOGO' => '7',
  'S_MUESTRA_VIDEO' => '1',
) 
2015-01-21 14:04:06 --> se va a extraer informacion del area  
2015-01-21 14:04:06 --> la informacion del area es array (
  'AR_ID' => '5',
  'AR_NOMBRE' => 'OTROS',
  'AR_DESCRIPCION' => 'Otros',
  'AR_C_ID' => '1',
  'AR_ACTIVO' => '1',
  'AR_ALIAS' => 'O',
  'AR_MOSTRAR_NOMBRE_PANTALLA' => '0',
) 
2015-01-21 14:04:06 --> se va a crear el turno 
2015-01-21 14:04:06 --> se creo el turno 7 del area O 

2015-01-21 14:07:22 --> get_areas 1 
2015-01-21 14:07:22 --> buscando areas del cliente 
2015-01-21 14:07:33 --> crear el consumidor 
2015-01-21 14:07:33 --> se creo el consumidor 31687 
2015-01-21 14:07:33 --> la informacion de la sede es array (
  'S_ID' => '4',
  'S_NOMBRE' => 'OCCIDENTE',
  'S_DESCRIPCION' => 'Sedle para atender los casos de la regional occidente',
  'S_C_ID' => '1',
  'S_CANTIDAD_ENCUESTAS' => '10',
  'S_ACTIVO' => '1',
  'S_LOGO' => '7',
  'S_MUESTRA_VIDEO' => '1',
) 
2015-01-21 14:07:33 --> se va a extraer informacion del area  
2015-01-21 14:07:33 --> la informacion del area es array (
  'AR_ID' => '8',
  'AR_NOMBRE' => 'COMPENSACION_SALARIAL',
  'AR_DESCRIPCION' => 'Informacion pago nomina y liquidaciones',
  'AR_C_ID' => '1',
  'AR_ACTIVO' => '1',
  'AR_ALIAS' => 'CS',
  'AR_MOSTRAR_NOMBRE_PANTALLA' => '0',
) 
2015-01-21 14:07:33 --> se va a crear el turno 
2015-01-21 14:07:33 --> se creo el turno 5 del area CS 

2015-01-21 14:10:24 --> get_areas 1 
2015-01-21 14:10:24 --> buscando areas del cliente 
2015-01-21 14:10:39 --> crear el consumidor 
2015-01-21 14:10:39 --> se creo el consumidor 31689 
2015-01-21 14:10:39 --> la informacion de la sede es array (
  'S_ID' => '1',
  'S_NOMBRE' => 'ANTIOQUIA',
  'S_DESCRIPCION' => 'Sede para atender los casos de la regional antioquia',
  'S_C_ID' => '1',
  'S_CANTIDAD_ENCUESTAS' => '10',
  'S_ACTIVO' => '1',
  'S_LOGO' => '7',
  'S_MUESTRA_VIDEO' => '0',
) 
2015-01-21 14:10:39 --> se va a extraer informacion del area  
2015-01-21 14:10:39 --> la informacion del area es array (
  'AR_ID' => '2',
  'AR_NOMBRE' => 'APORTES',
  'AR_DESCRIPCION' => 'Pensiones Incapacidades Cesantias Cartas FNA',
  'AR_C_ID' => '1',
  'AR_ACTIVO' => '1',
  'AR_ALIAS' => 'A',
  'AR_MOSTRAR_NOMBRE_PANTALLA' => '0',
) 
2015-01-21 14:10:39 --> se va a crear el turno 
2015-01-21 14:10:39 --> se creo el turno 3 del area A 

2015-01-21 14:14:25 --> get_areas 1 
2015-01-21 14:14:25 --> buscando areas del cliente 
2015-01-21 14:14:39 --> crear el consumidor 
2015-01-21 14:14:39 --> se creo el consumidor 31690 
2015-01-21 14:14:39 --> la informacion de la sede es array (
  'S_ID' => '4',
  'S_NOMBRE' => 'OCCIDENTE',
  'S_DESCRIPCION' => 'Sedle para atender los casos de la regional occidente',
  'S_C_ID' => '1',
  'S_CANTIDAD_ENCUESTAS' => '10',
  'S_ACTIVO' => '1',
  'S_LOGO' => '7',
  'S_MUESTRA_VIDEO' => '1',
) 
2015-01-21 14:14:39 --> se va a extraer informacion del area  
2015-01-21 14:14:39 --> la informacion del area es array (
  'AR_ID' => '2',
  'AR_NOMBRE' => 'APORTES',
  'AR_DESCRIPCION' => 'Pensiones Incapacidades Cesantias Cartas FNA',
  'AR_C_ID' => '1',
  'AR_ACTIVO' => '1',
  'AR_ALIAS' => 'A',
  'AR_MOSTRAR_NOMBRE_PANTALLA' => '0',
) 
2015-01-21 14:14:39 --> se va a crear el turno 
2015-01-21 14:14:39 --> se creo el turno 4 del area A 

2015-01-21 14:30:22 --> get_areas 1 
2015-01-21 14:30:22 --> buscando areas del cliente 
2015-01-21 14:30:36 --> crear el consumidor 
2015-01-21 14:30:36 --> se creo el consumidor 31697 
2015-01-21 14:30:36 --> la informacion de la sede es array (
  'S_ID' => '4',
  'S_NOMBRE' => 'OCCIDENTE',
  'S_DESCRIPCION' => 'Sedle para atender los casos de la regional occidente',
  'S_C_ID' => '1',
  'S_CANTIDAD_ENCUESTAS' => '10',
  'S_ACTIVO' => '1',
  'S_LOGO' => '7',
  'S_MUESTRA_VIDEO' => '1',
) 
2015-01-21 14:30:36 --> se va a extraer informacion del area  
2015-01-21 14:30:36 --> la informacion del area es array (
  'AR_ID' => '2',
  'AR_NOMBRE' => 'APORTES',
  'AR_DESCRIPCION' => 'Pensiones Incapacidades Cesantias Cartas FNA',
  'AR_C_ID' => '1',
  'AR_ACTIVO' => '1',
  'AR_ALIAS' => 'A',
  'AR_MOSTRAR_NOMBRE_PANTALLA' => '0',
) 
2015-01-21 14:30:36 --> se va a crear el turno 
2015-01-21 14:30:36 --> se creo el turno 5 del area A 

2015-01-21 14:44:06 --> get_areas 1 
2015-01-21 14:44:06 --> buscando areas del cliente 
2015-01-21 14:44:20 --> crear el consumidor 
2015-01-21 14:44:20 --> se creo el consumidor 31702 
2015-01-21 14:44:20 --> la informacion de la sede es array (
  'S_ID' => '4',
  'S_NOMBRE' => 'OCCIDENTE',
  'S_DESCRIPCION' => 'Sedle para atender los casos de la regional occidente',
  'S_C_ID' => '1',
  'S_CANTIDAD_ENCUESTAS' => '10',
  'S_ACTIVO' => '1',
  'S_LOGO' => '7',
  'S_MUESTRA_VIDEO' => '1',
) 
2015-01-21 14:44:20 --> se va a extraer informacion del area  
2015-01-21 14:44:20 --> la informacion del area es array (
  'AR_ID' => '5',
  'AR_NOMBRE' => 'OTROS',
  'AR_DESCRIPCION' => 'Otros',
  'AR_C_ID' => '1',
  'AR_ACTIVO' => '1',
  'AR_ALIAS' => 'O',
  'AR_MOSTRAR_NOMBRE_PANTALLA' => '0',
) 
2015-01-21 14:44:20 --> se va a crear el turno 
2015-01-21 14:44:20 --> se creo el turno 8 del area O 

2015-01-21 14:52:34 --> get_areas 1 
2015-01-21 14:52:34 --> buscando areas del cliente 

2015-01-21 14:53:56 --> get_areas 1 
2015-01-21 14:53:56 --> buscando areas del cliente 

2015-01-21 15:00:30 --> get_areas 1 
2015-01-21 15:00:30 --> buscando areas del cliente 
2015-01-21 15:00:45 --> crear el consumidor 
2015-01-21 15:00:45 --> se creo el consumidor 31704 
2015-01-21 15:00:45 --> la informacion de la sede es array (
  'S_ID' => '4',
  'S_NOMBRE' => 'OCCIDENTE',
  'S_DESCRIPCION' => 'Sedle para atender los casos de la regional occidente',
  'S_C_ID' => '1',
  'S_CANTIDAD_ENCUESTAS' => '10',
  'S_ACTIVO' => '1',
  'S_LOGO' => '7',
  'S_MUESTRA_VIDEO' => '1',
) 
2015-01-21 15:00:45 --> se va a extraer informacion del area  
2015-01-21 15:00:45 --> la informacion del area es array (
  'AR_ID' => '5',
  'AR_NOMBRE' => 'OTROS',
  'AR_DESCRIPCION' => 'Otros',
  'AR_C_ID' => '1',
  'AR_ACTIVO' => '1',
  'AR_ALIAS' => 'O',
  'AR_MOSTRAR_NOMBRE_PANTALLA' => '0',
) 
2015-01-21 15:00:45 --> se va a crear el turno 
2015-01-21 15:00:45 --> se creo el turno 9 del area O 

2015-01-21 15:03:29 --> get_areas 1 
2015-01-21 15:03:29 --> buscando areas del cliente 
2015-01-21 15:03:43 --> crear el consumidor 
2015-01-21 15:03:43 --> se creo el consumidor 31706 
2015-01-21 15:03:43 --> la informacion de la sede es array (
  'S_ID' => '4',
  'S_NOMBRE' => 'OCCIDENTE',
  'S_DESCRIPCION' => 'Sedle para atender los casos de la regional occidente',
  'S_C_ID' => '1',
  'S_CANTIDAD_ENCUESTAS' => '10',
  'S_ACTIVO' => '1',
  'S_LOGO' => '7',
  'S_MUESTRA_VIDEO' => '1',
) 
2015-01-21 15:03:43 --> se va a extraer informacion del area  
2015-01-21 15:03:43 --> la informacion del area es array (
  'AR_ID' => '5',
  'AR_NOMBRE' => 'OTROS',
  'AR_DESCRIPCION' => 'Otros',
  'AR_C_ID' => '1',
  'AR_ACTIVO' => '1',
  'AR_ALIAS' => 'O',
  'AR_MOSTRAR_NOMBRE_PANTALLA' => '0',
) 
2015-01-21 15:03:43 --> se va a crear el turno 
2015-01-21 15:03:43 --> se creo el turno 10 del area O 

2015-01-21 15:04:32 --> get_areas 1 
2015-01-21 15:04:32 --> buscando areas del cliente 
2015-01-21 15:04:59 --> crear el consumidor 
2015-01-21 15:04:59 --> se creo el consumidor 31707 
2015-01-21 15:04:59 --> la informacion de la sede es array (
  'S_ID' => '4',
  'S_NOMBRE' => 'OCCIDENTE',
  'S_DESCRIPCION' => 'Sedle para atender los casos de la regional occidente',
  'S_C_ID' => '1',
  'S_CANTIDAD_ENCUESTAS' => '10',
  'S_ACTIVO' => '1',
  'S_LOGO' => '7',
  'S_MUESTRA_VIDEO' => '1',
) 
2015-01-21 15:04:59 --> se va a extraer informacion del area  
2015-01-21 15:04:59 --> la informacion del area es array (
  'AR_ID' => '5',
  'AR_NOMBRE' => 'OTROS',
  'AR_DESCRIPCION' => 'Otros',
  'AR_C_ID' => '1',
  'AR_ACTIVO' => '1',
  'AR_ALIAS' => 'O',
  'AR_MOSTRAR_NOMBRE_PANTALLA' => '0',
) 
2015-01-21 15:04:59 --> se va a crear el turno 
2015-01-21 15:04:59 --> se creo el turno 11 del area O 

2015-01-21 15:11:11 --> get_areas 1 
2015-01-21 15:11:11 --> buscando areas del cliente 
2015-01-21 15:11:28 --> crear el consumidor 
2015-01-21 15:11:28 --> se creo el consumidor 31712 
2015-01-21 15:11:28 --> la informacion de la sede es array (
  'S_ID' => '4',
  'S_NOMBRE' => 'OCCIDENTE',
  'S_DESCRIPCION' => 'Sedle para atender los casos de la regional occidente',
  'S_C_ID' => '1',
  'S_CANTIDAD_ENCUESTAS' => '10',
  'S_ACTIVO' => '1',
  'S_LOGO' => '7',
  'S_MUESTRA_VIDEO' => '1',
) 
2015-01-21 15:11:28 --> se va a extraer informacion del area  
2015-01-21 15:11:28 --> la informacion del area es array (
  'AR_ID' => '2',
  'AR_NOMBRE' => 'APORTES',
  'AR_DESCRIPCION' => 'Pensiones Incapacidades Cesantias Cartas FNA',
  'AR_C_ID' => '1',
  'AR_ACTIVO' => '1',
  'AR_ALIAS' => 'A',
  'AR_MOSTRAR_NOMBRE_PANTALLA' => '0',
) 
2015-01-21 15:11:28 --> se va a crear el turno 
2015-01-21 15:11:28 --> se creo el turno 6 del area A 

2015-01-21 15:12:31 --> get_areas 1 
2015-01-21 15:12:31 --> buscando areas del cliente 
2015-01-21 15:12:39 --> crear el consumidor 
2015-01-21 15:12:39 --> se creo el consumidor 31714 
2015-01-21 15:12:39 --> la informacion de la sede es array (
  'S_ID' => '4',
  'S_NOMBRE' => 'OCCIDENTE',
  'S_DESCRIPCION' => 'Sedle para atender los casos de la regional occidente',
  'S_C_ID' => '1',
  'S_CANTIDAD_ENCUESTAS' => '10',
  'S_ACTIVO' => '1',
  'S_LOGO' => '7',
  'S_MUESTRA_VIDEO' => '1',
) 
2015-01-21 15:12:39 --> se va a extraer informacion del area  
2015-01-21 15:12:39 --> la informacion del area es array (
  'AR_ID' => '1',
  'AR_NOMBRE' => 'GERENCIA_DEL_SERVICIO',
  'AR_DESCRIPCION' => 'Cartas punto de venta Cartas de renuncia',
  'AR_C_ID' => '1',
  'AR_ACTIVO' => '1',
  'AR_ALIAS' => 'GS',
  'AR_MOSTRAR_NOMBRE_PANTALLA' => '0',
) 
2015-01-21 15:12:39 --> se va a crear el turno 
2015-01-21 15:12:39 --> se creo el turno 4 del area GS 

2015-01-21 15:13:34 --> get_areas 1 
2015-01-21 15:13:34 --> buscando areas del cliente 
2015-01-21 15:13:47 --> crear el consumidor 
2015-01-21 15:13:47 --> se creo el consumidor 31715 
2015-01-21 15:13:47 --> la informacion de la sede es array (
  'S_ID' => '4',
  'S_NOMBRE' => 'OCCIDENTE',
  'S_DESCRIPCION' => 'Sedle para atender los casos de la regional occidente',
  'S_C_ID' => '1',
  'S_CANTIDAD_ENCUESTAS' => '10',
  'S_ACTIVO' => '1',
  'S_LOGO' => '7',
  'S_MUESTRA_VIDEO' => '1',
) 
2015-01-21 15:13:47 --> se va a extraer informacion del area  
2015-01-21 15:13:47 --> la informacion del area es array (
  'AR_ID' => '3',
  'AR_NOMBRE' => 'SEGUIMIENTO_AL_SERVICIO',
  'AR_DESCRIPCION' => 'SQR certificados especiales claves portal web',
  'AR_C_ID' => '1',
  'AR_ACTIVO' => '1',
  'AR_ALIAS' => 'SAS',
  'AR_MOSTRAR_NOMBRE_PANTALLA' => '0',
) 
2015-01-21 15:13:47 --> se va a crear el turno 
2015-01-21 15:13:47 --> se creo el turno 2 del area SAS 

2015-01-21 15:14:34 --> get_areas 1 
2015-01-21 15:14:34 --> buscando areas del cliente 
2015-01-21 15:14:40 --> crear el consumidor 
2015-01-21 15:14:40 --> se creo el consumidor 31716 
2015-01-21 15:14:40 --> la informacion de la sede es array (
  'S_ID' => '4',
  'S_NOMBRE' => 'OCCIDENTE',
  'S_DESCRIPCION' => 'Sedle para atender los casos de la regional occidente',
  'S_C_ID' => '1',
  'S_CANTIDAD_ENCUESTAS' => '10',
  'S_ACTIVO' => '1',
  'S_LOGO' => '7',
  'S_MUESTRA_VIDEO' => '1',
) 
2015-01-21 15:14:40 --> se va a extraer informacion del area  
2015-01-21 15:14:40 --> la informacion del area es array (
  'AR_ID' => '8',
  'AR_NOMBRE' => 'COMPENSACION_SALARIAL',
  'AR_DESCRIPCION' => 'Informacion pago nomina y liquidaciones',
  'AR_C_ID' => '1',
  'AR_ACTIVO' => '1',
  'AR_ALIAS' => 'CS',
  'AR_MOSTRAR_NOMBRE_PANTALLA' => '0',
) 
2015-01-21 15:14:40 --> se va a crear el turno 
2015-01-21 15:14:40 --> se creo el turno 6 del area CS 

2015-01-21 15:15:06 --> get_areas 1 
2015-01-21 15:15:06 --> buscando areas del cliente 
2015-01-21 15:15:26 --> crear el consumidor 
2015-01-21 15:15:26 --> se creo el consumidor 31717 
2015-01-21 15:15:26 --> la informacion de la sede es array (
  'S_ID' => '2',
  'S_NOMBRE' => 'CENTRO',
  'S_DESCRIPCION' => 'Sede para atender los casos de la regional centro',
  'S_C_ID' => '1',
  'S_CANTIDAD_ENCUESTAS' => '10',
  'S_ACTIVO' => '1',
  'S_LOGO' => '7',
  'S_MUESTRA_VIDEO' => '0',
) 
2015-01-21 15:15:26 --> se va a extraer informacion del area  
2015-01-21 15:15:26 --> la informacion del area es array (
  'AR_ID' => '5',
  'AR_NOMBRE' => 'OTROS',
  'AR_DESCRIPCION' => 'Otros',
  'AR_C_ID' => '1',
  'AR_ACTIVO' => '1',
  'AR_ALIAS' => 'O',
  'AR_MOSTRAR_NOMBRE_PANTALLA' => '0',
) 
2015-01-21 15:15:26 --> se va a crear el turno 
2015-01-21 15:15:26 --> se creo el turno 2 del area O 

2015-01-21 15:20:04 --> get_areas 1 
2015-01-21 15:20:04 --> buscando areas del cliente 
2015-01-21 15:20:14 --> crear el consumidor 
2015-01-21 15:20:14 --> se creo el consumidor 31720 
2015-01-21 15:20:14 --> la informacion de la sede es array (
  'S_ID' => '1',
  'S_NOMBRE' => 'ANTIOQUIA',
  'S_DESCRIPCION' => 'Sede para atender los casos de la regional antioquia',
  'S_C_ID' => '1',
  'S_CANTIDAD_ENCUESTAS' => '10',
  'S_ACTIVO' => '1',
  'S_LOGO' => '7',
  'S_MUESTRA_VIDEO' => '0',
) 
2015-01-21 15:20:14 --> se va a extraer informacion del area  
2015-01-21 15:20:14 --> la informacion del area es array (
  'AR_ID' => '2',
  'AR_NOMBRE' => 'APORTES',
  'AR_DESCRIPCION' => 'Pensiones Incapacidades Cesantias Cartas FNA',
  'AR_C_ID' => '1',
  'AR_ACTIVO' => '1',
  'AR_ALIAS' => 'A',
  'AR_MOSTRAR_NOMBRE_PANTALLA' => '0',
) 
2015-01-21 15:20:14 --> se va a crear el turno 
2015-01-21 15:20:14 --> se creo el turno 4 del area A 

2015-01-21 15:21:11 --> get_areas 1 
2015-01-21 15:21:11 --> buscando areas del cliente 
2015-01-21 15:21:25 --> crear el consumidor 
2015-01-21 15:21:25 --> se creo el consumidor 31721 
2015-01-21 15:21:25 --> la informacion de la sede es array (
  'S_ID' => '4',
  'S_NOMBRE' => 'OCCIDENTE',
  'S_DESCRIPCION' => 'Sedle para atender los casos de la regional occidente',
  'S_C_ID' => '1',
  'S_CANTIDAD_ENCUESTAS' => '10',
  'S_ACTIVO' => '1',
  'S_LOGO' => '7',
  'S_MUESTRA_VIDEO' => '1',
) 
2015-01-21 15:21:25 --> se va a extraer informacion del area  
2015-01-21 15:21:25 --> la informacion del area es array (
  'AR_ID' => '5',
  'AR_NOMBRE' => 'OTROS',
  'AR_DESCRIPCION' => 'Otros',
  'AR_C_ID' => '1',
  'AR_ACTIVO' => '1',
  'AR_ALIAS' => 'O',
  'AR_MOSTRAR_NOMBRE_PANTALLA' => '0',
) 
2015-01-21 15:21:25 --> se va a crear el turno 
2015-01-21 15:21:25 --> se creo el turno 12 del area O 

2015-01-21 15:27:42 --> get_areas 1 
2015-01-21 15:27:42 --> buscando areas del cliente 
2015-01-21 15:28:02 --> crear el consumidor 
2015-01-21 15:28:02 --> se creo el consumidor 31723 
2015-01-21 15:28:02 --> la informacion de la sede es array (
  'S_ID' => '4',
  'S_NOMBRE' => 'OCCIDENTE',
  'S_DESCRIPCION' => 'Sedle para atender los casos de la regional occidente',
  'S_C_ID' => '1',
  'S_CANTIDAD_ENCUESTAS' => '10',
  'S_ACTIVO' => '1',
  'S_LOGO' => '7',
  'S_MUESTRA_VIDEO' => '1',
) 
2015-01-21 15:28:02 --> se va a extraer informacion del area  
2015-01-21 15:28:02 --> la informacion del area es array (
  'AR_ID' => '5',
  'AR_NOMBRE' => 'OTROS',
  'AR_DESCRIPCION' => 'Otros',
  'AR_C_ID' => '1',
  'AR_ACTIVO' => '1',
  'AR_ALIAS' => 'O',
  'AR_MOSTRAR_NOMBRE_PANTALLA' => '0',
) 
2015-01-21 15:28:02 --> se va a crear el turno 
2015-01-21 15:28:02 --> se creo el turno 13 del area O 

2015-01-21 16:00:24 --> get_areas 1 
2015-01-21 16:00:24 --> buscando areas del cliente 
2015-01-21 16:00:46 --> crear el consumidor 
2015-01-21 16:00:46 --> se creo el consumidor 31728 
2015-01-21 16:00:46 --> la informacion de la sede es array (
  'S_ID' => '4',
  'S_NOMBRE' => 'OCCIDENTE',
  'S_DESCRIPCION' => 'Sedle para atender los casos de la regional occidente',
  'S_C_ID' => '1',
  'S_CANTIDAD_ENCUESTAS' => '10',
  'S_ACTIVO' => '1',
  'S_LOGO' => '7',
  'S_MUESTRA_VIDEO' => '1',
) 
2015-01-21 16:00:46 --> se va a extraer informacion del area  
2015-01-21 16:00:46 --> la informacion del area es array (
  'AR_ID' => '5',
  'AR_NOMBRE' => 'OTROS',
  'AR_DESCRIPCION' => 'Otros',
  'AR_C_ID' => '1',
  'AR_ACTIVO' => '1',
  'AR_ALIAS' => 'O',
  'AR_MOSTRAR_NOMBRE_PANTALLA' => '0',
) 
2015-01-21 16:00:46 --> se va a crear el turno 
2015-01-21 16:00:46 --> se creo el turno 14 del area O 

2015-01-21 16:15:24 --> get_areas 1 
2015-01-21 16:15:24 --> buscando areas del cliente 
2015-01-21 16:15:48 --> crear el consumidor 
2015-01-21 16:15:48 --> se creo el consumidor 31730 
2015-01-21 16:15:48 --> la informacion de la sede es array (
  'S_ID' => '4',
  'S_NOMBRE' => 'OCCIDENTE',
  'S_DESCRIPCION' => 'Sedle para atender los casos de la regional occidente',
  'S_C_ID' => '1',
  'S_CANTIDAD_ENCUESTAS' => '10',
  'S_ACTIVO' => '1',
  'S_LOGO' => '7',
  'S_MUESTRA_VIDEO' => '1',
) 
2015-01-21 16:15:48 --> se va a extraer informacion del area  
2015-01-21 16:15:48 --> la informacion del area es array (
  'AR_ID' => '5',
  'AR_NOMBRE' => 'OTROS',
  'AR_DESCRIPCION' => 'Otros',
  'AR_C_ID' => '1',
  'AR_ACTIVO' => '1',
  'AR_ALIAS' => 'O',
  'AR_MOSTRAR_NOMBRE_PANTALLA' => '0',
) 
2015-01-21 16:15:48 --> se va a crear el turno 
2015-01-21 16:15:48 --> se creo el turno 15 del area O 

2015-01-21 17:43:37 --> get_areas 1 
2015-01-21 17:43:37 --> buscando areas del cliente 
2015-01-21 17:43:44 --> crear el consumidor 
2015-01-21 17:43:44 --> se creo el consumidor 31745 
2015-01-21 17:43:44 --> la informacion de la sede es array (
  'S_ID' => '4',
  'S_NOMBRE' => 'OCCIDENTE',
  'S_DESCRIPCION' => 'Sedle para atender los casos de la regional occidente',
  'S_C_ID' => '1',
  'S_CANTIDAD_ENCUESTAS' => '10',
  'S_ACTIVO' => '1',
  'S_LOGO' => '7',
  'S_MUESTRA_VIDEO' => '1',
) 
2015-01-21 17:43:44 --> se va a extraer informacion del area  
2015-01-21 17:43:44 --> la informacion del area es array (
  'AR_ID' => '1',
  'AR_NOMBRE' => 'GERENCIA_DEL_SERVICIO',
  'AR_DESCRIPCION' => 'Cartas punto de venta Cartas de renuncia',
  'AR_C_ID' => '1',
  'AR_ACTIVO' => '1',
  'AR_ALIAS' => 'GS',
  'AR_MOSTRAR_NOMBRE_PANTALLA' => '0',
) 
2015-01-21 17:43:44 --> se va a crear el turno 
2015-01-21 17:43:44 --> se creo el turno 5 del area GS 

2015-01-21 17:57:37 --> get_areas 1 
2015-01-21 17:57:37 --> buscando areas del cliente 
2015-01-21 17:57:58 --> crear el consumidor 
2015-01-21 17:57:58 --> se creo el consumidor 31747 
2015-01-21 17:57:58 --> la informacion de la sede es array (
  'S_ID' => '4',
  'S_NOMBRE' => 'OCCIDENTE',
  'S_DESCRIPCION' => 'Sedle para atender los casos de la regional occidente',
  'S_C_ID' => '1',
  'S_CANTIDAD_ENCUESTAS' => '10',
  'S_ACTIVO' => '1',
  'S_LOGO' => '7',
  'S_MUESTRA_VIDEO' => '1',
) 
2015-01-21 17:57:58 --> se va a extraer informacion del area  
2015-01-21 17:57:58 --> la informacion del area es array (
  'AR_ID' => '5',
  'AR_NOMBRE' => 'OTROS',
  'AR_DESCRIPCION' => 'Otros',
  'AR_C_ID' => '1',
  'AR_ACTIVO' => '1',
  'AR_ALIAS' => 'O',
  'AR_MOSTRAR_NOMBRE_PANTALLA' => '0',
) 
2015-01-21 17:57:58 --> se va a crear el turno 
2015-01-21 17:57:58 --> se creo el turno 16 del area O 

2015-01-21 21:23:46 --> get_areas 1 
2015-01-21 21:23:46 --> buscando areas del cliente 
2015-01-21 21:23:55 --> crear el consumidor 
2015-01-21 21:23:55 --> se creo el consumidor 31748 
2015-01-21 21:23:55 --> la informacion de la sede es array (
  'S_ID' => '4',
  'S_NOMBRE' => 'OCCIDENTE',
  'S_DESCRIPCION' => 'Sedle para atender los casos de la regional occidente',
  'S_C_ID' => '1',
  'S_CANTIDAD_ENCUESTAS' => '10',
  'S_ACTIVO' => '1',
  'S_LOGO' => '7',
  'S_MUESTRA_VIDEO' => '1',
) 
2015-01-21 21:23:55 --> se va a extraer informacion del area  
2015-01-21 21:23:55 --> la informacion del area es array (
  'AR_ID' => '1',
  'AR_NOMBRE' => 'GERENCIA_DEL_SERVICIO',
  'AR_DESCRIPCION' => 'Cartas punto de venta Cartas de renuncia',
  'AR_C_ID' => '1',
  'AR_ACTIVO' => '1',
  'AR_ALIAS' => 'GS',
  'AR_MOSTRAR_NOMBRE_PANTALLA' => '0',
) 
2015-01-21 21:23:55 --> se va a crear el turno 
2015-01-21 21:23:55 --> se creo el turno 6 del area GS 
