
2015-01-09 08:07:46 --> get_areas 1 
2015-01-09 08:07:46 --> buscando areas del cliente 
2015-01-09 08:07:53 --> crear el consumidor 
2015-01-09 08:07:53 --> se creo el consumidor 29811 
2015-01-09 08:07:53 --> la informacion de la sede es array (
  'S_ID' => '4',
  'S_NOMBRE' => 'OCCIDENTE',
  'S_DESCRIPCION' => 'Sedle para atender los casos de la regional occidente',
  'S_C_ID' => '1',
  'S_CANTIDAD_ENCUESTAS' => '10',
  'S_ACTIVO' => '1',
  'S_LOGO' => '7',
  'S_MUESTRA_VIDEO' => '1',
) 
2015-01-09 08:07:53 --> se va a extraer informacion del area  
2015-01-09 08:07:53 --> la informacion del area es array (
  'AR_ID' => '1',
  'AR_NOMBRE' => 'GERENCIA_DEL_SERVICIO',
  'AR_DESCRIPCION' => 'Cartas punto de venta Cartas de renuncia',
  'AR_C_ID' => '1',
  'AR_ACTIVO' => '1',
  'AR_ALIAS' => 'GS',
  'AR_MOSTRAR_NOMBRE_PANTALLA' => '0',
) 
2015-01-09 08:07:53 --> se va a crear el turno 
2015-01-09 08:07:53 --> se creo el turno 1 del area GS 

2015-01-09 08:08:30 --> get_areas 1 
2015-01-09 08:08:30 --> buscando areas del cliente 
2015-01-09 08:08:33 --> crear el consumidor 
2015-01-09 08:08:33 --> se creo el consumidor 29812 
2015-01-09 08:08:33 --> la informacion de la sede es array (
  'S_ID' => '4',
  'S_NOMBRE' => 'OCCIDENTE',
  'S_DESCRIPCION' => 'Sedle para atender los casos de la regional occidente',
  'S_C_ID' => '1',
  'S_CANTIDAD_ENCUESTAS' => '10',
  'S_ACTIVO' => '1',
  'S_LOGO' => '7',
  'S_MUESTRA_VIDEO' => '1',
) 
2015-01-09 08:08:33 --> se va a extraer informacion del area  
2015-01-09 08:08:33 --> la informacion del area es array (
  'AR_ID' => '1',
  'AR_NOMBRE' => 'GERENCIA_DEL_SERVICIO',
  'AR_DESCRIPCION' => 'Cartas punto de venta Cartas de renuncia',
  'AR_C_ID' => '1',
  'AR_ACTIVO' => '1',
  'AR_ALIAS' => 'GS',
  'AR_MOSTRAR_NOMBRE_PANTALLA' => '0',
) 
2015-01-09 08:08:33 --> se va a crear el turno 
2015-01-09 08:08:33 --> se creo el turno 2 del area GS 

2015-01-09 08:11:08 --> get_areas 1 
2015-01-09 08:11:08 --> buscando areas del cliente 
2015-01-09 08:11:52 --> crear el consumidor 
2015-01-09 08:11:52 --> se creo el consumidor 29813 
2015-01-09 08:11:52 --> la informacion de la sede es array (
  'S_ID' => '4',
  'S_NOMBRE' => 'OCCIDENTE',
  'S_DESCRIPCION' => 'Sedle para atender los casos de la regional occidente',
  'S_C_ID' => '1',
  'S_CANTIDAD_ENCUESTAS' => '10',
  'S_ACTIVO' => '1',
  'S_LOGO' => '7',
  'S_MUESTRA_VIDEO' => '1',
) 
2015-01-09 08:11:52 --> se va a extraer informacion del area  
2015-01-09 08:11:52 --> la informacion del area es array (
  'AR_ID' => '1',
  'AR_NOMBRE' => 'GERENCIA_DEL_SERVICIO',
  'AR_DESCRIPCION' => 'Cartas punto de venta Cartas de renuncia',
  'AR_C_ID' => '1',
  'AR_ACTIVO' => '1',
  'AR_ALIAS' => 'GS',
  'AR_MOSTRAR_NOMBRE_PANTALLA' => '0',
) 
2015-01-09 08:11:52 --> se va a crear el turno 
2015-01-09 08:11:52 --> se creo el turno 3 del area GS 

2015-01-09 08:12:38 --> get_areas 1 
2015-01-09 08:12:38 --> buscando areas del cliente 
2015-01-09 08:12:45 --> crear el consumidor 
2015-01-09 08:12:45 --> se creo el consumidor 29814 
2015-01-09 08:12:45 --> la informacion de la sede es array (
  'S_ID' => '4',
  'S_NOMBRE' => 'OCCIDENTE',
  'S_DESCRIPCION' => 'Sedle para atender los casos de la regional occidente',
  'S_C_ID' => '1',
  'S_CANTIDAD_ENCUESTAS' => '10',
  'S_ACTIVO' => '1',
  'S_LOGO' => '7',
  'S_MUESTRA_VIDEO' => '1',
) 
2015-01-09 08:12:45 --> se va a extraer informacion del area  
2015-01-09 08:12:45 --> la informacion del area es array (
  'AR_ID' => '5',
  'AR_NOMBRE' => 'OTROS',
  'AR_DESCRIPCION' => 'Otros',
  'AR_C_ID' => '1',
  'AR_ACTIVO' => '1',
  'AR_ALIAS' => 'O',
  'AR_MOSTRAR_NOMBRE_PANTALLA' => '0',
) 
2015-01-09 08:12:45 --> se va a crear el turno 
2015-01-09 08:12:45 --> se creo el turno 1 del area O 

2015-01-09 08:42:55 --> get_areas 1 
2015-01-09 08:42:55 --> buscando areas del cliente 
2015-01-09 08:43:01 --> crear el consumidor 
2015-01-09 08:43:01 --> se creo el consumidor 29825 
2015-01-09 08:43:01 --> la informacion de la sede es array (
  'S_ID' => '1',
  'S_NOMBRE' => 'ANTIOQUIA',
  'S_DESCRIPCION' => 'Sede para atender los casos de la regional antioquia',
  'S_C_ID' => '1',
  'S_CANTIDAD_ENCUESTAS' => '10',
  'S_ACTIVO' => '1',
  'S_LOGO' => '7',
  'S_MUESTRA_VIDEO' => '0',
) 
2015-01-09 08:43:01 --> se va a extraer informacion del area  
2015-01-09 08:43:01 --> la informacion del area es array (
  'AR_ID' => '1',
  'AR_NOMBRE' => 'GERENCIA_DEL_SERVICIO',
  'AR_DESCRIPCION' => 'Cartas punto de venta Cartas de renuncia',
  'AR_C_ID' => '1',
  'AR_ACTIVO' => '1',
  'AR_ALIAS' => 'GS',
  'AR_MOSTRAR_NOMBRE_PANTALLA' => '0',
) 
2015-01-09 08:43:01 --> se va a crear el turno 
2015-01-09 08:43:01 --> se creo el turno 1 del area GS 

2015-01-09 08:54:38 --> get_areas 1 
2015-01-09 08:54:38 --> buscando areas del cliente 
2015-01-09 08:54:56 --> crear el consumidor 
2015-01-09 08:54:56 --> se creo el consumidor 29829 
2015-01-09 08:54:56 --> la informacion de la sede es array (
  'S_ID' => '4',
  'S_NOMBRE' => 'OCCIDENTE',
  'S_DESCRIPCION' => 'Sedle para atender los casos de la regional occidente',
  'S_C_ID' => '1',
  'S_CANTIDAD_ENCUESTAS' => '10',
  'S_ACTIVO' => '1',
  'S_LOGO' => '7',
  'S_MUESTRA_VIDEO' => '1',
) 
2015-01-09 08:54:56 --> se va a extraer informacion del area  
2015-01-09 08:54:56 --> la informacion del area es array (
  'AR_ID' => '2',
  'AR_NOMBRE' => 'APORTES',
  'AR_DESCRIPCION' => 'Pensiones Incapacidades Cesantias Cartas FNA',
  'AR_C_ID' => '1',
  'AR_ACTIVO' => '1',
  'AR_ALIAS' => 'A',
  'AR_MOSTRAR_NOMBRE_PANTALLA' => '0',
) 
2015-01-09 08:54:56 --> se va a crear el turno 
2015-01-09 08:54:56 --> se creo el turno 1 del area A 

2015-01-09 08:56:15 --> get_areas 1 
2015-01-09 08:56:15 --> buscando areas del cliente 
2015-01-09 08:56:40 --> crear el consumidor 
2015-01-09 08:56:40 --> se creo el consumidor 29831 
2015-01-09 08:56:40 --> la informacion de la sede es array (
  'S_ID' => '4',
  'S_NOMBRE' => 'OCCIDENTE',
  'S_DESCRIPCION' => 'Sedle para atender los casos de la regional occidente',
  'S_C_ID' => '1',
  'S_CANTIDAD_ENCUESTAS' => '10',
  'S_ACTIVO' => '1',
  'S_LOGO' => '7',
  'S_MUESTRA_VIDEO' => '1',
) 
2015-01-09 08:56:40 --> se va a extraer informacion del area  
2015-01-09 08:56:40 --> la informacion del area es array (
  'AR_ID' => '2',
  'AR_NOMBRE' => 'APORTES',
  'AR_DESCRIPCION' => 'Pensiones Incapacidades Cesantias Cartas FNA',
  'AR_C_ID' => '1',
  'AR_ACTIVO' => '1',
  'AR_ALIAS' => 'A',
  'AR_MOSTRAR_NOMBRE_PANTALLA' => '0',
) 
2015-01-09 08:56:40 --> se va a crear el turno 
2015-01-09 08:56:40 --> se creo el turno 2 del area A 

2015-01-09 08:57:52 --> get_areas 1 
2015-01-09 08:57:52 --> buscando areas del cliente 
2015-01-09 08:58:10 --> crear el consumidor 
2015-01-09 08:58:10 --> se creo el consumidor 29832 
2015-01-09 08:58:10 --> la informacion de la sede es array (
  'S_ID' => '4',
  'S_NOMBRE' => 'OCCIDENTE',
  'S_DESCRIPCION' => 'Sedle para atender los casos de la regional occidente',
  'S_C_ID' => '1',
  'S_CANTIDAD_ENCUESTAS' => '10',
  'S_ACTIVO' => '1',
  'S_LOGO' => '7',
  'S_MUESTRA_VIDEO' => '1',
) 
2015-01-09 08:58:10 --> se va a extraer informacion del area  
2015-01-09 08:58:10 --> la informacion del area es array (
  'AR_ID' => '1',
  'AR_NOMBRE' => 'GERENCIA_DEL_SERVICIO',
  'AR_DESCRIPCION' => 'Cartas punto de venta Cartas de renuncia',
  'AR_C_ID' => '1',
  'AR_ACTIVO' => '1',
  'AR_ALIAS' => 'GS',
  'AR_MOSTRAR_NOMBRE_PANTALLA' => '0',
) 
2015-01-09 08:58:10 --> se va a crear el turno 
2015-01-09 08:58:10 --> se creo el turno 4 del area GS 

2015-01-09 09:10:20 --> get_areas 1 
2015-01-09 09:10:20 --> buscando areas del cliente 
2015-01-09 09:10:27 --> crear el consumidor 
2015-01-09 09:10:27 --> se creo el consumidor 29836 
2015-01-09 09:10:27 --> la informacion de la sede es array (
  'S_ID' => '1',
  'S_NOMBRE' => 'ANTIOQUIA',
  'S_DESCRIPCION' => 'Sede para atender los casos de la regional antioquia',
  'S_C_ID' => '1',
  'S_CANTIDAD_ENCUESTAS' => '10',
  'S_ACTIVO' => '1',
  'S_LOGO' => '7',
  'S_MUESTRA_VIDEO' => '0',
) 
2015-01-09 09:10:27 --> se va a extraer informacion del area  
2015-01-09 09:10:27 --> la informacion del area es array (
  'AR_ID' => '8',
  'AR_NOMBRE' => 'COMPENSACION_SALARIAL',
  'AR_DESCRIPCION' => 'Informacion pago nomina y liquidaciones',
  'AR_C_ID' => '1',
  'AR_ACTIVO' => '1',
  'AR_ALIAS' => 'CS',
  'AR_MOSTRAR_NOMBRE_PANTALLA' => '0',
) 
2015-01-09 09:10:27 --> se va a crear el turno 
2015-01-09 09:10:27 --> se creo el turno 1 del area CS 

2015-01-09 09:13:02 --> get_areas 1 
2015-01-09 09:13:02 --> buscando areas del cliente 
2015-01-09 09:13:10 --> crear el consumidor 
2015-01-09 09:13:10 --> se creo el consumidor 0 
2015-01-09 09:13:10 --> la informacion de la sede es array (
  'S_ID' => '1',
  'S_NOMBRE' => 'ANTIOQUIA',
  'S_DESCRIPCION' => 'Sede para atender los casos de la regional antioquia',
  'S_C_ID' => '1',
  'S_CANTIDAD_ENCUESTAS' => '10',
  'S_ACTIVO' => '1',
  'S_LOGO' => '7',
  'S_MUESTRA_VIDEO' => '0',
) 
2015-01-09 09:13:10 --> se va a extraer informacion del area  
2015-01-09 09:13:10 --> la informacion del area es array (
  'AR_ID' => '1',
  'AR_NOMBRE' => 'GERENCIA_DEL_SERVICIO',
  'AR_DESCRIPCION' => 'Cartas punto de venta Cartas de renuncia',
  'AR_C_ID' => '1',
  'AR_ACTIVO' => '1',
  'AR_ALIAS' => 'GS',
  'AR_MOSTRAR_NOMBRE_PANTALLA' => '0',
) 
2015-01-09 09:13:10 --> se va a crear el turno 
2015-01-09 09:13:10 --> se creo el turno 2 del area GS 

2015-01-09 09:13:25 --> get_areas 1 
2015-01-09 09:13:25 --> buscando areas del cliente 
2015-01-09 09:13:36 --> crear el consumidor 
2015-01-09 09:13:36 --> se creo el consumidor 29838 
2015-01-09 09:13:36 --> la informacion de la sede es array (
  'S_ID' => '4',
  'S_NOMBRE' => 'OCCIDENTE',
  'S_DESCRIPCION' => 'Sedle para atender los casos de la regional occidente',
  'S_C_ID' => '1',
  'S_CANTIDAD_ENCUESTAS' => '10',
  'S_ACTIVO' => '1',
  'S_LOGO' => '7',
  'S_MUESTRA_VIDEO' => '1',
) 
2015-01-09 09:13:36 --> se va a extraer informacion del area  
2015-01-09 09:13:36 --> la informacion del area es array (
  'AR_ID' => '2',
  'AR_NOMBRE' => 'APORTES',
  'AR_DESCRIPCION' => 'Pensiones Incapacidades Cesantias Cartas FNA',
  'AR_C_ID' => '1',
  'AR_ACTIVO' => '1',
  'AR_ALIAS' => 'A',
  'AR_MOSTRAR_NOMBRE_PANTALLA' => '0',
) 
2015-01-09 09:13:36 --> se va a crear el turno 
2015-01-09 09:13:36 --> se creo el turno 3 del area A 

2015-01-09 09:16:50 --> get_areas 1 
2015-01-09 09:16:50 --> buscando areas del cliente 
2015-01-09 09:17:06 --> crear el consumidor 
2015-01-09 09:17:06 --> se creo el consumidor 29843 
2015-01-09 09:17:06 --> la informacion de la sede es array (
  'S_ID' => '4',
  'S_NOMBRE' => 'OCCIDENTE',
  'S_DESCRIPCION' => 'Sedle para atender los casos de la regional occidente',
  'S_C_ID' => '1',
  'S_CANTIDAD_ENCUESTAS' => '10',
  'S_ACTIVO' => '1',
  'S_LOGO' => '7',
  'S_MUESTRA_VIDEO' => '1',
) 
2015-01-09 09:17:06 --> se va a extraer informacion del area  
2015-01-09 09:17:06 --> la informacion del area es array (
  'AR_ID' => '1',
  'AR_NOMBRE' => 'GERENCIA_DEL_SERVICIO',
  'AR_DESCRIPCION' => 'Cartas punto de venta Cartas de renuncia',
  'AR_C_ID' => '1',
  'AR_ACTIVO' => '1',
  'AR_ALIAS' => 'GS',
  'AR_MOSTRAR_NOMBRE_PANTALLA' => '0',
) 
2015-01-09 09:17:06 --> se va a crear el turno 
2015-01-09 09:17:06 --> se creo el turno 5 del area GS 

2015-01-09 09:18:31 --> get_areas 1 
2015-01-09 09:18:31 --> buscando areas del cliente 
2015-01-09 09:18:40 --> crear el consumidor 
2015-01-09 09:18:40 --> se creo el consumidor 29845 
2015-01-09 09:18:40 --> la informacion de la sede es array (
  'S_ID' => '1',
  'S_NOMBRE' => 'ANTIOQUIA',
  'S_DESCRIPCION' => 'Sede para atender los casos de la regional antioquia',
  'S_C_ID' => '1',
  'S_CANTIDAD_ENCUESTAS' => '10',
  'S_ACTIVO' => '1',
  'S_LOGO' => '7',
  'S_MUESTRA_VIDEO' => '0',
) 
2015-01-09 09:18:40 --> se va a extraer informacion del area  
2015-01-09 09:18:40 --> la informacion del area es array (
  'AR_ID' => '2',
  'AR_NOMBRE' => 'APORTES',
  'AR_DESCRIPCION' => 'Pensiones Incapacidades Cesantias Cartas FNA',
  'AR_C_ID' => '1',
  'AR_ACTIVO' => '1',
  'AR_ALIAS' => 'A',
  'AR_MOSTRAR_NOMBRE_PANTALLA' => '0',
) 
2015-01-09 09:18:40 --> se va a crear el turno 
2015-01-09 09:18:40 --> se creo el turno 1 del area A 

2015-01-09 09:20:25 --> get_areas 1 
2015-01-09 09:20:25 --> buscando areas del cliente 
2015-01-09 09:20:51 --> crear el consumidor 
2015-01-09 09:20:51 --> se creo el consumidor 29847 
2015-01-09 09:20:51 --> la informacion de la sede es array (
  'S_ID' => '4',
  'S_NOMBRE' => 'OCCIDENTE',
  'S_DESCRIPCION' => 'Sedle para atender los casos de la regional occidente',
  'S_C_ID' => '1',
  'S_CANTIDAD_ENCUESTAS' => '10',
  'S_ACTIVO' => '1',
  'S_LOGO' => '7',
  'S_MUESTRA_VIDEO' => '1',
) 
2015-01-09 09:20:51 --> se va a extraer informacion del area  
2015-01-09 09:20:51 --> la informacion del area es array (
  'AR_ID' => '5',
  'AR_NOMBRE' => 'OTROS',
  'AR_DESCRIPCION' => 'Otros',
  'AR_C_ID' => '1',
  'AR_ACTIVO' => '1',
  'AR_ALIAS' => 'O',
  'AR_MOSTRAR_NOMBRE_PANTALLA' => '0',
) 
2015-01-09 09:20:51 --> se va a crear el turno 
2015-01-09 09:20:51 --> se creo el turno 2 del area O 

2015-01-09 09:26:33 --> get_areas 1 
2015-01-09 09:26:33 --> buscando areas del cliente 

2015-01-09 09:28:11 --> get_areas 1 
2015-01-09 09:28:11 --> buscando areas del cliente 
2015-01-09 09:28:30 --> crear el consumidor 
2015-01-09 09:28:30 --> se creo el consumidor 29853 
2015-01-09 09:28:30 --> la informacion de la sede es array (
  'S_ID' => '4',
  'S_NOMBRE' => 'OCCIDENTE',
  'S_DESCRIPCION' => 'Sedle para atender los casos de la regional occidente',
  'S_C_ID' => '1',
  'S_CANTIDAD_ENCUESTAS' => '10',
  'S_ACTIVO' => '1',
  'S_LOGO' => '7',
  'S_MUESTRA_VIDEO' => '1',
) 
2015-01-09 09:28:30 --> se va a extraer informacion del area  
2015-01-09 09:28:30 --> la informacion del area es array (
  'AR_ID' => '2',
  'AR_NOMBRE' => 'APORTES',
  'AR_DESCRIPCION' => 'Pensiones Incapacidades Cesantias Cartas FNA',
  'AR_C_ID' => '1',
  'AR_ACTIVO' => '1',
  'AR_ALIAS' => 'A',
  'AR_MOSTRAR_NOMBRE_PANTALLA' => '0',
) 
2015-01-09 09:28:30 --> se va a crear el turno 
2015-01-09 09:28:30 --> se creo el turno 4 del area A 

2015-01-09 09:40:28 --> get_areas 1 
2015-01-09 09:40:28 --> buscando areas del cliente 
2015-01-09 09:40:39 --> crear el consumidor 
2015-01-09 09:40:39 --> se creo el consumidor 29860 
2015-01-09 09:40:39 --> la informacion de la sede es array (
  'S_ID' => '4',
  'S_NOMBRE' => 'OCCIDENTE',
  'S_DESCRIPCION' => 'Sedle para atender los casos de la regional occidente',
  'S_C_ID' => '1',
  'S_CANTIDAD_ENCUESTAS' => '10',
  'S_ACTIVO' => '1',
  'S_LOGO' => '7',
  'S_MUESTRA_VIDEO' => '1',
) 
2015-01-09 09:40:39 --> se va a extraer informacion del area  
2015-01-09 09:40:39 --> la informacion del area es array (
  'AR_ID' => '2',
  'AR_NOMBRE' => 'APORTES',
  'AR_DESCRIPCION' => 'Pensiones Incapacidades Cesantias Cartas FNA',
  'AR_C_ID' => '1',
  'AR_ACTIVO' => '1',
  'AR_ALIAS' => 'A',
  'AR_MOSTRAR_NOMBRE_PANTALLA' => '0',
) 
2015-01-09 09:40:39 --> se va a crear el turno 
2015-01-09 09:40:39 --> se creo el turno 5 del area A 

2015-01-09 09:41:39 --> get_areas 1 
2015-01-09 09:41:39 --> buscando areas del cliente 
2015-01-09 09:41:54 --> crear el consumidor 
2015-01-09 09:41:54 --> se creo el consumidor 29862 
2015-01-09 09:41:54 --> la informacion de la sede es array (
  'S_ID' => '4',
  'S_NOMBRE' => 'OCCIDENTE',
  'S_DESCRIPCION' => 'Sedle para atender los casos de la regional occidente',
  'S_C_ID' => '1',
  'S_CANTIDAD_ENCUESTAS' => '10',
  'S_ACTIVO' => '1',
  'S_LOGO' => '7',
  'S_MUESTRA_VIDEO' => '1',
) 
2015-01-09 09:41:54 --> se va a extraer informacion del area  
2015-01-09 09:41:54 --> la informacion del area es array (
  'AR_ID' => '5',
  'AR_NOMBRE' => 'OTROS',
  'AR_DESCRIPCION' => 'Otros',
  'AR_C_ID' => '1',
  'AR_ACTIVO' => '1',
  'AR_ALIAS' => 'O',
  'AR_MOSTRAR_NOMBRE_PANTALLA' => '0',
) 
2015-01-09 09:41:54 --> se va a crear el turno 
2015-01-09 09:41:54 --> se creo el turno 3 del area O 

2015-01-09 09:42:45 --> get_areas 1 
2015-01-09 09:42:45 --> buscando areas del cliente 

2015-01-09 09:45:05 --> get_areas 1 
2015-01-09 09:45:05 --> buscando areas del cliente 
2015-01-09 09:45:36 --> crear el consumidor 
2015-01-09 09:45:36 --> se creo el consumidor 29865 
2015-01-09 09:45:36 --> la informacion de la sede es array (
  'S_ID' => '4',
  'S_NOMBRE' => 'OCCIDENTE',
  'S_DESCRIPCION' => 'Sedle para atender los casos de la regional occidente',
  'S_C_ID' => '1',
  'S_CANTIDAD_ENCUESTAS' => '10',
  'S_ACTIVO' => '1',
  'S_LOGO' => '7',
  'S_MUESTRA_VIDEO' => '1',
) 
2015-01-09 09:45:36 --> se va a extraer informacion del area  
2015-01-09 09:45:36 --> la informacion del area es array (
  'AR_ID' => '1',
  'AR_NOMBRE' => 'GERENCIA_DEL_SERVICIO',
  'AR_DESCRIPCION' => 'Cartas punto de venta Cartas de renuncia',
  'AR_C_ID' => '1',
  'AR_ACTIVO' => '1',
  'AR_ALIAS' => 'GS',
  'AR_MOSTRAR_NOMBRE_PANTALLA' => '0',
) 
2015-01-09 09:45:36 --> se va a crear el turno 
2015-01-09 09:45:36 --> se creo el turno 6 del area GS 

2015-01-09 09:49:08 --> get_areas 1 
2015-01-09 09:49:08 --> buscando areas del cliente 
2015-01-09 09:49:31 --> crear el consumidor 
2015-01-09 09:49:31 --> se creo el consumidor 29866 
2015-01-09 09:49:31 --> la informacion de la sede es array (
  'S_ID' => '4',
  'S_NOMBRE' => 'OCCIDENTE',
  'S_DESCRIPCION' => 'Sedle para atender los casos de la regional occidente',
  'S_C_ID' => '1',
  'S_CANTIDAD_ENCUESTAS' => '10',
  'S_ACTIVO' => '1',
  'S_LOGO' => '7',
  'S_MUESTRA_VIDEO' => '1',
) 
2015-01-09 09:49:31 --> se va a extraer informacion del area  
2015-01-09 09:49:31 --> la informacion del area es array (
  'AR_ID' => '5',
  'AR_NOMBRE' => 'OTROS',
  'AR_DESCRIPCION' => 'Otros',
  'AR_C_ID' => '1',
  'AR_ACTIVO' => '1',
  'AR_ALIAS' => 'O',
  'AR_MOSTRAR_NOMBRE_PANTALLA' => '0',
) 
2015-01-09 09:49:31 --> se va a crear el turno 
2015-01-09 09:49:31 --> se creo el turno 4 del area O 

2015-01-09 09:51:10 --> get_areas 1 
2015-01-09 09:51:10 --> buscando areas del cliente 
2015-01-09 09:51:45 --> crear el consumidor 
2015-01-09 09:51:45 --> se creo el consumidor 29868 
2015-01-09 09:51:45 --> la informacion de la sede es array (
  'S_ID' => '4',
  'S_NOMBRE' => 'OCCIDENTE',
  'S_DESCRIPCION' => 'Sedle para atender los casos de la regional occidente',
  'S_C_ID' => '1',
  'S_CANTIDAD_ENCUESTAS' => '10',
  'S_ACTIVO' => '1',
  'S_LOGO' => '7',
  'S_MUESTRA_VIDEO' => '1',
) 
2015-01-09 09:51:45 --> se va a extraer informacion del area  
2015-01-09 09:51:45 --> la informacion del area es array (
  'AR_ID' => '2',
  'AR_NOMBRE' => 'APORTES',
  'AR_DESCRIPCION' => 'Pensiones Incapacidades Cesantias Cartas FNA',
  'AR_C_ID' => '1',
  'AR_ACTIVO' => '1',
  'AR_ALIAS' => 'A',
  'AR_MOSTRAR_NOMBRE_PANTALLA' => '0',
) 
2015-01-09 09:51:45 --> se va a crear el turno 
2015-01-09 09:51:45 --> se creo el turno 6 del area A 

2015-01-09 10:24:43 --> get_areas 1 
2015-01-09 10:24:43 --> buscando areas del cliente 
2015-01-09 10:25:00 --> crear el consumidor 
2015-01-09 10:25:00 --> se creo el consumidor 29880 
2015-01-09 10:25:00 --> la informacion de la sede es array (
  'S_ID' => '4',
  'S_NOMBRE' => 'OCCIDENTE',
  'S_DESCRIPCION' => 'Sedle para atender los casos de la regional occidente',
  'S_C_ID' => '1',
  'S_CANTIDAD_ENCUESTAS' => '10',
  'S_ACTIVO' => '1',
  'S_LOGO' => '7',
  'S_MUESTRA_VIDEO' => '1',
) 
2015-01-09 10:25:00 --> se va a extraer informacion del area  
2015-01-09 10:25:00 --> la informacion del area es array (
  'AR_ID' => '8',
  'AR_NOMBRE' => 'COMPENSACION_SALARIAL',
  'AR_DESCRIPCION' => 'Informacion pago nomina y liquidaciones',
  'AR_C_ID' => '1',
  'AR_ACTIVO' => '1',
  'AR_ALIAS' => 'CS',
  'AR_MOSTRAR_NOMBRE_PANTALLA' => '0',
) 
2015-01-09 10:25:00 --> se va a crear el turno 
2015-01-09 10:25:00 --> se creo el turno 1 del area CS 

2015-01-09 10:26:21 --> get_areas 1 
2015-01-09 10:26:21 --> buscando areas del cliente 
2015-01-09 10:26:36 --> crear el consumidor 
2015-01-09 10:26:36 --> se creo el consumidor 29881 
2015-01-09 10:26:36 --> la informacion de la sede es array (
  'S_ID' => '4',
  'S_NOMBRE' => 'OCCIDENTE',
  'S_DESCRIPCION' => 'Sedle para atender los casos de la regional occidente',
  'S_C_ID' => '1',
  'S_CANTIDAD_ENCUESTAS' => '10',
  'S_ACTIVO' => '1',
  'S_LOGO' => '7',
  'S_MUESTRA_VIDEO' => '1',
) 
2015-01-09 10:26:36 --> se va a extraer informacion del area  
2015-01-09 10:26:36 --> la informacion del area es array (
  'AR_ID' => '3',
  'AR_NOMBRE' => 'SEGUIMIENTO_AL_SERVICIO',
  'AR_DESCRIPCION' => 'SQR certificados especiales claves portal web',
  'AR_C_ID' => '1',
  'AR_ACTIVO' => '1',
  'AR_ALIAS' => 'SAS',
  'AR_MOSTRAR_NOMBRE_PANTALLA' => '0',
) 
2015-01-09 10:26:36 --> se va a crear el turno 
2015-01-09 10:26:36 --> se creo el turno 1 del area SAS 

2015-01-09 10:29:06 --> get_areas 1 
2015-01-09 10:29:06 --> buscando areas del cliente 
2015-01-09 10:29:13 --> crear el consumidor 
2015-01-09 10:29:13 --> se creo el consumidor 29882 
2015-01-09 10:29:13 --> la informacion de la sede es array (
  'S_ID' => '4',
  'S_NOMBRE' => 'OCCIDENTE',
  'S_DESCRIPCION' => 'Sedle para atender los casos de la regional occidente',
  'S_C_ID' => '1',
  'S_CANTIDAD_ENCUESTAS' => '10',
  'S_ACTIVO' => '1',
  'S_LOGO' => '7',
  'S_MUESTRA_VIDEO' => '1',
) 
2015-01-09 10:29:13 --> se va a extraer informacion del area  
2015-01-09 10:29:13 --> la informacion del area es array (
  'AR_ID' => '2',
  'AR_NOMBRE' => 'APORTES',
  'AR_DESCRIPCION' => 'Pensiones Incapacidades Cesantias Cartas FNA',
  'AR_C_ID' => '1',
  'AR_ACTIVO' => '1',
  'AR_ALIAS' => 'A',
  'AR_MOSTRAR_NOMBRE_PANTALLA' => '0',
) 
2015-01-09 10:29:13 --> se va a crear el turno 
2015-01-09 10:29:13 --> se creo el turno 7 del area A 

2015-01-09 10:30:28 --> get_areas 1 
2015-01-09 10:30:28 --> buscando areas del cliente 
2015-01-09 10:30:43 --> crear el consumidor 
2015-01-09 10:30:43 --> se creo el consumidor 29884 
2015-01-09 10:30:43 --> la informacion de la sede es array (
  'S_ID' => '4',
  'S_NOMBRE' => 'OCCIDENTE',
  'S_DESCRIPCION' => 'Sedle para atender los casos de la regional occidente',
  'S_C_ID' => '1',
  'S_CANTIDAD_ENCUESTAS' => '10',
  'S_ACTIVO' => '1',
  'S_LOGO' => '7',
  'S_MUESTRA_VIDEO' => '1',
) 
2015-01-09 10:30:43 --> se va a extraer informacion del area  
2015-01-09 10:30:43 --> la informacion del area es array (
  'AR_ID' => '2',
  'AR_NOMBRE' => 'APORTES',
  'AR_DESCRIPCION' => 'Pensiones Incapacidades Cesantias Cartas FNA',
  'AR_C_ID' => '1',
  'AR_ACTIVO' => '1',
  'AR_ALIAS' => 'A',
  'AR_MOSTRAR_NOMBRE_PANTALLA' => '0',
) 
2015-01-09 10:30:43 --> se va a crear el turno 
2015-01-09 10:30:43 --> se creo el turno 8 del area A 

2015-01-09 10:33:46 --> get_areas 1 
2015-01-09 10:33:46 --> buscando areas del cliente 
2015-01-09 10:33:52 --> crear el consumidor 
2015-01-09 10:33:52 --> se creo el consumidor 29885 
2015-01-09 10:33:52 --> la informacion de la sede es array (
  'S_ID' => '4',
  'S_NOMBRE' => 'OCCIDENTE',
  'S_DESCRIPCION' => 'Sedle para atender los casos de la regional occidente',
  'S_C_ID' => '1',
  'S_CANTIDAD_ENCUESTAS' => '10',
  'S_ACTIVO' => '1',
  'S_LOGO' => '7',
  'S_MUESTRA_VIDEO' => '1',
) 
2015-01-09 10:33:52 --> se va a extraer informacion del area  
2015-01-09 10:33:52 --> la informacion del area es array (
  'AR_ID' => '2',
  'AR_NOMBRE' => 'APORTES',
  'AR_DESCRIPCION' => 'Pensiones Incapacidades Cesantias Cartas FNA',
  'AR_C_ID' => '1',
  'AR_ACTIVO' => '1',
  'AR_ALIAS' => 'A',
  'AR_MOSTRAR_NOMBRE_PANTALLA' => '0',
) 
2015-01-09 10:33:52 --> se va a crear el turno 
2015-01-09 10:33:52 --> se creo el turno 9 del area A 

2015-01-09 10:38:14 --> get_areas 1 
2015-01-09 10:38:14 --> buscando areas del cliente 

2015-01-09 10:45:30 --> get_areas 1 
2015-01-09 10:45:30 --> buscando areas del cliente 
2015-01-09 10:45:49 --> crear el consumidor 
2015-01-09 10:45:49 --> se creo el consumidor 29888 
2015-01-09 10:45:49 --> la informacion de la sede es array (
  'S_ID' => '4',
  'S_NOMBRE' => 'OCCIDENTE',
  'S_DESCRIPCION' => 'Sedle para atender los casos de la regional occidente',
  'S_C_ID' => '1',
  'S_CANTIDAD_ENCUESTAS' => '10',
  'S_ACTIVO' => '1',
  'S_LOGO' => '7',
  'S_MUESTRA_VIDEO' => '1',
) 
2015-01-09 10:45:49 --> se va a extraer informacion del area  
2015-01-09 10:45:49 --> la informacion del area es array (
  'AR_ID' => '3',
  'AR_NOMBRE' => 'SEGUIMIENTO_AL_SERVICIO',
  'AR_DESCRIPCION' => 'SQR certificados especiales claves portal web',
  'AR_C_ID' => '1',
  'AR_ACTIVO' => '1',
  'AR_ALIAS' => 'SAS',
  'AR_MOSTRAR_NOMBRE_PANTALLA' => '0',
) 
2015-01-09 10:45:49 --> se va a crear el turno 
2015-01-09 10:45:49 --> se creo el turno 2 del area SAS 

2015-01-09 10:49:40 --> get_areas 1 
2015-01-09 10:49:40 --> buscando areas del cliente 
2015-01-09 10:49:52 --> crear el consumidor 
2015-01-09 10:49:52 --> se creo el consumidor 29889 
2015-01-09 10:49:52 --> la informacion de la sede es array (
  'S_ID' => '4',
  'S_NOMBRE' => 'OCCIDENTE',
  'S_DESCRIPCION' => 'Sedle para atender los casos de la regional occidente',
  'S_C_ID' => '1',
  'S_CANTIDAD_ENCUESTAS' => '10',
  'S_ACTIVO' => '1',
  'S_LOGO' => '7',
  'S_MUESTRA_VIDEO' => '1',
) 
2015-01-09 10:49:52 --> se va a extraer informacion del area  
2015-01-09 10:49:52 --> la informacion del area es array (
  'AR_ID' => '2',
  'AR_NOMBRE' => 'APORTES',
  'AR_DESCRIPCION' => 'Pensiones Incapacidades Cesantias Cartas FNA',
  'AR_C_ID' => '1',
  'AR_ACTIVO' => '1',
  'AR_ALIAS' => 'A',
  'AR_MOSTRAR_NOMBRE_PANTALLA' => '0',
) 
2015-01-09 10:49:52 --> se va a crear el turno 
2015-01-09 10:49:52 --> se creo el turno 10 del area A 

2015-01-09 10:53:30 --> get_areas 1 
2015-01-09 10:53:30 --> buscando areas del cliente 
2015-01-09 10:53:44 --> crear el consumidor 
2015-01-09 10:53:44 --> se creo el consumidor 29893 
2015-01-09 10:53:44 --> la informacion de la sede es array (
  'S_ID' => '4',
  'S_NOMBRE' => 'OCCIDENTE',
  'S_DESCRIPCION' => 'Sedle para atender los casos de la regional occidente',
  'S_C_ID' => '1',
  'S_CANTIDAD_ENCUESTAS' => '10',
  'S_ACTIVO' => '1',
  'S_LOGO' => '7',
  'S_MUESTRA_VIDEO' => '1',
) 
2015-01-09 10:53:44 --> se va a extraer informacion del area  
2015-01-09 10:53:44 --> la informacion del area es array (
  'AR_ID' => '2',
  'AR_NOMBRE' => 'APORTES',
  'AR_DESCRIPCION' => 'Pensiones Incapacidades Cesantias Cartas FNA',
  'AR_C_ID' => '1',
  'AR_ACTIVO' => '1',
  'AR_ALIAS' => 'A',
  'AR_MOSTRAR_NOMBRE_PANTALLA' => '0',
) 
2015-01-09 10:53:44 --> se va a crear el turno 
2015-01-09 10:53:44 --> se creo el turno 11 del area A 

2015-01-09 10:56:36 --> get_areas 1 
2015-01-09 10:56:36 --> buscando areas del cliente 
2015-01-09 10:56:53 --> crear el consumidor 
2015-01-09 10:56:53 --> se creo el consumidor 29894 
2015-01-09 10:56:53 --> la informacion de la sede es array (
  'S_ID' => '4',
  'S_NOMBRE' => 'OCCIDENTE',
  'S_DESCRIPCION' => 'Sedle para atender los casos de la regional occidente',
  'S_C_ID' => '1',
  'S_CANTIDAD_ENCUESTAS' => '10',
  'S_ACTIVO' => '1',
  'S_LOGO' => '7',
  'S_MUESTRA_VIDEO' => '1',
) 
2015-01-09 10:56:53 --> se va a extraer informacion del area  
2015-01-09 10:56:53 --> la informacion del area es array (
  'AR_ID' => '1',
  'AR_NOMBRE' => 'GERENCIA_DEL_SERVICIO',
  'AR_DESCRIPCION' => 'Cartas punto de venta Cartas de renuncia',
  'AR_C_ID' => '1',
  'AR_ACTIVO' => '1',
  'AR_ALIAS' => 'GS',
  'AR_MOSTRAR_NOMBRE_PANTALLA' => '0',
) 
2015-01-09 10:56:53 --> se va a crear el turno 
2015-01-09 10:56:53 --> se creo el turno 7 del area GS 

2015-01-09 10:58:39 --> get_areas 1 
2015-01-09 10:58:39 --> buscando areas del cliente 
2015-01-09 10:58:58 --> crear el consumidor 
2015-01-09 10:58:58 --> se creo el consumidor 29896 
2015-01-09 10:58:58 --> la informacion de la sede es array (
  'S_ID' => '4',
  'S_NOMBRE' => 'OCCIDENTE',
  'S_DESCRIPCION' => 'Sedle para atender los casos de la regional occidente',
  'S_C_ID' => '1',
  'S_CANTIDAD_ENCUESTAS' => '10',
  'S_ACTIVO' => '1',
  'S_LOGO' => '7',
  'S_MUESTRA_VIDEO' => '1',
) 
2015-01-09 10:58:58 --> se va a extraer informacion del area  
2015-01-09 10:58:58 --> la informacion del area es array (
  'AR_ID' => '2',
  'AR_NOMBRE' => 'APORTES',
  'AR_DESCRIPCION' => 'Pensiones Incapacidades Cesantias Cartas FNA',
  'AR_C_ID' => '1',
  'AR_ACTIVO' => '1',
  'AR_ALIAS' => 'A',
  'AR_MOSTRAR_NOMBRE_PANTALLA' => '0',
) 
2015-01-09 10:58:58 --> se va a crear el turno 
2015-01-09 10:58:58 --> se creo el turno 12 del area A 

2015-01-09 11:00:01 --> get_areas 1 
2015-01-09 11:00:01 --> buscando areas del cliente 
2015-01-09 11:00:18 --> crear el consumidor 
2015-01-09 11:00:18 --> se creo el consumidor 29897 
2015-01-09 11:00:18 --> la informacion de la sede es array (
  'S_ID' => '4',
  'S_NOMBRE' => 'OCCIDENTE',
  'S_DESCRIPCION' => 'Sedle para atender los casos de la regional occidente',
  'S_C_ID' => '1',
  'S_CANTIDAD_ENCUESTAS' => '10',
  'S_ACTIVO' => '1',
  'S_LOGO' => '7',
  'S_MUESTRA_VIDEO' => '1',
) 
2015-01-09 11:00:18 --> se va a extraer informacion del area  
2015-01-09 11:00:18 --> la informacion del area es array (
  'AR_ID' => '1',
  'AR_NOMBRE' => 'GERENCIA_DEL_SERVICIO',
  'AR_DESCRIPCION' => 'Cartas punto de venta Cartas de renuncia',
  'AR_C_ID' => '1',
  'AR_ACTIVO' => '1',
  'AR_ALIAS' => 'GS',
  'AR_MOSTRAR_NOMBRE_PANTALLA' => '0',
) 
2015-01-09 11:00:18 --> se va a crear el turno 
2015-01-09 11:00:18 --> se creo el turno 8 del area GS 

2015-01-09 11:09:21 --> get_areas 1 
2015-01-09 11:09:21 --> buscando areas del cliente 
2015-01-09 11:09:43 --> crear el consumidor 
2015-01-09 11:09:43 --> se creo el consumidor 29903 
2015-01-09 11:09:43 --> la informacion de la sede es array (
  'S_ID' => '4',
  'S_NOMBRE' => 'OCCIDENTE',
  'S_DESCRIPCION' => 'Sedle para atender los casos de la regional occidente',
  'S_C_ID' => '1',
  'S_CANTIDAD_ENCUESTAS' => '10',
  'S_ACTIVO' => '1',
  'S_LOGO' => '7',
  'S_MUESTRA_VIDEO' => '1',
) 
2015-01-09 11:09:43 --> se va a extraer informacion del area  
2015-01-09 11:09:43 --> la informacion del area es array (
  'AR_ID' => '3',
  'AR_NOMBRE' => 'SEGUIMIENTO_AL_SERVICIO',
  'AR_DESCRIPCION' => 'SQR certificados especiales claves portal web',
  'AR_C_ID' => '1',
  'AR_ACTIVO' => '1',
  'AR_ALIAS' => 'SAS',
  'AR_MOSTRAR_NOMBRE_PANTALLA' => '0',
) 
2015-01-09 11:09:43 --> se va a crear el turno 
2015-01-09 11:09:43 --> se creo el turno 4 del area SAS 

2015-01-09 11:10:51 --> get_areas 1 
2015-01-09 11:10:51 --> buscando areas del cliente 
2015-01-09 11:11:01 --> crear el consumidor 
2015-01-09 11:11:01 --> se creo el consumidor 29906 
2015-01-09 11:11:01 --> la informacion de la sede es array (
  'S_ID' => '4',
  'S_NOMBRE' => 'OCCIDENTE',
  'S_DESCRIPCION' => 'Sedle para atender los casos de la regional occidente',
  'S_C_ID' => '1',
  'S_CANTIDAD_ENCUESTAS' => '10',
  'S_ACTIVO' => '1',
  'S_LOGO' => '7',
  'S_MUESTRA_VIDEO' => '1',
) 
2015-01-09 11:11:01 --> se va a extraer informacion del area  
2015-01-09 11:11:01 --> la informacion del area es array (
  'AR_ID' => '1',
  'AR_NOMBRE' => 'GERENCIA_DEL_SERVICIO',
  'AR_DESCRIPCION' => 'Cartas punto de venta Cartas de renuncia',
  'AR_C_ID' => '1',
  'AR_ACTIVO' => '1',
  'AR_ALIAS' => 'GS',
  'AR_MOSTRAR_NOMBRE_PANTALLA' => '0',
) 
2015-01-09 11:11:01 --> se va a crear el turno 
2015-01-09 11:11:01 --> se creo el turno 9 del area GS 

2015-01-09 11:19:22 --> get_areas 1 
2015-01-09 11:19:22 --> buscando areas del cliente 
2015-01-09 11:19:35 --> crear el consumidor 
2015-01-09 11:19:35 --> se creo el consumidor 29910 
2015-01-09 11:19:35 --> la informacion de la sede es array (
  'S_ID' => '4',
  'S_NOMBRE' => 'OCCIDENTE',
  'S_DESCRIPCION' => 'Sedle para atender los casos de la regional occidente',
  'S_C_ID' => '1',
  'S_CANTIDAD_ENCUESTAS' => '10',
  'S_ACTIVO' => '1',
  'S_LOGO' => '7',
  'S_MUESTRA_VIDEO' => '1',
) 
2015-01-09 11:19:35 --> se va a extraer informacion del area  
2015-01-09 11:19:35 --> la informacion del area es array (
  'AR_ID' => '2',
  'AR_NOMBRE' => 'APORTES',
  'AR_DESCRIPCION' => 'Pensiones Incapacidades Cesantias Cartas FNA',
  'AR_C_ID' => '1',
  'AR_ACTIVO' => '1',
  'AR_ALIAS' => 'A',
  'AR_MOSTRAR_NOMBRE_PANTALLA' => '0',
) 
2015-01-09 11:19:35 --> se va a crear el turno 
2015-01-09 11:19:35 --> se creo el turno 13 del area A 

2015-01-09 11:20:31 --> get_areas 1 
2015-01-09 11:20:31 --> buscando areas del cliente 
2015-01-09 11:20:47 --> crear el consumidor 
2015-01-09 11:20:47 --> se creo el consumidor 29911 
2015-01-09 11:20:47 --> la informacion de la sede es array (
  'S_ID' => '2',
  'S_NOMBRE' => 'CENTRO',
  'S_DESCRIPCION' => 'Sede para atender los casos de la regional centro',
  'S_C_ID' => '1',
  'S_CANTIDAD_ENCUESTAS' => '10',
  'S_ACTIVO' => '1',
  'S_LOGO' => '7',
  'S_MUESTRA_VIDEO' => '0',
) 
2015-01-09 11:20:47 --> se va a extraer informacion del area  
2015-01-09 11:20:47 --> la informacion del area es array (
  'AR_ID' => '8',
  'AR_NOMBRE' => 'COMPENSACION_SALARIAL',
  'AR_DESCRIPCION' => 'Informacion pago nomina y liquidaciones',
  'AR_C_ID' => '1',
  'AR_ACTIVO' => '1',
  'AR_ALIAS' => 'CS',
  'AR_MOSTRAR_NOMBRE_PANTALLA' => '0',
) 
2015-01-09 11:20:47 --> se va a crear el turno 
2015-01-09 11:20:47 --> se creo el turno 1 del area CS 

2015-01-09 11:29:48 --> get_areas 1 
2015-01-09 11:29:48 --> buscando areas del cliente 
2015-01-09 11:29:57 --> crear el consumidor 
2015-01-09 11:29:57 --> se creo el consumidor 29915 
2015-01-09 11:29:57 --> la informacion de la sede es array (
  'S_ID' => '4',
  'S_NOMBRE' => 'OCCIDENTE',
  'S_DESCRIPCION' => 'Sedle para atender los casos de la regional occidente',
  'S_C_ID' => '1',
  'S_CANTIDAD_ENCUESTAS' => '10',
  'S_ACTIVO' => '1',
  'S_LOGO' => '7',
  'S_MUESTRA_VIDEO' => '1',
) 
2015-01-09 11:29:57 --> se va a extraer informacion del area  
2015-01-09 11:29:57 --> la informacion del area es array (
  'AR_ID' => '1',
  'AR_NOMBRE' => 'GERENCIA_DEL_SERVICIO',
  'AR_DESCRIPCION' => 'Cartas punto de venta Cartas de renuncia',
  'AR_C_ID' => '1',
  'AR_ACTIVO' => '1',
  'AR_ALIAS' => 'GS',
  'AR_MOSTRAR_NOMBRE_PANTALLA' => '0',
) 
2015-01-09 11:29:57 --> se va a crear el turno 
2015-01-09 11:29:57 --> se creo el turno 10 del area GS 

2015-01-09 11:32:17 --> get_areas 1 
2015-01-09 11:32:17 --> buscando areas del cliente 
2015-01-09 11:32:25 --> crear el consumidor 
2015-01-09 11:32:25 --> se creo el consumidor 29917 
2015-01-09 11:32:25 --> la informacion de la sede es array (
  'S_ID' => '4',
  'S_NOMBRE' => 'OCCIDENTE',
  'S_DESCRIPCION' => 'Sedle para atender los casos de la regional occidente',
  'S_C_ID' => '1',
  'S_CANTIDAD_ENCUESTAS' => '10',
  'S_ACTIVO' => '1',
  'S_LOGO' => '7',
  'S_MUESTRA_VIDEO' => '1',
) 
2015-01-09 11:32:25 --> se va a extraer informacion del area  
2015-01-09 11:32:25 --> la informacion del area es array (
  'AR_ID' => '8',
  'AR_NOMBRE' => 'COMPENSACION_SALARIAL',
  'AR_DESCRIPCION' => 'Informacion pago nomina y liquidaciones',
  'AR_C_ID' => '1',
  'AR_ACTIVO' => '1',
  'AR_ALIAS' => 'CS',
  'AR_MOSTRAR_NOMBRE_PANTALLA' => '0',
) 
2015-01-09 11:32:25 --> se va a crear el turno 
2015-01-09 11:32:25 --> se creo el turno 2 del area CS 

2015-01-09 11:33:02 --> get_areas 1 
2015-01-09 11:33:02 --> buscando areas del cliente 
2015-01-09 11:33:06 --> crear el consumidor 
2015-01-09 11:33:06 --> se creo el consumidor 29918 
2015-01-09 11:33:06 --> la informacion de la sede es array (
  'S_ID' => '4',
  'S_NOMBRE' => 'OCCIDENTE',
  'S_DESCRIPCION' => 'Sedle para atender los casos de la regional occidente',
  'S_C_ID' => '1',
  'S_CANTIDAD_ENCUESTAS' => '10',
  'S_ACTIVO' => '1',
  'S_LOGO' => '7',
  'S_MUESTRA_VIDEO' => '1',
) 
2015-01-09 11:33:06 --> se va a extraer informacion del area  
2015-01-09 11:33:06 --> la informacion del area es array (
  'AR_ID' => '1',
  'AR_NOMBRE' => 'GERENCIA_DEL_SERVICIO',
  'AR_DESCRIPCION' => 'Cartas punto de venta Cartas de renuncia',
  'AR_C_ID' => '1',
  'AR_ACTIVO' => '1',
  'AR_ALIAS' => 'GS',
  'AR_MOSTRAR_NOMBRE_PANTALLA' => '0',
) 
2015-01-09 11:33:06 --> se va a crear el turno 
2015-01-09 11:33:06 --> se creo el turno 11 del area GS 

2015-01-09 11:35:00 --> get_areas 1 
2015-01-09 11:35:00 --> buscando areas del cliente 
2015-01-09 11:35:02 --> crear el consumidor 
2015-01-09 11:35:02 --> se creo el consumidor 29919 
2015-01-09 11:35:02 --> la informacion de la sede es array (
  'S_ID' => '1',
  'S_NOMBRE' => 'ANTIOQUIA',
  'S_DESCRIPCION' => 'Sede para atender los casos de la regional antioquia',
  'S_C_ID' => '1',
  'S_CANTIDAD_ENCUESTAS' => '10',
  'S_ACTIVO' => '1',
  'S_LOGO' => '7',
  'S_MUESTRA_VIDEO' => '0',
) 
2015-01-09 11:35:02 --> se va a extraer informacion del area  
2015-01-09 11:35:02 --> la informacion del area es array (
  'AR_ID' => '1',
  'AR_NOMBRE' => 'GERENCIA_DEL_SERVICIO',
  'AR_DESCRIPCION' => 'Cartas punto de venta Cartas de renuncia',
  'AR_C_ID' => '1',
  'AR_ACTIVO' => '1',
  'AR_ALIAS' => 'GS',
  'AR_MOSTRAR_NOMBRE_PANTALLA' => '0',
) 
2015-01-09 11:35:02 --> se va a crear el turno 
2015-01-09 11:35:02 --> se creo el turno 3 del area GS 

2015-01-09 11:35:45 --> get_areas 1 
2015-01-09 11:35:45 --> buscando areas del cliente 
2015-01-09 11:35:49 --> crear el consumidor 
2015-01-09 11:35:49 --> se creo el consumidor 29920 
2015-01-09 11:35:49 --> la informacion de la sede es array (
  'S_ID' => '1',
  'S_NOMBRE' => 'ANTIOQUIA',
  'S_DESCRIPCION' => 'Sede para atender los casos de la regional antioquia',
  'S_C_ID' => '1',
  'S_CANTIDAD_ENCUESTAS' => '10',
  'S_ACTIVO' => '1',
  'S_LOGO' => '7',
  'S_MUESTRA_VIDEO' => '0',
) 
2015-01-09 11:35:49 --> se va a extraer informacion del area  
2015-01-09 11:35:49 --> la informacion del area es array (
  'AR_ID' => '1',
  'AR_NOMBRE' => 'GERENCIA_DEL_SERVICIO',
  'AR_DESCRIPCION' => 'Cartas punto de venta Cartas de renuncia',
  'AR_C_ID' => '1',
  'AR_ACTIVO' => '1',
  'AR_ALIAS' => 'GS',
  'AR_MOSTRAR_NOMBRE_PANTALLA' => '0',
) 
2015-01-09 11:35:49 --> se va a crear el turno 
2015-01-09 11:35:49 --> se creo el turno 4 del area GS 

2015-01-09 11:36:27 --> get_areas 1 
2015-01-09 11:36:27 --> buscando areas del cliente 
2015-01-09 11:36:30 --> crear el consumidor 
2015-01-09 11:36:30 --> se creo el consumidor 29921 
2015-01-09 11:36:30 --> la informacion de la sede es array (
  'S_ID' => '1',
  'S_NOMBRE' => 'ANTIOQUIA',
  'S_DESCRIPCION' => 'Sede para atender los casos de la regional antioquia',
  'S_C_ID' => '1',
  'S_CANTIDAD_ENCUESTAS' => '10',
  'S_ACTIVO' => '1',
  'S_LOGO' => '7',
  'S_MUESTRA_VIDEO' => '0',
) 
2015-01-09 11:36:30 --> se va a extraer informacion del area  
2015-01-09 11:36:30 --> la informacion del area es array (
  'AR_ID' => '1',
  'AR_NOMBRE' => 'GERENCIA_DEL_SERVICIO',
  'AR_DESCRIPCION' => 'Cartas punto de venta Cartas de renuncia',
  'AR_C_ID' => '1',
  'AR_ACTIVO' => '1',
  'AR_ALIAS' => 'GS',
  'AR_MOSTRAR_NOMBRE_PANTALLA' => '0',
) 
2015-01-09 11:36:30 --> se va a crear el turno 
2015-01-09 11:36:30 --> se creo el turno 5 del area GS 

2015-01-09 11:37:07 --> get_areas 1 
2015-01-09 11:37:07 --> buscando areas del cliente 
2015-01-09 11:37:09 --> crear el consumidor 
2015-01-09 11:37:09 --> se creo el consumidor 29922 
2015-01-09 11:37:09 --> la informacion de la sede es array (
  'S_ID' => '1',
  'S_NOMBRE' => 'ANTIOQUIA',
  'S_DESCRIPCION' => 'Sede para atender los casos de la regional antioquia',
  'S_C_ID' => '1',
  'S_CANTIDAD_ENCUESTAS' => '10',
  'S_ACTIVO' => '1',
  'S_LOGO' => '7',
  'S_MUESTRA_VIDEO' => '0',
) 
2015-01-09 11:37:09 --> se va a extraer informacion del area  
2015-01-09 11:37:09 --> la informacion del area es array (
  'AR_ID' => '1',
  'AR_NOMBRE' => 'GERENCIA_DEL_SERVICIO',
  'AR_DESCRIPCION' => 'Cartas punto de venta Cartas de renuncia',
  'AR_C_ID' => '1',
  'AR_ACTIVO' => '1',
  'AR_ALIAS' => 'GS',
  'AR_MOSTRAR_NOMBRE_PANTALLA' => '0',
) 
2015-01-09 11:37:09 --> se va a crear el turno 
2015-01-09 11:37:09 --> se creo el turno 6 del area GS 

2015-01-09 11:37:45 --> get_areas 1 
2015-01-09 11:37:45 --> buscando areas del cliente 
2015-01-09 11:37:50 --> crear el consumidor 
2015-01-09 11:37:50 --> se creo el consumidor 29923 
2015-01-09 11:37:50 --> la informacion de la sede es array (
  'S_ID' => '1',
  'S_NOMBRE' => 'ANTIOQUIA',
  'S_DESCRIPCION' => 'Sede para atender los casos de la regional antioquia',
  'S_C_ID' => '1',
  'S_CANTIDAD_ENCUESTAS' => '10',
  'S_ACTIVO' => '1',
  'S_LOGO' => '7',
  'S_MUESTRA_VIDEO' => '0',
) 
2015-01-09 11:37:50 --> se va a extraer informacion del area  
2015-01-09 11:37:50 --> la informacion del area es array (
  'AR_ID' => '1',
  'AR_NOMBRE' => 'GERENCIA_DEL_SERVICIO',
  'AR_DESCRIPCION' => 'Cartas punto de venta Cartas de renuncia',
  'AR_C_ID' => '1',
  'AR_ACTIVO' => '1',
  'AR_ALIAS' => 'GS',
  'AR_MOSTRAR_NOMBRE_PANTALLA' => '0',
) 
2015-01-09 11:37:50 --> se va a crear el turno 
2015-01-09 11:37:50 --> se creo el turno 7 del area GS 

2015-01-09 11:38:24 --> get_areas 1 
2015-01-09 11:38:24 --> buscando areas del cliente 
2015-01-09 11:38:27 --> crear el consumidor 
2015-01-09 11:38:27 --> se creo el consumidor 0 
2015-01-09 11:38:27 --> la informacion de la sede es array (
  'S_ID' => '1',
  'S_NOMBRE' => 'ANTIOQUIA',
  'S_DESCRIPCION' => 'Sede para atender los casos de la regional antioquia',
  'S_C_ID' => '1',
  'S_CANTIDAD_ENCUESTAS' => '10',
  'S_ACTIVO' => '1',
  'S_LOGO' => '7',
  'S_MUESTRA_VIDEO' => '0',
) 
2015-01-09 11:38:27 --> se va a extraer informacion del area  
2015-01-09 11:38:27 --> la informacion del area es array (
  'AR_ID' => '1',
  'AR_NOMBRE' => 'GERENCIA_DEL_SERVICIO',
  'AR_DESCRIPCION' => 'Cartas punto de venta Cartas de renuncia',
  'AR_C_ID' => '1',
  'AR_ACTIVO' => '1',
  'AR_ALIAS' => 'GS',
  'AR_MOSTRAR_NOMBRE_PANTALLA' => '0',
) 
2015-01-09 11:38:27 --> se va a crear el turno 
2015-01-09 11:38:27 --> se creo el turno 8 del area GS 

2015-01-09 11:39:07 --> get_areas 1 
2015-01-09 11:39:07 --> buscando areas del cliente 
2015-01-09 11:39:10 --> crear el consumidor 
2015-01-09 11:39:10 --> se creo el consumidor 29924 
2015-01-09 11:39:10 --> la informacion de la sede es array (
  'S_ID' => '1',
  'S_NOMBRE' => 'ANTIOQUIA',
  'S_DESCRIPCION' => 'Sede para atender los casos de la regional antioquia',
  'S_C_ID' => '1',
  'S_CANTIDAD_ENCUESTAS' => '10',
  'S_ACTIVO' => '1',
  'S_LOGO' => '7',
  'S_MUESTRA_VIDEO' => '0',
) 
2015-01-09 11:39:10 --> se va a extraer informacion del area  
2015-01-09 11:39:10 --> la informacion del area es array (
  'AR_ID' => '1',
  'AR_NOMBRE' => 'GERENCIA_DEL_SERVICIO',
  'AR_DESCRIPCION' => 'Cartas punto de venta Cartas de renuncia',
  'AR_C_ID' => '1',
  'AR_ACTIVO' => '1',
  'AR_ALIAS' => 'GS',
  'AR_MOSTRAR_NOMBRE_PANTALLA' => '0',
) 
2015-01-09 11:39:10 --> se va a crear el turno 
2015-01-09 11:39:10 --> se creo el turno 9 del area GS 

2015-01-09 11:40:10 --> get_areas 1 
2015-01-09 11:40:10 --> buscando areas del cliente 
2015-01-09 11:40:15 --> crear el consumidor 
2015-01-09 11:40:15 --> se creo el consumidor 29925 
2015-01-09 11:40:15 --> la informacion de la sede es array (
  'S_ID' => '1',
  'S_NOMBRE' => 'ANTIOQUIA',
  'S_DESCRIPCION' => 'Sede para atender los casos de la regional antioquia',
  'S_C_ID' => '1',
  'S_CANTIDAD_ENCUESTAS' => '10',
  'S_ACTIVO' => '1',
  'S_LOGO' => '7',
  'S_MUESTRA_VIDEO' => '0',
) 
2015-01-09 11:40:15 --> se va a extraer informacion del area  
2015-01-09 11:40:15 --> la informacion del area es array (
  'AR_ID' => '1',
  'AR_NOMBRE' => 'GERENCIA_DEL_SERVICIO',
  'AR_DESCRIPCION' => 'Cartas punto de venta Cartas de renuncia',
  'AR_C_ID' => '1',
  'AR_ACTIVO' => '1',
  'AR_ALIAS' => 'GS',
  'AR_MOSTRAR_NOMBRE_PANTALLA' => '0',
) 
2015-01-09 11:40:15 --> se va a crear el turno 
2015-01-09 11:40:15 --> se creo el turno 10 del area GS 

2015-01-09 11:42:45 --> get_areas 1 
2015-01-09 11:42:45 --> buscando areas del cliente 
2015-01-09 11:42:52 --> crear el consumidor 
2015-01-09 11:42:52 --> se creo el consumidor 29927 
2015-01-09 11:42:52 --> la informacion de la sede es array (
  'S_ID' => '1',
  'S_NOMBRE' => 'ANTIOQUIA',
  'S_DESCRIPCION' => 'Sede para atender los casos de la regional antioquia',
  'S_C_ID' => '1',
  'S_CANTIDAD_ENCUESTAS' => '10',
  'S_ACTIVO' => '1',
  'S_LOGO' => '7',
  'S_MUESTRA_VIDEO' => '0',
) 
2015-01-09 11:42:52 --> se va a extraer informacion del area  
2015-01-09 11:42:52 --> la informacion del area es array (
  'AR_ID' => '5',
  'AR_NOMBRE' => 'OTROS',
  'AR_DESCRIPCION' => 'Otros',
  'AR_C_ID' => '1',
  'AR_ACTIVO' => '1',
  'AR_ALIAS' => 'O',
  'AR_MOSTRAR_NOMBRE_PANTALLA' => '0',
) 
2015-01-09 11:42:52 --> se va a crear el turno 
2015-01-09 11:42:52 --> se creo el turno 1 del area O 

2015-01-09 11:55:48 --> get_areas 1 
2015-01-09 11:55:48 --> buscando areas del cliente 
2015-01-09 11:56:03 --> crear el consumidor 
2015-01-09 11:56:03 --> se creo el consumidor 29930 
2015-01-09 11:56:03 --> la informacion de la sede es array (
  'S_ID' => '4',
  'S_NOMBRE' => 'OCCIDENTE',
  'S_DESCRIPCION' => 'Sedle para atender los casos de la regional occidente',
  'S_C_ID' => '1',
  'S_CANTIDAD_ENCUESTAS' => '10',
  'S_ACTIVO' => '1',
  'S_LOGO' => '7',
  'S_MUESTRA_VIDEO' => '1',
) 
2015-01-09 11:56:03 --> se va a extraer informacion del area  
2015-01-09 11:56:03 --> la informacion del area es array (
  'AR_ID' => '3',
  'AR_NOMBRE' => 'SEGUIMIENTO_AL_SERVICIO',
  'AR_DESCRIPCION' => 'SQR certificados especiales claves portal web',
  'AR_C_ID' => '1',
  'AR_ACTIVO' => '1',
  'AR_ALIAS' => 'SAS',
  'AR_MOSTRAR_NOMBRE_PANTALLA' => '0',
) 
2015-01-09 11:56:03 --> se va a crear el turno 
2015-01-09 11:56:03 --> se creo el turno 5 del area SAS 

2015-01-09 11:58:59 --> get_areas 1 
2015-01-09 11:58:59 --> buscando areas del cliente 
2015-01-09 11:59:09 --> crear el consumidor 
2015-01-09 11:59:09 --> se creo el consumidor 29932 
2015-01-09 11:59:09 --> la informacion de la sede es array (
  'S_ID' => '4',
  'S_NOMBRE' => 'OCCIDENTE',
  'S_DESCRIPCION' => 'Sedle para atender los casos de la regional occidente',
  'S_C_ID' => '1',
  'S_CANTIDAD_ENCUESTAS' => '10',
  'S_ACTIVO' => '1',
  'S_LOGO' => '7',
  'S_MUESTRA_VIDEO' => '1',
) 
2015-01-09 11:59:09 --> se va a extraer informacion del area  
2015-01-09 11:59:09 --> la informacion del area es array (
  'AR_ID' => '2',
  'AR_NOMBRE' => 'APORTES',
  'AR_DESCRIPCION' => 'Pensiones Incapacidades Cesantias Cartas FNA',
  'AR_C_ID' => '1',
  'AR_ACTIVO' => '1',
  'AR_ALIAS' => 'A',
  'AR_MOSTRAR_NOMBRE_PANTALLA' => '0',
) 
2015-01-09 11:59:09 --> se va a crear el turno 
2015-01-09 11:59:09 --> se creo el turno 14 del area A 

2015-01-09 11:59:58 --> get_areas 1 
2015-01-09 11:59:58 --> buscando areas del cliente 
2015-01-09 12:00:06 --> crear el consumidor 
2015-01-09 12:00:06 --> se creo el consumidor 29933 
2015-01-09 12:00:06 --> la informacion de la sede es array (
  'S_ID' => '4',
  'S_NOMBRE' => 'OCCIDENTE',
  'S_DESCRIPCION' => 'Sedle para atender los casos de la regional occidente',
  'S_C_ID' => '1',
  'S_CANTIDAD_ENCUESTAS' => '10',
  'S_ACTIVO' => '1',
  'S_LOGO' => '7',
  'S_MUESTRA_VIDEO' => '1',
) 
2015-01-09 12:00:06 --> se va a extraer informacion del area  
2015-01-09 12:00:06 --> la informacion del area es array (
  'AR_ID' => '1',
  'AR_NOMBRE' => 'GERENCIA_DEL_SERVICIO',
  'AR_DESCRIPCION' => 'Cartas punto de venta Cartas de renuncia',
  'AR_C_ID' => '1',
  'AR_ACTIVO' => '1',
  'AR_ALIAS' => 'GS',
  'AR_MOSTRAR_NOMBRE_PANTALLA' => '0',
) 
2015-01-09 12:00:06 --> se va a crear el turno 
2015-01-09 12:00:06 --> se creo el turno 12 del area GS 

2015-01-09 12:10:46 --> get_areas 1 
2015-01-09 12:10:46 --> buscando areas del cliente 
2015-01-09 12:11:05 --> crear el consumidor 
2015-01-09 12:11:05 --> se creo el consumidor 29935 
2015-01-09 12:11:05 --> la informacion de la sede es array (
  'S_ID' => '4',
  'S_NOMBRE' => 'OCCIDENTE',
  'S_DESCRIPCION' => 'Sedle para atender los casos de la regional occidente',
  'S_C_ID' => '1',
  'S_CANTIDAD_ENCUESTAS' => '10',
  'S_ACTIVO' => '1',
  'S_LOGO' => '7',
  'S_MUESTRA_VIDEO' => '1',
) 
2015-01-09 12:11:05 --> se va a extraer informacion del area  
2015-01-09 12:11:05 --> la informacion del area es array (
  'AR_ID' => '2',
  'AR_NOMBRE' => 'APORTES',
  'AR_DESCRIPCION' => 'Pensiones Incapacidades Cesantias Cartas FNA',
  'AR_C_ID' => '1',
  'AR_ACTIVO' => '1',
  'AR_ALIAS' => 'A',
  'AR_MOSTRAR_NOMBRE_PANTALLA' => '0',
) 
2015-01-09 12:11:05 --> se va a crear el turno 
2015-01-09 12:11:05 --> se creo el turno 15 del area A 

2015-01-09 12:16:29 --> get_areas 1 
2015-01-09 12:16:29 --> buscando areas del cliente 
2015-01-09 12:16:41 --> crear el consumidor 
2015-01-09 12:16:41 --> se creo el consumidor 29936 
2015-01-09 12:16:41 --> la informacion de la sede es array (
  'S_ID' => '4',
  'S_NOMBRE' => 'OCCIDENTE',
  'S_DESCRIPCION' => 'Sedle para atender los casos de la regional occidente',
  'S_C_ID' => '1',
  'S_CANTIDAD_ENCUESTAS' => '10',
  'S_ACTIVO' => '1',
  'S_LOGO' => '7',
  'S_MUESTRA_VIDEO' => '1',
) 
2015-01-09 12:16:41 --> se va a extraer informacion del area  
2015-01-09 12:16:41 --> la informacion del area es array (
  'AR_ID' => '2',
  'AR_NOMBRE' => 'APORTES',
  'AR_DESCRIPCION' => 'Pensiones Incapacidades Cesantias Cartas FNA',
  'AR_C_ID' => '1',
  'AR_ACTIVO' => '1',
  'AR_ALIAS' => 'A',
  'AR_MOSTRAR_NOMBRE_PANTALLA' => '0',
) 
2015-01-09 12:16:41 --> se va a crear el turno 
2015-01-09 12:16:41 --> se creo el turno 16 del area A 

2015-01-09 12:17:58 --> get_areas 1 
2015-01-09 12:17:58 --> buscando areas del cliente 

2015-01-09 12:42:24 --> get_areas 1 
2015-01-09 12:42:24 --> buscando areas del cliente 

2015-01-09 14:15:16 --> get_areas 1 
2015-01-09 14:15:16 --> buscando areas del cliente 
2015-01-09 14:15:20 --> crear el consumidor 
2015-01-09 14:15:20 --> se creo el consumidor 29944 
2015-01-09 14:15:20 --> la informacion de la sede es array (
  'S_ID' => '4',
  'S_NOMBRE' => 'OCCIDENTE',
  'S_DESCRIPCION' => 'Sedle para atender los casos de la regional occidente',
  'S_C_ID' => '1',
  'S_CANTIDAD_ENCUESTAS' => '10',
  'S_ACTIVO' => '1',
  'S_LOGO' => '7',
  'S_MUESTRA_VIDEO' => '1',
) 
2015-01-09 14:15:20 --> se va a extraer informacion del area  
2015-01-09 14:15:20 --> la informacion del area es array (
  'AR_ID' => '2',
  'AR_NOMBRE' => 'APORTES',
  'AR_DESCRIPCION' => 'Pensiones Incapacidades Cesantias Cartas FNA',
  'AR_C_ID' => '1',
  'AR_ACTIVO' => '1',
  'AR_ALIAS' => 'A',
  'AR_MOSTRAR_NOMBRE_PANTALLA' => '0',
) 
2015-01-09 14:15:20 --> se va a crear el turno 
2015-01-09 14:15:20 --> se creo el turno 17 del area A 

2015-01-09 14:21:51 --> get_areas 1 
2015-01-09 14:21:51 --> buscando areas del cliente 
2015-01-09 14:22:14 --> crear el consumidor 
2015-01-09 14:22:14 --> se creo el consumidor 29945 
2015-01-09 14:22:14 --> la informacion de la sede es array (
  'S_ID' => '4',
  'S_NOMBRE' => 'OCCIDENTE',
  'S_DESCRIPCION' => 'Sedle para atender los casos de la regional occidente',
  'S_C_ID' => '1',
  'S_CANTIDAD_ENCUESTAS' => '10',
  'S_ACTIVO' => '1',
  'S_LOGO' => '7',
  'S_MUESTRA_VIDEO' => '1',
) 
2015-01-09 14:22:14 --> se va a extraer informacion del area  
2015-01-09 14:22:14 --> la informacion del area es array (
  'AR_ID' => '1',
  'AR_NOMBRE' => 'GERENCIA_DEL_SERVICIO',
  'AR_DESCRIPCION' => 'Cartas punto de venta Cartas de renuncia',
  'AR_C_ID' => '1',
  'AR_ACTIVO' => '1',
  'AR_ALIAS' => 'GS',
  'AR_MOSTRAR_NOMBRE_PANTALLA' => '0',
) 
2015-01-09 14:22:14 --> se va a crear el turno 
2015-01-09 14:22:14 --> se creo el turno 13 del area GS 

2015-01-09 14:37:46 --> get_areas 1 
2015-01-09 14:37:46 --> buscando areas del cliente 
2015-01-09 14:37:55 --> crear el consumidor 
2015-01-09 14:37:55 --> se creo el consumidor 29948 
2015-01-09 14:37:55 --> la informacion de la sede es array (
  'S_ID' => '2',
  'S_NOMBRE' => 'CENTRO',
  'S_DESCRIPCION' => 'Sede para atender los casos de la regional centro',
  'S_C_ID' => '1',
  'S_CANTIDAD_ENCUESTAS' => '10',
  'S_ACTIVO' => '1',
  'S_LOGO' => '7',
  'S_MUESTRA_VIDEO' => '0',
) 
2015-01-09 14:37:55 --> se va a extraer informacion del area  
2015-01-09 14:37:55 --> la informacion del area es array (
  'AR_ID' => '1',
  'AR_NOMBRE' => 'GERENCIA_DEL_SERVICIO',
  'AR_DESCRIPCION' => 'Cartas punto de venta Cartas de renuncia',
  'AR_C_ID' => '1',
  'AR_ACTIVO' => '1',
  'AR_ALIAS' => 'GS',
  'AR_MOSTRAR_NOMBRE_PANTALLA' => '0',
) 
2015-01-09 14:37:55 --> se va a crear el turno 
2015-01-09 14:37:55 --> se creo el turno 27 del area GS 

2015-01-09 14:39:33 --> get_areas 1 
2015-01-09 14:39:33 --> buscando areas del cliente 
2015-01-09 14:39:47 --> crear el consumidor 
2015-01-09 14:39:47 --> se creo el consumidor 29949 
2015-01-09 14:39:47 --> la informacion de la sede es array (
  'S_ID' => '4',
  'S_NOMBRE' => 'OCCIDENTE',
  'S_DESCRIPCION' => 'Sedle para atender los casos de la regional occidente',
  'S_C_ID' => '1',
  'S_CANTIDAD_ENCUESTAS' => '10',
  'S_ACTIVO' => '1',
  'S_LOGO' => '7',
  'S_MUESTRA_VIDEO' => '1',
) 
2015-01-09 14:39:47 --> se va a extraer informacion del area  
2015-01-09 14:39:47 --> la informacion del area es array (
  'AR_ID' => '5',
  'AR_NOMBRE' => 'OTROS',
  'AR_DESCRIPCION' => 'Otros',
  'AR_C_ID' => '1',
  'AR_ACTIVO' => '1',
  'AR_ALIAS' => 'O',
  'AR_MOSTRAR_NOMBRE_PANTALLA' => '0',
) 
2015-01-09 14:39:47 --> se va a crear el turno 
2015-01-09 14:39:47 --> se creo el turno 5 del area O 

2015-01-09 14:50:28 --> get_areas 1 
2015-01-09 14:50:28 --> buscando areas del cliente 
2015-01-09 14:50:44 --> crear el consumidor 
2015-01-09 14:50:44 --> se creo el consumidor 29952 
2015-01-09 14:50:44 --> la informacion de la sede es array (
  'S_ID' => '4',
  'S_NOMBRE' => 'OCCIDENTE',
  'S_DESCRIPCION' => 'Sedle para atender los casos de la regional occidente',
  'S_C_ID' => '1',
  'S_CANTIDAD_ENCUESTAS' => '10',
  'S_ACTIVO' => '1',
  'S_LOGO' => '7',
  'S_MUESTRA_VIDEO' => '1',
) 
2015-01-09 14:50:44 --> se va a extraer informacion del area  
2015-01-09 14:50:44 --> la informacion del area es array (
  'AR_ID' => '8',
  'AR_NOMBRE' => 'COMPENSACION_SALARIAL',
  'AR_DESCRIPCION' => 'Informacion pago nomina y liquidaciones',
  'AR_C_ID' => '1',
  'AR_ACTIVO' => '1',
  'AR_ALIAS' => 'CS',
  'AR_MOSTRAR_NOMBRE_PANTALLA' => '0',
) 
2015-01-09 14:50:44 --> se va a crear el turno 
2015-01-09 14:50:44 --> se creo el turno 3 del area CS 

2015-01-09 14:54:01 --> get_areas 1 
2015-01-09 14:54:01 --> buscando areas del cliente 
2015-01-09 14:54:20 --> crear el consumidor 
2015-01-09 14:54:20 --> se creo el consumidor 29953 
2015-01-09 14:54:20 --> la informacion de la sede es array (
  'S_ID' => '4',
  'S_NOMBRE' => 'OCCIDENTE',
  'S_DESCRIPCION' => 'Sedle para atender los casos de la regional occidente',
  'S_C_ID' => '1',
  'S_CANTIDAD_ENCUESTAS' => '10',
  'S_ACTIVO' => '1',
  'S_LOGO' => '7',
  'S_MUESTRA_VIDEO' => '1',
) 
2015-01-09 14:54:20 --> se va a extraer informacion del area  
2015-01-09 14:54:20 --> la informacion del area es array (
  'AR_ID' => '5',
  'AR_NOMBRE' => 'OTROS',
  'AR_DESCRIPCION' => 'Otros',
  'AR_C_ID' => '1',
  'AR_ACTIVO' => '1',
  'AR_ALIAS' => 'O',
  'AR_MOSTRAR_NOMBRE_PANTALLA' => '0',
) 
2015-01-09 14:54:20 --> se va a crear el turno 
2015-01-09 14:54:20 --> se creo el turno 6 del area O 

2015-01-09 15:09:53 --> get_areas 1 
2015-01-09 15:09:53 --> buscando areas del cliente 
2015-01-09 15:10:13 --> crear el consumidor 
2015-01-09 15:10:13 --> se creo el consumidor 29955 
2015-01-09 15:10:13 --> la informacion de la sede es array (
  'S_ID' => '4',
  'S_NOMBRE' => 'OCCIDENTE',
  'S_DESCRIPCION' => 'Sedle para atender los casos de la regional occidente',
  'S_C_ID' => '1',
  'S_CANTIDAD_ENCUESTAS' => '10',
  'S_ACTIVO' => '1',
  'S_LOGO' => '7',
  'S_MUESTRA_VIDEO' => '1',
) 
2015-01-09 15:10:13 --> se va a extraer informacion del area  
2015-01-09 15:10:13 --> la informacion del area es array (
  'AR_ID' => '2',
  'AR_NOMBRE' => 'APORTES',
  'AR_DESCRIPCION' => 'Pensiones Incapacidades Cesantias Cartas FNA',
  'AR_C_ID' => '1',
  'AR_ACTIVO' => '1',
  'AR_ALIAS' => 'A',
  'AR_MOSTRAR_NOMBRE_PANTALLA' => '0',
) 
2015-01-09 15:10:13 --> se va a crear el turno 
2015-01-09 15:10:13 --> se creo el turno 18 del area A 

2015-01-09 15:22:50 --> get_areas 1 
2015-01-09 15:22:50 --> buscando areas del cliente 

2015-01-09 15:24:37 --> get_areas 1 
2015-01-09 15:24:37 --> buscando areas del cliente 
2015-01-09 15:24:40 --> crear el consumidor 
2015-01-09 15:24:40 --> se creo el consumidor 29956 
2015-01-09 15:24:40 --> la informacion de la sede es array (
  'S_ID' => '4',
  'S_NOMBRE' => 'OCCIDENTE',
  'S_DESCRIPCION' => 'Sedle para atender los casos de la regional occidente',
  'S_C_ID' => '1',
  'S_CANTIDAD_ENCUESTAS' => '10',
  'S_ACTIVO' => '1',
  'S_LOGO' => '7',
  'S_MUESTRA_VIDEO' => '1',
) 
2015-01-09 15:24:40 --> se va a extraer informacion del area  
2015-01-09 15:24:40 --> la informacion del area es array (
  'AR_ID' => '2',
  'AR_NOMBRE' => 'APORTES',
  'AR_DESCRIPCION' => 'Pensiones Incapacidades Cesantias Cartas FNA',
  'AR_C_ID' => '1',
  'AR_ACTIVO' => '1',
  'AR_ALIAS' => 'A',
  'AR_MOSTRAR_NOMBRE_PANTALLA' => '0',
) 
2015-01-09 15:24:40 --> se va a crear el turno 
2015-01-09 15:24:40 --> se creo el turno 19 del area A 

2015-01-09 15:36:50 --> get_areas 1 
2015-01-09 15:36:50 --> buscando areas del cliente 
2015-01-09 15:37:01 --> crear el consumidor 
2015-01-09 15:37:01 --> se creo el consumidor 29958 
2015-01-09 15:37:01 --> la informacion de la sede es array (
  'S_ID' => '4',
  'S_NOMBRE' => 'OCCIDENTE',
  'S_DESCRIPCION' => 'Sedle para atender los casos de la regional occidente',
  'S_C_ID' => '1',
  'S_CANTIDAD_ENCUESTAS' => '10',
  'S_ACTIVO' => '1',
  'S_LOGO' => '7',
  'S_MUESTRA_VIDEO' => '1',
) 
2015-01-09 15:37:01 --> se va a extraer informacion del area  
2015-01-09 15:37:01 --> la informacion del area es array (
  'AR_ID' => '3',
  'AR_NOMBRE' => 'SEGUIMIENTO_AL_SERVICIO',
  'AR_DESCRIPCION' => 'SQR certificados especiales claves portal web',
  'AR_C_ID' => '1',
  'AR_ACTIVO' => '1',
  'AR_ALIAS' => 'SAS',
  'AR_MOSTRAR_NOMBRE_PANTALLA' => '0',
) 
2015-01-09 15:37:01 --> se va a crear el turno 
2015-01-09 15:37:01 --> se creo el turno 6 del area SAS 

2015-01-09 15:45:54 --> get_areas 1 
2015-01-09 15:45:54 --> buscando areas del cliente 
2015-01-09 15:46:14 --> crear el consumidor 
2015-01-09 15:46:15 --> se creo el consumidor 29962 
2015-01-09 15:46:15 --> la informacion de la sede es array (
  'S_ID' => '4',
  'S_NOMBRE' => 'OCCIDENTE',
  'S_DESCRIPCION' => 'Sedle para atender los casos de la regional occidente',
  'S_C_ID' => '1',
  'S_CANTIDAD_ENCUESTAS' => '10',
  'S_ACTIVO' => '1',
  'S_LOGO' => '7',
  'S_MUESTRA_VIDEO' => '1',
) 
2015-01-09 15:46:15 --> se va a extraer informacion del area  
2015-01-09 15:46:15 --> la informacion del area es array (
  'AR_ID' => '5',
  'AR_NOMBRE' => 'OTROS',
  'AR_DESCRIPCION' => 'Otros',
  'AR_C_ID' => '1',
  'AR_ACTIVO' => '1',
  'AR_ALIAS' => 'O',
  'AR_MOSTRAR_NOMBRE_PANTALLA' => '0',
) 
2015-01-09 15:46:15 --> se va a crear el turno 
2015-01-09 15:46:15 --> se creo el turno 7 del area O 

2015-01-09 16:24:29 --> get_areas 1 
2015-01-09 16:24:29 --> buscando areas del cliente 
2015-01-09 16:24:43 --> crear el consumidor 
2015-01-09 16:24:43 --> se creo el consumidor 29969 
2015-01-09 16:24:43 --> la informacion de la sede es array (
  'S_ID' => '4',
  'S_NOMBRE' => 'OCCIDENTE',
  'S_DESCRIPCION' => 'Sedle para atender los casos de la regional occidente',
  'S_C_ID' => '1',
  'S_CANTIDAD_ENCUESTAS' => '10',
  'S_ACTIVO' => '1',
  'S_LOGO' => '7',
  'S_MUESTRA_VIDEO' => '1',
) 
2015-01-09 16:24:43 --> se va a extraer informacion del area  
2015-01-09 16:24:43 --> la informacion del area es array (
  'AR_ID' => '1',
  'AR_NOMBRE' => 'GERENCIA_DEL_SERVICIO',
  'AR_DESCRIPCION' => 'Cartas punto de venta Cartas de renuncia',
  'AR_C_ID' => '1',
  'AR_ACTIVO' => '1',
  'AR_ALIAS' => 'GS',
  'AR_MOSTRAR_NOMBRE_PANTALLA' => '0',
) 
2015-01-09 16:24:43 --> se va a crear el turno 
2015-01-09 16:24:43 --> se creo el turno 14 del area GS 

2015-01-09 16:26:10 --> get_areas 1 
2015-01-09 16:26:10 --> buscando areas del cliente 
2015-01-09 16:26:52 --> crear el consumidor 
2015-01-09 16:26:52 --> se creo el consumidor 29970 
2015-01-09 16:26:52 --> la informacion de la sede es array (
  'S_ID' => '4',
  'S_NOMBRE' => 'OCCIDENTE',
  'S_DESCRIPCION' => 'Sedle para atender los casos de la regional occidente',
  'S_C_ID' => '1',
  'S_CANTIDAD_ENCUESTAS' => '10',
  'S_ACTIVO' => '1',
  'S_LOGO' => '7',
  'S_MUESTRA_VIDEO' => '1',
) 
2015-01-09 16:26:52 --> se va a extraer informacion del area  
2015-01-09 16:26:52 --> la informacion del area es array (
  'AR_ID' => '8',
  'AR_NOMBRE' => 'COMPENSACION_SALARIAL',
  'AR_DESCRIPCION' => 'Informacion pago nomina y liquidaciones',
  'AR_C_ID' => '1',
  'AR_ACTIVO' => '1',
  'AR_ALIAS' => 'CS',
  'AR_MOSTRAR_NOMBRE_PANTALLA' => '0',
) 
2015-01-09 16:26:52 --> se va a crear el turno 
2015-01-09 16:26:52 --> se creo el turno 4 del area CS 

2015-01-09 19:38:17 --> get_areas 1 
2015-01-09 19:38:17 --> buscando areas del cliente 
2015-01-09 19:38:25 --> crear el consumidor 
2015-01-09 19:38:25 --> se creo el consumidor 29984 
2015-01-09 19:38:25 --> la informacion de la sede es array (
  'S_ID' => '4',
  'S_NOMBRE' => 'OCCIDENTE',
  'S_DESCRIPCION' => 'Sedle para atender los casos de la regional occidente',
  'S_C_ID' => '1',
  'S_CANTIDAD_ENCUESTAS' => '10',
  'S_ACTIVO' => '1',
  'S_LOGO' => '7',
  'S_MUESTRA_VIDEO' => '1',
) 
2015-01-09 19:38:25 --> se va a extraer informacion del area  
2015-01-09 19:38:25 --> la informacion del area es array (
  'AR_ID' => '5',
  'AR_NOMBRE' => 'OTROS',
  'AR_DESCRIPCION' => 'Otros',
  'AR_C_ID' => '1',
  'AR_ACTIVO' => '1',
  'AR_ALIAS' => 'O',
  'AR_MOSTRAR_NOMBRE_PANTALLA' => '0',
) 
2015-01-09 19:38:25 --> se va a crear el turno 
2015-01-09 19:38:25 --> se creo el turno 8 del area O 

2015-01-09 21:34:45 --> get_areas 1 
2015-01-09 21:34:45 --> buscando areas del cliente 
2015-01-09 21:34:56 --> crear el consumidor 
2015-01-09 21:34:56 --> se creo el consumidor 29985 
2015-01-09 21:34:56 --> la informacion de la sede es array (
  'S_ID' => '4',
  'S_NOMBRE' => 'OCCIDENTE',
  'S_DESCRIPCION' => 'Sedle para atender los casos de la regional occidente',
  'S_C_ID' => '1',
  'S_CANTIDAD_ENCUESTAS' => '10',
  'S_ACTIVO' => '1',
  'S_LOGO' => '7',
  'S_MUESTRA_VIDEO' => '1',
) 
2015-01-09 21:34:56 --> se va a extraer informacion del area  
2015-01-09 21:34:56 --> la informacion del area es array (
  'AR_ID' => '8',
  'AR_NOMBRE' => 'COMPENSACION_SALARIAL',
  'AR_DESCRIPCION' => 'Informacion pago nomina y liquidaciones',
  'AR_C_ID' => '1',
  'AR_ACTIVO' => '1',
  'AR_ALIAS' => 'CS',
  'AR_MOSTRAR_NOMBRE_PANTALLA' => '0',
) 
2015-01-09 21:34:56 --> se va a crear el turno 
2015-01-09 21:34:56 --> se creo el turno 5 del area CS 
