
2015-01-08 08:11:46 --> get_areas 1 
2015-01-08 08:11:46 --> buscando areas del cliente 
2015-01-08 08:11:48 --> crear el consumidor 
2015-01-08 08:11:48 --> se creo el consumidor 29583 
2015-01-08 08:11:48 --> la informacion de la sede es array (
  'S_ID' => '5',
  'S_NOMBRE' => 'ORIENTE',
  'S_DESCRIPCION' => 'Sede para gestionar los casos de la regional Oriente',
  'S_C_ID' => '1',
  'S_CANTIDAD_ENCUESTAS' => '10',
  'S_ACTIVO' => '1',
  'S_LOGO' => '7',
  'S_MUESTRA_VIDEO' => '0',
) 
2015-01-08 08:11:48 --> se va a extraer informacion del area  
2015-01-08 08:11:48 --> la informacion del area es array (
  'AR_ID' => '1',
  'AR_NOMBRE' => 'GERENCIA_DEL_SERVICIO',
  'AR_DESCRIPCION' => 'Cartas punto de venta Cartas de renuncia',
  'AR_C_ID' => '1',
  'AR_ACTIVO' => '1',
  'AR_ALIAS' => 'GS',
  'AR_MOSTRAR_NOMBRE_PANTALLA' => '0',
) 
2015-01-08 08:11:48 --> se va a crear el turno 
2015-01-08 08:11:48 --> se creo el turno 4 del area GS 

2015-01-08 08:12:19 --> get_areas 1 
2015-01-08 08:12:19 --> buscando areas del cliente 
2015-01-08 08:12:32 --> crear el consumidor 
2015-01-08 08:12:32 --> se creo el consumidor 29584 
2015-01-08 08:12:32 --> la informacion de la sede es array (
  'S_ID' => '4',
  'S_NOMBRE' => 'OCCIDENTE',
  'S_DESCRIPCION' => 'Sedle para atender los casos de la regional occidente',
  'S_C_ID' => '1',
  'S_CANTIDAD_ENCUESTAS' => '10',
  'S_ACTIVO' => '1',
  'S_LOGO' => '7',
  'S_MUESTRA_VIDEO' => '1',
) 
2015-01-08 08:12:32 --> se va a extraer informacion del area  
2015-01-08 08:12:32 --> la informacion del area es array (
  'AR_ID' => '2',
  'AR_NOMBRE' => 'APORTES',
  'AR_DESCRIPCION' => 'Pensiones Incapacidades Cesantias Cartas FNA',
  'AR_C_ID' => '1',
  'AR_ACTIVO' => '1',
  'AR_ALIAS' => 'A',
  'AR_MOSTRAR_NOMBRE_PANTALLA' => '0',
) 
2015-01-08 08:12:32 --> se va a crear el turno 
2015-01-08 08:12:32 --> se creo el turno 1 del area A 

2015-01-08 08:31:06 --> get_areas 1 
2015-01-08 08:31:06 --> buscando areas del cliente 
2015-01-08 08:31:17 --> crear el consumidor 
2015-01-08 08:31:17 --> se creo el consumidor 29595 
2015-01-08 08:31:17 --> la informacion de la sede es array (
  'S_ID' => '4',
  'S_NOMBRE' => 'OCCIDENTE',
  'S_DESCRIPCION' => 'Sedle para atender los casos de la regional occidente',
  'S_C_ID' => '1',
  'S_CANTIDAD_ENCUESTAS' => '10',
  'S_ACTIVO' => '1',
  'S_LOGO' => '7',
  'S_MUESTRA_VIDEO' => '1',
) 
2015-01-08 08:31:17 --> se va a extraer informacion del area  
2015-01-08 08:31:17 --> la informacion del area es array (
  'AR_ID' => '5',
  'AR_NOMBRE' => 'OTROS',
  'AR_DESCRIPCION' => 'Otros',
  'AR_C_ID' => '1',
  'AR_ACTIVO' => '1',
  'AR_ALIAS' => 'O',
  'AR_MOSTRAR_NOMBRE_PANTALLA' => '0',
) 
2015-01-08 08:31:17 --> se va a crear el turno 
2015-01-08 08:31:17 --> se creo el turno 1 del area O 

2015-01-08 08:42:45 --> get_areas 1 
2015-01-08 08:42:45 --> buscando areas del cliente 
2015-01-08 08:43:05 --> crear el consumidor 
2015-01-08 08:43:05 --> se creo el consumidor 29602 
2015-01-08 08:43:05 --> la informacion de la sede es array (
  'S_ID' => '4',
  'S_NOMBRE' => 'OCCIDENTE',
  'S_DESCRIPCION' => 'Sedle para atender los casos de la regional occidente',
  'S_C_ID' => '1',
  'S_CANTIDAD_ENCUESTAS' => '10',
  'S_ACTIVO' => '1',
  'S_LOGO' => '7',
  'S_MUESTRA_VIDEO' => '1',
) 
2015-01-08 08:43:05 --> se va a extraer informacion del area  
2015-01-08 08:43:05 --> la informacion del area es array (
  'AR_ID' => '1',
  'AR_NOMBRE' => 'GERENCIA_DEL_SERVICIO',
  'AR_DESCRIPCION' => 'Cartas punto de venta Cartas de renuncia',
  'AR_C_ID' => '1',
  'AR_ACTIVO' => '1',
  'AR_ALIAS' => 'GS',
  'AR_MOSTRAR_NOMBRE_PANTALLA' => '0',
) 
2015-01-08 08:43:05 --> se va a crear el turno 
2015-01-08 08:43:05 --> se creo el turno 1 del area GS 

2015-01-08 08:56:04 --> get_areas 1 
2015-01-08 08:56:04 --> buscando areas del cliente 
2015-01-08 08:56:27 --> crear el consumidor 
2015-01-08 08:56:27 --> se creo el consumidor 29606 
2015-01-08 08:56:27 --> la informacion de la sede es array (
  'S_ID' => '2',
  'S_NOMBRE' => 'CENTRO',
  'S_DESCRIPCION' => 'Sede para atender los casos de la regional centro',
  'S_C_ID' => '1',
  'S_CANTIDAD_ENCUESTAS' => '10',
  'S_ACTIVO' => '1',
  'S_LOGO' => '7',
  'S_MUESTRA_VIDEO' => '0',
) 
2015-01-08 08:56:27 --> se va a extraer informacion del area  
2015-01-08 08:56:27 --> la informacion del area es array (
  'AR_ID' => '8',
  'AR_NOMBRE' => 'COMPENSACION_SALARIAL',
  'AR_DESCRIPCION' => 'Informacion pago nomina y liquidaciones',
  'AR_C_ID' => '1',
  'AR_ACTIVO' => '1',
  'AR_ALIAS' => 'CS',
  'AR_MOSTRAR_NOMBRE_PANTALLA' => '0',
) 
2015-01-08 08:56:27 --> se va a crear el turno 
2015-01-08 08:56:27 --> se creo el turno 1 del area CS 

2015-01-08 09:00:21 --> get_areas 1 
2015-01-08 09:00:21 --> buscando areas del cliente 
2015-01-08 09:01:04 --> crear el consumidor 
2015-01-08 09:01:04 --> se creo el consumidor 29607 
2015-01-08 09:01:04 --> la informacion de la sede es array (
  'S_ID' => '4',
  'S_NOMBRE' => 'OCCIDENTE',
  'S_DESCRIPCION' => 'Sedle para atender los casos de la regional occidente',
  'S_C_ID' => '1',
  'S_CANTIDAD_ENCUESTAS' => '10',
  'S_ACTIVO' => '1',
  'S_LOGO' => '7',
  'S_MUESTRA_VIDEO' => '1',
) 
2015-01-08 09:01:04 --> se va a extraer informacion del area  
2015-01-08 09:01:04 --> la informacion del area es array (
  'AR_ID' => '5',
  'AR_NOMBRE' => 'OTROS',
  'AR_DESCRIPCION' => 'Otros',
  'AR_C_ID' => '1',
  'AR_ACTIVO' => '1',
  'AR_ALIAS' => 'O',
  'AR_MOSTRAR_NOMBRE_PANTALLA' => '0',
) 
2015-01-08 09:01:04 --> se va a crear el turno 
2015-01-08 09:01:04 --> se creo el turno 2 del area O 

2015-01-08 09:08:20 --> get_areas 1 
2015-01-08 09:08:20 --> buscando areas del cliente 
2015-01-08 09:08:40 --> crear el consumidor 
2015-01-08 09:08:40 --> se creo el consumidor 29608 
2015-01-08 09:08:40 --> la informacion de la sede es array (
  'S_ID' => '4',
  'S_NOMBRE' => 'OCCIDENTE',
  'S_DESCRIPCION' => 'Sedle para atender los casos de la regional occidente',
  'S_C_ID' => '1',
  'S_CANTIDAD_ENCUESTAS' => '10',
  'S_ACTIVO' => '1',
  'S_LOGO' => '7',
  'S_MUESTRA_VIDEO' => '1',
) 
2015-01-08 09:08:40 --> se va a extraer informacion del area  
2015-01-08 09:08:40 --> la informacion del area es array (
  'AR_ID' => '3',
  'AR_NOMBRE' => 'SEGUIMIENTO_AL_SERVICIO',
  'AR_DESCRIPCION' => 'SQR certificados especiales claves portal web',
  'AR_C_ID' => '1',
  'AR_ACTIVO' => '1',
  'AR_ALIAS' => 'SAS',
  'AR_MOSTRAR_NOMBRE_PANTALLA' => '0',
) 
2015-01-08 09:08:40 --> se va a crear el turno 
2015-01-08 09:08:40 --> se creo el turno 1 del area SAS 

2015-01-08 09:39:29 --> get_areas 1 
2015-01-08 09:39:29 --> buscando areas del cliente 
2015-01-08 09:39:38 --> crear el consumidor 
2015-01-08 09:39:38 --> se creo el consumidor 29635 
2015-01-08 09:39:38 --> la informacion de la sede es array (
  'S_ID' => '4',
  'S_NOMBRE' => 'OCCIDENTE',
  'S_DESCRIPCION' => 'Sedle para atender los casos de la regional occidente',
  'S_C_ID' => '1',
  'S_CANTIDAD_ENCUESTAS' => '10',
  'S_ACTIVO' => '1',
  'S_LOGO' => '7',
  'S_MUESTRA_VIDEO' => '1',
) 
2015-01-08 09:39:38 --> se va a extraer informacion del area  
2015-01-08 09:39:38 --> la informacion del area es array (
  'AR_ID' => '2',
  'AR_NOMBRE' => 'APORTES',
  'AR_DESCRIPCION' => 'Pensiones Incapacidades Cesantias Cartas FNA',
  'AR_C_ID' => '1',
  'AR_ACTIVO' => '1',
  'AR_ALIAS' => 'A',
  'AR_MOSTRAR_NOMBRE_PANTALLA' => '0',
) 
2015-01-08 09:39:38 --> se va a crear el turno 
2015-01-08 09:39:38 --> se creo el turno 2 del area A 

2015-01-08 09:44:01 --> get_areas 1 
2015-01-08 09:44:01 --> buscando areas del cliente 
2015-01-08 09:44:13 --> crear el consumidor 
2015-01-08 09:44:13 --> se creo el consumidor 29641 
2015-01-08 09:44:13 --> la informacion de la sede es array (
  'S_ID' => '4',
  'S_NOMBRE' => 'OCCIDENTE',
  'S_DESCRIPCION' => 'Sedle para atender los casos de la regional occidente',
  'S_C_ID' => '1',
  'S_CANTIDAD_ENCUESTAS' => '10',
  'S_ACTIVO' => '1',
  'S_LOGO' => '7',
  'S_MUESTRA_VIDEO' => '1',
) 
2015-01-08 09:44:13 --> se va a extraer informacion del area  
2015-01-08 09:44:13 --> la informacion del area es array (
  'AR_ID' => '5',
  'AR_NOMBRE' => 'OTROS',
  'AR_DESCRIPCION' => 'Otros',
  'AR_C_ID' => '1',
  'AR_ACTIVO' => '1',
  'AR_ALIAS' => 'O',
  'AR_MOSTRAR_NOMBRE_PANTALLA' => '0',
) 
2015-01-08 09:44:13 --> se va a crear el turno 
2015-01-08 09:44:13 --> se creo el turno 3 del area O 

2015-01-08 09:52:12 --> get_areas 1 
2015-01-08 09:52:12 --> buscando areas del cliente 
2015-01-08 09:52:32 --> crear el consumidor 
2015-01-08 09:52:32 --> se creo el consumidor 29650 
2015-01-08 09:52:32 --> la informacion de la sede es array (
  'S_ID' => '4',
  'S_NOMBRE' => 'OCCIDENTE',
  'S_DESCRIPCION' => 'Sedle para atender los casos de la regional occidente',
  'S_C_ID' => '1',
  'S_CANTIDAD_ENCUESTAS' => '10',
  'S_ACTIVO' => '1',
  'S_LOGO' => '7',
  'S_MUESTRA_VIDEO' => '1',
) 
2015-01-08 09:52:32 --> se va a extraer informacion del area  
2015-01-08 09:52:32 --> la informacion del area es array (
  'AR_ID' => '3',
  'AR_NOMBRE' => 'SEGUIMIENTO_AL_SERVICIO',
  'AR_DESCRIPCION' => 'SQR certificados especiales claves portal web',
  'AR_C_ID' => '1',
  'AR_ACTIVO' => '1',
  'AR_ALIAS' => 'SAS',
  'AR_MOSTRAR_NOMBRE_PANTALLA' => '0',
) 
2015-01-08 09:52:32 --> se va a crear el turno 
2015-01-08 09:52:32 --> se creo el turno 2 del area SAS 

2015-01-08 10:02:30 --> get_areas 1 
2015-01-08 10:02:30 --> buscando areas del cliente 
2015-01-08 10:02:44 --> crear el consumidor 
2015-01-08 10:02:44 --> se creo el consumidor 29655 
2015-01-08 10:02:44 --> la informacion de la sede es array (
  'S_ID' => '4',
  'S_NOMBRE' => 'OCCIDENTE',
  'S_DESCRIPCION' => 'Sedle para atender los casos de la regional occidente',
  'S_C_ID' => '1',
  'S_CANTIDAD_ENCUESTAS' => '10',
  'S_ACTIVO' => '1',
  'S_LOGO' => '7',
  'S_MUESTRA_VIDEO' => '1',
) 
2015-01-08 10:02:44 --> se va a extraer informacion del area  
2015-01-08 10:02:44 --> la informacion del area es array (
  'AR_ID' => '5',
  'AR_NOMBRE' => 'OTROS',
  'AR_DESCRIPCION' => 'Otros',
  'AR_C_ID' => '1',
  'AR_ACTIVO' => '1',
  'AR_ALIAS' => 'O',
  'AR_MOSTRAR_NOMBRE_PANTALLA' => '0',
) 
2015-01-08 10:02:44 --> se va a crear el turno 
2015-01-08 10:02:44 --> se creo el turno 4 del area O 

2015-01-08 10:05:08 --> get_areas 1 
2015-01-08 10:05:08 --> buscando areas del cliente 
2015-01-08 10:05:26 --> crear el consumidor 
2015-01-08 10:05:26 --> se creo el consumidor 29656 
2015-01-08 10:05:26 --> la informacion de la sede es array (
  'S_ID' => '4',
  'S_NOMBRE' => 'OCCIDENTE',
  'S_DESCRIPCION' => 'Sedle para atender los casos de la regional occidente',
  'S_C_ID' => '1',
  'S_CANTIDAD_ENCUESTAS' => '10',
  'S_ACTIVO' => '1',
  'S_LOGO' => '7',
  'S_MUESTRA_VIDEO' => '1',
) 
2015-01-08 10:05:26 --> se va a extraer informacion del area  
2015-01-08 10:05:26 --> la informacion del area es array (
  'AR_ID' => '1',
  'AR_NOMBRE' => 'GERENCIA_DEL_SERVICIO',
  'AR_DESCRIPCION' => 'Cartas punto de venta Cartas de renuncia',
  'AR_C_ID' => '1',
  'AR_ACTIVO' => '1',
  'AR_ALIAS' => 'GS',
  'AR_MOSTRAR_NOMBRE_PANTALLA' => '0',
) 
2015-01-08 10:05:26 --> se va a crear el turno 
2015-01-08 10:05:26 --> se creo el turno 2 del area GS 

2015-01-08 10:06:08 --> get_areas 1 
2015-01-08 10:06:08 --> buscando areas del cliente 
2015-01-08 10:06:12 --> crear el consumidor 
2015-01-08 10:06:12 --> se creo el consumidor 29657 
2015-01-08 10:06:12 --> la informacion de la sede es array (
  'S_ID' => '4',
  'S_NOMBRE' => 'OCCIDENTE',
  'S_DESCRIPCION' => 'Sedle para atender los casos de la regional occidente',
  'S_C_ID' => '1',
  'S_CANTIDAD_ENCUESTAS' => '10',
  'S_ACTIVO' => '1',
  'S_LOGO' => '7',
  'S_MUESTRA_VIDEO' => '1',
) 
2015-01-08 10:06:12 --> se va a extraer informacion del area  
2015-01-08 10:06:12 --> la informacion del area es array (
  'AR_ID' => '1',
  'AR_NOMBRE' => 'GERENCIA_DEL_SERVICIO',
  'AR_DESCRIPCION' => 'Cartas punto de venta Cartas de renuncia',
  'AR_C_ID' => '1',
  'AR_ACTIVO' => '1',
  'AR_ALIAS' => 'GS',
  'AR_MOSTRAR_NOMBRE_PANTALLA' => '0',
) 
2015-01-08 10:06:12 --> se va a crear el turno 
2015-01-08 10:06:12 --> se creo el turno 3 del area GS 

2015-01-08 10:33:27 --> get_areas 1 
2015-01-08 10:33:27 --> buscando areas del cliente 
2015-01-08 10:33:38 --> crear el consumidor 
2015-01-08 10:33:38 --> se creo el consumidor 29662 
2015-01-08 10:33:38 --> la informacion de la sede es array (
  'S_ID' => '4',
  'S_NOMBRE' => 'OCCIDENTE',
  'S_DESCRIPCION' => 'Sedle para atender los casos de la regional occidente',
  'S_C_ID' => '1',
  'S_CANTIDAD_ENCUESTAS' => '10',
  'S_ACTIVO' => '1',
  'S_LOGO' => '7',
  'S_MUESTRA_VIDEO' => '1',
) 
2015-01-08 10:33:38 --> se va a extraer informacion del area  
2015-01-08 10:33:38 --> la informacion del area es array (
  'AR_ID' => '2',
  'AR_NOMBRE' => 'APORTES',
  'AR_DESCRIPCION' => 'Pensiones Incapacidades Cesantias Cartas FNA',
  'AR_C_ID' => '1',
  'AR_ACTIVO' => '1',
  'AR_ALIAS' => 'A',
  'AR_MOSTRAR_NOMBRE_PANTALLA' => '0',
) 
2015-01-08 10:33:38 --> se va a crear el turno 
2015-01-08 10:33:38 --> se creo el turno 3 del area A 

2015-01-08 10:43:13 --> get_areas 1 
2015-01-08 10:43:13 --> buscando areas del cliente 
2015-01-08 10:43:28 --> crear el consumidor 
2015-01-08 10:43:28 --> se creo el consumidor 29665 
2015-01-08 10:43:28 --> la informacion de la sede es array (
  'S_ID' => '4',
  'S_NOMBRE' => 'OCCIDENTE',
  'S_DESCRIPCION' => 'Sedle para atender los casos de la regional occidente',
  'S_C_ID' => '1',
  'S_CANTIDAD_ENCUESTAS' => '10',
  'S_ACTIVO' => '1',
  'S_LOGO' => '7',
  'S_MUESTRA_VIDEO' => '1',
) 
2015-01-08 10:43:28 --> se va a extraer informacion del area  
2015-01-08 10:43:28 --> la informacion del area es array (
  'AR_ID' => '8',
  'AR_NOMBRE' => 'COMPENSACION_SALARIAL',
  'AR_DESCRIPCION' => 'Informacion pago nomina y liquidaciones',
  'AR_C_ID' => '1',
  'AR_ACTIVO' => '1',
  'AR_ALIAS' => 'CS',
  'AR_MOSTRAR_NOMBRE_PANTALLA' => '0',
) 
2015-01-08 10:43:28 --> se va a crear el turno 
2015-01-08 10:43:28 --> se creo el turno 1 del area CS 

2015-01-08 10:49:35 --> get_areas 1 
2015-01-08 10:49:35 --> buscando areas del cliente 
2015-01-08 10:49:49 --> crear el consumidor 
2015-01-08 10:49:49 --> se creo el consumidor 29669 
2015-01-08 10:49:49 --> la informacion de la sede es array (
  'S_ID' => '4',
  'S_NOMBRE' => 'OCCIDENTE',
  'S_DESCRIPCION' => 'Sedle para atender los casos de la regional occidente',
  'S_C_ID' => '1',
  'S_CANTIDAD_ENCUESTAS' => '10',
  'S_ACTIVO' => '1',
  'S_LOGO' => '7',
  'S_MUESTRA_VIDEO' => '1',
) 
2015-01-08 10:49:49 --> se va a extraer informacion del area  
2015-01-08 10:49:49 --> la informacion del area es array (
  'AR_ID' => '2',
  'AR_NOMBRE' => 'APORTES',
  'AR_DESCRIPCION' => 'Pensiones Incapacidades Cesantias Cartas FNA',
  'AR_C_ID' => '1',
  'AR_ACTIVO' => '1',
  'AR_ALIAS' => 'A',
  'AR_MOSTRAR_NOMBRE_PANTALLA' => '0',
) 
2015-01-08 10:49:49 --> se va a crear el turno 
2015-01-08 10:49:49 --> se creo el turno 4 del area A 

2015-01-08 10:50:53 --> get_areas 1 
2015-01-08 10:50:53 --> buscando areas del cliente 
2015-01-08 10:51:04 --> crear el consumidor 
2015-01-08 10:51:04 --> se creo el consumidor 29670 
2015-01-08 10:51:04 --> la informacion de la sede es array (
  'S_ID' => '4',
  'S_NOMBRE' => 'OCCIDENTE',
  'S_DESCRIPCION' => 'Sedle para atender los casos de la regional occidente',
  'S_C_ID' => '1',
  'S_CANTIDAD_ENCUESTAS' => '10',
  'S_ACTIVO' => '1',
  'S_LOGO' => '7',
  'S_MUESTRA_VIDEO' => '1',
) 
2015-01-08 10:51:04 --> se va a extraer informacion del area  
2015-01-08 10:51:04 --> la informacion del area es array (
  'AR_ID' => '8',
  'AR_NOMBRE' => 'COMPENSACION_SALARIAL',
  'AR_DESCRIPCION' => 'Informacion pago nomina y liquidaciones',
  'AR_C_ID' => '1',
  'AR_ACTIVO' => '1',
  'AR_ALIAS' => 'CS',
  'AR_MOSTRAR_NOMBRE_PANTALLA' => '0',
) 
2015-01-08 10:51:04 --> se va a crear el turno 
2015-01-08 10:51:04 --> se creo el turno 2 del area CS 

2015-01-08 11:10:19 --> get_areas 1 
2015-01-08 11:10:19 --> buscando areas del cliente 
2015-01-08 11:10:30 --> crear el consumidor 
2015-01-08 11:10:30 --> se creo el consumidor 29673 
2015-01-08 11:10:30 --> la informacion de la sede es array (
  'S_ID' => '4',
  'S_NOMBRE' => 'OCCIDENTE',
  'S_DESCRIPCION' => 'Sedle para atender los casos de la regional occidente',
  'S_C_ID' => '1',
  'S_CANTIDAD_ENCUESTAS' => '10',
  'S_ACTIVO' => '1',
  'S_LOGO' => '7',
  'S_MUESTRA_VIDEO' => '1',
) 
2015-01-08 11:10:30 --> se va a extraer informacion del area  
2015-01-08 11:10:30 --> la informacion del area es array (
  'AR_ID' => '1',
  'AR_NOMBRE' => 'GERENCIA_DEL_SERVICIO',
  'AR_DESCRIPCION' => 'Cartas punto de venta Cartas de renuncia',
  'AR_C_ID' => '1',
  'AR_ACTIVO' => '1',
  'AR_ALIAS' => 'GS',
  'AR_MOSTRAR_NOMBRE_PANTALLA' => '0',
) 
2015-01-08 11:10:30 --> se va a crear el turno 
2015-01-08 11:10:30 --> se creo el turno 4 del area GS 

2015-01-08 11:11:55 --> get_areas 1 
2015-01-08 11:11:55 --> buscando areas del cliente 
2015-01-08 11:12:03 --> crear el consumidor 
2015-01-08 11:12:03 --> se creo el consumidor 29674 
2015-01-08 11:12:03 --> la informacion de la sede es array (
  'S_ID' => '4',
  'S_NOMBRE' => 'OCCIDENTE',
  'S_DESCRIPCION' => 'Sedle para atender los casos de la regional occidente',
  'S_C_ID' => '1',
  'S_CANTIDAD_ENCUESTAS' => '10',
  'S_ACTIVO' => '1',
  'S_LOGO' => '7',
  'S_MUESTRA_VIDEO' => '1',
) 
2015-01-08 11:12:03 --> se va a extraer informacion del area  
2015-01-08 11:12:03 --> la informacion del area es array (
  'AR_ID' => '1',
  'AR_NOMBRE' => 'GERENCIA_DEL_SERVICIO',
  'AR_DESCRIPCION' => 'Cartas punto de venta Cartas de renuncia',
  'AR_C_ID' => '1',
  'AR_ACTIVO' => '1',
  'AR_ALIAS' => 'GS',
  'AR_MOSTRAR_NOMBRE_PANTALLA' => '0',
) 
2015-01-08 11:12:03 --> se va a crear el turno 
2015-01-08 11:12:03 --> se creo el turno 5 del area GS 

2015-01-08 11:13:54 --> get_areas 1 
2015-01-08 11:13:54 --> buscando areas del cliente 

2015-01-08 11:14:12 --> get_areas 1 
2015-01-08 11:14:12 --> buscando areas del cliente 
2015-01-08 11:14:31 --> crear el consumidor 
2015-01-08 11:14:31 --> se creo el consumidor 29675 
2015-01-08 11:14:31 --> la informacion de la sede es array (
  'S_ID' => '4',
  'S_NOMBRE' => 'OCCIDENTE',
  'S_DESCRIPCION' => 'Sedle para atender los casos de la regional occidente',
  'S_C_ID' => '1',
  'S_CANTIDAD_ENCUESTAS' => '10',
  'S_ACTIVO' => '1',
  'S_LOGO' => '7',
  'S_MUESTRA_VIDEO' => '1',
) 
2015-01-08 11:14:31 --> se va a extraer informacion del area  
2015-01-08 11:14:31 --> la informacion del area es array (
  'AR_ID' => '5',
  'AR_NOMBRE' => 'OTROS',
  'AR_DESCRIPCION' => 'Otros',
  'AR_C_ID' => '1',
  'AR_ACTIVO' => '1',
  'AR_ALIAS' => 'O',
  'AR_MOSTRAR_NOMBRE_PANTALLA' => '0',
) 
2015-01-08 11:14:31 --> se va a crear el turno 
2015-01-08 11:14:31 --> se creo el turno 5 del area O 

2015-01-08 11:19:27 --> get_areas 1 
2015-01-08 11:19:27 --> buscando areas del cliente 
2015-01-08 11:19:45 --> crear el consumidor 
2015-01-08 11:19:45 --> se creo el consumidor 29679 
2015-01-08 11:19:45 --> la informacion de la sede es array (
  'S_ID' => '2',
  'S_NOMBRE' => 'CENTRO',
  'S_DESCRIPCION' => 'Sede para atender los casos de la regional centro',
  'S_C_ID' => '1',
  'S_CANTIDAD_ENCUESTAS' => '10',
  'S_ACTIVO' => '1',
  'S_LOGO' => '7',
  'S_MUESTRA_VIDEO' => '0',
) 
2015-01-08 11:19:45 --> se va a extraer informacion del area  
2015-01-08 11:19:45 --> la informacion del area es array (
  'AR_ID' => '5',
  'AR_NOMBRE' => 'OTROS',
  'AR_DESCRIPCION' => 'Otros',
  'AR_C_ID' => '1',
  'AR_ACTIVO' => '1',
  'AR_ALIAS' => 'O',
  'AR_MOSTRAR_NOMBRE_PANTALLA' => '0',
) 
2015-01-08 11:19:45 --> se va a crear el turno 
2015-01-08 11:19:45 --> se creo el turno 2 del area O 

2015-01-08 11:21:13 --> get_areas 1 
2015-01-08 11:21:13 --> buscando areas del cliente 
2015-01-08 11:21:26 --> crear el consumidor 
2015-01-08 11:21:26 --> se creo el consumidor 29681 
2015-01-08 11:21:26 --> la informacion de la sede es array (
  'S_ID' => '4',
  'S_NOMBRE' => 'OCCIDENTE',
  'S_DESCRIPCION' => 'Sedle para atender los casos de la regional occidente',
  'S_C_ID' => '1',
  'S_CANTIDAD_ENCUESTAS' => '10',
  'S_ACTIVO' => '1',
  'S_LOGO' => '7',
  'S_MUESTRA_VIDEO' => '1',
) 
2015-01-08 11:21:26 --> se va a extraer informacion del area  
2015-01-08 11:21:26 --> la informacion del area es array (
  'AR_ID' => '5',
  'AR_NOMBRE' => 'OTROS',
  'AR_DESCRIPCION' => 'Otros',
  'AR_C_ID' => '1',
  'AR_ACTIVO' => '1',
  'AR_ALIAS' => 'O',
  'AR_MOSTRAR_NOMBRE_PANTALLA' => '0',
) 
2015-01-08 11:21:26 --> se va a crear el turno 
2015-01-08 11:21:26 --> se creo el turno 6 del area O 

2015-01-08 11:22:17 --> get_areas 1 
2015-01-08 11:22:17 --> buscando areas del cliente 
2015-01-08 11:22:36 --> crear el consumidor 
2015-01-08 11:22:36 --> se creo el consumidor 29682 
2015-01-08 11:22:36 --> la informacion de la sede es array (
  'S_ID' => '4',
  'S_NOMBRE' => 'OCCIDENTE',
  'S_DESCRIPCION' => 'Sedle para atender los casos de la regional occidente',
  'S_C_ID' => '1',
  'S_CANTIDAD_ENCUESTAS' => '10',
  'S_ACTIVO' => '1',
  'S_LOGO' => '7',
  'S_MUESTRA_VIDEO' => '1',
) 
2015-01-08 11:22:36 --> se va a extraer informacion del area  
2015-01-08 11:22:36 --> la informacion del area es array (
  'AR_ID' => '8',
  'AR_NOMBRE' => 'COMPENSACION_SALARIAL',
  'AR_DESCRIPCION' => 'Informacion pago nomina y liquidaciones',
  'AR_C_ID' => '1',
  'AR_ACTIVO' => '1',
  'AR_ALIAS' => 'CS',
  'AR_MOSTRAR_NOMBRE_PANTALLA' => '0',
) 
2015-01-08 11:22:36 --> se va a crear el turno 
2015-01-08 11:22:36 --> se creo el turno 3 del area CS 

2015-01-08 11:28:57 --> get_areas 1 
2015-01-08 11:28:57 --> buscando areas del cliente 
2015-01-08 11:29:16 --> crear el consumidor 
2015-01-08 11:29:16 --> se creo el consumidor 29687 
2015-01-08 11:29:16 --> la informacion de la sede es array (
  'S_ID' => '4',
  'S_NOMBRE' => 'OCCIDENTE',
  'S_DESCRIPCION' => 'Sedle para atender los casos de la regional occidente',
  'S_C_ID' => '1',
  'S_CANTIDAD_ENCUESTAS' => '10',
  'S_ACTIVO' => '1',
  'S_LOGO' => '7',
  'S_MUESTRA_VIDEO' => '1',
) 
2015-01-08 11:29:16 --> se va a extraer informacion del area  
2015-01-08 11:29:16 --> la informacion del area es array (
  'AR_ID' => '5',
  'AR_NOMBRE' => 'OTROS',
  'AR_DESCRIPCION' => 'Otros',
  'AR_C_ID' => '1',
  'AR_ACTIVO' => '1',
  'AR_ALIAS' => 'O',
  'AR_MOSTRAR_NOMBRE_PANTALLA' => '0',
) 
2015-01-08 11:29:16 --> se va a crear el turno 
2015-01-08 11:29:16 --> se creo el turno 7 del area O 

2015-01-08 11:30:18 --> get_areas 1 
2015-01-08 11:30:18 --> buscando areas del cliente 
2015-01-08 11:30:50 --> crear el consumidor 
2015-01-08 11:30:50 --> se creo el consumidor 29688 
2015-01-08 11:30:50 --> la informacion de la sede es array (
  'S_ID' => '4',
  'S_NOMBRE' => 'OCCIDENTE',
  'S_DESCRIPCION' => 'Sedle para atender los casos de la regional occidente',
  'S_C_ID' => '1',
  'S_CANTIDAD_ENCUESTAS' => '10',
  'S_ACTIVO' => '1',
  'S_LOGO' => '7',
  'S_MUESTRA_VIDEO' => '1',
) 
2015-01-08 11:30:50 --> se va a extraer informacion del area  
2015-01-08 11:30:50 --> la informacion del area es array (
  'AR_ID' => '8',
  'AR_NOMBRE' => 'COMPENSACION_SALARIAL',
  'AR_DESCRIPCION' => 'Informacion pago nomina y liquidaciones',
  'AR_C_ID' => '1',
  'AR_ACTIVO' => '1',
  'AR_ALIAS' => 'CS',
  'AR_MOSTRAR_NOMBRE_PANTALLA' => '0',
) 
2015-01-08 11:30:50 --> se va a crear el turno 
2015-01-08 11:30:50 --> se creo el turno 4 del area CS 

2015-01-08 11:38:00 --> get_areas 1 
2015-01-08 11:38:00 --> buscando areas del cliente 
2015-01-08 11:38:22 --> crear el consumidor 
2015-01-08 11:38:22 --> se creo el consumidor 29692 
2015-01-08 11:38:22 --> la informacion de la sede es array (
  'S_ID' => '4',
  'S_NOMBRE' => 'OCCIDENTE',
  'S_DESCRIPCION' => 'Sedle para atender los casos de la regional occidente',
  'S_C_ID' => '1',
  'S_CANTIDAD_ENCUESTAS' => '10',
  'S_ACTIVO' => '1',
  'S_LOGO' => '7',
  'S_MUESTRA_VIDEO' => '1',
) 
2015-01-08 11:38:22 --> se va a extraer informacion del area  
2015-01-08 11:38:22 --> la informacion del area es array (
  'AR_ID' => '5',
  'AR_NOMBRE' => 'OTROS',
  'AR_DESCRIPCION' => 'Otros',
  'AR_C_ID' => '1',
  'AR_ACTIVO' => '1',
  'AR_ALIAS' => 'O',
  'AR_MOSTRAR_NOMBRE_PANTALLA' => '0',
) 
2015-01-08 11:38:22 --> se va a crear el turno 
2015-01-08 11:38:22 --> se creo el turno 8 del area O 

2015-01-08 11:52:36 --> get_areas 1 
2015-01-08 11:52:36 --> buscando areas del cliente 

2015-01-08 12:27:17 --> get_areas 1 
2015-01-08 12:27:17 --> buscando areas del cliente 
2015-01-08 12:27:22 --> crear el consumidor 
2015-01-08 12:27:22 --> se creo el consumidor 29705 
2015-01-08 12:27:22 --> la informacion de la sede es array (
  'S_ID' => '4',
  'S_NOMBRE' => 'OCCIDENTE',
  'S_DESCRIPCION' => 'Sedle para atender los casos de la regional occidente',
  'S_C_ID' => '1',
  'S_CANTIDAD_ENCUESTAS' => '10',
  'S_ACTIVO' => '1',
  'S_LOGO' => '7',
  'S_MUESTRA_VIDEO' => '1',
) 
2015-01-08 12:27:22 --> se va a extraer informacion del area  
2015-01-08 12:27:22 --> la informacion del area es array (
  'AR_ID' => '2',
  'AR_NOMBRE' => 'APORTES',
  'AR_DESCRIPCION' => 'Pensiones Incapacidades Cesantias Cartas FNA',
  'AR_C_ID' => '1',
  'AR_ACTIVO' => '1',
  'AR_ALIAS' => 'A',
  'AR_MOSTRAR_NOMBRE_PANTALLA' => '0',
) 
2015-01-08 12:27:22 --> se va a crear el turno 
2015-01-08 12:27:22 --> se creo el turno 5 del area A 

2015-01-08 12:37:19 --> get_areas 1 
2015-01-08 12:37:19 --> buscando areas del cliente 
2015-01-08 12:37:46 --> crear el consumidor 
2015-01-08 12:37:46 --> se creo el consumidor 29707 
2015-01-08 12:37:46 --> la informacion de la sede es array (
  'S_ID' => '4',
  'S_NOMBRE' => 'OCCIDENTE',
  'S_DESCRIPCION' => 'Sedle para atender los casos de la regional occidente',
  'S_C_ID' => '1',
  'S_CANTIDAD_ENCUESTAS' => '10',
  'S_ACTIVO' => '1',
  'S_LOGO' => '7',
  'S_MUESTRA_VIDEO' => '1',
) 
2015-01-08 12:37:46 --> se va a extraer informacion del area  
2015-01-08 12:37:46 --> la informacion del area es array (
  'AR_ID' => '2',
  'AR_NOMBRE' => 'APORTES',
  'AR_DESCRIPCION' => 'Pensiones Incapacidades Cesantias Cartas FNA',
  'AR_C_ID' => '1',
  'AR_ACTIVO' => '1',
  'AR_ALIAS' => 'A',
  'AR_MOSTRAR_NOMBRE_PANTALLA' => '0',
) 
2015-01-08 12:37:46 --> se va a crear el turno 
2015-01-08 12:37:46 --> se creo el turno 6 del area A 

2015-01-08 13:58:27 --> get_areas 1 
2015-01-08 13:58:27 --> buscando areas del cliente 
2015-01-08 13:58:43 --> crear el consumidor 
2015-01-08 13:58:43 --> se creo el consumidor 29712 
2015-01-08 13:58:43 --> la informacion de la sede es array (
  'S_ID' => '4',
  'S_NOMBRE' => 'OCCIDENTE',
  'S_DESCRIPCION' => 'Sedle para atender los casos de la regional occidente',
  'S_C_ID' => '1',
  'S_CANTIDAD_ENCUESTAS' => '10',
  'S_ACTIVO' => '1',
  'S_LOGO' => '7',
  'S_MUESTRA_VIDEO' => '1',
) 
2015-01-08 13:58:43 --> se va a extraer informacion del area  
2015-01-08 13:58:43 --> la informacion del area es array (
  'AR_ID' => '5',
  'AR_NOMBRE' => 'OTROS',
  'AR_DESCRIPCION' => 'Otros',
  'AR_C_ID' => '1',
  'AR_ACTIVO' => '1',
  'AR_ALIAS' => 'O',
  'AR_MOSTRAR_NOMBRE_PANTALLA' => '0',
) 
2015-01-08 13:58:43 --> se va a crear el turno 
2015-01-08 13:58:43 --> se creo el turno 9 del area O 

2015-01-08 14:01:27 --> get_areas 1 
2015-01-08 14:01:27 --> buscando areas del cliente 
2015-01-08 14:01:45 --> crear el consumidor 
2015-01-08 14:01:45 --> se creo el consumidor 29713 
2015-01-08 14:01:45 --> la informacion de la sede es array (
  'S_ID' => '4',
  'S_NOMBRE' => 'OCCIDENTE',
  'S_DESCRIPCION' => 'Sedle para atender los casos de la regional occidente',
  'S_C_ID' => '1',
  'S_CANTIDAD_ENCUESTAS' => '10',
  'S_ACTIVO' => '1',
  'S_LOGO' => '7',
  'S_MUESTRA_VIDEO' => '1',
) 
2015-01-08 14:01:45 --> se va a extraer informacion del area  
2015-01-08 14:01:45 --> la informacion del area es array (
  'AR_ID' => '5',
  'AR_NOMBRE' => 'OTROS',
  'AR_DESCRIPCION' => 'Otros',
  'AR_C_ID' => '1',
  'AR_ACTIVO' => '1',
  'AR_ALIAS' => 'O',
  'AR_MOSTRAR_NOMBRE_PANTALLA' => '0',
) 
2015-01-08 14:01:45 --> se va a crear el turno 
2015-01-08 14:01:45 --> se creo el turno 10 del area O 

2015-01-08 14:07:22 --> get_areas 1 
2015-01-08 14:07:22 --> buscando areas del cliente 
2015-01-08 14:07:36 --> crear el consumidor 
2015-01-08 14:07:36 --> se creo el consumidor 29718 
2015-01-08 14:07:36 --> la informacion de la sede es array (
  'S_ID' => '4',
  'S_NOMBRE' => 'OCCIDENTE',
  'S_DESCRIPCION' => 'Sedle para atender los casos de la regional occidente',
  'S_C_ID' => '1',
  'S_CANTIDAD_ENCUESTAS' => '10',
  'S_ACTIVO' => '1',
  'S_LOGO' => '7',
  'S_MUESTRA_VIDEO' => '1',
) 
2015-01-08 14:07:36 --> se va a extraer informacion del area  
2015-01-08 14:07:36 --> la informacion del area es array (
  'AR_ID' => '5',
  'AR_NOMBRE' => 'OTROS',
  'AR_DESCRIPCION' => 'Otros',
  'AR_C_ID' => '1',
  'AR_ACTIVO' => '1',
  'AR_ALIAS' => 'O',
  'AR_MOSTRAR_NOMBRE_PANTALLA' => '0',
) 
2015-01-08 14:07:36 --> se va a crear el turno 
2015-01-08 14:07:36 --> se creo el turno 11 del area O 

2015-01-08 14:09:15 --> get_areas 1 
2015-01-08 14:09:15 --> buscando areas del cliente 

2015-01-08 14:17:56 --> get_areas 1 
2015-01-08 14:17:56 --> buscando areas del cliente 

2015-01-08 14:26:54 --> get_areas 1 
2015-01-08 14:26:54 --> buscando areas del cliente 
2015-01-08 14:26:57 --> crear el consumidor 
2015-01-08 14:26:57 --> se creo el consumidor 29723 
2015-01-08 14:26:57 --> la informacion de la sede es array (
  'S_ID' => '4',
  'S_NOMBRE' => 'OCCIDENTE',
  'S_DESCRIPCION' => 'Sedle para atender los casos de la regional occidente',
  'S_C_ID' => '1',
  'S_CANTIDAD_ENCUESTAS' => '10',
  'S_ACTIVO' => '1',
  'S_LOGO' => '7',
  'S_MUESTRA_VIDEO' => '1',
) 
2015-01-08 14:26:57 --> se va a extraer informacion del area  
2015-01-08 14:26:57 --> la informacion del area es array (
  'AR_ID' => '5',
  'AR_NOMBRE' => 'OTROS',
  'AR_DESCRIPCION' => 'Otros',
  'AR_C_ID' => '1',
  'AR_ACTIVO' => '1',
  'AR_ALIAS' => 'O',
  'AR_MOSTRAR_NOMBRE_PANTALLA' => '0',
) 
2015-01-08 14:26:57 --> se va a crear el turno 
2015-01-08 14:26:57 --> se creo el turno 12 del area O 

2015-01-08 14:27:55 --> get_areas 1 
2015-01-08 14:27:55 --> buscando areas del cliente 
2015-01-08 14:28:01 --> crear el consumidor 
2015-01-08 14:28:01 --> se creo el consumidor 29724 
2015-01-08 14:28:01 --> la informacion de la sede es array (
  'S_ID' => '4',
  'S_NOMBRE' => 'OCCIDENTE',
  'S_DESCRIPCION' => 'Sedle para atender los casos de la regional occidente',
  'S_C_ID' => '1',
  'S_CANTIDAD_ENCUESTAS' => '10',
  'S_ACTIVO' => '1',
  'S_LOGO' => '7',
  'S_MUESTRA_VIDEO' => '1',
) 
2015-01-08 14:28:01 --> se va a extraer informacion del area  
2015-01-08 14:28:01 --> la informacion del area es array (
  'AR_ID' => '1',
  'AR_NOMBRE' => 'GERENCIA_DEL_SERVICIO',
  'AR_DESCRIPCION' => 'Cartas punto de venta Cartas de renuncia',
  'AR_C_ID' => '1',
  'AR_ACTIVO' => '1',
  'AR_ALIAS' => 'GS',
  'AR_MOSTRAR_NOMBRE_PANTALLA' => '0',
) 
2015-01-08 14:28:01 --> se va a crear el turno 
2015-01-08 14:28:01 --> se creo el turno 6 del area GS 

2015-01-08 14:35:38 --> get_areas 1 
2015-01-08 14:35:38 --> buscando areas del cliente 
2015-01-08 14:35:53 --> crear el consumidor 
2015-01-08 14:35:53 --> se creo el consumidor 29726 
2015-01-08 14:35:53 --> la informacion de la sede es array (
  'S_ID' => '4',
  'S_NOMBRE' => 'OCCIDENTE',
  'S_DESCRIPCION' => 'Sedle para atender los casos de la regional occidente',
  'S_C_ID' => '1',
  'S_CANTIDAD_ENCUESTAS' => '10',
  'S_ACTIVO' => '1',
  'S_LOGO' => '7',
  'S_MUESTRA_VIDEO' => '1',
) 
2015-01-08 14:35:53 --> se va a extraer informacion del area  
2015-01-08 14:35:53 --> la informacion del area es array (
  'AR_ID' => '1',
  'AR_NOMBRE' => 'GERENCIA_DEL_SERVICIO',
  'AR_DESCRIPCION' => 'Cartas punto de venta Cartas de renuncia',
  'AR_C_ID' => '1',
  'AR_ACTIVO' => '1',
  'AR_ALIAS' => 'GS',
  'AR_MOSTRAR_NOMBRE_PANTALLA' => '0',
) 
2015-01-08 14:35:53 --> se va a crear el turno 
2015-01-08 14:35:53 --> se creo el turno 7 del area GS 

2015-01-08 14:40:49 --> get_areas 1 
2015-01-08 14:40:49 --> buscando areas del cliente 
2015-01-08 14:41:07 --> crear el consumidor 
2015-01-08 14:41:07 --> se creo el consumidor 29727 
2015-01-08 14:41:07 --> la informacion de la sede es array (
  'S_ID' => '4',
  'S_NOMBRE' => 'OCCIDENTE',
  'S_DESCRIPCION' => 'Sedle para atender los casos de la regional occidente',
  'S_C_ID' => '1',
  'S_CANTIDAD_ENCUESTAS' => '10',
  'S_ACTIVO' => '1',
  'S_LOGO' => '7',
  'S_MUESTRA_VIDEO' => '1',
) 
2015-01-08 14:41:07 --> se va a extraer informacion del area  
2015-01-08 14:41:07 --> la informacion del area es array (
  'AR_ID' => '2',
  'AR_NOMBRE' => 'APORTES',
  'AR_DESCRIPCION' => 'Pensiones Incapacidades Cesantias Cartas FNA',
  'AR_C_ID' => '1',
  'AR_ACTIVO' => '1',
  'AR_ALIAS' => 'A',
  'AR_MOSTRAR_NOMBRE_PANTALLA' => '0',
) 
2015-01-08 14:41:07 --> se va a crear el turno 
2015-01-08 14:41:07 --> se creo el turno 7 del area A 

2015-01-08 14:46:01 --> get_areas 1 
2015-01-08 14:46:01 --> buscando areas del cliente 
2015-01-08 14:46:21 --> crear el consumidor 
2015-01-08 14:46:21 --> se creo el consumidor 29731 
2015-01-08 14:46:21 --> la informacion de la sede es array (
  'S_ID' => '4',
  'S_NOMBRE' => 'OCCIDENTE',
  'S_DESCRIPCION' => 'Sedle para atender los casos de la regional occidente',
  'S_C_ID' => '1',
  'S_CANTIDAD_ENCUESTAS' => '10',
  'S_ACTIVO' => '1',
  'S_LOGO' => '7',
  'S_MUESTRA_VIDEO' => '1',
) 
2015-01-08 14:46:21 --> se va a extraer informacion del area  
2015-01-08 14:46:21 --> la informacion del area es array (
  'AR_ID' => '1',
  'AR_NOMBRE' => 'GERENCIA_DEL_SERVICIO',
  'AR_DESCRIPCION' => 'Cartas punto de venta Cartas de renuncia',
  'AR_C_ID' => '1',
  'AR_ACTIVO' => '1',
  'AR_ALIAS' => 'GS',
  'AR_MOSTRAR_NOMBRE_PANTALLA' => '0',
) 
2015-01-08 14:46:21 --> se va a crear el turno 
2015-01-08 14:46:21 --> se creo el turno 8 del area GS 

2015-01-08 14:54:54 --> get_areas 1 
2015-01-08 14:54:54 --> buscando areas del cliente 
2015-01-08 14:55:20 --> crear el consumidor 
2015-01-08 14:55:20 --> se creo el consumidor 29734 
2015-01-08 14:55:20 --> la informacion de la sede es array (
  'S_ID' => '4',
  'S_NOMBRE' => 'OCCIDENTE',
  'S_DESCRIPCION' => 'Sedle para atender los casos de la regional occidente',
  'S_C_ID' => '1',
  'S_CANTIDAD_ENCUESTAS' => '10',
  'S_ACTIVO' => '1',
  'S_LOGO' => '7',
  'S_MUESTRA_VIDEO' => '1',
) 
2015-01-08 14:55:20 --> se va a extraer informacion del area  
2015-01-08 14:55:20 --> la informacion del area es array (
  'AR_ID' => '5',
  'AR_NOMBRE' => 'OTROS',
  'AR_DESCRIPCION' => 'Otros',
  'AR_C_ID' => '1',
  'AR_ACTIVO' => '1',
  'AR_ALIAS' => 'O',
  'AR_MOSTRAR_NOMBRE_PANTALLA' => '0',
) 
2015-01-08 14:55:20 --> se va a crear el turno 
2015-01-08 14:55:20 --> se creo el turno 13 del area O 

2015-01-08 14:56:07 --> get_areas 1 
2015-01-08 14:56:07 --> buscando areas del cliente 
2015-01-08 14:56:27 --> crear el consumidor 
2015-01-08 14:56:27 --> se creo el consumidor 29735 
2015-01-08 14:56:27 --> la informacion de la sede es array (
  'S_ID' => '4',
  'S_NOMBRE' => 'OCCIDENTE',
  'S_DESCRIPCION' => 'Sedle para atender los casos de la regional occidente',
  'S_C_ID' => '1',
  'S_CANTIDAD_ENCUESTAS' => '10',
  'S_ACTIVO' => '1',
  'S_LOGO' => '7',
  'S_MUESTRA_VIDEO' => '1',
) 
2015-01-08 14:56:27 --> se va a extraer informacion del area  
2015-01-08 14:56:27 --> la informacion del area es array (
  'AR_ID' => '5',
  'AR_NOMBRE' => 'OTROS',
  'AR_DESCRIPCION' => 'Otros',
  'AR_C_ID' => '1',
  'AR_ACTIVO' => '1',
  'AR_ALIAS' => 'O',
  'AR_MOSTRAR_NOMBRE_PANTALLA' => '0',
) 
2015-01-08 14:56:27 --> se va a crear el turno 
2015-01-08 14:56:27 --> se creo el turno 14 del area O 

2015-01-08 14:57:18 --> get_areas 1 
2015-01-08 14:57:18 --> buscando areas del cliente 

2015-01-08 15:02:30 --> get_areas 1 
2015-01-08 15:02:30 --> buscando areas del cliente 
2015-01-08 15:02:43 --> crear el consumidor 
2015-01-08 15:02:43 --> se creo el consumidor 29741 
2015-01-08 15:02:43 --> la informacion de la sede es array (
  'S_ID' => '4',
  'S_NOMBRE' => 'OCCIDENTE',
  'S_DESCRIPCION' => 'Sedle para atender los casos de la regional occidente',
  'S_C_ID' => '1',
  'S_CANTIDAD_ENCUESTAS' => '10',
  'S_ACTIVO' => '1',
  'S_LOGO' => '7',
  'S_MUESTRA_VIDEO' => '1',
) 
2015-01-08 15:02:43 --> se va a extraer informacion del area  
2015-01-08 15:02:43 --> la informacion del area es array (
  'AR_ID' => '1',
  'AR_NOMBRE' => 'GERENCIA_DEL_SERVICIO',
  'AR_DESCRIPCION' => 'Cartas punto de venta Cartas de renuncia',
  'AR_C_ID' => '1',
  'AR_ACTIVO' => '1',
  'AR_ALIAS' => 'GS',
  'AR_MOSTRAR_NOMBRE_PANTALLA' => '0',
) 
2015-01-08 15:02:43 --> se va a crear el turno 
2015-01-08 15:02:43 --> se creo el turno 9 del area GS 

2015-01-08 15:19:44 --> get_areas 1 
2015-01-08 15:19:44 --> buscando areas del cliente 
2015-01-08 15:19:55 --> crear el consumidor 
2015-01-08 15:19:55 --> se creo el consumidor 29748 
2015-01-08 15:19:55 --> la informacion de la sede es array (
  'S_ID' => '4',
  'S_NOMBRE' => 'OCCIDENTE',
  'S_DESCRIPCION' => 'Sedle para atender los casos de la regional occidente',
  'S_C_ID' => '1',
  'S_CANTIDAD_ENCUESTAS' => '10',
  'S_ACTIVO' => '1',
  'S_LOGO' => '7',
  'S_MUESTRA_VIDEO' => '1',
) 
2015-01-08 15:19:55 --> se va a extraer informacion del area  
2015-01-08 15:19:55 --> la informacion del area es array (
  'AR_ID' => '5',
  'AR_NOMBRE' => 'OTROS',
  'AR_DESCRIPCION' => 'Otros',
  'AR_C_ID' => '1',
  'AR_ACTIVO' => '1',
  'AR_ALIAS' => 'O',
  'AR_MOSTRAR_NOMBRE_PANTALLA' => '0',
) 
2015-01-08 15:19:55 --> se va a crear el turno 
2015-01-08 15:19:55 --> se creo el turno 15 del area O 

2015-01-08 15:20:48 --> get_areas 1 
2015-01-08 15:20:48 --> buscando areas del cliente 
2015-01-08 15:21:17 --> crear el consumidor 
2015-01-08 15:21:17 --> se creo el consumidor 29749 
2015-01-08 15:21:17 --> la informacion de la sede es array (
  'S_ID' => '4',
  'S_NOMBRE' => 'OCCIDENTE',
  'S_DESCRIPCION' => 'Sedle para atender los casos de la regional occidente',
  'S_C_ID' => '1',
  'S_CANTIDAD_ENCUESTAS' => '10',
  'S_ACTIVO' => '1',
  'S_LOGO' => '7',
  'S_MUESTRA_VIDEO' => '1',
) 
2015-01-08 15:21:17 --> se va a extraer informacion del area  
2015-01-08 15:21:17 --> la informacion del area es array (
  'AR_ID' => '3',
  'AR_NOMBRE' => 'SEGUIMIENTO_AL_SERVICIO',
  'AR_DESCRIPCION' => 'SQR certificados especiales claves portal web',
  'AR_C_ID' => '1',
  'AR_ACTIVO' => '1',
  'AR_ALIAS' => 'SAS',
  'AR_MOSTRAR_NOMBRE_PANTALLA' => '0',
) 
2015-01-08 15:21:17 --> se va a crear el turno 
2015-01-08 15:21:17 --> se creo el turno 4 del area SAS 

2015-01-08 15:26:08 --> get_areas 1 
2015-01-08 15:26:08 --> buscando areas del cliente 
2015-01-08 15:26:25 --> crear el consumidor 
2015-01-08 15:26:25 --> se creo el consumidor 29752 
2015-01-08 15:26:25 --> la informacion de la sede es array (
  'S_ID' => '4',
  'S_NOMBRE' => 'OCCIDENTE',
  'S_DESCRIPCION' => 'Sedle para atender los casos de la regional occidente',
  'S_C_ID' => '1',
  'S_CANTIDAD_ENCUESTAS' => '10',
  'S_ACTIVO' => '1',
  'S_LOGO' => '7',
  'S_MUESTRA_VIDEO' => '1',
) 
2015-01-08 15:26:25 --> se va a extraer informacion del area  
2015-01-08 15:26:25 --> la informacion del area es array (
  'AR_ID' => '5',
  'AR_NOMBRE' => 'OTROS',
  'AR_DESCRIPCION' => 'Otros',
  'AR_C_ID' => '1',
  'AR_ACTIVO' => '1',
  'AR_ALIAS' => 'O',
  'AR_MOSTRAR_NOMBRE_PANTALLA' => '0',
) 
2015-01-08 15:26:25 --> se va a crear el turno 
2015-01-08 15:26:25 --> se creo el turno 16 del area O 

2015-01-08 15:27:14 --> get_areas 1 
2015-01-08 15:27:14 --> buscando areas del cliente 
2015-01-08 15:27:17 --> crear el consumidor 
2015-01-08 15:27:17 --> se creo el consumidor 29753 
2015-01-08 15:27:17 --> la informacion de la sede es array (
  'S_ID' => '4',
  'S_NOMBRE' => 'OCCIDENTE',
  'S_DESCRIPCION' => 'Sedle para atender los casos de la regional occidente',
  'S_C_ID' => '1',
  'S_CANTIDAD_ENCUESTAS' => '10',
  'S_ACTIVO' => '1',
  'S_LOGO' => '7',
  'S_MUESTRA_VIDEO' => '1',
) 
2015-01-08 15:27:17 --> se va a extraer informacion del area  
2015-01-08 15:27:17 --> la informacion del area es array (
  'AR_ID' => '5',
  'AR_NOMBRE' => 'OTROS',
  'AR_DESCRIPCION' => 'Otros',
  'AR_C_ID' => '1',
  'AR_ACTIVO' => '1',
  'AR_ALIAS' => 'O',
  'AR_MOSTRAR_NOMBRE_PANTALLA' => '0',
) 
2015-01-08 15:27:17 --> se va a crear el turno 
2015-01-08 15:27:17 --> se creo el turno 17 del area O 

2015-01-08 15:28:00 --> get_areas 1 
2015-01-08 15:28:00 --> buscando areas del cliente 
2015-01-08 15:28:10 --> crear el consumidor 
2015-01-08 15:28:10 --> se creo el consumidor 29755 
2015-01-08 15:28:10 --> la informacion de la sede es array (
  'S_ID' => '4',
  'S_NOMBRE' => 'OCCIDENTE',
  'S_DESCRIPCION' => 'Sedle para atender los casos de la regional occidente',
  'S_C_ID' => '1',
  'S_CANTIDAD_ENCUESTAS' => '10',
  'S_ACTIVO' => '1',
  'S_LOGO' => '7',
  'S_MUESTRA_VIDEO' => '1',
) 
2015-01-08 15:28:10 --> se va a extraer informacion del area  
2015-01-08 15:28:10 --> la informacion del area es array (
  'AR_ID' => '5',
  'AR_NOMBRE' => 'OTROS',
  'AR_DESCRIPCION' => 'Otros',
  'AR_C_ID' => '1',
  'AR_ACTIVO' => '1',
  'AR_ALIAS' => 'O',
  'AR_MOSTRAR_NOMBRE_PANTALLA' => '0',
) 
2015-01-08 15:28:10 --> se va a crear el turno 
2015-01-08 15:28:10 --> se creo el turno 18 del area O 

2015-01-08 15:40:49 --> get_areas 1 
2015-01-08 15:40:49 --> buscando areas del cliente 
2015-01-08 15:41:00 --> crear el consumidor 
2015-01-08 15:41:00 --> se creo el consumidor 29759 
2015-01-08 15:41:00 --> la informacion de la sede es array (
  'S_ID' => '4',
  'S_NOMBRE' => 'OCCIDENTE',
  'S_DESCRIPCION' => 'Sedle para atender los casos de la regional occidente',
  'S_C_ID' => '1',
  'S_CANTIDAD_ENCUESTAS' => '10',
  'S_ACTIVO' => '1',
  'S_LOGO' => '7',
  'S_MUESTRA_VIDEO' => '1',
) 
2015-01-08 15:41:00 --> se va a extraer informacion del area  
2015-01-08 15:41:00 --> la informacion del area es array (
  'AR_ID' => '5',
  'AR_NOMBRE' => 'OTROS',
  'AR_DESCRIPCION' => 'Otros',
  'AR_C_ID' => '1',
  'AR_ACTIVO' => '1',
  'AR_ALIAS' => 'O',
  'AR_MOSTRAR_NOMBRE_PANTALLA' => '0',
) 
2015-01-08 15:41:00 --> se va a crear el turno 
2015-01-08 15:41:00 --> se creo el turno 19 del area O 

2015-01-08 15:45:13 --> get_areas 1 
2015-01-08 15:45:13 --> buscando areas del cliente 

2015-01-08 15:54:15 --> get_areas 1 
2015-01-08 15:54:15 --> buscando areas del cliente 
2015-01-08 15:54:33 --> crear el consumidor 
2015-01-08 15:54:33 --> se creo el consumidor 29764 
2015-01-08 15:54:33 --> la informacion de la sede es array (
  'S_ID' => '4',
  'S_NOMBRE' => 'OCCIDENTE',
  'S_DESCRIPCION' => 'Sedle para atender los casos de la regional occidente',
  'S_C_ID' => '1',
  'S_CANTIDAD_ENCUESTAS' => '10',
  'S_ACTIVO' => '1',
  'S_LOGO' => '7',
  'S_MUESTRA_VIDEO' => '1',
) 
2015-01-08 15:54:33 --> se va a extraer informacion del area  
2015-01-08 15:54:33 --> la informacion del area es array (
  'AR_ID' => '5',
  'AR_NOMBRE' => 'OTROS',
  'AR_DESCRIPCION' => 'Otros',
  'AR_C_ID' => '1',
  'AR_ACTIVO' => '1',
  'AR_ALIAS' => 'O',
  'AR_MOSTRAR_NOMBRE_PANTALLA' => '0',
) 
2015-01-08 15:54:33 --> se va a crear el turno 
2015-01-08 15:54:33 --> se creo el turno 20 del area O 

2015-01-08 16:19:39 --> get_areas 1 
2015-01-08 16:19:39 --> buscando areas del cliente 
2015-01-08 16:19:51 --> crear el consumidor 
2015-01-08 16:19:51 --> se creo el consumidor 29774 
2015-01-08 16:19:51 --> la informacion de la sede es array (
  'S_ID' => '4',
  'S_NOMBRE' => 'OCCIDENTE',
  'S_DESCRIPCION' => 'Sedle para atender los casos de la regional occidente',
  'S_C_ID' => '1',
  'S_CANTIDAD_ENCUESTAS' => '10',
  'S_ACTIVO' => '1',
  'S_LOGO' => '7',
  'S_MUESTRA_VIDEO' => '1',
) 
2015-01-08 16:19:51 --> se va a extraer informacion del area  
2015-01-08 16:19:51 --> la informacion del area es array (
  'AR_ID' => '3',
  'AR_NOMBRE' => 'SEGUIMIENTO_AL_SERVICIO',
  'AR_DESCRIPCION' => 'SQR certificados especiales claves portal web',
  'AR_C_ID' => '1',
  'AR_ACTIVO' => '1',
  'AR_ALIAS' => 'SAS',
  'AR_MOSTRAR_NOMBRE_PANTALLA' => '0',
) 
2015-01-08 16:19:51 --> se va a crear el turno 
2015-01-08 16:19:51 --> se creo el turno 5 del area SAS 

2015-01-08 16:23:36 --> get_areas 1 
2015-01-08 16:23:36 --> buscando areas del cliente 
